Linux 5.4.1-050401-lowlatency (kanwu-Super-Server) 	09/11/2020 	_x86_64_	(32 CPU)

avg-cpu:  %user   %nice %system %iowait  %steal   %idle
           1.87    0.00    2.94    1.57    0.00   93.63

Device            r/s     w/s     rMB/s     wMB/s   rrqm/s   wrqm/s  %rrqm  %wrqm r_await w_await aqu-sz rareq-sz wareq-sz  svctm  %util
nvme1n1       13831.21 5885.66    864.42    365.32     0.00     0.00   0.00   0.00    0.40    0.46   0.08    64.00    63.56   0.03  63.47
nvme0n1       7878.37   30.45    492.36      1.87     0.00     0.00   0.00   0.00    0.20    0.29   0.00    64.00    63.00   0.05  38.47
cas1-1        1830.43 1828.92    114.40    114.31     0.00     0.00   0.00   0.00    0.43    0.54   0.01    64.00    64.00   0.03  11.21

avg-cpu:  %user   %nice %system %iowait  %steal   %idle
           0.00    0.00    0.03    0.75    0.00   99.22

Device            r/s     w/s     rMB/s     wMB/s   rrqm/s   wrqm/s  %rrqm  %wrqm r_await w_await aqu-sz rareq-sz wareq-sz  svctm  %util
nvme1n1          0.00    0.00      0.00      0.00     0.00     0.00   0.00   0.00    0.00    0.00   0.00     0.00     0.00   0.00   0.00
nvme0n1          0.00    0.00      0.00      0.00     0.00     0.00   0.00   0.00    0.00    0.00   0.00     0.00     0.00   0.00   0.00
cas1-1           0.00    0.00      0.00      0.00     0.00     0.00   0.00   0.00    0.00    0.00   0.00     0.00     0.00   0.00   0.00

avg-cpu:  %user   %nice %system %iowait  %steal   %idle
           0.00    0.00    0.00    0.84    0.00   99.16

Device            r/s     w/s     rMB/s     wMB/s   rrqm/s   wrqm/s  %rrqm  %wrqm r_await w_await aqu-sz rareq-sz wareq-sz  svctm  %util
nvme1n1          0.00    0.00      0.00      0.00     0.00     0.00   0.00   0.00    0.00    0.00   0.00     0.00     0.00   0.00   0.00
nvme0n1          0.00    0.00      0.00      0.00     0.00     0.00   0.00   0.00    0.00    0.00   0.00     0.00     0.00   0.00   0.00
cas1-1           0.00    0.00      0.00      0.00     0.00     0.00   0.00   0.00    0.00    0.00   0.00     0.00     0.00   0.00   0.00

avg-cpu:  %user   %nice %system %iowait  %steal   %idle
           0.03    0.00    0.13    1.13    0.00   98.72

Device            r/s     w/s     rMB/s     wMB/s   rrqm/s   wrqm/s  %rrqm  %wrqm r_await w_await aqu-sz rareq-sz wareq-sz  svctm  %util
nvme1n1          0.00    0.00      0.00      0.00     0.00     0.00   0.00   0.00    0.00    0.00   0.00     0.00     0.00   0.00   0.00
nvme0n1          0.00    0.00      0.00      0.00     0.00     0.00   0.00   0.00    0.00    0.00   0.00     0.00     0.00   0.00   0.00
cas1-1           0.00    0.00      0.00      0.00     0.00     0.00   0.00   0.00    0.00    0.00   0.00     0.00     0.00   0.00   0.00

avg-cpu:  %user   %nice %system %iowait  %steal   %idle
           0.16    0.00    0.47    1.06    0.00   98.31

Device            r/s     w/s     rMB/s     wMB/s   rrqm/s   wrqm/s  %rrqm  %wrqm r_await w_await aqu-sz rareq-sz wareq-sz  svctm  %util
nvme1n1       3312.00 3295.00    205.89    149.94     0.00     0.00   0.00   0.00    0.83    0.90   3.45    63.66    46.60   0.04  28.00
nvme0n1         44.00 3329.00      1.04    204.81     0.00     0.00   0.00   0.00    0.09    0.29   0.24    24.18    63.00   0.06  19.00
cas1-1        18446744073708554240.00 18446744073708554240.00 9007199254678469.00 9007199254678516.00     0.00     0.00   0.00   0.00    0.00    0.00 4294963.38     0.50     0.50   0.00 429490606.20

avg-cpu:  %user   %nice %system %iowait  %steal   %idle
           0.22    0.00    0.09    1.00    0.00   98.69

Device            r/s     w/s     rMB/s     wMB/s   rrqm/s   wrqm/s  %rrqm  %wrqm r_await w_await aqu-sz rareq-sz wareq-sz  svctm  %util
nvme1n1          0.00    0.00      0.00      0.00     0.00     0.00   0.00   0.00    0.00    0.00   0.00     0.00     0.00   0.00   0.00
nvme0n1          0.00    0.00      0.00      0.00     0.00     0.00   0.00   0.00    0.00    0.00   0.00     0.00     0.00   0.00   0.00
cas1-1           0.00    0.00      0.00      0.00     0.00     0.00   0.00   0.00    0.00    0.00   0.00     0.00     0.00   0.00   0.00

avg-cpu:  %user   %nice %system %iowait  %steal   %idle
           0.79    0.00    3.90    0.28    0.00   95.03

Device            r/s     w/s     rMB/s     wMB/s   rrqm/s   wrqm/s  %rrqm  %wrqm r_await w_await aqu-sz rareq-sz wareq-sz  svctm  %util
nvme1n1       4923.00 23075.00    307.69   1254.63     0.00     0.00   0.00   0.00    0.66    0.68   0.43    64.00    55.68   0.03  95.30
nvme0n1       7511.00    0.00    469.44      0.00     0.00     0.00   0.00   0.00    0.14    0.00   0.20    64.00     0.00   0.13  95.30
cas1-1        12436.00 12369.00    777.25    773.06     0.00     0.00   0.00   0.00    0.36    0.87   3.54    64.00    64.00   0.04  95.30

avg-cpu:  %user   %nice %system %iowait  %steal   %idle
           0.75    0.00    3.92    0.00    0.00   95.32

Device            r/s     w/s     rMB/s     wMB/s   rrqm/s   wrqm/s  %rrqm  %wrqm r_await w_await aqu-sz rareq-sz wareq-sz  svctm  %util
nvme1n1       10839.00 18172.00    677.44   1131.30     0.00     0.00   0.00   0.00    0.59    0.60   0.00    64.00    63.75   0.03 100.00
nvme0n1       3562.00    0.00    222.62      0.00     0.00     0.00   0.00   0.00    0.11    0.00   0.00    64.00     0.00   0.27  97.20
cas1-1        14401.00 14531.00    900.06    908.19     0.00     0.00   0.00   0.00    0.47    0.62   0.10    64.00    64.00   0.03 100.00

avg-cpu:  %user   %nice %system %iowait  %steal   %idle
           0.69    0.00    3.84    0.00    0.00   95.47

Device            r/s     w/s     rMB/s     wMB/s   rrqm/s   wrqm/s  %rrqm  %wrqm r_await w_await aqu-sz rareq-sz wareq-sz  svctm  %util
nvme1n1       13429.00 16309.00    839.31   1019.31     0.00     0.00   0.00   0.00    0.54    0.56   0.00    64.00    64.00   0.03 100.00
nvme0n1       1519.00    0.00     94.94      0.00     0.00     0.00   0.00   0.00    0.11    0.00   0.00    64.00     0.00   0.52  78.90
cas1-1        14948.00 14790.00    934.25    924.38     0.00     0.00   0.00   0.00    0.50    0.57   0.01    64.00    64.00   0.03 100.10

avg-cpu:  %user   %nice %system %iowait  %steal   %idle
           0.72    0.00    3.92    0.00    0.00   95.36

Device            r/s     w/s     rMB/s     wMB/s   rrqm/s   wrqm/s  %rrqm  %wrqm r_await w_await aqu-sz rareq-sz wareq-sz  svctm  %util
nvme1n1       14349.00 15340.00    896.81    958.75     0.00     0.00   0.00   0.00    0.52    0.54   0.00    64.00    64.00   0.03 100.00
nvme0n1        624.00    0.00     39.00      0.00     0.00     0.00   0.00   0.00    0.10    0.00   0.00    64.00     0.00   0.78  48.80
cas1-1        14973.00 14715.00    935.81    919.69     0.00     0.00   0.00   0.00    0.51    0.55   0.01    64.00    64.00   0.03 100.00

avg-cpu:  %user   %nice %system %iowait  %steal   %idle
           0.78    0.00    3.83    0.09    0.00   95.29

Device            r/s     w/s     rMB/s     wMB/s   rrqm/s   wrqm/s  %rrqm  %wrqm r_await w_await aqu-sz rareq-sz wareq-sz  svctm  %util
nvme1n1       14664.00 15280.00    916.50    955.00     0.00     0.00   0.00   0.00    0.51    0.53   0.00    64.00    64.00   0.03 100.00
nvme0n1        251.00    0.00     15.69      0.00     0.00     0.00   0.00   0.00    0.10    0.00   0.00    64.00     0.00   0.92  23.20
cas1-1        14915.00 15029.00    932.19    939.31     0.00     0.00   0.00   0.00    0.51    0.54   0.00    64.00    64.00   0.03 100.00

avg-cpu:  %user   %nice %system %iowait  %steal   %idle
           0.69    0.00    3.89    0.00    0.00   95.42

Device            r/s     w/s     rMB/s     wMB/s   rrqm/s   wrqm/s  %rrqm  %wrqm r_await w_await aqu-sz rareq-sz wareq-sz  svctm  %util
nvme1n1       14884.00 15079.00    930.25    942.44     0.00     0.00   0.00   0.00    0.51    0.53   0.00    64.00    64.00   0.03 100.00
nvme0n1         96.00    0.00      6.00      0.00     0.00     0.00   0.00   0.00    0.10    0.00   0.00    64.00     0.00   1.06  10.20
cas1-1        14980.00 14983.00    936.25    936.44     0.00     0.00   0.00   0.00    0.51    0.54   0.01    64.00    64.00   0.03 100.00

avg-cpu:  %user   %nice %system %iowait  %steal   %idle
           0.75    0.00    3.74    0.00    0.00   95.51

Device            r/s     w/s     rMB/s     wMB/s   rrqm/s   wrqm/s  %rrqm  %wrqm r_await w_await aqu-sz rareq-sz wareq-sz  svctm  %util
nvme1n1       14856.00 14955.00    928.50    934.69     0.00     0.00   0.00   0.00    0.51    0.53   0.00    64.00    64.00   0.03 100.10
nvme0n1         41.00    0.00      2.56      0.00     0.00     0.00   0.00   0.00    0.17    0.00   0.00    64.00     0.00   1.07   4.40
cas1-1        14897.00 14913.00    931.06    932.06     0.00     0.00   0.00   0.00    0.52    0.54   0.01    64.00    64.00   0.03 100.00

avg-cpu:  %user   %nice %system %iowait  %steal   %idle
           1.29    0.00    3.77    0.00    0.00   94.94

Device            r/s     w/s     rMB/s     wMB/s   rrqm/s   wrqm/s  %rrqm  %wrqm r_await w_await aqu-sz rareq-sz wareq-sz  svctm  %util
nvme1n1       15103.00 15018.00    943.94    938.62     0.00     0.00   0.00   0.00    0.51    0.53   0.00    64.00    64.00   0.03 100.00
nvme0n1          9.00    0.00      0.56      0.00     0.00     0.00   0.00   0.00    1.22    0.00   0.01    64.00     0.00   1.44   1.30
cas1-1        15113.00 15010.00    944.56    938.12     0.00     0.00   0.00   0.00    0.51    0.54   0.02    64.00    64.00   0.03 100.00

avg-cpu:  %user   %nice %system %iowait  %steal   %idle
           0.69    0.00    3.86    0.00    0.00   95.45

Device            r/s     w/s     rMB/s     wMB/s   rrqm/s   wrqm/s  %rrqm  %wrqm r_await w_await aqu-sz rareq-sz wareq-sz  svctm  %util
nvme1n1       14948.00 15000.00    934.25    937.50     0.00     0.00   0.00   0.00    0.51    0.53   0.00    64.00    64.00   0.03 100.00
nvme0n1          5.00    0.00      0.31      0.00     0.00     0.00   0.00   0.00    1.00    0.00   0.00    64.00     0.00   1.40   0.70
cas1-1        14952.00 14994.00    934.50    937.12     0.00     0.00   0.00   0.00    0.52    0.54   0.01    64.00    64.00   0.03 100.00

avg-cpu:  %user   %nice %system %iowait  %steal   %idle
           0.79    0.00    3.71    0.09    0.00   95.41

Device            r/s     w/s     rMB/s     wMB/s   rrqm/s   wrqm/s  %rrqm  %wrqm r_await w_await aqu-sz rareq-sz wareq-sz  svctm  %util
nvme1n1       14993.00 14903.00    937.06    931.44     0.00     0.00   0.00   0.00    0.51    0.53   0.00    64.00    64.00   0.03 100.00
nvme0n1          2.00    0.00      0.12      0.00     0.00     0.00   0.00   0.00    8.00    0.00   0.01    64.00     0.00   2.00   0.40
cas1-1        14996.00 14901.00    937.25    931.31     0.00     0.00   0.00   0.00    0.52    0.54   0.02    64.00    64.00   0.03 100.00

avg-cpu:  %user   %nice %system %iowait  %steal   %idle
           0.69    0.00    3.86    0.00    0.00   95.45

Device            r/s     w/s     rMB/s     wMB/s   rrqm/s   wrqm/s  %rrqm  %wrqm r_await w_await aqu-sz rareq-sz wareq-sz  svctm  %util
nvme1n1       15035.00 15071.00    939.69    941.94     0.00     0.00   0.00   0.00    0.51    0.53   0.00    64.00    64.00   0.03 100.00
nvme0n1          1.00    0.00      0.06      0.00     0.00     0.00   0.00   0.00    3.00    0.00   0.00    64.00     0.00   2.00   0.20
cas1-1        15034.00 15072.00    939.62    942.00     0.00     0.00   0.00   0.00    0.51    0.54   0.01    64.00    64.00   0.03 100.00

avg-cpu:  %user   %nice %system %iowait  %steal   %idle
           0.69    0.00    3.89    0.00    0.00   95.42

Device            r/s     w/s     rMB/s     wMB/s   rrqm/s   wrqm/s  %rrqm  %wrqm r_await w_await aqu-sz rareq-sz wareq-sz  svctm  %util
nvme1n1       15016.00 15099.00    938.50    943.69     0.00     0.00   0.00   0.00    0.51    0.53   0.00    64.00    64.00   0.03 100.00
nvme0n1          1.00    0.00      0.06      0.00     0.00     0.00   0.00   0.00   13.00    0.00   0.01    64.00     0.00   2.00   0.20
cas1-1        15016.00 15099.00    938.50    943.69     0.00     0.00   0.00   0.00    0.51    0.54   0.01    64.00    64.00   0.03 100.00

avg-cpu:  %user   %nice %system %iowait  %steal   %idle
           0.66    0.00    4.01    0.00    0.00   95.33

Device            r/s     w/s     rMB/s     wMB/s   rrqm/s   wrqm/s  %rrqm  %wrqm r_await w_await aqu-sz rareq-sz wareq-sz  svctm  %util
nvme1n1       15004.00 15094.00    937.75    943.38     0.00     0.00   0.00   0.00    0.51    0.53   0.00    64.00    64.00   0.03 100.00
nvme0n1          0.00    0.00      0.00      0.00     0.00     0.00   0.00   0.00    0.00    0.00   0.00     0.00     0.00   0.00   0.00
cas1-1        15004.00 15093.00    937.75    943.31     0.00     0.00   0.00   0.00    0.51    0.54   0.00    64.00    64.00   0.03 100.00

avg-cpu:  %user   %nice %system %iowait  %steal   %idle
           0.78    0.00    3.77    0.00    0.00   95.45

Device            r/s     w/s     rMB/s     wMB/s   rrqm/s   wrqm/s  %rrqm  %wrqm r_await w_await aqu-sz rareq-sz wareq-sz  svctm  %util
nvme1n1       14968.00 15051.00    935.56    940.69     0.00     0.00   0.00   0.00    0.51    0.53   0.00    64.00    64.00   0.03 100.00
nvme0n1          0.00    0.00      0.00      0.00     0.00     0.00   0.00   0.00    0.00    0.00   0.00     0.00     0.00   0.00   0.00
cas1-1        14972.00 15049.00    935.75    940.56     0.00     0.00   0.00   0.00    0.51    0.54   0.00    64.00    64.00   0.03 100.00

avg-cpu:  %user   %nice %system %iowait  %steal   %idle
           0.72    0.00    3.74    0.00    0.00   95.54

Device            r/s     w/s     rMB/s     wMB/s   rrqm/s   wrqm/s  %rrqm  %wrqm r_await w_await aqu-sz rareq-sz wareq-sz  svctm  %util
nvme1n1       15051.00 15032.00    940.62    939.50     0.00     0.00   0.00   0.00    0.51    0.53   0.00    64.00    64.00   0.03 100.00
nvme0n1          0.00    0.00      0.00      0.00     0.00     0.00   0.00   0.00    0.00    0.00   0.00     0.00     0.00   0.00   0.00
cas1-1        15049.00 15032.00    940.56    939.50     0.00     0.00   0.00   0.00    0.51    0.54   0.00    64.00    64.00   0.03 100.00

avg-cpu:  %user   %nice %system %iowait  %steal   %idle
           0.82    0.00    3.67    0.00    0.00   95.51

Device            r/s     w/s     rMB/s     wMB/s   rrqm/s   wrqm/s  %rrqm  %wrqm r_await w_await aqu-sz rareq-sz wareq-sz  svctm  %util
nvme1n1       15205.00 14910.00    950.31    931.88     0.00     0.00   0.00   0.00    0.51    0.53   0.00    64.00    64.00   0.03 100.00
nvme0n1          0.00    0.00      0.00      0.00     0.00     0.00   0.00   0.00    0.00    0.00   0.00     0.00     0.00   0.00   0.00
cas1-1        15203.00 14912.00    950.19    932.00     0.00     0.00   0.00   0.00    0.51    0.54   0.00    64.00    64.00   0.03 100.00

avg-cpu:  %user   %nice %system %iowait  %steal   %idle
           0.72    0.00    3.95    0.00    0.00   95.33

Device            r/s     w/s     rMB/s     wMB/s   rrqm/s   wrqm/s  %rrqm  %wrqm r_await w_await aqu-sz rareq-sz wareq-sz  svctm  %util
nvme1n1       15020.00 15038.00    938.75    939.88     0.00     0.00   0.00   0.00    0.51    0.53   0.00    64.00    64.00   0.03 100.00
nvme0n1          0.00    0.00      0.00      0.00     0.00     0.00   0.00   0.00    0.00    0.00   0.00     0.00     0.00   0.00   0.00
cas1-1        15021.00 15038.00    938.81    939.88     0.00     0.00   0.00   0.00    0.51    0.54   0.00    64.00    64.00   0.03 100.00

avg-cpu:  %user   %nice %system %iowait  %steal   %idle
           0.69    0.00    3.77    0.00    0.00   95.54

Device            r/s     w/s     rMB/s     wMB/s   rrqm/s   wrqm/s  %rrqm  %wrqm r_await w_await aqu-sz rareq-sz wareq-sz  svctm  %util
nvme1n1       14913.00 15134.00    932.12    945.88     0.00     0.00   0.00   0.00    0.51    0.53   0.00    64.00    64.00   0.03 100.00
nvme0n1          0.00    0.00      0.00      0.00     0.00     0.00   0.00   0.00    0.00    0.00   0.00     0.00     0.00   0.00   0.00
cas1-1        14917.00 15131.00    932.31    945.69     0.00     0.00   0.00   0.00    0.51    0.54   0.00    64.00    64.00   0.03 100.00

avg-cpu:  %user   %nice %system %iowait  %steal   %idle
           0.72    0.00    3.80    0.00    0.00   95.48

Device            r/s     w/s     rMB/s     wMB/s   rrqm/s   wrqm/s  %rrqm  %wrqm r_await w_await aqu-sz rareq-sz wareq-sz  svctm  %util
nvme1n1       14917.00 15092.00    932.25    943.25     0.00     0.00   0.00   0.00    0.51    0.53   0.00    64.00    64.00   0.03 100.00
nvme0n1          0.00    0.00      0.00      0.00     0.00     0.00   0.00   0.00    0.00    0.00   0.00     0.00     0.00   0.00   0.00
cas1-1        14914.00 15094.00    932.12    943.38     0.00     0.00   0.00   0.00    0.51    0.54   0.01    64.00    64.00   0.03 100.00

avg-cpu:  %user   %nice %system %iowait  %steal   %idle
           0.72    0.00    3.77    0.00    0.00   95.51

Device            r/s     w/s     rMB/s     wMB/s   rrqm/s   wrqm/s  %rrqm  %wrqm r_await w_await aqu-sz rareq-sz wareq-sz  svctm  %util
nvme1n1       14744.00 14978.00    921.50    936.12     0.00     0.00   0.00   0.00    0.51    0.53   0.00    64.00    64.00   0.03 100.00
nvme0n1          0.00    0.00      0.00      0.00     0.00     0.00   0.00   0.00    0.00    0.00   0.00     0.00     0.00   0.00   0.00
cas1-1        14745.00 14977.00    921.56    936.06     0.00     0.00   0.00   0.00    0.52    0.54   0.01    64.00    64.00   0.03 100.00

avg-cpu:  %user   %nice %system %iowait  %steal   %idle
           0.69    0.00    3.83    0.00    0.00   95.48

Device            r/s     w/s     rMB/s     wMB/s   rrqm/s   wrqm/s  %rrqm  %wrqm r_await w_await aqu-sz rareq-sz wareq-sz  svctm  %util
nvme1n1       14896.00 14951.00    931.00    934.44     0.00     0.00   0.00   0.00    0.51    0.53   0.00    64.00    64.00   0.03 100.00
nvme0n1          0.00    0.00      0.00      0.00     0.00     0.00   0.00   0.00    0.00    0.00   0.00     0.00     0.00   0.00   0.00
cas1-1        14895.00 14953.00    930.94    934.56     0.00     0.00   0.00   0.00    0.52    0.54   0.00    64.00    64.00   0.03 100.00

avg-cpu:  %user   %nice %system %iowait  %steal   %idle
           0.78    0.00    3.80    0.00    0.00   95.42

Device            r/s     w/s     rMB/s     wMB/s   rrqm/s   wrqm/s  %rrqm  %wrqm r_await w_await aqu-sz rareq-sz wareq-sz  svctm  %util
nvme1n1       15126.00 15031.00    945.38    939.44     0.00     0.00   0.00   0.00    0.51    0.53   0.00    64.00    64.00   0.03 100.00
nvme0n1          0.00    0.00      0.00      0.00     0.00     0.00   0.00   0.00    0.00    0.00   0.00     0.00     0.00   0.00   0.00
cas1-1        15126.00 15030.00    945.38    939.38     0.00     0.00   0.00   0.00    0.51    0.54   0.00    64.00    64.00   0.03 100.00

avg-cpu:  %user   %nice %system %iowait  %steal   %idle
           0.72    0.00    3.77    0.00    0.00   95.51

Device            r/s     w/s     rMB/s     wMB/s   rrqm/s   wrqm/s  %rrqm  %wrqm r_await w_await aqu-sz rareq-sz wareq-sz  svctm  %util
nvme1n1       15240.00 14957.00    952.50    934.81     0.00     0.00   0.00   0.00    0.51    0.53   0.00    64.00    64.00   0.03 100.00
nvme0n1          0.00    0.00      0.00      0.00     0.00     0.00   0.00   0.00    0.00    0.00   0.00     0.00     0.00   0.00   0.00
cas1-1        15241.00 14956.00    952.56    934.75     0.00     0.00   0.00   0.00    0.51    0.53   0.01    64.00    64.00   0.03 100.10

avg-cpu:  %user   %nice %system %iowait  %steal   %idle
           0.75    0.00    3.89    0.00    0.00   95.36

Device            r/s     w/s     rMB/s     wMB/s   rrqm/s   wrqm/s  %rrqm  %wrqm r_await w_await aqu-sz rareq-sz wareq-sz  svctm  %util
nvme1n1       14829.00 15217.00    926.81    951.06     0.00     0.00   0.00   0.00    0.51    0.53   0.00    64.00    64.00   0.03 100.00
nvme0n1          0.00    0.00      0.00      0.00     0.00     0.00   0.00   0.00    0.00    0.00   0.00     0.00     0.00   0.00   0.00
cas1-1        14826.00 15217.00    926.62    951.06     0.00     0.00   0.00   0.00    0.51    0.54   0.00    64.00    64.00   0.03 100.00

avg-cpu:  %user   %nice %system %iowait  %steal   %idle
           0.69    0.00    3.77    0.00    0.00   95.54

Device            r/s     w/s     rMB/s     wMB/s   rrqm/s   wrqm/s  %rrqm  %wrqm r_await w_await aqu-sz rareq-sz wareq-sz  svctm  %util
nvme1n1       14879.00 15119.00    929.94    944.94     0.00     0.00   0.00   0.00    0.51    0.53   0.00    64.00    64.00   0.03 100.10
nvme0n1          0.00    0.00      0.00      0.00     0.00     0.00   0.00   0.00    0.00    0.00   0.00     0.00     0.00   0.00   0.00
cas1-1        14882.00 15119.00    930.12    944.94     0.00     0.00   0.00   0.00    0.51    0.54   0.01    64.00    64.00   0.03 100.00

avg-cpu:  %user   %nice %system %iowait  %steal   %idle
           0.75    0.00    3.77    0.00    0.00   95.48

Device            r/s     w/s     rMB/s     wMB/s   rrqm/s   wrqm/s  %rrqm  %wrqm r_await w_await aqu-sz rareq-sz wareq-sz  svctm  %util
nvme1n1       14966.00 14951.00    935.38    934.44     0.00     0.00   0.00   0.00    0.51    0.53   0.00    64.00    64.00   0.03 100.00
nvme0n1          0.00    0.00      0.00      0.00     0.00     0.00   0.00   0.00    0.00    0.00   0.00     0.00     0.00   0.00   0.00
cas1-1        14965.00 14952.00    935.31    934.50     0.00     0.00   0.00   0.00    0.52    0.54   0.01    64.00    64.00   0.03 100.00

avg-cpu:  %user   %nice %system %iowait  %steal   %idle
           0.72    0.00    3.83    0.00    0.00   95.45

Device            r/s     w/s     rMB/s     wMB/s   rrqm/s   wrqm/s  %rrqm  %wrqm r_await w_await aqu-sz rareq-sz wareq-sz  svctm  %util
nvme1n1       15048.00 15086.00    940.56    942.88     0.00     0.00   0.00   0.00    0.51    0.53   0.00    64.00    64.00   0.03 100.00
nvme0n1          0.00    0.00      0.00      0.00     0.00     0.00   0.00   0.00    0.00    0.00   0.00     0.00     0.00   0.00   0.00
cas1-1        15048.00 15087.00    940.50    942.94     0.00     0.00   0.00   0.00    0.51    0.54   0.00    64.00    64.00   0.03 100.00

avg-cpu:  %user   %nice %system %iowait  %steal   %idle
           0.78    0.00    3.74    0.00    0.00   95.48

Device            r/s     w/s     rMB/s     wMB/s   rrqm/s   wrqm/s  %rrqm  %wrqm r_await w_await aqu-sz rareq-sz wareq-sz  svctm  %util
nvme1n1       14906.00 15071.00    931.56    941.94     0.00     0.00   0.00   0.00    0.51    0.53   0.00    64.00    64.00   0.03 100.00
nvme0n1          0.00    0.00      0.00      0.00     0.00     0.00   0.00   0.00    0.00    0.00   0.00     0.00     0.00   0.00   0.00
cas1-1        14906.00 15070.00    931.62    941.87     0.00     0.00   0.00   0.00    0.52    0.54   0.00    64.00    64.00   0.03 100.00

avg-cpu:  %user   %nice %system %iowait  %steal   %idle
           0.69    0.00    3.83    0.00    0.00   95.48

Device            r/s     w/s     rMB/s     wMB/s   rrqm/s   wrqm/s  %rrqm  %wrqm r_await w_await aqu-sz rareq-sz wareq-sz  svctm  %util
nvme1n1       14969.00 14999.00    935.56    937.44     0.00     0.00   0.00   0.00    0.51    0.53   0.00    64.00    64.00   0.03 100.00
nvme0n1          0.00    0.00      0.00      0.00     0.00     0.00   0.00   0.00    0.00    0.00   0.00     0.00     0.00   0.00   0.00
cas1-1        14968.00 14999.00    935.50    937.44     0.00     0.00   0.00   0.00    0.52    0.54   0.00    64.00    64.00   0.03 100.00

avg-cpu:  %user   %nice %system %iowait  %steal   %idle
           0.78    0.00    3.86    0.00    0.00   95.36

Device            r/s     w/s     rMB/s     wMB/s   rrqm/s   wrqm/s  %rrqm  %wrqm r_await w_await aqu-sz rareq-sz wareq-sz  svctm  %util
nvme1n1       15072.00 15004.00    942.00    937.75     0.00     0.00   0.00   0.00    0.51    0.53   0.00    64.00    64.00   0.03 100.00
nvme0n1          0.00    0.00      0.00      0.00     0.00     0.00   0.00   0.00    0.00    0.00   0.00     0.00     0.00   0.00   0.00
cas1-1        15073.00 15004.00    942.06    937.75     0.00     0.00   0.00   0.00    0.51    0.54   0.00    64.00    64.00   0.03 100.00

avg-cpu:  %user   %nice %system %iowait  %steal   %idle
           0.72    0.00    3.80    0.00    0.00   95.48

Device            r/s     w/s     rMB/s     wMB/s   rrqm/s   wrqm/s  %rrqm  %wrqm r_await w_await aqu-sz rareq-sz wareq-sz  svctm  %util
nvme1n1       15052.00 15054.00    940.75    940.88     0.00     0.00   0.00   0.00    0.51    0.53   0.00    64.00    64.00   0.03 100.00
nvme0n1          0.00    0.00      0.00      0.00     0.00     0.00   0.00   0.00    0.00    0.00   0.00     0.00     0.00   0.00   0.00
cas1-1        15052.00 15053.00    940.75    940.81     0.00     0.00   0.00   0.00    0.51    0.54   0.00    64.00    64.00   0.03 100.00

avg-cpu:  %user   %nice %system %iowait  %steal   %idle
           0.72    0.00    3.83    0.00    0.00   95.45

Device            r/s     w/s     rMB/s     wMB/s   rrqm/s   wrqm/s  %rrqm  %wrqm r_await w_await aqu-sz rareq-sz wareq-sz  svctm  %util
nvme1n1       14849.00 15126.00    928.06    945.38     0.00     0.00   0.00   0.00    0.51    0.53   0.00    64.00    64.00   0.03 100.00
nvme0n1          0.00    0.00      0.00      0.00     0.00     0.00   0.00   0.00    0.00    0.00   0.00     0.00     0.00   0.00   0.00
cas1-1        14851.00 15126.00    928.19    945.38     0.00     0.00   0.00   0.00    0.51    0.54   0.01    64.00    64.00   0.03 100.00

avg-cpu:  %user   %nice %system %iowait  %steal   %idle
           0.75    0.00    3.68    0.00    0.00   95.57

Device            r/s     w/s     rMB/s     wMB/s   rrqm/s   wrqm/s  %rrqm  %wrqm r_await w_await aqu-sz rareq-sz wareq-sz  svctm  %util
nvme1n1       15077.00 15010.00    942.31    938.12     0.00     0.00   0.00   0.00    0.51    0.53   0.00    64.00    64.00   0.03 100.00
nvme0n1          0.00    0.00      0.00      0.00     0.00     0.00   0.00   0.00    0.00    0.00   0.00     0.00     0.00   0.00   0.00
cas1-1        15073.00 15013.00    942.06    938.31     0.00     0.00   0.00   0.00    0.51    0.54   0.00    64.00    64.00   0.03 100.00

avg-cpu:  %user   %nice %system %iowait  %steal   %idle
           0.72    0.00    3.80    0.00    0.00   95.48

Device            r/s     w/s     rMB/s     wMB/s   rrqm/s   wrqm/s  %rrqm  %wrqm r_await w_await aqu-sz rareq-sz wareq-sz  svctm  %util
nvme1n1       14998.00 15082.00    937.37    942.62     0.00     0.00   0.00   0.00    0.51    0.53   0.00    64.00    64.00   0.03 100.00
nvme0n1          0.00    0.00      0.00      0.00     0.00     0.00   0.00   0.00    0.00    0.00   0.00     0.00     0.00   0.00   0.00
cas1-1        15002.00 15079.00    937.63    942.44     0.00     0.00   0.00   0.00    0.51    0.54   0.00    64.00    64.00   0.03 100.00

avg-cpu:  %user   %nice %system %iowait  %steal   %idle
           0.75    0.00    3.74    0.00    0.00   95.51

Device            r/s     w/s     rMB/s     wMB/s   rrqm/s   wrqm/s  %rrqm  %wrqm r_await w_await aqu-sz rareq-sz wareq-sz  svctm  %util
nvme1n1       15157.00 14936.00    947.31    933.50     0.00     0.00   0.00   0.00    0.51    0.53   0.00    64.00    64.00   0.03 100.00
nvme0n1          0.00    0.00      0.00      0.00     0.00     0.00   0.00   0.00    0.00    0.00   0.00     0.00     0.00   0.00   0.00
cas1-1        15155.00 14937.00    947.19    933.56     0.00     0.00   0.00   0.00    0.51    0.54   0.00    64.00    64.00   0.03 100.00

avg-cpu:  %user   %nice %system %iowait  %steal   %idle
           0.72    0.00    3.80    0.00    0.00   95.48

Device            r/s     w/s     rMB/s     wMB/s   rrqm/s   wrqm/s  %rrqm  %wrqm r_await w_await aqu-sz rareq-sz wareq-sz  svctm  %util
nvme1n1       14953.00 15083.00    934.56    942.69     0.00     0.00   0.00   0.00    0.51    0.53   0.00    64.00    64.00   0.03 100.00
nvme0n1          0.00    0.00      0.00      0.00     0.00     0.00   0.00   0.00    0.00    0.00   0.00     0.00     0.00   0.00   0.00
cas1-1        14953.00 15083.00    934.56    942.69     0.00     0.00   0.00   0.00    0.51    0.54   0.00    64.00    64.00   0.03 100.00

avg-cpu:  %user   %nice %system %iowait  %steal   %idle
           0.69    0.00    3.80    0.00    0.00   95.51

Device            r/s     w/s     rMB/s     wMB/s   rrqm/s   wrqm/s  %rrqm  %wrqm r_await w_await aqu-sz rareq-sz wareq-sz  svctm  %util
nvme1n1       15048.00 15064.00    940.50    941.50     0.00     0.00   0.00   0.00    0.51    0.53   0.00    64.00    64.00   0.03 100.00
nvme0n1          0.00    0.00      0.00      0.00     0.00     0.00   0.00   0.00    0.00    0.00   0.00     0.00     0.00   0.00   0.00
cas1-1        15049.00 15064.00    940.56    941.50     0.00     0.00   0.00   0.00    0.51    0.54   0.00    64.00    64.00   0.03 100.00

avg-cpu:  %user   %nice %system %iowait  %steal   %idle
           0.69    0.00    3.80    0.00    0.00   95.51

Device            r/s     w/s     rMB/s     wMB/s   rrqm/s   wrqm/s  %rrqm  %wrqm r_await w_await aqu-sz rareq-sz wareq-sz  svctm  %util
nvme1n1       15079.00 15006.00    942.44    937.88     0.00     0.00   0.00   0.00    0.51    0.53   0.00    64.00    64.00   0.03 100.00
nvme0n1          0.00    0.00      0.00      0.00     0.00     0.00   0.00   0.00    0.00    0.00   0.00     0.00     0.00   0.00   0.00
cas1-1        15078.00 15006.00    942.38    937.88     0.00     0.00   0.00   0.00    0.51    0.54   0.00    64.00    64.00   0.03 100.00

avg-cpu:  %user   %nice %system %iowait  %steal   %idle
           0.72    0.00    3.80    0.00    0.00   95.48

Device            r/s     w/s     rMB/s     wMB/s   rrqm/s   wrqm/s  %rrqm  %wrqm r_await w_await aqu-sz rareq-sz wareq-sz  svctm  %util
nvme1n1       15012.00 15019.00    938.25    938.69     0.00     0.00   0.00   0.00    0.51    0.53   0.00    64.00    64.00   0.03 100.00
nvme0n1          0.00    0.00      0.00      0.00     0.00     0.00   0.00   0.00    0.00    0.00   0.00     0.00     0.00   0.00   0.00
cas1-1        15013.00 15019.00    938.31    938.69     0.00     0.00   0.00   0.00    0.51    0.54   0.00    64.00    64.00   0.03 100.00

avg-cpu:  %user   %nice %system %iowait  %steal   %idle
           0.72    0.00    3.86    0.00    0.00   95.42

Device            r/s     w/s     rMB/s     wMB/s   rrqm/s   wrqm/s  %rrqm  %wrqm r_await w_await aqu-sz rareq-sz wareq-sz  svctm  %util
nvme1n1       14989.00 15103.00    936.81    943.94     0.00     0.00   0.00   0.00    0.51    0.53   0.00    64.00    64.00   0.03 100.00
nvme0n1          0.00    0.00      0.00      0.00     0.00     0.00   0.00   0.00    0.00    0.00   0.00     0.00     0.00   0.00   0.00
cas1-1        14987.00 15103.00    936.69    943.94     0.00     0.00   0.00   0.00    0.51    0.54   0.00    64.00    64.00   0.03 100.00

avg-cpu:  %user   %nice %system %iowait  %steal   %idle
           0.72    0.00    3.77    0.00    0.00   95.51

Device            r/s     w/s     rMB/s     wMB/s   rrqm/s   wrqm/s  %rrqm  %wrqm r_await w_await aqu-sz rareq-sz wareq-sz  svctm  %util
nvme1n1       15105.00 14895.00    944.06    930.94     0.00     0.00   0.00   0.00    0.51    0.53   0.00    64.00    64.00   0.03 100.00
nvme0n1          0.00    0.00      0.00      0.00     0.00     0.00   0.00   0.00    0.00    0.00   0.00     0.00     0.00   0.00   0.00
cas1-1        15108.00 14893.00    944.25    930.81     0.00     0.00   0.00   0.00    0.51    0.54   0.00    64.00    64.00   0.03 100.10

avg-cpu:  %user   %nice %system %iowait  %steal   %idle
           0.72    0.00    3.71    0.00    0.00   95.57

Device            r/s     w/s     rMB/s     wMB/s   rrqm/s   wrqm/s  %rrqm  %wrqm r_await w_await aqu-sz rareq-sz wareq-sz  svctm  %util
nvme1n1       14995.00 15042.00    937.19    940.12     0.00     0.00   0.00   0.00    0.51    0.53   0.00    64.00    64.00   0.03 100.00
nvme0n1          0.00    0.00      0.00      0.00     0.00     0.00   0.00   0.00    0.00    0.00   0.00     0.00     0.00   0.00   0.00
cas1-1        14995.00 15042.00    937.19    940.12     0.00     0.00   0.00   0.00    0.51    0.54   0.00    64.00    64.00   0.03 100.00

avg-cpu:  %user   %nice %system %iowait  %steal   %idle
           0.72    0.00    3.86    0.00    0.00   95.42

Device            r/s     w/s     rMB/s     wMB/s   rrqm/s   wrqm/s  %rrqm  %wrqm r_await w_await aqu-sz rareq-sz wareq-sz  svctm  %util
nvme1n1       15095.00 14956.00    943.44    934.75     0.00     0.00   0.00   0.00    0.51    0.53   0.00    64.00    64.00   0.03 100.10
nvme0n1          0.00    0.00      0.00      0.00     0.00     0.00   0.00   0.00    0.00    0.00   0.00     0.00     0.00   0.00   0.00
cas1-1        15092.00 14959.00    943.25    934.94     0.00     0.00   0.00   0.00    0.51    0.54   0.00    64.00    64.00   0.03 100.00

avg-cpu:  %user   %nice %system %iowait  %steal   %idle
           0.72    0.00    3.83    0.00    0.00   95.45

Device            r/s     w/s     rMB/s     wMB/s   rrqm/s   wrqm/s  %rrqm  %wrqm r_await w_await aqu-sz rareq-sz wareq-sz  svctm  %util
nvme1n1       15154.00 14923.00    947.12    932.69     0.00     0.00   0.00   0.00    0.51    0.53   0.00    64.00    64.00   0.03 100.00
nvme0n1          0.00    0.00      0.00      0.00     0.00     0.00   0.00   0.00    0.00    0.00   0.00     0.00     0.00   0.00   0.00
cas1-1        15156.00 14921.00    947.25    932.56     0.00     0.00   0.00   0.00    0.51    0.54   0.00    64.00    64.00   0.03 100.00

avg-cpu:  %user   %nice %system %iowait  %steal   %idle
           0.72    0.00    3.80    0.00    0.00   95.48

Device            r/s     w/s     rMB/s     wMB/s   rrqm/s   wrqm/s  %rrqm  %wrqm r_await w_await aqu-sz rareq-sz wareq-sz  svctm  %util
nvme1n1       15102.00 15023.00    943.88    938.94     0.00     0.00   0.00   0.00    0.51    0.53   0.00    64.00    64.00   0.03 100.00
nvme0n1          0.00    0.00      0.00      0.00     0.00     0.00   0.00   0.00    0.00    0.00   0.00     0.00     0.00   0.00   0.00
cas1-1        15101.00 15024.00    943.81    939.00     0.00     0.00   0.00   0.00    0.51    0.54   0.00    64.00    64.00   0.03 100.00

avg-cpu:  %user   %nice %system %iowait  %steal   %idle
           0.78    0.00    3.92    0.00    0.00   95.30

Device            r/s     w/s     rMB/s     wMB/s   rrqm/s   wrqm/s  %rrqm  %wrqm r_await w_await aqu-sz rareq-sz wareq-sz  svctm  %util
nvme1n1       14914.00 15051.00    932.19    940.69     0.00     0.00   0.00   0.00    0.51    0.53   0.00    64.00    64.00   0.03 100.00
nvme0n1          0.00    0.00      0.00      0.00     0.00     0.00   0.00   0.00    0.00    0.00   0.00     0.00     0.00   0.00   0.00
cas1-1        14914.00 15051.00    932.12    940.69     0.00     0.00   0.00   0.00    0.52    0.54   0.00    64.00    64.00   0.03 100.00

avg-cpu:  %user   %nice %system %iowait  %steal   %idle
           0.72    0.00    3.80    0.00    0.00   95.48

Device            r/s     w/s     rMB/s     wMB/s   rrqm/s   wrqm/s  %rrqm  %wrqm r_await w_await aqu-sz rareq-sz wareq-sz  svctm  %util
nvme1n1       15138.00 14971.00    946.06    935.69     0.00     0.00   0.00   0.00    0.51    0.53   0.00    64.00    64.00   0.03 100.00
nvme0n1          0.00    0.00      0.00      0.00     0.00     0.00   0.00   0.00    0.00    0.00   0.00     0.00     0.00   0.00   0.00
cas1-1        15140.00 14970.00    946.25    935.62     0.00     0.00   0.00   0.00    0.51    0.54   0.00    64.00    64.00   0.03 100.00

avg-cpu:  %user   %nice %system %iowait  %steal   %idle
           0.69    0.00    3.77    0.00    0.00   95.54

Device            r/s     w/s     rMB/s     wMB/s   rrqm/s   wrqm/s  %rrqm  %wrqm r_await w_await aqu-sz rareq-sz wareq-sz  svctm  %util
nvme1n1       14963.00 15098.00    935.19    943.69     0.00     0.00   0.00   0.00    0.51    0.53   0.00    64.00    64.00   0.03 100.00
nvme0n1          0.00    0.00      0.00      0.00     0.00     0.00   0.00   0.00    0.00    0.00   0.00     0.00     0.00   0.00   0.00
cas1-1        14959.00 15101.00    934.94    943.81     0.00     0.00   0.00   0.00    0.51    0.54   0.01    64.00    64.00   0.03 100.00

avg-cpu:  %user   %nice %system %iowait  %steal   %idle
           0.69    0.00    3.89    0.00    0.00   95.42

Device            r/s     w/s     rMB/s     wMB/s   rrqm/s   wrqm/s  %rrqm  %wrqm r_await w_await aqu-sz rareq-sz wareq-sz  svctm  %util
nvme1n1       14963.00 15083.00    935.19    942.62     0.00     0.00   0.00   0.00    0.51    0.53   0.00    64.00    64.00   0.03 100.00
nvme0n1          0.00    0.00      0.00      0.00     0.00     0.00   0.00   0.00    0.00    0.00   0.00     0.00     0.00   0.00   0.00
cas1-1        14966.00 15080.00    935.38    942.50     0.00     0.00   0.00   0.00    0.51    0.54   0.00    64.00    64.00   0.03 100.00

avg-cpu:  %user   %nice %system %iowait  %steal   %idle
           0.66    0.00    3.83    0.00    0.00   95.51

Device            r/s     w/s     rMB/s     wMB/s   rrqm/s   wrqm/s  %rrqm  %wrqm r_await w_await aqu-sz rareq-sz wareq-sz  svctm  %util
nvme1n1       15014.00 15056.00    938.37    941.00     0.00     0.00   0.00   0.00    0.51    0.53   0.00    64.00    64.00   0.03 100.00
nvme0n1          0.00    0.00      0.00      0.00     0.00     0.00   0.00   0.00    0.00    0.00   0.00     0.00     0.00   0.00   0.00
cas1-1        15015.00 15056.00    938.44    941.00     0.00     0.00   0.00   0.00    0.51    0.54   0.00    64.00    64.00   0.03 100.00

avg-cpu:  %user   %nice %system %iowait  %steal   %idle
           0.72    0.00    3.83    0.00    0.00   95.45

Device            r/s     w/s     rMB/s     wMB/s   rrqm/s   wrqm/s  %rrqm  %wrqm r_await w_await aqu-sz rareq-sz wareq-sz  svctm  %util
nvme1n1       15169.00 15014.00    948.06    938.37     0.00     0.00   0.00   0.00    0.51    0.53   0.00    64.00    64.00   0.03 100.00
nvme0n1          0.00    0.00      0.00      0.00     0.00     0.00   0.00   0.00    0.00    0.00   0.00     0.00     0.00   0.00   0.00
cas1-1        15167.00 15015.00    947.94    938.44     0.00     0.00   0.00   0.00    0.51    0.53   0.00    64.00    64.00   0.03 100.00

avg-cpu:  %user   %nice %system %iowait  %steal   %idle
           0.72    0.00    3.89    0.00    0.00   95.39

Device            r/s     w/s     rMB/s     wMB/s   rrqm/s   wrqm/s  %rrqm  %wrqm r_await w_await aqu-sz rareq-sz wareq-sz  svctm  %util
nvme1n1       14987.00 14987.00    936.69    936.69     0.00     0.00   0.00   0.00    0.51    0.53   0.00    64.00    64.00   0.03 100.00
nvme0n1          0.00    0.00      0.00      0.00     0.00     0.00   0.00   0.00    0.00    0.00   0.00     0.00     0.00   0.00   0.00
cas1-1        14988.00 14986.00    936.75    936.63     0.00     0.00   0.00   0.00    0.51    0.54   0.00    64.00    64.00   0.03 100.00

avg-cpu:  %user   %nice %system %iowait  %steal   %idle
           0.75    0.00    3.89    0.00    0.00   95.36

Device            r/s     w/s     rMB/s     wMB/s   rrqm/s   wrqm/s  %rrqm  %wrqm r_await w_await aqu-sz rareq-sz wareq-sz  svctm  %util
nvme1n1       14950.00 15129.00    934.38    945.56     0.00     0.00   0.00   0.00    0.51    0.53   0.00    64.00    64.00   0.03 100.00
nvme0n1          0.00    0.00      0.00      0.00     0.00     0.00   0.00   0.00    0.00    0.00   0.00     0.00     0.00   0.00   0.00
cas1-1        14948.00 15130.00    934.25    945.69     0.00     0.00   0.00   0.00    0.51    0.54   0.01    64.00    64.00   0.03 100.00

avg-cpu:  %user   %nice %system %iowait  %steal   %idle
           0.78    0.00    3.80    0.00    0.00   95.42

Device            r/s     w/s     rMB/s     wMB/s   rrqm/s   wrqm/s  %rrqm  %wrqm r_await w_await aqu-sz rareq-sz wareq-sz  svctm  %util
nvme1n1       14995.00 15071.00    937.19    941.94     0.00     0.00   0.00   0.00    0.51    0.53   0.00    64.00    64.00   0.03 100.00
nvme0n1          0.00    0.00      0.00      0.00     0.00     0.00   0.00   0.00    0.00    0.00   0.00     0.00     0.00   0.00   0.00
cas1-1        14994.00 15073.00    937.12    942.00     0.00     0.00   0.00   0.00    0.51    0.54   0.00    64.00    64.00   0.03 100.00

avg-cpu:  %user   %nice %system %iowait  %steal   %idle
           0.72    0.00    3.83    0.00    0.00   95.45

Device            r/s     w/s     rMB/s     wMB/s   rrqm/s   wrqm/s  %rrqm  %wrqm r_await w_await aqu-sz rareq-sz wareq-sz  svctm  %util
nvme1n1       15240.00 14910.00    952.50    931.88     0.00     0.00   0.00   0.00    0.51    0.53   0.00    64.00    64.00   0.03 100.00
nvme0n1          0.00    0.00      0.00      0.00     0.00     0.00   0.00   0.00    0.00    0.00   0.00     0.00     0.00   0.00   0.00
cas1-1        15242.00 14908.00    952.62    931.75     0.00     0.00   0.00   0.00    0.51    0.54   0.01    64.00    64.00   0.03 100.00

avg-cpu:  %user   %nice %system %iowait  %steal   %idle
           0.75    0.00    3.77    0.00    0.00   95.48

Device            r/s     w/s     rMB/s     wMB/s   rrqm/s   wrqm/s  %rrqm  %wrqm r_await w_await aqu-sz rareq-sz wareq-sz  svctm  %util
nvme1n1       15024.00 15053.00    939.00    940.81     0.00     0.00   0.00   0.00    0.51    0.53   0.00    64.00    64.00   0.03 100.00
nvme0n1          0.00    0.00      0.00      0.00     0.00     0.00   0.00   0.00    0.00    0.00   0.00     0.00     0.00   0.00   0.00
cas1-1        15024.00 15053.00    939.00    940.81     0.00     0.00   0.00   0.00    0.51    0.54   0.00    64.00    64.00   0.03 100.00

avg-cpu:  %user   %nice %system %iowait  %steal   %idle
           0.72    0.00    3.83    0.00    0.00   95.45

Device            r/s     w/s     rMB/s     wMB/s   rrqm/s   wrqm/s  %rrqm  %wrqm r_await w_await aqu-sz rareq-sz wareq-sz  svctm  %util
nvme1n1       15073.00 14976.00    942.06    936.00     0.00     0.00   0.00   0.00    0.51    0.53   0.00    64.00    64.00   0.03 100.00
nvme0n1          0.00    0.00      0.00      0.00     0.00     0.00   0.00   0.00    0.00    0.00   0.00     0.00     0.00   0.00   0.00
cas1-1        15072.00 14977.00    942.00    936.06     0.00     0.00   0.00   0.00    0.51    0.54   0.00    64.00    64.00   0.03 100.00

avg-cpu:  %user   %nice %system %iowait  %steal   %idle
           0.69    0.00    3.83    0.00    0.00   95.48

Device            r/s     w/s     rMB/s     wMB/s   rrqm/s   wrqm/s  %rrqm  %wrqm r_await w_await aqu-sz rareq-sz wareq-sz  svctm  %util
nvme1n1       15067.00 14987.00    941.69    936.69     0.00     0.00   0.00   0.00    0.51    0.53   0.00    64.00    64.00   0.03 100.00
nvme0n1          0.00    0.00      0.00      0.00     0.00     0.00   0.00   0.00    0.00    0.00   0.00     0.00     0.00   0.00   0.00
cas1-1        15067.00 14985.00    941.69    936.56     0.00     0.00   0.00   0.00    0.51    0.54   0.00    64.00    64.00   0.03 100.00

avg-cpu:  %user   %nice %system %iowait  %steal   %idle
           0.78    0.00    3.86    0.00    0.00   95.36

Device            r/s     w/s     rMB/s     wMB/s   rrqm/s   wrqm/s  %rrqm  %wrqm r_await w_await aqu-sz rareq-sz wareq-sz  svctm  %util
nvme1n1       14984.00 15010.00    936.50    938.12     0.00     0.00   0.00   0.00    0.51    0.53   0.00    64.00    64.00   0.03 100.00
nvme0n1          0.00    0.00      0.00      0.00     0.00     0.00   0.00   0.00    0.00    0.00   0.00     0.00     0.00   0.00   0.00
cas1-1        14986.00 15010.00    936.63    938.12     0.00     0.00   0.00   0.00    0.51    0.54   0.00    64.00    64.00   0.03 100.00

avg-cpu:  %user   %nice %system %iowait  %steal   %idle
           0.72    0.00    3.86    0.00    0.00   95.42

Device            r/s     w/s     rMB/s     wMB/s   rrqm/s   wrqm/s  %rrqm  %wrqm r_await w_await aqu-sz rareq-sz wareq-sz  svctm  %util
nvme1n1       15052.00 15021.00    940.75    938.81     0.00     0.00   0.00   0.00    0.51    0.53   0.00    64.00    64.00   0.03 100.00
nvme0n1          0.00    0.00      0.00      0.00     0.00     0.00   0.00   0.00    0.00    0.00   0.00     0.00     0.00   0.00   0.00
cas1-1        15052.00 15022.00    940.75    938.88     0.00     0.00   0.00   0.00    0.51    0.54   0.00    64.00    64.00   0.03 100.00

avg-cpu:  %user   %nice %system %iowait  %steal   %idle
           0.69    0.00    3.86    0.00    0.00   95.45

Device            r/s     w/s     rMB/s     wMB/s   rrqm/s   wrqm/s  %rrqm  %wrqm r_await w_await aqu-sz rareq-sz wareq-sz  svctm  %util
nvme1n1       15065.00 14968.00    941.56    935.50     0.00     0.00   0.00   0.00    0.51    0.53   0.00    64.00    64.00   0.03 100.00
nvme0n1          0.00    0.00      0.00      0.00     0.00     0.00   0.00   0.00    0.00    0.00   0.00     0.00     0.00   0.00   0.00
cas1-1        15064.00 14968.00    941.50    935.50     0.00     0.00   0.00   0.00    0.51    0.54   0.00    64.00    64.00   0.03 100.10

avg-cpu:  %user   %nice %system %iowait  %steal   %idle
           0.78    0.00    3.80    0.00    0.00   95.42

Device            r/s     w/s     rMB/s     wMB/s   rrqm/s   wrqm/s  %rrqm  %wrqm r_await w_await aqu-sz rareq-sz wareq-sz  svctm  %util
nvme1n1       14817.00 15164.00    926.06    947.75     0.00     0.00   0.00   0.00    0.51    0.53   0.00    64.00    64.00   0.03 100.00
nvme0n1          0.00    0.00      0.00      0.00     0.00     0.00   0.00   0.00    0.00    0.00   0.00     0.00     0.00   0.00   0.00
cas1-1        14816.00 15165.00    926.00    947.81     0.00     0.00   0.00   0.00    0.51    0.54   0.00    64.00    64.00   0.03 100.00

avg-cpu:  %user   %nice %system %iowait  %steal   %idle
           0.78    0.00    3.80    0.00    0.00   95.42

Device            r/s     w/s     rMB/s     wMB/s   rrqm/s   wrqm/s  %rrqm  %wrqm r_await w_await aqu-sz rareq-sz wareq-sz  svctm  %util
nvme1n1       15219.00 14899.00    951.19    931.19     0.00     0.00   0.00   0.00    0.51    0.53   0.00    64.00    64.00   0.03 100.00
nvme0n1          0.00    0.00      0.00      0.00     0.00     0.00   0.00   0.00    0.00    0.00   0.00     0.00     0.00   0.00   0.00
cas1-1        15218.00 14899.00    951.12    931.19     0.00     0.00   0.00   0.00    0.51    0.54   0.01    64.00    64.00   0.03 100.00

avg-cpu:  %user   %nice %system %iowait  %steal   %idle
           0.69    0.00    3.83    0.00    0.00   95.48

Device            r/s     w/s     rMB/s     wMB/s   rrqm/s   wrqm/s  %rrqm  %wrqm r_await w_await aqu-sz rareq-sz wareq-sz  svctm  %util
nvme1n1       15046.00 15096.00    940.38    943.50     0.00     0.00   0.00   0.00    0.51    0.53   0.00    64.00    64.00   0.03 100.10
nvme0n1          0.00    0.00      0.00      0.00     0.00     0.00   0.00   0.00    0.00    0.00   0.00     0.00     0.00   0.00   0.00
cas1-1        15049.00 15094.00    940.56    943.38     0.00     0.00   0.00   0.00    0.51    0.54   0.00    64.00    64.00   0.03 100.00

avg-cpu:  %user   %nice %system %iowait  %steal   %idle
           0.72    0.00    3.74    0.00    0.00   95.54

Device            r/s     w/s     rMB/s     wMB/s   rrqm/s   wrqm/s  %rrqm  %wrqm r_await w_await aqu-sz rareq-sz wareq-sz  svctm  %util
nvme1n1       14828.00 15123.00    926.75    945.19     0.00     0.00   0.00   0.00    0.51    0.53   0.00    64.00    64.00   0.03 100.00
nvme0n1          0.00    0.00      0.00      0.00     0.00     0.00   0.00   0.00    0.00    0.00   0.00     0.00     0.00   0.00   0.00
cas1-1        14828.00 15123.00    926.75    945.19     0.00     0.00   0.00   0.00    0.52    0.54   0.00    64.00    64.00   0.03 100.00

avg-cpu:  %user   %nice %system %iowait  %steal   %idle
           0.69    0.00    3.77    0.00    0.00   95.54

Device            r/s     w/s     rMB/s     wMB/s   rrqm/s   wrqm/s  %rrqm  %wrqm r_await w_await aqu-sz rareq-sz wareq-sz  svctm  %util
nvme1n1       15280.00 14832.00    955.00    927.00     0.00     0.00   0.00   0.00    0.51    0.53   0.00    64.00    64.00   0.03 100.00
nvme0n1          0.00    0.00      0.00      0.00     0.00     0.00   0.00   0.00    0.00    0.00   0.00     0.00     0.00   0.00   0.00
cas1-1        15279.00 14832.00    954.94    927.00     0.00     0.00   0.00   0.00    0.51    0.54   0.00    64.00    64.00   0.03 100.00

