Linux 5.4.1-050401-lowlatency (kanwu-Super-Server) 	09/11/2020 	_x86_64_	(32 CPU)

avg-cpu:  %user   %nice %system %iowait  %steal   %idle
           2.29    0.00    2.77    1.84    0.00   93.10

Device            r/s     w/s     rMB/s     wMB/s   rrqm/s   wrqm/s  %rrqm  %wrqm r_await w_await aqu-sz rareq-sz wareq-sz  svctm  %util
nvme1n1       13282.63 3899.08    830.13    241.49     0.00     0.00   0.00   0.00    0.36    0.38   0.09    64.00    63.42   0.03  54.92
nvme0n1       10100.61   24.69    631.25      1.52     0.00     0.00   0.00   0.00    0.20    0.30   0.00    64.00    63.00   0.04  38.16
cas1-1        3459.41 1485.43    216.20     92.84     0.00     0.00   0.00   0.00    0.31    0.46   0.01    64.00    64.00   0.02  11.27

avg-cpu:  %user   %nice %system %iowait  %steal   %idle
           0.00    0.00    0.03    2.59    0.00   97.38

Device            r/s     w/s     rMB/s     wMB/s   rrqm/s   wrqm/s  %rrqm  %wrqm r_await w_await aqu-sz rareq-sz wareq-sz  svctm  %util
nvme1n1          0.00    0.00      0.00      0.00     0.00     0.00   0.00   0.00    0.00    0.00   0.00     0.00     0.00   0.00   0.00
nvme0n1          0.00    0.00      0.00      0.00     0.00     0.00   0.00   0.00    0.00    0.00   0.00     0.00     0.00   0.00   0.00
cas1-1           0.00    0.00      0.00      0.00     0.00     0.00   0.00   0.00    0.00    0.00   0.00     0.00     0.00   0.00   0.00

avg-cpu:  %user   %nice %system %iowait  %steal   %idle
           0.00    0.00    0.00    2.60    0.00   97.40

Device            r/s     w/s     rMB/s     wMB/s   rrqm/s   wrqm/s  %rrqm  %wrqm r_await w_await aqu-sz rareq-sz wareq-sz  svctm  %util
nvme1n1          0.00    0.00      0.00      0.00     0.00     0.00   0.00   0.00    0.00    0.00   0.00     0.00     0.00   0.00   0.00
nvme0n1          0.00    0.00      0.00      0.00     0.00     0.00   0.00   0.00    0.00    0.00   0.00     0.00     0.00   0.00   0.00
cas1-1           0.00    0.00      0.00      0.00     0.00     0.00   0.00   0.00    0.00    0.00   0.00     0.00     0.00   0.00   0.00

avg-cpu:  %user   %nice %system %iowait  %steal   %idle
           0.06    0.00    0.12    2.22    0.00   97.59

Device            r/s     w/s     rMB/s     wMB/s   rrqm/s   wrqm/s  %rrqm  %wrqm r_await w_await aqu-sz rareq-sz wareq-sz  svctm  %util
nvme1n1         63.00    0.00      3.94      0.00     0.00     0.00   0.00   0.00    0.81    0.00   0.03    64.00     0.00   0.05   0.30
nvme0n1          0.00    0.00      0.00      0.00     0.00     0.00   0.00   0.00    0.00    0.00   0.00     0.00     0.00   0.00   0.00
cas1-1           0.00    0.00      0.00      0.00     0.00     0.00   0.00   0.00    0.00    0.00   0.00     0.00     0.00   0.00   0.00

avg-cpu:  %user   %nice %system %iowait  %steal   %idle
           0.25    0.00    0.44    1.06    0.00   98.25

Device            r/s     w/s     rMB/s     wMB/s   rrqm/s   wrqm/s  %rrqm  %wrqm r_await w_await aqu-sz rareq-sz wareq-sz  svctm  %util
nvme1n1       3249.00 3276.00    201.95    149.90     0.00     0.00   0.00   0.00    0.83    0.84   3.19    63.65    46.85   0.04  27.40
nvme0n1         44.00 3329.00      1.04    204.81     0.00     0.00   0.00   0.00    0.09    0.29   0.24    24.18    63.00   0.05  18.40
cas1-1        18446744073708152832.00 18446744073708949504.00 9007199254653544.00 9007199254703441.00     0.00     0.00   0.00   0.00    0.00    0.00 4294962.79     0.50     0.50   0.00 429492170.40

avg-cpu:  %user   %nice %system %iowait  %steal   %idle
           0.13    0.00    0.28    1.03    0.00   98.56

Device            r/s     w/s     rMB/s     wMB/s   rrqm/s   wrqm/s  %rrqm  %wrqm r_await w_await aqu-sz rareq-sz wareq-sz  svctm  %util
nvme1n1         14.00 1054.00      0.88     50.99     0.00     0.00   0.00   0.00    0.79    0.88   0.41    64.00    49.54   0.04   3.90
nvme0n1        547.00    0.00     34.19      0.00     0.00     0.00   0.00   0.00    0.53    0.00   0.21    64.00     0.00   0.07   3.80
cas1-1         563.00  264.00     35.19     16.50     0.00     0.00   0.00   0.00    0.55    1.75   0.56    64.00    64.00   0.05   3.90

avg-cpu:  %user   %nice %system %iowait  %steal   %idle
           0.69    0.00    4.09    0.16    0.00   95.06

Device            r/s     w/s     rMB/s     wMB/s   rrqm/s   wrqm/s  %rrqm  %wrqm r_await w_await aqu-sz rareq-sz wareq-sz  svctm  %util
nvme1n1       9478.00 20519.00    592.38   1120.72     0.00     0.00   0.00   0.00    0.67    0.75   2.89    64.00    55.93   0.03 100.00
nvme0n1       9573.00    0.00    598.31      0.00     0.00     0.00   0.00   0.00    0.12    0.00   0.00    64.00     0.00   0.10 100.00
cas1-1        19053.00 8180.00   1190.81    511.25     0.00     0.00   0.00   0.00    0.40    1.00   3.80    64.00    64.00   0.04 100.00

avg-cpu:  %user   %nice %system %iowait  %steal   %idle
           0.72    0.00    3.93    0.00    0.00   95.35

Device            r/s     w/s     rMB/s     wMB/s   rrqm/s   wrqm/s  %rrqm  %wrqm r_await w_await aqu-sz rareq-sz wareq-sz  svctm  %util
nvme1n1       18768.00 12479.00   1173.00    765.05     0.00     0.00   0.00   0.00    0.53    0.55   0.00    64.00    62.78   0.03 100.00
nvme0n1       2934.00    0.00    183.38      0.00     0.00     0.00   0.00   0.00    0.11    0.00   0.00    64.00     0.00   0.32  92.60
cas1-1        21700.00 9291.00   1356.25    580.69     0.00     0.00   0.00   0.00    0.48    0.58   0.22    64.00    64.00   0.03 100.00

avg-cpu:  %user   %nice %system %iowait  %steal   %idle
           0.78    0.00    3.80    0.00    0.00   95.42

Device            r/s     w/s     rMB/s     wMB/s   rrqm/s   wrqm/s  %rrqm  %wrqm r_await w_await aqu-sz rareq-sz wareq-sz  svctm  %util
nvme1n1       21230.00 10160.00   1326.88    634.53     0.00     0.00   0.00   0.00    0.50    0.52   0.00    64.00    63.95   0.03 100.00
nvme0n1        803.00    0.00     50.19      0.00     0.00     0.00   0.00   0.00    0.10    0.00   0.00    64.00     0.00   0.72  57.80
cas1-1        22034.00 9346.00   1377.12    584.12     0.00     0.00   0.00   0.00    0.49    0.53   0.01    64.00    64.00   0.03 100.00

avg-cpu:  %user   %nice %system %iowait  %steal   %idle
           0.66    0.00    3.86    0.06    0.00   95.41

Device            r/s     w/s     rMB/s     wMB/s   rrqm/s   wrqm/s  %rrqm  %wrqm r_await w_await aqu-sz rareq-sz wareq-sz  svctm  %util
nvme1n1       22053.00 9762.00   1378.31    610.07     0.00     0.00   0.00   0.00    0.49    0.51   0.00    64.00    63.99   0.03 100.00
nvme0n1        182.00    0.00     11.38      0.00     0.00     0.00   0.00   0.00    0.10    0.00   0.00    64.00     0.00   0.98  17.80
cas1-1        22235.00 9579.00   1389.69    598.69     0.00     0.00   0.00   0.00    0.49    0.52   0.00    64.00    64.00   0.03 100.00

avg-cpu:  %user   %nice %system %iowait  %steal   %idle
           0.69    0.00    3.80    0.00    0.00   95.51

Device            r/s     w/s     rMB/s     wMB/s   rrqm/s   wrqm/s  %rrqm  %wrqm r_await w_await aqu-sz rareq-sz wareq-sz  svctm  %util
nvme1n1       22195.00 9725.00   1387.19    607.81     0.00     0.00   0.00   0.00    0.48    0.50   0.00    64.00    64.00   0.03 100.00
nvme0n1         45.00    0.00      2.81      0.00     0.00     0.00   0.00   0.00    0.27    0.00   0.01    64.00     0.00   1.20   5.40
cas1-1        22239.00 9680.00   1389.94    605.00     0.00     0.00   0.00   0.00    0.49    0.51   0.01    64.00    64.00   0.03 100.00

avg-cpu:  %user   %nice %system %iowait  %steal   %idle
           0.78    0.00    3.80    0.00    0.00   95.42

Device            r/s     w/s     rMB/s     wMB/s   rrqm/s   wrqm/s  %rrqm  %wrqm r_await w_await aqu-sz rareq-sz wareq-sz  svctm  %util
nvme1n1       22429.00 9547.00   1401.88    596.69     0.00     0.00   0.00   0.00    0.48    0.50   0.00    64.00    64.00   0.03 100.00
nvme0n1         15.00    0.00      0.94      0.00     0.00     0.00   0.00   0.00    0.93    0.00   0.01    64.00     0.00   1.40   2.10
cas1-1        22446.00 9531.00   1402.88    595.69     0.00     0.00   0.00   0.00    0.49    0.51   0.01    64.00    64.00   0.03 100.10

avg-cpu:  %user   %nice %system %iowait  %steal   %idle
           0.69    0.00    3.86    0.00    0.00   95.45

Device            r/s     w/s     rMB/s     wMB/s   rrqm/s   wrqm/s  %rrqm  %wrqm r_await w_await aqu-sz rareq-sz wareq-sz  svctm  %util
nvme1n1       22421.00 9550.00   1401.25    596.88     0.00     0.00   0.00   0.00    0.48    0.50   0.00    64.00    64.00   0.03 100.00
nvme0n1          2.00    0.00      0.12      0.00     0.00     0.00   0.00   0.00    1.50    0.00   0.00    64.00     0.00   1.50   0.30
cas1-1        22423.00 9548.00   1401.44    596.75     0.00     0.00   0.00   0.00    0.49    0.51   0.00    64.00    64.00   0.03 100.00

avg-cpu:  %user   %nice %system %iowait  %steal   %idle
           0.69    0.00    3.89    0.00    0.00   95.42

Device            r/s     w/s     rMB/s     wMB/s   rrqm/s   wrqm/s  %rrqm  %wrqm r_await w_await aqu-sz rareq-sz wareq-sz  svctm  %util
nvme1n1       22288.00 9662.00   1393.00    603.88     0.00     0.00   0.00   0.00    0.48    0.50   0.00    64.00    64.00   0.03 100.10
nvme0n1          0.00    0.00      0.00      0.00     0.00     0.00   0.00   0.00    0.00    0.00   0.00     0.00     0.00   0.00   0.00
cas1-1        22284.00 9663.00   1392.75    603.94     0.00     0.00   0.00   0.00    0.49    0.51   0.00    64.00    64.00   0.03 100.00

avg-cpu:  %user   %nice %system %iowait  %steal   %idle
           0.72    0.00    3.74    0.00    0.00   95.54

Device            r/s     w/s     rMB/s     wMB/s   rrqm/s   wrqm/s  %rrqm  %wrqm r_await w_await aqu-sz rareq-sz wareq-sz  svctm  %util
nvme1n1       22356.00 9601.00   1397.25    600.06     0.00     0.00   0.00   0.00    0.48    0.50   0.00    64.00    64.00   0.03 100.00
nvme0n1          0.00    0.00      0.00      0.00     0.00     0.00   0.00   0.00    0.00    0.00   0.00     0.00     0.00   0.00   0.00
cas1-1        22358.00 9600.00   1397.38    600.00     0.00     0.00   0.00   0.00    0.49    0.51   0.00    64.00    64.00   0.03 100.00

avg-cpu:  %user   %nice %system %iowait  %steal   %idle
           0.66    0.00    3.92    0.00    0.00   95.42

Device            r/s     w/s     rMB/s     wMB/s   rrqm/s   wrqm/s  %rrqm  %wrqm r_await w_await aqu-sz rareq-sz wareq-sz  svctm  %util
nvme1n1       22584.00 9447.00   1411.50    590.44     0.00     0.00   0.00   0.00    0.48    0.50   0.00    64.00    64.00   0.03 100.00
nvme0n1          0.00    0.00      0.00      0.00     0.00     0.00   0.00   0.00    0.00    0.00   0.00     0.00     0.00   0.00   0.00
cas1-1        22586.00 9447.00   1411.62    590.44     0.00     0.00   0.00   0.00    0.49    0.51   0.00    64.00    64.00   0.03 100.00

avg-cpu:  %user   %nice %system %iowait  %steal   %idle
           0.69    0.00    3.89    0.00    0.00   95.42

Device            r/s     w/s     rMB/s     wMB/s   rrqm/s   wrqm/s  %rrqm  %wrqm r_await w_await aqu-sz rareq-sz wareq-sz  svctm  %util
nvme1n1       22327.00 9609.00   1395.44    600.56     0.00     0.00   0.00   0.00    0.48    0.50   0.00    64.00    64.00   0.03 100.00
nvme0n1          0.00    0.00      0.00      0.00     0.00     0.00   0.00   0.00    0.00    0.00   0.00     0.00     0.00   0.00   0.00
cas1-1        22325.00 9610.00   1395.31    600.62     0.00     0.00   0.00   0.00    0.49    0.51   0.00    64.00    64.00   0.03 100.00

avg-cpu:  %user   %nice %system %iowait  %steal   %idle
           0.72    0.00    3.77    0.00    0.00   95.51

Device            r/s     w/s     rMB/s     wMB/s   rrqm/s   wrqm/s  %rrqm  %wrqm r_await w_await aqu-sz rareq-sz wareq-sz  svctm  %util
nvme1n1       22409.00 9565.00   1400.62    597.81     0.00     0.00   0.00   0.00    0.48    0.50   0.00    64.00    64.00   0.03 100.00
nvme0n1          0.00    0.00      0.00      0.00     0.00     0.00   0.00   0.00    0.00    0.00   0.00     0.00     0.00   0.00   0.00
cas1-1        22411.00 9563.00   1400.69    597.69     0.00     0.00   0.00   0.00    0.49    0.51   0.00    64.00    64.00   0.03 100.00

avg-cpu:  %user   %nice %system %iowait  %steal   %idle
           0.75    0.00    3.74    0.00    0.00   95.51

Device            r/s     w/s     rMB/s     wMB/s   rrqm/s   wrqm/s  %rrqm  %wrqm r_await w_await aqu-sz rareq-sz wareq-sz  svctm  %util
nvme1n1       22391.00 9536.00   1399.38    596.00     0.00     0.00   0.00   0.00    0.48    0.50   0.00    64.00    64.00   0.03 100.00
nvme0n1          0.00    0.00      0.00      0.00     0.00     0.00   0.00   0.00    0.00    0.00   0.00     0.00     0.00   0.00   0.00
cas1-1        22389.00 9539.00   1399.31    596.19     0.00     0.00   0.00   0.00    0.49    0.51   0.00    64.00    64.00   0.03 100.00

avg-cpu:  %user   %nice %system %iowait  %steal   %idle
           0.72    0.00    3.83    0.00    0.00   95.45

Device            r/s     w/s     rMB/s     wMB/s   rrqm/s   wrqm/s  %rrqm  %wrqm r_await w_await aqu-sz rareq-sz wareq-sz  svctm  %util
nvme1n1       22277.00 9624.00   1392.38    601.50     0.00     0.00   0.00   0.00    0.48    0.50   0.00    64.00    64.00   0.03 100.00
nvme0n1          0.00    0.00      0.00      0.00     0.00     0.00   0.00   0.00    0.00    0.00   0.00     0.00     0.00   0.00   0.00
cas1-1        22279.00 9622.00   1392.44    601.38     0.00     0.00   0.00   0.00    0.49    0.51   0.00    64.00    64.00   0.03 100.00

avg-cpu:  %user   %nice %system %iowait  %steal   %idle
           0.78    0.00    3.77    0.00    0.00   95.45

Device            r/s     w/s     rMB/s     wMB/s   rrqm/s   wrqm/s  %rrqm  %wrqm r_await w_await aqu-sz rareq-sz wareq-sz  svctm  %util
nvme1n1       22489.00 9560.00   1405.50    597.50     0.00     0.00   0.00   0.00    0.48    0.50   0.00    64.00    64.00   0.03 100.00
nvme0n1          0.00    0.00      0.00      0.00     0.00     0.00   0.00   0.00    0.00    0.00   0.00     0.00     0.00   0.00   0.00
cas1-1        22488.00 9560.00   1405.50    597.50     0.00     0.00   0.00   0.00    0.49    0.51   0.00    64.00    64.00   0.03 100.00

avg-cpu:  %user   %nice %system %iowait  %steal   %idle
           0.66    0.00    3.83    0.00    0.00   95.51

Device            r/s     w/s     rMB/s     wMB/s   rrqm/s   wrqm/s  %rrqm  %wrqm r_await w_await aqu-sz rareq-sz wareq-sz  svctm  %util
nvme1n1       22291.00 9511.00   1393.19    594.44     0.00     0.00   0.00   0.00    0.49    0.51   0.00    64.00    64.00   0.03 100.00
nvme0n1          0.00    0.00      0.00      0.00     0.00     0.00   0.00   0.00    0.00    0.00   0.00     0.00     0.00   0.00   0.00
cas1-1        22291.00 9512.00   1393.19    594.50     0.00     0.00   0.00   0.00    0.49    0.51   0.00    64.00    64.00   0.03 100.00

avg-cpu:  %user   %nice %system %iowait  %steal   %idle
           0.69    0.00    3.86    0.00    0.00   95.45

Device            r/s     w/s     rMB/s     wMB/s   rrqm/s   wrqm/s  %rrqm  %wrqm r_await w_await aqu-sz rareq-sz wareq-sz  svctm  %util
nvme1n1       22519.00 9444.00   1407.44    590.25     0.00     0.00   0.00   0.00    0.48    0.50   0.00    64.00    64.00   0.03 100.00
nvme0n1          0.00    0.00      0.00      0.00     0.00     0.00   0.00   0.00    0.00    0.00   0.00     0.00     0.00   0.00   0.00
cas1-1        22520.00 9443.00   1407.50    590.19     0.00     0.00   0.00   0.00    0.49    0.51   0.00    64.00    64.00   0.03 100.00

avg-cpu:  %user   %nice %system %iowait  %steal   %idle
           0.72    0.00    3.74    0.03    0.00   95.51

Device            r/s     w/s     rMB/s     wMB/s   rrqm/s   wrqm/s  %rrqm  %wrqm r_await w_await aqu-sz rareq-sz wareq-sz  svctm  %util
nvme1n1       22252.00 9531.00   1390.75    595.69     0.00     0.00   0.00   0.00    0.49    0.50   0.00    64.00    64.00   0.03 100.00
nvme0n1          0.00    0.00      0.00      0.00     0.00     0.00   0.00   0.00    0.00    0.00   0.00     0.00     0.00   0.00   0.00
cas1-1        22251.00 9531.00   1390.69    595.69     0.00     0.00   0.00   0.00    0.49    0.51   0.00    64.00    64.00   0.03 100.00

avg-cpu:  %user   %nice %system %iowait  %steal   %idle
           0.72    0.00    3.83    0.00    0.00   95.45

Device            r/s     w/s     rMB/s     wMB/s   rrqm/s   wrqm/s  %rrqm  %wrqm r_await w_await aqu-sz rareq-sz wareq-sz  svctm  %util
nvme1n1       22085.00 9583.00   1380.31    598.94     0.00     0.00   0.00   0.00    0.49    0.51   0.00    64.00    64.00   0.03 100.00
nvme0n1          0.00    0.00      0.00      0.00     0.00     0.00   0.00   0.00    0.00    0.00   0.00     0.00     0.00   0.00   0.00
cas1-1        22084.00 9583.00   1380.25    598.94     0.00     0.00   0.00   0.00    0.49    0.51   0.00    64.00    64.00   0.03 100.00

avg-cpu:  %user   %nice %system %iowait  %steal   %idle
           0.69    0.00    3.83    0.00    0.00   95.48

Device            r/s     w/s     rMB/s     wMB/s   rrqm/s   wrqm/s  %rrqm  %wrqm r_await w_await aqu-sz rareq-sz wareq-sz  svctm  %util
nvme1n1       22067.00 9806.00   1379.19    612.88     0.00     0.00   0.00   0.00    0.48    0.50   0.00    64.00    64.00   0.03 100.00
nvme0n1          0.00    0.00      0.00      0.00     0.00     0.00   0.00   0.00    0.00    0.00   0.00     0.00     0.00   0.00   0.00
cas1-1        22069.00 9807.00   1379.31    612.94     0.00     0.00   0.00   0.00    0.49    0.51   0.00    64.00    64.00   0.03 100.00

avg-cpu:  %user   %nice %system %iowait  %steal   %idle
           0.72    0.00    3.74    0.00    0.00   95.54

Device            r/s     w/s     rMB/s     wMB/s   rrqm/s   wrqm/s  %rrqm  %wrqm r_await w_await aqu-sz rareq-sz wareq-sz  svctm  %util
nvme1n1       22396.00 9445.00   1399.75    590.31     0.00     0.00   0.00   0.00    0.49    0.50   0.00    64.00    64.00   0.03 100.00
nvme0n1          0.00    0.00      0.00      0.00     0.00     0.00   0.00   0.00    0.00    0.00   0.00     0.00     0.00   0.00   0.00
cas1-1        22393.00 9446.00   1399.56    590.38     0.00     0.00   0.00   0.00    0.49    0.51   0.00    64.00    64.00   0.03 100.00

avg-cpu:  %user   %nice %system %iowait  %steal   %idle
           0.66    0.00    3.89    0.00    0.00   95.45

Device            r/s     w/s     rMB/s     wMB/s   rrqm/s   wrqm/s  %rrqm  %wrqm r_await w_await aqu-sz rareq-sz wareq-sz  svctm  %util
nvme1n1       22271.00 9572.00   1391.94    598.25     0.00     0.00   0.00   0.00    0.48    0.50   0.00    64.00    64.00   0.03 100.00
nvme0n1          0.00    0.00      0.00      0.00     0.00     0.00   0.00   0.00    0.00    0.00   0.00     0.00     0.00   0.00   0.00
cas1-1        22273.00 9569.00   1392.06    598.06     0.00     0.00   0.00   0.00    0.49    0.51   0.00    64.00    64.00   0.03 100.00

avg-cpu:  %user   %nice %system %iowait  %steal   %idle
           0.66    0.00    3.80    0.00    0.00   95.54

Device            r/s     w/s     rMB/s     wMB/s   rrqm/s   wrqm/s  %rrqm  %wrqm r_await w_await aqu-sz rareq-sz wareq-sz  svctm  %util
nvme1n1       22388.00 9548.00   1399.25    596.75     0.00     0.00   0.00   0.00    0.48    0.50   0.00    64.00    64.00   0.03 100.00
nvme0n1          0.00    0.00      0.00      0.00     0.00     0.00   0.00   0.00    0.00    0.00   0.00     0.00     0.00   0.00   0.00
cas1-1        22387.00 9551.00   1399.19    596.94     0.00     0.00   0.00   0.00    0.49    0.51   0.00    64.00    64.00   0.03 100.10

avg-cpu:  %user   %nice %system %iowait  %steal   %idle
           0.66    0.00    3.86    0.00    0.00   95.48

Device            r/s     w/s     rMB/s     wMB/s   rrqm/s   wrqm/s  %rrqm  %wrqm r_await w_await aqu-sz rareq-sz wareq-sz  svctm  %util
nvme1n1       22335.00 9437.00   1395.94    589.81     0.00     0.00   0.00   0.00    0.49    0.51   0.00    64.00    64.00   0.03 100.00
nvme0n1          0.00    0.00      0.00      0.00     0.00     0.00   0.00   0.00    0.00    0.00   0.00     0.00     0.00   0.00   0.00
cas1-1        22335.00 9436.00   1395.94    589.75     0.00     0.00   0.00   0.00    0.49    0.51   0.00    64.00    64.00   0.03 100.00

avg-cpu:  %user   %nice %system %iowait  %steal   %idle
           0.69    0.00    3.80    0.00    0.00   95.51

Device            r/s     w/s     rMB/s     wMB/s   rrqm/s   wrqm/s  %rrqm  %wrqm r_await w_await aqu-sz rareq-sz wareq-sz  svctm  %util
nvme1n1       22403.00 9510.00   1400.19    594.38     0.00     0.00   0.00   0.00    0.48    0.50   0.00    64.00    64.00   0.03 100.10
nvme0n1          0.00    0.00      0.00      0.00     0.00     0.00   0.00   0.00    0.00    0.00   0.00     0.00     0.00   0.00   0.00
cas1-1        22401.00 9511.00   1400.12    594.44     0.00     0.00   0.00   0.00    0.49    0.51   0.00    64.00    64.00   0.03 100.00

avg-cpu:  %user   %nice %system %iowait  %steal   %idle
           0.82    0.00    3.80    0.00    0.00   95.39

Device            r/s     w/s     rMB/s     wMB/s   rrqm/s   wrqm/s  %rrqm  %wrqm r_await w_await aqu-sz rareq-sz wareq-sz  svctm  %util
nvme1n1       22099.00 9541.00   1381.19    596.31     0.00     0.00   0.00   0.00    0.49    0.51   0.00    64.00    64.00   0.03 100.00
nvme0n1          0.00    0.00      0.00      0.00     0.00     0.00   0.00   0.00    0.00    0.00   0.00     0.00     0.00   0.00   0.00
cas1-1        22102.00 9538.00   1381.31    596.12     0.00     0.00   0.00   0.00    0.49    0.52   0.00    64.00    64.00   0.03 100.00

avg-cpu:  %user   %nice %system %iowait  %steal   %idle
           0.66    0.00    3.77    0.00    0.00   95.57

Device            r/s     w/s     rMB/s     wMB/s   rrqm/s   wrqm/s  %rrqm  %wrqm r_await w_await aqu-sz rareq-sz wareq-sz  svctm  %util
nvme1n1       22126.00 9589.00   1382.88    599.31     0.00     0.00   0.00   0.00    0.49    0.51   0.00    64.00    64.00   0.03 100.00
nvme0n1          0.00    0.00      0.00      0.00     0.00     0.00   0.00   0.00    0.00    0.00   0.00     0.00     0.00   0.00   0.00
cas1-1        22126.00 9590.00   1382.88    599.38     0.00     0.00   0.00   0.00    0.49    0.51   0.00    64.00    64.00   0.03 100.00

avg-cpu:  %user   %nice %system %iowait  %steal   %idle
           0.66    0.00    3.86    0.00    0.00   95.48

Device            r/s     w/s     rMB/s     wMB/s   rrqm/s   wrqm/s  %rrqm  %wrqm r_await w_await aqu-sz rareq-sz wareq-sz  svctm  %util
nvme1n1       22419.00 9534.00   1401.19    595.88     0.00     0.00   0.00   0.00    0.48    0.50   0.00    64.00    64.00   0.03 100.00
nvme0n1          0.00    0.00      0.00      0.00     0.00     0.00   0.00   0.00    0.00    0.00   0.00     0.00     0.00   0.00   0.00
cas1-1        22418.00 9535.00   1401.12    595.94     0.00     0.00   0.00   0.00    0.49    0.51   0.00    64.00    64.00   0.03 100.00

avg-cpu:  %user   %nice %system %iowait  %steal   %idle
           0.78    0.00    3.86    0.00    0.00   95.36

Device            r/s     w/s     rMB/s     wMB/s   rrqm/s   wrqm/s  %rrqm  %wrqm r_await w_await aqu-sz rareq-sz wareq-sz  svctm  %util
nvme1n1       22272.00 9523.00   1392.00    595.19     0.00     0.00   0.00   0.00    0.49    0.51   0.00    64.00    64.00   0.03 100.00
nvme0n1          0.00    0.00      0.00      0.00     0.00     0.00   0.00   0.00    0.00    0.00   0.00     0.00     0.00   0.00   0.00
cas1-1        22272.00 9524.00   1392.00    595.25     0.00     0.00   0.00   0.00    0.49    0.51   0.00    64.00    64.00   0.03 100.00

avg-cpu:  %user   %nice %system %iowait  %steal   %idle
           0.75    0.00    3.68    0.00    0.00   95.57

Device            r/s     w/s     rMB/s     wMB/s   rrqm/s   wrqm/s  %rrqm  %wrqm r_await w_await aqu-sz rareq-sz wareq-sz  svctm  %util
nvme1n1       22583.00 9445.00   1411.44    590.31     0.00     0.00   0.00   0.00    0.48    0.50   0.00    64.00    64.00   0.03 100.00
nvme0n1          0.00    0.00      0.00      0.00     0.00     0.00   0.00   0.00    0.00    0.00   0.00     0.00     0.00   0.00   0.00
cas1-1        22585.00 9442.00   1411.56    590.12     0.00     0.00   0.00   0.00    0.49    0.51   0.00    64.00    64.00   0.03 100.00

avg-cpu:  %user   %nice %system %iowait  %steal   %idle
           1.29    0.00    3.77    0.00    0.00   94.94

Device            r/s     w/s     rMB/s     wMB/s   rrqm/s   wrqm/s  %rrqm  %wrqm r_await w_await aqu-sz rareq-sz wareq-sz  svctm  %util
nvme1n1       22092.00 9704.00   1380.75    606.50     0.00     0.00   0.00   0.00    0.49    0.50   0.00    64.00    64.00   0.03 100.00
nvme0n1          0.00    0.00      0.00      0.00     0.00     0.00   0.00   0.00    0.00    0.00   0.00     0.00     0.00   0.00   0.00
cas1-1        22090.00 9706.00   1380.62    606.62     0.00     0.00   0.00   0.00    0.49    0.51   0.00    64.00    64.00   0.03 100.00

avg-cpu:  %user   %nice %system %iowait  %steal   %idle
           0.69    0.00    3.74    0.03    0.00   95.53

Device            r/s     w/s     rMB/s     wMB/s   rrqm/s   wrqm/s  %rrqm  %wrqm r_await w_await aqu-sz rareq-sz wareq-sz  svctm  %util
nvme1n1       22165.00 9507.00   1385.31    594.19     0.00     0.00   0.00   0.00    0.49    0.51   0.00    64.00    64.00   0.03 100.00
nvme0n1          0.00    0.00      0.00      0.00     0.00     0.00   0.00   0.00    0.00    0.00   0.00     0.00     0.00   0.00   0.00
cas1-1        22167.00 9506.00   1385.44    594.12     0.00     0.00   0.00   0.00    0.49    0.52   0.00    64.00    64.00   0.03 100.00

avg-cpu:  %user   %nice %system %iowait  %steal   %idle
           0.66    0.00    3.77    0.00    0.00   95.57

Device            r/s     w/s     rMB/s     wMB/s   rrqm/s   wrqm/s  %rrqm  %wrqm r_await w_await aqu-sz rareq-sz wareq-sz  svctm  %util
nvme1n1       22316.00 9631.00   1394.75    602.00     0.00     0.00   0.00   0.00    0.48    0.50   0.00    64.00    64.01   0.03 100.00
nvme0n1          0.00    0.00      0.00      0.00     0.00     0.00   0.00   0.00    0.00    0.00   0.00     0.00     0.00   0.00   0.00
cas1-1        22314.00 9633.00   1394.62    602.06     0.00     0.00   0.00   0.00    0.49    0.51   0.00    64.00    64.00   0.03 100.00

avg-cpu:  %user   %nice %system %iowait  %steal   %idle
           0.66    0.00    3.86    0.00    0.00   95.48

Device            r/s     w/s     rMB/s     wMB/s   rrqm/s   wrqm/s  %rrqm  %wrqm r_await w_await aqu-sz rareq-sz wareq-sz  svctm  %util
nvme1n1       22234.00 9407.00   1389.62    587.88     0.00     0.00   0.00   0.00    0.49    0.51   0.00    64.00    63.99   0.03 100.00
nvme0n1          0.00    0.00      0.00      0.00     0.00     0.00   0.00   0.00    0.00    0.00   0.00     0.00     0.00   0.00   0.00
cas1-1        22235.00 9405.00   1389.69    587.81     0.00     0.00   0.00   0.00    0.49    0.52   0.00    64.00    64.00   0.03 100.00

avg-cpu:  %user   %nice %system %iowait  %steal   %idle
           0.66    0.00    3.89    0.00    0.00   95.45

Device            r/s     w/s     rMB/s     wMB/s   rrqm/s   wrqm/s  %rrqm  %wrqm r_await w_await aqu-sz rareq-sz wareq-sz  svctm  %util
nvme1n1       22075.00 9556.00   1379.69    597.25     0.00     0.00   0.00   0.00    0.49    0.51   0.00    64.00    64.00   0.03 100.00
nvme0n1          0.00    0.00      0.00      0.00     0.00     0.00   0.00   0.00    0.00    0.00   0.00     0.00     0.00   0.00   0.00
cas1-1        22075.00 9555.00   1379.69    597.19     0.00     0.00   0.00   0.00    0.49    0.52   0.00    64.00    64.00   0.03 100.00

avg-cpu:  %user   %nice %system %iowait  %steal   %idle
           0.72    0.00    3.86    0.00    0.00   95.42

Device            r/s     w/s     rMB/s     wMB/s   rrqm/s   wrqm/s  %rrqm  %wrqm r_await w_await aqu-sz rareq-sz wareq-sz  svctm  %util
nvme1n1       22149.00 9740.00   1384.31    608.75     0.00     0.00   0.00   0.00    0.48    0.50   0.00    64.00    64.00   0.03 100.00
nvme0n1          0.00    0.00      0.00      0.00     0.00     0.00   0.00   0.00    0.00    0.00   0.00     0.00     0.00   0.00   0.00
cas1-1        22147.00 9741.00   1384.19    608.81     0.00     0.00   0.00   0.00    0.49    0.51   0.00    64.00    64.00   0.03 100.00

avg-cpu:  %user   %nice %system %iowait  %steal   %idle
           0.72    0.00    3.77    0.00    0.00   95.51

Device            r/s     w/s     rMB/s     wMB/s   rrqm/s   wrqm/s  %rrqm  %wrqm r_await w_await aqu-sz rareq-sz wareq-sz  svctm  %util
nvme1n1       22349.00 9617.00   1396.81    601.06     0.00     0.00   0.00   0.00    0.48    0.50   0.00    64.00    64.00   0.03 100.00
nvme0n1          0.00    0.00      0.00      0.00     0.00     0.00   0.00   0.00    0.00    0.00   0.00     0.00     0.00   0.00   0.00
cas1-1        22352.00 9617.00   1397.00    601.06     0.00     0.00   0.00   0.00    0.49    0.51   0.00    64.00    64.00   0.03 100.00

avg-cpu:  %user   %nice %system %iowait  %steal   %idle
           0.72    0.00    3.77    0.00    0.00   95.51

Device            r/s     w/s     rMB/s     wMB/s   rrqm/s   wrqm/s  %rrqm  %wrqm r_await w_await aqu-sz rareq-sz wareq-sz  svctm  %util
nvme1n1       21868.00 9481.00   1366.75    592.56     0.00     0.00   0.00   0.00    0.49    0.51   0.00    64.00    64.00   0.03 100.00
nvme0n1          0.00    0.00      0.00      0.00     0.00     0.00   0.00   0.00    0.00    0.00   0.00     0.00     0.00   0.00   0.00
cas1-1        21866.00 9482.00   1366.62    592.62     0.00     0.00   0.00   0.00    0.50    0.52   0.00    64.00    64.00   0.03 100.00

avg-cpu:  %user   %nice %system %iowait  %steal   %idle
           0.69    0.00    3.83    0.00    0.00   95.48

Device            r/s     w/s     rMB/s     wMB/s   rrqm/s   wrqm/s  %rrqm  %wrqm r_await w_await aqu-sz rareq-sz wareq-sz  svctm  %util
nvme1n1       22334.00 9440.00   1395.88    590.00     0.00     0.00   0.00   0.00    0.49    0.51   0.00    64.00    64.00   0.03 100.00
nvme0n1          0.00    0.00      0.00      0.00     0.00     0.00   0.00   0.00    0.00    0.00   0.00     0.00     0.00   0.00   0.00
cas1-1        22334.00 9439.00   1395.88    589.94     0.00     0.00   0.00   0.00    0.49    0.51   0.00    64.00    64.00   0.03 100.00

avg-cpu:  %user   %nice %system %iowait  %steal   %idle
           0.63    0.00    3.86    0.00    0.00   95.51

Device            r/s     w/s     rMB/s     wMB/s   rrqm/s   wrqm/s  %rrqm  %wrqm r_await w_await aqu-sz rareq-sz wareq-sz  svctm  %util
nvme1n1       22442.00 9501.00   1402.62    593.81     0.00     0.00   0.00   0.00    0.48    0.50   0.00    64.00    64.00   0.03 100.00
nvme0n1          0.00    0.00      0.00      0.00     0.00     0.00   0.00   0.00    0.00    0.00   0.00     0.00     0.00   0.00   0.00
cas1-1        22444.00 9501.00   1402.75    593.81     0.00     0.00   0.00   0.00    0.49    0.51   0.00    64.00    64.00   0.03 100.00

avg-cpu:  %user   %nice %system %iowait  %steal   %idle
           0.82    0.00    3.68    0.00    0.00   95.50

Device            r/s     w/s     rMB/s     wMB/s   rrqm/s   wrqm/s  %rrqm  %wrqm r_await w_await aqu-sz rareq-sz wareq-sz  svctm  %util
nvme1n1       22394.00 9472.00   1399.62    592.00     0.00     0.00   0.00   0.00    0.48    0.50   0.00    64.00    64.00   0.03 100.00
nvme0n1          0.00    0.00      0.00      0.00     0.00     0.00   0.00   0.00    0.00    0.00   0.00     0.00     0.00   0.00   0.00
cas1-1        22391.00 9473.00   1399.44    592.12     0.00     0.00   0.00   0.00    0.49    0.51   0.00    64.00    64.01   0.03 100.00

avg-cpu:  %user   %nice %system %iowait  %steal   %idle
           0.78    0.00    3.77    0.00    0.00   95.45

Device            r/s     w/s     rMB/s     wMB/s   rrqm/s   wrqm/s  %rrqm  %wrqm r_await w_await aqu-sz rareq-sz wareq-sz  svctm  %util
nvme1n1       22540.00 9481.00   1408.75    592.56     0.00     0.00   0.00   0.00    0.48    0.50   0.00    64.00    64.00   0.03 100.00
nvme0n1          0.00    0.00      0.00      0.00     0.00     0.00   0.00   0.00    0.00    0.00   0.00     0.00     0.00   0.00   0.00
cas1-1        22543.00 9480.00   1408.94    592.44     0.00     0.00   0.00   0.00    0.49    0.51   0.00    64.00    63.99   0.03 100.00

avg-cpu:  %user   %nice %system %iowait  %steal   %idle
           0.69    0.00    3.92    0.00    0.00   95.39

Device            r/s     w/s     rMB/s     wMB/s   rrqm/s   wrqm/s  %rrqm  %wrqm r_await w_await aqu-sz rareq-sz wareq-sz  svctm  %util
nvme1n1       22221.00 9530.00   1388.81    595.62     0.00     0.00   0.00   0.00    0.49    0.51   0.00    64.00    64.00   0.03 100.00
nvme0n1          0.00    0.00      0.00      0.00     0.00     0.00   0.00   0.00    0.00    0.00   0.00     0.00     0.00   0.00   0.00
cas1-1        22222.00 9530.00   1388.88    595.62     0.00     0.00   0.00   0.00    0.49    0.51   0.00    64.00    64.00   0.03 100.00

avg-cpu:  %user   %nice %system %iowait  %steal   %idle
           0.75    0.00    3.80    0.00    0.00   95.45

Device            r/s     w/s     rMB/s     wMB/s   rrqm/s   wrqm/s  %rrqm  %wrqm r_await w_await aqu-sz rareq-sz wareq-sz  svctm  %util
nvme1n1       22270.00 9507.00   1391.88    594.19     0.00     0.00   0.00   0.00    0.49    0.51   0.00    64.00    64.00   0.03 100.00
nvme0n1          0.00    0.00      0.00      0.00     0.00     0.00   0.00   0.00    0.00    0.00   0.00     0.00     0.00   0.00   0.00
cas1-1        22269.00 9507.00   1391.81    594.19     0.00     0.00   0.00   0.00    0.49    0.51   0.00    64.00    64.00   0.03 100.00

avg-cpu:  %user   %nice %system %iowait  %steal   %idle
           0.79    0.00    3.67    0.00    0.00   95.54

Device            r/s     w/s     rMB/s     wMB/s   rrqm/s   wrqm/s  %rrqm  %wrqm r_await w_await aqu-sz rareq-sz wareq-sz  svctm  %util
nvme1n1       22228.00 9623.00   1389.25    601.44     0.00     0.00   0.00   0.00    0.48    0.50   0.00    64.00    64.00   0.03 100.00
nvme0n1          0.00    0.00      0.00      0.00     0.00     0.00   0.00   0.00    0.00    0.00   0.00     0.00     0.00   0.00   0.00
cas1-1        22227.00 9623.00   1389.19    601.44     0.00     0.00   0.00   0.00    0.49    0.51   0.00    64.00    64.00   0.03 100.00

avg-cpu:  %user   %nice %system %iowait  %steal   %idle
           0.63    0.00    3.86    0.00    0.00   95.51

Device            r/s     w/s     rMB/s     wMB/s   rrqm/s   wrqm/s  %rrqm  %wrqm r_await w_await aqu-sz rareq-sz wareq-sz  svctm  %util
nvme1n1       22351.00 9355.00   1396.94    584.69     0.00     0.00   0.00   0.00    0.49    0.51   0.00    64.00    64.00   0.03 100.00
nvme0n1          0.00    0.00      0.00      0.00     0.00     0.00   0.00   0.00    0.00    0.00   0.00     0.00     0.00   0.00   0.00
cas1-1        22351.00 9355.00   1396.94    584.69     0.00     0.00   0.00   0.00    0.49    0.52   0.00    64.00    64.00   0.03 100.00

avg-cpu:  %user   %nice %system %iowait  %steal   %idle
           0.75    0.00    3.83    0.00    0.00   95.42

Device            r/s     w/s     rMB/s     wMB/s   rrqm/s   wrqm/s  %rrqm  %wrqm r_await w_await aqu-sz rareq-sz wareq-sz  svctm  %util
nvme1n1       22411.00 9522.00   1400.69    595.12     0.00     0.00   0.00   0.00    0.48    0.50   0.00    64.00    64.00   0.03 100.00
nvme0n1          0.00    0.00      0.00      0.00     0.00     0.00   0.00   0.00    0.00    0.00   0.00     0.00     0.00   0.00   0.00
cas1-1        22410.00 9523.00   1400.62    595.19     0.00     0.00   0.00   0.00    0.49    0.51   0.00    64.00    64.00   0.03 100.10

avg-cpu:  %user   %nice %system %iowait  %steal   %idle
           0.63    0.00    3.92    0.00    0.00   95.45

Device            r/s     w/s     rMB/s     wMB/s   rrqm/s   wrqm/s  %rrqm  %wrqm r_await w_await aqu-sz rareq-sz wareq-sz  svctm  %util
nvme1n1       22117.00 9680.00   1382.31    605.00     0.00     0.00   0.00   0.00    0.49    0.51   0.00    64.00    64.00   0.03 100.00
nvme0n1          0.00    0.00      0.00      0.00     0.00     0.00   0.00   0.00    0.00    0.00   0.00     0.00     0.00   0.00   0.00
cas1-1        22116.00 9681.00   1382.25    605.06     0.00     0.00   0.00   0.00    0.49    0.51   0.00    64.00    64.00   0.03 100.00

avg-cpu:  %user   %nice %system %iowait  %steal   %idle
           0.69    0.00    3.77    0.00    0.00   95.54

Device            r/s     w/s     rMB/s     wMB/s   rrqm/s   wrqm/s  %rrqm  %wrqm r_await w_await aqu-sz rareq-sz wareq-sz  svctm  %util
nvme1n1       22387.00 9627.00   1399.19    601.69     0.00     0.00   0.00   0.00    0.48    0.50   0.00    64.00    64.00   0.03 100.10
nvme0n1          0.00    0.00      0.00      0.00     0.00     0.00   0.00   0.00    0.00    0.00   0.00     0.00     0.00   0.00   0.00
cas1-1        22388.00 9625.00   1399.25    601.56     0.00     0.00   0.00   0.00    0.49    0.51   0.00    64.00    64.00   0.03 100.00

avg-cpu:  %user   %nice %system %iowait  %steal   %idle
           0.66    0.00    3.77    0.00    0.00   95.57

Device            r/s     w/s     rMB/s     wMB/s   rrqm/s   wrqm/s  %rrqm  %wrqm r_await w_await aqu-sz rareq-sz wareq-sz  svctm  %util
nvme1n1       22463.00 9518.00   1403.94    594.88     0.00     0.00   0.00   0.00    0.48    0.50   0.00    64.00    64.00   0.03 100.00
nvme0n1          0.00    0.00      0.00      0.00     0.00     0.00   0.00   0.00    0.00    0.00   0.00     0.00     0.00   0.00   0.00
cas1-1        22464.00 9518.00   1404.00    594.88     0.00     0.00   0.00   0.00    0.49    0.51   0.00    64.00    64.00   0.03 100.00

avg-cpu:  %user   %nice %system %iowait  %steal   %idle
           0.69    0.00    3.86    0.00    0.00   95.45

Device            r/s     w/s     rMB/s     wMB/s   rrqm/s   wrqm/s  %rrqm  %wrqm r_await w_await aqu-sz rareq-sz wareq-sz  svctm  %util
nvme1n1       22371.00 9558.00   1398.19    597.38     0.00     0.00   0.00   0.00    0.48    0.50   0.00    64.00    64.00   0.03 100.00
nvme0n1          0.00    0.00      0.00      0.00     0.00     0.00   0.00   0.00    0.00    0.00   0.00     0.00     0.00   0.00   0.00
cas1-1        22372.00 9557.00   1398.25    597.31     0.00     0.00   0.00   0.00    0.49    0.51   0.00    64.00    64.00   0.03 100.00

avg-cpu:  %user   %nice %system %iowait  %steal   %idle
           0.82    0.00    3.74    0.00    0.00   95.45

Device            r/s     w/s     rMB/s     wMB/s   rrqm/s   wrqm/s  %rrqm  %wrqm r_await w_await aqu-sz rareq-sz wareq-sz  svctm  %util
nvme1n1       22492.00 9454.00   1405.75    590.88     0.00     0.00   0.00   0.00    0.48    0.50   0.00    64.00    64.00   0.03 100.00
nvme0n1          0.00    0.00      0.00      0.00     0.00     0.00   0.00   0.00    0.00    0.00   0.00     0.00     0.00   0.00   0.00
cas1-1        22492.00 9455.00   1405.75    590.94     0.00     0.00   0.00   0.00    0.49    0.51   0.00    64.00    64.00   0.03 100.00

avg-cpu:  %user   %nice %system %iowait  %steal   %idle
           0.69    0.00    3.80    0.00    0.00   95.51

Device            r/s     w/s     rMB/s     wMB/s   rrqm/s   wrqm/s  %rrqm  %wrqm r_await w_await aqu-sz rareq-sz wareq-sz  svctm  %util
nvme1n1       22251.00 9634.00   1390.69    602.12     0.00     0.00   0.00   0.00    0.48    0.50   0.00    64.00    64.00   0.03 100.00
nvme0n1          0.00    0.00      0.00      0.00     0.00     0.00   0.00   0.00    0.00    0.00   0.00     0.00     0.00   0.00   0.00
cas1-1        22249.00 9635.00   1390.56    602.19     0.00     0.00   0.00   0.00    0.49    0.51   0.00    64.00    64.00   0.03 100.00

avg-cpu:  %user   %nice %system %iowait  %steal   %idle
           0.72    0.00    3.86    0.00    0.00   95.42

Device            r/s     w/s     rMB/s     wMB/s   rrqm/s   wrqm/s  %rrqm  %wrqm r_await w_await aqu-sz rareq-sz wareq-sz  svctm  %util
nvme1n1       22364.00 9541.00   1397.75    596.31     0.00     0.00   0.00   0.00    0.48    0.50   0.00    64.00    64.00   0.03 100.00
nvme0n1          0.00    0.00      0.00      0.00     0.00     0.00   0.00   0.00    0.00    0.00   0.00     0.00     0.00   0.00   0.00
cas1-1        22366.00 9539.00   1397.88    596.19     0.00     0.00   0.00   0.00    0.49    0.51   0.00    64.00    64.00   0.03 100.00

avg-cpu:  %user   %nice %system %iowait  %steal   %idle
           0.72    0.00    3.80    0.00    0.00   95.48

Device            r/s     w/s     rMB/s     wMB/s   rrqm/s   wrqm/s  %rrqm  %wrqm r_await w_await aqu-sz rareq-sz wareq-sz  svctm  %util
nvme1n1       22465.00 9515.00   1404.06    594.69     0.00     0.00   0.00   0.00    0.48    0.50   0.00    64.00    64.00   0.03 100.00
nvme0n1          0.00    0.00      0.00      0.00     0.00     0.00   0.00   0.00    0.00    0.00   0.00     0.00     0.00   0.00   0.00
cas1-1        22462.00 9518.00   1403.88    594.88     0.00     0.00   0.00   0.00    0.49    0.51   0.00    64.00    64.00   0.03 100.00

avg-cpu:  %user   %nice %system %iowait  %steal   %idle
           0.75    0.00    3.71    0.00    0.00   95.54

Device            r/s     w/s     rMB/s     wMB/s   rrqm/s   wrqm/s  %rrqm  %wrqm r_await w_await aqu-sz rareq-sz wareq-sz  svctm  %util
nvme1n1       22351.00 9540.00   1396.94    596.25     0.00     0.00   0.00   0.00    0.48    0.50   0.00    64.00    64.00   0.03 100.00
nvme0n1          0.00    0.00      0.00      0.00     0.00     0.00   0.00   0.00    0.00    0.00   0.00     0.00     0.00   0.00   0.00
cas1-1        22353.00 9539.00   1397.06    596.19     0.00     0.00   0.00   0.00    0.49    0.51   0.00    64.00    64.00   0.03 100.00

avg-cpu:  %user   %nice %system %iowait  %steal   %idle
           0.78    0.00    3.83    0.00    0.00   95.39

Device            r/s     w/s     rMB/s     wMB/s   rrqm/s   wrqm/s  %rrqm  %wrqm r_await w_await aqu-sz rareq-sz wareq-sz  svctm  %util
nvme1n1       22271.00 9629.00   1391.94    601.81     0.00     0.00   0.00   0.00    0.48    0.50   0.00    64.00    64.00   0.03 100.00
nvme0n1          0.00    0.00      0.00      0.00     0.00     0.00   0.00   0.00    0.00    0.00   0.00     0.00     0.00   0.00   0.00
cas1-1        22271.00 9628.00   1391.94    601.75     0.00     0.00   0.00   0.00    0.49    0.51   0.00    64.00    64.00   0.03 100.00

avg-cpu:  %user   %nice %system %iowait  %steal   %idle
           0.63    0.00    3.83    0.00    0.00   95.54

Device            r/s     w/s     rMB/s     wMB/s   rrqm/s   wrqm/s  %rrqm  %wrqm r_await w_await aqu-sz rareq-sz wareq-sz  svctm  %util
nvme1n1       22435.00 9475.00   1402.19    592.19     0.00     0.00   0.00   0.00    0.48    0.50   0.00    64.00    64.00   0.03 100.00
nvme0n1          0.00    0.00      0.00      0.00     0.00     0.00   0.00   0.00    0.00    0.00   0.00     0.00     0.00   0.00   0.00
cas1-1        22434.00 9476.00   1402.12    592.25     0.00     0.00   0.00   0.00    0.49    0.51   0.00    64.00    64.00   0.03 100.00

avg-cpu:  %user   %nice %system %iowait  %steal   %idle
           0.69    0.00    3.77    0.00    0.00   95.54

Device            r/s     w/s     rMB/s     wMB/s   rrqm/s   wrqm/s  %rrqm  %wrqm r_await w_await aqu-sz rareq-sz wareq-sz  svctm  %util
nvme1n1       22197.00 9540.00   1387.31    596.25     0.00     0.00   0.00   0.00    0.49    0.51   0.00    64.00    64.00   0.03 100.00
nvme0n1          0.00    0.00      0.00      0.00     0.00     0.00   0.00   0.00    0.00    0.00   0.00     0.00     0.00   0.00   0.00
cas1-1        22199.00 9538.00   1387.44    596.12     0.00     0.00   0.00   0.00    0.49    0.51   0.00    64.00    64.00   0.03 100.00

avg-cpu:  %user   %nice %system %iowait  %steal   %idle
           0.72    0.00    3.89    0.00    0.00   95.39

Device            r/s     w/s     rMB/s     wMB/s   rrqm/s   wrqm/s  %rrqm  %wrqm r_await w_await aqu-sz rareq-sz wareq-sz  svctm  %util
nvme1n1       22292.00 9563.00   1393.25    597.69     0.00     0.00   0.00   0.00    0.48    0.50   0.00    64.00    64.00   0.03 100.00
nvme0n1          0.00    0.00      0.00      0.00     0.00     0.00   0.00   0.00    0.00    0.00   0.00     0.00     0.00   0.00   0.00
cas1-1        22293.00 9563.00   1393.31    597.69     0.00     0.00   0.00   0.00    0.49    0.51   0.00    64.00    64.00   0.03 100.00

avg-cpu:  %user   %nice %system %iowait  %steal   %idle
           0.69    0.00    3.86    0.00    0.00   95.45

Device            r/s     w/s     rMB/s     wMB/s   rrqm/s   wrqm/s  %rrqm  %wrqm r_await w_await aqu-sz rareq-sz wareq-sz  svctm  %util
nvme1n1       22195.00 9584.00   1387.19    599.00     0.00     0.00   0.00   0.00    0.49    0.51   0.00    64.00    64.00   0.03 100.00
nvme0n1          0.00    0.00      0.00      0.00     0.00     0.00   0.00   0.00    0.00    0.00   0.00     0.00     0.00   0.00   0.00
cas1-1        22193.00 9585.00   1387.06    599.06     0.00     0.00   0.00   0.00    0.49    0.51   0.00    64.00    64.00   0.03 100.00

avg-cpu:  %user   %nice %system %iowait  %steal   %idle
           0.63    0.00    3.92    0.00    0.00   95.45

Device            r/s     w/s     rMB/s     wMB/s   rrqm/s   wrqm/s  %rrqm  %wrqm r_await w_await aqu-sz rareq-sz wareq-sz  svctm  %util
nvme1n1       22292.00 9475.00   1393.25    592.19     0.00     0.00   0.00   0.00    0.49    0.51   0.00    64.00    64.00   0.03 100.00
nvme0n1          0.00    0.00      0.00      0.00     0.00     0.00   0.00   0.00    0.00    0.00   0.00     0.00     0.00   0.00   0.00
cas1-1        22290.00 9477.00   1393.12    592.31     0.00     0.00   0.00   0.00    0.49    0.51   0.00    64.00    64.00   0.03 100.00

avg-cpu:  %user   %nice %system %iowait  %steal   %idle
           0.78    0.00    3.70    0.06    0.00   95.45

Device            r/s     w/s     rMB/s     wMB/s   rrqm/s   wrqm/s  %rrqm  %wrqm r_await w_await aqu-sz rareq-sz wareq-sz  svctm  %util
nvme1n1       20924.00 8978.00   1305.79    561.12     0.00     0.00   0.00   0.00    0.48    0.50   0.00    63.90    64.00   0.03  93.80
nvme0n1          0.00    0.00      0.00      0.00     0.00     0.00   0.00   0.00    0.00    0.00   0.00     0.00     0.00   0.00   0.00
cas1-1        20919.00 8975.00   1305.73    560.94     0.00     0.00   0.00   0.00    0.49    0.51   0.00    63.92    64.00   0.03  93.80

