Linux 5.4.1-050401-lowlatency (kanwu-Super-Server) 	09/10/2020 	_x86_64_	(32 CPU)

avg-cpu:  %user   %nice %system %iowait  %steal   %idle
           0.04    0.00    0.07    0.04    0.00   99.85

Device            r/s     w/s     rMB/s     wMB/s   rrqm/s   wrqm/s  %rrqm  %wrqm r_await w_await aqu-sz rareq-sz wareq-sz  svctm  %util
nvme1n1        337.13   89.76     21.07      5.46     0.00     0.00   0.00   0.00    0.24    0.33   0.00    64.00    62.29   0.03   1.22
nvme0n1         91.80   18.22      5.74      1.14     0.00     0.00   0.00   0.00    0.19    0.08   0.00    63.99    63.91   0.06   0.61
cas1-1          24.73    2.75      1.55      0.17     0.00     0.00   0.00   0.00    0.11    0.04   0.00    64.00    64.00   0.02   0.05

avg-cpu:  %user   %nice %system %iowait  %steal   %idle
           0.03    0.00    0.06    0.88    0.00   99.03

Device            r/s     w/s     rMB/s     wMB/s   rrqm/s   wrqm/s  %rrqm  %wrqm r_await w_await aqu-sz rareq-sz wareq-sz  svctm  %util
nvme1n1          0.00    0.00      0.00      0.00     0.00     0.00   0.00   0.00    0.00    0.00   0.00     0.00     0.00   0.00   0.00
nvme0n1          0.00    0.00      0.00      0.00     0.00     0.00   0.00   0.00    0.00    0.00   0.00     0.00     0.00   0.00   0.00
cas1-1           0.00    0.00      0.00      0.00     0.00     0.00   0.00   0.00    0.00    0.00   0.00     0.00     0.00   0.00   0.00

avg-cpu:  %user   %nice %system %iowait  %steal   %idle
           0.09    0.00    0.31    1.09    0.00   98.50

Device            r/s     w/s     rMB/s     wMB/s   rrqm/s   wrqm/s  %rrqm  %wrqm r_await w_await aqu-sz rareq-sz wareq-sz  svctm  %util
nvme1n1          0.00    0.00      0.00      0.00     0.00     0.00   0.00   0.00    0.00    0.00   0.00     0.00     0.00   0.00   0.00
nvme0n1          0.00    0.00      0.00      0.00     0.00     0.00   0.00   0.00    0.00    0.00   0.00     0.00     0.00   0.00   0.00
cas1-1           0.00    0.00      0.00      0.00     0.00     0.00   0.00   0.00    0.00    0.00   0.00     0.00     0.00   0.00   0.00

avg-cpu:  %user   %nice %system %iowait  %steal   %idle
           0.19    0.00    0.53    2.85    0.00   96.43

Device            r/s     w/s     rMB/s     wMB/s   rrqm/s   wrqm/s  %rrqm  %wrqm r_await w_await aqu-sz rareq-sz wareq-sz  svctm  %util
nvme1n1         35.00 1173.00      1.07    138.76     0.00     0.00   0.00   0.00    0.03    0.70   0.26    31.44   121.13   0.08   9.80
nvme0n1         44.00    0.00      1.04      0.00     0.00     0.00   0.00   0.00    0.39    0.00   0.01    24.18     0.00   0.39   1.70
cas1-1        18446744073707749376.00 18446744073709350912.00 9007199254628489.00 9007199254728494.00     0.00     0.00   0.00   0.00    0.00    0.00 4294963.63     0.50     0.50   0.00 429492975.80

avg-cpu:  %user   %nice %system %iowait  %steal   %idle
           0.56    0.00    0.16    0.97    0.00   98.31

Device            r/s     w/s     rMB/s     wMB/s   rrqm/s   wrqm/s  %rrqm  %wrqm r_await w_await aqu-sz rareq-sz wareq-sz  svctm  %util
nvme1n1          0.00    0.00      0.00      0.00     0.00     0.00   0.00   0.00    0.00    0.00   0.00     0.00     0.00   0.00   0.00
nvme0n1          0.00    0.00      0.00      0.00     0.00     0.00   0.00   0.00    0.00    0.00   0.00     0.00     0.00   0.00   0.00
cas1-1           0.00    0.00      0.00      0.00     0.00     0.00   0.00   0.00    0.00    0.00   0.00     0.00     0.00   0.00   0.00

avg-cpu:  %user   %nice %system %iowait  %steal   %idle
           0.66    0.00    4.16    0.35    0.00   94.83

Device            r/s     w/s     rMB/s     wMB/s   rrqm/s   wrqm/s  %rrqm  %wrqm r_await w_await aqu-sz rareq-sz wareq-sz  svctm  %util
nvme1n1       12802.00 7511.00    800.13    469.44     0.00     0.00   0.00   0.00    0.15    0.19   0.00    64.00    64.00   0.03  67.40
nvme0n1       7511.00 2190.00    469.44    136.88     0.00     0.00   0.00   0.00    0.18    0.04   0.14    64.00    64.00   0.07  67.50
cas1-1        20322.00 2190.00   1270.12    136.88     0.00     0.00   0.00   0.00    0.18    0.06   0.14    64.00    64.00   0.03  67.50

avg-cpu:  %user   %nice %system %iowait  %steal   %idle
           0.88    0.00    4.67    0.00    0.00   94.45

Device            r/s     w/s     rMB/s     wMB/s   rrqm/s   wrqm/s  %rrqm  %wrqm r_await w_await aqu-sz rareq-sz wareq-sz  svctm  %util
nvme1n1       36905.00  661.00   2306.56     41.31     0.00     0.00   0.00   0.00    0.14    0.15   0.00    64.00    64.00   0.03 100.00
nvme0n1        661.00 4186.00     41.31    261.62     0.00     0.00   0.00   0.00    0.15    0.03   0.00    64.00    64.00   0.20  99.30
cas1-1        37566.00 4186.00   2347.88    261.62     0.00     0.00   0.00   0.00    0.15    0.04   0.00    64.00    64.00   0.02 100.00

avg-cpu:  %user   %nice %system %iowait  %steal   %idle
           0.76    0.00    4.45    0.00    0.00   94.79

Device            r/s     w/s     rMB/s     wMB/s   rrqm/s   wrqm/s  %rrqm  %wrqm r_await w_await aqu-sz rareq-sz wareq-sz  svctm  %util
nvme1n1       37860.00   12.00   2366.25      0.75     0.00     0.00   0.00   0.00    0.14    0.17   0.00    64.00    64.00   0.03 100.00
nvme0n1         12.00 4144.00      0.75    259.00     0.00     0.00   0.00   0.00    0.25    0.03   0.00    64.00    64.00   0.24  98.40
cas1-1        37872.00 4144.00   2367.00    259.00     0.00     0.00   0.00   0.00    0.15    0.04   0.00    64.00    64.00   0.02 100.00

avg-cpu:  %user   %nice %system %iowait  %steal   %idle
           0.76    0.00    4.63    0.00    0.00   94.61

Device            r/s     w/s     rMB/s     wMB/s   rrqm/s   wrqm/s  %rrqm  %wrqm r_await w_await aqu-sz rareq-sz wareq-sz  svctm  %util
nvme1n1       37868.00    0.00   2366.75      0.00     0.00     0.00   0.00   0.00    0.14    0.00   0.00    64.00     0.00   0.03 100.00
nvme0n1          0.00 4306.00      0.00    269.12     0.00     0.00   0.00   0.00    0.00    0.03   0.00     0.00    64.00   0.23  98.70
cas1-1        37867.00 4306.00   2366.69    269.12     0.00     0.00   0.00   0.00    0.15    0.04   0.00    64.00    64.00   0.02 100.00

avg-cpu:  %user   %nice %system %iowait  %steal   %idle
           0.76    0.00    4.57    0.00    0.00   94.67

Device            r/s     w/s     rMB/s     wMB/s   rrqm/s   wrqm/s  %rrqm  %wrqm r_await w_await aqu-sz rareq-sz wareq-sz  svctm  %util
nvme1n1       37872.00    0.00   2367.00      0.00     0.00     0.00   0.00   0.00    0.14    0.00   0.00    64.00     0.00   0.03 100.00
nvme0n1          0.00 4282.00      0.00    267.62     0.00     0.00   0.00   0.00    0.00    0.03   0.00     0.00    64.00   0.23  98.70
cas1-1        37875.00 4283.00   2367.19    267.69     0.00     0.00   0.00   0.00    0.15    0.04   0.00    64.00    64.00   0.02 100.10

avg-cpu:  %user   %nice %system %iowait  %steal   %idle
           0.79    0.00    4.54    0.00    0.00   94.67

Device            r/s     w/s     rMB/s     wMB/s   rrqm/s   wrqm/s  %rrqm  %wrqm r_await w_await aqu-sz rareq-sz wareq-sz  svctm  %util
nvme1n1       37868.00    0.00   2366.75      0.00     0.00     0.00   0.00   0.00    0.14    0.00   0.00    64.00     0.00   0.03 100.00
nvme0n1          0.00 4284.00      0.00    267.75     0.00     0.00   0.00   0.00    0.00    0.03   0.00     0.00    64.00   0.23  98.70
cas1-1        37870.00 4283.00   2366.88    267.69     0.00     0.00   0.00   0.00    0.15    0.04   0.00    64.00    64.00   0.02 100.00

avg-cpu:  %user   %nice %system %iowait  %steal   %idle
           0.88    0.00    4.57    0.00    0.00   94.55

Device            r/s     w/s     rMB/s     wMB/s   rrqm/s   wrqm/s  %rrqm  %wrqm r_await w_await aqu-sz rareq-sz wareq-sz  svctm  %util
nvme1n1       37870.00    0.00   2366.88      0.00     0.00     0.00   0.00   0.00    0.14    0.00   0.00    64.00     0.00   0.03 100.00
nvme0n1          0.00 4284.00      0.00    267.75     0.00     0.00   0.00   0.00    0.00    0.03   0.00     0.00    64.00   0.23  98.30
cas1-1        37867.00 4285.00   2366.69    267.81     0.00     0.00   0.00   0.00    0.15    0.04   0.00    64.00    64.00   0.02 100.00

avg-cpu:  %user   %nice %system %iowait  %steal   %idle
           0.82    0.00    4.45    0.00    0.00   94.73

Device            r/s     w/s     rMB/s     wMB/s   rrqm/s   wrqm/s  %rrqm  %wrqm r_await w_await aqu-sz rareq-sz wareq-sz  svctm  %util
nvme1n1       37877.00    0.00   2367.31      0.00     0.00     0.00   0.00   0.00    0.14    0.00   0.00    64.00     0.00   0.03 100.00
nvme0n1          0.00 4115.00      0.00    257.19     0.00     0.00   0.00   0.00    0.00    0.03   0.00     0.00    64.00   0.24  98.50
cas1-1        37874.00 4115.00   2367.12    257.19     0.00     0.00   0.00   0.00    0.15    0.04   0.00    64.00    64.00   0.02 100.00

avg-cpu:  %user   %nice %system %iowait  %steal   %idle
           0.88    0.00    4.50    0.00    0.00   94.61

Device            r/s     w/s     rMB/s     wMB/s   rrqm/s   wrqm/s  %rrqm  %wrqm r_await w_await aqu-sz rareq-sz wareq-sz  svctm  %util
nvme1n1       37892.00    0.00   2368.25      0.00     0.00     0.00   0.00   0.00    0.14    0.00   0.00    64.00     0.00   0.03 100.00
nvme0n1          0.00 4204.00      0.00    262.75     0.00     0.00   0.00   0.00    0.00    0.03   0.00     0.00    64.00   0.23  98.30
cas1-1        37891.00 4203.00   2368.19    262.69     0.00     0.00   0.00   0.00    0.15    0.04   0.00    64.00    64.00   0.02 100.00

avg-cpu:  %user   %nice %system %iowait  %steal   %idle
           0.79    0.00    4.57    0.00    0.00   94.64

Device            r/s     w/s     rMB/s     wMB/s   rrqm/s   wrqm/s  %rrqm  %wrqm r_await w_await aqu-sz rareq-sz wareq-sz  svctm  %util
nvme1n1       37875.00    0.00   2367.19      0.00     0.00     0.00   0.00   0.00    0.14    0.00   0.00    64.00     0.00   0.03 100.00
nvme0n1          0.00 4226.00      0.00    264.12     0.00     0.00   0.00   0.00    0.00    0.03   0.00     0.00    64.00   0.23  98.80
cas1-1        37877.00 4226.00   2367.31    264.12     0.00     0.00   0.00   0.00    0.15    0.04   0.00    64.00    64.00   0.02 100.00

avg-cpu:  %user   %nice %system %iowait  %steal   %idle
           0.76    0.00    4.60    0.00    0.00   94.64

Device            r/s     w/s     rMB/s     wMB/s   rrqm/s   wrqm/s  %rrqm  %wrqm r_await w_await aqu-sz rareq-sz wareq-sz  svctm  %util
nvme1n1       37881.00    0.00   2367.56      0.00     0.00     0.00   0.00   0.00    0.14    0.00   0.00    64.00     0.00   0.03 100.00
nvme0n1          0.00 4268.00      0.00    266.75     0.00     0.00   0.00   0.00    0.00    0.03   0.00     0.00    64.00   0.23  98.40
cas1-1        37878.00 4268.00   2367.38    266.75     0.00     0.00   0.00   0.00    0.15    0.04   0.00    64.00    64.00   0.02 100.00

avg-cpu:  %user   %nice %system %iowait  %steal   %idle
           0.82    0.00    4.54    0.00    0.00   94.64

Device            r/s     w/s     rMB/s     wMB/s   rrqm/s   wrqm/s  %rrqm  %wrqm r_await w_await aqu-sz rareq-sz wareq-sz  svctm  %util
nvme1n1       37898.00    0.00   2368.62      0.00     0.00     0.00   0.00   0.00    0.14    0.00   0.00    64.00     0.00   0.03 100.10
nvme0n1          0.00 4305.00      0.00    269.12     0.00     0.00   0.00   0.00    0.00    0.03   0.00     0.00    64.01   0.23  98.70
cas1-1        37901.00 4308.00   2368.81    269.25     0.00     0.00   0.00   0.00    0.15    0.04   0.00    64.00    64.00   0.02 100.00

avg-cpu:  %user   %nice %system %iowait  %steal   %idle
           0.82    0.00    4.48    0.00    0.00   94.70

Device            r/s     w/s     rMB/s     wMB/s   rrqm/s   wrqm/s  %rrqm  %wrqm r_await w_await aqu-sz rareq-sz wareq-sz  svctm  %util
nvme1n1       37901.00    0.00   2368.81      0.00     0.00     0.00   0.00   0.00    0.14    0.00   0.00    64.00     0.00   0.03 100.00
nvme0n1          0.00 4239.00      0.00    264.88     0.00     0.00   0.00   0.00    0.00    0.03   0.00     0.00    63.98   0.23  97.90
cas1-1        37905.00 4236.00   2369.06    264.75     0.00     0.00   0.00   0.00    0.15    0.04   0.00    64.00    64.00   0.02 100.00

avg-cpu:  %user   %nice %system %iowait  %steal   %idle
           0.85    0.00    4.48    0.00    0.00   94.67

Device            r/s     w/s     rMB/s     wMB/s   rrqm/s   wrqm/s  %rrqm  %wrqm r_await w_await aqu-sz rareq-sz wareq-sz  svctm  %util
nvme1n1       37884.00    0.00   2367.75      0.00     0.00     0.00   0.00   0.00    0.14    0.00   0.00    64.00     0.00   0.03 100.00
nvme0n1          0.00 4242.00      0.00    265.12     0.00     0.00   0.00   0.00    0.00    0.03   0.00     0.00    64.00   0.23  98.80
cas1-1        37884.00 4243.00   2367.75    265.19     0.00     0.00   0.00   0.00    0.15    0.04   0.00    64.00    64.00   0.02 100.00

avg-cpu:  %user   %nice %system %iowait  %steal   %idle
           0.82    0.00    4.51    0.00    0.00   94.67

Device            r/s     w/s     rMB/s     wMB/s   rrqm/s   wrqm/s  %rrqm  %wrqm r_await w_await aqu-sz rareq-sz wareq-sz  svctm  %util
nvme1n1       37892.00    0.00   2368.25      0.00     0.00     0.00   0.00   0.00    0.14    0.00   0.00    64.00     0.00   0.03 100.00
nvme0n1          0.00 4188.00      0.00    261.75     0.00     0.00   0.00   0.00    0.00    0.03   0.00     0.00    64.00   0.23  97.90
cas1-1        37892.00 4187.00   2368.25    261.69     0.00     0.00   0.00   0.00    0.15    0.04   0.00    64.00    64.00   0.02 100.00

avg-cpu:  %user   %nice %system %iowait  %steal   %idle
           0.82    0.00    4.63    0.00    0.00   94.55

Device            r/s     w/s     rMB/s     wMB/s   rrqm/s   wrqm/s  %rrqm  %wrqm r_await w_await aqu-sz rareq-sz wareq-sz  svctm  %util
nvme1n1       37895.00    0.00   2368.44      0.00     0.00     0.00   0.00   0.00    0.14    0.00   0.00    64.00     0.00   0.03 100.00
nvme0n1          0.00 4069.00      0.00    254.31     0.00     0.00   0.00   0.00    0.00    0.03   0.00     0.00    64.00   0.24  98.40
cas1-1        37895.00 4074.00   2368.44    254.62     0.00     0.00   0.00   0.00    0.15    0.04   0.00    64.00    64.00   0.02 100.00

avg-cpu:  %user   %nice %system %iowait  %steal   %idle
           1.35    0.00    4.60    0.00    0.00   94.05

Device            r/s     w/s     rMB/s     wMB/s   rrqm/s   wrqm/s  %rrqm  %wrqm r_await w_await aqu-sz rareq-sz wareq-sz  svctm  %util
nvme1n1       37702.00    0.00   2356.38      0.00     0.00     0.00   0.00   0.00    0.14    0.00   0.00    64.00     0.00   0.03 100.00
nvme0n1          0.00 4201.00      0.00    262.56     0.00     0.00   0.00   0.00    0.00    0.03   0.00     0.00    64.00   0.23  97.90
cas1-1        37702.00 4196.00   2356.38    262.25     0.00     0.00   0.00   0.00    0.15    0.04   0.00    64.00    64.00   0.02 100.00

avg-cpu:  %user   %nice %system %iowait  %steal   %idle
           0.85    0.00    4.36    0.00    0.00   94.79

Device            r/s     w/s     rMB/s     wMB/s   rrqm/s   wrqm/s  %rrqm  %wrqm r_await w_await aqu-sz rareq-sz wareq-sz  svctm  %util
nvme1n1       37884.00    0.00   2367.75      0.00     0.00     0.00   0.00   0.00    0.14    0.00   0.00    64.00     0.00   0.03 100.00
nvme0n1          0.00 4227.00      0.00    264.19     0.00     0.00   0.00   0.00    0.00    0.03   0.00     0.00    64.00   0.23  98.30
cas1-1        37883.00 4227.00   2367.69    264.19     0.00     0.00   0.00   0.00    0.15    0.04   0.00    64.00    64.00   0.02 100.00

avg-cpu:  %user   %nice %system %iowait  %steal   %idle
           0.79    0.00    4.66    0.00    0.00   94.55

Device            r/s     w/s     rMB/s     wMB/s   rrqm/s   wrqm/s  %rrqm  %wrqm r_await w_await aqu-sz rareq-sz wareq-sz  svctm  %util
nvme1n1       37886.00    0.00   2367.94      0.00     0.00     0.00   0.00   0.00    0.14    0.00   0.00    64.00     0.00   0.03 100.00
nvme0n1          0.00 4205.00      0.00    262.81     0.00     0.00   0.00   0.00    0.00    0.03   0.00     0.00    64.00   0.23  98.70
cas1-1        37886.00 4206.00   2367.88    262.88     0.00     0.00   0.00   0.00    0.15    0.04   0.00    64.00    64.00   0.02 100.10

avg-cpu:  %user   %nice %system %iowait  %steal   %idle
           0.73    0.00    4.48    0.00    0.00   94.79

Device            r/s     w/s     rMB/s     wMB/s   rrqm/s   wrqm/s  %rrqm  %wrqm r_await w_await aqu-sz rareq-sz wareq-sz  svctm  %util
nvme1n1       37512.87    0.00   2344.49      0.00     0.00     0.00   0.00   0.00    0.14    0.00   0.00    64.00     0.00   0.03  99.01
nvme0n1          0.00 4100.00      0.00    256.25     0.00     0.00   0.00   0.00    0.00    0.03   0.00     0.00    64.00   0.24  98.22
cas1-1        37512.87 4099.01   2344.55    256.19     0.00     0.00   0.00   0.00    0.15    0.04   0.00    64.00    64.00   0.02  99.01

avg-cpu:  %user   %nice %system %iowait  %steal   %idle
           0.76    0.00    4.57    0.00    0.00   94.67

Device            r/s     w/s     rMB/s     wMB/s   rrqm/s   wrqm/s  %rrqm  %wrqm r_await w_await aqu-sz rareq-sz wareq-sz  svctm  %util
nvme1n1       37891.00    0.00   2368.19      0.00     0.00     0.00   0.00   0.00    0.14    0.00   0.00    64.00     0.00   0.03 100.00
nvme0n1          0.00 4268.00      0.00    266.75     0.00     0.00   0.00   0.00    0.00    0.03   0.00     0.00    64.00   0.23  99.20
cas1-1        37892.00 4270.00   2368.25    266.88     0.00     0.00   0.00   0.00    0.15    0.04   0.00    64.00    64.00   0.02 100.00

avg-cpu:  %user   %nice %system %iowait  %steal   %idle
           0.88    0.00    4.50    0.00    0.00   94.61

Device            r/s     w/s     rMB/s     wMB/s   rrqm/s   wrqm/s  %rrqm  %wrqm r_await w_await aqu-sz rareq-sz wareq-sz  svctm  %util
nvme1n1       37895.00    0.00   2368.44      0.00     0.00     0.00   0.00   0.00    0.14    0.00   0.00    64.00     0.00   0.03 100.00
nvme0n1          0.00 4171.00      0.00    260.69     0.00     0.00   0.00   0.00    0.00    0.03   0.00     0.00    64.00   0.24  98.30
cas1-1        37896.00 4169.00   2368.50    260.56     0.00     0.00   0.00   0.00    0.15    0.04   0.00    64.00    64.00   0.02 100.00

avg-cpu:  %user   %nice %system %iowait  %steal   %idle
           0.82    0.00    4.48    0.00    0.00   94.70

Device            r/s     w/s     rMB/s     wMB/s   rrqm/s   wrqm/s  %rrqm  %wrqm r_await w_await aqu-sz rareq-sz wareq-sz  svctm  %util
nvme1n1       37889.00    0.00   2368.12      0.00     0.00     0.00   0.00   0.00    0.14    0.00   0.00    64.00     0.00   0.03 100.10
nvme0n1          0.00 4300.00      0.00    268.75     0.00     0.00   0.00   0.00    0.00    0.03   0.00     0.00    64.00   0.23  98.60
cas1-1        37887.00 4301.00   2367.94    268.81     0.00     0.00   0.00   0.00    0.15    0.04   0.00    64.00    64.00   0.02 100.00

avg-cpu:  %user   %nice %system %iowait  %steal   %idle
           0.79    0.00    4.66    0.00    0.00   94.55

Device            r/s     w/s     rMB/s     wMB/s   rrqm/s   wrqm/s  %rrqm  %wrqm r_await w_await aqu-sz rareq-sz wareq-sz  svctm  %util
nvme1n1       37877.00    0.00   2367.25      0.00     0.00     0.00   0.00   0.00    0.14    0.00   0.00    64.00     0.00   0.03 100.00
nvme0n1          0.00 4130.00      0.00    258.12     0.00     0.00   0.00   0.00    0.00    0.03   0.00     0.00    64.00   0.24  98.80
cas1-1        37878.00 4132.00   2367.38    258.25     0.00     0.00   0.00   0.00    0.15    0.04   0.00    64.00    64.00   0.02 100.00

avg-cpu:  %user   %nice %system %iowait  %steal   %idle
           0.76    0.00    4.54    0.00    0.00   94.70

Device            r/s     w/s     rMB/s     wMB/s   rrqm/s   wrqm/s  %rrqm  %wrqm r_await w_await aqu-sz rareq-sz wareq-sz  svctm  %util
nvme1n1       37888.00    0.00   2368.00      0.00     0.00     0.00   0.00   0.00    0.14    0.00   0.00    64.00     0.00   0.03 100.00
nvme0n1          0.00 4146.00      0.00    259.12     0.00     0.00   0.00   0.00    0.00    0.03   0.00     0.00    64.00   0.24  97.90
cas1-1        37888.00 4143.00   2368.00    258.94     0.00     0.00   0.00   0.00    0.15    0.04   0.00    64.00    64.00   0.02 100.00

avg-cpu:  %user   %nice %system %iowait  %steal   %idle
           0.85    0.00    4.45    0.00    0.00   94.70

Device            r/s     w/s     rMB/s     wMB/s   rrqm/s   wrqm/s  %rrqm  %wrqm r_await w_await aqu-sz rareq-sz wareq-sz  svctm  %util
nvme1n1       37889.00    0.00   2368.06      0.00     0.00     0.00   0.00   0.00    0.14    0.00   0.00    64.00     0.00   0.03 100.00
nvme0n1          0.00 4336.00      0.00    271.00     0.00     0.00   0.00   0.00    0.00    0.03   0.00     0.00    64.00   0.23  98.80
cas1-1        37889.00 4336.00   2368.06    271.00     0.00     0.00   0.00   0.00    0.15    0.04   0.00    64.00    64.00   0.02 100.00

avg-cpu:  %user   %nice %system %iowait  %steal   %idle
           0.69    0.00    4.73    0.00    0.00   94.58

Device            r/s     w/s     rMB/s     wMB/s   rrqm/s   wrqm/s  %rrqm  %wrqm r_await w_await aqu-sz rareq-sz wareq-sz  svctm  %util
nvme1n1       37885.00    0.00   2367.81      0.00     0.00     0.00   0.00   0.00    0.14    0.00   0.00    64.00     0.00   0.03 100.00
nvme0n1          0.00 4159.00      0.00    259.94     0.00     0.00   0.00   0.00    0.00    0.03   0.00     0.00    64.00   0.24  98.30
cas1-1        37885.00 4161.00   2367.81    260.06     0.00     0.00   0.00   0.00    0.15    0.04   0.00    64.00    64.00   0.02 100.00

avg-cpu:  %user   %nice %system %iowait  %steal   %idle
           0.88    0.00    4.63    0.00    0.00   94.49

Device            r/s     w/s     rMB/s     wMB/s   rrqm/s   wrqm/s  %rrqm  %wrqm r_await w_await aqu-sz rareq-sz wareq-sz  svctm  %util
nvme1n1       37872.00    0.00   2367.00      0.00     0.00     0.00   0.00   0.00    0.14    0.00   0.00    64.00     0.00   0.03 100.00
nvme0n1          0.00 4258.00      0.00    266.12     0.00     0.00   0.00   0.00    0.00    0.03   0.00     0.00    64.00   0.23  98.00
cas1-1        37867.00 4256.00   2366.69    266.00     0.00     0.00   0.00   0.00    0.15    0.04   0.00    64.00    64.00   0.02 100.00

avg-cpu:  %user   %nice %system %iowait  %steal   %idle
           0.79    0.00    4.51    0.09    0.00   94.61

Device            r/s     w/s     rMB/s     wMB/s   rrqm/s   wrqm/s  %rrqm  %wrqm r_await w_await aqu-sz rareq-sz wareq-sz  svctm  %util
nvme1n1       37896.00    0.00   2368.50      0.00     0.00     0.00   0.00   0.00    0.14    0.00   0.00    64.00     0.00   0.03 100.00
nvme0n1          0.00 4296.00      0.00    268.50     0.00     0.00   0.00   0.00    0.00    0.03   0.00     0.00    64.00   0.23  98.40
cas1-1        37897.00 4297.00   2368.56    268.56     0.00     0.00   0.00   0.00    0.15    0.04   0.00    64.00    64.00   0.02 100.00

avg-cpu:  %user   %nice %system %iowait  %steal   %idle
           0.79    0.00    4.51    0.00    0.00   94.70

Device            r/s     w/s     rMB/s     wMB/s   rrqm/s   wrqm/s  %rrqm  %wrqm r_await w_await aqu-sz rareq-sz wareq-sz  svctm  %util
nvme1n1       37902.00    0.00   2368.88      0.00     0.00     0.00   0.00   0.00    0.14    0.00   0.00    64.00     0.00   0.03 100.00
nvme0n1          0.00 4231.00      0.00    264.44     0.00     0.00   0.00   0.00    0.00    0.03   0.00     0.00    64.00   0.23  97.90
cas1-1        37902.00 4230.00   2368.88    264.38     0.00     0.00   0.00   0.00    0.15    0.04   0.00    64.00    64.00   0.02 100.00

avg-cpu:  %user   %nice %system %iowait  %steal   %idle
           0.82    0.00    4.42    0.00    0.00   94.76

Device            r/s     w/s     rMB/s     wMB/s   rrqm/s   wrqm/s  %rrqm  %wrqm r_await w_await aqu-sz rareq-sz wareq-sz  svctm  %util
nvme1n1       37884.00    0.00   2367.75      0.00     0.00     0.00   0.00   0.00    0.14    0.00   0.00    64.00     0.00   0.03 100.00
nvme0n1          0.00 4214.00      0.00    263.38     0.00     0.00   0.00   0.00    0.00    0.03   0.00     0.00    64.00   0.23  97.80
cas1-1        37887.00 4216.00   2367.94    263.50     0.00     0.00   0.00   0.00    0.15    0.04   0.00    64.00    64.00   0.02 100.00

avg-cpu:  %user   %nice %system %iowait  %steal   %idle
           0.72    0.00    4.57    0.00    0.00   94.71

Device            r/s     w/s     rMB/s     wMB/s   rrqm/s   wrqm/s  %rrqm  %wrqm r_await w_await aqu-sz rareq-sz wareq-sz  svctm  %util
nvme1n1       37892.00    0.00   2368.25      0.00     0.00     0.00   0.00   0.00    0.14    0.00   0.00    64.00     0.00   0.03 100.00
nvme0n1          0.00 4209.00      0.00    263.06     0.00     0.00   0.00   0.00    0.00    0.03   0.00     0.00    64.00   0.23  98.60
cas1-1        37892.00 4210.00   2368.25    263.12     0.00     0.00   0.00   0.00    0.15    0.04   0.00    64.00    64.00   0.02 100.00

avg-cpu:  %user   %nice %system %iowait  %steal   %idle
           0.85    0.00    4.51    0.00    0.00   94.64

Device            r/s     w/s     rMB/s     wMB/s   rrqm/s   wrqm/s  %rrqm  %wrqm r_await w_await aqu-sz rareq-sz wareq-sz  svctm  %util
nvme1n1       37884.00    0.00   2367.75      0.00     0.00     0.00   0.00   0.00    0.14    0.00   0.00    64.00     0.00   0.03 100.00
nvme0n1          0.00 4226.00      0.00    264.12     0.00     0.00   0.00   0.00    0.00    0.03   0.00     0.00    64.00   0.23  98.50
cas1-1        37881.00 4223.00   2367.56    263.94     0.00     0.00   0.00   0.00    0.15    0.04   0.00    64.00    64.00   0.02 100.00

avg-cpu:  %user   %nice %system %iowait  %steal   %idle
           0.79    0.00    4.60    0.00    0.00   94.61

Device            r/s     w/s     rMB/s     wMB/s   rrqm/s   wrqm/s  %rrqm  %wrqm r_await w_await aqu-sz rareq-sz wareq-sz  svctm  %util
nvme1n1       37884.00    0.00   2367.75      0.00     0.00     0.00   0.00   0.00    0.14    0.00   0.00    64.00     0.00   0.03 100.00
nvme0n1          0.00 4282.00      0.00    267.62     0.00     0.00   0.00   0.00    0.00    0.03   0.00     0.00    64.00   0.23  98.20
cas1-1        37882.00 4282.00   2367.62    267.62     0.00     0.00   0.00   0.00    0.15    0.04   0.00    64.00    64.00   0.02 100.00

avg-cpu:  %user   %nice %system %iowait  %steal   %idle
           0.82    0.00    4.57    0.00    0.00   94.62

Device            r/s     w/s     rMB/s     wMB/s   rrqm/s   wrqm/s  %rrqm  %wrqm r_await w_await aqu-sz rareq-sz wareq-sz  svctm  %util
nvme1n1       37886.00    0.00   2367.88      0.00     0.00     0.00   0.00   0.00    0.14    0.00   0.00    64.00     0.00   0.03 100.00
nvme0n1          0.00 4136.00      0.00    258.50     0.00     0.00   0.00   0.00    0.00    0.03   0.00     0.00    64.00   0.24  98.50
cas1-1        37885.00 4136.00   2367.81    258.50     0.00     0.00   0.00   0.00    0.15    0.04   0.00    64.00    64.00   0.02 100.00

avg-cpu:  %user   %nice %system %iowait  %steal   %idle
           0.82    0.00    4.69    0.00    0.00   94.49

Device            r/s     w/s     rMB/s     wMB/s   rrqm/s   wrqm/s  %rrqm  %wrqm r_await w_await aqu-sz rareq-sz wareq-sz  svctm  %util
nvme1n1       37880.00    0.00   2367.50      0.00     0.00     0.00   0.00   0.00    0.14    0.00   0.00    64.00     0.00   0.03 100.00
nvme0n1          0.00 4397.00      0.00    274.81     0.00     0.00   0.00   0.00    0.00    0.03   0.00     0.00    64.00   0.22  98.50
cas1-1        37881.00 4397.00   2367.56    274.81     0.00     0.00   0.00   0.00    0.15    0.04   0.00    64.00    64.00   0.02 100.00

avg-cpu:  %user   %nice %system %iowait  %steal   %idle
           0.79    0.00    4.60    0.00    0.00   94.61

Device            r/s     w/s     rMB/s     wMB/s   rrqm/s   wrqm/s  %rrqm  %wrqm r_await w_await aqu-sz rareq-sz wareq-sz  svctm  %util
nvme1n1       37880.00    0.00   2367.50      0.00     0.00     0.00   0.00   0.00    0.14    0.00   0.00    64.00     0.00   0.03 100.00
nvme0n1          0.00 4188.00      0.00    261.75     0.00     0.00   0.00   0.00    0.00    0.03   0.00     0.00    64.00   0.23  98.30
cas1-1        37883.00 4188.00   2367.69    261.75     0.00     0.00   0.00   0.00    0.15    0.04   0.00    64.00    64.00   0.02 100.00

avg-cpu:  %user   %nice %system %iowait  %steal   %idle
           0.82    0.00    4.51    0.00    0.00   94.67

Device            r/s     w/s     rMB/s     wMB/s   rrqm/s   wrqm/s  %rrqm  %wrqm r_await w_await aqu-sz rareq-sz wareq-sz  svctm  %util
nvme1n1       37886.00    0.00   2367.88      0.00     0.00     0.00   0.00   0.00    0.14    0.00   0.00    64.00     0.00   0.03 100.00
nvme0n1          0.00 4150.00      0.00    259.38     0.00     0.00   0.00   0.00    0.00    0.03   0.00     0.00    64.00   0.24  98.40
cas1-1        37887.00 4150.00   2367.94    259.38     0.00     0.00   0.00   0.00    0.15    0.04   0.00    64.00    64.00   0.02 100.00

avg-cpu:  %user   %nice %system %iowait  %steal   %idle
           0.82    0.00    4.45    0.00    0.00   94.73

Device            r/s     w/s     rMB/s     wMB/s   rrqm/s   wrqm/s  %rrqm  %wrqm r_await w_await aqu-sz rareq-sz wareq-sz  svctm  %util
nvme1n1       37890.00    0.00   2368.12      0.00     0.00     0.00   0.00   0.00    0.14    0.00   0.00    64.00     0.00   0.03 100.00
nvme0n1          0.00 4186.00      0.00    261.62     0.00     0.00   0.00   0.00    0.00    0.03   0.00     0.00    64.00   0.24  98.50
cas1-1        37893.00 4187.00   2368.31    261.69     0.00     0.00   0.00   0.00    0.15    0.04   0.00    64.00    64.00   0.02 100.10

avg-cpu:  %user   %nice %system %iowait  %steal   %idle
           0.85    0.00    4.48    0.00    0.00   94.67

Device            r/s     w/s     rMB/s     wMB/s   rrqm/s   wrqm/s  %rrqm  %wrqm r_await w_await aqu-sz rareq-sz wareq-sz  svctm  %util
nvme1n1       37892.00    0.00   2368.25      0.00     0.00     0.00   0.00   0.00    0.14    0.00   0.00    64.00     0.00   0.03 100.00
nvme0n1          0.00 4206.00      0.00    262.88     0.00     0.00   0.00   0.00    0.00    0.03   0.00     0.00    64.00   0.23  98.20
cas1-1        37891.00 4205.00   2368.19    262.81     0.00     0.00   0.00   0.00    0.15    0.04   0.00    64.00    64.00   0.02 100.00

avg-cpu:  %user   %nice %system %iowait  %steal   %idle
           0.85    0.00    4.51    0.00    0.00   94.64

Device            r/s     w/s     rMB/s     wMB/s   rrqm/s   wrqm/s  %rrqm  %wrqm r_await w_await aqu-sz rareq-sz wareq-sz  svctm  %util
nvme1n1       37886.00    0.00   2367.88      0.00     0.00     0.00   0.00   0.00    0.14    0.00   0.00    64.00     0.00   0.03 100.10
nvme0n1          0.00 4130.00      0.00    258.12     0.00     0.00   0.00   0.00    0.00    0.03   0.00     0.00    64.00   0.24  98.90
cas1-1        37886.00 4133.00   2367.88    258.31     0.00     0.00   0.00   0.00    0.15    0.04   0.00    64.00    64.00   0.02 100.00

avg-cpu:  %user   %nice %system %iowait  %steal   %idle
           0.85    0.00    4.72    0.00    0.00   94.43

Device            r/s     w/s     rMB/s     wMB/s   rrqm/s   wrqm/s  %rrqm  %wrqm r_await w_await aqu-sz rareq-sz wareq-sz  svctm  %util
nvme1n1       37880.00    0.00   2367.50      0.00     0.00     0.00   0.00   0.00    0.14    0.00   0.00    64.00     0.00   0.03 100.00
nvme0n1          0.00 4231.00      0.00    264.44     0.00     0.00   0.00   0.00    0.00    0.03   0.00     0.00    64.00   0.23  97.60
cas1-1        37880.00 4229.00   2367.50    264.31     0.00     0.00   0.00   0.00    0.15    0.04   0.00    64.00    64.00   0.02 100.00

avg-cpu:  %user   %nice %system %iowait  %steal   %idle
           0.85    0.00    4.60    0.00    0.00   94.55

Device            r/s     w/s     rMB/s     wMB/s   rrqm/s   wrqm/s  %rrqm  %wrqm r_await w_await aqu-sz rareq-sz wareq-sz  svctm  %util
nvme1n1       37891.00    0.00   2368.19      0.00     0.00     0.00   0.00   0.00    0.14    0.00   0.00    64.00     0.00   0.03 100.00
nvme0n1          0.00 4156.00      0.00    259.75     0.00     0.00   0.00   0.00    0.00    0.03   0.00     0.00    64.00   0.24  98.50
cas1-1        37891.00 4155.00   2368.19    259.69     0.00     0.00   0.00   0.00    0.15    0.04   0.00    64.00    64.00   0.02 100.00

avg-cpu:  %user   %nice %system %iowait  %steal   %idle
           0.98    0.00    4.48    0.00    0.00   94.55

Device            r/s     w/s     rMB/s     wMB/s   rrqm/s   wrqm/s  %rrqm  %wrqm r_await w_await aqu-sz rareq-sz wareq-sz  svctm  %util
nvme1n1       37889.00    0.00   2368.06      0.00     0.00     0.00   0.00   0.00    0.14    0.00   0.00    64.00     0.00   0.03 100.00
nvme0n1          0.00 4198.00      0.00    262.38     0.00     0.00   0.00   0.00    0.00    0.03   0.00     0.00    64.00   0.23  98.40
cas1-1        37889.00 4199.00   2368.06    262.44     0.00     0.00   0.00   0.00    0.15    0.04   0.00    64.00    64.00   0.02 100.00

avg-cpu:  %user   %nice %system %iowait  %steal   %idle
           0.79    0.00    4.57    0.00    0.00   94.64

Device            r/s     w/s     rMB/s     wMB/s   rrqm/s   wrqm/s  %rrqm  %wrqm r_await w_await aqu-sz rareq-sz wareq-sz  svctm  %util
nvme1n1       37877.00    0.00   2367.31      0.00     0.00     0.00   0.00   0.00    0.14    0.00   0.00    64.00     0.00   0.03 100.00
nvme0n1          0.00 4257.00      0.00    266.06     0.00     0.00   0.00   0.00    0.00    0.03   0.00     0.00    64.00   0.23  98.80
cas1-1        37872.00 4256.00   2367.00    266.00     0.00     0.00   0.00   0.00    0.15    0.04   0.00    64.00    64.00   0.02 100.00

avg-cpu:  %user   %nice %system %iowait  %steal   %idle
           0.82    0.00    4.45    0.00    0.00   94.73

Device            r/s     w/s     rMB/s     wMB/s   rrqm/s   wrqm/s  %rrqm  %wrqm r_await w_await aqu-sz rareq-sz wareq-sz  svctm  %util
nvme1n1       37886.00    0.00   2367.88      0.00     0.00     0.00   0.00   0.00    0.14    0.00   0.00    64.00     0.00   0.03 100.00
nvme0n1          0.00 4230.00      0.00    264.38     0.00     0.00   0.00   0.00    0.00    0.03   0.00     0.00    64.00   0.23  98.50
cas1-1        37885.00 4231.00   2367.81    264.44     0.00     0.00   0.00   0.00    0.15    0.04   0.00    64.00    64.00   0.02 100.00

avg-cpu:  %user   %nice %system %iowait  %steal   %idle
           0.79    0.00    4.51    0.00    0.00   94.70

Device            r/s     w/s     rMB/s     wMB/s   rrqm/s   wrqm/s  %rrqm  %wrqm r_await w_await aqu-sz rareq-sz wareq-sz  svctm  %util
nvme1n1       37873.00    0.00   2367.12      0.00     0.00     0.00   0.00   0.00    0.14    0.00   0.00    64.00     0.00   0.03 100.00
nvme0n1          0.00 4125.00      0.00    257.81     0.00     0.00   0.00   0.00    0.00    0.03   0.00     0.00    64.00   0.24  98.60
cas1-1        37874.00 4124.00   2367.12    257.75     0.00     0.00   0.00   0.00    0.15    0.04   0.00    64.00    64.00   0.02 100.00

avg-cpu:  %user   %nice %system %iowait  %steal   %idle
           0.85    0.00    4.45    0.00    0.00   94.70

Device            r/s     w/s     rMB/s     wMB/s   rrqm/s   wrqm/s  %rrqm  %wrqm r_await w_await aqu-sz rareq-sz wareq-sz  svctm  %util
nvme1n1       37328.00    0.00   2330.91      0.00     0.00     0.00   0.00   0.00    0.14    0.00   0.00    63.94     0.00   0.03  98.80
nvme0n1          0.00 4091.00      0.00    255.69     0.00     0.00   0.00   0.00    0.00    0.03   0.00     0.00    64.00   0.24  97.20
cas1-1        37316.00 4091.00   2330.54    255.69     0.00     0.00   0.00   0.00    0.15    0.04   0.00    63.95    64.00   0.02  98.80

