Linux 5.4.1-050401-lowlatency (kanwu-Super-Server) 	09/10/2020 	_x86_64_	(32 CPU)

avg-cpu:  %user   %nice %system %iowait  %steal   %idle
           0.06    0.00    0.18    0.06    0.00   99.70

Device            r/s     w/s     rMB/s     wMB/s   rrqm/s   wrqm/s  %rrqm  %wrqm r_await w_await aqu-sz rareq-sz wareq-sz  svctm  %util
nvme1n1        863.16  227.36     53.95     13.92     0.00     0.00   0.00   0.00    0.32    0.40   0.00    64.00    62.71   0.03   3.16
nvme0n1        190.01  142.36     11.87      8.89     0.00     0.00   0.00   0.00    0.24    0.06   0.00    63.99    63.98   0.06   1.96
cas1-1          18.36    7.84      1.15      0.49     0.00     0.00   0.00   0.00    0.41    0.11   0.00    64.00    64.00   0.02   0.05

avg-cpu:  %user   %nice %system %iowait  %steal   %idle
           0.22    0.00    0.72    1.35    0.00   97.72

Device            r/s     w/s     rMB/s     wMB/s   rrqm/s   wrqm/s  %rrqm  %wrqm r_await w_await aqu-sz rareq-sz wareq-sz  svctm  %util
nvme1n1         35.00 1172.00      1.07    138.76     0.00     0.00   0.00   0.00    0.06    0.67   0.18    31.44   121.24   0.08  10.00
nvme0n1         44.00    0.00      1.04      0.00     0.00     0.00   0.00   0.00    0.14    0.00   0.00    24.18     0.00   0.41   1.80
cas1-1        18446744073708150784.00 18446744073708953600.00 9007199254653409.00 9007199254703573.00     0.00     0.00   0.00   0.00    0.00    0.00 4294966.56     0.50     0.50   0.00 429492578.30

avg-cpu:  %user   %nice %system %iowait  %steal   %idle
           0.41    0.00    0.13    3.28    0.00   96.19

Device            r/s     w/s     rMB/s     wMB/s   rrqm/s   wrqm/s  %rrqm  %wrqm r_await w_await aqu-sz rareq-sz wareq-sz  svctm  %util
nvme1n1          0.00    0.00      0.00      0.00     0.00     0.00   0.00   0.00    0.00    0.00   0.00     0.00     0.00   0.00   0.00
nvme0n1          0.00    0.00      0.00      0.00     0.00     0.00   0.00   0.00    0.00    0.00   0.00     0.00     0.00   0.00   0.00
cas1-1           0.00    0.00      0.00      0.00     0.00     0.00   0.00   0.00    0.00    0.00   0.00     0.00     0.00   0.00   0.00

avg-cpu:  %user   %nice %system %iowait  %steal   %idle
           0.13    0.00    0.72    2.10    0.00   97.05

Device            r/s     w/s     rMB/s     wMB/s   rrqm/s   wrqm/s  %rrqm  %wrqm r_await w_await aqu-sz rareq-sz wareq-sz  svctm  %util
nvme1n1        149.00 2764.00      9.31    133.79     0.00     0.00   0.00   0.00    0.13    0.13   0.00    64.00    49.56   0.03   9.30
nvme0n1       1419.00    0.00     88.75      0.00     0.00     0.00   0.00   0.00    0.31    0.00   0.21    64.05     0.00   0.07   9.30
cas1-1        1575.00  687.00     98.44     42.94     0.00     0.00   0.00   0.00    0.64    0.84   0.54    64.00    64.00   0.04   9.30

avg-cpu:  %user   %nice %system %iowait  %steal   %idle
           0.95    0.00    6.53    4.98    0.00   87.54

Device            r/s     w/s     rMB/s     wMB/s   rrqm/s   wrqm/s  %rrqm  %wrqm r_await w_await aqu-sz rareq-sz wareq-sz  svctm  %util
nvme1n1       13677.00 20179.00    854.81    957.67     0.00     0.00   0.00   0.00    0.47    0.47   0.01    64.00    48.60   0.03 100.00
nvme0n1       6341.00    0.00    396.25      0.00     0.00     0.00   0.00   0.00    0.13    0.00   0.00    63.99     0.00   0.16  98.40
cas1-1        20019.00 8651.00   1251.19    540.69     0.00     0.00   0.00   0.00    0.40    0.83   2.87    64.00    64.00   0.03 100.00

avg-cpu:  %user   %nice %system %iowait  %steal   %idle
           0.95    0.00    6.24    4.22    0.00   88.59

Device            r/s     w/s     rMB/s     wMB/s   rrqm/s   wrqm/s  %rrqm  %wrqm r_await w_await aqu-sz rareq-sz wareq-sz  svctm  %util
nvme1n1       21973.00 12471.00   1373.31    656.45     0.00     0.00   0.00   0.00    0.42    0.43   0.00    64.00    53.90   0.03 100.20
nvme0n1        681.00    0.00     42.56      0.00     0.00     0.00   0.00   0.00    0.12    0.00   0.00    64.00     0.00   0.70  47.40
cas1-1        22650.00 9693.00   1415.62    605.81     0.00     0.00   0.00   0.00    0.43    0.56   0.20    64.00    64.00   0.03 100.00

avg-cpu:  %user   %nice %system %iowait  %steal   %idle
           1.01    0.00    5.75    4.74    0.00   88.50

Device            r/s     w/s     rMB/s     wMB/s   rrqm/s   wrqm/s  %rrqm  %wrqm r_await w_await aqu-sz rareq-sz wareq-sz  svctm  %util
nvme1n1       23076.00 10692.00   1442.25    628.58     0.00     0.00   0.00   0.00    0.44    0.46   0.00    64.00    60.20   0.03 100.00
nvme0n1        539.00    0.00     33.69      0.00     0.00     0.00   0.00   0.00    0.10    0.00   0.00    64.00     0.00   0.74  40.10
cas1-1        23620.00 10009.00   1476.25    625.56     0.00     0.00   0.00   0.00    0.44    0.51   0.04    64.00    64.00   0.03 100.20

avg-cpu:  %user   %nice %system %iowait  %steal   %idle
           0.88    0.00    5.87    4.38    0.00   88.86

Device            r/s     w/s     rMB/s     wMB/s   rrqm/s   wrqm/s  %rrqm  %wrqm r_await w_await aqu-sz rareq-sz wareq-sz  svctm  %util
nvme1n1       22721.00 10556.00   1420.06    644.40     0.00     0.00   0.00   0.00    0.44    0.46   0.00    64.00    62.51   0.03 100.00
nvme0n1       1197.00    0.00     74.81      0.00     0.00     0.00   0.00   0.00    0.10    0.00   0.00    64.00     0.00   0.60  71.50
cas1-1        23918.00 10296.00   1494.88    643.50     0.00     0.00   0.00   0.00    0.44    0.49   0.03    64.00    64.00   0.03 100.00

avg-cpu:  %user   %nice %system %iowait  %steal   %idle
           0.92    0.00    5.90    3.88    0.00   89.30

Device            r/s     w/s     rMB/s     wMB/s   rrqm/s   wrqm/s  %rrqm  %wrqm r_await w_await aqu-sz rareq-sz wareq-sz  svctm  %util
nvme1n1       22772.00 10435.00   1423.25    647.38     0.00     0.00   0.00   0.00    0.44    0.46   0.00    64.00    63.53   0.03 100.00
nvme0n1       1282.00    0.00     80.12      0.00     0.00     0.00   0.00   0.00    0.10    0.00   0.00    64.00     0.00   0.58  73.90
cas1-1        24053.00 10354.00   1503.31    647.12     0.00     0.00   0.00   0.00    0.43    0.48   0.01    64.00    64.00   0.03 100.00

avg-cpu:  %user   %nice %system %iowait  %steal   %idle
           0.95    0.00    5.99    4.45    0.00   88.62

Device            r/s     w/s     rMB/s     wMB/s   rrqm/s   wrqm/s  %rrqm  %wrqm r_await w_await aqu-sz rareq-sz wareq-sz  svctm  %util
nvme1n1       22880.00 10302.00   1430.00    641.94     0.00     0.00   0.00   0.00    0.44    0.46   0.00    64.00    63.81   0.03 100.00
nvme0n1       1559.00    0.00     97.44      0.00     0.00     0.00   0.00   0.00    0.11    0.00   0.00    64.00     0.00   0.52  80.50
cas1-1        24437.00 10268.00   1527.31    641.75     0.00     0.00   0.00   0.00    0.43    0.48   0.00    64.00    64.00   0.03 100.00

avg-cpu:  %user   %nice %system %iowait  %steal   %idle
           1.04    0.00    5.59    4.51    0.00   88.86

Device            r/s     w/s     rMB/s     wMB/s   rrqm/s   wrqm/s  %rrqm  %wrqm r_await w_await aqu-sz rareq-sz wareq-sz  svctm  %util
nvme1n1       22099.00 10681.00   1381.19    666.92     0.00     0.00   0.00   0.00    0.44    0.45   0.00    64.00    63.94   0.03 100.00
nvme0n1       2375.00    0.00    148.44      0.00     0.00     0.00   0.00   0.00    0.10    0.00   0.00    64.00     0.00   0.38  90.20
cas1-1        24480.00 10668.00   1530.00    666.75     0.00     0.00   0.00   0.00    0.42    0.47   0.00    64.00    64.00   0.03 100.20

avg-cpu:  %user   %nice %system %iowait  %steal   %idle
           0.98    0.00    5.93    4.42    0.00   88.67

Device            r/s     w/s     rMB/s     wMB/s   rrqm/s   wrqm/s  %rrqm  %wrqm r_await w_await aqu-sz rareq-sz wareq-sz  svctm  %util
nvme1n1       22133.00 10851.00   1383.31    678.07     0.00     0.00   0.00   0.00    0.43    0.45   0.00    64.00    63.99   0.03 100.00
nvme0n1       3228.00    0.00    201.75      0.00     0.00     0.00   0.00   0.00    0.11    0.00   0.00    64.00     0.00   0.30  96.30
cas1-1        25360.00 10852.00   1585.00    678.25     0.00     0.00   0.00   0.00    0.40    0.47   0.00    64.00    64.00   0.03 100.00

avg-cpu:  %user   %nice %system %iowait  %steal   %idle
           0.92    0.00    6.06    5.62    0.00   87.40

Device            r/s     w/s     rMB/s     wMB/s   rrqm/s   wrqm/s  %rrqm  %wrqm r_await w_await aqu-sz rareq-sz wareq-sz  svctm  %util
nvme1n1       22216.00 10713.00   1388.50    669.50     0.00     0.00   0.00   0.00    0.43    0.45   0.00    64.00    63.99   0.03 100.00
nvme0n1       3117.00    0.00    194.81      0.00     0.00     0.00   0.00   0.00    0.11    0.00   0.00    64.00     0.00   0.31  96.00
cas1-1        25332.00 10710.00   1583.25    669.38     0.00     0.00   0.00   0.00    0.40    0.47   0.00    64.00    64.00   0.03 100.00

avg-cpu:  %user   %nice %system %iowait  %steal   %idle
           0.85    0.00    6.18    3.56    0.00   89.41

Device            r/s     w/s     rMB/s     wMB/s   rrqm/s   wrqm/s  %rrqm  %wrqm r_await w_await aqu-sz rareq-sz wareq-sz  svctm  %util
nvme1n1       21758.00 10982.00   1359.88    686.38     0.00     0.00   0.00   0.00    0.43    0.45   0.00    64.00    64.00   0.03 100.00
nvme0n1       3459.00    0.00    216.19      0.00     0.00     0.00   0.00   0.00    0.11    0.00   0.00    64.00     0.00   0.28  97.60
cas1-1        25211.00 10985.00   1575.69    686.56     0.00     0.00   0.00   0.00    0.40    0.47   0.00    64.00    64.00   0.03 100.10

avg-cpu:  %user   %nice %system %iowait  %steal   %idle
           0.88    0.00    6.14    2.74    0.00   90.23

Device            r/s     w/s     rMB/s     wMB/s   rrqm/s   wrqm/s  %rrqm  %wrqm r_await w_await aqu-sz rareq-sz wareq-sz  svctm  %util
nvme1n1       22166.00 10813.00   1385.38    675.81     0.00     0.00   0.00   0.00    0.44    0.45   0.00    64.00    64.00   0.03 100.00
nvme0n1       3010.00    0.00    188.12      0.00     0.00     0.00   0.00   0.00    0.11    0.00   0.00    64.00     0.00   0.32  95.70
cas1-1        25180.00 10812.00   1573.75    675.75     0.00     0.00   0.00   0.00    0.41    0.47   0.00    64.00    64.00   0.03 100.20

avg-cpu:  %user   %nice %system %iowait  %steal   %idle
           0.82    0.00    6.03    2.37    0.00   90.78

Device            r/s     w/s     rMB/s     wMB/s   rrqm/s   wrqm/s  %rrqm  %wrqm r_await w_await aqu-sz rareq-sz wareq-sz  svctm  %util
nvme1n1       21225.00 11232.00   1326.56    702.00     0.00     0.00   0.00   0.00    0.43    0.45   0.00    64.00    64.00   0.03 100.00
nvme0n1       4557.00    0.00    284.81      0.00     0.00     0.00   0.00   0.00    0.11    0.00   0.00    64.00     0.00   0.22  99.00
cas1-1        25777.00 11231.00   1611.06    701.94     0.00     0.00   0.00   0.00    0.39    0.47   0.00    64.00    64.00   0.03  99.90

avg-cpu:  %user   %nice %system %iowait  %steal   %idle
           0.88    0.00    6.18    1.55    0.00   91.39

Device            r/s     w/s     rMB/s     wMB/s   rrqm/s   wrqm/s  %rrqm  %wrqm r_await w_await aqu-sz rareq-sz wareq-sz  svctm  %util
nvme1n1       20980.00 11372.00   1311.25    710.75     0.00     0.00   0.00   0.00    0.43    0.45   0.00    64.00    64.00   0.03 100.00
nvme0n1       5590.00    0.00    349.38      0.00     0.00     0.00   0.00   0.00    0.11    0.00   0.00    64.00     0.00   0.18 100.00
cas1-1        26573.00 11375.00   1660.81    710.94     0.00     0.00   0.00   0.00    0.37    0.47   0.00    64.00    64.00   0.03 100.10

avg-cpu:  %user   %nice %system %iowait  %steal   %idle
           0.88    0.00    6.31    2.02    0.00   90.79

Device            r/s     w/s     rMB/s     wMB/s   rrqm/s   wrqm/s  %rrqm  %wrqm r_await w_await aqu-sz rareq-sz wareq-sz  svctm  %util
nvme1n1       20488.00 11791.00   1280.50    736.94     0.00     0.00   0.00   0.00    0.42    0.44   0.00    64.00    64.00   0.03 100.00
nvme0n1       6793.00    0.00    424.56      0.00     0.00     0.00   0.00   0.00    0.11    0.00   0.00    64.00     0.00   0.15  99.80
cas1-1        27280.00 11787.00   1705.00    736.69     0.00     0.00   0.00   0.00    0.35    0.46   0.00    64.00    64.00   0.03  99.90

avg-cpu:  %user   %nice %system %iowait  %steal   %idle
           0.92    0.00    6.25    1.83    0.00   91.01

Device            r/s     w/s     rMB/s     wMB/s   rrqm/s   wrqm/s  %rrqm  %wrqm r_await w_await aqu-sz rareq-sz wareq-sz  svctm  %util
nvme1n1       20568.00 11719.00   1285.50    732.44     0.00     0.00   0.00   0.00    0.42    0.44   0.00    64.00    64.00   0.03 100.00
nvme0n1       6861.00    0.00    428.81      0.00     0.00     0.00   0.00   0.00    0.11    0.00   0.00    64.00     0.00   0.15  99.90
cas1-1        27430.00 11722.00   1714.38    732.62     0.00     0.00   0.00   0.00    0.36    0.46   0.00    64.00    64.00   0.03 100.10

avg-cpu:  %user   %nice %system %iowait  %steal   %idle
           0.98    0.00    6.09    1.77    0.00   91.17

Device            r/s     w/s     rMB/s     wMB/s   rrqm/s   wrqm/s  %rrqm  %wrqm r_await w_await aqu-sz rareq-sz wareq-sz  svctm  %util
nvme1n1       20796.00 11664.00   1299.75    729.00     0.00     0.00   0.00   0.00    0.42    0.44   0.00    64.00    64.00   0.03 100.10
nvme0n1       6348.00    0.00    396.75      0.00     0.00     0.00   0.00   0.00    0.11    0.00   0.00    64.00     0.00   0.16  99.80
cas1-1        27144.00 11664.00   1696.50    729.00     0.00     0.00   0.00   0.00    0.36    0.46   0.00    64.00    64.00   0.03 100.00

avg-cpu:  %user   %nice %system %iowait  %steal   %idle
           0.85    0.00    6.31    2.21    0.00   90.63

Device            r/s     w/s     rMB/s     wMB/s   rrqm/s   wrqm/s  %rrqm  %wrqm r_await w_await aqu-sz rareq-sz wareq-sz  svctm  %util
nvme1n1       20378.00 11607.00   1273.62    725.44     0.00     0.00   0.00   0.00    0.42    0.44   0.00    64.00    64.00   0.03  99.90
nvme0n1       6822.00    0.00    426.38      0.00     0.00     0.00   0.00   0.00    0.11    0.00   0.00    64.00     0.00   0.15 100.00
cas1-1        27201.00 11605.00   1700.06    725.38     0.00     0.00   0.00   0.00    0.35    0.46   0.00    64.00    64.01   0.03 100.00

avg-cpu:  %user   %nice %system %iowait  %steal   %idle
           0.91    0.00    6.46    1.92    0.00   90.71

Device            r/s     w/s     rMB/s     wMB/s   rrqm/s   wrqm/s  %rrqm  %wrqm r_await w_await aqu-sz rareq-sz wareq-sz  svctm  %util
nvme1n1       19731.00 12309.00   1233.19    769.31     0.00     0.00   0.00   0.00    0.40    0.42   0.00    64.00    64.00   0.03 100.00
nvme0n1       8967.00    0.00    560.44      0.00     0.00     0.00   0.00   0.00    0.11    0.00   0.00    64.00     0.00   0.11  99.90
cas1-1        28701.00 12308.00   1793.81    769.19     0.00     0.00   0.00   0.00    0.32    0.44   0.00    64.00    63.99   0.02 100.00

avg-cpu:  %user   %nice %system %iowait  %steal   %idle
           0.88    0.00    6.25    1.86    0.00   91.00

Device            r/s     w/s     rMB/s     wMB/s   rrqm/s   wrqm/s  %rrqm  %wrqm r_await w_await aqu-sz rareq-sz wareq-sz  svctm  %util
nvme1n1       19690.00 12475.00   1230.62    779.69     0.00     0.00   0.00   0.00    0.42    0.44   0.00    64.00    64.00   0.03 100.10
nvme0n1       9280.00    0.00    580.00      0.00     0.00     0.00   0.00   0.00    0.11    0.00   0.00    64.00     0.00   0.11 100.00
cas1-1        28962.00 12477.00   1810.12    779.81     0.00     0.00   0.00   0.00    0.33    0.45   0.00    64.00    64.00   0.02 100.00

avg-cpu:  %user   %nice %system %iowait  %steal   %idle
           1.01    0.00    6.25    1.96    0.00   90.79

Device            r/s     w/s     rMB/s     wMB/s   rrqm/s   wrqm/s  %rrqm  %wrqm r_await w_await aqu-sz rareq-sz wareq-sz  svctm  %util
nvme1n1       20044.00 12146.00   1252.81    759.12     0.00     0.00   0.00   0.00    0.41    0.43   0.00    64.00    64.00   0.03 100.00
nvme0n1       8674.00    0.00    542.12      0.00     0.00     0.00   0.00   0.00    0.11    0.00   0.00    64.00     0.00   0.12 100.00
cas1-1        28724.00 12144.00   1795.25    759.00     0.00     0.00   0.00   0.00    0.33    0.45   0.00    64.00    64.00   0.02 100.00

avg-cpu:  %user   %nice %system %iowait  %steal   %idle
           0.91    0.00    6.40    2.49    0.00   90.20

Device            r/s     w/s     rMB/s     wMB/s   rrqm/s   wrqm/s  %rrqm  %wrqm r_await w_await aqu-sz rareq-sz wareq-sz  svctm  %util
nvme1n1       20203.00 12217.00   1262.69    763.56     0.00     0.00   0.00   0.00    0.41    0.43   0.00    64.00    64.00   0.03 100.00
nvme0n1       8963.00    0.00    560.19      0.00     0.00     0.00   0.00   0.00    0.11    0.00   0.00    64.00     0.00   0.11  99.90
cas1-1        29162.00 12220.00   1822.62    763.75     0.00     0.00   0.00   0.00    0.33    0.45   0.00    64.00    64.00   0.02 100.00

avg-cpu:  %user   %nice %system %iowait  %steal   %idle
           0.88    0.00    6.52    1.54    0.00   91.05

Device            r/s     w/s     rMB/s     wMB/s   rrqm/s   wrqm/s  %rrqm  %wrqm r_await w_await aqu-sz rareq-sz wareq-sz  svctm  %util
nvme1n1       19410.00 12501.00   1213.06    781.31     0.00     0.00   0.00   0.00    0.41    0.43   0.00    64.00    64.00   0.03 100.00
nvme0n1       9966.00    0.00    622.88      0.00     0.00     0.00   0.00   0.00    0.11    0.00   0.00    64.00     0.00   0.10 100.00
cas1-1        29381.00 12500.00   1836.31    781.25     0.00     0.00   0.00   0.00    0.32    0.45   0.00    64.00    64.00   0.02 100.00

avg-cpu:  %user   %nice %system %iowait  %steal   %idle
           0.88    0.00    6.50    2.02    0.00   90.60

Device            r/s     w/s     rMB/s     wMB/s   rrqm/s   wrqm/s  %rrqm  %wrqm r_await w_await aqu-sz rareq-sz wareq-sz  svctm  %util
nvme1n1       19159.00 12755.00   1197.44    797.19     0.00     0.00   0.00   0.00    0.40    0.42   0.00    64.00    64.00   0.03 100.00
nvme0n1       10549.00    0.00    659.31      0.00     0.00     0.00   0.00   0.00    0.11    0.00   0.00    64.00     0.00   0.09 100.00
cas1-1        29706.00 12754.00   1856.62    797.12     0.00     0.00   0.00   0.00    0.31    0.44   0.00    64.00    64.00   0.02 100.00

avg-cpu:  %user   %nice %system %iowait  %steal   %idle
           0.91    0.00    6.47    1.36    0.00   91.26

Device            r/s     w/s     rMB/s     wMB/s   rrqm/s   wrqm/s  %rrqm  %wrqm r_await w_await aqu-sz rareq-sz wareq-sz  svctm  %util
nvme1n1       18178.00 13557.00   1136.12    847.31     0.00     0.00   0.00   0.00    0.40    0.42   0.00    64.00    64.00   0.03 100.20
nvme0n1       13063.00    0.00    816.44      0.00     0.00     0.00   0.00   0.00    0.12    0.00   0.00    64.00     0.00   0.08 100.00
cas1-1        31244.00 13558.00   1952.75    847.38     0.00     0.00   0.00   0.00    0.29    0.44   0.00    64.00    64.00   0.02 100.00

avg-cpu:  %user   %nice %system %iowait  %steal   %idle
           0.91    0.00    6.77    1.86    0.00   90.46

Device            r/s     w/s     rMB/s     wMB/s   rrqm/s   wrqm/s  %rrqm  %wrqm r_await w_await aqu-sz rareq-sz wareq-sz  svctm  %util
nvme1n1       17394.00 13733.00   1087.12    858.31     0.00     0.00   0.00   0.00    0.38    0.40   0.00    64.00    64.00   0.03 100.00
nvme0n1       14340.00    0.00    896.25      0.00     0.00     0.00   0.00   0.00    0.12    0.00   0.00    64.00     0.00   0.07 100.00
cas1-1        31731.00 13733.00   1983.19    858.31     0.00     0.00   0.00   0.00    0.28    0.42   0.00    64.00    64.00   0.02 100.00

avg-cpu:  %user   %nice %system %iowait  %steal   %idle
           0.94    0.00    6.90    1.54    0.00   90.62

Device            r/s     w/s     rMB/s     wMB/s   rrqm/s   wrqm/s  %rrqm  %wrqm r_await w_await aqu-sz rareq-sz wareq-sz  svctm  %util
nvme1n1       16992.00 14441.00   1062.00    902.56     0.00     0.00   0.00   0.00    0.36    0.38   0.00    64.00    64.00   0.03 100.00
nvme0n1       16637.00    0.00   1039.81      0.00     0.00     0.00   0.00   0.00    0.12    0.00   0.00    64.00     0.00   0.06 100.00
cas1-1        33632.00 14442.00   2102.00    902.62     0.00     0.00   0.00   0.00    0.26    0.40   0.00    64.00    64.00   0.02 100.00

avg-cpu:  %user   %nice %system %iowait  %steal   %idle
           0.91    0.00    6.81    1.83    0.00   90.44

Device            r/s     w/s     rMB/s     wMB/s   rrqm/s   wrqm/s  %rrqm  %wrqm r_await w_await aqu-sz rareq-sz wareq-sz  svctm  %util
nvme1n1       16705.00 14171.00   1044.06    885.69     0.00     0.00   0.00   0.00    0.36    0.38   0.00    64.00    64.00   0.03 100.00
nvme0n1       16592.00    0.00   1037.00      0.00     0.00     0.00   0.00   0.00    0.12    0.00   0.00    64.00     0.00   0.06 100.00
cas1-1        33292.00 14172.00   2080.75    885.75     0.00     0.00   0.00   0.00    0.25    0.40   0.00    64.00    64.00   0.02 100.00

avg-cpu:  %user   %nice %system %iowait  %steal   %idle
           0.82    0.00    7.06    1.61    0.00   90.52

Device            r/s     w/s     rMB/s     wMB/s   rrqm/s   wrqm/s  %rrqm  %wrqm r_await w_await aqu-sz rareq-sz wareq-sz  svctm  %util
nvme1n1       16320.00 14587.00   1020.00    911.69     0.00     0.00   0.00   0.00    0.35    0.37   0.00    64.00    64.00   0.03 100.00
nvme0n1       18279.00    0.00   1142.44      0.00     0.00     0.00   0.00   0.00    0.13    0.00   0.00    64.00     0.00   0.05 100.00
cas1-1        34596.00 14586.00   2162.25    911.63     0.00     0.00   0.00   0.00    0.24    0.39   0.00    64.00    64.00   0.02 100.00

avg-cpu:  %user   %nice %system %iowait  %steal   %idle
           0.91    0.00    7.11    1.51    0.00   90.46

Device            r/s     w/s     rMB/s     wMB/s   rrqm/s   wrqm/s  %rrqm  %wrqm r_await w_await aqu-sz rareq-sz wareq-sz  svctm  %util
nvme1n1       16003.00 15205.00   1000.19    950.31     0.00     0.00   0.00   0.00    0.36    0.37   0.00    64.00    64.00   0.03 100.00
nvme0n1       18741.00    0.00   1171.38      0.00     0.00     0.00   0.00   0.00    0.13    0.00   0.00    64.00     0.00   0.05 100.00
cas1-1        34756.00 15201.00   2172.25    950.06     0.00     0.00   0.00   0.00    0.24    0.39   0.00    64.00    64.00   0.02 100.00

avg-cpu:  %user   %nice %system %iowait  %steal   %idle
           1.07    0.00    7.01    1.79    0.00   90.12

Device            r/s     w/s     rMB/s     wMB/s   rrqm/s   wrqm/s  %rrqm  %wrqm r_await w_await aqu-sz rareq-sz wareq-sz  svctm  %util
nvme1n1       15779.00 14780.00    986.19    923.75     0.00     0.00   0.00   0.00    0.33    0.35   0.00    64.00    64.00   0.03 100.00
nvme0n1       19577.00    0.00   1223.50      0.00     0.00     0.00   0.00   0.00    0.13    0.00   0.00    64.00     0.00   0.05 100.00
cas1-1        35347.00 14786.00   2209.19    924.13     0.00     0.00   0.00   0.00    0.23    0.38   0.00    64.00    64.00   0.02 100.10

avg-cpu:  %user   %nice %system %iowait  %steal   %idle
           0.85    0.00    7.11    1.51    0.00   90.53

Device            r/s     w/s     rMB/s     wMB/s   rrqm/s   wrqm/s  %rrqm  %wrqm r_await w_await aqu-sz rareq-sz wareq-sz  svctm  %util
nvme1n1       16016.00 15021.00   1001.00    938.81     0.00     0.00   0.00   0.00    0.34    0.36   0.00    64.00    64.00   0.03 100.00
nvme0n1       18770.00    0.00   1173.19      0.00     0.00     0.00   0.00   0.00    0.13    0.00   0.00    64.00     0.00   0.05 100.00
cas1-1        34787.00 15018.00   2174.19    938.62     0.00     0.00   0.00   0.00    0.24    0.38   0.00    64.00    64.00   0.02  99.90

avg-cpu:  %user   %nice %system %iowait  %steal   %idle
           0.91    0.00    7.21    1.79    0.00   90.08

Device            r/s     w/s     rMB/s     wMB/s   rrqm/s   wrqm/s  %rrqm  %wrqm r_await w_await aqu-sz rareq-sz wareq-sz  svctm  %util
nvme1n1       15700.00 15228.00    981.25    951.75     0.00     0.00   0.00   0.00    0.33    0.35   0.00    64.00    64.00   0.03 100.00
nvme0n1       19158.00    0.00   1197.31      0.00     0.00     0.00   0.00   0.00    0.13    0.00   0.00    64.00     0.00   0.05 100.10
cas1-1        34862.00 15231.00   2178.88    951.94     0.00     0.00   0.00   0.00    0.23    0.37   0.00    64.00    64.00   0.02 100.10

avg-cpu:  %user   %nice %system %iowait  %steal   %idle
           0.85    0.00    7.26    1.92    0.00   89.97

Device            r/s     w/s     rMB/s     wMB/s   rrqm/s   wrqm/s  %rrqm  %wrqm r_await w_await aqu-sz rareq-sz wareq-sz  svctm  %util
nvme1n1       16024.00 14823.00   1001.50    926.44     0.00     0.00   0.00   0.00    0.33    0.35   0.00    64.00    64.00   0.03 100.00
nvme0n1       18716.00    0.00   1169.75      0.00     0.00     0.00   0.00   0.00    0.13    0.00   0.00    64.00     0.00   0.05  99.90
cas1-1        34740.00 14820.00   2171.25    926.25     0.00     0.00   0.00   0.00    0.23    0.37   0.00    64.00    64.00   0.02 100.00

avg-cpu:  %user   %nice %system %iowait  %steal   %idle
           0.94    0.00    7.05    1.70    0.00   90.30

Device            r/s     w/s     rMB/s     wMB/s   rrqm/s   wrqm/s  %rrqm  %wrqm r_await w_await aqu-sz rareq-sz wareq-sz  svctm  %util
nvme1n1       15964.00 15070.00    997.75    941.87     0.00     0.00   0.00   0.00    0.34    0.36   0.00    64.00    64.00   0.03 100.10
nvme0n1       18793.00    0.00   1174.56      0.00     0.00     0.00   0.00   0.00    0.13    0.00   0.00    64.00     0.00   0.05 100.10
cas1-1        34756.00 15072.00   2172.25    942.00     0.00     0.00   0.00   0.00    0.24    0.38   0.00    64.00    64.00   0.02 100.00

avg-cpu:  %user   %nice %system %iowait  %steal   %idle
           0.98    0.00    7.05    1.35    0.00   90.62

Device            r/s     w/s     rMB/s     wMB/s   rrqm/s   wrqm/s  %rrqm  %wrqm r_await w_await aqu-sz rareq-sz wareq-sz  svctm  %util
nvme1n1       16115.00 14790.00   1007.19    924.38     0.00     0.00   0.00   0.00    0.33    0.35   0.00    64.00    64.00   0.03  99.90
nvme0n1       18440.00    0.00   1152.50      0.00     0.00     0.00   0.00   0.00    0.13    0.00   0.00    64.00     0.00   0.05 100.00
cas1-1        34549.00 14788.00   2159.31    924.25     0.00     0.00   0.00   0.00    0.23    0.37   0.00    64.00    64.00   0.02 100.00

avg-cpu:  %user   %nice %system %iowait  %steal   %idle
           0.91    0.00    7.05    1.54    0.00   90.49

Device            r/s     w/s     rMB/s     wMB/s   rrqm/s   wrqm/s  %rrqm  %wrqm r_await w_await aqu-sz rareq-sz wareq-sz  svctm  %util
nvme1n1       15978.00 14997.00    998.62    937.31     0.00     0.00   0.00   0.00    0.34    0.36   0.00    64.00    64.00   0.03 100.10
nvme0n1       19316.00    0.00   1207.31      0.00     0.00     0.00   0.00   0.00    0.13    0.00   0.00    64.00     0.00   0.05 100.00
cas1-1        35305.00 15001.00   2206.56    937.56     0.00     0.00   0.00   0.00    0.23    0.38   0.00    64.00    64.00   0.02 100.00

avg-cpu:  %user   %nice %system %iowait  %steal   %idle
           0.98    0.00    7.15    1.51    0.00   90.37

Device            r/s     w/s     rMB/s     wMB/s   rrqm/s   wrqm/s  %rrqm  %wrqm r_await w_await aqu-sz rareq-sz wareq-sz  svctm  %util
nvme1n1       15256.00 15518.00    953.50    969.88     0.00     0.00   0.00   0.00    0.32    0.34   0.00    64.00    64.00   0.03 100.20
nvme0n1       21475.00    0.00   1342.12      0.00     0.00     0.00   0.00   0.00    0.13    0.00   0.00    64.00     0.00   0.05 100.00
cas1-1        36728.00 15515.00   2295.50    969.69     0.00     0.00   0.00   0.00    0.22    0.36   0.00    64.00    64.00   0.02 100.00

avg-cpu:  %user   %nice %system %iowait  %steal   %idle
           0.94    0.00    7.23    1.26    0.00   90.57

Device            r/s     w/s     rMB/s     wMB/s   rrqm/s   wrqm/s  %rrqm  %wrqm r_await w_await aqu-sz rareq-sz wareq-sz  svctm  %util
nvme1n1       15214.00 15592.00    950.87    974.50     0.00     0.00   0.00   0.00    0.32    0.34   0.00    64.00    64.00   0.03 100.00
nvme0n1       21193.00    0.00   1324.56      0.00     0.00     0.00   0.00   0.00    0.13    0.00   0.00    64.00     0.00   0.05 100.00
cas1-1        36404.00 15591.00   2275.25    974.44     0.00     0.00   0.00   0.00    0.22    0.37   0.00    64.00    64.00   0.02 100.00

avg-cpu:  %user   %nice %system %iowait  %steal   %idle
           0.88    0.00    7.29    0.94    0.00   90.88

Device            r/s     w/s     rMB/s     wMB/s   rrqm/s   wrqm/s  %rrqm  %wrqm r_await w_await aqu-sz rareq-sz wareq-sz  svctm  %util
nvme1n1       15085.00 15571.00    942.81    973.19     0.00     0.00   0.00   0.00    0.32    0.34   0.00    64.00    64.00   0.03 100.00
nvme0n1       21339.00    0.00   1333.69      0.00     0.00     0.00   0.00   0.00    0.13    0.00   0.00    64.00     0.00   0.05 100.00
cas1-1        36421.00 15570.00   2276.31    973.12     0.00     0.00   0.00   0.00    0.22    0.36   0.00    64.00    64.00   0.02 100.00

avg-cpu:  %user   %nice %system %iowait  %steal   %idle
           0.88    0.00    7.47    1.32    0.00   90.33

Device            r/s     w/s     rMB/s     wMB/s   rrqm/s   wrqm/s  %rrqm  %wrqm r_await w_await aqu-sz rareq-sz wareq-sz  svctm  %util
nvme1n1       14331.00 15987.00    895.69    999.19     0.00     0.00   0.00   0.00    0.31    0.33   0.00    64.00    64.00   0.03 100.00
nvme0n1       22925.00    0.00   1432.81      0.00     0.00     0.00   0.00   0.00    0.13    0.00   0.00    64.00     0.00   0.04 100.00
cas1-1        37259.00 15987.00   2328.69    999.19     0.00     0.00   0.00   0.00    0.21    0.35   0.00    64.00    64.00   0.02 100.00

avg-cpu:  %user   %nice %system %iowait  %steal   %idle
           0.82    0.00    7.46    1.20    0.00   90.53

Device            r/s     w/s     rMB/s     wMB/s   rrqm/s   wrqm/s  %rrqm  %wrqm r_await w_await aqu-sz rareq-sz wareq-sz  svctm  %util
nvme1n1       13864.00 16080.00    866.50   1005.00     0.00     0.00   0.00   0.00    0.30    0.32   0.00    64.00    64.00   0.03 100.00
nvme0n1       23576.00    0.00   1473.50      0.00     0.00     0.00   0.00   0.00    0.14    0.00   0.00    64.00     0.00   0.04 100.00
cas1-1        37436.00 16082.00   2339.75   1005.12     0.00     0.00   0.00   0.00    0.21    0.34   0.00    64.00    64.00   0.02 100.20

avg-cpu:  %user   %nice %system %iowait  %steal   %idle
           1.51    0.00    7.36    2.42    0.00   88.70

Device            r/s     w/s     rMB/s     wMB/s   rrqm/s   wrqm/s  %rrqm  %wrqm r_await w_await aqu-sz rareq-sz wareq-sz  svctm  %util
nvme1n1       13735.00 15889.00    858.44    993.12     0.00     0.00   0.00   0.00    0.28    0.30   0.00    64.00    64.00   0.03 100.00
nvme0n1       23844.00    0.00   1490.25      0.00     0.00     0.00   0.00   0.00    0.14    0.00   0.00    64.00     0.00   0.04 100.00
cas1-1        37585.00 15887.00   2349.06    992.94     0.00     0.00   0.00   0.00    0.20    0.32   0.01    64.00    64.00   0.02 100.00

avg-cpu:  %user   %nice %system %iowait  %steal   %idle
           0.85    0.00    7.54    1.60    0.00   90.01

Device            r/s     w/s     rMB/s     wMB/s   rrqm/s   wrqm/s  %rrqm  %wrqm r_await w_await aqu-sz rareq-sz wareq-sz  svctm  %util
nvme1n1       14541.00 15691.00    908.81    980.62     0.00     0.00   0.00   0.00    0.30    0.32   0.00    64.00    64.00   0.03 100.00
nvme0n1       22542.00    0.00   1408.88      0.00     0.00     0.00   0.00   0.00    0.13    0.00   0.00    64.00     0.00   0.04 100.00
cas1-1        37078.00 15692.00   2317.38    980.75     0.00     0.00   0.00   0.00    0.21    0.34   0.00    64.00    64.00   0.02 100.00

avg-cpu:  %user   %nice %system %iowait  %steal   %idle
           0.76    0.00    7.37    1.67    0.00   90.21

Device            r/s     w/s     rMB/s     wMB/s   rrqm/s   wrqm/s  %rrqm  %wrqm r_await w_await aqu-sz rareq-sz wareq-sz  svctm  %util
nvme1n1       15010.00 15632.00    938.12    977.00     0.00     0.00   0.00   0.00    0.32    0.34   0.00    64.00    64.00   0.03 100.00
nvme0n1       21485.00    0.00   1342.81      0.00     0.00     0.00   0.00   0.00    0.13    0.00   0.00    64.00     0.00   0.05 100.00
cas1-1        36502.00 15631.00   2281.38    976.94     0.00     0.00   0.00   0.00    0.22    0.36   0.00    64.00    64.00   0.02 100.00

avg-cpu:  %user   %nice %system %iowait  %steal   %idle
           0.94    0.00    7.32    1.23    0.00   90.51

Device            r/s     w/s     rMB/s     wMB/s   rrqm/s   wrqm/s  %rrqm  %wrqm r_await w_await aqu-sz rareq-sz wareq-sz  svctm  %util
nvme1n1       14952.00 15770.00    934.50    985.62     0.00     0.00   0.00   0.00    0.32    0.34   0.00    64.00    64.00   0.03 100.00
nvme0n1       21653.00    0.00   1353.31      0.00     0.00     0.00   0.00   0.00    0.13    0.00   0.00    64.00     0.00   0.05 100.00
cas1-1        36599.00 15772.00   2287.44    985.75     0.00     0.00   0.00   0.00    0.22    0.36   0.00    64.00    64.00   0.02 100.00

avg-cpu:  %user   %nice %system %iowait  %steal   %idle
           0.72    0.00    5.14    2.95    0.00   91.19

Device            r/s     w/s     rMB/s     wMB/s   rrqm/s   wrqm/s  %rrqm  %wrqm r_await w_await aqu-sz rareq-sz wareq-sz  svctm  %util
nvme1n1       9577.00 9756.00    598.01    609.75     0.00     0.00   0.00   0.00    0.28    0.29   0.00    63.94    64.00   0.03  64.40
nvme0n1       13331.00    0.00    831.90      0.00     0.00     0.00   0.00   0.00    0.13    0.00   0.00    63.90     0.00   0.05  64.60
cas1-1        22900.00 9752.00   1429.54    609.50     0.00     0.00   0.00   0.00    0.21    0.32   0.00    63.92    64.00   0.02  64.60

