Linux 5.4.1-050401-lowlatency (kanwu-Super-Server) 	09/10/2020 	_x86_64_	(32 CPU)

avg-cpu:  %user   %nice %system %iowait  %steal   %idle
           0.05    0.00    0.15    0.05    0.00   99.75

Device            r/s     w/s     rMB/s     wMB/s   rrqm/s   wrqm/s  %rrqm  %wrqm r_await w_await aqu-sz rareq-sz wareq-sz  svctm  %util
nvme1n1        716.73  174.66     44.79     10.68     0.00     0.00   0.00   0.00    0.30    0.38   0.00    64.00    62.59   0.03   2.56
nvme0n1        161.98   95.57     10.12      5.97     0.00     0.00   0.00   0.00    0.23    0.06   0.00    63.99    63.97   0.06   1.54
cas1-1          18.56    7.94      1.16      0.50     0.00     0.00   0.00   0.00    0.45    0.49   0.00    64.00    64.00   0.03   0.08

avg-cpu:  %user   %nice %system %iowait  %steal   %idle
           0.06    0.00    0.72    0.78    0.00   98.43

Device            r/s     w/s     rMB/s     wMB/s   rrqm/s   wrqm/s  %rrqm  %wrqm r_await w_await aqu-sz rareq-sz wareq-sz  svctm  %util
nvme1n1       2966.00 1894.00    185.38      9.89     0.00     0.00   0.00   0.00    0.63    0.07   0.51    64.00     5.35   0.04  18.20
nvme0n1          0.00 2990.00      0.00    184.00     0.00     0.00   0.00   0.00    0.00    0.27   0.19     0.00    63.02   0.05  15.70
cas1-1           0.00    0.00      0.00      0.00     0.00     0.00   0.00   0.00    0.00    0.00   0.00     0.00     0.00   0.00   0.00

avg-cpu:  %user   %nice %system %iowait  %steal   %idle
           0.03    0.00    1.06    0.00    0.00   98.90

Device            r/s     w/s     rMB/s     wMB/s   rrqm/s   wrqm/s  %rrqm  %wrqm r_await w_await aqu-sz rareq-sz wareq-sz  svctm  %util
nvme1n1       9194.00 5941.00    574.62     31.01     0.00     0.00   0.00   0.00    0.70    0.13   2.48    64.00     5.34   0.04  53.70
nvme0n1          0.00 9359.00      0.00    576.00     0.00     0.00   0.00   0.00    0.00    0.52   0.32     0.00    63.02   0.05  47.50
cas1-1           0.00    0.00      0.00      0.00     0.00     0.00   0.00   0.00    0.00    0.00   0.00     0.00     0.00   0.00   0.00

avg-cpu:  %user   %nice %system %iowait  %steal   %idle
           0.13    0.00    0.56    1.16    0.00   98.15

Device            r/s     w/s     rMB/s     wMB/s   rrqm/s   wrqm/s  %rrqm  %wrqm r_await w_await aqu-sz rareq-sz wareq-sz  svctm  %util
nvme1n1        163.00 1294.00      9.07    139.38     0.00     0.00   0.00   0.00    0.56    2.37   2.56    57.01   110.30   0.07  10.60
nvme0n1         44.00  131.00      1.04      8.00     0.00     0.00   0.00   0.00    0.11    0.53   0.01    24.18    62.53   0.10   1.80
cas1-1        18446744073708150784.00 18446744073708949504.00 9007199254653459.00 9007199254703523.00     0.00     0.00   0.00   0.00    0.00    0.00 4294962.61     0.50     0.50   0.00 429490731.00

avg-cpu:  %user   %nice %system %iowait  %steal   %idle
           0.44    0.00    0.06    0.06    0.00   99.44

Device            r/s     w/s     rMB/s     wMB/s   rrqm/s   wrqm/s  %rrqm  %wrqm r_await w_await aqu-sz rareq-sz wareq-sz  svctm  %util
nvme1n1          0.00    0.00      0.00      0.00     0.00     0.00   0.00   0.00    0.00    0.00   0.00     0.00     0.00   0.00   0.00
nvme0n1          0.00    0.00      0.00      0.00     0.00     0.00   0.00   0.00    0.00    0.00   0.00     0.00     0.00   0.00   0.00
cas1-1           0.00    0.00      0.00      0.00     0.00     0.00   0.00   0.00    0.00    0.00   0.00     0.00     0.00   0.00   0.00

avg-cpu:  %user   %nice %system %iowait  %steal   %idle
           0.82    0.00    5.30    2.27    0.00   91.61

Device            r/s     w/s     rMB/s     wMB/s   rrqm/s   wrqm/s  %rrqm  %wrqm r_await w_await aqu-sz rareq-sz wareq-sz  svctm  %util
nvme1n1       7337.00 13845.00    458.56    865.38     0.00     0.00   0.00   0.00    0.41    0.37   0.00    64.00    64.00   0.04  77.80
nvme0n1       9011.00 16132.00    563.19   1008.25     0.00     0.00   0.00   0.00    0.55    0.05   1.14    64.00    64.00   0.03  78.10
cas1-1        16352.00 16128.00   1022.00   1008.00     0.00     0.00   0.00   0.00    0.51    0.19   1.29    64.00    64.00   0.02  78.10

avg-cpu:  %user   %nice %system %iowait  %steal   %idle
           0.91    0.00    6.04    3.65    0.00   89.40

Device            r/s     w/s     rMB/s     wMB/s   rrqm/s   wrqm/s  %rrqm  %wrqm r_await w_await aqu-sz rareq-sz wareq-sz  svctm  %util
nvme1n1       17891.00 13853.00   1118.19    865.75     0.00     0.00   0.00   0.00    0.43    0.45   0.00    64.00    64.00   0.03 100.00
nvme0n1       2934.00 20573.00    183.38   1285.81     0.00     0.00   0.00   0.00    0.47    0.04   0.46    64.00    64.00   0.04  99.80
cas1-1        20823.00 20576.00   1301.44   1286.00     0.00     0.00   0.00   0.00    0.45    0.29   0.46    64.00    64.00   0.02  99.80

avg-cpu:  %user   %nice %system %iowait  %steal   %idle
           0.85    0.00    6.11    3.56    0.00   89.48

Device            r/s     w/s     rMB/s     wMB/s   rrqm/s   wrqm/s  %rrqm  %wrqm r_await w_await aqu-sz rareq-sz wareq-sz  svctm  %util
nvme1n1       19222.00 12848.00   1201.38    803.00     0.00     0.00   0.00   0.00    0.41    0.43   0.00    64.00    64.00   0.03 100.00
nvme0n1       2360.00 21372.00    147.50   1335.75     0.00     0.00   0.00   0.00    0.45    0.04   0.30    64.00    64.00   0.04 100.00
cas1-1        21585.00 21367.00   1349.06   1335.44     0.00     0.00   0.00   0.00    0.43    0.29   0.30    64.00    64.00   0.02 100.00

avg-cpu:  %user   %nice %system %iowait  %steal   %idle
           0.94    0.00    6.23    4.12    0.00   88.70

Device            r/s     w/s     rMB/s     wMB/s   rrqm/s   wrqm/s  %rrqm  %wrqm r_await w_await aqu-sz rareq-sz wareq-sz  svctm  %util
nvme1n1       18955.00 13065.00   1184.69    816.56     0.00     0.00   0.00   0.00    0.41    0.42   0.00    64.00    64.00   0.03 100.00
nvme0n1       2488.00 21704.00    155.50   1356.50     0.00     0.00   0.00   0.00    0.46    0.04   0.32    64.00    64.00   0.04 100.00
cas1-1        21443.00 21709.00   1340.19   1356.81     0.00     0.00   0.00   0.00    0.42    0.28   0.33    64.00    64.00   0.02 100.00

avg-cpu:  %user   %nice %system %iowait  %steal   %idle
           0.91    0.00    6.20    2.89    0.00   89.99

Device            r/s     w/s     rMB/s     wMB/s   rrqm/s   wrqm/s  %rrqm  %wrqm r_await w_await aqu-sz rareq-sz wareq-sz  svctm  %util
nvme1n1       19488.00 12930.00   1218.00    808.13     0.00     0.00   0.00   0.00    0.41    0.42   0.00    64.00    64.00   0.03 100.00
nvme0n1       2244.00 21532.00    140.25   1345.75     0.00     0.00   0.00   0.00    0.48    0.04   0.34    64.00    64.00   0.04 100.00
cas1-1        21732.00 21533.00   1358.25   1345.81     0.00     0.00   0.00   0.00    0.42    0.28   0.34    64.00    64.00   0.02 100.00

avg-cpu:  %user   %nice %system %iowait  %steal   %idle
           0.82    0.00    5.89    3.12    0.00   90.18

Device            r/s     w/s     rMB/s     wMB/s   rrqm/s   wrqm/s  %rrqm  %wrqm r_await w_await aqu-sz rareq-sz wareq-sz  svctm  %util
nvme1n1       18599.00 13245.00   1162.50    827.81     0.00     0.00   0.00   0.00    0.46    0.47   0.00    64.00    64.00   0.03 100.00
nvme0n1        980.00 19448.00     61.25   1215.50     0.00     0.00   0.00   0.00    0.42    0.04   0.12    64.00    64.00   0.05 100.00
cas1-1        19581.00 19447.00   1223.81   1215.44     0.00     0.00   0.00   0.00    0.46    0.33   0.12    64.00    64.00   0.03 100.00

avg-cpu:  %user   %nice %system %iowait  %steal   %idle
           0.85    0.00    5.57    2.11    0.00   91.47

Device            r/s     w/s     rMB/s     wMB/s   rrqm/s   wrqm/s  %rrqm  %wrqm r_await w_await aqu-sz rareq-sz wareq-sz  svctm  %util
nvme1n1       19024.00 13216.00   1188.94    826.00     0.00     0.00   0.00   0.00    0.44    0.46   0.00    64.00    64.00   0.03 100.00
nvme0n1        734.00 20105.00     45.88   1256.56     0.00     0.00   0.00   0.00    0.43    0.03   0.10    64.00    64.00   0.05 100.00
cas1-1        19753.00 20102.00   1234.56   1256.38     0.00     0.00   0.00   0.00    0.45    0.33   0.10    64.00    64.00   0.03 100.00

avg-cpu:  %user   %nice %system %iowait  %steal   %idle
           0.85    0.00    5.70    3.21    0.00   90.24

Device            r/s     w/s     rMB/s     wMB/s   rrqm/s   wrqm/s  %rrqm  %wrqm r_await w_await aqu-sz rareq-sz wareq-sz  svctm  %util
nvme1n1       19075.00 12979.00   1192.19    811.19     0.00     0.00   0.00   0.00    0.45    0.47   0.00    64.00    64.00   0.03 100.00
nvme0n1        659.00 19800.00     41.19   1237.50     0.00     0.00   0.00   0.00    0.44    0.03   0.10    64.00    64.00   0.05 100.00
cas1-1        19734.00 19803.00   1233.38   1237.69     0.00     0.00   0.00   0.00    0.46    0.33   0.10    64.00    64.00   0.03 100.00

avg-cpu:  %user   %nice %system %iowait  %steal   %idle
           0.88    0.00    5.44    0.72    0.00   92.95

Device            r/s     w/s     rMB/s     wMB/s   rrqm/s   wrqm/s  %rrqm  %wrqm r_await w_await aqu-sz rareq-sz wareq-sz  svctm  %util
nvme1n1       19196.00 12907.00   1199.75    806.69     0.00     0.00   0.00   0.00    0.44    0.46   0.00    64.00    64.00   0.03 100.00
nvme0n1        830.00 19625.00     51.88   1226.56     0.00     0.00   0.00   0.00    0.42    0.03   0.11    64.00    64.00   0.05 100.00
cas1-1        20027.00 19624.00   1251.69   1226.50     0.00     0.00   0.00   0.00    0.45    0.33   0.11    64.00    64.00   0.03 100.00

avg-cpu:  %user   %nice %system %iowait  %steal   %idle
           0.88    0.00    5.27    1.10    0.00   92.75

Device            r/s     w/s     rMB/s     wMB/s   rrqm/s   wrqm/s  %rrqm  %wrqm r_await w_await aqu-sz rareq-sz wareq-sz  svctm  %util
nvme1n1       19067.00 13136.00   1191.69    821.00     0.00     0.00   0.00   0.00    0.44    0.46   0.00    64.00    64.00   0.03 100.00
nvme0n1        976.00 20088.00     61.00   1255.50     0.00     0.00   0.00   0.00    0.44    0.03   0.12    64.00    64.00   0.05 100.00
cas1-1        20045.00 20088.00   1252.81   1255.50     0.00     0.00   0.00   0.00    0.45    0.32   0.12    64.00    64.00   0.02 100.00

avg-cpu:  %user   %nice %system %iowait  %steal   %idle
           0.85    0.00    5.39    0.60    0.00   93.16

Device            r/s     w/s     rMB/s     wMB/s   rrqm/s   wrqm/s  %rrqm  %wrqm r_await w_await aqu-sz rareq-sz wareq-sz  svctm  %util
nvme1n1       18967.00 12778.00   1185.44    798.62     0.00     0.00   0.00   0.00    0.45    0.47   0.00    64.00    64.00   0.03 100.00
nvme0n1        616.00 19514.00     38.50   1219.62     0.00     0.00   0.00   0.00    0.38    0.03   0.06    64.00    64.00   0.05 100.00
cas1-1        19584.00 19513.00   1224.00   1219.56     0.00     0.00   0.00   0.00    0.46    0.33   0.07    64.00    64.00   0.03 100.00

avg-cpu:  %user   %nice %system %iowait  %steal   %idle
           0.85    0.00    5.54    1.86    0.00   91.75

Device            r/s     w/s     rMB/s     wMB/s   rrqm/s   wrqm/s  %rrqm  %wrqm r_await w_await aqu-sz rareq-sz wareq-sz  svctm  %util
nvme1n1       19229.00 13064.00   1201.81    816.50     0.00     0.00   0.00   0.00    0.44    0.46   0.00    64.00    64.00   0.03 100.00
nvme0n1        834.00 19928.00     52.12   1245.50     0.00     0.00   0.00   0.00    0.44    0.03   0.13    64.00    64.00   0.05 100.00
cas1-1        20062.00 19926.00   1253.88   1245.38     0.00     0.00   0.00   0.00    0.45    0.33   0.13    64.00    64.00   0.03 100.10

avg-cpu:  %user   %nice %system %iowait  %steal   %idle
           0.76    0.00    5.57    1.83    0.00   91.85

Device            r/s     w/s     rMB/s     wMB/s   rrqm/s   wrqm/s  %rrqm  %wrqm r_await w_await aqu-sz rareq-sz wareq-sz  svctm  %util
nvme1n1       19082.00 13152.00   1192.62    822.00     0.00     0.00   0.00   0.00    0.44    0.46   0.00    64.00    64.00   0.03 100.00
nvme0n1        987.00 19965.00     61.69   1247.81     0.00     0.00   0.00   0.00    0.41    0.03   0.11    64.00    64.00   0.05 100.00
cas1-1        20066.00 19964.00   1254.12   1247.75     0.00     0.00   0.00   0.00    0.45    0.33   0.11    64.00    64.00   0.02 100.00

avg-cpu:  %user   %nice %system %iowait  %steal   %idle
           0.82    0.00    5.63    1.86    0.00   91.70

Device            r/s     w/s     rMB/s     wMB/s   rrqm/s   wrqm/s  %rrqm  %wrqm r_await w_await aqu-sz rareq-sz wareq-sz  svctm  %util
nvme1n1       18775.00 13357.00   1173.44    834.81     0.00     0.00   0.00   0.00    0.43    0.45   0.00    64.00    64.00   0.03 100.00
nvme0n1       1741.00 20377.00    108.81   1273.56     0.00     0.00   0.00   0.00    0.46    0.03   0.27    64.00    64.00   0.05 100.00
cas1-1        20514.00 20381.00   1282.12   1273.81     0.00     0.00   0.00   0.00    0.44    0.32   0.27    64.00    64.00   0.02 100.00

avg-cpu:  %user   %nice %system %iowait  %steal   %idle
           0.88    0.00    5.63    1.35    0.00   92.13

Device            r/s     w/s     rMB/s     wMB/s   rrqm/s   wrqm/s  %rrqm  %wrqm r_await w_await aqu-sz rareq-sz wareq-sz  svctm  %util
nvme1n1       18448.00 13668.00   1153.00    854.25     0.00     0.00   0.00   0.00    0.42    0.44   0.00    64.00    64.00   0.03 100.10
nvme0n1       2323.00 20885.00    145.19   1305.31     0.00     0.00   0.00   0.00    0.43    0.03   0.25    64.00    64.00   0.04 100.10
cas1-1        20777.00 20885.00   1298.56   1305.31     0.00     0.00   0.00   0.00    0.43    0.31   0.25    64.00    64.00   0.02 100.00

avg-cpu:  %user   %nice %system %iowait  %steal   %idle
           0.88    0.00    5.63    2.52    0.00   90.97

Device            r/s     w/s     rMB/s     wMB/s   rrqm/s   wrqm/s  %rrqm  %wrqm r_await w_await aqu-sz rareq-sz wareq-sz  svctm  %util
nvme1n1       18240.00 13720.00   1140.00    857.50     0.00     0.00   0.00   0.00    0.42    0.44   0.00    64.00    64.00   0.03 100.00
nvme0n1       2431.00 20551.00    151.94   1284.44     0.00     0.00   0.00   0.00    0.46    0.03   0.36    64.00    64.00   0.04 100.00
cas1-1        20670.00 20553.00   1291.88   1284.56     0.00     0.00   0.00   0.00    0.44    0.32   0.36    64.00    64.00   0.02 100.00

avg-cpu:  %user   %nice %system %iowait  %steal   %idle
           0.85    0.00    5.70    2.42    0.00   91.03

Device            r/s     w/s     rMB/s     wMB/s   rrqm/s   wrqm/s  %rrqm  %wrqm r_await w_await aqu-sz rareq-sz wareq-sz  svctm  %util
nvme1n1       17972.00 13874.00   1123.25    867.12     0.00     0.00   0.00   0.00    0.41    0.43   0.00    64.00    64.00   0.03  99.90
nvme0n1       3227.00 21247.00    201.69   1327.94     0.00     0.00   0.00   0.00    0.47    0.04   0.42    64.00    64.00   0.04  99.90
cas1-1        21199.00 21249.00   1324.94   1328.06     0.00     0.00   0.00   0.00    0.43    0.30   0.42    64.00    64.00   0.02  99.90

avg-cpu:  %user   %nice %system %iowait  %steal   %idle
           0.82    0.00    5.73    1.70    0.00   91.75

Device            r/s     w/s     rMB/s     wMB/s   rrqm/s   wrqm/s  %rrqm  %wrqm r_await w_await aqu-sz rareq-sz wareq-sz  svctm  %util
nvme1n1       17656.00 14112.00   1103.50    882.00     0.00     0.00   0.00   0.00    0.40    0.42   0.00    64.00    64.00   0.03 100.00
nvme0n1       3588.00 21423.00    224.25   1338.94     0.00     0.00   0.00   0.00    0.47    0.04   0.40    64.00    64.00   0.04 100.00
cas1-1        21244.00 21424.00   1327.75   1339.00     0.00     0.00   0.00   0.00    0.42    0.30   0.41    64.00    64.00   0.02 100.00

avg-cpu:  %user   %nice %system %iowait  %steal   %idle
           0.79    0.00    5.67    0.98    0.00   92.57

Device            r/s     w/s     rMB/s     wMB/s   rrqm/s   wrqm/s  %rrqm  %wrqm r_await w_await aqu-sz rareq-sz wareq-sz  svctm  %util
nvme1n1       17422.00 14051.00   1088.88    878.19     0.00     0.00   0.00   0.00    0.40    0.42   0.00    64.00    64.00   0.03  99.60
nvme0n1       3899.00 21286.00    243.69   1330.38     0.00     0.00   0.00   0.00    0.49    0.04   0.53    64.00    64.00   0.04  99.70
cas1-1        21320.00 21283.00   1332.50   1330.19     0.00     0.00   0.00   0.00    0.43    0.30   0.54    64.00    64.00   0.02  99.70

avg-cpu:  %user   %nice %system %iowait  %steal   %idle
           0.82    0.00    5.82    1.07    0.00   92.29

Device            r/s     w/s     rMB/s     wMB/s   rrqm/s   wrqm/s  %rrqm  %wrqm r_await w_await aqu-sz rareq-sz wareq-sz  svctm  %util
nvme1n1       17098.00 14241.00   1068.62    890.06     0.00     0.00   0.00   0.00    0.39    0.40   0.00    64.00    64.00   0.03  99.50
nvme0n1       4736.00 21736.00    296.00   1358.50     0.00     0.00   0.00   0.00    0.49    0.04   0.57    64.00    64.00   0.04  99.50
cas1-1        21836.00 21737.00   1364.81   1358.56     0.00     0.00   0.00   0.00    0.42    0.29   0.57    64.00    64.00   0.02  99.50

avg-cpu:  %user   %nice %system %iowait  %steal   %idle
           0.79    0.00    5.91    1.60    0.00   91.70

Device            r/s     w/s     rMB/s     wMB/s   rrqm/s   wrqm/s  %rrqm  %wrqm r_await w_await aqu-sz rareq-sz wareq-sz  svctm  %util
nvme1n1       16814.00 14355.00   1050.88    897.19     0.00     0.00   0.00   0.00    0.38    0.40   0.00    64.00    64.00   0.03  99.50
nvme0n1       5122.00 21996.00    320.12   1374.75     0.00     0.00   0.00   0.00    0.52    0.04   0.69    64.00    64.00   0.04  99.50
cas1-1        21935.00 21993.00   1370.94   1374.56     0.00     0.00   0.00   0.00    0.42    0.28   0.69    64.00    64.00   0.02  99.50

avg-cpu:  %user   %nice %system %iowait  %steal   %idle
           0.88    0.00    5.85    0.53    0.00   92.74

Device            r/s     w/s     rMB/s     wMB/s   rrqm/s   wrqm/s  %rrqm  %wrqm r_await w_await aqu-sz rareq-sz wareq-sz  svctm  %util
nvme1n1       16915.00 14304.00   1057.19    894.00     0.00     0.00   0.00   0.00    0.38    0.40   0.00    64.00    64.00   0.03  99.70
nvme0n1       4833.00 21920.00    302.06   1370.00     0.00     0.00   0.00   0.00    0.53    0.04   0.67    64.00    64.00   0.04  99.70
cas1-1        21747.00 21918.00   1359.12   1369.88     0.00     0.00   0.00   0.00    0.42    0.28   0.67    64.00    64.00   0.02  99.70

avg-cpu:  %user   %nice %system %iowait  %steal   %idle
           0.82    0.00    5.82    1.29    0.00   92.07

Device            r/s     w/s     rMB/s     wMB/s   rrqm/s   wrqm/s  %rrqm  %wrqm r_await w_await aqu-sz rareq-sz wareq-sz  svctm  %util
nvme1n1       16841.00 14328.00   1052.56    895.50     0.00     0.00   0.00   0.00    0.38    0.40   0.00    64.00    64.00   0.03  99.20
nvme0n1       4951.00 21714.00    309.44   1357.12     0.00     0.00   0.00   0.00    0.50    0.04   0.62    64.00    64.00   0.04  99.30
cas1-1        21794.00 21720.00   1362.12   1357.50     0.00     0.00   0.00   0.00    0.42    0.29   0.63    64.00    64.00   0.02  99.30

avg-cpu:  %user   %nice %system %iowait  %steal   %idle
           0.85    0.00    5.94    2.30    0.00   90.91

Device            r/s     w/s     rMB/s     wMB/s   rrqm/s   wrqm/s  %rrqm  %wrqm r_await w_await aqu-sz rareq-sz wareq-sz  svctm  %util
nvme1n1       16421.00 14599.00   1026.31    912.44     0.00     0.00   0.00   0.00    0.37    0.39   0.00    64.00    64.00   0.03  99.50
nvme0n1       5649.00 22033.00    353.06   1377.06     0.00     0.00   0.00   0.00    0.52    0.04   0.71    64.00    64.00   0.04  99.30
cas1-1        22069.00 22029.00   1379.31   1376.81     0.00     0.00   0.00   0.00    0.42    0.28   0.71    64.00    64.00   0.02  99.50

avg-cpu:  %user   %nice %system %iowait  %steal   %idle
           0.82    0.00    6.07    2.17    0.00   90.95

Device            r/s     w/s     rMB/s     wMB/s   rrqm/s   wrqm/s  %rrqm  %wrqm r_await w_await aqu-sz rareq-sz wareq-sz  svctm  %util
nvme1n1       16385.00 14644.00   1024.06    915.25     0.00     0.00   0.00   0.00    0.35    0.37   0.00    64.00    64.00   0.03  99.20
nvme0n1       6162.00 22359.00    385.12   1397.44     0.00     0.00   0.00   0.00    0.54    0.04   0.75    64.00    64.00   0.03  99.20
cas1-1        22547.00 22361.00   1409.19   1397.56     0.00     0.00   0.00   0.00    0.41    0.27   0.76    64.00    64.00   0.02  99.20

avg-cpu:  %user   %nice %system %iowait  %steal   %idle
           0.79    0.00    6.10    0.60    0.00   92.52

Device            r/s     w/s     rMB/s     wMB/s   rrqm/s   wrqm/s  %rrqm  %wrqm r_await w_await aqu-sz rareq-sz wareq-sz  svctm  %util
nvme1n1       16056.00 14788.00   1003.50    924.25     0.00     0.00   0.00   0.00    0.35    0.36   0.00    64.00    64.00   0.03  99.50
nvme0n1       6344.00 22635.00    396.50   1414.69     0.00     0.00   0.00   0.00    0.55    0.04   0.79    64.00    64.00   0.03  99.60
cas1-1        22400.00 22635.00   1400.00   1414.69     0.00     0.00   0.00   0.00    0.41    0.26   0.80    64.00    64.00   0.02  99.60

avg-cpu:  %user   %nice %system %iowait  %steal   %idle
           0.82    0.00    5.88    0.31    0.00   92.98

Device            r/s     w/s     rMB/s     wMB/s   rrqm/s   wrqm/s  %rrqm  %wrqm r_await w_await aqu-sz rareq-sz wareq-sz  svctm  %util
nvme1n1       15748.00 14801.00    984.25    925.06     0.00     0.00   0.00   0.00    0.35    0.36   0.00    64.00    64.00   0.03  98.90
nvme0n1       6675.00 22449.00    417.19   1403.06     0.00     0.00   0.00   0.00    0.56    0.04   0.86    64.00    64.00   0.03  99.00
cas1-1        22419.00 22447.00   1401.19   1402.94     0.00     0.00   0.00   0.00    0.42    0.26   0.87    64.00    64.00   0.02  99.00

avg-cpu:  %user   %nice %system %iowait  %steal   %idle
           0.85    0.00    5.83    0.00    0.00   93.32

Device            r/s     w/s     rMB/s     wMB/s   rrqm/s   wrqm/s  %rrqm  %wrqm r_await w_await aqu-sz rareq-sz wareq-sz  svctm  %util
nvme1n1       16179.00 14617.00   1011.19    913.56     0.00     0.00   0.00   0.00    0.35    0.36   0.00    64.00    64.00   0.03  99.30
nvme0n1       6435.00 22323.00    402.19   1395.19     0.00     0.00   0.00   0.00    0.57    0.04   0.91    64.00    64.00   0.03  99.30
cas1-1        22618.00 22325.00   1413.62   1395.31     0.00     0.00   0.00   0.00    0.42    0.26   0.93    64.00    64.00   0.02  99.30

avg-cpu:  %user   %nice %system %iowait  %steal   %idle
           0.82    0.00    5.86    2.20    0.00   91.12

Device            r/s     w/s     rMB/s     wMB/s   rrqm/s   wrqm/s  %rrqm  %wrqm r_await w_await aqu-sz rareq-sz wareq-sz  svctm  %util
nvme1n1       15652.00 14942.00    978.25    933.87     0.00     0.00   0.00   0.00    0.33    0.35   0.00    64.00    64.00   0.03  98.50
nvme0n1       7134.00 22845.00    445.88   1427.81     0.00     0.00   0.00   0.00    0.59    0.04   0.96    64.00    64.00   0.03  98.50
cas1-1        22789.00 22843.00   1424.31   1427.69     0.00     0.00   0.00   0.00    0.42    0.25   0.98    64.00    64.00   0.02  98.60

avg-cpu:  %user   %nice %system %iowait  %steal   %idle
           0.85    0.00    5.85    0.13    0.00   93.17

Device            r/s     w/s     rMB/s     wMB/s   rrqm/s   wrqm/s  %rrqm  %wrqm r_await w_await aqu-sz rareq-sz wareq-sz  svctm  %util
nvme1n1       15482.00 14912.00    967.62    932.00     0.00     0.00   0.00   0.00    0.33    0.35   0.00    64.00    64.00   0.03  98.20
nvme0n1       7283.00 22793.00    455.19   1424.56     0.00     0.00   0.00   0.00    0.59    0.04   0.93    64.00    64.00   0.03  98.30
cas1-1        22766.00 22792.00   1422.88   1424.50     0.00     0.00   0.00   0.00    0.42    0.25   0.95    64.00    64.00   0.02  98.20

avg-cpu:  %user   %nice %system %iowait  %steal   %idle
           0.82    0.00    5.95    0.85    0.00   92.38

Device            r/s     w/s     rMB/s     wMB/s   rrqm/s   wrqm/s  %rrqm  %wrqm r_await w_await aqu-sz rareq-sz wareq-sz  svctm  %util
nvme1n1       15796.00 14809.00    987.25    925.56     0.00     0.00   0.00   0.00    0.33    0.35   0.00    64.00    64.00   0.03  98.80
nvme0n1       7003.00 22801.00    437.69   1425.06     0.00     0.00   0.00   0.00    0.57    0.04   0.88    64.00    64.00   0.03  98.80
cas1-1        22791.00 22807.00   1424.44   1425.44     0.00     0.00   0.00   0.00    0.42    0.25   0.90    64.00    64.00   0.02  98.80

avg-cpu:  %user   %nice %system %iowait  %steal   %idle
           0.85    0.00    5.82    0.16    0.00   93.17

Device            r/s     w/s     rMB/s     wMB/s   rrqm/s   wrqm/s  %rrqm  %wrqm r_await w_await aqu-sz rareq-sz wareq-sz  svctm  %util
nvme1n1       15787.00 14674.00    986.69    917.12     0.00     0.00   0.00   0.00    0.34    0.36   0.00    64.00    64.00   0.03  98.90
nvme0n1       6776.00 22652.00    423.50   1415.75     0.00     0.00   0.00   0.00    0.58    0.04   0.96    64.00    64.00   0.03  99.10
cas1-1        22565.00 22646.00   1410.31   1415.38     0.00     0.00   0.00   0.00    0.42    0.26   0.97    64.00    64.00   0.02  99.20

avg-cpu:  %user   %nice %system %iowait  %steal   %idle
           0.91    0.00    5.82    1.54    0.00   91.72

Device            r/s     w/s     rMB/s     wMB/s   rrqm/s   wrqm/s  %rrqm  %wrqm r_await w_await aqu-sz rareq-sz wareq-sz  svctm  %util
nvme1n1       15601.00 14849.00    975.06    928.06     0.00     0.00   0.00   0.00    0.32    0.34   0.00    64.00    64.00   0.03  98.60
nvme0n1       7393.00 22913.00    462.06   1432.06     0.00     0.00   0.00   0.00    0.60    0.04   1.04    64.00    64.00   0.03  98.80
cas1-1        22996.00 22915.00   1437.25   1432.19     0.00     0.00   0.00   0.00    0.42    0.25   1.07    64.00    64.00   0.02  98.70

avg-cpu:  %user   %nice %system %iowait  %steal   %idle
           0.85    0.00    5.91    2.49    0.00   90.75

Device            r/s     w/s     rMB/s     wMB/s   rrqm/s   wrqm/s  %rrqm  %wrqm r_await w_await aqu-sz rareq-sz wareq-sz  svctm  %util
nvme1n1       15112.00 15134.00    944.50    945.88     0.00     0.00   0.00   0.00    0.31    0.33   0.00    64.00    64.00   0.03  98.10
nvme0n1       7928.00 23115.00    495.50   1444.69     0.00     0.00   0.00   0.00    0.61    0.04   1.08    64.00    64.00   0.03  98.20
cas1-1        23040.00 23116.00   1440.00   1444.75     0.00     0.00   0.00   0.00    0.42    0.24   1.11    64.00    64.00   0.02  98.30

avg-cpu:  %user   %nice %system %iowait  %steal   %idle
           0.85    0.00    5.91    2.58    0.00   90.66

Device            r/s     w/s     rMB/s     wMB/s   rrqm/s   wrqm/s  %rrqm  %wrqm r_await w_await aqu-sz rareq-sz wareq-sz  svctm  %util
nvme1n1       15025.00 15186.00    939.06    949.13     0.00     0.00   0.00   0.00    0.30    0.32   0.00    64.00    64.00   0.03  98.70
nvme0n1       8360.00 23196.00    522.50   1449.75     0.00     0.00   0.00   0.00    0.60    0.04   1.10    64.00    64.00   0.03  98.80
cas1-1        23385.00 23198.00   1461.56   1449.88     0.00     0.00   0.00   0.00    0.42    0.24   1.12    64.00    64.00   0.02  98.70

avg-cpu:  %user   %nice %system %iowait  %steal   %idle
           0.88    0.00    5.94    2.83    0.00   90.35

Device            r/s     w/s     rMB/s     wMB/s   rrqm/s   wrqm/s  %rrqm  %wrqm r_await w_await aqu-sz rareq-sz wareq-sz  svctm  %util
nvme1n1       15277.00 14981.00    954.81    936.31     0.00     0.00   0.00   0.00    0.32    0.34   0.00    64.00    64.00   0.03  98.20
nvme0n1       7699.00 22952.00    481.19   1434.50     0.00     0.00   0.00   0.00    0.60    0.04   1.05    64.00    64.00   0.03  98.30
cas1-1        22973.00 22949.00   1435.81   1434.31     0.00     0.00   0.00   0.00    0.42    0.24   1.08    64.00    64.00   0.02  98.30

avg-cpu:  %user   %nice %system %iowait  %steal   %idle
           0.79    0.00    5.95    2.58    0.00   90.69

Device            r/s     w/s     rMB/s     wMB/s   rrqm/s   wrqm/s  %rrqm  %wrqm r_await w_await aqu-sz rareq-sz wareq-sz  svctm  %util
nvme1n1       15658.00 14859.00    978.63    928.69     0.00     0.00   0.00   0.00    0.35    0.36   0.00    64.00    64.00   0.03  99.20
nvme0n1       6531.00 22558.00    408.19   1409.88     0.00     0.00   0.00   0.00    0.57    0.04   0.88    64.00    64.00   0.03  99.20
cas1-1        22194.00 22558.00   1387.12   1409.88     0.00     0.00   0.00   0.00    0.42    0.26   0.90    64.00    64.00   0.02  99.20

avg-cpu:  %user   %nice %system %iowait  %steal   %idle
           0.75    0.00    6.04    2.55    0.00   90.66

Device            r/s     w/s     rMB/s     wMB/s   rrqm/s   wrqm/s  %rrqm  %wrqm r_await w_await aqu-sz rareq-sz wareq-sz  svctm  %util
nvme1n1       15979.00 14625.00    998.69    914.06     0.00     0.00   0.00   0.00    0.35    0.37   0.00    64.00    64.00   0.03  99.10
nvme0n1       6695.00 22336.00    418.44   1396.00     0.00     0.00   0.00   0.00    0.55    0.04   0.83    64.00    64.00   0.03  99.20
cas1-1        22676.00 22335.00   1417.25   1395.94     0.00     0.00   0.00   0.00    0.42    0.27   0.84    64.00    64.00   0.02  99.20

avg-cpu:  %user   %nice %system %iowait  %steal   %idle
           0.85    0.00    5.98    0.69    0.00   92.48

Device            r/s     w/s     rMB/s     wMB/s   rrqm/s   wrqm/s  %rrqm  %wrqm r_await w_await aqu-sz rareq-sz wareq-sz  svctm  %util
nvme1n1       16022.00 14704.00   1001.38    919.00     0.00     0.00   0.00   0.00    0.34    0.36   0.00    64.00    64.00   0.03  98.80
nvme0n1       6705.00 22643.00    419.06   1415.19     0.00     0.00   0.00   0.00    0.57    0.04   0.86    64.00    64.00   0.03  98.80
cas1-1        22720.00 22641.00   1420.00   1415.06     0.00     0.00   0.00   0.00    0.42    0.26   0.88    64.00    64.00   0.02  98.80

avg-cpu:  %user   %nice %system %iowait  %steal   %idle
           0.79    0.00    5.97    1.19    0.00   92.05

Device            r/s     w/s     rMB/s     wMB/s   rrqm/s   wrqm/s  %rrqm  %wrqm r_await w_await aqu-sz rareq-sz wareq-sz  svctm  %util
nvme1n1       15658.00 14805.00    978.63    925.31     0.00     0.00   0.00   0.00    0.33    0.35   0.00    64.00    64.00   0.03  98.30
nvme0n1       7255.00 22715.00    453.44   1419.69     0.00     0.00   0.00   0.00    0.58    0.04   0.94    64.00    64.00   0.03  98.50
cas1-1        22913.00 22716.00   1432.06   1419.75     0.00     0.00   0.00   0.00    0.42    0.25   0.95    64.00    64.00   0.02  98.50

avg-cpu:  %user   %nice %system %iowait  %steal   %idle
           0.82    0.00    6.10    2.04    0.00   91.03

Device            r/s     w/s     rMB/s     wMB/s   rrqm/s   wrqm/s  %rrqm  %wrqm r_await w_await aqu-sz rareq-sz wareq-sz  svctm  %util
nvme1n1       15572.00 14930.00    973.25    933.13     0.00     0.00   0.00   0.00    0.33    0.35   0.00    64.00    64.00   0.03  98.60
nvme0n1       7049.00 22708.00    440.56   1419.25     0.00     0.00   0.00   0.00    0.58    0.04   0.94    64.00    64.00   0.03  98.60
cas1-1        22627.00 22709.00   1414.19   1419.31     0.00     0.00   0.00   0.00    0.42    0.25   0.95    64.00    64.00   0.02  98.60

avg-cpu:  %user   %nice %system %iowait  %steal   %idle
           0.82    0.00    5.89    0.38    0.00   92.91

Device            r/s     w/s     rMB/s     wMB/s   rrqm/s   wrqm/s  %rrqm  %wrqm r_await w_await aqu-sz rareq-sz wareq-sz  svctm  %util
nvme1n1       15480.00 14958.00    967.50    934.88     0.00     0.00   0.00   0.00    0.32    0.34   0.00    64.00    64.00   0.03  98.40
nvme0n1       7359.00 22712.00    459.94   1419.50     0.00     0.00   0.00   0.00    0.58    0.04   0.94    64.00    64.00   0.03  98.40
cas1-1        22833.00 22714.00   1427.06   1419.62     0.00     0.00   0.00   0.00    0.42    0.25   0.97    64.00    64.00   0.02  98.50

avg-cpu:  %user   %nice %system %iowait  %steal   %idle
           0.85    0.00    5.77    1.39    0.00   92.00

Device            r/s     w/s     rMB/s     wMB/s   rrqm/s   wrqm/s  %rrqm  %wrqm r_await w_await aqu-sz rareq-sz wareq-sz  svctm  %util
nvme1n1       15783.00 14918.00    986.44    932.38     0.00     0.00   0.00   0.00    0.33    0.35   0.00    64.00    64.00   0.03  99.20
nvme0n1       6995.00 22862.00    437.19   1428.88     0.00     0.00   0.00   0.00    0.58    0.04   0.91    64.00    64.00   0.03  99.30
cas1-1        22782.00 22861.00   1423.88   1428.81     0.00     0.00   0.00   0.00    0.42    0.25   0.93    64.00    64.00   0.02  99.30

avg-cpu:  %user   %nice %system %iowait  %steal   %idle
           0.88    0.00    5.70    0.19    0.00   93.23

Device            r/s     w/s     rMB/s     wMB/s   rrqm/s   wrqm/s  %rrqm  %wrqm r_await w_await aqu-sz rareq-sz wareq-sz  svctm  %util
nvme1n1       15897.00 14782.00    993.56    923.88     0.00     0.00   0.00   0.00    0.34    0.36   0.00    64.00    64.00   0.03  98.90
nvme0n1       6805.00 22583.00    425.31   1411.44     0.00     0.00   0.00   0.00    0.58    0.04   0.96    64.00    64.00   0.03  99.10
cas1-1        22704.00 22583.00   1419.00   1411.44     0.00     0.00   0.00   0.00    0.42    0.26   0.97    64.00    64.00   0.02  99.10

avg-cpu:  %user   %nice %system %iowait  %steal   %idle
           0.85    0.00    5.88    2.01    0.00   91.25

Device            r/s     w/s     rMB/s     wMB/s   rrqm/s   wrqm/s  %rrqm  %wrqm r_await w_await aqu-sz rareq-sz wareq-sz  svctm  %util
nvme1n1       15418.00 14986.00    963.62    936.63     0.00     0.00   0.00   0.00    0.32    0.34   0.00    64.00    64.00   0.03  98.30
nvme0n1       7409.00 22647.00    463.06   1415.44     0.00     0.00   0.00   0.00    0.59    0.04   0.97    64.00    64.00   0.03  98.60
cas1-1        22822.00 22647.00   1426.38   1415.44     0.00     0.00   0.00   0.00    0.42    0.25   0.99    64.00    64.00   0.02  98.50

avg-cpu:  %user   %nice %system %iowait  %steal   %idle
           0.76    0.00    5.98    2.83    0.00   90.43

Device            r/s     w/s     rMB/s     wMB/s   rrqm/s   wrqm/s  %rrqm  %wrqm r_await w_await aqu-sz rareq-sz wareq-sz  svctm  %util
nvme1n1       15456.00 14892.00    966.00    930.75     0.00     0.00   0.00   0.00    0.31    0.33   0.00    64.00    64.00   0.03  98.10
nvme0n1       7676.00 22904.00    479.75   1431.50     0.00     0.00   0.00   0.00    0.62    0.04   1.10    64.00    64.00   0.03  98.20
cas1-1        23132.00 22904.00   1445.75   1431.50     0.00     0.00   0.00   0.00    0.42    0.24   1.13    64.00    64.00   0.02  98.10

