Linux 5.4.1-050401-lowlatency (kanwu-Super-Server) 	09/10/2020 	_x86_64_	(32 CPU)

avg-cpu:  %user   %nice %system %iowait  %steal   %idle
           0.06    0.00    0.19    0.06    0.00   99.68

Device            r/s     w/s     rMB/s     wMB/s   rrqm/s   wrqm/s  %rrqm  %wrqm r_await w_await aqu-sz rareq-sz wareq-sz  svctm  %util
nvme1n1        914.41  248.03     57.15     15.20     0.00     0.00   0.00   0.00    0.32    0.40   0.00    64.00    62.74   0.03   3.37
nvme0n1        198.83  168.34     12.43     10.52     0.00     0.00   0.00   0.00    0.25    0.05   0.00    63.99    63.98   0.06   2.10
cas1-1          13.06   13.07      0.82      0.82     0.00     0.00   0.00   0.00    0.41    0.12   0.00    64.00    64.00   0.02   0.04

avg-cpu:  %user   %nice %system %iowait  %steal   %idle
           0.19    0.00    0.75    1.57    0.00   97.50

Device            r/s     w/s     rMB/s     wMB/s   rrqm/s   wrqm/s  %rrqm  %wrqm r_await w_await aqu-sz rareq-sz wareq-sz  svctm  %util
nvme1n1         35.00 1172.00      1.07    138.76     0.00     0.00   0.00   0.00    0.06    0.47   0.06    31.44   121.24   0.08  10.20
nvme0n1         44.00    0.00      1.04      0.00     0.00     0.00   0.00   0.00    0.11    0.00   0.00    24.18     0.00   0.36   1.60
cas1-1        18446744073708554240.00 18446744073708554240.00 9007199254678508.00 9007199254678475.00     0.00     0.00   0.00   0.00    0.00    0.00 4294964.94     0.50     0.50   0.00 429493342.10

avg-cpu:  %user   %nice %system %iowait  %steal   %idle
           0.44    0.00    0.09    0.91    0.00   98.56

Device            r/s     w/s     rMB/s     wMB/s   rrqm/s   wrqm/s  %rrqm  %wrqm r_await w_await aqu-sz rareq-sz wareq-sz  svctm  %util
nvme1n1          0.00    0.00      0.00      0.00     0.00     0.00   0.00   0.00    0.00    0.00   0.00     0.00     0.00   0.00   0.00
nvme0n1          0.00    0.00      0.00      0.00     0.00     0.00   0.00   0.00    0.00    0.00   0.00     0.00     0.00   0.00   0.00
cas1-1           0.00    0.00      0.00      0.00     0.00     0.00   0.00   0.00    0.00    0.00   0.00     0.00     0.00   0.00   0.00

avg-cpu:  %user   %nice %system %iowait  %steal   %idle
           0.06    0.00    0.44    0.97    0.00   98.53

Device            r/s     w/s     rMB/s     wMB/s   rrqm/s   wrqm/s  %rrqm  %wrqm r_await w_await aqu-sz rareq-sz wareq-sz  svctm  %util
nvme1n1         11.00 1474.00      0.69     63.41     0.00     0.00   0.00   0.00    0.09    0.11   0.00    64.00    44.05   0.03   4.60
nvme0n1        483.00    0.00     30.19      0.00     0.00     0.00   0.00   0.00    0.58    0.00   0.20    64.00     0.00   0.09   4.50
cas1-1         494.00  505.00     30.88     31.56     0.00     0.00   0.00   0.00    0.91    0.82   0.42    64.00    64.00   0.05   4.60

avg-cpu:  %user   %nice %system %iowait  %steal   %idle
           0.95    0.00    6.97    5.19    0.00   86.89

Device            r/s     w/s     rMB/s     wMB/s   rrqm/s   wrqm/s  %rrqm  %wrqm r_await w_await aqu-sz rareq-sz wareq-sz  svctm  %util
nvme1n1       6972.00 25544.00    435.75   1217.16     0.00     0.00   0.00   0.00    0.47    0.44   0.00    64.00    48.79   0.03  99.90
nvme0n1       6038.00    0.00    377.38      0.00     0.00     0.00   0.00   0.00    0.13    0.00   0.00    64.00     0.00   0.16  98.70
cas1-1        13013.00 13030.00    813.31    814.38     0.00     0.00   0.00   0.00    0.37    0.77   3.78    64.00    64.00   0.04  99.90

avg-cpu:  %user   %nice %system %iowait  %steal   %idle
           0.92    0.00    6.16    4.14    0.00   88.79

Device            r/s     w/s     rMB/s     wMB/s   rrqm/s   wrqm/s  %rrqm  %wrqm r_await w_await aqu-sz rareq-sz wareq-sz  svctm  %util
nvme1n1       13596.00 17892.00    849.81   1020.75     0.00     0.00   0.00   0.00    0.48    0.49   0.00    64.00    58.42   0.03 100.00
nvme0n1       1379.00    0.00     86.19      0.00     0.00     0.00   0.00   0.00    0.12    0.00   0.00    64.00     0.00   0.53  73.20
cas1-1        14975.00 14850.00    935.94    928.12     0.00     0.00   0.00   0.00    0.46    0.57   0.88    64.00    64.00   0.03 100.00

avg-cpu:  %user   %nice %system %iowait  %steal   %idle
           0.95    0.00    5.74    4.01    0.00   89.30

Device            r/s     w/s     rMB/s     wMB/s   rrqm/s   wrqm/s  %rrqm  %wrqm r_await w_await aqu-sz rareq-sz wareq-sz  svctm  %util
nvme1n1       14982.00 15791.00    936.31    969.12     0.00     0.00   0.00   0.00    0.48    0.50   0.00    64.00    62.84   0.03 100.00
nvme0n1        333.00    0.00     20.81      0.00     0.00     0.00   0.00   0.00    0.11    0.00   0.00    64.00     0.00   0.90  30.10
cas1-1        15317.00 15326.00    957.31    957.88     0.00     0.00   0.00   0.00    0.48    0.53   0.18    64.00    64.00   0.03 100.00

avg-cpu:  %user   %nice %system %iowait  %steal   %idle
           0.91    0.00    5.87    4.57    0.00   88.65

Device            r/s     w/s     rMB/s     wMB/s   rrqm/s   wrqm/s  %rrqm  %wrqm r_await w_await aqu-sz rareq-sz wareq-sz  svctm  %util
nvme1n1       15289.00 15689.00    955.56    976.58     0.00     0.00   0.00   0.00    0.48    0.49   0.00    64.00    63.74   0.03 100.00
nvme0n1        187.00    0.00     11.69      0.00     0.00     0.00   0.00   0.00    0.11    0.00   0.00    64.00     0.00   0.96  18.00
cas1-1        15472.00 15513.00    967.00    969.56     0.00     0.00   0.00   0.00    0.49    0.52   0.04    64.00    64.00   0.03 100.00

avg-cpu:  %user   %nice %system %iowait  %steal   %idle
           0.88    0.00    5.74    3.16    0.00   90.21

Device            r/s     w/s     rMB/s     wMB/s   rrqm/s   wrqm/s  %rrqm  %wrqm r_await w_await aqu-sz rareq-sz wareq-sz  svctm  %util
nvme1n1       15358.00 15677.00    959.88    979.34     0.00     0.00   0.00   0.00    0.48    0.49   0.00    64.00    63.97   0.03 100.00
nvme0n1         85.00    0.00      5.31      0.00     0.00     0.00   0.00   0.00    0.16    0.00   0.00    64.00     0.00   1.00   8.50
cas1-1        15444.00 15655.00    965.25    978.44     0.00     0.00   0.00   0.00    0.49    0.51   0.01    64.00    64.00   0.03 100.00

avg-cpu:  %user   %nice %system %iowait  %steal   %idle
           0.82    0.00    5.81    4.52    0.00   88.85

Device            r/s     w/s     rMB/s     wMB/s   rrqm/s   wrqm/s  %rrqm  %wrqm r_await w_await aqu-sz rareq-sz wareq-sz  svctm  %util
nvme1n1       15172.28 15449.50    948.27    965.42     0.00     0.00   0.00   0.00    0.48    0.49   0.00    64.00    63.99   0.03  99.01
nvme0n1        338.61    0.00     21.16      0.00     0.00     0.00   0.00   0.00    0.10    0.00   0.00    64.00     0.00   0.90  30.40
cas1-1        15517.82 15439.60    969.86    964.98     0.00     0.00   0.00   0.00    0.48    0.51   0.00    64.00    64.00   0.03  99.11

avg-cpu:  %user   %nice %system %iowait  %steal   %idle
           0.85    0.00    5.96    4.41    0.00   88.78

Device            r/s     w/s     rMB/s     wMB/s   rrqm/s   wrqm/s  %rrqm  %wrqm r_await w_await aqu-sz rareq-sz wareq-sz  svctm  %util
nvme1n1       15384.00 15590.00    961.50    974.32     0.00     0.00   0.00   0.00    0.48    0.49   0.00    64.00    64.00   0.03 100.00
nvme0n1        217.00    0.00     13.56      0.00     0.00     0.00   0.00   0.00    0.12    0.00   0.00    64.00     0.00   0.88  19.10
cas1-1        15594.00 15589.00    974.62    974.31     0.00     0.00   0.00   0.00    0.48    0.51   0.00    64.00    64.00   0.03  99.90

avg-cpu:  %user   %nice %system %iowait  %steal   %idle
           0.95    0.00    5.62    4.29    0.00   89.14

Device            r/s     w/s     rMB/s     wMB/s   rrqm/s   wrqm/s  %rrqm  %wrqm r_await w_await aqu-sz rareq-sz wareq-sz  svctm  %util
nvme1n1       15451.00 15575.00    965.69    973.44     0.00     0.00   0.00   0.00    0.48    0.49   0.00    64.00    64.00   0.03 100.00
nvme0n1        175.00    0.00     10.94      0.00     0.00     0.00   0.00   0.00    0.12    0.00   0.00    64.00     0.00   0.94  16.50
cas1-1        15628.00 15578.00    976.75    973.62     0.00     0.00   0.00   0.00    0.48    0.51   0.00    64.00    64.00   0.03 100.10

avg-cpu:  %user   %nice %system %iowait  %steal   %idle
           0.91    0.00    5.90    3.85    0.00   89.34

Device            r/s     w/s     rMB/s     wMB/s   rrqm/s   wrqm/s  %rrqm  %wrqm r_await w_await aqu-sz rareq-sz wareq-sz  svctm  %util
nvme1n1       15341.00 15648.00    958.81    978.00     0.00     0.00   0.00   0.00    0.47    0.49   0.00    64.00    64.00   0.03 100.00
nvme0n1        306.00    0.00     19.12      0.00     0.00     0.00   0.00   0.00    0.10    0.00   0.00    64.00     0.00   0.93  28.60
cas1-1        15648.00 15647.00    978.00    977.94     0.00     0.00   0.00   0.00    0.48    0.51   0.00    64.00    64.00   0.03 100.00

avg-cpu:  %user   %nice %system %iowait  %steal   %idle
           0.95    0.00    5.86    5.64    0.00   87.55

Device            r/s     w/s     rMB/s     wMB/s   rrqm/s   wrqm/s  %rrqm  %wrqm r_await w_await aqu-sz rareq-sz wareq-sz  svctm  %util
nvme1n1       15358.00 15570.00    959.88    973.12     0.00     0.00   0.00   0.00    0.48    0.49   0.00    64.00    64.00   0.03 100.10
nvme0n1        293.00    0.00     18.31      0.00     0.00     0.00   0.00   0.00    0.11    0.00   0.00    64.00     0.00   0.87  25.60
cas1-1        15653.00 15570.00    978.31    973.12     0.00     0.00   0.00   0.00    0.48    0.51   0.00    64.00    64.00   0.03 100.00

avg-cpu:  %user   %nice %system %iowait  %steal   %idle
           0.85    0.00    5.71    2.74    0.00   90.70

Device            r/s     w/s     rMB/s     wMB/s   rrqm/s   wrqm/s  %rrqm  %wrqm r_await w_await aqu-sz rareq-sz wareq-sz  svctm  %util
nvme1n1       15354.00 15486.00    959.62    967.88     0.00     0.00   0.00   0.00    0.48    0.50   0.00    64.00    64.00   0.03 100.00
nvme0n1         80.00    0.00      5.00      0.00     0.00     0.00   0.00   0.00    0.20    0.00   0.01    64.00     0.00   1.01   8.10
cas1-1        15432.00 15478.00    964.50    967.38     0.00     0.00   0.00   0.00    0.49    0.52   0.01    64.00    64.00   0.03 100.00

avg-cpu:  %user   %nice %system %iowait  %steal   %idle
           1.45    0.00    5.65    2.37    0.00   90.53

Device            r/s     w/s     rMB/s     wMB/s   rrqm/s   wrqm/s  %rrqm  %wrqm r_await w_await aqu-sz rareq-sz wareq-sz  svctm  %util
nvme1n1       15345.00 15683.00    959.06    980.19     0.00     0.00   0.00   0.00    0.48    0.49   0.00    64.00    64.00   0.03 100.00
nvme0n1         27.00    0.00      1.69      0.00     0.00     0.00   0.00   0.00    0.52    0.00   0.01    64.00     0.00   1.15   3.10
cas1-1        15373.00 15679.00    960.81    979.94     0.00     0.00   0.00   0.00    0.49    0.51   0.03    64.00    64.00   0.03 100.00

avg-cpu:  %user   %nice %system %iowait  %steal   %idle
           0.85    0.00    5.90    3.03    0.00   90.22

Device            r/s     w/s     rMB/s     wMB/s   rrqm/s   wrqm/s  %rrqm  %wrqm r_await w_await aqu-sz rareq-sz wareq-sz  svctm  %util
nvme1n1       15317.00 15616.00    957.38    976.00     0.00     0.00   0.00   0.00    0.48    0.49   0.00    64.00    64.00   0.03 100.00
nvme0n1         50.00    0.00      3.12      0.00     0.00     0.00   0.00   0.00    0.36    0.00   0.01    64.00     0.00   1.04   5.20
cas1-1        15371.00 15615.00    960.69    975.94     0.00     0.00   0.00   0.00    0.49    0.51   0.01    64.00    64.00   0.03 100.00

avg-cpu:  %user   %nice %system %iowait  %steal   %idle
           0.88    0.00    5.65    2.24    0.00   91.23

Device            r/s     w/s     rMB/s     wMB/s   rrqm/s   wrqm/s  %rrqm  %wrqm r_await w_await aqu-sz rareq-sz wareq-sz  svctm  %util
nvme1n1       15350.00 15549.00    959.31    971.81     0.00     0.00   0.00   0.00    0.48    0.50   0.00    64.00    64.00   0.03 100.00
nvme0n1        162.00    0.00     10.12      0.00     0.00     0.00   0.00   0.00    0.15    0.00   0.01    64.00     0.00   0.98  15.80
cas1-1        15505.00 15551.00    969.06    971.94     0.00     0.00   0.00   0.00    0.49    0.51   0.01    64.00    64.00   0.03 100.00

avg-cpu:  %user   %nice %system %iowait  %steal   %idle
           0.95    0.00    5.80    2.08    0.00   91.17

Device            r/s     w/s     rMB/s     wMB/s   rrqm/s   wrqm/s  %rrqm  %wrqm r_await w_await aqu-sz rareq-sz wareq-sz  svctm  %util
nvme1n1       15165.00 15584.00    947.81    974.00     0.00     0.00   0.00   0.00    0.48    0.50   0.00    64.00    64.00   0.03 100.00
nvme0n1        164.00    0.00     10.25      0.00     0.00     0.00   0.00   0.00    0.12    0.00   0.00    64.00     0.00   0.98  16.00
cas1-1        15332.00 15583.00    958.25    973.94     0.00     0.00   0.00   0.00    0.49    0.52   0.00    64.00    64.00   0.03 100.00

avg-cpu:  %user   %nice %system %iowait  %steal   %idle
           0.85    0.00    5.69    2.53    0.00   90.93

Device            r/s     w/s     rMB/s     wMB/s   rrqm/s   wrqm/s  %rrqm  %wrqm r_await w_await aqu-sz rareq-sz wareq-sz  svctm  %util
nvme1n1       15124.00 15543.00    945.25    971.44     0.00     0.00   0.00   0.00    0.48    0.50   0.00    64.00    64.00   0.03 100.00
nvme0n1        618.00    0.00     38.62      0.00     0.00     0.00   0.00   0.00    0.11    0.00   0.00    64.00     0.00   0.77  47.70
cas1-1        15740.00 15545.00    983.75    971.56     0.00     0.00   0.00   0.00    0.48    0.52   0.00    64.00    64.00   0.03 100.00

avg-cpu:  %user   %nice %system %iowait  %steal   %idle
           0.88    0.00    6.05    1.58    0.00   91.49

Device            r/s     w/s     rMB/s     wMB/s   rrqm/s   wrqm/s  %rrqm  %wrqm r_await w_await aqu-sz rareq-sz wareq-sz  svctm  %util
nvme1n1       14960.00 15927.00    935.00    995.44     0.00     0.00   0.00   0.00    0.46    0.48   0.00    64.00    64.00   0.03 100.00
nvme0n1       1075.00    0.00     67.19      0.00     0.00     0.00   0.00   0.00    0.11    0.00   0.00    64.00     0.00   0.65  69.40
cas1-1        16037.00 15924.00   1002.31    995.25     0.00     0.00   0.00   0.00    0.45    0.50   0.00    64.00    64.00   0.03 100.00

avg-cpu:  %user   %nice %system %iowait  %steal   %idle
           0.88    0.00    5.87    1.61    0.00   91.64

Device            r/s     w/s     rMB/s     wMB/s   rrqm/s   wrqm/s  %rrqm  %wrqm r_await w_await aqu-sz rareq-sz wareq-sz  svctm  %util
nvme1n1       14453.00 15921.00    903.31    995.06     0.00     0.00   0.00   0.00    0.48    0.49   0.00    64.00    64.00   0.03 100.00
nvme0n1       1384.00    0.00     86.50      0.00     0.00     0.00   0.00   0.00    0.10    0.00   0.00    64.00     0.00   0.57  78.70
cas1-1        15832.00 15925.00    989.50    995.31     0.00     0.00   0.00   0.00    0.46    0.52   0.00    64.00    64.00   0.03 100.00

avg-cpu:  %user   %nice %system %iowait  %steal   %idle
           0.85    0.00    5.81    2.15    0.00   91.20

Device            r/s     w/s     rMB/s     wMB/s   rrqm/s   wrqm/s  %rrqm  %wrqm r_await w_await aqu-sz rareq-sz wareq-sz  svctm  %util
nvme1n1       14458.00 15981.00    903.63    998.81     0.00     0.00   0.00   0.00    0.48    0.50   0.00    64.00    64.00   0.03 100.00
nvme0n1       1508.00    0.00     94.25      0.00     0.00     0.00   0.00   0.00    0.11    0.00   0.00    64.00     0.00   0.53  80.30
cas1-1        15969.00 15979.00    998.06    998.69     0.00     0.00   0.00   0.00    0.45    0.52   0.00    64.00    64.00   0.03 100.00

avg-cpu:  %user   %nice %system %iowait  %steal   %idle
           0.85    0.00    5.81    2.40    0.00   90.93

Device            r/s     w/s     rMB/s     wMB/s   rrqm/s   wrqm/s  %rrqm  %wrqm r_await w_await aqu-sz rareq-sz wareq-sz  svctm  %util
nvme1n1       14940.00 15926.00    933.75    995.38     0.00     0.00   0.00   0.00    0.47    0.49   0.00    64.00    64.00   0.03 100.00
nvme0n1       1100.00    0.00     68.75      0.00     0.00     0.00   0.00   0.00    0.10    0.00   0.00    64.00     0.00   0.62  67.80
cas1-1        16038.00 15925.00   1002.38    995.31     0.00     0.00   0.00   0.00    0.46    0.51   0.00    64.00    64.00   0.03 100.00

avg-cpu:  %user   %nice %system %iowait  %steal   %idle
           0.88    0.00    5.83    2.40    0.00   90.89

Device            r/s     w/s     rMB/s     wMB/s   rrqm/s   wrqm/s  %rrqm  %wrqm r_await w_await aqu-sz rareq-sz wareq-sz  svctm  %util
nvme1n1       15061.00 15625.00    941.31    976.56     0.00     0.00   0.00   0.00    0.48    0.49   0.00    64.00    64.00   0.03 100.00
nvme0n1        991.00    0.00     61.94      0.00     0.00     0.00   0.00   0.00    0.10    0.00   0.00    64.00     0.00   0.66  65.20
cas1-1        16057.00 15626.00   1003.56    976.62     0.00     0.00   0.00   0.00    0.46    0.51   0.00    64.00    64.00   0.03 100.10

avg-cpu:  %user   %nice %system %iowait  %steal   %idle
           0.85    0.00    5.90    2.15    0.00   91.10

Device            r/s     w/s     rMB/s     wMB/s   rrqm/s   wrqm/s  %rrqm  %wrqm r_await w_await aqu-sz rareq-sz wareq-sz  svctm  %util
nvme1n1       14799.00 16030.00    924.94   1001.88     0.00     0.00   0.00   0.00    0.47    0.49   0.00    64.00    64.00   0.03 100.00
nvme0n1       1167.00    0.00     72.94      0.00     0.00     0.00   0.00   0.00    0.11    0.00   0.00    64.00     0.00   0.60  70.10
cas1-1        15961.00 16030.00    997.56   1001.88     0.00     0.00   0.00   0.00    0.45    0.51   0.00    64.00    64.00   0.03  99.90

avg-cpu:  %user   %nice %system %iowait  %steal   %idle
           0.88    0.00    5.87    2.18    0.00   91.06

Device            r/s     w/s     rMB/s     wMB/s   rrqm/s   wrqm/s  %rrqm  %wrqm r_await w_await aqu-sz rareq-sz wareq-sz  svctm  %util
nvme1n1       14183.00 16335.00    886.44   1021.00     0.00     0.00   0.00   0.00    0.47    0.49   0.00    64.00    64.00   0.03 100.00
nvme0n1       1971.00    0.00    123.19      0.00     0.00     0.00   0.00   0.00    0.11    0.00   0.00    64.00     0.00   0.45  88.10
cas1-1        16157.00 16338.00   1009.81   1021.12     0.00     0.00   0.00   0.00    0.44    0.51   0.00    64.00    64.00   0.03 100.10

avg-cpu:  %user   %nice %system %iowait  %steal   %idle
           0.82    0.00    5.96    1.99    0.00   91.23

Device            r/s     w/s     rMB/s     wMB/s   rrqm/s   wrqm/s  %rrqm  %wrqm r_await w_await aqu-sz rareq-sz wareq-sz  svctm  %util
nvme1n1       14220.00 16092.00    888.75   1005.69     0.00     0.00   0.00   0.00    0.47    0.49   0.00    64.00    64.00   0.03 100.00
nvme0n1       1777.00    0.00    111.06      0.00     0.00     0.00   0.00   0.00    0.11    0.00   0.00    64.00     0.00   0.49  86.40
cas1-1        16002.00 16085.00   1000.13   1005.31     0.00     0.00   0.00   0.00    0.44    0.51   0.00    64.00    64.00   0.03 100.00

avg-cpu:  %user   %nice %system %iowait  %steal   %idle
           0.91    0.00    5.83    1.96    0.00   91.30

Device            r/s     w/s     rMB/s     wMB/s   rrqm/s   wrqm/s  %rrqm  %wrqm r_await w_await aqu-sz rareq-sz wareq-sz  svctm  %util
nvme1n1       14355.00 16435.00    897.19   1027.19     0.00     0.00   0.00   0.00    0.47    0.49   0.00    64.00    64.00   0.03 100.00
nvme0n1       1825.00    0.00    114.06      0.00     0.00     0.00   0.00   0.00    0.11    0.00   0.00    64.00     0.00   0.47  86.20
cas1-1        16176.00 16438.00   1011.00   1027.38     0.00     0.00   0.00   0.00    0.44    0.51   0.00    64.00    64.00   0.03 100.00

avg-cpu:  %user   %nice %system %iowait  %steal   %idle
           0.85    0.00    5.56    2.05    0.00   91.53

Device            r/s     w/s     rMB/s     wMB/s   rrqm/s   wrqm/s  %rrqm  %wrqm r_await w_await aqu-sz rareq-sz wareq-sz  svctm  %util
nvme1n1       13723.00 15959.00    857.69    997.44     0.00     0.00   0.00   0.00    0.49    0.51   0.00    64.00    64.00   0.03 100.00
nvme0n1       2216.00    0.00    138.50      0.00     0.00     0.00   0.00   0.00    0.10    0.00   0.00    64.00     0.00   0.41  90.00
cas1-1        15936.00 15959.00    996.00    997.44     0.00     0.00   0.00   0.00    0.45    0.53   0.00    64.00    64.00   0.03 100.00

avg-cpu:  %user   %nice %system %iowait  %steal   %idle
           0.82    0.00    5.99    2.49    0.00   90.70

Device            r/s     w/s     rMB/s     wMB/s   rrqm/s   wrqm/s  %rrqm  %wrqm r_await w_await aqu-sz rareq-sz wareq-sz  svctm  %util
nvme1n1       13865.00 16604.00    866.56   1037.75     0.00     0.00   0.00   0.00    0.47    0.49   0.00    64.00    64.00   0.03 100.00
nvme0n1       2717.00    0.00    169.81      0.00     0.00     0.00   0.00   0.00    0.11    0.00   0.00    64.00     0.00   0.35  95.40
cas1-1        16582.00 16603.00   1036.38   1037.69     0.00     0.00   0.00   0.00    0.42    0.51   0.00    64.00    64.00   0.03 100.00

avg-cpu:  %user   %nice %system %iowait  %steal   %idle
           0.85    0.00    5.81    2.05    0.00   91.28

Device            r/s     w/s     rMB/s     wMB/s   rrqm/s   wrqm/s  %rrqm  %wrqm r_await w_await aqu-sz rareq-sz wareq-sz  svctm  %util
nvme1n1       14061.00 16489.00    878.81   1030.56     0.00     0.00   0.00   0.00    0.47    0.49   0.00    64.00    64.00   0.03 100.00
nvme0n1       2517.00    0.00    157.31      0.00     0.00     0.00   0.00   0.00    0.11    0.00   0.00    64.00     0.00   0.37  92.10
cas1-1        16581.00 16491.00   1036.31   1030.69     0.00     0.00   0.00   0.00    0.43    0.51   0.00    64.00    64.00   0.03 100.00

avg-cpu:  %user   %nice %system %iowait  %steal   %idle
           0.85    0.00    6.11    1.70    0.00   91.33

Device            r/s     w/s     rMB/s     wMB/s   rrqm/s   wrqm/s  %rrqm  %wrqm r_await w_await aqu-sz rareq-sz wareq-sz  svctm  %util
nvme1n1       14038.00 16295.00    877.38   1018.44     0.00     0.00   0.00   0.00    0.47    0.49   0.00    64.00    64.00   0.03 100.10
nvme0n1       2497.00    0.00    156.06      0.00     0.00     0.00   0.00   0.00    0.11    0.00   0.00    64.00     0.00   0.37  92.30
cas1-1        16532.00 16294.00   1033.25   1018.38     0.00     0.00   0.00   0.00    0.43    0.51   0.00    64.00    64.00   0.03 100.00

avg-cpu:  %user   %nice %system %iowait  %steal   %idle
           0.85    0.00    6.03    2.05    0.00   91.07

Device            r/s     w/s     rMB/s     wMB/s   rrqm/s   wrqm/s  %rrqm  %wrqm r_await w_await aqu-sz rareq-sz wareq-sz  svctm  %util
nvme1n1       13914.00 16710.00    869.62   1044.38     0.00     0.00   0.00   0.00    0.46    0.48   0.00    64.00    64.00   0.03 100.00
nvme0n1       2746.00    0.00    171.62      0.00     0.00     0.00   0.00   0.00    0.11    0.00   0.00    64.00     0.00   0.34  93.50
cas1-1        16662.00 16710.00   1041.38   1044.38     0.00     0.00   0.00   0.00    0.41    0.50   0.00    64.00    64.00   0.03 100.00

avg-cpu:  %user   %nice %system %iowait  %steal   %idle
           0.82    0.00    6.03    2.05    0.00   91.10

Device            r/s     w/s     rMB/s     wMB/s   rrqm/s   wrqm/s  %rrqm  %wrqm r_await w_await aqu-sz rareq-sz wareq-sz  svctm  %util
nvme1n1       13370.00 16584.00    835.62   1036.50     0.00     0.00   0.00   0.00    0.47    0.49   0.00    64.00    64.00   0.03 100.00
nvme0n1       2958.00    0.00    184.88      0.00     0.00     0.00   0.00   0.00    0.11    0.00   0.00    64.00     0.00   0.32  95.70
cas1-1        16333.00 16583.00   1020.81   1036.44     0.00     0.00   0.00   0.00    0.41    0.51   0.00    64.00    64.00   0.03 100.00

avg-cpu:  %user   %nice %system %iowait  %steal   %idle
           0.85    0.00    5.93    2.65    0.00   90.57

Device            r/s     w/s     rMB/s     wMB/s   rrqm/s   wrqm/s  %rrqm  %wrqm r_await w_await aqu-sz rareq-sz wareq-sz  svctm  %util
nvme1n1       13224.00 16786.00    826.50   1049.12     0.00     0.00   0.00   0.00    0.48    0.49   0.00    64.00    64.00   0.03 100.00
nvme0n1       3659.00    0.00    228.69      0.00     0.00     0.00   0.00   0.00    0.11    0.00   0.00    64.00     0.00   0.27  97.40
cas1-1        16880.00 16787.00   1055.00   1049.19     0.00     0.00   0.00   0.00    0.41    0.51   0.00    64.00    64.00   0.03 100.00

avg-cpu:  %user   %nice %system %iowait  %steal   %idle
           0.88    0.00    6.00    2.40    0.00   90.72

Device            r/s     w/s     rMB/s     wMB/s   rrqm/s   wrqm/s  %rrqm  %wrqm r_await w_await aqu-sz rareq-sz wareq-sz  svctm  %util
nvme1n1       13378.00 16937.00    836.12   1058.56     0.00     0.00   0.00   0.00    0.46    0.48   0.00    64.00    64.00   0.03 100.00
nvme0n1       3632.00    0.00    227.00      0.00     0.00     0.00   0.00   0.00    0.11    0.00   0.00    64.00     0.00   0.27  97.30
cas1-1        17006.00 16937.00   1062.88   1058.56     0.00     0.00   0.00   0.00    0.40    0.50   0.00    64.00    64.00   0.03 100.00

avg-cpu:  %user   %nice %system %iowait  %steal   %idle
           0.85    0.00    5.87    1.74    0.00   91.55

Device            r/s     w/s     rMB/s     wMB/s   rrqm/s   wrqm/s  %rrqm  %wrqm r_await w_await aqu-sz rareq-sz wareq-sz  svctm  %util
nvme1n1       12627.00 16714.00    789.19   1044.62     0.00     0.00   0.00   0.00    0.49    0.50   0.00    64.00    64.00   0.03 100.00
nvme0n1       3872.00    0.00    242.00      0.00     0.00     0.00   0.00   0.00    0.11    0.00   0.00    64.00     0.00   0.25  98.20
cas1-1        16500.00 16714.00   1031.25   1044.62     0.00     0.00   0.00   0.00    0.41    0.52   0.00    64.00    64.00   0.03 100.00

avg-cpu:  %user   %nice %system %iowait  %steal   %idle
           0.79    0.00    6.06    2.43    0.00   90.72

Device            r/s     w/s     rMB/s     wMB/s   rrqm/s   wrqm/s  %rrqm  %wrqm r_await w_await aqu-sz rareq-sz wareq-sz  svctm  %util
nvme1n1       13299.00 17102.00    831.19   1068.88     0.00     0.00   0.00   0.00    0.47    0.48   0.00    64.00    64.00   0.03 100.20
nvme0n1       3699.00    0.00    231.19      0.00     0.00     0.00   0.00   0.00    0.11    0.00   0.00    64.00     0.00   0.26  97.70
cas1-1        16999.00 17100.00   1062.44   1068.75     0.00     0.00   0.00   0.00    0.40    0.50   0.00    64.00    64.00   0.03 100.00

avg-cpu:  %user   %nice %system %iowait  %steal   %idle
           0.92    0.00    5.81    1.52    0.00   91.76

Device            r/s     w/s     rMB/s     wMB/s   rrqm/s   wrqm/s  %rrqm  %wrqm r_await w_await aqu-sz rareq-sz wareq-sz  svctm  %util
nvme1n1       13815.00 16736.00    863.44   1046.00     0.00     0.00   0.00   0.00    0.47    0.49   0.00    64.00    64.00   0.03 100.00
nvme0n1       3115.00    0.00    194.69      0.00     0.00     0.00   0.00   0.00    0.11    0.00   0.00    64.00     0.00   0.31  97.20
cas1-1        16932.00 16737.00   1058.25   1046.06     0.00     0.00   0.00   0.00    0.41    0.51   0.00    64.00    64.00   0.03 100.00

avg-cpu:  %user   %nice %system %iowait  %steal   %idle
           0.85    0.00    5.99    2.27    0.00   90.88

Device            r/s     w/s     rMB/s     wMB/s   rrqm/s   wrqm/s  %rrqm  %wrqm r_await w_await aqu-sz rareq-sz wareq-sz  svctm  %util
nvme1n1       13537.00 16674.00    846.06   1042.12     0.00     0.00   0.00   0.00    0.47    0.49   0.00    64.00    64.00   0.03 100.00
nvme0n1       3308.00    0.00    206.75      0.00     0.00     0.00   0.00   0.00    0.11    0.00   0.00    64.00     0.00   0.29  96.20
cas1-1        16846.00 16676.00   1052.88   1042.25     0.00     0.00   0.00   0.00    0.41    0.51   0.00    64.00    64.00   0.03 100.00

avg-cpu:  %user   %nice %system %iowait  %steal   %idle
           0.88    0.00    5.87    2.37    0.00   90.89

Device            r/s     w/s     rMB/s     wMB/s   rrqm/s   wrqm/s  %rrqm  %wrqm r_await w_await aqu-sz rareq-sz wareq-sz  svctm  %util
nvme1n1       13271.00 16016.00    829.44   1001.00     0.00     0.00   0.00   0.00    0.49    0.51   0.00    64.00    64.00   0.03 100.00
nvme0n1       2538.00    0.00    158.62      0.00     0.00     0.00   0.00   0.00    0.11    0.00   0.00    64.00     0.00   0.36  92.60
cas1-1        15803.00 16016.00    987.69   1001.00     0.00     0.00   0.00   0.00    0.44    0.53   0.00    64.00    64.00   0.03 100.00

avg-cpu:  %user   %nice %system %iowait  %steal   %idle
           0.82    0.00    6.23    1.73    0.00   91.22

Device            r/s     w/s     rMB/s     wMB/s   rrqm/s   wrqm/s  %rrqm  %wrqm r_await w_await aqu-sz rareq-sz wareq-sz  svctm  %util
nvme1n1       14035.00 16504.00    877.19   1031.50     0.00     0.00   0.00   0.00    0.46    0.48   0.00    64.00    64.00   0.03 100.00
nvme0n1       2396.00    0.00    149.75      0.00     0.00     0.00   0.00   0.00    0.11    0.00   0.00    64.00     0.00   0.38  92.20
cas1-1        16430.00 16503.00   1026.88   1031.44     0.00     0.00   0.00   0.00    0.42    0.50   0.00    64.00    64.00   0.03 100.00

avg-cpu:  %user   %nice %system %iowait  %steal   %idle
           0.92    0.00    5.84    2.34    0.00   90.90

Device            r/s     w/s     rMB/s     wMB/s   rrqm/s   wrqm/s  %rrqm  %wrqm r_await w_await aqu-sz rareq-sz wareq-sz  svctm  %util
nvme1n1       13899.00 16594.00    868.69   1037.12     0.00     0.00   0.00   0.00    0.47    0.49   0.00    64.00    64.00   0.03 100.00
nvme0n1       2751.00    0.00    171.94      0.00     0.00     0.00   0.00   0.00    0.11    0.00   0.00    64.00     0.00   0.34  93.80
cas1-1        16658.00 16594.00   1041.12   1037.12     0.00     0.00   0.00   0.00    0.42    0.51   0.00    64.00    64.00   0.03 100.00

avg-cpu:  %user   %nice %system %iowait  %steal   %idle
           0.88    0.00    5.93    1.48    0.00   91.71

Device            r/s     w/s     rMB/s     wMB/s   rrqm/s   wrqm/s  %rrqm  %wrqm r_await w_await aqu-sz rareq-sz wareq-sz  svctm  %util
nvme1n1       13440.00 16921.00    840.00   1057.56     0.00     0.00   0.00   0.00    0.47    0.49   0.00    64.00    64.00   0.03 100.00
nvme0n1       3517.00    0.00    219.81      0.00     0.00     0.00   0.00   0.00    0.11    0.00   0.00    64.00     0.00   0.28  98.10
cas1-1        16951.00 16922.00   1059.44   1057.62     0.00     0.00   0.00   0.00    0.40    0.51   0.00    64.00    64.00   0.03 100.00

avg-cpu:  %user   %nice %system %iowait  %steal   %idle
           0.91    0.00    6.21    2.43    0.00   90.45

Device            r/s     w/s     rMB/s     wMB/s   rrqm/s   wrqm/s  %rrqm  %wrqm r_await w_await aqu-sz rareq-sz wareq-sz  svctm  %util
nvme1n1       12875.00 17267.00    804.69   1079.19     0.00     0.00   0.00   0.00    0.46    0.48   0.00    64.00    64.00   0.03 100.00
nvme0n1       3939.00    0.00    246.19      0.00     0.00     0.00   0.00   0.00    0.11    0.00   0.00    64.00     0.00   0.25  98.20
cas1-1        16817.00 17266.00   1051.06   1079.12     0.00     0.00   0.00   0.00    0.39    0.50   0.00    64.00    64.00   0.03 100.10

avg-cpu:  %user   %nice %system %iowait  %steal   %idle
           0.91    0.00    5.96    2.33    0.00   90.80

Device            r/s     w/s     rMB/s     wMB/s   rrqm/s   wrqm/s  %rrqm  %wrqm r_await w_await aqu-sz rareq-sz wareq-sz  svctm  %util
nvme1n1       12543.00 16968.00    783.94   1060.50     0.00     0.00   0.00   0.00    0.48    0.50   0.00    64.00    64.00   0.03 100.00
nvme0n1       4150.00    0.00    259.38      0.00     0.00     0.00   0.00   0.00    0.11    0.00   0.00    64.00     0.00   0.24  98.90
cas1-1        16689.00 16971.00   1043.06   1060.69     0.00     0.00   0.00   0.00    0.40    0.52   0.00    64.00    64.00   0.03 100.00

avg-cpu:  %user   %nice %system %iowait  %steal   %idle
           0.95    0.00    6.00    1.89    0.00   91.16

Device            r/s     w/s     rMB/s     wMB/s   rrqm/s   wrqm/s  %rrqm  %wrqm r_await w_await aqu-sz rareq-sz wareq-sz  svctm  %util
nvme1n1       13059.00 17209.00    816.19   1075.56     0.00     0.00   0.00   0.00    0.46    0.48   0.00    64.00    64.00   0.03 100.00
nvme0n1       4042.00    0.00    252.62      0.00     0.00     0.00   0.00   0.00    0.11    0.00   0.00    64.00     0.00   0.24  98.90
cas1-1        17102.00 17208.00   1068.88   1075.50     0.00     0.00   0.00   0.00    0.39    0.50   0.00    64.00    64.00   0.03 100.00

avg-cpu:  %user   %nice %system %iowait  %steal   %idle
           0.95    0.00    5.93    2.05    0.00   91.07

Device            r/s     w/s     rMB/s     wMB/s   rrqm/s   wrqm/s  %rrqm  %wrqm r_await w_await aqu-sz rareq-sz wareq-sz  svctm  %util
nvme1n1       12820.00 17050.00    801.25   1065.62     0.00     0.00   0.00   0.00    0.47    0.48   0.00    64.00    64.00   0.03 100.00
nvme0n1       4004.00    0.00    250.25      0.00     0.00     0.00   0.00   0.00    0.11    0.00   0.00    64.00     0.00   0.25  98.50
cas1-1        16824.00 17048.00   1051.50   1065.50     0.00     0.00   0.00   0.00    0.39    0.50   0.00    64.00    64.00   0.03 100.00

avg-cpu:  %user   %nice %system %iowait  %steal   %idle
           0.85    0.00    5.91    1.99    0.00   91.25

Device            r/s     w/s     rMB/s     wMB/s   rrqm/s   wrqm/s  %rrqm  %wrqm r_await w_await aqu-sz rareq-sz wareq-sz  svctm  %util
nvme1n1       12961.00 16954.00    810.06   1059.62     0.00     0.00   0.00   0.00    0.47    0.48   0.00    64.00    64.00   0.03 100.10
nvme0n1       4053.00    0.00    253.31      0.00     0.00     0.00   0.00   0.00    0.11    0.00   0.00    64.00     0.00   0.24  98.40
cas1-1        17014.00 16958.00   1063.38   1059.88     0.00     0.00   0.00   0.00    0.39    0.50   0.00    64.00    64.00   0.03 100.00

avg-cpu:  %user   %nice %system %iowait  %steal   %idle
           0.88    0.00    6.09    1.80    0.00   91.23

Device            r/s     w/s     rMB/s     wMB/s   rrqm/s   wrqm/s  %rrqm  %wrqm r_await w_await aqu-sz rareq-sz wareq-sz  svctm  %util
nvme1n1       13305.00 17018.00    831.56   1063.62     0.00     0.00   0.00   0.00    0.46    0.48   0.00    64.00    64.00   0.03 100.00
nvme0n1       4078.00    0.00    254.88      0.00     0.00     0.00   0.00   0.00    0.11    0.00   0.00    64.00     0.00   0.24  99.10
cas1-1        17384.00 17014.00   1086.50   1063.38     0.00     0.00   0.00   0.00    0.39    0.50   0.00    64.00    64.00   0.03 100.00

avg-cpu:  %user   %nice %system %iowait  %steal   %idle
           0.82    0.00    6.03    1.83    0.00   91.32

Device            r/s     w/s     rMB/s     wMB/s   rrqm/s   wrqm/s  %rrqm  %wrqm r_await w_await aqu-sz rareq-sz wareq-sz  svctm  %util
nvme1n1       13051.00 17191.00    815.69   1074.44     0.00     0.00   0.00   0.00    0.47    0.48   0.00    64.00    64.00   0.03 100.00
nvme0n1       4285.00    0.00    267.81      0.00     0.00     0.00   0.00   0.00    0.11    0.00   0.00    64.00     0.00   0.23  99.20
cas1-1        17336.00 17192.00   1083.50   1074.50     0.00     0.00   0.00   0.00    0.39    0.50   0.00    64.00    64.00   0.03 100.00

avg-cpu:  %user   %nice %system %iowait  %steal   %idle
           0.98    0.00    6.15    1.92    0.00   90.95

Device            r/s     w/s     rMB/s     wMB/s   rrqm/s   wrqm/s  %rrqm  %wrqm r_await w_await aqu-sz rareq-sz wareq-sz  svctm  %util
nvme1n1       12950.00 17252.00    809.38   1078.25     0.00     0.00   0.00   0.00    0.45    0.47   0.00    64.00    64.00   0.03 100.00
nvme0n1       4199.00    0.00    262.44      0.00     0.00     0.00   0.00   0.00    0.11    0.00   0.00    64.00     0.00   0.23  98.60
cas1-1        17151.00 17252.00   1071.94   1078.25     0.00     0.00   0.00   0.00    0.38    0.49   0.00    64.00    64.00   0.03 100.00

avg-cpu:  %user   %nice %system %iowait  %steal   %idle
           0.82    0.00    6.21    1.89    0.00   91.08

Device            r/s     w/s     rMB/s     wMB/s   rrqm/s   wrqm/s  %rrqm  %wrqm r_await w_await aqu-sz rareq-sz wareq-sz  svctm  %util
nvme1n1       13118.00 17198.00    819.88   1074.88     0.00     0.00   0.00   0.00    0.46    0.48   0.00    64.00    64.00   0.03 100.00
nvme0n1       3991.00    0.00    249.44      0.00     0.00     0.00   0.00   0.00    0.11    0.00   0.00    64.00     0.00   0.25  99.10
cas1-1        17107.00 17197.00   1069.19   1074.81     0.00     0.00   0.00   0.00    0.39    0.50   0.00    64.00    64.00   0.03 100.00

avg-cpu:  %user   %nice %system %iowait  %steal   %idle
           0.79    0.00    6.00    1.61    0.00   91.60

Device            r/s     w/s     rMB/s     wMB/s   rrqm/s   wrqm/s  %rrqm  %wrqm r_await w_await aqu-sz rareq-sz wareq-sz  svctm  %util
nvme1n1       13431.00 16957.00    839.44   1059.81     0.00     0.00   0.00   0.00    0.46    0.48   0.00    64.00    64.00   0.03 100.00
nvme0n1       3854.00    0.00    240.88      0.00     0.00     0.00   0.00   0.00    0.11    0.00   0.00    64.00     0.00   0.25  98.10
cas1-1        17288.00 16956.00   1080.50   1059.75     0.00     0.00   0.00   0.00    0.40    0.50   0.00    64.00    64.00   0.03 100.00

avg-cpu:  %user   %nice %system %iowait  %steal   %idle
           0.82    0.00    6.12    2.68    0.00   90.38

Device            r/s     w/s     rMB/s     wMB/s   rrqm/s   wrqm/s  %rrqm  %wrqm r_await w_await aqu-sz rareq-sz wareq-sz  svctm  %util
nvme1n1       12777.00 17457.00    798.56   1091.06     0.00     0.00   0.00   0.00    0.46    0.48   0.00    64.00    64.00   0.03 100.00
nvme0n1       4539.00    0.00    283.69      0.00     0.00     0.00   0.00   0.00    0.11    0.00   0.00    64.00     0.00   0.22  99.40
cas1-1        17314.00 17456.00   1082.12   1091.00     0.00     0.00   0.00   0.00    0.38    0.50   0.00    64.00    64.00   0.03 100.20

avg-cpu:  %user   %nice %system %iowait  %steal   %idle
           0.76    0.00    6.15    1.86    0.00   91.23

Device            r/s     w/s     rMB/s     wMB/s   rrqm/s   wrqm/s  %rrqm  %wrqm r_await w_await aqu-sz rareq-sz wareq-sz  svctm  %util
nvme1n1       12511.00 17524.00    781.94   1095.25     0.00     0.00   0.00   0.00    0.46    0.48   0.00    64.00    64.00   0.03 100.00
nvme0n1       4815.00    0.00    300.94      0.00     0.00     0.00   0.00   0.00    0.11    0.00   0.00    64.00     0.00   0.21  99.70
cas1-1        17327.00 17525.00   1082.94   1095.31     0.00     0.00   0.00   0.00    0.38    0.50   0.00    64.00    64.00   0.03 100.00

avg-cpu:  %user   %nice %system %iowait  %steal   %idle
           0.88    0.00    6.00    2.37    0.00   90.75

Device            r/s     w/s     rMB/s     wMB/s   rrqm/s   wrqm/s  %rrqm  %wrqm r_await w_await aqu-sz rareq-sz wareq-sz  svctm  %util
nvme1n1       12704.00 17445.00    794.00   1090.31     0.00     0.00   0.00   0.00    0.46    0.48   0.00    64.00    64.00   0.03 100.00
nvme0n1       4505.00    0.00    281.56      0.00     0.00     0.00   0.00   0.00    0.11    0.00   0.00    64.00     0.00   0.22  98.90
cas1-1        17206.00 17449.00   1075.38   1090.56     0.00     0.00   0.00   0.00    0.38    0.50   0.00    64.00    64.00   0.03 100.00

avg-cpu:  %user   %nice %system %iowait  %steal   %idle
           0.88    0.00    5.94    2.43    0.00   90.75

Device            r/s     w/s     rMB/s     wMB/s   rrqm/s   wrqm/s  %rrqm  %wrqm r_await w_await aqu-sz rareq-sz wareq-sz  svctm  %util
nvme1n1       12825.00 17329.00    801.56   1083.06     0.00     0.00   0.00   0.00    0.46    0.48   0.00    64.00    64.00   0.03 100.00
nvme0n1       4562.00    0.00    285.12      0.00     0.00     0.00   0.00   0.00    0.11    0.00   0.00    64.00     0.00   0.22  99.20
cas1-1        17391.00 17325.00   1086.94   1082.81     0.00     0.00   0.00   0.00    0.38    0.50   0.00    64.00    64.00   0.03 100.00

avg-cpu:  %user   %nice %system %iowait  %steal   %idle
           0.82    0.00    6.15    2.33    0.00   90.69

Device            r/s     w/s     rMB/s     wMB/s   rrqm/s   wrqm/s  %rrqm  %wrqm r_await w_await aqu-sz rareq-sz wareq-sz  svctm  %util
nvme1n1       12619.00 17535.00    788.75   1095.94     0.00     0.00   0.00   0.00    0.46    0.47   0.00    64.01    64.00   0.03 100.00
nvme0n1       4585.00    0.00    286.56      0.00     0.00     0.00   0.00   0.00    0.11    0.00   0.00    64.00     0.00   0.22  99.20
cas1-1        17201.00 17536.00   1075.06   1096.00     0.00     0.00   0.00   0.00    0.38    0.49   0.00    64.00    64.00   0.03 100.00

avg-cpu:  %user   %nice %system %iowait  %steal   %idle
           0.88    0.00    6.05    2.65    0.00   90.42

Device            r/s     w/s     rMB/s     wMB/s   rrqm/s   wrqm/s  %rrqm  %wrqm r_await w_await aqu-sz rareq-sz wareq-sz  svctm  %util
nvme1n1       12741.00 17397.00    796.25   1087.31     0.00     0.00   0.00   0.00    0.47    0.49   0.00    63.99    64.00   0.03 100.00
nvme0n1       4796.00    0.00    299.75      0.00     0.00     0.00   0.00   0.00    0.11    0.00   0.00    64.00     0.00   0.21  98.80
cas1-1        17537.00 17400.00   1096.06   1087.50     0.00     0.00   0.00   0.00    0.38    0.51   0.00    64.00    64.00   0.03 100.00

avg-cpu:  %user   %nice %system %iowait  %steal   %idle
           0.88    0.00    6.09    2.49    0.00   90.53

Device            r/s     w/s     rMB/s     wMB/s   rrqm/s   wrqm/s  %rrqm  %wrqm r_await w_await aqu-sz rareq-sz wareq-sz  svctm  %util
nvme1n1       12596.00 17429.00    787.25   1089.31     0.00     0.00   0.00   0.00    0.46    0.48   0.00    64.00    64.00   0.03 100.00
nvme0n1       5033.00    0.00    314.56      0.00     0.00     0.00   0.00   0.00    0.11    0.00   0.00    64.00     0.00   0.20  99.60
cas1-1        17627.00 17429.00   1101.69   1089.31     0.00     0.00   0.00   0.00    0.37    0.50   0.00    64.00    64.00   0.03 100.30

avg-cpu:  %user   %nice %system %iowait  %steal   %idle
           0.88    0.00    6.06    2.21    0.00   90.85

Device            r/s     w/s     rMB/s     wMB/s   rrqm/s   wrqm/s  %rrqm  %wrqm r_await w_await aqu-sz rareq-sz wareq-sz  svctm  %util
nvme1n1       12421.00 17478.00    776.31   1092.38     0.00     0.00   0.00   0.00    0.46    0.48   0.00    64.00    64.00   0.03 100.00
nvme0n1       5131.00    0.00    320.69      0.00     0.00     0.00   0.00   0.00    0.11    0.00   0.00    64.00     0.00   0.19  99.00
cas1-1        17555.00 17478.00   1097.19   1092.38     0.00     0.00   0.00   0.00    0.37    0.50   0.00    64.00    64.00   0.03 100.00

avg-cpu:  %user   %nice %system %iowait  %steal   %idle
           0.82    0.00    6.15    1.99    0.00   91.04

Device            r/s     w/s     rMB/s     wMB/s   rrqm/s   wrqm/s  %rrqm  %wrqm r_await w_await aqu-sz rareq-sz wareq-sz  svctm  %util
nvme1n1       12177.00 17801.00    761.06   1112.56     0.00     0.00   0.00   0.00    0.46    0.48   0.00    64.00    64.00   0.03 100.00
nvme0n1       5864.00    0.00    366.50      0.00     0.00     0.00   0.00   0.00    0.11    0.00   0.00    64.00     0.00   0.17  99.60
cas1-1        18040.00 17801.00   1127.50   1112.56     0.00     0.00   0.00   0.00    0.36    0.50   0.00    64.00    64.00   0.03 100.00

avg-cpu:  %user   %nice %system %iowait  %steal   %idle
           0.95    0.00    5.67    2.90    0.00   90.48

Device            r/s     w/s     rMB/s     wMB/s   rrqm/s   wrqm/s  %rrqm  %wrqm r_await w_await aqu-sz rareq-sz wareq-sz  svctm  %util
nvme1n1       10853.00 16017.00    677.18   1001.06     0.00     0.00   0.00   0.00    0.47    0.49   0.00    63.89    64.00   0.03  91.10
nvme0n1       5089.00    0.00    317.30      0.00     0.00     0.00   0.00   0.00    0.11    0.00   0.00    63.85     0.00   0.18  90.90
cas1-1        15935.00 16010.00    994.23   1000.62     0.00     0.00   0.00   0.00    0.37    0.51   0.00    63.89    64.00   0.03  91.20

