Linux 5.4.1-050401-lowlatency (kanwu-Super-Server) 	09/11/2020 	_x86_64_	(32 CPU)

avg-cpu:  %user   %nice %system %iowait  %steal   %idle
           1.53    0.00    3.06    1.33    0.00   94.08

Device            r/s     w/s     rMB/s     wMB/s   rrqm/s   wrqm/s  %rrqm  %wrqm r_await w_await aqu-sz rareq-sz wareq-sz  svctm  %util
nvme1n1       15840.51 6244.06    990.00    385.42     0.00     0.00   0.00   0.00    0.42    0.48   0.11    64.00    63.21   0.03  70.05
nvme0n1       6036.17   48.59    377.23      2.99     0.00     0.00   0.00   0.00    0.19    0.38   0.01    63.99    63.01   0.06  35.54
cas1-1        2388.54  265.57    149.28     16.60     0.00     0.00   0.00   0.00    0.46    0.53   0.01    64.00    64.00   0.03   7.87

avg-cpu:  %user   %nice %system %iowait  %steal   %idle
           0.03    0.00    0.38    0.88    0.00   98.72

Device            r/s     w/s     rMB/s     wMB/s   rrqm/s   wrqm/s  %rrqm  %wrqm r_await w_await aqu-sz rareq-sz wareq-sz  svctm  %util
nvme1n1       4288.00 2739.00    268.00     14.45     0.00     0.00   0.00   0.00    0.84    0.09   1.75    64.00     5.40   0.03  23.60
nvme0n1          0.00 4354.00      0.00    268.00     0.00     0.00   0.00   0.00    0.00    0.37   0.40     0.00    63.03   0.05  22.50
cas1-1           0.00    0.00      0.00      0.00     0.00     0.00   0.00   0.00    0.00    0.00   0.00     0.00     0.00   0.00   0.00

avg-cpu:  %user   %nice %system %iowait  %steal   %idle
           0.03    0.00    0.59    0.13    0.00   99.25

Device            r/s     w/s     rMB/s     wMB/s   rrqm/s   wrqm/s  %rrqm  %wrqm r_await w_await aqu-sz rareq-sz wareq-sz  svctm  %util
nvme1n1       8820.00 6061.00    551.25     65.90     0.00     0.00   0.00   0.00    0.85    0.31   4.38    64.00    11.13   0.03  50.50
nvme0n1          3.00 8959.00      0.01    551.25     0.00     0.00   0.00   0.00    0.00    0.61   1.38     4.00    63.01   0.05  46.10

avg-cpu:  %user   %nice %system %iowait  %steal   %idle
           0.25    0.00    0.22    2.31    0.00   97.22

Device            r/s     w/s     rMB/s     wMB/s   rrqm/s   wrqm/s  %rrqm  %wrqm r_await w_await aqu-sz rareq-sz wareq-sz  svctm  %util
nvme1n1         35.00  878.00      1.07    102.94     0.00     0.00   0.00   0.00    0.00    3.08   2.30    31.44   120.06   0.08   7.30
nvme0n1         41.00    0.00      1.03      0.00     0.00     0.00   0.00   0.00    0.12    0.00   0.00    25.66     0.00   0.27   1.10

avg-cpu:  %user   %nice %system %iowait  %steal   %idle
           0.13    0.00    0.69    2.04    0.00   97.15

Device            r/s     w/s     rMB/s     wMB/s   rrqm/s   wrqm/s  %rrqm  %wrqm r_await w_await aqu-sz rareq-sz wareq-sz  svctm  %util
nvme1n1        251.00 4221.00     15.69    207.04     0.00     0.00   0.00   0.00    0.85    0.90   1.52    64.00    50.23   0.03  15.10
nvme0n1       2243.00    0.00    140.19      0.00     0.00     0.00   0.00   0.00    0.22    0.00   0.21    64.00     0.00   0.07  15.10

avg-cpu:  %user   %nice %system %iowait  %steal   %idle
           0.79    0.00    4.04    3.97    0.00   91.20

Device            r/s     w/s     rMB/s     wMB/s   rrqm/s   wrqm/s  %rrqm  %wrqm r_await w_await aqu-sz rareq-sz wareq-sz  svctm  %util
nvme1n1       11420.00 21451.00    713.75   1009.87     0.00     0.00   0.00   0.00    0.56    0.61   0.74    64.00    48.21   0.03 100.00
nvme0n1       7592.00    0.00    474.50      0.00     0.00     0.00   0.00   0.00    0.12    0.00   0.00    64.00     0.00   0.13  99.50

avg-cpu:  %user   %nice %system %iowait  %steal   %idle
           0.79    0.00    4.09    3.52    0.00   91.61

Device            r/s     w/s     rMB/s     wMB/s   rrqm/s   wrqm/s  %rrqm  %wrqm r_await w_await aqu-sz rareq-sz wareq-sz  svctm  %util
nvme1n1       19332.00 13984.00   1208.25    684.39     0.00     0.00   0.00   0.00    0.48    0.49   0.00    64.00    50.12   0.03 100.00
nvme0n1       1590.00    0.00     99.38      0.00     0.00     0.00   0.00   0.00    0.11    0.00   0.00    64.00     0.00   0.48  76.30

avg-cpu:  %user   %nice %system %iowait  %steal   %idle
           0.69    0.00    4.02    2.64    0.00   92.65

Device            r/s     w/s     rMB/s     wMB/s   rrqm/s   wrqm/s  %rrqm  %wrqm r_await w_await aqu-sz rareq-sz wareq-sz  svctm  %util
nvme1n1       21385.00 11219.00   1336.56    603.75     0.00     0.00   0.00   0.00    0.48    0.49   0.00    64.00    55.11   0.03 100.00
nvme0n1        365.00    0.00     22.81      0.00     0.00     0.00   0.00   0.00    0.10    0.00   0.00    64.00     0.00   0.92  33.60

avg-cpu:  %user   %nice %system %iowait  %steal   %idle
           0.85    0.00    3.92    1.63    0.00   93.60

Device            r/s     w/s     rMB/s     wMB/s   rrqm/s   wrqm/s  %rrqm  %wrqm r_await w_await aqu-sz rareq-sz wareq-sz  svctm  %util
nvme1n1       22063.00 10347.00   1378.94    599.34     0.00     0.00   0.00   0.00    0.48    0.49   0.00    64.00    59.31   0.03 100.00
nvme0n1        116.00    0.00      7.25      0.00     0.00     0.00   0.00   0.00    0.09    0.00   0.00    64.00     0.00   1.00  11.60

avg-cpu:  %user   %nice %system %iowait  %steal   %idle
           0.88    0.00    3.71    2.20    0.00   93.21

Device            r/s     w/s     rMB/s     wMB/s   rrqm/s   wrqm/s  %rrqm  %wrqm r_await w_await aqu-sz rareq-sz wareq-sz  svctm  %util
nvme1n1       22224.00 9708.00   1389.00    583.20     0.00     0.00   0.00   0.00    0.48    0.50   0.00    64.00    61.52   0.03 100.10
nvme0n1         75.00    0.00      4.69      0.00     0.00     0.00   0.00   0.00    0.11    0.00   0.00    64.00     0.00   1.09   8.20

avg-cpu:  %user   %nice %system %iowait  %steal   %idle
           0.72    0.00    3.87    3.55    0.00   91.86

Device            r/s     w/s     rMB/s     wMB/s   rrqm/s   wrqm/s  %rrqm  %wrqm r_await w_await aqu-sz rareq-sz wareq-sz  svctm  %util
nvme1n1       22174.00 9790.00   1385.88    600.27     0.00     0.00   0.00   0.00    0.48    0.50   0.00    64.00    62.79   0.03 100.00
nvme0n1        205.00    0.00     12.81      0.00     0.00     0.00   0.00   0.00    0.10    0.00   0.00    64.00     0.00   0.98  20.00

avg-cpu:  %user   %nice %system %iowait  %steal   %idle
           0.91    0.00    3.77    3.43    0.00   91.89

Device            r/s     w/s     rMB/s     wMB/s   rrqm/s   wrqm/s  %rrqm  %wrqm r_await w_await aqu-sz rareq-sz wareq-sz  svctm  %util
nvme1n1       21938.00 9778.00   1371.12    605.03     0.00     0.00   0.00   0.00    0.48    0.50   0.00    64.00    63.36   0.03 100.00
nvme0n1        345.00    0.00     21.56      0.00     0.00     0.00   0.00   0.00    0.10    0.00   0.00    64.00     0.00   0.90  31.20

avg-cpu:  %user   %nice %system %iowait  %steal   %idle
           0.72    0.00    3.83    0.57    0.00   94.88

Device            r/s     w/s     rMB/s     wMB/s   rrqm/s   wrqm/s  %rrqm  %wrqm r_await w_await aqu-sz rareq-sz wareq-sz  svctm  %util
nvme1n1       21838.00 9639.00   1364.88    600.09     0.00     0.00   0.00   0.00    0.49    0.51   0.00    64.00    63.75   0.03 100.00
nvme0n1        551.00    0.00     34.44      0.00     0.00     0.00   0.00   0.00    0.10    0.00   0.00    64.00     0.00   0.82  45.00

avg-cpu:  %user   %nice %system %iowait  %steal   %idle
           0.72    0.00    3.93    0.82    0.00   94.54

Device            r/s     w/s     rMB/s     wMB/s   rrqm/s   wrqm/s  %rrqm  %wrqm r_await w_await aqu-sz rareq-sz wareq-sz  svctm  %util
nvme1n1       22201.00 9659.00   1387.56    602.63     0.00     0.00   0.00   0.00    0.48    0.50   0.00    64.00    63.89   0.03 100.00
nvme0n1        705.00    0.00     44.06      0.00     0.00     0.00   0.00   0.00    0.10    0.00   0.00    64.00     0.00   0.76  53.90

avg-cpu:  %user   %nice %system %iowait  %steal   %idle
           0.66    0.00    3.93    1.54    0.00   93.87

Device            r/s     w/s     rMB/s     wMB/s   rrqm/s   wrqm/s  %rrqm  %wrqm r_await w_await aqu-sz rareq-sz wareq-sz  svctm  %util
nvme1n1       21715.00 9371.00   1357.19    585.10     0.00     0.00   0.00   0.00    0.49    0.51   0.00    64.00    63.94   0.03 100.00
nvme0n1        607.00    0.00     37.94      0.00     0.00     0.00   0.00   0.00    0.10    0.00   0.00    64.00     0.00   0.77  46.80

avg-cpu:  %user   %nice %system %iowait  %steal   %idle
           0.72    0.00    3.90    0.72    0.00   94.66

Device            r/s     w/s     rMB/s     wMB/s   rrqm/s   wrqm/s  %rrqm  %wrqm r_await w_await aqu-sz rareq-sz wareq-sz  svctm  %util
nvme1n1       21991.00 9703.00   1374.44    606.09     0.00     0.00   0.00   0.00    0.48    0.50   0.00    64.00    63.96   0.03 100.00
nvme0n1        498.00    0.00     31.13      0.00     0.00     0.00   0.00   0.00    0.10    0.00   0.00    64.00     0.00   0.85  42.50

avg-cpu:  %user   %nice %system %iowait  %steal   %idle
           0.69    0.00    3.90    0.88    0.00   94.53

Device            r/s     w/s     rMB/s     wMB/s   rrqm/s   wrqm/s  %rrqm  %wrqm r_await w_await aqu-sz rareq-sz wareq-sz  svctm  %util
nvme1n1       22159.00 9624.00   1384.94    601.27     0.00     0.00   0.00   0.00    0.48    0.50   0.00    64.00    63.98   0.03 100.00
nvme0n1        550.00    0.00     34.38      0.00     0.00     0.00   0.00   0.00    0.10    0.00   0.00    64.00     0.00   0.81  44.60

avg-cpu:  %user   %nice %system %iowait  %steal   %idle
           0.72    0.00    3.89    0.63    0.00   94.76

Device            r/s     w/s     rMB/s     wMB/s   rrqm/s   wrqm/s  %rrqm  %wrqm r_await w_await aqu-sz rareq-sz wareq-sz  svctm  %util
nvme1n1       21955.00 9517.00   1372.19    594.70     0.00     0.00   0.00   0.00    0.49    0.51   0.00    64.00    63.99   0.03 100.00
nvme0n1        626.00    0.00     39.12      0.00     0.00     0.00   0.00   0.00    0.10    0.00   0.00    64.00     0.00   0.79  49.40

avg-cpu:  %user   %nice %system %iowait  %steal   %idle
           0.85    0.00    3.74    1.04    0.00   94.37

Device            r/s     w/s     rMB/s     wMB/s   rrqm/s   wrqm/s  %rrqm  %wrqm r_await w_await aqu-sz rareq-sz wareq-sz  svctm  %util
nvme1n1       22114.00 9676.00   1382.12    604.63     0.00     0.00   0.00   0.00    0.48    0.50   0.00    64.00    63.99   0.03 100.00
nvme0n1        825.00    0.00     51.56      0.00     0.00     0.00   0.00   0.00    0.10    0.00   0.00    64.00     0.00   0.72  59.20

avg-cpu:  %user   %nice %system %iowait  %steal   %idle
           0.75    0.00    3.86    1.01    0.00   94.38

Device            r/s     w/s     rMB/s     wMB/s   rrqm/s   wrqm/s  %rrqm  %wrqm r_await w_await aqu-sz rareq-sz wareq-sz  svctm  %util
nvme1n1       21773.00 9650.00   1360.81    603.12     0.00     0.00   0.00   0.00    0.49    0.51   0.00    64.00    64.00   0.03 100.00
nvme0n1        816.00    0.00     51.00      0.00     0.00     0.00   0.00   0.00    0.10    0.00   0.00    64.00     0.00   0.71  58.10

avg-cpu:  %user   %nice %system %iowait  %steal   %idle
           0.79    0.00    3.71    1.79    0.00   93.71

Device            r/s     w/s     rMB/s     wMB/s   rrqm/s   wrqm/s  %rrqm  %wrqm r_await w_await aqu-sz rareq-sz wareq-sz  svctm  %util
nvme1n1       21736.00 9639.00   1358.50    602.44     0.00     0.00   0.00   0.00    0.49    0.51   0.00    64.00    64.00   0.03 100.00
nvme0n1        772.00    0.00     48.25      0.00     0.00     0.00   0.00   0.00    0.10    0.00   0.00    64.00     0.00   0.72  55.50

avg-cpu:  %user   %nice %system %iowait  %steal   %idle
           0.72    0.00    3.93    2.10    0.00   93.25

Device            r/s     w/s     rMB/s     wMB/s   rrqm/s   wrqm/s  %rrqm  %wrqm r_await w_await aqu-sz rareq-sz wareq-sz  svctm  %util
nvme1n1       22087.00 9645.00   1380.44    602.81     0.00     0.00   0.00   0.00    0.48    0.50   0.00    64.00    64.00   0.03 100.00
nvme0n1        790.00    0.00     49.38      0.00     0.00     0.00   0.00   0.00    0.10    0.00   0.00    64.00     0.00   0.72  57.10

avg-cpu:  %user   %nice %system %iowait  %steal   %idle
           0.75    0.00    3.86    2.07    0.00   93.31

Device            r/s     w/s     rMB/s     wMB/s   rrqm/s   wrqm/s  %rrqm  %wrqm r_await w_await aqu-sz rareq-sz wareq-sz  svctm  %util
nvme1n1       21495.00 9577.00   1343.44    598.56     0.00     0.00   0.00   0.00    0.49    0.51   0.00    64.00    64.00   0.03 100.00
nvme0n1        811.00    0.00     50.69      0.00     0.00     0.00   0.00   0.00    0.10    0.00   0.00    64.00     0.00   0.72  58.20

avg-cpu:  %user   %nice %system %iowait  %steal   %idle
           0.79    0.00    3.89    1.57    0.00   93.75

Device            r/s     w/s     rMB/s     wMB/s   rrqm/s   wrqm/s  %rrqm  %wrqm r_await w_await aqu-sz rareq-sz wareq-sz  svctm  %util
nvme1n1       21685.00 9861.00   1355.31    616.31     0.00     0.00   0.00   0.00    0.49    0.51   0.00    64.00    64.00   0.03 100.00
nvme0n1        884.00    0.00     55.25      0.00     0.00     0.00   0.00   0.00    0.10    0.00   0.00    64.00     0.00   0.70  61.80

avg-cpu:  %user   %nice %system %iowait  %steal   %idle
           0.66    0.00    3.84    2.17    0.00   93.33

Device            r/s     w/s     rMB/s     wMB/s   rrqm/s   wrqm/s  %rrqm  %wrqm r_await w_await aqu-sz rareq-sz wareq-sz  svctm  %util
nvme1n1       21911.00 9834.00   1369.44    614.62     0.00     0.00   0.00   0.00    0.48    0.50   0.00    64.00    64.00   0.03 100.00
nvme0n1       1003.00    0.00     62.69      0.00     0.00     0.00   0.00   0.00    0.10    0.00   0.00    64.00     0.00   0.65  65.20

avg-cpu:  %user   %nice %system %iowait  %steal   %idle
           0.72    0.00    3.93    2.20    0.00   93.15

Device            r/s     w/s     rMB/s     wMB/s   rrqm/s   wrqm/s  %rrqm  %wrqm r_await w_await aqu-sz rareq-sz wareq-sz  svctm  %util
nvme1n1       21830.00 9755.00   1364.38    609.69     0.00     0.00   0.00   0.00    0.48    0.50   0.00    64.00    64.00   0.03 100.00
nvme0n1       1121.00    0.00     70.06      0.00     0.00     0.00   0.00   0.00    0.10    0.00   0.00    64.00     0.00   0.63  70.70

avg-cpu:  %user   %nice %system %iowait  %steal   %idle
           0.72    0.00    3.87    2.36    0.00   93.05

Device            r/s     w/s     rMB/s     wMB/s   rrqm/s   wrqm/s  %rrqm  %wrqm r_await w_await aqu-sz rareq-sz wareq-sz  svctm  %util
nvme1n1       21244.00 9538.00   1327.75    596.12     0.00     0.00   0.00   0.00    0.50    0.52   0.00    64.00    64.00   0.03 100.00
nvme0n1       1147.00    0.00     71.69      0.00     0.00     0.00   0.00   0.00    0.10    0.00   0.00    64.00     0.00   0.63  72.10

avg-cpu:  %user   %nice %system %iowait  %steal   %idle
           0.82    0.00    3.86    1.76    0.00   93.56

Device            r/s     w/s     rMB/s     wMB/s   rrqm/s   wrqm/s  %rrqm  %wrqm r_await w_await aqu-sz rareq-sz wareq-sz  svctm  %util
nvme1n1       21781.00 9871.00   1361.31    616.94     0.00     0.00   0.00   0.00    0.48    0.50   0.00    64.00    64.00   0.03 100.00
nvme0n1       1368.00    0.00     85.50      0.00     0.00     0.00   0.00   0.00    0.10    0.00   0.00    64.00     0.00   0.57  77.90

avg-cpu:  %user   %nice %system %iowait  %steal   %idle
           0.63    0.00    4.08    1.48    0.00   93.81

Device            r/s     w/s     rMB/s     wMB/s   rrqm/s   wrqm/s  %rrqm  %wrqm r_await w_await aqu-sz rareq-sz wareq-sz  svctm  %util
nvme1n1       21776.00 9885.00   1361.00    617.81     0.00     0.00   0.00   0.00    0.48    0.50   0.00    64.00    64.00   0.03 100.00
nvme0n1       1328.00    0.00     83.00      0.00     0.00     0.00   0.00   0.00    0.10    0.00   0.00    64.00     0.00   0.57  75.70

avg-cpu:  %user   %nice %system %iowait  %steal   %idle
           0.69    0.00    3.93    0.41    0.00   94.97

Device            r/s     w/s     rMB/s     wMB/s   rrqm/s   wrqm/s  %rrqm  %wrqm r_await w_await aqu-sz rareq-sz wareq-sz  svctm  %util
nvme1n1       21837.00 9834.00   1364.81    614.62     0.00     0.00   0.00   0.00    0.48    0.50   0.00    64.00    64.00   0.03 100.00
nvme0n1       1234.00    0.00     77.12      0.00     0.00     0.00   0.00   0.00    0.10    0.00   0.00    64.00     0.00   0.59  72.30

avg-cpu:  %user   %nice %system %iowait  %steal   %idle
           0.72    0.00    3.90    1.13    0.00   94.25

Device            r/s     w/s     rMB/s     wMB/s   rrqm/s   wrqm/s  %rrqm  %wrqm r_await w_await aqu-sz rareq-sz wareq-sz  svctm  %util
nvme1n1       21750.00 9896.00   1359.38    618.50     0.00     0.00   0.00   0.00    0.48    0.50   0.00    64.00    64.00   0.03 100.00
nvme0n1       1269.00    0.00     79.31      0.00     0.00     0.00   0.00   0.00    0.10    0.00   0.00    64.00     0.00   0.59  75.10

avg-cpu:  %user   %nice %system %iowait  %steal   %idle
           0.69    0.00    3.93    1.19    0.00   94.19

Device            r/s     w/s     rMB/s     wMB/s   rrqm/s   wrqm/s  %rrqm  %wrqm r_await w_await aqu-sz rareq-sz wareq-sz  svctm  %util
nvme1n1       21244.00 9905.00   1327.75    619.06     0.00     0.00   0.00   0.00    0.49    0.51   0.00    64.00    64.00   0.03 100.00
nvme0n1       1349.00    0.00     84.31      0.00     0.00     0.00   0.00   0.00    0.10    0.00   0.00    64.00     0.00   0.57  77.50

avg-cpu:  %user   %nice %system %iowait  %steal   %idle
           0.75    0.00    3.89    0.88    0.00   94.47

Device            r/s     w/s     rMB/s     wMB/s   rrqm/s   wrqm/s  %rrqm  %wrqm r_await w_await aqu-sz rareq-sz wareq-sz  svctm  %util
nvme1n1       21740.00 9959.00   1358.75    622.44     0.00     0.00   0.00   0.00    0.48    0.50   0.00    64.00    64.00   0.03 100.00
nvme0n1       1559.00    0.00     97.44      0.00     0.00     0.00   0.00   0.00    0.10    0.00   0.00    64.00     0.00   0.52  80.50

avg-cpu:  %user   %nice %system %iowait  %steal   %idle
           0.69    0.00    4.11    0.78    0.00   94.42

Device            r/s     w/s     rMB/s     wMB/s   rrqm/s   wrqm/s  %rrqm  %wrqm r_await w_await aqu-sz rareq-sz wareq-sz  svctm  %util
nvme1n1       21591.00 9885.00   1349.44    617.81     0.00     0.00   0.00   0.00    0.48    0.50   0.00    64.00    64.00   0.03 100.00
nvme0n1       1655.00    0.00    103.44      0.00     0.00     0.00   0.00   0.00    0.10    0.00   0.00    64.00     0.00   0.50  82.30

avg-cpu:  %user   %nice %system %iowait  %steal   %idle
           0.75    0.00    3.81    0.63    0.00   94.81

Device            r/s     w/s     rMB/s     wMB/s   rrqm/s   wrqm/s  %rrqm  %wrqm r_await w_await aqu-sz rareq-sz wareq-sz  svctm  %util
nvme1n1       21204.00 10093.00   1325.25    630.81     0.00     0.00   0.00   0.00    0.49    0.51   0.00    64.00    64.00   0.03 100.00
nvme0n1       1905.00    0.00    119.06      0.00     0.00     0.00   0.00   0.00    0.10    0.00   0.00    64.00     0.00   0.45  86.40

avg-cpu:  %user   %nice %system %iowait  %steal   %idle
           0.82    0.00    3.83    1.38    0.00   93.97

Device            r/s     w/s     rMB/s     wMB/s   rrqm/s   wrqm/s  %rrqm  %wrqm r_await w_await aqu-sz rareq-sz wareq-sz  svctm  %util
nvme1n1       21498.00 10119.00   1343.62    632.44     0.00     0.00   0.00   0.00    0.48    0.50   0.00    64.00    64.00   0.03 100.00
nvme0n1       1972.00    0.00    123.31      0.00     0.00     0.00   0.00   0.00    0.10    0.00   0.00    64.03     0.00   0.45  88.20

avg-cpu:  %user   %nice %system %iowait  %steal   %idle
           0.78    0.00    3.95    3.17    0.00   92.09

Device            r/s     w/s     rMB/s     wMB/s   rrqm/s   wrqm/s  %rrqm  %wrqm r_await w_await aqu-sz rareq-sz wareq-sz  svctm  %util
nvme1n1       21488.00 10110.00   1343.00    631.88     0.00     0.00   0.00   0.00    0.48    0.50   0.00    64.00    64.00   0.03 100.00
nvme0n1       2097.00    0.00    131.00      0.00     0.00     0.00   0.00   0.00    0.10    0.00   0.00    63.97     0.00   0.43  90.00

avg-cpu:  %user   %nice %system %iowait  %steal   %idle
           0.75    0.00    3.99    2.73    0.00   92.53

Device            r/s     w/s     rMB/s     wMB/s   rrqm/s   wrqm/s  %rrqm  %wrqm r_await w_await aqu-sz rareq-sz wareq-sz  svctm  %util
nvme1n1       21581.00 10058.00   1348.81    628.62     0.00     0.00   0.00   0.00    0.48    0.50   0.00    64.00    64.00   0.03 100.00
nvme0n1       1959.00    0.00    122.44      0.00     0.00     0.00   0.00   0.00    0.10    0.00   0.00    64.00     0.00   0.45  88.00

avg-cpu:  %user   %nice %system %iowait  %steal   %idle
           0.88    0.00    3.80    2.92    0.00   92.40

Device            r/s     w/s     rMB/s     wMB/s   rrqm/s   wrqm/s  %rrqm  %wrqm r_await w_await aqu-sz rareq-sz wareq-sz  svctm  %util
nvme1n1       21659.00 10107.00   1353.69    631.69     0.00     0.00   0.00   0.00    0.48    0.50   0.00    64.00    64.00   0.03 100.00
nvme0n1       2079.00    0.00    129.94      0.00     0.00     0.00   0.00   0.00    0.10    0.00   0.00    64.00     0.00   0.43  89.90

avg-cpu:  %user   %nice %system %iowait  %steal   %idle
           0.75    0.00    3.87    2.58    0.00   92.80

Device            r/s     w/s     rMB/s     wMB/s   rrqm/s   wrqm/s  %rrqm  %wrqm r_await w_await aqu-sz rareq-sz wareq-sz  svctm  %util
nvme1n1       21500.00 10122.00   1343.75    632.62     0.00     0.00   0.00   0.00    0.48    0.50   0.00    64.00    64.00   0.03 100.00
nvme0n1       2148.00    0.00    134.25      0.00     0.00     0.00   0.00   0.00    0.10    0.00   0.00    64.00     0.00   0.42  89.80

avg-cpu:  %user   %nice %system %iowait  %steal   %idle
           0.72    0.00    3.96    2.92    0.00   92.40

Device            r/s     w/s     rMB/s     wMB/s   rrqm/s   wrqm/s  %rrqm  %wrqm r_await w_await aqu-sz rareq-sz wareq-sz  svctm  %util
nvme1n1       21600.00 10089.00   1350.00    630.56     0.00     0.00   0.00   0.00    0.48    0.50   0.00    64.00    64.00   0.03 100.00
nvme0n1       2249.00    0.00    140.56      0.00     0.00     0.00   0.00   0.00    0.10    0.00   0.00    64.00     0.00   0.41  91.50

avg-cpu:  %user   %nice %system %iowait  %steal   %idle
           0.75    0.00    3.93    2.67    0.00   92.65

Device            r/s     w/s     rMB/s     wMB/s   rrqm/s   wrqm/s  %rrqm  %wrqm r_await w_await aqu-sz rareq-sz wareq-sz  svctm  %util
nvme1n1       21497.00 10095.00   1343.56    630.94     0.00     0.00   0.00   0.00    0.48    0.50   0.00    64.00    64.00   0.03 100.00
nvme0n1       2175.00    0.00    135.94      0.00     0.00     0.00   0.00   0.00    0.10    0.00   0.00    64.00     0.00   0.42  91.70

avg-cpu:  %user   %nice %system %iowait  %steal   %idle
           0.75    0.00    3.95    1.41    0.00   93.88

Device            r/s     w/s     rMB/s     wMB/s   rrqm/s   wrqm/s  %rrqm  %wrqm r_await w_await aqu-sz rareq-sz wareq-sz  svctm  %util
nvme1n1       21498.00 10125.00   1343.62    632.81     0.00     0.00   0.00   0.00    0.48    0.50   0.00    64.00    64.00   0.03 100.00
nvme0n1       2058.00    0.00    128.62      0.00     0.00     0.00   0.00   0.00    0.10    0.00   0.00    64.00     0.00   0.43  89.30

avg-cpu:  %user   %nice %system %iowait  %steal   %idle
           0.72    0.00    3.93    1.19    0.00   94.16

Device            r/s     w/s     rMB/s     wMB/s   rrqm/s   wrqm/s  %rrqm  %wrqm r_await w_await aqu-sz rareq-sz wareq-sz  svctm  %util
nvme1n1       21378.00 10226.00   1336.12    639.12     0.00     0.00   0.00   0.00    0.48    0.50   0.00    64.00    64.00   0.03 100.00
nvme0n1       2072.00    0.00    129.50      0.00     0.00     0.00   0.00   0.00    0.10    0.00   0.00    64.00     0.00   0.42  87.40

avg-cpu:  %user   %nice %system %iowait  %steal   %idle
           0.79    0.00    3.87    2.11    0.00   93.24

Device            r/s     w/s     rMB/s     wMB/s   rrqm/s   wrqm/s  %rrqm  %wrqm r_await w_await aqu-sz rareq-sz wareq-sz  svctm  %util
nvme1n1       21358.00 10233.00   1334.88    639.56     0.00     0.00   0.00   0.00    0.48    0.50   0.00    64.00    64.00   0.03 100.00
nvme0n1       2327.00    0.00    145.44      0.00     0.00     0.00   0.00   0.00    0.10    0.00   0.00    64.00     0.00   0.39  91.10

avg-cpu:  %user   %nice %system %iowait  %steal   %idle
           0.75    0.00    3.93    1.48    0.00   93.84

Device            r/s     w/s     rMB/s     wMB/s   rrqm/s   wrqm/s  %rrqm  %wrqm r_await w_await aqu-sz rareq-sz wareq-sz  svctm  %util
nvme1n1       21429.00 10232.00   1339.31    639.50     0.00     0.00   0.00   0.00    0.48    0.50   0.00    64.00    64.00   0.03 100.00
nvme0n1       2238.00    0.00    139.88      0.00     0.00     0.00   0.00   0.00    0.10    0.00   0.00    64.00     0.00   0.40  89.70

avg-cpu:  %user   %nice %system %iowait  %steal   %idle
           1.32    0.00    3.93    0.82    0.00   93.93

Device            r/s     w/s     rMB/s     wMB/s   rrqm/s   wrqm/s  %rrqm  %wrqm r_await w_await aqu-sz rareq-sz wareq-sz  svctm  %util
nvme1n1       21344.00 10030.00   1334.00    626.88     0.00     0.00   0.00   0.00    0.48    0.50   0.00    64.00    64.00   0.03 100.00
nvme0n1       1988.00    0.00    124.25      0.00     0.00     0.00   0.00   0.00    0.10    0.00   0.00    64.00     0.00   0.44  87.50

avg-cpu:  %user   %nice %system %iowait  %steal   %idle
           0.75    0.00    3.86    2.76    0.00   92.62

Device            r/s     w/s     rMB/s     wMB/s   rrqm/s   wrqm/s  %rrqm  %wrqm r_await w_await aqu-sz rareq-sz wareq-sz  svctm  %util
nvme1n1       21647.00 9936.00   1352.94    621.00     0.00     0.00   0.00   0.00    0.48    0.50   0.00    64.00    64.00   0.03 100.00
nvme0n1       1821.00    0.00    113.81      0.00     0.00     0.00   0.00   0.00    0.10    0.00   0.00    64.00     0.00   0.47  86.00

avg-cpu:  %user   %nice %system %iowait  %steal   %idle
           0.78    0.00    3.95    3.20    0.00   92.06

Device            r/s     w/s     rMB/s     wMB/s   rrqm/s   wrqm/s  %rrqm  %wrqm r_await w_await aqu-sz rareq-sz wareq-sz  svctm  %util
nvme1n1       21458.00 10156.00   1341.12    634.75     0.00     0.00   0.00   0.00    0.48    0.50   0.00    64.00    64.00   0.03 100.00
nvme0n1       1671.00    0.00    104.44      0.00     0.00     0.00   0.00   0.00    0.10    0.00   0.00    64.00     0.00   0.49  82.50

avg-cpu:  %user   %nice %system %iowait  %steal   %idle
           0.72    0.00    3.90    0.50    0.00   94.88

Device            r/s     w/s     rMB/s     wMB/s   rrqm/s   wrqm/s  %rrqm  %wrqm r_await w_await aqu-sz rareq-sz wareq-sz  svctm  %util
nvme1n1       21495.00 9808.00   1343.44    613.00     0.00     0.00   0.00   0.00    0.49    0.51   0.00    64.00    64.00   0.03 100.00
nvme0n1       1718.00    0.00    107.38      0.00     0.00     0.00   0.00   0.00    0.10    0.00   0.00    64.00     0.00   0.48  82.00

avg-cpu:  %user   %nice %system %iowait  %steal   %idle
           0.72    0.00    3.90    0.47    0.00   94.91

Device            r/s     w/s     rMB/s     wMB/s   rrqm/s   wrqm/s  %rrqm  %wrqm r_await w_await aqu-sz rareq-sz wareq-sz  svctm  %util
nvme1n1       21743.00 9896.00   1358.94    618.50     0.00     0.00   0.00   0.00    0.48    0.50   0.00    64.00    64.00   0.03 100.00
nvme0n1       1691.00    0.00    105.69      0.00     0.00     0.00   0.00   0.00    0.10    0.00   0.00    64.00     0.00   0.50  85.10

avg-cpu:  %user   %nice %system %iowait  %steal   %idle
           0.79    0.00    3.80    1.41    0.00   94.00

Device            r/s     w/s     rMB/s     wMB/s   rrqm/s   wrqm/s  %rrqm  %wrqm r_await w_await aqu-sz rareq-sz wareq-sz  svctm  %util
nvme1n1       21704.00 9915.00   1356.50    619.69     0.00     0.00   0.00   0.00    0.48    0.50   0.00    64.00    64.00   0.03 100.00
nvme0n1       1876.00    0.00    117.25      0.00     0.00     0.00   0.00   0.00    0.10    0.00   0.00    64.00     0.00   0.46  86.80

avg-cpu:  %user   %nice %system %iowait  %steal   %idle
           0.79    0.00    3.86    0.97    0.00   94.38

Device            r/s     w/s     rMB/s     wMB/s   rrqm/s   wrqm/s  %rrqm  %wrqm r_await w_await aqu-sz rareq-sz wareq-sz  svctm  %util
nvme1n1       21622.00 9974.00   1351.38    623.38     0.00     0.00   0.00   0.00    0.48    0.50   0.00    64.00    64.00   0.03 100.00
nvme0n1       1768.00    0.00    110.50      0.00     0.00     0.00   0.00   0.00    0.10    0.00   0.00    64.00     0.00   0.48  85.70

avg-cpu:  %user   %nice %system %iowait  %steal   %idle
           0.82    0.00    3.80    0.97    0.00   94.41

Device            r/s     w/s     rMB/s     wMB/s   rrqm/s   wrqm/s  %rrqm  %wrqm r_await w_await aqu-sz rareq-sz wareq-sz  svctm  %util
nvme1n1       21557.00 10078.00   1347.31    629.88     0.00     0.00   0.00   0.00    0.48    0.50   0.00    64.00    64.00   0.03 100.00
nvme0n1       1876.00    0.00    117.25      0.00     0.00     0.00   0.00   0.00    0.10    0.00   0.00    64.00     0.00   0.46  86.00

avg-cpu:  %user   %nice %system %iowait  %steal   %idle
           0.79    0.00    3.93    0.97    0.00   94.31

Device            r/s     w/s     rMB/s     wMB/s   rrqm/s   wrqm/s  %rrqm  %wrqm r_await w_await aqu-sz rareq-sz wareq-sz  svctm  %util
nvme1n1       21430.00 10070.00   1339.38    629.38     0.00     0.00   0.00   0.00    0.48    0.50   0.00    64.00    64.00   0.03 100.00
nvme0n1       1685.00    0.00    105.31      0.00     0.00     0.00   0.00   0.00    0.10    0.00   0.00    64.00     0.00   0.50  84.10

avg-cpu:  %user   %nice %system %iowait  %steal   %idle
           0.78    0.00    3.89    0.63    0.00   94.69

Device            r/s     w/s     rMB/s     wMB/s   rrqm/s   wrqm/s  %rrqm  %wrqm r_await w_await aqu-sz rareq-sz wareq-sz  svctm  %util
nvme1n1       21655.00 9923.00   1353.44    620.19     0.00     0.00   0.00   0.00    0.48    0.50   0.00    64.00    64.00   0.03 100.00
nvme0n1       1763.00    0.00    110.19      0.00     0.00     0.00   0.00   0.00    0.10    0.00   0.00    64.00     0.00   0.47  83.70

avg-cpu:  %user   %nice %system %iowait  %steal   %idle
           0.79    0.00    3.84    1.51    0.00   93.87

Device            r/s     w/s     rMB/s     wMB/s   rrqm/s   wrqm/s  %rrqm  %wrqm r_await w_await aqu-sz rareq-sz wareq-sz  svctm  %util
nvme1n1       21536.00 10018.00   1346.00    626.12     0.00     0.00   0.00   0.00    0.48    0.50   0.00    64.00    64.00   0.03 100.00
nvme0n1       1687.00    0.00    105.44      0.00     0.00     0.00   0.00   0.00    0.10    0.00   0.00    64.00     0.00   0.50  83.60

avg-cpu:  %user   %nice %system %iowait  %steal   %idle
           0.82    0.00    3.83    0.82    0.00   94.53

Device            r/s     w/s     rMB/s     wMB/s   rrqm/s   wrqm/s  %rrqm  %wrqm r_await w_await aqu-sz rareq-sz wareq-sz  svctm  %util
nvme1n1       21339.00 9911.00   1333.69    619.44     0.00     0.00   0.00   0.00    0.49    0.51   0.00    64.00    64.00   0.03 100.00
nvme0n1       1429.00    0.00     89.31      0.00     0.00     0.00   0.00   0.00    0.10    0.00   0.00    64.00     0.00   0.55  79.20

avg-cpu:  %user   %nice %system %iowait  %steal   %idle
           0.60    0.00    3.87    0.82    0.00   94.71

Device            r/s     w/s     rMB/s     wMB/s   rrqm/s   wrqm/s  %rrqm  %wrqm r_await w_await aqu-sz rareq-sz wareq-sz  svctm  %util
nvme1n1       21799.00 9940.00   1362.44    621.25     0.00     0.00   0.00   0.00    0.48    0.50   0.00    64.00    64.00   0.03 100.00
nvme0n1       1459.00    0.00     91.19      0.00     0.00     0.00   0.00   0.00    0.10    0.00   0.00    64.00     0.00   0.54  78.90

avg-cpu:  %user   %nice %system %iowait  %steal   %idle
           0.75    0.00    3.87    1.67    0.00   93.71

Device            r/s     w/s     rMB/s     wMB/s   rrqm/s   wrqm/s  %rrqm  %wrqm r_await w_await aqu-sz rareq-sz wareq-sz  svctm  %util
nvme1n1       21994.00 9762.00   1374.62    610.12     0.00     0.00   0.00   0.00    0.48    0.50   0.00    64.00    64.00   0.03 100.00
nvme0n1       1529.00    0.00     95.56      0.00     0.00     0.00   0.00   0.00    0.10    0.00   0.00    64.00     0.00   0.52  79.20

avg-cpu:  %user   %nice %system %iowait  %steal   %idle
           0.82    0.00    3.86    0.85    0.00   94.47

Device            r/s     w/s     rMB/s     wMB/s   rrqm/s   wrqm/s  %rrqm  %wrqm r_await w_await aqu-sz rareq-sz wareq-sz  svctm  %util
nvme1n1       21665.00 10012.00   1354.06    625.75     0.00     0.00   0.00   0.00    0.48    0.50   0.00    64.00    64.00   0.03 100.00
nvme0n1       1595.00    0.00     99.69      0.00     0.00     0.00   0.00   0.00    0.10    0.00   0.00    64.00     0.00   0.51  80.70

avg-cpu:  %user   %nice %system %iowait  %steal   %idle
           0.78    0.00    3.95    1.32    0.00   93.94

Device            r/s     w/s     rMB/s     wMB/s   rrqm/s   wrqm/s  %rrqm  %wrqm r_await w_await aqu-sz rareq-sz wareq-sz  svctm  %util
nvme1n1       21755.00 9903.00   1359.69    618.94     0.00     0.00   0.00   0.00    0.48    0.50   0.00    64.00    64.00   0.03 100.00
nvme0n1       1544.00    0.00     96.50      0.00     0.00     0.00   0.00   0.00    0.10    0.00   0.00    64.00     0.00   0.52  79.60

avg-cpu:  %user   %nice %system %iowait  %steal   %idle
           0.69    0.00    3.87    1.54    0.00   93.90

Device            r/s     w/s     rMB/s     wMB/s   rrqm/s   wrqm/s  %rrqm  %wrqm r_await w_await aqu-sz rareq-sz wareq-sz  svctm  %util
nvme1n1       21721.00 9635.00   1357.56    602.19     0.00     0.00   0.00   0.00    0.49    0.51   0.00    64.00    64.00   0.03 100.00
nvme0n1       1419.00    0.00     88.69      0.00     0.00     0.00   0.00   0.00    0.10    0.00   0.00    64.00     0.00   0.55  78.00

avg-cpu:  %user   %nice %system %iowait  %steal   %idle
           0.69    0.00    3.81    2.89    0.00   92.61

Device            r/s     w/s     rMB/s     wMB/s   rrqm/s   wrqm/s  %rrqm  %wrqm r_await w_await aqu-sz rareq-sz wareq-sz  svctm  %util
nvme1n1       21859.00 9802.00   1366.19    612.62     0.00     0.00   0.00   0.00    0.48    0.50   0.00    64.00    64.00   0.03 100.00
nvme0n1       1578.00    0.00     98.62      0.00     0.00     0.00   0.00   0.00    0.10    0.00   0.00    64.00     0.00   0.52  81.50

avg-cpu:  %user   %nice %system %iowait  %steal   %idle
           0.82    0.00    3.83    1.45    0.00   93.91

Device            r/s     w/s     rMB/s     wMB/s   rrqm/s   wrqm/s  %rrqm  %wrqm r_await w_await aqu-sz rareq-sz wareq-sz  svctm  %util
nvme1n1       21371.00 9991.00   1335.69    624.44     0.00     0.00   0.00   0.00    0.49    0.51   0.00    64.00    64.00   0.03 100.00
nvme0n1       1479.00    0.00     92.44      0.00     0.00     0.00   0.00   0.00    0.10    0.00   0.00    64.00     0.00   0.54  80.00

avg-cpu:  %user   %nice %system %iowait  %steal   %idle
           0.72    0.00    3.70    1.07    0.00   94.51

Device            r/s     w/s     rMB/s     wMB/s   rrqm/s   wrqm/s  %rrqm  %wrqm r_await w_await aqu-sz rareq-sz wareq-sz  svctm  %util
nvme1n1       19866.00 9157.00   1240.20    572.31     0.00     0.00   0.00   0.00    0.48    0.50   0.00    63.93    64.00   0.03  92.60
nvme0n1       1634.00    0.00    101.71      0.00     0.00     0.00   0.00   0.00    0.10    0.00   0.00    63.74     0.00   0.48  78.00

