Linux 5.4.1-050401-lowlatency (kanwu-Super-Server) 	09/11/2020 	_x86_64_	(32 CPU)

avg-cpu:  %user   %nice %system %iowait  %steal   %idle
           1.39    0.00    3.10    1.24    0.00   94.26

Device            r/s     w/s     rMB/s     wMB/s   rrqm/s   wrqm/s  %rrqm  %wrqm r_await w_await aqu-sz rareq-sz wareq-sz  svctm  %util
nvme1n1       16324.54 6650.06   1020.25    408.92     0.00     0.00   0.00   0.00    0.44    0.49   0.11    64.00    62.97   0.03  72.81
nvme0n1       5181.10   70.42    323.79      4.33     0.00     0.00   0.00   0.00    0.19    0.44   0.01    63.99    63.01   0.07  35.13
cas1-1        1560.28  666.72     97.51     41.67     0.00     0.00   0.00   0.00    0.49    0.53   0.01    64.00    64.00   0.03   7.06

avg-cpu:  %user   %nice %system %iowait  %steal   %idle
           0.06    0.00    0.41    1.44    0.00   98.09

Device            r/s     w/s     rMB/s     wMB/s   rrqm/s   wrqm/s  %rrqm  %wrqm r_await w_await aqu-sz rareq-sz wareq-sz  svctm  %util
nvme1n1       4351.00 2760.00    271.94     14.51     0.00     0.00   0.00   0.00    0.84    0.10   1.76    64.00     5.38   0.03  24.20
nvme0n1          0.00 4355.00      0.00    268.00     0.00     0.00   0.00   0.00    0.00    0.37   0.41     0.00    63.02   0.05  22.60
cas1-1           0.00    0.00      0.00      0.00     0.00     0.00   0.00   0.00    0.00    0.00   0.00     0.00     0.00   0.00   0.00

avg-cpu:  %user   %nice %system %iowait  %steal   %idle
           0.00    0.00    0.56    0.41    0.00   99.03

Device            r/s     w/s     rMB/s     wMB/s   rrqm/s   wrqm/s  %rrqm  %wrqm r_await w_await aqu-sz rareq-sz wareq-sz  svctm  %util
nvme1n1       8757.00 6058.00    547.31     65.98     0.00     0.00   0.00   0.00    0.85    0.31   4.35    64.00    11.15   0.03  50.30
nvme0n1          3.00 8958.00      0.01    551.25     0.00     0.00   0.00   0.00    0.00    0.61   1.35     4.00    63.01   0.05  45.60

avg-cpu:  %user   %nice %system %iowait  %steal   %idle
           0.03    0.00    0.22    4.22    0.00   95.53

Device            r/s     w/s     rMB/s     wMB/s   rrqm/s   wrqm/s  %rrqm  %wrqm r_await w_await aqu-sz rareq-sz wareq-sz  svctm  %util
nvme1n1         35.00  878.00      1.07    102.94     0.00     0.00   0.00   0.00    0.03    3.22   2.42    31.44   120.06   0.08   7.30
nvme0n1         41.00    0.00      1.03      0.00     0.00     0.00   0.00   0.00    0.10    0.00   0.00    25.66     0.00   0.20   0.80

avg-cpu:  %user   %nice %system %iowait  %steal   %idle
           0.25    0.00    0.03    4.00    0.00   95.72

Device            r/s     w/s     rMB/s     wMB/s   rrqm/s   wrqm/s  %rrqm  %wrqm r_await w_await aqu-sz rareq-sz wareq-sz  svctm  %util
nvme1n1          0.00    0.00      0.00      0.00     0.00     0.00   0.00   0.00    0.00    0.00   0.00     0.00     0.00   0.00   0.00
nvme0n1          0.00    0.00      0.00      0.00     0.00     0.00   0.00   0.00    0.00    0.00   0.00     0.00     0.00   0.00   0.00

avg-cpu:  %user   %nice %system %iowait  %steal   %idle
           0.66    0.00    3.40    4.22    0.00   91.72

Device            r/s     w/s     rMB/s     wMB/s   rrqm/s   wrqm/s  %rrqm  %wrqm r_await w_await aqu-sz rareq-sz wareq-sz  svctm  %util
nvme1n1       4002.00 22660.00    250.13   1010.66     0.00     0.00   0.00   0.00    0.55    0.59   0.24    64.00    45.67   0.03  82.40
nvme0n1       5821.00    0.00    363.81      0.00     0.00     0.00   0.00   0.00    0.15    0.00   0.20    64.00     0.00   0.14  82.20

avg-cpu:  %user   %nice %system %iowait  %steal   %idle
           0.79    0.00    4.12    4.02    0.00   91.07

Device            r/s     w/s     rMB/s     wMB/s   rrqm/s   wrqm/s  %rrqm  %wrqm r_await w_await aqu-sz rareq-sz wareq-sz  svctm  %util
nvme1n1       11748.00 20286.00    734.25   1030.04     0.00     0.00   0.00   0.00    0.50    0.52   0.00    64.00    51.99   0.03 100.00
nvme0n1       2237.00    0.00    139.81      0.00     0.00     0.00   0.00   0.00    0.11    0.00   0.00    64.00     0.00   0.39  87.10

avg-cpu:  %user   %nice %system %iowait  %steal   %idle
           0.75    0.00    3.96    4.24    0.00   91.05

Device            r/s     w/s     rMB/s     wMB/s   rrqm/s   wrqm/s  %rrqm  %wrqm r_await w_await aqu-sz rareq-sz wareq-sz  svctm  %util
nvme1n1       14096.00 16793.00    881.00    963.72     0.00     0.00   0.00   0.00    0.50    0.52   0.00    64.00    58.77   0.03 100.00
nvme0n1        673.00    0.00     42.06      0.00     0.00     0.00   0.00   0.00    0.10    0.00   0.00    64.00     0.00   0.76  51.30

avg-cpu:  %user   %nice %system %iowait  %steal   %idle
           0.72    0.00    3.96    3.30    0.00   92.02

Device            r/s     w/s     rMB/s     wMB/s   rrqm/s   wrqm/s  %rrqm  %wrqm r_await w_await aqu-sz rareq-sz wareq-sz  svctm  %util
nvme1n1       14797.00 15387.00    924.81    935.26     0.00     0.00   0.00   0.00    0.51    0.52   0.00    64.00    62.24   0.03 100.00
nvme0n1        420.00    0.00     26.25      0.00     0.00     0.00   0.00   0.00    0.10    0.00   0.00    64.00     0.00   0.88  36.90

avg-cpu:  %user   %nice %system %iowait  %steal   %idle
           0.82    0.00    3.83    3.74    0.00   91.61

Device            r/s     w/s     rMB/s     wMB/s   rrqm/s   wrqm/s  %rrqm  %wrqm r_await w_await aqu-sz rareq-sz wareq-sz  svctm  %util
nvme1n1       14806.00 15221.00    925.38    942.70     0.00     0.00   0.00   0.00    0.51    0.53   0.00    64.00    63.42   0.03 100.00
nvme0n1        506.00    0.00     31.62      0.00     0.00     0.00   0.00   0.00    0.10    0.00   0.00    64.00     0.00   0.83  41.90

avg-cpu:  %user   %nice %system %iowait  %steal   %idle
           0.72    0.00    3.84    4.47    0.00   90.97

Device            r/s     w/s     rMB/s     wMB/s   rrqm/s   wrqm/s  %rrqm  %wrqm r_await w_await aqu-sz rareq-sz wareq-sz  svctm  %util
nvme1n1       14489.00 15315.00    905.56    954.02     0.00     0.00   0.00   0.00    0.51    0.53   0.00    64.00    63.79   0.03 100.00
nvme0n1        556.00    0.00     34.75      0.00     0.00     0.00   0.00   0.00    0.10    0.00   0.00    64.00     0.00   0.79  43.90

avg-cpu:  %user   %nice %system %iowait  %steal   %idle
           0.78    0.00    3.92    3.30    0.00   92.00

Device            r/s     w/s     rMB/s     wMB/s   rrqm/s   wrqm/s  %rrqm  %wrqm r_await w_await aqu-sz rareq-sz wareq-sz  svctm  %util
nvme1n1       14528.00 15180.00    908.00    948.28     0.00     0.00   0.00   0.00    0.51    0.53   0.00    64.00    63.97   0.03 100.00
nvme0n1        441.00    0.00     27.56      0.00     0.00     0.00   0.00   0.00    0.10    0.00   0.00    64.00     0.00   0.86  37.90

avg-cpu:  %user   %nice %system %iowait  %steal   %idle
           0.78    0.00    3.89    2.17    0.00   93.16

Device            r/s     w/s     rMB/s     wMB/s   rrqm/s   wrqm/s  %rrqm  %wrqm r_await w_await aqu-sz rareq-sz wareq-sz  svctm  %util
nvme1n1       14642.00 15294.00    915.12    955.76     0.00     0.00   0.00   0.00    0.51    0.53   0.00    64.00    63.99   0.03 100.00
nvme0n1        386.00    0.00     24.12      0.00     0.00     0.00   0.00   0.00    0.10    0.00   0.00    64.00     0.00   0.87  33.40

avg-cpu:  %user   %nice %system %iowait  %steal   %idle
           0.69    0.00    3.83    1.07    0.00   94.41

Device            r/s     w/s     rMB/s     wMB/s   rrqm/s   wrqm/s  %rrqm  %wrqm r_await w_await aqu-sz rareq-sz wareq-sz  svctm  %util
nvme1n1       14682.00 15129.00    917.62    945.56     0.00     0.00   0.00   0.00    0.51    0.54   0.00    64.00    64.00   0.03 100.10
nvme0n1        280.00    0.00     17.50      0.00     0.00     0.00   0.00   0.00    0.10    0.00   0.00    64.00     0.00   0.95  26.60

avg-cpu:  %user   %nice %system %iowait  %steal   %idle
           0.72    0.00    4.01    1.60    0.00   93.67

Device            r/s     w/s     rMB/s     wMB/s   rrqm/s   wrqm/s  %rrqm  %wrqm r_await w_await aqu-sz rareq-sz wareq-sz  svctm  %util
nvme1n1       14890.00 14996.00    930.62    937.25     0.00     0.00   0.00   0.00    0.51    0.53   0.00    64.00    64.00   0.03 100.00
nvme0n1        181.00    0.00     11.31      0.00     0.00     0.00   0.00   0.00    0.09    0.00   0.00    64.00     0.00   0.99  18.00

avg-cpu:  %user   %nice %system %iowait  %steal   %idle
           0.72    0.00    3.77    2.04    0.00   93.46

Device            r/s     w/s     rMB/s     wMB/s   rrqm/s   wrqm/s  %rrqm  %wrqm r_await w_await aqu-sz rareq-sz wareq-sz  svctm  %util
nvme1n1       14848.00 15069.00    928.00    941.81     0.00     0.00   0.00   0.00    0.51    0.53   0.00    64.00    64.00   0.03 100.00
nvme0n1        243.00    0.00     15.19      0.00     0.00     0.00   0.00   0.00    0.10    0.00   0.00    64.00     0.00   0.97  23.50

avg-cpu:  %user   %nice %system %iowait  %steal   %idle
           0.79    0.00    3.80    1.48    0.00   93.94

Device            r/s     w/s     rMB/s     wMB/s   rrqm/s   wrqm/s  %rrqm  %wrqm r_await w_await aqu-sz rareq-sz wareq-sz  svctm  %util
nvme1n1       14801.00 15159.00    925.06    947.44     0.00     0.00   0.00   0.00    0.51    0.53   0.00    64.00    64.00   0.03 100.00
nvme0n1        252.00    0.00     15.75      0.00     0.00     0.00   0.00   0.00    0.10    0.00   0.00    64.00     0.00   0.94  23.60

avg-cpu:  %user   %nice %system %iowait  %steal   %idle
           0.72    0.00    3.86    1.41    0.00   94.01

Device            r/s     w/s     rMB/s     wMB/s   rrqm/s   wrqm/s  %rrqm  %wrqm r_await w_await aqu-sz rareq-sz wareq-sz  svctm  %util
nvme1n1       14955.00 15043.00    934.69    940.19     0.00     0.00   0.00   0.00    0.51    0.53   0.00    64.00    64.00   0.03 100.00
nvme0n1        223.00    0.00     13.94      0.00     0.00     0.00   0.00   0.00    0.10    0.00   0.00    64.00     0.00   0.96  21.40

avg-cpu:  %user   %nice %system %iowait  %steal   %idle
           0.72    0.00    3.83    1.63    0.00   93.81

Device            r/s     w/s     rMB/s     wMB/s   rrqm/s   wrqm/s  %rrqm  %wrqm r_await w_await aqu-sz rareq-sz wareq-sz  svctm  %util
nvme1n1       14852.00 15113.00    928.25    944.56     0.00     0.00   0.00   0.00    0.51    0.53   0.00    64.00    64.00   0.03 100.00
nvme0n1        166.00    0.00     10.38      0.00     0.00     0.00   0.00   0.00    0.10    0.00   0.00    64.00     0.00   0.98  16.30

avg-cpu:  %user   %nice %system %iowait  %steal   %idle
           0.69    0.00    3.80    2.20    0.00   93.30

Device            r/s     w/s     rMB/s     wMB/s   rrqm/s   wrqm/s  %rrqm  %wrqm r_await w_await aqu-sz rareq-sz wareq-sz  svctm  %util
nvme1n1       14900.00 14958.00    931.25    934.88     0.00     0.00   0.00   0.00    0.51    0.53   0.00    64.00    64.00   0.03 100.00
nvme0n1        138.00    0.00      8.62      0.00     0.00     0.00   0.00   0.00    0.10    0.00   0.00    64.00     0.00   1.04  14.30

avg-cpu:  %user   %nice %system %iowait  %steal   %idle
           0.69    0.00    3.86    1.29    0.00   94.16

Device            r/s     w/s     rMB/s     wMB/s   rrqm/s   wrqm/s  %rrqm  %wrqm r_await w_await aqu-sz rareq-sz wareq-sz  svctm  %util
nvme1n1       15014.00 14980.00    938.37    936.31     0.00     0.00   0.00   0.00    0.51    0.53   0.00    64.00    64.00   0.03 100.00
nvme0n1        187.00    0.00     11.69      0.00     0.00     0.00   0.00   0.00    0.10    0.00   0.00    64.00     0.00   0.99  18.60

avg-cpu:  %user   %nice %system %iowait  %steal   %idle
           0.72    0.00    3.92    2.01    0.00   93.34

Device            r/s     w/s     rMB/s     wMB/s   rrqm/s   wrqm/s  %rrqm  %wrqm r_await w_await aqu-sz rareq-sz wareq-sz  svctm  %util
nvme1n1       14929.00 15029.00    933.06    939.25     0.00     0.00   0.00   0.00    0.51    0.53   0.00    64.00    64.00   0.03 100.00
nvme0n1        186.00    0.00     11.62      0.00     0.00     0.00   0.00   0.00    0.10    0.00   0.00    64.00     0.00   0.99  18.50

avg-cpu:  %user   %nice %system %iowait  %steal   %idle
           1.32    0.00    3.83    0.72    0.00   94.13

Device            r/s     w/s     rMB/s     wMB/s   rrqm/s   wrqm/s  %rrqm  %wrqm r_await w_await aqu-sz rareq-sz wareq-sz  svctm  %util
nvme1n1       14837.00 15138.00    927.31    946.12     0.00     0.00   0.00   0.00    0.51    0.53   0.00    64.00    64.00   0.03 100.00
nvme0n1        215.00    0.00     13.44      0.00     0.00     0.00   0.00   0.00    0.10    0.00   0.00    64.00     0.00   1.00  21.40

avg-cpu:  %user   %nice %system %iowait  %steal   %idle
           0.72    0.00    3.92    1.60    0.00   93.75

Device            r/s     w/s     rMB/s     wMB/s   rrqm/s   wrqm/s  %rrqm  %wrqm r_await w_await aqu-sz rareq-sz wareq-sz  svctm  %util
nvme1n1       14820.00 15164.00    926.25    947.75     0.00     0.00   0.00   0.00    0.51    0.53   0.00    64.00    64.00   0.03 100.00
nvme0n1        195.00    0.00     12.19      0.00     0.00     0.00   0.00   0.00    0.10    0.00   0.00    64.00     0.00   0.97  18.90

avg-cpu:  %user   %nice %system %iowait  %steal   %idle
           0.82    0.00    3.89    2.32    0.00   92.97

Device            r/s     w/s     rMB/s     wMB/s   rrqm/s   wrqm/s  %rrqm  %wrqm r_await w_await aqu-sz rareq-sz wareq-sz  svctm  %util
nvme1n1       14947.00 15055.00    934.19    940.94     0.00     0.00   0.00   0.00    0.51    0.53   0.00    64.00    64.00   0.03 100.00
nvme0n1        200.00    0.00     12.50      0.00     0.00     0.00   0.00   0.00    0.10    0.00   0.00    64.00     0.00   0.96  19.30

avg-cpu:  %user   %nice %system %iowait  %steal   %idle
           0.72    0.00    3.80    2.64    0.00   92.84

Device            r/s     w/s     rMB/s     wMB/s   rrqm/s   wrqm/s  %rrqm  %wrqm r_await w_await aqu-sz rareq-sz wareq-sz  svctm  %util
nvme1n1       14881.00 15066.00    930.06    941.62     0.00     0.00   0.00   0.00    0.51    0.53   0.00    64.00    64.00   0.03 100.00
nvme0n1        234.00    0.00     14.62      0.00     0.00     0.00   0.00   0.00    0.10    0.00   0.00    64.00     0.00   0.93  21.80

avg-cpu:  %user   %nice %system %iowait  %steal   %idle
           0.79    0.00    3.74    2.04    0.00   93.43

Device            r/s     w/s     rMB/s     wMB/s   rrqm/s   wrqm/s  %rrqm  %wrqm r_await w_await aqu-sz rareq-sz wareq-sz  svctm  %util
nvme1n1       14787.00 15018.00    924.19    938.62     0.00     0.00   0.00   0.00    0.51    0.53   0.00    64.00    64.00   0.03 100.00
nvme0n1        256.00    0.00     16.00      0.00     0.00     0.00   0.00   0.00    0.10    0.00   0.00    64.00     0.00   0.94  24.00

avg-cpu:  %user   %nice %system %iowait  %steal   %idle
           0.66    0.00    3.93    1.95    0.00   93.47

Device            r/s     w/s     rMB/s     wMB/s   rrqm/s   wrqm/s  %rrqm  %wrqm r_await w_await aqu-sz rareq-sz wareq-sz  svctm  %util
nvme1n1       15020.00 14878.00    938.75    929.88     0.00     0.00   0.00   0.00    0.51    0.53   0.00    64.00    64.00   0.03 100.00
nvme0n1        228.00    0.00     14.25      0.00     0.00     0.00   0.00   0.00    0.10    0.00   0.00    64.00     0.00   0.95  21.60

avg-cpu:  %user   %nice %system %iowait  %steal   %idle
           0.66    0.00    3.89    0.91    0.00   94.54

Device            r/s     w/s     rMB/s     wMB/s   rrqm/s   wrqm/s  %rrqm  %wrqm r_await w_await aqu-sz rareq-sz wareq-sz  svctm  %util
nvme1n1       14671.00 15208.00    916.94    950.50     0.00     0.00   0.00   0.00    0.51    0.53   0.00    64.00    64.00   0.03 100.00
nvme0n1        197.00    0.00     12.31      0.00     0.00     0.00   0.00   0.00    0.10    0.00   0.00    64.00     0.00   0.98  19.30

avg-cpu:  %user   %nice %system %iowait  %steal   %idle
           0.79    0.00    3.80    1.54    0.00   93.88

Device            r/s     w/s     rMB/s     wMB/s   rrqm/s   wrqm/s  %rrqm  %wrqm r_await w_await aqu-sz rareq-sz wareq-sz  svctm  %util
nvme1n1       14836.00 14941.00    927.25    933.81     0.00     0.00   0.00   0.00    0.51    0.53   0.00    64.00    64.00   0.03 100.00
nvme0n1        278.00    0.00     17.38      0.00     0.00     0.00   0.00   0.00    0.10    0.00   0.00    64.00     0.00   0.94  26.20

avg-cpu:  %user   %nice %system %iowait  %steal   %idle
           0.72    0.00    3.83    1.57    0.00   93.87

Device            r/s     w/s     rMB/s     wMB/s   rrqm/s   wrqm/s  %rrqm  %wrqm r_await w_await aqu-sz rareq-sz wareq-sz  svctm  %util
nvme1n1       14713.00 15199.00    919.56    949.94     0.00     0.00   0.00   0.00    0.51    0.53   0.00    64.00    64.00   0.03 100.00
nvme0n1        433.00    0.00     27.06      0.00     0.00     0.00   0.00   0.00    0.10    0.00   0.00    64.00     0.00   0.87  37.70

avg-cpu:  %user   %nice %system %iowait  %steal   %idle
           0.82    0.00    3.80    2.54    0.00   92.84

Device            r/s     w/s     rMB/s     wMB/s   rrqm/s   wrqm/s  %rrqm  %wrqm r_await w_await aqu-sz rareq-sz wareq-sz  svctm  %util
nvme1n1       14646.00 15274.00    915.38    954.62     0.00     0.00   0.00   0.00    0.51    0.53   0.00    64.00    64.00   0.03 100.00
nvme0n1        569.00    0.00     35.56      0.00     0.00     0.00   0.00   0.00    0.10    0.00   0.00    64.00     0.00   0.80  45.50

avg-cpu:  %user   %nice %system %iowait  %steal   %idle
           0.85    0.00    3.80    1.41    0.00   93.94

Device            r/s     w/s     rMB/s     wMB/s   rrqm/s   wrqm/s  %rrqm  %wrqm r_await w_await aqu-sz rareq-sz wareq-sz  svctm  %util
nvme1n1       14673.00 15283.00    917.06    955.19     0.00     0.00   0.00   0.00    0.51    0.53   0.00    64.00    64.00   0.03 100.10
nvme0n1        565.00    0.00     35.31      0.00     0.00     0.00   0.00   0.00    0.10    0.00   0.00    64.00     0.00   0.84  47.20

avg-cpu:  %user   %nice %system %iowait  %steal   %idle
           0.72    0.00    3.86    2.39    0.00   93.03

Device            r/s     w/s     rMB/s     wMB/s   rrqm/s   wrqm/s  %rrqm  %wrqm r_await w_await aqu-sz rareq-sz wareq-sz  svctm  %util
nvme1n1       14582.00 15319.00    911.38    957.44     0.00     0.00   0.00   0.00    0.51    0.53   0.00    64.00    64.00   0.03 100.00
nvme0n1        605.00    0.00     37.81      0.00     0.00     0.00   0.00   0.00    0.10    0.00   0.00    64.00     0.00   0.80  48.20

avg-cpu:  %user   %nice %system %iowait  %steal   %idle
           0.78    0.00    3.80    2.67    0.00   92.75

Device            r/s     w/s     rMB/s     wMB/s   rrqm/s   wrqm/s  %rrqm  %wrqm r_await w_await aqu-sz rareq-sz wareq-sz  svctm  %util
nvme1n1       14637.00 15219.00    914.81    951.19     0.00     0.00   0.00   0.00    0.51    0.53   0.00    64.00    64.00   0.03 100.00
nvme0n1        478.00    0.00     29.88      0.00     0.00     0.00   0.00   0.00    0.10    0.00   0.00    64.00     0.00   0.85  40.80

avg-cpu:  %user   %nice %system %iowait  %steal   %idle
           0.75    0.00    3.95    1.38    0.00   93.91

Device            r/s     w/s     rMB/s     wMB/s   rrqm/s   wrqm/s  %rrqm  %wrqm r_await w_await aqu-sz rareq-sz wareq-sz  svctm  %util
nvme1n1       14758.00 15187.00    922.38    949.19     0.00     0.00   0.00   0.00    0.51    0.53   0.00    64.00    64.00   0.03 100.00
nvme0n1        407.00    0.00     25.44      0.00     0.00     0.00   0.00   0.00    0.10    0.00   0.00    64.00     0.00   0.90  36.80

avg-cpu:  %user   %nice %system %iowait  %steal   %idle
           0.82    0.00    3.77    0.91    0.00   94.51

Device            r/s     w/s     rMB/s     wMB/s   rrqm/s   wrqm/s  %rrqm  %wrqm r_await w_await aqu-sz rareq-sz wareq-sz  svctm  %util
nvme1n1       14693.00 15221.00    918.31    951.31     0.00     0.00   0.00   0.00    0.51    0.53   0.00    64.00    64.00   0.03 100.00
nvme0n1        330.00    0.00     20.62      0.00     0.00     0.00   0.00   0.00    0.10    0.00   0.00    64.00     0.00   0.94  30.90

avg-cpu:  %user   %nice %system %iowait  %steal   %idle
           0.69    0.00    3.98    2.82    0.00   92.50

Device            r/s     w/s     rMB/s     wMB/s   rrqm/s   wrqm/s  %rrqm  %wrqm r_await w_await aqu-sz rareq-sz wareq-sz  svctm  %util
nvme1n1       14737.00 15102.00    921.06    943.88     0.00     0.00   0.00   0.00    0.51    0.53   0.00    64.00    64.00   0.03 100.00
nvme0n1        264.00    0.00     16.50      0.00     0.00     0.00   0.00   0.00    0.10    0.00   0.00    64.00     0.00   0.95  25.20

avg-cpu:  %user   %nice %system %iowait  %steal   %idle
           0.69    0.00    3.89    0.94    0.00   94.47

Device            r/s     w/s     rMB/s     wMB/s   rrqm/s   wrqm/s  %rrqm  %wrqm r_await w_await aqu-sz rareq-sz wareq-sz  svctm  %util
nvme1n1       14417.82 15158.42    901.11    947.40     0.00     0.00   0.00   0.00    0.51    0.53   0.00    64.00    64.00   0.03  99.01
nvme0n1        331.68    0.00     20.73      0.00     0.00     0.00   0.00   0.00    0.10    0.00   0.00    64.00     0.00   0.86  28.61

avg-cpu:  %user   %nice %system %iowait  %steal   %idle
           0.69    0.00    3.84    0.91    0.00   94.56

Device            r/s     w/s     rMB/s     wMB/s   rrqm/s   wrqm/s  %rrqm  %wrqm r_await w_await aqu-sz rareq-sz wareq-sz  svctm  %util
nvme1n1       14765.00 15219.00    922.81    951.19     0.00     0.00   0.00   0.00    0.51    0.53   0.00    64.00    64.00   0.03 100.00
nvme0n1        414.00    0.00     25.87      0.00     0.00     0.00   0.00   0.00    0.10    0.00   0.00    64.00     0.00   0.88  36.50

avg-cpu:  %user   %nice %system %iowait  %steal   %idle
           0.72    0.00    3.83    1.79    0.00   93.65

Device            r/s     w/s     rMB/s     wMB/s   rrqm/s   wrqm/s  %rrqm  %wrqm r_await w_await aqu-sz rareq-sz wareq-sz  svctm  %util
nvme1n1       14681.00 15224.00    917.50    951.50     0.00     0.00   0.00   0.00    0.51    0.53   0.00    64.00    64.00   0.03 100.00
nvme0n1        401.00    0.00     25.06      0.00     0.00     0.00   0.00   0.00    0.10    0.00   0.00    64.00     0.00   0.88  35.10

avg-cpu:  %user   %nice %system %iowait  %steal   %idle
           0.69    0.00    3.95    2.92    0.00   92.44

Device            r/s     w/s     rMB/s     wMB/s   rrqm/s   wrqm/s  %rrqm  %wrqm r_await w_await aqu-sz rareq-sz wareq-sz  svctm  %util
nvme1n1       14763.00 15157.00    922.75    947.31     0.00     0.00   0.00   0.00    0.51    0.53   0.00    64.00    64.00   0.03 100.00
nvme0n1        448.00    0.00     28.00      0.00     0.00     0.00   0.00   0.00    0.10    0.00   0.00    64.00     0.00   0.83  37.20

avg-cpu:  %user   %nice %system %iowait  %steal   %idle
           0.72    0.00    3.80    0.57    0.00   94.91

Device            r/s     w/s     rMB/s     wMB/s   rrqm/s   wrqm/s  %rrqm  %wrqm r_await w_await aqu-sz rareq-sz wareq-sz  svctm  %util
nvme1n1       14807.00 15130.00    925.44    945.63     0.00     0.00   0.00   0.00    0.51    0.53   0.00    64.00    64.00   0.03 100.00
nvme0n1        434.00    0.00     27.12      0.00     0.00     0.00   0.00   0.00    0.10    0.00   0.00    64.00     0.00   0.90  38.90

avg-cpu:  %user   %nice %system %iowait  %steal   %idle
           0.72    0.00    3.80    0.91    0.00   94.56

Device            r/s     w/s     rMB/s     wMB/s   rrqm/s   wrqm/s  %rrqm  %wrqm r_await w_await aqu-sz rareq-sz wareq-sz  svctm  %util
nvme1n1       14469.00 15385.00    904.31    961.56     0.00     0.00   0.00   0.00    0.51    0.53   0.00    64.00    64.00   0.03 100.00
nvme0n1        543.00    0.00     33.94      0.00     0.00     0.00   0.00   0.00    0.10    0.00   0.00    64.00     0.00   0.84  45.80

avg-cpu:  %user   %nice %system %iowait  %steal   %idle
           0.75    0.00    3.86    1.66    0.00   93.72

Device            r/s     w/s     rMB/s     wMB/s   rrqm/s   wrqm/s  %rrqm  %wrqm r_await w_await aqu-sz rareq-sz wareq-sz  svctm  %util
nvme1n1       14558.00 15303.00    909.88    956.44     0.00     0.00   0.00   0.00    0.51    0.53   0.00    64.00    64.00   0.03 100.00
nvme0n1        591.00    0.00     36.94      0.00     0.00     0.00   0.00   0.00    0.10    0.00   0.00    64.00     0.00   0.81  48.10

avg-cpu:  %user   %nice %system %iowait  %steal   %idle
           0.72    0.00    3.95    0.82    0.00   94.51

Device            r/s     w/s     rMB/s     wMB/s   rrqm/s   wrqm/s  %rrqm  %wrqm r_await w_await aqu-sz rareq-sz wareq-sz  svctm  %util
nvme1n1       14836.00 15116.00    927.25    944.75     0.00     0.00   0.00   0.00    0.51    0.53   0.00    64.00    64.00   0.03 100.00
nvme0n1        686.00    0.00     42.88      0.00     0.00     0.00   0.00   0.00    0.10    0.00   0.00    64.00     0.00   0.78  53.60

avg-cpu:  %user   %nice %system %iowait  %steal   %idle
           0.75    0.00    3.89    1.38    0.00   93.98

Device            r/s     w/s     rMB/s     wMB/s   rrqm/s   wrqm/s  %rrqm  %wrqm r_await w_await aqu-sz rareq-sz wareq-sz  svctm  %util
nvme1n1       14871.00 15121.00    929.44    945.06     0.00     0.00   0.00   0.00    0.51    0.53   0.00    64.00    64.00   0.03 100.00
nvme0n1        546.00    0.00     34.12      0.00     0.00     0.00   0.00   0.00    0.10    0.00   0.00    64.00     0.00   0.84  45.60

avg-cpu:  %user   %nice %system %iowait  %steal   %idle
           0.72    0.00    3.92    1.32    0.00   94.03

Device            r/s     w/s     rMB/s     wMB/s   rrqm/s   wrqm/s  %rrqm  %wrqm r_await w_await aqu-sz rareq-sz wareq-sz  svctm  %util
nvme1n1       14579.00 15267.00    911.19    954.19     0.00     0.00   0.00   0.00    0.51    0.53   0.00    64.00    64.00   0.03 100.00
nvme0n1        583.00    0.00     36.44      0.00     0.00     0.00   0.00   0.00    0.10    0.00   0.00    64.00     0.00   0.80  46.90

avg-cpu:  %user   %nice %system %iowait  %steal   %idle
           0.69    0.00    3.90    0.66    0.00   94.75

Device            r/s     w/s     rMB/s     wMB/s   rrqm/s   wrqm/s  %rrqm  %wrqm r_await w_await aqu-sz rareq-sz wareq-sz  svctm  %util
nvme1n1       14426.00 15437.00    901.62    964.81     0.00     0.00   0.00   0.00    0.51    0.53   0.00    64.00    64.00   0.03 100.00
nvme0n1        710.00    0.00     44.38      0.00     0.00     0.00   0.00   0.00    0.10    0.00   0.00    64.00     0.00   0.75  53.00

avg-cpu:  %user   %nice %system %iowait  %steal   %idle
           0.82    0.00    3.86    2.07    0.00   93.25

Device            r/s     w/s     rMB/s     wMB/s   rrqm/s   wrqm/s  %rrqm  %wrqm r_await w_await aqu-sz rareq-sz wareq-sz  svctm  %util
nvme1n1       14563.00 15327.00    910.19    957.94     0.00     0.00   0.00   0.00    0.51    0.53   0.00    64.00    64.00   0.03 100.00
nvme0n1        826.00    0.00     51.62      0.00     0.00     0.00   0.00   0.00    0.10    0.00   0.00    64.00     0.00   0.73  60.40

avg-cpu:  %user   %nice %system %iowait  %steal   %idle
           0.72    0.00    3.87    1.73    0.00   93.68

Device            r/s     w/s     rMB/s     wMB/s   rrqm/s   wrqm/s  %rrqm  %wrqm r_await w_await aqu-sz rareq-sz wareq-sz  svctm  %util
nvme1n1       14754.00 15135.00    922.12    945.94     0.00     0.00   0.00   0.00    0.51    0.53   0.00    64.00    64.00   0.03 100.00
nvme0n1        683.00    0.00     42.69      0.00     0.00     0.00   0.00   0.00    0.10    0.00   0.00    64.00     0.00   0.75  51.40

avg-cpu:  %user   %nice %system %iowait  %steal   %idle
           0.82    0.00    3.74    3.27    0.00   92.18

Device            r/s     w/s     rMB/s     wMB/s   rrqm/s   wrqm/s  %rrqm  %wrqm r_await w_await aqu-sz rareq-sz wareq-sz  svctm  %util
nvme1n1       14549.00 15350.00    909.31    959.38     0.00     0.00   0.00   0.00    0.51    0.53   0.00    64.00    64.00   0.03 100.00
nvme0n1        678.00    0.00     42.38      0.00     0.00     0.00   0.00   0.00    0.10    0.00   0.00    64.00     0.00   0.78  52.80

avg-cpu:  %user   %nice %system %iowait  %steal   %idle
           0.72    0.00    3.87    0.97    0.00   94.44

Device            r/s     w/s     rMB/s     wMB/s   rrqm/s   wrqm/s  %rrqm  %wrqm r_await w_await aqu-sz rareq-sz wareq-sz  svctm  %util
nvme1n1       14481.00 15419.00    905.06    963.69     0.00     0.00   0.00   0.00    0.51    0.53   0.00    64.00    64.00   0.03 100.00
nvme0n1        779.00    0.00     48.69      0.00     0.00     0.00   0.00   0.00    0.10    0.00   0.00    64.00     0.00   0.74  57.30

avg-cpu:  %user   %nice %system %iowait  %steal   %idle
           0.75    0.00    3.92    0.91    0.00   94.41

Device            r/s     w/s     rMB/s     wMB/s   rrqm/s   wrqm/s  %rrqm  %wrqm r_await w_await aqu-sz rareq-sz wareq-sz  svctm  %util
nvme1n1       14353.00 15452.00    897.06    965.75     0.00     0.00   0.00   0.00    0.51    0.53   0.00    64.00    64.00   0.03 100.10
nvme0n1        868.00    0.00     54.25      0.00     0.00     0.00   0.00   0.00    0.10    0.00   0.00    64.00     0.00   0.69  59.60

avg-cpu:  %user   %nice %system %iowait  %steal   %idle
           0.78    0.00    3.89    1.00    0.00   94.32

Device            r/s     w/s     rMB/s     wMB/s   rrqm/s   wrqm/s  %rrqm  %wrqm r_await w_await aqu-sz rareq-sz wareq-sz  svctm  %util
nvme1n1       14535.00 15382.00    908.44    961.38     0.00     0.00   0.00   0.00    0.51    0.53   0.00    64.00    64.00   0.03 100.00
nvme0n1        976.00    0.00     61.00      0.00     0.00     0.00   0.00   0.00    0.10    0.00   0.00    64.00     0.00   0.67  65.00

avg-cpu:  %user   %nice %system %iowait  %steal   %idle
           0.75    0.00    3.86    1.19    0.00   94.19

Device            r/s     w/s     rMB/s     wMB/s   rrqm/s   wrqm/s  %rrqm  %wrqm r_await w_await aqu-sz rareq-sz wareq-sz  svctm  %util
nvme1n1       14548.00 15286.00    909.25    955.38     0.00     0.00   0.00   0.00    0.51    0.53   0.00    64.00    64.00   0.03 100.00
nvme0n1       1010.00    0.00     63.12      0.00     0.00     0.00   0.00   0.00    0.10    0.00   0.00    64.00     0.00   0.66  66.90

avg-cpu:  %user   %nice %system %iowait  %steal   %idle
           0.75    0.00    3.98    0.63    0.00   94.64

Device            r/s     w/s     rMB/s     wMB/s   rrqm/s   wrqm/s  %rrqm  %wrqm r_await w_await aqu-sz rareq-sz wareq-sz  svctm  %util
nvme1n1       14537.00 15363.00    908.56    960.19     0.00     0.00   0.00   0.00    0.51    0.53   0.00    64.00    64.00   0.03 100.00
nvme0n1       1056.00    0.00     66.00      0.00     0.00     0.00   0.00   0.00    0.10    0.00   0.00    64.00     0.00   0.65  69.10

avg-cpu:  %user   %nice %system %iowait  %steal   %idle
           0.69    0.00    3.92    0.82    0.00   94.57

Device            r/s     w/s     rMB/s     wMB/s   rrqm/s   wrqm/s  %rrqm  %wrqm r_await w_await aqu-sz rareq-sz wareq-sz  svctm  %util
nvme1n1       14434.00 15388.00    902.12    961.75     0.00     0.00   0.00   0.00    0.51    0.53   0.00    64.00    64.00   0.03 100.00
nvme0n1       1076.00    0.00     67.25      0.00     0.00     0.00   0.00   0.00    0.10    0.00   0.00    64.00     0.00   0.63  68.10

avg-cpu:  %user   %nice %system %iowait  %steal   %idle
           0.79    0.00    3.86    3.23    0.00   92.12

Device            r/s     w/s     rMB/s     wMB/s   rrqm/s   wrqm/s  %rrqm  %wrqm r_await w_await aqu-sz rareq-sz wareq-sz  svctm  %util
nvme1n1       14271.00 15433.00    891.94    964.56     0.00     0.00   0.00   0.00    0.51    0.53   0.00    64.00    64.00   0.03 100.00
nvme0n1       1109.00    0.00     69.31      0.00     0.00     0.00   0.00   0.00    0.10    0.00   0.00    64.00     0.00   0.64  71.50

avg-cpu:  %user   %nice %system %iowait  %steal   %idle
           0.72    0.00    3.78    4.15    0.00   91.35

Device            r/s     w/s     rMB/s     wMB/s   rrqm/s   wrqm/s  %rrqm  %wrqm r_await w_await aqu-sz rareq-sz wareq-sz  svctm  %util
nvme1n1       14497.00 15456.00    906.06    966.00     0.00     0.00   0.00   0.00    0.51    0.53   0.00    64.00    64.00   0.03 100.00
nvme0n1       1151.00    0.00     71.94      0.00     0.00     0.00   0.00   0.00    0.10    0.00   0.00    64.00     0.00   0.62  71.20

avg-cpu:  %user   %nice %system %iowait  %steal   %idle
           0.75    0.00    3.98    4.96    0.00   90.31

Device            r/s     w/s     rMB/s     wMB/s   rrqm/s   wrqm/s  %rrqm  %wrqm r_await w_await aqu-sz rareq-sz wareq-sz  svctm  %util
nvme1n1       14302.00 15473.00    893.88    967.06     0.00     0.00   0.00   0.00    0.51    0.53   0.00    64.00    64.00   0.03 100.00
nvme0n1       1196.00    0.00     74.75      0.00     0.00     0.00   0.00   0.00    0.10    0.00   0.00    64.00     0.00   0.61  72.50

avg-cpu:  %user   %nice %system %iowait  %steal   %idle
           0.78    0.00    3.96    3.80    0.00   91.46

Device            r/s     w/s     rMB/s     wMB/s   rrqm/s   wrqm/s  %rrqm  %wrqm r_await w_await aqu-sz rareq-sz wareq-sz  svctm  %util
nvme1n1       14246.00 15523.00    890.38    970.19     0.00     0.00   0.00   0.00    0.51    0.53   0.00    64.00    64.00   0.03 100.00
nvme0n1       1359.00    0.00     84.94      0.00     0.00     0.00   0.00   0.00    0.10    0.00   0.00    64.00     0.00   0.57  78.10

avg-cpu:  %user   %nice %system %iowait  %steal   %idle
           0.75    0.00    3.89    4.49    0.00   90.86

Device            r/s     w/s     rMB/s     wMB/s   rrqm/s   wrqm/s  %rrqm  %wrqm r_await w_await aqu-sz rareq-sz wareq-sz  svctm  %util
nvme1n1       14150.00 15659.00    884.38    978.69     0.00     0.00   0.00   0.00    0.51    0.53   0.00    64.00    64.00   0.03 100.00
nvme0n1       1364.00    0.00     85.25      0.00     0.00     0.00   0.00   0.00    0.10    0.00   0.00    64.00     0.00   0.57  78.20

avg-cpu:  %user   %nice %system %iowait  %steal   %idle
           3.27    0.00   12.47    4.08    0.00   80.18

Device            r/s     w/s     rMB/s     wMB/s   rrqm/s   wrqm/s  %rrqm  %wrqm r_await w_await aqu-sz rareq-sz wareq-sz  svctm  %util
nvme1n1       14070.00 15614.00    879.37    975.87     0.00     0.00   0.00   0.00    0.51    0.53   0.00    64.00    64.00   0.03 100.00
nvme0n1       1337.00    0.00     83.56      0.00     0.00     0.00   0.00   0.00    0.10    0.00   0.00    64.00     0.00   0.57  75.80

avg-cpu:  %user   %nice %system %iowait  %steal   %idle
           0.69    0.00    3.93    4.65    0.00   90.73

Device            r/s     w/s     rMB/s     wMB/s   rrqm/s   wrqm/s  %rrqm  %wrqm r_await w_await aqu-sz rareq-sz wareq-sz  svctm  %util
nvme1n1       14155.00 15614.00    884.69    975.87     0.00     0.00   0.00   0.00    0.51    0.53   0.00    64.00    64.00   0.03 100.00
nvme0n1       1353.00    0.00     84.56      0.00     0.00     0.00   0.00   0.00    0.10    0.00   0.00    64.00     0.00   0.56  76.20

avg-cpu:  %user   %nice %system %iowait  %steal   %idle
           0.75    0.00    3.84    2.80    0.00   92.61

Device            r/s     w/s     rMB/s     wMB/s   rrqm/s   wrqm/s  %rrqm  %wrqm r_await w_await aqu-sz rareq-sz wareq-sz  svctm  %util
nvme1n1       14153.00 15613.00    884.56    975.81     0.00     0.00   0.00   0.00    0.51    0.53   0.00    64.00    64.00   0.03 100.00
nvme0n1       1327.00    0.00     82.94      0.00     0.00     0.00   0.00   0.00    0.10    0.00   0.00    64.00     0.00   0.57  75.70

avg-cpu:  %user   %nice %system %iowait  %steal   %idle
           0.75    0.00    3.95    4.36    0.00   90.93

Device            r/s     w/s     rMB/s     wMB/s   rrqm/s   wrqm/s  %rrqm  %wrqm r_await w_await aqu-sz rareq-sz wareq-sz  svctm  %util
nvme1n1       14208.00 15496.00    888.00    968.50     0.00     0.00   0.00   0.00    0.51    0.53   0.00    64.00    64.00   0.03 100.00
nvme0n1       1274.00    0.00     79.62      0.00     0.00     0.00   0.00   0.00    0.10    0.00   0.00    64.00     0.00   0.59  74.70

avg-cpu:  %user   %nice %system %iowait  %steal   %idle
           0.72    0.00    4.11    4.39    0.00   90.78

Device            r/s     w/s     rMB/s     wMB/s   rrqm/s   wrqm/s  %rrqm  %wrqm r_await w_await aqu-sz rareq-sz wareq-sz  svctm  %util
nvme1n1       14208.00 15601.00    888.00    975.06     0.00     0.00   0.00   0.00    0.51    0.53   0.00    64.00    64.00   0.03 100.00
nvme0n1       1313.00    0.00     82.06      0.00     0.00     0.00   0.00   0.00    0.10    0.00   0.00    64.00     0.00   0.59  77.10

avg-cpu:  %user   %nice %system %iowait  %steal   %idle
           0.75    0.00    3.93    3.93    0.00   91.39

Device            r/s     w/s     rMB/s     wMB/s   rrqm/s   wrqm/s  %rrqm  %wrqm r_await w_await aqu-sz rareq-sz wareq-sz  svctm  %util
nvme1n1       14208.00 15532.00    888.00    970.75     0.00     0.00   0.00   0.00    0.51    0.53   0.00    64.00    64.00   0.03 100.00
nvme0n1       1430.00    0.00     89.38      0.00     0.00     0.00   0.00   0.00    0.10    0.00   0.00    64.00     0.00   0.56  79.90

avg-cpu:  %user   %nice %system %iowait  %steal   %idle
           0.82    0.00    3.89    3.77    0.00   91.52

Device            r/s     w/s     rMB/s     wMB/s   rrqm/s   wrqm/s  %rrqm  %wrqm r_await w_await aqu-sz rareq-sz wareq-sz  svctm  %util
nvme1n1       14061.00 15673.00    878.81    979.56     0.00     0.00   0.00   0.00    0.51    0.53   0.00    64.00    64.00   0.03 100.00
nvme0n1       1520.00    0.00     95.00      0.00     0.00     0.00   0.00   0.00    0.10    0.00   0.00    64.00     0.00   0.54  81.90

avg-cpu:  %user   %nice %system %iowait  %steal   %idle
           0.79    0.00    3.96    3.96    0.00   91.30

Device            r/s     w/s     rMB/s     wMB/s   rrqm/s   wrqm/s  %rrqm  %wrqm r_await w_await aqu-sz rareq-sz wareq-sz  svctm  %util
nvme1n1       14295.00 15494.00    893.44    968.38     0.00     0.00   0.00   0.00    0.51    0.53   0.00    64.00    64.00   0.03 100.00
nvme0n1       1402.00    0.00     87.62      0.00     0.00     0.00   0.00   0.00    0.10    0.00   0.00    64.00     0.00   0.56  79.20

