Linux 5.4.1-050401-lowlatency (kanwu-Super-Server) 	09/10/2020 	_x86_64_	(32 CPU)

avg-cpu:  %user   %nice %system %iowait  %steal   %idle
           0.05    0.00    0.14    0.05    0.00   99.76

Device            r/s     w/s     rMB/s     wMB/s   rrqm/s   wrqm/s  %rrqm  %wrqm r_await w_await aqu-sz rareq-sz wareq-sz  svctm  %util
nvme1n1        682.21  158.33     42.64      9.68     0.00     0.00   0.00   0.00    0.29    0.38   0.00    64.00    62.59   0.03   2.41
nvme0n1        160.76   95.58     10.05      5.97     0.00     0.00   0.00   0.00    0.23    0.06   0.00    63.99    63.97   0.06   1.48
cas1-1          18.59    7.96      1.16      0.50     0.00     0.00   0.00   0.00    0.45    0.32   0.00    64.00    64.00   0.03   0.07

avg-cpu:  %user   %nice %system %iowait  %steal   %idle
           0.19    0.00    0.75    1.28    0.00   97.78

Device            r/s     w/s     rMB/s     wMB/s   rrqm/s   wrqm/s  %rrqm  %wrqm r_await w_await aqu-sz rareq-sz wareq-sz  svctm  %util
nvme1n1         35.00 1173.00      1.07    138.76     0.00     0.00   0.00   0.00    0.03    0.67   0.14    31.44   121.13   0.08  10.00
nvme0n1         44.00    0.00      1.04      0.00     0.00     0.00   0.00   0.00    0.11    0.00   0.00    24.18     0.00   0.41   1.80
cas1-1        18446744073708150784.00 18446744073708949504.00 9007199254653473.00 9007199254703509.00     0.00     0.00   0.00   0.00    0.00    0.00 4294965.84     0.50     0.50   0.00 429491510.80

avg-cpu:  %user   %nice %system %iowait  %steal   %idle
           0.41    0.00    0.13    4.72    0.00   94.75

Device            r/s     w/s     rMB/s     wMB/s   rrqm/s   wrqm/s  %rrqm  %wrqm r_await w_await aqu-sz rareq-sz wareq-sz  svctm  %util
nvme1n1          0.00    0.00      0.00      0.00     0.00     0.00   0.00   0.00    0.00    0.00   0.00     0.00     0.00   0.00   0.00
nvme0n1          0.00    0.00      0.00      0.00     0.00     0.00   0.00   0.00    0.00    0.00   0.00     0.00     0.00   0.00   0.00
cas1-1           0.00    0.00      0.00      0.00     0.00     0.00   0.00   0.00    0.00    0.00   0.00     0.00     0.00   0.00   0.00

avg-cpu:  %user   %nice %system %iowait  %steal   %idle
           0.19    0.00    1.51    4.71    0.00   93.59

Device            r/s     w/s     rMB/s     wMB/s   rrqm/s   wrqm/s  %rrqm  %wrqm r_await w_await aqu-sz rareq-sz wareq-sz  svctm  %util
nvme1n1        424.00 5368.00     26.50    257.69     0.00     0.00   0.00   0.00    0.23    0.18   0.00    64.00    49.16   0.03  17.60
nvme0n1       2638.00    0.00    164.88      0.00     0.00     0.00   0.00   0.00    0.23    0.00   0.20    64.00     0.00   0.07  17.70
cas1-1        3064.00 1409.00    191.50     88.06     0.00     0.00   0.00   0.00    0.52    0.87   0.81    64.00    64.00   0.04  17.80

avg-cpu:  %user   %nice %system %iowait  %steal   %idle
           0.95    0.00    6.81    4.88    0.00   87.37

Device            r/s     w/s     rMB/s     wMB/s   rrqm/s   wrqm/s  %rrqm  %wrqm r_await w_await aqu-sz rareq-sz wareq-sz  svctm  %util
nvme1n1       13997.00 20628.00    874.81    958.66     0.00     0.00   0.00   0.00    0.45    0.47   0.00    64.00    47.59   0.03 100.00
nvme0n1       6131.00    0.00    383.19      0.00     0.00     0.00   0.00   0.00    0.12    0.00   0.00    64.00     0.00   0.16  98.40
cas1-1        20131.00 8846.00   1258.19    552.88     0.00     0.00   0.00   0.00    0.38    0.82   2.49    64.00    64.00   0.03  99.90

avg-cpu:  %user   %nice %system %iowait  %steal   %idle
           1.01    0.00    6.13    4.23    0.00   88.63

Device            r/s     w/s     rMB/s     wMB/s   rrqm/s   wrqm/s  %rrqm  %wrqm r_await w_await aqu-sz rareq-sz wareq-sz  svctm  %util
nvme1n1       21831.00 13478.00   1364.44    672.22     0.00     0.00   0.00   0.00    0.42    0.43   0.00    64.00    51.07   0.03 100.00
nvme0n1        915.00    0.00     57.19      0.00     0.00     0.00   0.00   0.00    0.11    0.00   0.00    64.00     0.00   0.63  57.30
cas1-1        22747.00 9682.00   1421.69    605.12     0.00     0.00   0.00   0.00    0.42    0.59   0.21    64.00    64.00   0.03 100.10

avg-cpu:  %user   %nice %system %iowait  %steal   %idle
           0.88    0.00    6.06    4.67    0.00   88.39

Device            r/s     w/s     rMB/s     wMB/s   rrqm/s   wrqm/s  %rrqm  %wrqm r_await w_await aqu-sz rareq-sz wareq-sz  svctm  %util
nvme1n1       23000.00 11341.00   1437.50    631.29     0.00     0.00   0.00   0.00    0.43    0.44   0.00    64.00    57.00   0.03 100.00
nvme0n1        151.00    0.00      9.44      0.00     0.00     0.00   0.00   0.00    0.14    0.00   0.00    64.00     0.00   1.01  15.20
cas1-1        23150.00 9931.00   1446.88    620.69     0.00     0.00   0.00   0.00    0.44    0.53   0.06    64.00    64.00   0.03  99.90

avg-cpu:  %user   %nice %system %iowait  %steal   %idle
           0.92    0.00    6.00    3.63    0.00   89.45

Device            r/s     w/s     rMB/s     wMB/s   rrqm/s   wrqm/s  %rrqm  %wrqm r_await w_await aqu-sz rareq-sz wareq-sz  svctm  %util
nvme1n1       23387.00 10528.00   1461.69    621.44     0.00     0.00   0.00   0.00    0.43    0.45   0.00    64.00    60.44   0.03 100.00
nvme0n1        175.00    0.00     10.94      0.00     0.00     0.00   0.00   0.00    0.10    0.00   0.00    64.00     0.00   0.98  17.10
cas1-1        23560.00 9904.00   1472.50    619.00     0.00     0.00   0.00   0.00    0.44    0.50   0.03    64.00    64.00   0.03 100.10

avg-cpu:  %user   %nice %system %iowait  %steal   %idle
           0.98    0.00    5.90    3.15    0.00   89.97

Device            r/s     w/s     rMB/s     wMB/s   rrqm/s   wrqm/s  %rrqm  %wrqm r_await w_await aqu-sz rareq-sz wareq-sz  svctm  %util
nvme1n1       23388.00 10262.00   1461.75    626.08     0.00     0.00   0.00   0.00    0.43    0.45   0.00    64.00    62.47   0.03 100.20
nvme0n1         74.00    0.00      4.62      0.00     0.00     0.00   0.00   0.00    0.18    0.00   0.00    64.00     0.00   0.99   7.30
cas1-1        23468.00 9992.00   1466.75    624.50     0.00     0.00   0.00   0.00    0.44    0.48   0.03    64.00    64.00   0.03 100.00

avg-cpu:  %user   %nice %system %iowait  %steal   %idle
           0.88    0.00    6.00    4.17    0.00   88.96

Device            r/s     w/s     rMB/s     wMB/s   rrqm/s   wrqm/s  %rrqm  %wrqm r_await w_await aqu-sz rareq-sz wareq-sz  svctm  %util
nvme1n1       23089.00 10244.00   1443.06    633.45     0.00     0.00   0.00   0.00    0.43    0.45   0.00    64.00    63.32   0.03 100.10
nvme0n1        238.00    0.00     14.88      0.00     0.00     0.00   0.00   0.00    0.11    0.00   0.00    64.00     0.00   0.91  21.60
cas1-1        23326.00 10126.00   1457.88    632.88     0.00     0.00   0.00   0.00    0.44    0.47   0.01    64.00    64.00   0.03 100.00

avg-cpu:  %user   %nice %system %iowait  %steal   %idle
           1.52    0.00    5.56    4.99    0.00   87.93

Device            r/s     w/s     rMB/s     wMB/s   rrqm/s   wrqm/s  %rrqm  %wrqm r_await w_await aqu-sz rareq-sz wareq-sz  svctm  %util
nvme1n1       23234.00 10176.00   1452.12    633.13     0.00     0.00   0.00   0.00    0.45    0.46   0.00    64.00    63.71   0.03  99.90
nvme0n1        446.00    0.00     27.88      0.00     0.00     0.00   0.00   0.00    0.10    0.00   0.00    64.00     0.00   0.88  39.10
cas1-1        23682.00 10126.00   1480.12    632.88     0.00     0.00   0.00   0.00    0.45    0.48   0.01    64.00    64.00   0.03 100.00

avg-cpu:  %user   %nice %system %iowait  %steal   %idle
           0.95    0.00    5.84    4.26    0.00   88.95

Device            r/s     w/s     rMB/s     wMB/s   rrqm/s   wrqm/s  %rrqm  %wrqm r_await w_await aqu-sz rareq-sz wareq-sz  svctm  %util
nvme1n1       23283.00 9984.00   1455.19    622.42     0.00     0.00   0.00   0.00    0.45    0.46   0.00    64.00    63.84   0.03 100.10
nvme0n1        133.00    0.00      8.31      0.00     0.00     0.00   0.00   0.00    0.11    0.00   0.00    64.00     0.00   1.02  13.50
cas1-1        23413.00 9958.00   1463.31    622.38     0.00     0.00   0.00   0.00    0.46    0.49   0.00    64.00    64.00   0.03 100.00

avg-cpu:  %user   %nice %system %iowait  %steal   %idle
           0.95    0.00    5.80    1.64    0.00   91.61

Device            r/s     w/s     rMB/s     wMB/s   rrqm/s   wrqm/s  %rrqm  %wrqm r_await w_await aqu-sz rareq-sz wareq-sz  svctm  %util
nvme1n1       23371.00 10132.00   1460.69    632.96     0.00     0.00   0.00   0.00    0.44    0.46   0.00    64.00    63.97   0.03 100.00
nvme0n1        306.00    0.00     19.12      0.00     0.00     0.00   0.00   0.00    0.10    0.00   0.00    64.00     0.00   0.87  26.60
cas1-1        23679.00 10125.00   1479.94    632.81     0.00     0.00   0.00   0.00    0.45    0.48   0.00    64.00    64.00   0.03 100.00

avg-cpu:  %user   %nice %system %iowait  %steal   %idle
           0.92    0.00    5.78    2.05    0.00   91.25

Device            r/s     w/s     rMB/s     wMB/s   rrqm/s   wrqm/s  %rrqm  %wrqm r_await w_await aqu-sz rareq-sz wareq-sz  svctm  %util
nvme1n1       23332.00 10033.00   1458.25    626.71     0.00     0.00   0.00   0.00    0.43    0.45   0.00    64.00    63.96   0.03 100.20
nvme0n1        536.00    0.00     33.50      0.00     0.00     0.00   0.00   0.00    0.10    0.00   0.00    64.00     0.00   0.83  44.40
cas1-1        23863.00 10026.00   1491.44    626.69     0.00     0.00   0.00   0.00    0.44    0.47   0.00    64.00    64.01   0.03 100.00

avg-cpu:  %user   %nice %system %iowait  %steal   %idle
           0.85    0.00    5.93    2.40    0.00   90.81

Device            r/s     w/s     rMB/s     wMB/s   rrqm/s   wrqm/s  %rrqm  %wrqm r_await w_await aqu-sz rareq-sz wareq-sz  svctm  %util
nvme1n1       23042.00 10216.00   1440.12    638.44     0.00     0.00   0.00   0.00    0.44    0.46   0.00    64.00    63.99   0.03 100.00
nvme0n1        656.00    0.00     41.00      0.00     0.00     0.00   0.00   0.00    0.10    0.00   0.00    64.00     0.00   0.79  52.00
cas1-1        23698.00 10217.00   1481.12    638.50     0.00     0.00   0.00   0.00    0.44    0.48   0.00    64.00    63.99   0.03 100.00

avg-cpu:  %user   %nice %system %iowait  %steal   %idle
           0.88    0.00    5.59    2.37    0.00   91.15

Device            r/s     w/s     rMB/s     wMB/s   rrqm/s   wrqm/s  %rrqm  %wrqm r_await w_await aqu-sz rareq-sz wareq-sz  svctm  %util
nvme1n1       23253.00 10213.00   1453.31    638.31     0.00     0.00   0.00   0.00    0.44    0.46   0.00    64.00    64.00   0.03 100.00
nvme0n1        707.00    0.00     44.19      0.00     0.00     0.00   0.00   0.00    0.10    0.00   0.00    64.00     0.00   0.77  54.60
cas1-1        23963.00 10213.00   1497.69    638.31     0.00     0.00   0.00   0.00    0.44    0.48   0.00    64.00    64.00   0.03 100.00

avg-cpu:  %user   %nice %system %iowait  %steal   %idle
           0.76    0.00    6.12    1.17    0.00   91.96

Device            r/s     w/s     rMB/s     wMB/s   rrqm/s   wrqm/s  %rrqm  %wrqm r_await w_await aqu-sz rareq-sz wareq-sz  svctm  %util
nvme1n1       22980.00 10268.00   1436.25    641.75     0.00     0.00   0.00   0.00    0.44    0.45   0.00    64.00    64.00   0.03 100.00
nvme0n1        890.00    0.00     55.62      0.00     0.00     0.00   0.00   0.00    0.10    0.00   0.00    64.00     0.00   0.69  61.30
cas1-1        23873.00 10269.00   1492.06    641.81     0.00     0.00   0.00   0.00    0.44    0.48   0.00    64.00    64.00   0.03 100.00

avg-cpu:  %user   %nice %system %iowait  %steal   %idle
           0.85    0.00    6.02    1.51    0.00   91.61

Device            r/s     w/s     rMB/s     wMB/s   rrqm/s   wrqm/s  %rrqm  %wrqm r_await w_await aqu-sz rareq-sz wareq-sz  svctm  %util
nvme1n1       23059.00 10321.00   1441.19    644.95     0.00     0.00   0.00   0.00    0.43    0.45   0.00    64.00    63.99   0.03 100.00
nvme0n1       1309.00    0.00     81.81      0.00     0.00     0.00   0.00   0.00    0.10    0.00   0.00    64.00     0.00   0.58  76.50
cas1-1        24366.00 10318.00   1522.88    644.88     0.00     0.00   0.00   0.00    0.43    0.47   0.00    64.00    64.00   0.03 100.00

avg-cpu:  %user   %nice %system %iowait  %steal   %idle
           0.88    0.00    6.05    1.61    0.00   91.46

Device            r/s     w/s     rMB/s     wMB/s   rrqm/s   wrqm/s  %rrqm  %wrqm r_await w_await aqu-sz rareq-sz wareq-sz  svctm  %util
nvme1n1       22968.00 10318.00   1435.50    644.88     0.00     0.00   0.00   0.00    0.44    0.45   0.00    64.00    64.00   0.03 100.00
nvme0n1       1217.00    0.00     76.06      0.00     0.00     0.00   0.00   0.00    0.10    0.00   0.00    64.00     0.00   0.60  72.80
cas1-1        24184.00 10319.00   1511.50    644.94     0.00     0.00   0.00   0.00    0.43    0.47   0.00    64.00    64.00   0.03 100.00

avg-cpu:  %user   %nice %system %iowait  %steal   %idle
           0.95    0.00    5.90    1.99    0.00   91.17

Device            r/s     w/s     rMB/s     wMB/s   rrqm/s   wrqm/s  %rrqm  %wrqm r_await w_await aqu-sz rareq-sz wareq-sz  svctm  %util
nvme1n1       22859.00 10274.00   1428.69    642.12     0.00     0.00   0.00   0.00    0.44    0.45   0.00    64.00    64.00   0.03 100.00
nvme0n1       1336.00    0.00     83.50      0.00     0.00     0.00   0.00   0.00    0.10    0.00   0.00    64.00     0.00   0.58  77.50
cas1-1        24194.00 10272.00   1512.12    642.00     0.00     0.00   0.00   0.00    0.43    0.48   0.00    64.00    64.00   0.03 100.20

avg-cpu:  %user   %nice %system %iowait  %steal   %idle
           0.98    0.00    5.87    1.80    0.00   91.35

Device            r/s     w/s     rMB/s     wMB/s   rrqm/s   wrqm/s  %rrqm  %wrqm r_await w_await aqu-sz rareq-sz wareq-sz  svctm  %util
nvme1n1       23156.00 10340.00   1447.25    646.25     0.00     0.00   0.00   0.00    0.43    0.45   0.00    64.00    64.00   0.03 100.00
nvme0n1       1381.00    0.00     86.31      0.00     0.00     0.00   0.00   0.00    0.10    0.00   0.00    64.00     0.00   0.56  77.50
cas1-1        24538.00 10341.00   1533.62    646.31     0.00     0.00   0.00   0.00    0.43    0.47   0.00    64.00    64.00   0.03 100.00

avg-cpu:  %user   %nice %system %iowait  %steal   %idle
           0.91    0.00    5.84    1.64    0.00   91.61

Device            r/s     w/s     rMB/s     wMB/s   rrqm/s   wrqm/s  %rrqm  %wrqm r_await w_await aqu-sz rareq-sz wareq-sz  svctm  %util
nvme1n1       22913.00 10261.00   1432.06    641.31     0.00     0.00   0.00   0.00    0.44    0.46   0.00    64.00    64.00   0.03 100.00
nvme0n1       1271.00    0.00     79.44      0.00     0.00     0.00   0.00   0.00    0.10    0.00   0.00    64.00     0.00   0.58  74.30
cas1-1        24185.00 10261.00   1511.56    641.31     0.00     0.00   0.00   0.00    0.44    0.48   0.00    64.00    64.00   0.03 100.00

avg-cpu:  %user   %nice %system %iowait  %steal   %idle
           0.82    0.00    6.00    1.55    0.00   91.64

Device            r/s     w/s     rMB/s     wMB/s   rrqm/s   wrqm/s  %rrqm  %wrqm r_await w_await aqu-sz rareq-sz wareq-sz  svctm  %util
nvme1n1       22840.00 10326.00   1427.50    645.38     0.00     0.00   0.00   0.00    0.43    0.45   0.00    64.00    64.00   0.03 100.00
nvme0n1       1238.00    0.00     77.38      0.00     0.00     0.00   0.00   0.00    0.10    0.00   0.00    64.00     0.00   0.60  74.40
cas1-1        24078.00 10328.00   1504.88    645.50     0.00     0.00   0.00   0.00    0.43    0.47   0.00    64.00    64.00   0.03 100.10

avg-cpu:  %user   %nice %system %iowait  %steal   %idle
           0.79    0.00    5.87    2.59    0.00   90.75

Device            r/s     w/s     rMB/s     wMB/s   rrqm/s   wrqm/s  %rrqm  %wrqm r_await w_await aqu-sz rareq-sz wareq-sz  svctm  %util
nvme1n1       22992.00 10406.00   1437.00    650.38     0.00     0.00   0.00   0.00    0.44    0.45   0.00    64.00    64.00   0.03 100.00
nvme0n1       1030.00    0.00     64.38      0.00     0.00     0.00   0.00   0.00    0.10    0.00   0.00    64.00     0.00   0.66  67.70
cas1-1        24022.00 10405.00   1501.38    650.31     0.00     0.00   0.00   0.00    0.43    0.47   0.00    64.00    64.00   0.03 100.00

avg-cpu:  %user   %nice %system %iowait  %steal   %idle
           0.76    0.00    6.03    2.43    0.00   90.79

Device            r/s     w/s     rMB/s     wMB/s   rrqm/s   wrqm/s  %rrqm  %wrqm r_await w_await aqu-sz rareq-sz wareq-sz  svctm  %util
nvme1n1       22671.00 10203.00   1416.94    637.69     0.00     0.00   0.00   0.00    0.44    0.46   0.00    64.00    64.00   0.03 100.00
nvme0n1       1257.00    0.00     78.56      0.00     0.00     0.00   0.00   0.00    0.10    0.00   0.00    64.00     0.00   0.58  73.30
cas1-1        23932.00 10201.00   1495.75    637.56     0.00     0.00   0.00   0.00    0.43    0.48   0.00    64.00    64.00   0.03 100.00

avg-cpu:  %user   %nice %system %iowait  %steal   %idle
           0.91    0.00    5.93    1.29    0.00   91.87

Device            r/s     w/s     rMB/s     wMB/s   rrqm/s   wrqm/s  %rrqm  %wrqm r_await w_await aqu-sz rareq-sz wareq-sz  svctm  %util
nvme1n1       22965.00 10450.00   1435.31    653.12     0.00     0.00   0.00   0.00    0.44    0.46   0.00    64.00    64.00   0.03 100.00
nvme0n1       1268.00    0.00     79.25      0.00     0.00     0.00   0.00   0.00    0.10    0.00   0.00    64.00     0.00   0.61  77.20
cas1-1        24227.00 10455.00   1514.19    653.44     0.00     0.00   0.00   0.00    0.43    0.48   0.00    64.00    64.00   0.03 100.00

avg-cpu:  %user   %nice %system %iowait  %steal   %idle
           0.85    0.00    6.11    1.32    0.00   91.71

Device            r/s     w/s     rMB/s     wMB/s   rrqm/s   wrqm/s  %rrqm  %wrqm r_await w_await aqu-sz rareq-sz wareq-sz  svctm  %util
nvme1n1       22786.00 10365.00   1424.12    647.81     0.00     0.00   0.00   0.00    0.44    0.45   0.00    64.00    64.00   0.03 100.00
nvme0n1       1300.00    0.00     81.25      0.00     0.00     0.00   0.00   0.00    0.10    0.00   0.00    64.00     0.00   0.57  74.40
cas1-1        24086.00 10363.00   1505.38    647.69     0.00     0.00   0.00   0.00    0.43    0.47   0.00    64.00    64.00   0.03 100.00

avg-cpu:  %user   %nice %system %iowait  %steal   %idle
           0.82    0.00    5.93    2.11    0.00   91.13

Device            r/s     w/s     rMB/s     wMB/s   rrqm/s   wrqm/s  %rrqm  %wrqm r_await w_await aqu-sz rareq-sz wareq-sz  svctm  %util
nvme1n1       22676.00 10455.00   1417.25    653.44     0.00     0.00   0.00   0.00    0.44    0.46   0.00    64.00    64.00   0.03 100.00
nvme0n1       1152.00    0.00     72.00      0.00     0.00     0.00   0.00   0.00    0.10    0.00   0.00    64.00     0.00   0.62  71.70
cas1-1        23830.00 10454.00   1489.38    653.38     0.00     0.00   0.00   0.00    0.43    0.48   0.00    64.00    64.00   0.03 100.00

avg-cpu:  %user   %nice %system %iowait  %steal   %idle
           0.92    0.00    5.93    1.99    0.00   91.16

Device            r/s     w/s     rMB/s     wMB/s   rrqm/s   wrqm/s  %rrqm  %wrqm r_await w_await aqu-sz rareq-sz wareq-sz  svctm  %util
nvme1n1       23073.00 10356.00   1442.06    647.25     0.00     0.00   0.00   0.00    0.43    0.45   0.00    64.00    64.00   0.03 100.00
nvme0n1        969.00    0.00     60.56      0.00     0.00     0.00   0.00   0.00    0.10    0.00   0.00    64.00     0.00   0.68  66.00
cas1-1        24036.00 10357.00   1502.25    647.31     0.00     0.00   0.00   0.00    0.43    0.47   0.00    64.00    64.00   0.03 100.00

avg-cpu:  %user   %nice %system %iowait  %steal   %idle
           0.88    0.00    5.90    1.80    0.00   91.42

Device            r/s     w/s     rMB/s     wMB/s   rrqm/s   wrqm/s  %rrqm  %wrqm r_await w_await aqu-sz rareq-sz wareq-sz  svctm  %util
nvme1n1       22911.00 10451.00   1431.94    653.19     0.00     0.00   0.00   0.00    0.44    0.46   0.00    64.00    64.00   0.03 100.10
nvme0n1       1030.00    0.00     64.38      0.00     0.00     0.00   0.00   0.00    0.10    0.00   0.00    64.00     0.00   0.64  66.40
cas1-1        23947.00 10450.00   1496.69    653.12     0.00     0.00   0.00   0.00    0.44    0.48   0.00    64.00    64.00   0.03 100.00

avg-cpu:  %user   %nice %system %iowait  %steal   %idle
           0.82    0.00    5.84    1.42    0.00   91.91

Device            r/s     w/s     rMB/s     wMB/s   rrqm/s   wrqm/s  %rrqm  %wrqm r_await w_await aqu-sz rareq-sz wareq-sz  svctm  %util
nvme1n1       23048.00 10358.00   1440.50    647.38     0.00     0.00   0.00   0.00    0.44    0.45   0.00    64.00    64.00   0.03  99.90
nvme0n1       1227.00    0.00     76.69      0.00     0.00     0.00   0.00   0.00    0.10    0.00   0.00    64.00     0.00   0.61  75.10
cas1-1        24274.00 10355.00   1517.12    647.19     0.00     0.00   0.00   0.00    0.43    0.47   0.00    64.00    64.00   0.03 100.00

avg-cpu:  %user   %nice %system %iowait  %steal   %idle
           0.92    0.00    5.93    1.14    0.00   92.02

Device            r/s     w/s     rMB/s     wMB/s   rrqm/s   wrqm/s  %rrqm  %wrqm r_await w_await aqu-sz rareq-sz wareq-sz  svctm  %util
nvme1n1       23050.00 10335.00   1440.62    645.94     0.00     0.00   0.00   0.00    0.43    0.44   0.00    64.00    64.00   0.03 100.10
nvme0n1       1158.00    0.00     72.38      0.00     0.00     0.00   0.00   0.00    0.10    0.00   0.00    64.00     0.00   0.61  70.90
cas1-1        24208.00 10339.00   1513.00    646.19     0.00     0.00   0.00   0.00    0.42    0.47   0.00    64.00    64.00   0.03 100.00

avg-cpu:  %user   %nice %system %iowait  %steal   %idle
           0.85    0.00    5.69    2.15    0.00   91.31

Device            r/s     w/s     rMB/s     wMB/s   rrqm/s   wrqm/s  %rrqm  %wrqm r_await w_await aqu-sz rareq-sz wareq-sz  svctm  %util
nvme1n1       22975.00 10413.00   1435.94    650.81     0.00     0.00   0.00   0.00    0.44    0.46   0.00    64.00    64.00   0.03 100.00
nvme0n1        990.00    0.00     61.88      0.00     0.00     0.00   0.00   0.00    0.10    0.00   0.00    64.00     0.00   0.67  65.90
cas1-1        23965.00 10413.00   1497.81    650.81     0.00     0.00   0.00   0.00    0.44    0.48   0.00    64.00    64.00   0.03 100.00

avg-cpu:  %user   %nice %system %iowait  %steal   %idle
           0.79    0.00    5.84    2.02    0.00   91.35

Device            r/s     w/s     rMB/s     wMB/s   rrqm/s   wrqm/s  %rrqm  %wrqm r_await w_await aqu-sz rareq-sz wareq-sz  svctm  %util
nvme1n1       23014.00 10401.00   1438.44    650.06     0.00     0.00   0.00   0.00    0.44    0.46   0.00    64.00    64.00   0.03 100.00
nvme0n1       1061.00    0.00     66.31      0.00     0.00     0.00   0.00   0.00    0.10    0.00   0.00    64.00     0.00   0.65  68.80
cas1-1        24076.00 10400.00   1504.75    650.00     0.00     0.00   0.00   0.00    0.44    0.48   0.00    64.00    64.00   0.03 100.00

avg-cpu:  %user   %nice %system %iowait  %steal   %idle
           0.79    0.00    6.03    1.99    0.00   91.19

Device            r/s     w/s     rMB/s     wMB/s   rrqm/s   wrqm/s  %rrqm  %wrqm r_await w_await aqu-sz rareq-sz wareq-sz  svctm  %util
nvme1n1       23295.00 10187.00   1455.88    636.69     0.00     0.00   0.00   0.00    0.43    0.45   0.00    64.00    64.00   0.03 100.00
nvme0n1        998.00    0.00     62.38      0.00     0.00     0.00   0.00   0.00    0.10    0.00   0.00    64.00     0.00   0.65  65.20
cas1-1        24290.00 10190.00   1518.12    636.88     0.00     0.00   0.00   0.00    0.43    0.47   0.00    64.00    64.00   0.03 100.00

avg-cpu:  %user   %nice %system %iowait  %steal   %idle
           0.88    0.00    5.90    1.70    0.00   91.51

Device            r/s     w/s     rMB/s     wMB/s   rrqm/s   wrqm/s  %rrqm  %wrqm r_await w_await aqu-sz rareq-sz wareq-sz  svctm  %util
nvme1n1       22924.00 10459.00   1432.75    653.69     0.00     0.00   0.00   0.00    0.43    0.45   0.00    64.00    64.00   0.03 100.00
nvme0n1       1139.00    0.00     71.19      0.00     0.00     0.00   0.00   0.00    0.10    0.00   0.00    64.00     0.00   0.62  70.70
cas1-1        24065.00 10456.00   1504.06    653.50     0.00     0.00   0.00   0.00    0.43    0.47   0.00    64.00    64.00   0.03 100.00

avg-cpu:  %user   %nice %system %iowait  %steal   %idle
           0.92    0.00    5.78    2.15    0.00   91.16

Device            r/s     w/s     rMB/s     wMB/s   rrqm/s   wrqm/s  %rrqm  %wrqm r_await w_await aqu-sz rareq-sz wareq-sz  svctm  %util
nvme1n1       23006.00 10338.00   1437.88    646.12     0.00     0.00   0.00   0.00    0.44    0.46   0.00    64.00    64.00   0.03 100.00
nvme0n1       1279.00    0.00     80.00      0.00     0.00     0.00   0.00   0.00    0.10    0.00   0.00    64.05     0.00   0.59  75.10
cas1-1        24285.00 10337.00   1517.81    646.06     0.00     0.00   0.00   0.00    0.43    0.48   0.00    64.00    64.00   0.03 100.00

avg-cpu:  %user   %nice %system %iowait  %steal   %idle
           0.91    0.00    5.93    1.77    0.00   91.39

Device            r/s     w/s     rMB/s     wMB/s   rrqm/s   wrqm/s  %rrqm  %wrqm r_await w_await aqu-sz rareq-sz wareq-sz  svctm  %util
nvme1n1       22770.00 10322.00   1423.12    645.12     0.00     0.00   0.00   0.00    0.43    0.45   0.00    64.00    64.00   0.03 100.20
nvme0n1       1319.00    0.00     82.38      0.00     0.00     0.00   0.00   0.00    0.10    0.00   0.00    63.95     0.00   0.57  75.80
cas1-1        24088.00 10324.00   1505.50    645.25     0.00     0.00   0.00   0.00    0.43    0.47   0.00    64.00    64.00   0.03 100.00

avg-cpu:  %user   %nice %system %iowait  %steal   %idle
           0.85    0.00    5.96    1.92    0.00   91.26

Device            r/s     w/s     rMB/s     wMB/s   rrqm/s   wrqm/s  %rrqm  %wrqm r_await w_await aqu-sz rareq-sz wareq-sz  svctm  %util
nvme1n1       22718.00 10411.00   1419.88    650.69     0.00     0.00   0.00   0.00    0.44    0.46   0.00    64.00    64.00   0.03 100.00
nvme0n1       1456.00    0.00     91.00      0.00     0.00     0.00   0.00   0.00    0.10    0.00   0.00    64.00     0.00   0.54  78.50
cas1-1        24173.00 10412.00   1510.81    650.75     0.00     0.00   0.00   0.00    0.43    0.48   0.00    64.00    64.00   0.03 100.00

avg-cpu:  %user   %nice %system %iowait  %steal   %idle
           0.88    0.00    6.08    2.17    0.00   90.86

Device            r/s     w/s     rMB/s     wMB/s   rrqm/s   wrqm/s  %rrqm  %wrqm r_await w_await aqu-sz rareq-sz wareq-sz  svctm  %util
nvme1n1       23017.00 10384.00   1438.56    649.00     0.00     0.00   0.00   0.00    0.43    0.45   0.00    64.00    64.00   0.03 100.20
nvme0n1       1670.00    0.00    104.38      0.00     0.00     0.00   0.00   0.00    0.10    0.00   0.00    64.00     0.00   0.51  84.80
cas1-1        24688.00 10382.00   1543.00    648.88     0.00     0.00   0.00   0.00    0.42    0.47   0.00    64.00    64.00   0.03 100.00

avg-cpu:  %user   %nice %system %iowait  %steal   %idle
           0.88    0.00    5.90    1.70    0.00   91.51

Device            r/s     w/s     rMB/s     wMB/s   rrqm/s   wrqm/s  %rrqm  %wrqm r_await w_await aqu-sz rareq-sz wareq-sz  svctm  %util
nvme1n1       22765.00 10571.00   1422.81    660.69     0.00     0.00   0.00   0.00    0.43    0.45   0.00    64.00    64.00   0.03 100.00
nvme0n1       1860.00    0.00    116.25      0.00     0.00     0.00   0.00   0.00    0.10    0.00   0.00    64.00     0.00   0.46  86.30
cas1-1        24626.00 10573.00   1539.12    660.81     0.00     0.00   0.00   0.00    0.42    0.47   0.00    64.00    64.00   0.03 100.10

avg-cpu:  %user   %nice %system %iowait  %steal   %idle
           0.82    0.00    5.97    1.55    0.00   91.67

Device            r/s     w/s     rMB/s     wMB/s   rrqm/s   wrqm/s  %rrqm  %wrqm r_await w_await aqu-sz rareq-sz wareq-sz  svctm  %util
nvme1n1       22672.00 10656.00   1417.00    666.00     0.00     0.00   0.00   0.00    0.43    0.45   0.00    64.00    64.00   0.03 100.00
nvme0n1       1995.00    0.00    124.69      0.00     0.00     0.00   0.00   0.00    0.10    0.00   0.00    64.00     0.00   0.44  87.30
cas1-1        24669.00 10653.00   1541.81    665.81     0.00     0.00   0.00   0.00    0.42    0.47   0.00    64.00    64.00   0.03  99.90

avg-cpu:  %user   %nice %system %iowait  %steal   %idle
           0.95    0.00    5.87    1.92    0.00   91.26

Device            r/s     w/s     rMB/s     wMB/s   rrqm/s   wrqm/s  %rrqm  %wrqm r_await w_await aqu-sz rareq-sz wareq-sz  svctm  %util
nvme1n1       22749.00 10521.00   1421.81    657.56     0.00     0.00   0.00   0.00    0.44    0.46   0.00    64.00    64.00   0.03 100.00
nvme0n1       1953.00    0.00    122.06      0.00     0.00     0.00   0.00   0.00    0.10    0.00   0.00    64.00     0.00   0.44  86.90
cas1-1        24702.00 10522.00   1543.88    657.62     0.00     0.00   0.00   0.00    0.42    0.48   0.00    64.00    64.00   0.03 100.10

avg-cpu:  %user   %nice %system %iowait  %steal   %idle
           0.85    0.00    5.91    2.43    0.00   90.81

Device            r/s     w/s     rMB/s     wMB/s   rrqm/s   wrqm/s  %rrqm  %wrqm r_await w_await aqu-sz rareq-sz wareq-sz  svctm  %util
nvme1n1       22434.00 10612.00   1402.12    663.25     0.00     0.00   0.00   0.00    0.43    0.45   0.00    64.00    64.00   0.03 100.00
nvme0n1       2018.00    0.00    126.12      0.00     0.00     0.00   0.00   0.00    0.10    0.00   0.00    64.00     0.00   0.44  88.60
cas1-1        24452.00 10612.00   1528.25    663.25     0.00     0.00   0.00   0.00    0.42    0.47   0.00    64.00    64.00   0.03 100.00

avg-cpu:  %user   %nice %system %iowait  %steal   %idle
           0.92    0.00    6.09    1.96    0.00   91.04

Device            r/s     w/s     rMB/s     wMB/s   rrqm/s   wrqm/s  %rrqm  %wrqm r_await w_await aqu-sz rareq-sz wareq-sz  svctm  %util
nvme1n1       22717.00 10548.00   1419.81    659.25     0.00     0.00   0.00   0.00    0.43    0.44   0.00    64.00    64.00   0.03 100.00
nvme0n1       2131.00    0.00    133.19      0.00     0.00     0.00   0.00   0.00    0.10    0.00   0.00    64.00     0.00   0.43  91.00
cas1-1        24849.00 10549.00   1553.06    659.31     0.00     0.00   0.00   0.00    0.41    0.47   0.00    64.00    64.00   0.03 100.00

avg-cpu:  %user   %nice %system %iowait  %steal   %idle
           0.98    0.00    6.02    1.70    0.00   91.30

Device            r/s     w/s     rMB/s     wMB/s   rrqm/s   wrqm/s  %rrqm  %wrqm r_await w_await aqu-sz rareq-sz wareq-sz  svctm  %util
nvme1n1       22530.00 10630.00   1408.12    664.38     0.00     0.00   0.00   0.00    0.43    0.45   0.00    64.00    64.00   0.03 100.00
nvme0n1       2172.00    0.00    135.75      0.00     0.00     0.00   0.00   0.00    0.10    0.00   0.00    64.00     0.00   0.42  90.90
cas1-1        24702.00 10629.00   1543.88    664.31     0.00     0.00   0.00   0.00    0.41    0.47   0.00    64.00    64.00   0.03 100.00

avg-cpu:  %user   %nice %system %iowait  %steal   %idle
           0.94    0.00    6.17    2.39    0.00   90.49

Device            r/s     w/s     rMB/s     wMB/s   rrqm/s   wrqm/s  %rrqm  %wrqm r_await w_await aqu-sz rareq-sz wareq-sz  svctm  %util
nvme1n1       22350.00 10833.00   1396.88    677.06     0.00     0.00   0.00   0.00    0.43    0.45   0.00    64.00    64.00   0.03 100.00
nvme0n1       2577.00    0.00    161.06      0.00     0.00     0.00   0.00   0.00    0.10    0.00   0.00    64.00     0.00   0.37  94.60
cas1-1        24931.00 10831.00   1558.19    676.94     0.00     0.00   0.00   0.00    0.41    0.47   0.00    64.00    64.00   0.03 100.00

avg-cpu:  %user   %nice %system %iowait  %steal   %idle
           0.92    0.00    6.12    1.64    0.00   91.32

Device            r/s     w/s     rMB/s     wMB/s   rrqm/s   wrqm/s  %rrqm  %wrqm r_await w_await aqu-sz rareq-sz wareq-sz  svctm  %util
nvme1n1       22170.00 10957.00   1385.62    684.81     0.00     0.00   0.00   0.00    0.42    0.44   0.00    64.00    64.00   0.03 100.00
nvme0n1       3145.00    0.00    196.56      0.00     0.00     0.00   0.00   0.00    0.11    0.00   0.00    64.00     0.00   0.31  97.10
cas1-1        25305.00 10960.00   1581.56    685.00     0.00     0.00   0.00   0.00    0.40    0.46   0.00    64.00    64.00   0.03 100.00

avg-cpu:  %user   %nice %system %iowait  %steal   %idle
           0.88    0.00    6.12    1.67    0.00   91.33

Device            r/s     w/s     rMB/s     wMB/s   rrqm/s   wrqm/s  %rrqm  %wrqm r_await w_await aqu-sz rareq-sz wareq-sz  svctm  %util
nvme1n1       22217.00 10970.00   1388.56    685.62     0.00     0.00   0.00   0.00    0.43    0.45   0.00    64.00    64.00   0.03 100.00
nvme0n1       3156.00    0.00    197.25      0.00     0.00     0.00   0.00   0.00    0.10    0.00   0.00    64.00     0.00   0.31  97.50
cas1-1        25378.00 10969.00   1586.12    685.56     0.00     0.00   0.00   0.00    0.40    0.47   0.00    64.00    64.00   0.03 100.00

avg-cpu:  %user   %nice %system %iowait  %steal   %idle
           0.79    0.00    6.25    1.77    0.00   91.20

Device            r/s     w/s     rMB/s     wMB/s   rrqm/s   wrqm/s  %rrqm  %wrqm r_await w_await aqu-sz rareq-sz wareq-sz  svctm  %util
nvme1n1       22362.00 10809.00   1397.62    675.56     0.00     0.00   0.00   0.00    0.42    0.44   0.00    64.00    64.00   0.03 100.00
nvme0n1       3147.00    0.00    196.69      0.00     0.00     0.00   0.00   0.00    0.11    0.00   0.00    64.00     0.00   0.31  96.30
cas1-1        25505.00 10807.00   1594.06    675.44     0.00     0.00   0.00   0.00    0.40    0.46   0.00    64.00    64.00   0.03 100.00

avg-cpu:  %user   %nice %system %iowait  %steal   %idle
           0.82    0.00    6.21    2.21    0.00   90.76

Device            r/s     w/s     rMB/s     wMB/s   rrqm/s   wrqm/s  %rrqm  %wrqm r_await w_await aqu-sz rareq-sz wareq-sz  svctm  %util
nvme1n1       22163.00 10956.00   1385.19    684.75     0.00     0.00   0.00   0.00    0.42    0.44   0.00    64.00    64.00   0.03 100.30
nvme0n1       3275.00    0.00    204.69      0.00     0.00     0.00   0.00   0.00    0.11    0.00   0.00    64.00     0.00   0.30  97.00
cas1-1        25439.00 10958.00   1589.94    684.88     0.00     0.00   0.00   0.00    0.39    0.46   0.00    64.00    64.00   0.03 100.00

avg-cpu:  %user   %nice %system %iowait  %steal   %idle
           0.82    0.00    6.27    1.92    0.00   90.99

Device            r/s     w/s     rMB/s     wMB/s   rrqm/s   wrqm/s  %rrqm  %wrqm r_await w_await aqu-sz rareq-sz wareq-sz  svctm  %util
nvme1n1       22148.00 10995.00   1384.25    687.19     0.00     0.00   0.00   0.00    0.43    0.44   0.00    64.00    64.00   0.03 100.00
nvme0n1       3183.00    0.00    198.94      0.00     0.00     0.00   0.00   0.00    0.11    0.00   0.00    64.00     0.00   0.30  96.60
cas1-1        25332.00 10996.00   1583.25    687.25     0.00     0.00   0.00   0.00    0.40    0.46   0.00    64.00    64.00   0.03 100.00

avg-cpu:  %user   %nice %system %iowait  %steal   %idle
           0.92    0.00    5.93    1.70    0.00   91.45

Device            r/s     w/s     rMB/s     wMB/s   rrqm/s   wrqm/s  %rrqm  %wrqm r_await w_await aqu-sz rareq-sz wareq-sz  svctm  %util
nvme1n1       22171.00 10910.00   1385.69    681.88     0.00     0.00   0.00   0.00    0.43    0.44   0.00    64.00    64.00   0.03 100.00
nvme0n1       3091.00    0.00    193.19      0.00     0.00     0.00   0.00   0.00    0.11    0.00   0.00    64.00     0.00   0.31  96.20
cas1-1        25262.00 10909.00   1578.88    681.81     0.00     0.00   0.00   0.00    0.40    0.46   0.00    64.00    64.00   0.03 100.00

avg-cpu:  %user   %nice %system %iowait  %steal   %idle
           0.88    0.00    6.12    2.15    0.00   90.85

Device            r/s     w/s     rMB/s     wMB/s   rrqm/s   wrqm/s  %rrqm  %wrqm r_await w_await aqu-sz rareq-sz wareq-sz  svctm  %util
nvme1n1       22163.00 10937.00   1385.19    683.56     0.00     0.00   0.00   0.00    0.43    0.44   0.00    64.00    64.00   0.03 100.00
nvme0n1       3164.00    0.00    197.75      0.00     0.00     0.00   0.00   0.00    0.11    0.00   0.00    64.00     0.00   0.31  96.80
cas1-1        25327.00 10936.00   1582.94    683.50     0.00     0.00   0.00   0.00    0.40    0.46   0.00    64.00    64.00   0.03 100.00

avg-cpu:  %user   %nice %system %iowait  %steal   %idle
           0.91    0.00    6.09    2.43    0.00   90.57

Device            r/s     w/s     rMB/s     wMB/s   rrqm/s   wrqm/s  %rrqm  %wrqm r_await w_await aqu-sz rareq-sz wareq-sz  svctm  %util
nvme1n1       22171.00 10915.00   1385.75    682.19     0.00     0.00   0.00   0.00    0.42    0.44   0.00    64.00    64.00   0.03 100.00
nvme0n1       3466.00    0.00    216.62      0.00     0.00     0.00   0.00   0.00    0.11    0.00   0.00    64.00     0.00   0.28  98.00
cas1-1        25637.00 10916.00   1602.31    682.25     0.00     0.00   0.00   0.00    0.39    0.46   0.00    64.00    64.00   0.03 100.00

avg-cpu:  %user   %nice %system %iowait  %steal   %idle
           0.95    0.00    6.12    1.51    0.00   91.42

Device            r/s     w/s     rMB/s     wMB/s   rrqm/s   wrqm/s  %rrqm  %wrqm r_await w_await aqu-sz rareq-sz wareq-sz  svctm  %util
nvme1n1       22191.00 10952.00   1386.88    684.50     0.00     0.00   0.00   0.00    0.42    0.43   0.00    64.00    64.00   0.03 100.00
nvme0n1       3403.00    0.00    212.69      0.00     0.00     0.00   0.00   0.00    0.11    0.00   0.00    64.00     0.00   0.29  97.90
cas1-1        25596.00 10950.00   1599.75    684.38     0.00     0.00   0.00   0.00    0.39    0.45   0.00    64.00    64.00   0.03 100.00

avg-cpu:  %user   %nice %system %iowait  %steal   %idle
           0.85    0.00    5.91    2.56    0.00   90.68

Device            r/s     w/s     rMB/s     wMB/s   rrqm/s   wrqm/s  %rrqm  %wrqm r_await w_await aqu-sz rareq-sz wareq-sz  svctm  %util
nvme1n1       22313.00 10890.00   1394.56    680.62     0.00     0.00   0.00   0.00    0.43    0.45   0.00    64.00    64.00   0.03 100.00
nvme0n1       3458.00    0.00    216.12      0.00     0.00     0.00   0.00   0.00    0.10    0.00   0.00    64.00     0.00   0.28  97.10
cas1-1        25766.00 10894.00   1610.38    680.88     0.00     0.00   0.00   0.00    0.40    0.47   0.01    64.00    64.00   0.03 100.00

avg-cpu:  %user   %nice %system %iowait  %steal   %idle
           0.91    0.00    6.05    1.54    0.00   91.49

Device            r/s     w/s     rMB/s     wMB/s   rrqm/s   wrqm/s  %rrqm  %wrqm r_await w_await aqu-sz rareq-sz wareq-sz  svctm  %util
nvme1n1       22353.00 10809.00   1397.06    675.56     0.00     0.00   0.00   0.00    0.43    0.45   0.00    64.00    64.00   0.03 100.00
nvme0n1       3193.00    0.00    199.56      0.00     0.00     0.00   0.00   0.00    0.11    0.00   0.00    64.00     0.00   0.30  96.90
cas1-1        25548.00 10807.00   1596.75    675.44     0.00     0.00   0.00   0.00    0.40    0.47   0.00    64.00    64.00   0.03 100.00

avg-cpu:  %user   %nice %system %iowait  %steal   %idle
           0.98    0.00    5.99    1.51    0.00   91.52

Device            r/s     w/s     rMB/s     wMB/s   rrqm/s   wrqm/s  %rrqm  %wrqm r_await w_await aqu-sz rareq-sz wareq-sz  svctm  %util
nvme1n1       22104.00 11013.00   1381.50    688.31     0.00     0.00   0.00   0.00    0.43    0.45   0.00    64.00    64.00   0.03 100.00
nvme0n1       3277.00    0.00    204.81      0.00     0.00     0.00   0.00   0.00    0.10    0.00   0.00    64.00     0.00   0.30  97.00
cas1-1        25386.00 11011.00   1586.62    688.19     0.00     0.00   0.00   0.00    0.40    0.47   0.00    64.00    64.00   0.03 100.00

avg-cpu:  %user   %nice %system %iowait  %steal   %idle
           0.76    0.00    6.04    1.90    0.00   91.31

Device            r/s     w/s     rMB/s     wMB/s   rrqm/s   wrqm/s  %rrqm  %wrqm r_await w_await aqu-sz rareq-sz wareq-sz  svctm  %util
nvme1n1       22047.00 11040.00   1377.94    690.00     0.00     0.00   0.00   0.00    0.43    0.44   0.00    64.00    64.00   0.03 100.00
nvme0n1       3423.00    0.00    213.94      0.00     0.00     0.00   0.00   0.00    0.10    0.00   0.00    64.00     0.00   0.28  96.90
cas1-1        25464.00 11042.00   1591.50    690.12     0.00     0.00   0.00   0.00    0.39    0.46   0.00    64.00    64.00   0.03 100.00

avg-cpu:  %user   %nice %system %iowait  %steal   %idle
           0.88    0.00    6.18    2.08    0.00   90.85

Device            r/s     w/s     rMB/s     wMB/s   rrqm/s   wrqm/s  %rrqm  %wrqm r_await w_await aqu-sz rareq-sz wareq-sz  svctm  %util
nvme1n1       22018.00 11038.00   1376.12    689.88     0.00     0.00   0.00   0.00    0.42    0.43   0.00    64.00    64.00   0.03 100.00
nvme0n1       3519.00    0.00    219.94      0.00     0.00     0.00   0.00   0.00    0.11    0.00   0.00    64.00     0.00   0.28  98.10
cas1-1        25539.00 11041.00   1596.19    690.06     0.00     0.00   0.00   0.00    0.38    0.45   0.00    64.00    64.00   0.03 100.10

