Linux 5.4.1-050401-lowlatency (kanwu-Super-Server) 	09/10/2020 	_x86_64_	(32 CPU)

avg-cpu:  %user   %nice %system %iowait  %steal   %idle
           0.05    0.00    0.13    0.05    0.00   99.77

Device            r/s     w/s     rMB/s     wMB/s   rrqm/s   wrqm/s  %rrqm  %wrqm r_await w_await aqu-sz rareq-sz wareq-sz  svctm  %util
nvme1n1        629.21  144.60     39.32      8.84     0.00     0.00   0.00   0.00    0.29    0.37   0.00    64.00    62.59   0.03   2.22
nvme0n1        154.20   79.51      9.64      4.97     0.00     0.00   0.00   0.00    0.22    0.06   0.00    63.99    63.97   0.06   1.36
cas1-1          23.96    2.65      1.50      0.17     0.00     0.00   0.00   0.00    0.37    0.46   0.00    64.00    64.00   0.02   0.07

avg-cpu:  %user   %nice %system %iowait  %steal   %idle
           0.00    0.00    0.06    1.00    0.00   98.94

Device            r/s     w/s     rMB/s     wMB/s   rrqm/s   wrqm/s  %rrqm  %wrqm r_await w_await aqu-sz rareq-sz wareq-sz  svctm  %util
nvme1n1          0.00    0.00      0.00      0.00     0.00     0.00   0.00   0.00    0.00    0.00   0.00     0.00     0.00   0.00   0.00
nvme0n1          0.00    0.00      0.00      0.00     0.00     0.00   0.00   0.00    0.00    0.00   0.00     0.00     0.00   0.00   0.00
cas1-1           0.00    0.00      0.00      0.00     0.00     0.00   0.00   0.00    0.00    0.00   0.00     0.00     0.00   0.00   0.00

avg-cpu:  %user   %nice %system %iowait  %steal   %idle
           0.03    0.00    0.00    0.84    0.00   99.12

Device            r/s     w/s     rMB/s     wMB/s   rrqm/s   wrqm/s  %rrqm  %wrqm r_await w_await aqu-sz rareq-sz wareq-sz  svctm  %util
nvme1n1          0.00    0.00      0.00      0.00     0.00     0.00   0.00   0.00    0.00    0.00   0.00     0.00     0.00   0.00   0.00
nvme0n1          0.00    0.00      0.00      0.00     0.00     0.00   0.00   0.00    0.00    0.00   0.00     0.00     0.00   0.00   0.00
cas1-1           0.00    0.00      0.00      0.00     0.00     0.00   0.00   0.00    0.00    0.00   0.00     0.00     0.00   0.00   0.00

avg-cpu:  %user   %nice %system %iowait  %steal   %idle
           0.09    0.00    0.59    0.53    0.00   98.78

Device            r/s     w/s     rMB/s     wMB/s   rrqm/s   wrqm/s  %rrqm  %wrqm r_await w_await aqu-sz rareq-sz wareq-sz  svctm  %util
nvme1n1       1472.00  971.00     92.00      4.99     0.00     0.00   0.00   0.00    0.59    0.04   0.15    64.00     5.26   0.04   9.30
nvme0n1          0.00 1495.00      0.00     92.00     0.00     0.00   0.00   0.00    0.00    0.24   0.15     0.00    63.02   0.05   8.00
cas1-1           0.00    0.00      0.00      0.00     0.00     0.00   0.00   0.00    0.00    0.00   0.00     0.00     0.00   0.00   0.00

avg-cpu:  %user   %nice %system %iowait  %steal   %idle
           0.00    0.00    1.16    0.03    0.00   98.81

Device            r/s     w/s     rMB/s     wMB/s   rrqm/s   wrqm/s  %rrqm  %wrqm r_await w_await aqu-sz rareq-sz wareq-sz  svctm  %util
nvme1n1       9216.00 5978.00    576.00     31.37     0.00     0.00   0.00   0.00    0.68    0.12   2.20    64.00     5.37   0.04  54.50
nvme0n1          0.00 9360.00      0.00    576.00     0.00     0.00   0.00   0.00    0.00    0.47   0.30     0.00    63.02   0.05  48.00
cas1-1           0.00    0.00      0.00      0.00     0.00     0.00   0.00   0.00    0.00    0.00   0.00     0.00     0.00   0.00   0.00

avg-cpu:  %user   %nice %system %iowait  %steal   %idle
           0.47    0.00    0.69    0.91    0.00   97.93

Device            r/s     w/s     rMB/s     wMB/s   rrqm/s   wrqm/s  %rrqm  %wrqm r_await w_await aqu-sz rareq-sz wareq-sz  svctm  %util
nvme1n1       1635.00 2239.00    101.07    144.21     0.00     0.00   0.00   0.00    0.68    1.41   2.90    63.30    65.95   0.05  19.30
nvme0n1         44.00 1625.00      1.04    100.00     0.00     0.00   0.00   0.00    0.14    0.53   0.05    24.18    63.02   0.06  10.00
cas1-1        18446744073707749376.00 18446744073709352960.00 9007199254628447.00 9007199254728536.00     0.00     0.00   0.00   0.00    0.00    0.00 4294965.03     0.50     0.50   0.00 429491774.30

avg-cpu:  %user   %nice %system %iowait  %steal   %idle
           0.28    0.00    0.91    1.07    0.00   97.74

Device            r/s     w/s     rMB/s     wMB/s   rrqm/s   wrqm/s  %rrqm  %wrqm r_await w_await aqu-sz rareq-sz wareq-sz  svctm  %util
nvme1n1        220.00 2612.00     13.75    147.84     0.00     0.00   0.00   0.00    1.25    1.35   2.65    64.00    57.96   0.03   9.90
nvme0n1       2109.00    0.00    131.88      0.00     0.00     0.00   0.00   0.00    0.26    0.00   0.21    64.03     0.00   0.05   9.90
cas1-1        2338.00  268.00    146.12     16.75     0.00     0.00   0.00   0.00    0.41    2.72   1.02    64.00    64.00   0.04  10.00

avg-cpu:  %user   %nice %system %iowait  %steal   %idle
           1.45    0.00    6.35    0.00    0.00   92.19

Device            r/s     w/s     rMB/s     wMB/s   rrqm/s   wrqm/s  %rrqm  %wrqm r_await w_await aqu-sz rareq-sz wareq-sz  svctm  %util
nvme1n1       19433.00 14279.00   1214.56    737.69     0.00     0.00   0.00   0.00    0.52    0.66   2.66    64.00    52.90   0.03 100.10
nvme0n1       8530.00    0.00    533.06      0.00     0.00     0.00   0.00   0.00    0.13    0.00   0.00    63.99     0.00   0.12  99.30
cas1-1        27964.00 3080.00   1747.75    192.50     0.00     0.00   0.00   0.00    0.42    1.11   2.43    64.00    64.00   0.03 100.00

avg-cpu:  %user   %nice %system %iowait  %steal   %idle
           0.88    0.00    6.06    0.03    0.00   93.02

Device            r/s     w/s     rMB/s     wMB/s   rrqm/s   wrqm/s  %rrqm  %wrqm r_await w_await aqu-sz rareq-sz wareq-sz  svctm  %util
nvme1n1       30909.00 6655.00   1931.81    278.95     0.00     0.00   0.00   0.00    0.40    0.41   0.00    64.00    42.92   0.03 100.00
nvme0n1        796.00    0.00     49.75      0.00     0.00     0.00   0.00   0.00    0.12    0.00   0.00    64.00     0.00   0.65  51.70
cas1-1        31707.00 3521.00   1981.69    220.06     0.00     0.00   0.00   0.00    0.41    0.72   0.04    64.00    64.00   0.03 100.00

avg-cpu:  %user   %nice %system %iowait  %steal   %idle
           0.88    0.00    6.03    0.00    0.00   93.09

Device            r/s     w/s     rMB/s     wMB/s   rrqm/s   wrqm/s  %rrqm  %wrqm r_await w_await aqu-sz rareq-sz wareq-sz  svctm  %util
nvme1n1       32180.00 5239.00   2011.25    227.36     0.00     0.00   0.00   0.00    0.40    0.41   0.00    64.00    44.44   0.03 100.00
nvme0n1         65.00    0.00      4.06      0.00     0.00     0.00   0.00   0.00    0.14    0.00   0.00    64.00     0.00   1.17   7.60
cas1-1        32245.00 3466.00   2015.31    216.62     0.00     0.00   0.00   0.00    0.41    0.64   0.01    64.00    64.00   0.03 100.00

avg-cpu:  %user   %nice %system %iowait  %steal   %idle
           0.89    0.00    5.72    0.00    0.00   93.39

Device            r/s     w/s     rMB/s     wMB/s   rrqm/s   wrqm/s  %rrqm  %wrqm r_await w_await aqu-sz rareq-sz wareq-sz  svctm  %util
nvme1n1       32183.00 4947.00   2011.50    229.68     0.00     0.00   0.00   0.00    0.40    0.41   0.00    64.00    47.54   0.03 100.00
nvme0n1          4.00    0.00      0.25      0.00     0.00     0.00   0.00   0.00    2.00    0.00   0.01    64.00     0.00   1.75   0.70
cas1-1        32184.00 3587.00   2011.50    224.19     0.00     0.00   0.00   0.00    0.42    0.60   0.01    64.00    64.00   0.03 100.00

avg-cpu:  %user   %nice %system %iowait  %steal   %idle
           0.95    0.00    5.81    0.00    0.00   93.25

Device            r/s     w/s     rMB/s     wMB/s   rrqm/s   wrqm/s  %rrqm  %wrqm r_await w_await aqu-sz rareq-sz wareq-sz  svctm  %util
nvme1n1       32324.00 4604.00   2020.19    229.10     0.00     0.00   0.00   0.00    0.41    0.42   0.00    64.00    50.95   0.03 100.00
nvme0n1          1.00    0.00      0.06      0.00     0.00     0.00   0.00   0.00   14.00    0.00   0.01    64.00     0.00   2.00   0.20
cas1-1        32329.00 3601.00   2020.56    225.06     0.00     0.00   0.00   0.00    0.42    0.56   0.01    64.00    64.00   0.03 100.00

avg-cpu:  %user   %nice %system %iowait  %steal   %idle
           0.98    0.00    5.74    0.00    0.00   93.28

Device            r/s     w/s     rMB/s     wMB/s   rrqm/s   wrqm/s  %rrqm  %wrqm r_await w_await aqu-sz rareq-sz wareq-sz  svctm  %util
nvme1n1       32467.00 4298.00   2029.19    224.15     0.00     0.00   0.00   0.00    0.41    0.42   0.00    64.00    53.40   0.03 100.00
nvme0n1          0.00    0.00      0.00      0.00     0.00     0.00   0.00   0.00    0.00    0.00   0.00     0.00     0.00   0.00   0.00
cas1-1        32460.00 3541.00   2028.75    221.31     0.00     0.00   0.00   0.00    0.42    0.53   0.00    64.00    64.00   0.03 100.20

avg-cpu:  %user   %nice %system %iowait  %steal   %idle
           0.95    0.00    5.74    0.00    0.00   93.31

Device            r/s     w/s     rMB/s     wMB/s   rrqm/s   wrqm/s  %rrqm  %wrqm r_await w_await aqu-sz rareq-sz wareq-sz  svctm  %util
nvme1n1       32553.00 4126.00   2034.56    224.83     0.00     0.00   0.00   0.00    0.41    0.42   0.00    64.00    55.80   0.03 100.00
nvme0n1          0.00    0.00      0.00      0.00     0.00     0.00   0.00   0.00    0.00    0.00   0.00     0.00     0.00   0.00   0.00
cas1-1        32555.00 3560.00   2034.69    222.50     0.00     0.00   0.00   0.00    0.42    0.51   0.00    64.00    64.00   0.03 100.00

avg-cpu:  %user   %nice %system %iowait  %steal   %idle
           0.88    0.00    5.81    0.00    0.00   93.31

Device            r/s     w/s     rMB/s     wMB/s   rrqm/s   wrqm/s  %rrqm  %wrqm r_await w_await aqu-sz rareq-sz wareq-sz  svctm  %util
nvme1n1       32411.00 4087.00   2025.69    231.06     0.00     0.00   0.00   0.00    0.40    0.42   0.00    64.00    57.89   0.03 100.00
nvme0n1          0.00    0.00      0.00      0.00     0.00     0.00   0.00   0.00    0.00    0.00   0.00     0.00     0.00   0.00   0.00
cas1-1        32411.00 3671.00   2025.69    229.44     0.00     0.00   0.00   0.00    0.41    0.49   0.00    64.00    64.00   0.03 100.00

avg-cpu:  %user   %nice %system %iowait  %steal   %idle
           0.98    0.00    5.71    0.00    0.00   93.31

Device            r/s     w/s     rMB/s     wMB/s   rrqm/s   wrqm/s  %rrqm  %wrqm r_await w_await aqu-sz rareq-sz wareq-sz  svctm  %util
nvme1n1       32466.00 3954.00   2029.13    228.20     0.00     0.00   0.00   0.00    0.41    0.42   0.00    64.00    59.10   0.03 100.00
nvme0n1          0.00    0.00      0.00      0.00     0.00     0.00   0.00   0.00    0.00    0.00   0.00     0.00     0.00   0.00   0.00
cas1-1        32463.00 3633.00   2028.94    227.06     0.00     0.00   0.00   0.00    0.42    0.48   0.00    64.00    64.00   0.03 100.00

avg-cpu:  %user   %nice %system %iowait  %steal   %idle
           0.92    0.00    5.68    0.00    0.00   93.40

Device            r/s     w/s     rMB/s     wMB/s   rrqm/s   wrqm/s  %rrqm  %wrqm r_await w_await aqu-sz rareq-sz wareq-sz  svctm  %util
nvme1n1       32537.00 3858.00   2033.56    227.00     0.00     0.00   0.00   0.00    0.41    0.43   0.00    64.00    60.25   0.03 100.00
nvme0n1          0.00    0.00      0.00      0.00     0.00     0.00   0.00   0.00    0.00    0.00   0.00     0.00     0.00   0.00   0.00
cas1-1        32540.00 3617.00   2033.75    226.06     0.00     0.00   0.00   0.00    0.42    0.48   0.00    64.00    64.00   0.03 100.20

avg-cpu:  %user   %nice %system %iowait  %steal   %idle
           1.01    0.00    5.81    0.00    0.00   93.18

Device            r/s     w/s     rMB/s     wMB/s   rrqm/s   wrqm/s  %rrqm  %wrqm r_await w_await aqu-sz rareq-sz wareq-sz  svctm  %util
nvme1n1       32551.00 3757.00   2034.44    225.20     0.00     0.00   0.00   0.00    0.40    0.42   0.00    64.00    61.38   0.03 100.00
nvme0n1          0.00    0.00      0.00      0.00     0.00     0.00   0.00   0.00    0.00    0.00   0.00     0.00     0.00   0.00   0.00
cas1-1        32555.00 3591.00   2034.69    224.44     0.00     0.00   0.00   0.00    0.41    0.46   0.00    64.00    64.00   0.03 100.00

avg-cpu:  %user   %nice %system %iowait  %steal   %idle
           0.88    0.00    5.65    0.00    0.00   93.47

Device            r/s     w/s     rMB/s     wMB/s   rrqm/s   wrqm/s  %rrqm  %wrqm r_await w_await aqu-sz rareq-sz wareq-sz  svctm  %util
nvme1n1       32616.00 3647.00   2038.50    220.79     0.00     0.00   0.00   0.00    0.41    0.43   0.00    64.00    61.99   0.03 100.00
nvme0n1          0.00    0.00      0.00      0.00     0.00     0.00   0.00   0.00    0.00    0.00   0.00     0.00     0.00   0.00   0.00
cas1-1        32611.00 3525.00   2038.19    220.31     0.00     0.00   0.00   0.00    0.42    0.46   0.00    64.00    64.00   0.03 100.00

avg-cpu:  %user   %nice %system %iowait  %steal   %idle
           0.79    0.00    5.83    0.00    0.00   93.38

Device            r/s     w/s     rMB/s     wMB/s   rrqm/s   wrqm/s  %rrqm  %wrqm r_await w_await aqu-sz rareq-sz wareq-sz  svctm  %util
nvme1n1       32613.00 3647.00   2038.38    222.84     0.00     0.00   0.00   0.00    0.41    0.43   0.00    64.00    62.57   0.03 100.00
nvme0n1          0.00    0.00      0.00      0.00     0.00     0.00   0.00   0.00    0.00    0.00   0.00     0.00     0.00   0.00   0.00
cas1-1        32618.00 3560.00   2038.62    222.50     0.00     0.00   0.00   0.00    0.42    0.46   0.00    64.00    64.00   0.03 100.00

avg-cpu:  %user   %nice %system %iowait  %steal   %idle
           0.85    0.00    5.74    0.00    0.00   93.41

Device            r/s     w/s     rMB/s     wMB/s   rrqm/s   wrqm/s  %rrqm  %wrqm r_await w_await aqu-sz rareq-sz wareq-sz  svctm  %util
nvme1n1       32349.00 3741.00   2021.75    229.54     0.00     0.00   0.00   0.00    0.42    0.43   0.00    64.00    62.83   0.03 100.20
nvme0n1          0.00    0.00      0.00      0.00     0.00     0.00   0.00   0.00    0.00    0.00   0.00     0.00     0.00   0.00   0.00
cas1-1        32342.00 3669.00   2021.44    229.31     0.00     0.00   0.00   0.00    0.43    0.46   0.00    64.00    64.00   0.03 100.00

avg-cpu:  %user   %nice %system %iowait  %steal   %idle
           0.88    0.00    5.65    0.00    0.00   93.47

Device            r/s     w/s     rMB/s     wMB/s   rrqm/s   wrqm/s  %rrqm  %wrqm r_await w_await aqu-sz rareq-sz wareq-sz  svctm  %util
nvme1n1       32474.00 3657.00   2029.62    224.52     0.00     0.00   0.00   0.00    0.42    0.43   0.00    64.00    62.87   0.03 100.00
nvme0n1          0.00    0.00      0.00      0.00     0.00     0.00   0.00   0.00    0.00    0.00   0.00     0.00     0.00   0.00   0.00
cas1-1        32476.00 3588.00   2029.75    224.25     0.00     0.00   0.00   0.00    0.43    0.46   0.00    64.00    64.00   0.03 100.00

avg-cpu:  %user   %nice %system %iowait  %steal   %idle
           0.92    0.00    5.59    0.00    0.00   93.50

Device            r/s     w/s     rMB/s     wMB/s   rrqm/s   wrqm/s  %rrqm  %wrqm r_await w_await aqu-sz rareq-sz wareq-sz  svctm  %util
nvme1n1       32498.00 3621.00   2031.12    224.14     0.00     0.00   0.00   0.00    0.42    0.43   0.00    64.00    63.39   0.03 100.00
nvme0n1          0.00    0.00      0.00      0.00     0.00     0.00   0.00   0.00    0.00    0.00   0.00     0.00     0.00   0.00   0.00
cas1-1        32502.00 3584.00   2031.31    224.00     0.00     0.00   0.00   0.00    0.43    0.46   0.00    64.00    64.00   0.03 100.10

avg-cpu:  %user   %nice %system %iowait  %steal   %idle
           0.88    0.00    5.83    0.00    0.00   93.29

Device            r/s     w/s     rMB/s     wMB/s   rrqm/s   wrqm/s  %rrqm  %wrqm r_await w_await aqu-sz rareq-sz wareq-sz  svctm  %util
nvme1n1       32495.00 3683.00   2030.94    228.55     0.00     0.00   0.00   0.00    0.41    0.43   0.00    64.00    63.54   0.03 100.00
nvme0n1          0.00    0.00      0.00      0.00     0.00     0.00   0.00   0.00    0.00    0.00   0.00     0.00     0.00   0.00   0.00
cas1-1        32489.00 3657.00   2030.56    228.56     0.00     0.00   0.00   0.00    0.42    0.45   0.00    64.00    64.00   0.03 100.20

avg-cpu:  %user   %nice %system %iowait  %steal   %idle
           0.88    0.00    5.71    0.00    0.00   93.40

Device            r/s     w/s     rMB/s     wMB/s   rrqm/s   wrqm/s  %rrqm  %wrqm r_await w_await aqu-sz rareq-sz wareq-sz  svctm  %util
nvme1n1       32493.00 3705.00   2030.81    230.33     0.00     0.00   0.00   0.00    0.41    0.43   0.00    64.00    63.66   0.03 100.00
nvme0n1          0.00    0.00      0.00      0.00     0.00     0.00   0.00   0.00    0.00    0.00   0.00     0.00     0.00   0.00   0.00
cas1-1        32499.00 3681.00   2031.19    230.06     0.00     0.00   0.00   0.00    0.43    0.45   0.00    64.00    64.00   0.03 100.00

avg-cpu:  %user   %nice %system %iowait  %steal   %idle
           0.82    0.00    5.77    0.00    0.00   93.40

Device            r/s     w/s     rMB/s     wMB/s   rrqm/s   wrqm/s  %rrqm  %wrqm r_await w_await aqu-sz rareq-sz wareq-sz  svctm  %util
nvme1n1       32464.00 3643.00   2029.00    226.69     0.00     0.00   0.00   0.00    0.41    0.43   0.00    64.00    63.72   0.03 100.00
nvme0n1          0.00    0.00      0.00      0.00     0.00     0.00   0.00   0.00    0.00    0.00   0.00     0.00     0.00   0.00   0.00
cas1-1        32461.00 3629.00   2028.81    226.81     0.00     0.00   0.00   0.00    0.42    0.45   0.00    64.00    64.00   0.03 100.00

avg-cpu:  %user   %nice %system %iowait  %steal   %idle
           0.92    0.00    5.74    0.00    0.00   93.34

Device            r/s     w/s     rMB/s     wMB/s   rrqm/s   wrqm/s  %rrqm  %wrqm r_await w_await aqu-sz rareq-sz wareq-sz  svctm  %util
nvme1n1       32390.00 3687.00   2024.37    229.44     0.00     0.00   0.00   0.00    0.41    0.43   0.00    64.00    63.72   0.03 100.10
nvme0n1          0.00    0.00      0.00      0.00     0.00     0.00   0.00   0.00    0.00    0.00   0.00     0.00     0.00   0.00   0.00
cas1-1        32388.00 3669.00   2024.25    229.31     0.00     0.00   0.00   0.00    0.43    0.45   0.00    64.00    64.00   0.03 100.00

avg-cpu:  %user   %nice %system %iowait  %steal   %idle
           0.82    0.00    5.74    0.00    0.00   93.43

Device            r/s     w/s     rMB/s     wMB/s   rrqm/s   wrqm/s  %rrqm  %wrqm r_await w_await aqu-sz rareq-sz wareq-sz  svctm  %util
nvme1n1       32455.00 3688.00   2028.50    229.80     0.00     0.00   0.00   0.00    0.41    0.43   0.00    64.00    63.80   0.03 100.20
nvme0n1          0.00    0.00      0.00      0.00     0.00     0.00   0.00   0.00    0.00    0.00   0.00     0.00     0.00   0.00   0.00
cas1-1        32460.00 3674.00   2028.75    229.62     0.00     0.00   0.00   0.00    0.42    0.45   0.00    64.00    64.00   0.03 100.00

avg-cpu:  %user   %nice %system %iowait  %steal   %idle
           0.98    0.00    5.73    0.00    0.00   93.29

Device            r/s     w/s     rMB/s     wMB/s   rrqm/s   wrqm/s  %rrqm  %wrqm r_await w_await aqu-sz rareq-sz wareq-sz  svctm  %util
nvme1n1       32704.00 3570.00   2043.94    222.77     0.00     0.00   0.00   0.00    0.41    0.43   0.00    64.00    63.90   0.03 100.00
nvme0n1          0.00    0.00      0.00      0.00     0.00     0.00   0.00   0.00    0.00    0.00   0.00     0.00     0.00   0.00   0.00
cas1-1        32702.00 3564.00   2043.88    222.75     0.00     0.00   0.00   0.00    0.42    0.45   0.00    64.00    64.00   0.03 100.00

avg-cpu:  %user   %nice %system %iowait  %steal   %idle
           0.88    0.00    5.71    0.00    0.00   93.41

Device            r/s     w/s     rMB/s     wMB/s   rrqm/s   wrqm/s  %rrqm  %wrqm r_await w_await aqu-sz rareq-sz wareq-sz  svctm  %util
nvme1n1       32667.00 3581.00   2041.69    223.46     0.00     0.00   0.00   0.00    0.42    0.43   0.00    64.00    63.90   0.03 100.00
nvme0n1          0.00    0.00      0.00      0.00     0.00     0.00   0.00   0.00    0.00    0.00   0.00     0.00     0.00   0.00   0.00
cas1-1        32675.00 3575.00   2042.19    223.44     0.00     0.00   0.00   0.00    0.43    0.45   0.00    64.00    64.00   0.03 100.20

avg-cpu:  %user   %nice %system %iowait  %steal   %idle
           0.92    0.00    5.59    0.00    0.00   93.50

Device            r/s     w/s     rMB/s     wMB/s   rrqm/s   wrqm/s  %rrqm  %wrqm r_await w_await aqu-sz rareq-sz wareq-sz  svctm  %util
nvme1n1       32611.00 3608.00   2038.19    225.15     0.00     0.00   0.00   0.00    0.42    0.43   0.00    64.00    63.90   0.03 100.00
nvme0n1          0.00    0.00      0.00      0.00     0.00     0.00   0.00   0.00    0.00    0.00   0.00     0.00     0.00   0.00   0.00
cas1-1        32603.00 3604.00   2037.69    225.25     0.00     0.00   0.00   0.00    0.43    0.45   0.00    64.00    64.00   0.03 100.00

avg-cpu:  %user   %nice %system %iowait  %steal   %idle
           0.85    0.00    5.92    0.00    0.00   93.23

Device            r/s     w/s     rMB/s     wMB/s   rrqm/s   wrqm/s  %rrqm  %wrqm r_await w_await aqu-sz rareq-sz wareq-sz  svctm  %util
nvme1n1       32724.00 3563.00   2045.25    222.57     0.00     0.00   0.00   0.00    0.41    0.43   0.00    64.00    63.97   0.03 100.00
nvme0n1          0.00    0.00      0.00      0.00     0.00     0.00   0.00   0.00    0.00    0.00   0.00     0.00     0.00   0.00   0.00
cas1-1        32727.00 3559.00   2045.44    222.44     0.00     0.00   0.00   0.00    0.43    0.45   0.00    64.00    64.00   0.03 100.20

avg-cpu:  %user   %nice %system %iowait  %steal   %idle
           0.95    0.00    5.71    0.00    0.00   93.35

Device            r/s     w/s     rMB/s     wMB/s   rrqm/s   wrqm/s  %rrqm  %wrqm r_await w_await aqu-sz rareq-sz wareq-sz  svctm  %util
nvme1n1       32602.00 3599.00   2037.62    224.64     0.00     0.00   0.00   0.00    0.41    0.43   0.00    64.00    63.92   0.03 100.00
nvme0n1          0.00    0.00      0.00      0.00     0.00     0.00   0.00   0.00    0.00    0.00   0.00     0.00     0.00   0.00   0.00
cas1-1        32594.00 3595.00   2037.12    224.69     0.00     0.00   0.00   0.00    0.42    0.45   0.00    64.00    64.00   0.03 100.00

avg-cpu:  %user   %nice %system %iowait  %steal   %idle
           0.88    0.00    5.71    0.13    0.00   93.28

Device            r/s     w/s     rMB/s     wMB/s   rrqm/s   wrqm/s  %rrqm  %wrqm r_await w_await aqu-sz rareq-sz wareq-sz  svctm  %util
nvme1n1       32655.00 3612.00   2040.94    225.69     0.00     0.00   0.00   0.00    0.42    0.43   0.00    64.00    63.98   0.03 100.20
nvme0n1          0.00    0.00      0.00      0.00     0.00     0.00   0.00   0.00    0.00    0.00   0.00     0.00     0.00   0.00   0.00
cas1-1        32661.00 3611.00   2041.31    225.69     0.00     0.00   0.00   0.00    0.43    0.45   0.00    64.00    64.00   0.03 100.00

avg-cpu:  %user   %nice %system %iowait  %steal   %idle
           0.85    0.00    5.59    0.00    0.00   93.56

Device            r/s     w/s     rMB/s     wMB/s   rrqm/s   wrqm/s  %rrqm  %wrqm r_await w_await aqu-sz rareq-sz wareq-sz  svctm  %util
nvme1n1       32665.00 3596.00   2041.56    224.75     0.00     0.00   0.00   0.00    0.42    0.43   0.00    64.00    64.00   0.03 100.00
nvme0n1          0.00    0.00      0.00      0.00     0.00     0.00   0.00   0.00    0.00    0.00   0.00     0.00     0.00   0.00   0.00
cas1-1        32660.00 3596.00   2041.25    224.75     0.00     0.00   0.00   0.00    0.43    0.45   0.00    64.00    64.00   0.03 100.00

avg-cpu:  %user   %nice %system %iowait  %steal   %idle
           0.91    0.00    5.71    0.00    0.00   93.38

Device            r/s     w/s     rMB/s     wMB/s   rrqm/s   wrqm/s  %rrqm  %wrqm r_await w_await aqu-sz rareq-sz wareq-sz  svctm  %util
nvme1n1       32773.00 3511.00   2048.31    219.38     0.00     0.00   0.00   0.00    0.41    0.43   0.00    64.00    63.98   0.03 100.00
nvme0n1          0.00    0.00      0.00      0.00     0.00     0.00   0.00   0.00    0.00    0.00   0.00     0.00     0.00   0.00   0.00
cas1-1        32776.00 3510.00   2048.50    219.38     0.00     0.00   0.00   0.00    0.42    0.45   0.00    64.00    64.00   0.03 100.00

avg-cpu:  %user   %nice %system %iowait  %steal   %idle
           0.85    0.00    5.62    0.00    0.00   93.53

Device            r/s     w/s     rMB/s     wMB/s   rrqm/s   wrqm/s  %rrqm  %wrqm r_await w_await aqu-sz rareq-sz wareq-sz  svctm  %util
nvme1n1       32491.00 3678.00   2030.69    229.82     0.00     0.00   0.00   0.00    0.42    0.43   0.00    64.00    63.98   0.03 100.00
nvme0n1          0.00    0.00      0.00      0.00     0.00     0.00   0.00   0.00    0.00    0.00   0.00     0.00     0.00   0.00   0.00
cas1-1        32492.00 3678.00   2030.75    229.88     0.00     0.00   0.00   0.00    0.43    0.45   0.00    64.00    64.00   0.03 100.00

avg-cpu:  %user   %nice %system %iowait  %steal   %idle
           0.92    0.00    5.49    0.00    0.00   93.59

Device            r/s     w/s     rMB/s     wMB/s   rrqm/s   wrqm/s  %rrqm  %wrqm r_await w_await aqu-sz rareq-sz wareq-sz  svctm  %util
nvme1n1       32664.00 3598.00   2041.50    224.87     0.00     0.00   0.00   0.00    0.42    0.43   0.00    64.00    64.00   0.03 100.00
nvme0n1          0.00    0.00      0.00      0.00     0.00     0.00   0.00   0.00    0.00    0.00   0.00     0.00     0.00   0.00   0.00
cas1-1        32665.00 3597.00   2041.63    224.81     0.00     0.00   0.00   0.00    0.43    0.45   0.00    64.00    64.00   0.03 100.00

avg-cpu:  %user   %nice %system %iowait  %steal   %idle
           0.85    0.00    5.56    0.00    0.00   93.59

Device            r/s     w/s     rMB/s     wMB/s   rrqm/s   wrqm/s  %rrqm  %wrqm r_await w_await aqu-sz rareq-sz wareq-sz  svctm  %util
nvme1n1       32485.00 3668.00   2030.31    229.19     0.00     0.00   0.00   0.00    0.42    0.43   0.00    64.00    63.98   0.03 100.00
nvme0n1          0.00    0.00      0.00      0.00     0.00     0.00   0.00   0.00    0.00    0.00   0.00     0.00     0.00   0.00   0.00
cas1-1        32485.00 3667.00   2030.25    229.19     0.00     0.00   0.00   0.00    0.43    0.45   0.00    64.00    64.00   0.03 100.10

avg-cpu:  %user   %nice %system %iowait  %steal   %idle
           0.98    0.00    5.68    0.00    0.00   93.35

Device            r/s     w/s     rMB/s     wMB/s   rrqm/s   wrqm/s  %rrqm  %wrqm r_await w_await aqu-sz rareq-sz wareq-sz  svctm  %util
nvme1n1       32608.00 3596.00   2038.00    224.75     0.00     0.00   0.00   0.00    0.41    0.43   0.00    64.00    64.00   0.03 100.00
nvme0n1          0.00    0.00      0.00      0.00     0.00     0.00   0.00   0.00    0.00    0.00   0.00     0.00     0.00   0.00   0.00
cas1-1        32602.00 3597.00   2037.62    224.81     0.00     0.00   0.00   0.00    0.42    0.45   0.00    64.00    64.00   0.03  99.90

avg-cpu:  %user   %nice %system %iowait  %steal   %idle
           0.88    0.00    5.59    0.00    0.00   93.53

Device            r/s     w/s     rMB/s     wMB/s   rrqm/s   wrqm/s  %rrqm  %wrqm r_await w_await aqu-sz rareq-sz wareq-sz  svctm  %util
nvme1n1       32418.00 3713.00   2026.12    232.06     0.00     0.00   0.00   0.00    0.42    0.43   0.00    64.00    64.00   0.03 100.00
nvme0n1          0.00    0.00      0.00      0.00     0.00     0.00   0.00   0.00    0.00    0.00   0.00     0.00     0.00   0.00   0.00
cas1-1        32424.00 3711.00   2026.50    231.94     0.00     0.00   0.00   0.00    0.43    0.45   0.00    64.00    64.00   0.03 100.10

avg-cpu:  %user   %nice %system %iowait  %steal   %idle
           0.95    0.00    5.68    0.00    0.00   93.38

Device            r/s     w/s     rMB/s     wMB/s   rrqm/s   wrqm/s  %rrqm  %wrqm r_await w_await aqu-sz rareq-sz wareq-sz  svctm  %util
nvme1n1       32417.00 3673.00   2026.06    229.50     0.00     0.00   0.00   0.00    0.42    0.43   0.00    64.00    63.98   0.03 100.00
nvme0n1          0.00    0.00      0.00      0.00     0.00     0.00   0.00   0.00    0.00    0.00   0.00     0.00     0.00   0.00   0.00
cas1-1        32418.00 3673.00   2026.12    229.56     0.00     0.00   0.00   0.00    0.43    0.45   0.00    64.00    64.00   0.03 100.00

avg-cpu:  %user   %nice %system %iowait  %steal   %idle
           0.85    0.00    5.68    0.00    0.00   93.47

Device            r/s     w/s     rMB/s     wMB/s   rrqm/s   wrqm/s  %rrqm  %wrqm r_await w_await aqu-sz rareq-sz wareq-sz  svctm  %util
nvme1n1       32605.00 3644.00   2037.81    227.75     0.00     0.00   0.00   0.00    0.41    0.43   0.00    64.00    64.00   0.03 100.20
nvme0n1          0.00    0.00      0.00      0.00     0.00     0.00   0.00   0.00    0.00    0.00   0.00     0.00     0.00   0.00   0.00
cas1-1        32600.00 3644.00   2037.50    227.75     0.00     0.00   0.00   0.00    0.42    0.45   0.00    64.00    64.00   0.03  99.90

avg-cpu:  %user   %nice %system %iowait  %steal   %idle
           0.85    0.00    5.50    0.00    0.00   93.65

Device            r/s     w/s     rMB/s     wMB/s   rrqm/s   wrqm/s  %rrqm  %wrqm r_await w_await aqu-sz rareq-sz wareq-sz  svctm  %util
nvme1n1       32574.00 3640.00   2035.88    227.50     0.00     0.00   0.00   0.00    0.41    0.43   0.00    64.00    64.00   0.03 100.00
nvme0n1          0.00    0.00      0.00      0.00     0.00     0.00   0.00   0.00    0.00    0.00   0.00     0.00     0.00   0.00   0.00
cas1-1        32577.00 3639.00   2036.06    227.44     0.00     0.00   0.00   0.00    0.42    0.45   0.00    64.00    64.00   0.03 100.10

avg-cpu:  %user   %nice %system %iowait  %steal   %idle
           0.95    0.00    5.52    0.00    0.00   93.53

Device            r/s     w/s     rMB/s     wMB/s   rrqm/s   wrqm/s  %rrqm  %wrqm r_await w_await aqu-sz rareq-sz wareq-sz  svctm  %util
nvme1n1       32675.00 3577.00   2042.19    223.56     0.00     0.00   0.00   0.00    0.42    0.43   0.00    64.00    64.00   0.03 100.00
nvme0n1          0.00    0.00      0.00      0.00     0.00     0.00   0.00   0.00    0.00    0.00   0.00     0.00     0.00   0.00   0.00
cas1-1        32675.00 3577.00   2042.19    223.56     0.00     0.00   0.00   0.00    0.43    0.45   0.00    64.00    64.00   0.03 100.00

avg-cpu:  %user   %nice %system %iowait  %steal   %idle
           0.88    0.00    5.65    0.00    0.00   93.47

Device            r/s     w/s     rMB/s     wMB/s   rrqm/s   wrqm/s  %rrqm  %wrqm r_await w_await aqu-sz rareq-sz wareq-sz  svctm  %util
nvme1n1       32733.00 3567.00   2045.81    222.94     0.00     0.00   0.00   0.00    0.42    0.43   0.00    64.00    64.00   0.03 100.00
nvme0n1          0.00    0.00      0.00      0.00     0.00     0.00   0.00   0.00    0.00    0.00   0.00     0.00     0.00   0.00   0.00
cas1-1        32732.00 3567.00   2045.75    222.94     0.00     0.00   0.00   0.00    0.43    0.45   0.00    64.00    64.00   0.03 100.00

avg-cpu:  %user   %nice %system %iowait  %steal   %idle
           0.82    0.00    5.77    0.00    0.00   93.41

Device            r/s     w/s     rMB/s     wMB/s   rrqm/s   wrqm/s  %rrqm  %wrqm r_await w_await aqu-sz rareq-sz wareq-sz  svctm  %util
nvme1n1       32537.00 3592.00   2033.56    224.50     0.00     0.00   0.00   0.00    0.42    0.43   0.00    64.00    64.00   0.03 100.10
nvme0n1          0.00    0.00      0.00      0.00     0.00     0.00   0.00   0.00    0.00    0.00   0.00     0.00     0.00   0.00   0.00
cas1-1        32535.00 3595.00   2033.44    224.69     0.00     0.00   0.00   0.00    0.43    0.45   0.00    64.00    64.00   0.03 100.00

avg-cpu:  %user   %nice %system %iowait  %steal   %idle
           0.85    0.00    5.59    0.00    0.00   93.56

Device            r/s     w/s     rMB/s     wMB/s   rrqm/s   wrqm/s  %rrqm  %wrqm r_await w_await aqu-sz rareq-sz wareq-sz  svctm  %util
nvme1n1       32591.00 3652.00   2036.94    228.25     0.00     0.00   0.00   0.00    0.42    0.43   0.00    64.00    64.00   0.03 100.00
nvme0n1          0.00    0.00      0.00      0.00     0.00     0.00   0.00   0.00    0.00    0.00   0.00     0.00     0.00   0.00   0.00
cas1-1        32595.00 3651.00   2037.19    228.19     0.00     0.00   0.00   0.00    0.43    0.45   0.00    64.00    64.00   0.03 100.00

avg-cpu:  %user   %nice %system %iowait  %steal   %idle
           0.88    0.00    5.71    0.00    0.00   93.40

Device            r/s     w/s     rMB/s     wMB/s   rrqm/s   wrqm/s  %rrqm  %wrqm r_await w_await aqu-sz rareq-sz wareq-sz  svctm  %util
nvme1n1       32584.00 3559.00   2036.50    222.44     0.00     0.00   0.00   0.00    0.41    0.43   0.00    64.00    64.00   0.03 100.00
nvme0n1          0.00    0.00      0.00      0.00     0.00     0.00   0.00   0.00    0.00    0.00   0.00     0.00     0.00   0.00   0.00
cas1-1        32583.00 3557.00   2036.44    222.31     0.00     0.00   0.00   0.00    0.43    0.45   0.00    64.00    64.00   0.03 100.00

avg-cpu:  %user   %nice %system %iowait  %steal   %idle
           0.88    0.00    5.74    0.00    0.00   93.38

Device            r/s     w/s     rMB/s     wMB/s   rrqm/s   wrqm/s  %rrqm  %wrqm r_await w_await aqu-sz rareq-sz wareq-sz  svctm  %util
nvme1n1       32587.00 3545.00   2036.69    221.56     0.00     0.00   0.00   0.00    0.42    0.43   0.00    64.00    64.00   0.03 100.00
nvme0n1          0.00    0.00      0.00      0.00     0.00     0.00   0.00   0.00    0.00    0.00   0.00     0.00     0.00   0.00   0.00
cas1-1        32589.00 3545.00   2036.81    221.56     0.00     0.00   0.00   0.00    0.43    0.45   0.00    64.00    64.00   0.03 100.00

avg-cpu:  %user   %nice %system %iowait  %steal   %idle
           0.91    0.00    5.68    0.00    0.00   93.41

Device            r/s     w/s     rMB/s     wMB/s   rrqm/s   wrqm/s  %rrqm  %wrqm r_await w_await aqu-sz rareq-sz wareq-sz  svctm  %util
nvme1n1       32407.00 3556.00   2025.44    222.25     0.00     0.00   0.00   0.00    0.42    0.43   0.00    64.00    64.00   0.03 100.00
nvme0n1          0.00    0.00      0.00      0.00     0.00     0.00   0.00   0.00    0.00    0.00   0.00     0.00     0.00   0.00   0.00
cas1-1        32404.00 3556.00   2025.25    222.25     0.00     0.00   0.00   0.00    0.43    0.45   0.00    64.00    64.00   0.03 100.00

avg-cpu:  %user   %nice %system %iowait  %steal   %idle
           0.82    0.00    5.74    0.00    0.00   93.44

Device            r/s     w/s     rMB/s     wMB/s   rrqm/s   wrqm/s  %rrqm  %wrqm r_await w_await aqu-sz rareq-sz wareq-sz  svctm  %util
nvme1n1       32679.00 3508.00   2042.44    219.25     0.00     0.00   0.00   0.00    0.42    0.43   0.00    64.00    64.00   0.03 100.00
nvme0n1          0.00    0.00      0.00      0.00     0.00     0.00   0.00   0.00    0.00    0.00   0.00     0.00     0.00   0.00   0.00
cas1-1        32680.00 3510.00   2042.50    219.38     0.00     0.00   0.00   0.00    0.43    0.45   0.00    64.00    64.00   0.03 100.00

avg-cpu:  %user   %nice %system %iowait  %steal   %idle
           0.91    0.00    5.70    0.00    0.00   93.38

Device            r/s     w/s     rMB/s     wMB/s   rrqm/s   wrqm/s  %rrqm  %wrqm r_await w_await aqu-sz rareq-sz wareq-sz  svctm  %util
nvme1n1       32406.00 3700.00   2025.38    231.25     0.00     0.00   0.00   0.00    0.42    0.43   0.00    64.00    64.00   0.03 100.20
nvme0n1          0.00    0.00      0.00      0.00     0.00     0.00   0.00   0.00    0.00    0.00   0.00     0.00     0.00   0.00   0.00
cas1-1        32407.00 3699.00   2025.44    231.19     0.00     0.00   0.00   0.00    0.43    0.45   0.00    64.00    64.00   0.03 100.00

avg-cpu:  %user   %nice %system %iowait  %steal   %idle
           0.88    0.00    5.67    0.00    0.00   93.44

Device            r/s     w/s     rMB/s     wMB/s   rrqm/s   wrqm/s  %rrqm  %wrqm r_await w_await aqu-sz rareq-sz wareq-sz  svctm  %util
nvme1n1       32294.00 3663.00   2018.38    228.94     0.00     0.00   0.00   0.00    0.42    0.44   0.00    64.00    64.00   0.03 100.00
nvme0n1          0.00    0.00      0.00      0.00     0.00     0.00   0.00   0.00    0.00    0.00   0.00     0.00     0.00   0.00   0.00
cas1-1        32296.00 3663.00   2018.50    228.94     0.00     0.00   0.00   0.00    0.43    0.46   0.00    64.00    64.00   0.03 100.00

avg-cpu:  %user   %nice %system %iowait  %steal   %idle
           0.88    0.00    5.70    0.00    0.00   93.41

Device            r/s     w/s     rMB/s     wMB/s   rrqm/s   wrqm/s  %rrqm  %wrqm r_await w_await aqu-sz rareq-sz wareq-sz  svctm  %util
nvme1n1       32429.00 3529.00   2026.81    220.56     0.00     0.00   0.00   0.00    0.42    0.43   0.00    64.00    64.00   0.03 100.00
nvme0n1          0.00    0.00      0.00      0.00     0.00     0.00   0.00   0.00    0.00    0.00   0.00     0.00     0.00   0.00   0.00
cas1-1        32425.00 3529.00   2026.56    220.56     0.00     0.00   0.00   0.00    0.43    0.45   0.00    64.00    64.00   0.03 100.00

avg-cpu:  %user   %nice %system %iowait  %steal   %idle
           0.92    0.00    5.62    0.00    0.00   93.47

Device            r/s     w/s     rMB/s     wMB/s   rrqm/s   wrqm/s  %rrqm  %wrqm r_await w_await aqu-sz rareq-sz wareq-sz  svctm  %util
nvme1n1       32441.00 3716.00   2027.56    232.25     0.00     0.00   0.00   0.00    0.42    0.43   0.00    64.00    64.00   0.03 100.00
nvme0n1          0.00    0.00      0.00      0.00     0.00     0.00   0.00   0.00    0.00    0.00   0.00     0.00     0.00   0.00   0.00
cas1-1        32440.00 3715.00   2027.50    232.19     0.00     0.00   0.00   0.00    0.43    0.45   0.00    64.00    64.00   0.03 100.00

avg-cpu:  %user   %nice %system %iowait  %steal   %idle
           0.85    0.00    5.65    0.00    0.00   93.50

Device            r/s     w/s     rMB/s     wMB/s   rrqm/s   wrqm/s  %rrqm  %wrqm r_await w_await aqu-sz rareq-sz wareq-sz  svctm  %util
nvme1n1       32087.00 3687.00   2005.44    230.44     0.00     0.00   0.00   0.00    0.42    0.44   0.00    64.00    64.00   0.03 100.00
nvme0n1          0.00    0.00      0.00      0.00     0.00     0.00   0.00   0.00    0.00    0.00   0.00     0.00     0.00   0.00   0.00
cas1-1        32087.00 3688.00   2005.44    230.50     0.00     0.00   0.00   0.00    0.43    0.46   0.00    64.00    64.00   0.03 100.00

avg-cpu:  %user   %nice %system %iowait  %steal   %idle
           0.82    0.00    5.71    0.00    0.00   93.47

Device            r/s     w/s     rMB/s     wMB/s   rrqm/s   wrqm/s  %rrqm  %wrqm r_await w_await aqu-sz rareq-sz wareq-sz  svctm  %util
nvme1n1       32381.00 3653.00   2023.81    228.31     0.00     0.00   0.00   0.00    0.42    0.43   0.00    64.00    64.00   0.03 100.00
nvme0n1          0.00    0.00      0.00      0.00     0.00     0.00   0.00   0.00    0.00    0.00   0.00     0.00     0.00   0.00   0.00
cas1-1        32383.00 3654.00   2023.94    228.38     0.00     0.00   0.00   0.00    0.43    0.45   0.00    64.00    64.00   0.03 100.10

avg-cpu:  %user   %nice %system %iowait  %steal   %idle
           0.91    0.00    5.46    0.00    0.00   93.63

Device            r/s     w/s     rMB/s     wMB/s   rrqm/s   wrqm/s  %rrqm  %wrqm r_await w_await aqu-sz rareq-sz wareq-sz  svctm  %util
nvme1n1       32646.00 3621.00   2040.37    226.31     0.00     0.00   0.00   0.00    0.42    0.43   0.00    64.00    64.00   0.03 100.00
nvme0n1          0.00    0.00      0.00      0.00     0.00     0.00   0.00   0.00    0.00    0.00   0.00     0.00     0.00   0.00   0.00
cas1-1        32649.00 3619.00   2040.56    226.19     0.00     0.00   0.00   0.00    0.43    0.45   0.00    64.00    64.00   0.03 100.00

avg-cpu:  %user   %nice %system %iowait  %steal   %idle
           0.88    0.00    5.71    0.00    0.00   93.41

Device            r/s     w/s     rMB/s     wMB/s   rrqm/s   wrqm/s  %rrqm  %wrqm r_await w_await aqu-sz rareq-sz wareq-sz  svctm  %util
nvme1n1       32507.00 3656.00   2031.69    228.50     0.00     0.00   0.00   0.00    0.41    0.43   0.00    64.00    64.00   0.03 100.00
nvme0n1          0.00    0.00      0.00      0.00     0.00     0.00   0.00   0.00    0.00    0.00   0.00     0.00     0.00   0.00   0.00
cas1-1        32506.00 3656.00   2031.62    228.50     0.00     0.00   0.00   0.00    0.42    0.45   0.00    64.00    64.00   0.03 100.00

avg-cpu:  %user   %nice %system %iowait  %steal   %idle
           0.98    0.00    5.61    0.00    0.00   93.41

Device            r/s     w/s     rMB/s     wMB/s   rrqm/s   wrqm/s  %rrqm  %wrqm r_await w_await aqu-sz rareq-sz wareq-sz  svctm  %util
nvme1n1       32710.00 3512.00   2044.38    219.50     0.00     0.00   0.00   0.00    0.41    0.43   0.00    64.00    64.00   0.03 100.00
nvme0n1          0.00    0.00      0.00      0.00     0.00     0.00   0.00   0.00    0.00    0.00   0.00     0.00     0.00   0.00   0.00
cas1-1        32706.00 3513.00   2044.12    219.56     0.00     0.00   0.00   0.00    0.42    0.45   0.00    64.00    64.00   0.03  99.90

avg-cpu:  %user   %nice %system %iowait  %steal   %idle
           0.88    0.00    5.95    0.00    0.00   93.17

Device            r/s     w/s     rMB/s     wMB/s   rrqm/s   wrqm/s  %rrqm  %wrqm r_await w_await aqu-sz rareq-sz wareq-sz  svctm  %util
nvme1n1       32590.00 3643.00   2036.87    227.69     0.00     0.00   0.00   0.00    0.41    0.43   0.00    64.00    64.00   0.03 100.00
nvme0n1          0.00    0.00      0.00      0.00     0.00     0.00   0.00   0.00    0.00    0.00   0.00     0.00     0.00   0.00   0.00
cas1-1        32593.00 3642.00   2037.06    227.62     0.00     0.00   0.00   0.00    0.42    0.45   0.00    64.00    64.00   0.03 100.10

