Linux 5.4.1-050401-lowlatency (kanwu-Super-Server) 	09/10/2020 	_x86_64_	(32 CPU)

avg-cpu:  %user   %nice %system %iowait  %steal   %idle
           0.05    0.00    0.12    0.05    0.00   99.78

Device            r/s     w/s     rMB/s     wMB/s   rrqm/s   wrqm/s  %rrqm  %wrqm r_await w_await aqu-sz rareq-sz wareq-sz  svctm  %util
nvme1n1        585.63  139.90     36.60      8.55     0.00     0.00   0.00   0.00    0.28    0.37   0.00    64.00    62.60   0.03   2.08
nvme0n1        151.06   76.96      9.44      4.81     0.00     0.00   0.00   0.00    0.22    0.07   0.00    63.99    63.97   0.05   1.23
cas1-1          23.99    2.66      1.50      0.17     0.00     0.00   0.00   0.00    0.27    0.16   0.00    64.00    64.00   0.02   0.04

avg-cpu:  %user   %nice %system %iowait  %steal   %idle
           0.03    0.00    0.06    0.88    0.00   99.03

Device            r/s     w/s     rMB/s     wMB/s   rrqm/s   wrqm/s  %rrqm  %wrqm r_await w_await aqu-sz rareq-sz wareq-sz  svctm  %util
nvme1n1          0.00    0.00      0.00      0.00     0.00     0.00   0.00   0.00    0.00    0.00   0.00     0.00     0.00   0.00   0.00
nvme0n1          0.00    0.00      0.00      0.00     0.00     0.00   0.00   0.00    0.00    0.00   0.00     0.00     0.00   0.00   0.00
cas1-1           0.00    0.00      0.00      0.00     0.00     0.00   0.00   0.00    0.00    0.00   0.00     0.00     0.00   0.00   0.00

avg-cpu:  %user   %nice %system %iowait  %steal   %idle
           0.00    0.00    0.03    0.66    0.00   99.31

Device            r/s     w/s     rMB/s     wMB/s   rrqm/s   wrqm/s  %rrqm  %wrqm r_await w_await aqu-sz rareq-sz wareq-sz  svctm  %util
nvme1n1          0.00    0.00      0.00      0.00     0.00     0.00   0.00   0.00    0.00    0.00   0.00     0.00     0.00   0.00   0.00
nvme0n1          0.00    0.00      0.00      0.00     0.00     0.00   0.00   0.00    0.00    0.00   0.00     0.00     0.00   0.00   0.00
cas1-1           0.00    0.00      0.00      0.00     0.00     0.00   0.00   0.00    0.00    0.00   0.00     0.00     0.00   0.00   0.00

avg-cpu:  %user   %nice %system %iowait  %steal   %idle
           0.09    0.00    0.31    0.44    0.00   99.16

Device            r/s     w/s     rMB/s     wMB/s   rrqm/s   wrqm/s  %rrqm  %wrqm r_await w_await aqu-sz rareq-sz wareq-sz  svctm  %util
nvme1n1          0.00    0.00      0.00      0.00     0.00     0.00   0.00   0.00    0.00    0.00   0.00     0.00     0.00   0.00   0.00
nvme0n1          0.00    0.00      0.00      0.00     0.00     0.00   0.00   0.00    0.00    0.00   0.00     0.00     0.00   0.00   0.00
cas1-1           0.00    0.00      0.00      0.00     0.00     0.00   0.00   0.00    0.00    0.00   0.00     0.00     0.00   0.00   0.00

avg-cpu:  %user   %nice %system %iowait  %steal   %idle
           0.09    0.00    0.50    1.56    0.00   97.84

Device            r/s     w/s     rMB/s     wMB/s   rrqm/s   wrqm/s  %rrqm  %wrqm r_await w_await aqu-sz rareq-sz wareq-sz  svctm  %util
nvme1n1         35.00 1172.00      1.07    138.76     0.00     0.00   0.00   0.00    0.03    0.59   0.10    31.44   121.24   0.08  10.20
nvme0n1         44.00    0.00      1.04      0.00     0.00     0.00   0.00   0.00    0.14    0.00   0.00    24.18     0.00   0.34   1.50
cas1-1        18446744073707749376.00 18446744073709350912.00 9007199254628477.00 9007199254728506.00     0.00     0.00   0.00   0.00    0.00    0.00 4294958.00     0.50     0.50   0.00 429493382.50

avg-cpu:  %user   %nice %system %iowait  %steal   %idle
           0.56    0.00    0.16    1.00    0.00   98.28

Device            r/s     w/s     rMB/s     wMB/s   rrqm/s   wrqm/s  %rrqm  %wrqm r_await w_await aqu-sz rareq-sz wareq-sz  svctm  %util
nvme1n1          0.00    0.00      0.00      0.00     0.00     0.00   0.00   0.00    0.00    0.00   0.00     0.00     0.00   0.00   0.00
nvme0n1          0.00    0.00      0.00      0.00     0.00     0.00   0.00   0.00    0.00    0.00   0.00     0.00     0.00   0.00   0.00
cas1-1           0.00    0.00      0.00      0.00     0.00     0.00   0.00   0.00    0.00    0.00   0.00     0.00     0.00   0.00   0.00

avg-cpu:  %user   %nice %system %iowait  %steal   %idle
           0.66    0.00    4.33    0.47    0.00   94.54

Device            r/s     w/s     rMB/s     wMB/s   rrqm/s   wrqm/s  %rrqm  %wrqm r_await w_await aqu-sz rareq-sz wareq-sz  svctm  %util
nvme1n1       9744.00 10429.00    609.00    651.81     0.00     0.00   0.00   0.00    0.68    0.74   2.90    64.00    64.00   0.03  67.50
nvme0n1       9764.00 2142.00    610.31    133.88     0.00     0.00   0.00   0.00    0.21    0.06   0.34    64.01    64.00   0.06  67.60
cas1-1        19513.00 2142.00   1219.56    133.88     0.00     0.00   0.00   0.00    0.50    0.32   1.75    64.00    64.00   0.03  67.70

avg-cpu:  %user   %nice %system %iowait  %steal   %idle
           1.48    0.00    5.10    0.00    0.00   93.42

Device            r/s     w/s     rMB/s     wMB/s   rrqm/s   wrqm/s  %rrqm  %wrqm r_await w_await aqu-sz rareq-sz wareq-sz  svctm  %util
nvme1n1       31117.00 4541.00   1944.81    283.81     0.00     0.00   0.00   0.00    0.44    0.47   0.00    64.00    64.00   0.03 100.00
nvme0n1       2353.00 3667.00    147.00    229.19     0.00     0.00   0.00   0.00    0.14    0.03   0.01    63.97    64.00   0.17  99.40
cas1-1        33474.00 3668.00   2092.12    229.25     0.00     0.00   0.00   0.00    0.43    0.30   0.01    64.00    64.00   0.03 100.00

avg-cpu:  %user   %nice %system %iowait  %steal   %idle
           0.76    0.00    4.73    0.00    0.00   94.52

Device            r/s     w/s     rMB/s     wMB/s   rrqm/s   wrqm/s  %rrqm  %wrqm r_await w_await aqu-sz rareq-sz wareq-sz  svctm  %util
nvme1n1       34008.00 2656.00   2125.50    166.00     0.00     0.00   0.00   0.00    0.42    0.44   0.00    64.00    64.00   0.03 100.00
nvme0n1        153.00 3759.00      9.56    234.94     0.00     0.00   0.00   0.00    0.13    0.03   0.00    64.00    64.00   0.25  98.70
cas1-1        34159.00 3757.00   2134.94    234.81     0.00     0.00   0.00   0.00    0.42    0.31   0.00    64.00    64.00   0.03 100.00

avg-cpu:  %user   %nice %system %iowait  %steal   %idle
           0.79    0.00    4.44    0.09    0.00   94.67

Device            r/s     w/s     rMB/s     wMB/s   rrqm/s   wrqm/s  %rrqm  %wrqm r_await w_await aqu-sz rareq-sz wareq-sz  svctm  %util
nvme1n1       34277.00 2445.00   2142.31    152.81     0.00     0.00   0.00   0.00    0.42    0.44   0.00    64.00    64.00   0.03 100.00
nvme0n1          9.00 3710.00      0.56    231.88     0.00     0.00   0.00   0.00    0.11    0.03   0.00    64.00    64.00   0.26  97.60
cas1-1        34283.00 3711.00   2142.69    231.94     0.00     0.00   0.00   0.00    0.42    0.31   0.00    64.00    64.00   0.03 100.00

avg-cpu:  %user   %nice %system %iowait  %steal   %idle
           0.85    0.00    4.59    0.00    0.00   94.56

Device            r/s     w/s     rMB/s     wMB/s   rrqm/s   wrqm/s  %rrqm  %wrqm r_await w_await aqu-sz rareq-sz wareq-sz  svctm  %util
nvme1n1       34197.00 2464.00   2137.38    154.00     0.00     0.00   0.00   0.00    0.42    0.44   0.00    64.00    64.00   0.03 100.00
nvme0n1          1.00 3722.00      0.06    232.62     0.00     0.00   0.00   0.00    0.00    0.03   0.00    64.00    64.00   0.26  98.50
cas1-1        34201.00 3721.00   2137.56    232.56     0.00     0.00   0.00   0.00    0.43    0.31   0.00    64.00    64.00   0.03 100.00

avg-cpu:  %user   %nice %system %iowait  %steal   %idle
           0.76    0.00    4.57    0.00    0.00   94.68

Device            r/s     w/s     rMB/s     wMB/s   rrqm/s   wrqm/s  %rrqm  %wrqm r_await w_await aqu-sz rareq-sz wareq-sz  svctm  %util
nvme1n1       34112.00 2580.00   2131.94    161.25     0.00     0.00   0.00   0.00    0.42    0.44   0.00    64.00    64.00   0.03 100.00
nvme0n1          0.00 3805.00      0.00    237.81     0.00     0.00   0.00   0.00    0.00    0.03   0.00     0.00    64.00   0.26  98.30
cas1-1        34111.00 3806.00   2131.94    237.88     0.00     0.00   0.00   0.00    0.43    0.32   0.00    64.00    64.00   0.03 100.00

avg-cpu:  %user   %nice %system %iowait  %steal   %idle
           0.82    0.00    4.47    0.00    0.00   94.71

Device            r/s     w/s     rMB/s     wMB/s   rrqm/s   wrqm/s  %rrqm  %wrqm r_await w_await aqu-sz rareq-sz wareq-sz  svctm  %util
nvme1n1       34103.00 2535.00   2131.44    158.44     0.00     0.00   0.00   0.00    0.42    0.44   0.00    64.00    64.00   0.03 100.00
nvme0n1          0.00 3798.00      0.00    237.37     0.00     0.00   0.00   0.00    0.00    0.03   0.00     0.00    64.00   0.26  98.70
cas1-1        34106.00 3797.00   2131.62    237.31     0.00     0.00   0.00   0.00    0.43    0.31   0.00    64.00    64.00   0.03 100.00

avg-cpu:  %user   %nice %system %iowait  %steal   %idle
           0.76    0.00    4.54    0.00    0.00   94.71

Device            r/s     w/s     rMB/s     wMB/s   rrqm/s   wrqm/s  %rrqm  %wrqm r_await w_await aqu-sz rareq-sz wareq-sz  svctm  %util
nvme1n1       34029.00 2589.00   2126.81    161.81     0.00     0.00   0.00   0.00    0.42    0.44   0.00    64.00    64.00   0.03 100.00
nvme0n1          0.00 3894.00      0.00    243.38     0.00     0.00   0.00   0.00    0.00    0.03   0.00     0.00    64.00   0.25  98.30
cas1-1        34031.00 3895.00   2126.94    243.44     0.00     0.00   0.00   0.00    0.43    0.31   0.00    64.00    64.00   0.03 100.10

avg-cpu:  %user   %nice %system %iowait  %steal   %idle
           0.76    0.00    4.63    0.00    0.00   94.62

Device            r/s     w/s     rMB/s     wMB/s   rrqm/s   wrqm/s  %rrqm  %wrqm r_await w_await aqu-sz rareq-sz wareq-sz  svctm  %util
nvme1n1       34235.00 2512.00   2139.69    157.00     0.00     0.00   0.00   0.00    0.42    0.44   0.00    64.00    64.00   0.03 100.00
nvme0n1          0.00 3731.00      0.00    233.19     0.00     0.00   0.00   0.00    0.00    0.03   0.00     0.00    64.00   0.26  98.20
cas1-1        34233.00 3731.00   2139.56    233.19     0.00     0.00   0.00   0.00    0.42    0.31   0.00    64.00    64.00   0.03 100.00

avg-cpu:  %user   %nice %system %iowait  %steal   %idle
           0.79    0.00    4.59    0.00    0.00   94.62

Device            r/s     w/s     rMB/s     wMB/s   rrqm/s   wrqm/s  %rrqm  %wrqm r_await w_await aqu-sz rareq-sz wareq-sz  svctm  %util
nvme1n1       34233.00 2493.00   2139.56    155.81     0.00     0.00   0.00   0.00    0.42    0.44   0.00    64.00    64.00   0.03 100.00
nvme0n1          0.00 3780.00      0.00    236.25     0.00     0.00   0.00   0.00    0.00    0.03   0.00     0.00    64.00   0.26  98.70
cas1-1        34233.00 3780.00   2139.56    236.25     0.00     0.00   0.00   0.00    0.42    0.31   0.00    64.00    64.00   0.03 100.00

avg-cpu:  %user   %nice %system %iowait  %steal   %idle
           0.82    0.00    4.50    0.00    0.00   94.68

Device            r/s     w/s     rMB/s     wMB/s   rrqm/s   wrqm/s  %rrqm  %wrqm r_await w_await aqu-sz rareq-sz wareq-sz  svctm  %util
nvme1n1       34183.00 2543.00   2136.44    158.94     0.00     0.00   0.00   0.00    0.42    0.44   0.00    64.00    64.00   0.03 100.10
nvme0n1          0.00 3761.00      0.00    235.06     0.00     0.00   0.00   0.00    0.00    0.03   0.00     0.00    64.00   0.26  98.60
cas1-1        34182.00 3762.00   2136.38    235.12     0.00     0.00   0.00   0.00    0.42    0.31   0.00    64.00    64.00   0.03 100.00

avg-cpu:  %user   %nice %system %iowait  %steal   %idle
           0.82    0.00    4.56    0.00    0.00   94.62

Device            r/s     w/s     rMB/s     wMB/s   rrqm/s   wrqm/s  %rrqm  %wrqm r_await w_await aqu-sz rareq-sz wareq-sz  svctm  %util
nvme1n1       34199.00 2507.00   2137.44    156.69     0.00     0.00   0.00   0.00    0.42    0.44   0.00    64.00    64.00   0.03  99.90
nvme0n1          0.00 3760.00      0.00    235.00     0.00     0.00   0.00   0.00    0.00    0.03   0.00     0.00    64.00   0.26  97.70
cas1-1        34193.00 3759.00   2137.06    234.94     0.00     0.00   0.00   0.00    0.42    0.31   0.00    64.00    64.00   0.03 100.00

avg-cpu:  %user   %nice %system %iowait  %steal   %idle
           0.85    0.00    4.31    0.00    0.00   94.83

Device            r/s     w/s     rMB/s     wMB/s   rrqm/s   wrqm/s  %rrqm  %wrqm r_await w_await aqu-sz rareq-sz wareq-sz  svctm  %util
nvme1n1       34142.00 2584.00   2133.88    161.50     0.00     0.00   0.00   0.00    0.42    0.44   0.00    64.00    64.00   0.03 100.10
nvme0n1          0.00 3880.00      0.00    242.50     0.00     0.00   0.00   0.00    0.00    0.03   0.00     0.00    64.00   0.25  98.90
cas1-1        34150.00 3880.00   2134.38    242.50     0.00     0.00   0.00   0.00    0.43    0.31   0.00    64.00    64.00   0.03 100.00

avg-cpu:  %user   %nice %system %iowait  %steal   %idle
           0.82    0.00    4.54    0.00    0.00   94.65

Device            r/s     w/s     rMB/s     wMB/s   rrqm/s   wrqm/s  %rrqm  %wrqm r_await w_await aqu-sz rareq-sz wareq-sz  svctm  %util
nvme1n1       34086.00 2587.00   2130.38    161.69     0.00     0.00   0.00   0.00    0.42    0.44   0.00    64.00    64.00   0.03 100.00
nvme0n1          0.00 3875.00      0.00    242.19     0.00     0.00   0.00   0.00    0.00    0.03   0.00     0.00    64.00   0.25  98.60
cas1-1        34082.00 3876.00   2130.12    242.25     0.00     0.00   0.00   0.00    0.43    0.31   0.00    64.00    64.00   0.03 100.00

avg-cpu:  %user   %nice %system %iowait  %steal   %idle
           0.79    0.00    4.57    0.00    0.00   94.65

Device            r/s     w/s     rMB/s     wMB/s   rrqm/s   wrqm/s  %rrqm  %wrqm r_await w_await aqu-sz rareq-sz wareq-sz  svctm  %util
nvme1n1       34047.00 2609.00   2127.94    163.06     0.00     0.00   0.00   0.00    0.42    0.44   0.00    64.00    64.00   0.03 100.00
nvme0n1          0.00 3934.00      0.00    245.88     0.00     0.00   0.00   0.00    0.00    0.03   0.00     0.00    64.00   0.25  98.40
cas1-1        34052.00 3933.00   2128.25    245.81     0.00     0.00   0.00   0.00    0.43    0.31   0.00    64.00    64.00   0.03 100.00

avg-cpu:  %user   %nice %system %iowait  %steal   %idle
           0.82    0.00    4.54    0.00    0.00   94.64

Device            r/s     w/s     rMB/s     wMB/s   rrqm/s   wrqm/s  %rrqm  %wrqm r_await w_await aqu-sz rareq-sz wareq-sz  svctm  %util
nvme1n1       34097.00 2595.00   2131.06    162.19     0.00     0.00   0.00   0.00    0.42    0.44   0.00    64.00    64.00   0.03 100.00
nvme0n1          0.00 3895.00      0.00    243.44     0.00     0.00   0.00   0.00    0.00    0.03   0.00     0.00    64.00   0.25  98.10
cas1-1        34093.00 3895.00   2130.81    243.44     0.00     0.00   0.00   0.00    0.42    0.31   0.00    64.00    64.00   0.03 100.00

avg-cpu:  %user   %nice %system %iowait  %steal   %idle
           0.76    0.00    4.59    0.03    0.00   94.62

Device            r/s     w/s     rMB/s     wMB/s   rrqm/s   wrqm/s  %rrqm  %wrqm r_await w_await aqu-sz rareq-sz wareq-sz  svctm  %util
nvme1n1       34168.00 2533.00   2135.50    158.31     0.00     0.00   0.00   0.00    0.42    0.44   0.00    64.00    64.00   0.03 100.00
nvme0n1          0.00 3816.00      0.00    238.50     0.00     0.00   0.00   0.00    0.00    0.03   0.00     0.00    64.00   0.26  98.50
cas1-1        34170.00 3816.00   2135.62    238.50     0.00     0.00   0.00   0.00    0.43    0.31   0.00    64.00    64.00   0.03 100.00

avg-cpu:  %user   %nice %system %iowait  %steal   %idle
           0.79    0.00    4.51    0.00    0.00   94.71

Device            r/s     w/s     rMB/s     wMB/s   rrqm/s   wrqm/s  %rrqm  %wrqm r_await w_await aqu-sz rareq-sz wareq-sz  svctm  %util
nvme1n1       34078.00 2610.00   2129.88    163.12     0.00     0.00   0.00   0.00    0.42    0.44   0.00    64.00    64.00   0.03 100.00
nvme0n1          0.00 3949.00      0.00    246.81     0.00     0.00   0.00   0.00    0.00    0.03   0.00     0.00    64.00   0.25  98.40
cas1-1        34076.00 3948.00   2129.75    246.75     0.00     0.00   0.00   0.00    0.42    0.31   0.00    64.00    64.00   0.03 100.00

avg-cpu:  %user   %nice %system %iowait  %steal   %idle
           0.76    0.00    4.66    0.00    0.00   94.59

Device            r/s     w/s     rMB/s     wMB/s   rrqm/s   wrqm/s  %rrqm  %wrqm r_await w_await aqu-sz rareq-sz wareq-sz  svctm  %util
nvme1n1       34095.00 2580.00   2130.94    161.25     0.00     0.00   0.00   0.00    0.42    0.44   0.00    64.00    64.00   0.03 100.00
nvme0n1          0.00 3820.00      0.00    238.75     0.00     0.00   0.00   0.00    0.00    0.03   0.00     0.00    64.00   0.26  98.40
cas1-1        34100.00 3821.00   2131.25    238.81     0.00     0.00   0.00   0.00    0.43    0.31   0.00    64.00    64.00   0.03 100.00

avg-cpu:  %user   %nice %system %iowait  %steal   %idle
           0.76    0.00    4.51    0.00    0.00   94.74

Device            r/s     w/s     rMB/s     wMB/s   rrqm/s   wrqm/s  %rrqm  %wrqm r_await w_await aqu-sz rareq-sz wareq-sz  svctm  %util
nvme1n1       34156.00 2535.00   2134.75    158.44     0.00     0.00   0.00   0.00    0.42    0.44   0.00    64.00    64.00   0.03 100.00
nvme0n1          0.00 3819.00      0.00    238.69     0.00     0.00   0.00   0.00    0.00    0.03   0.00     0.00    64.00   0.26  98.10
cas1-1        34156.00 3819.00   2134.75    238.69     0.00     0.00   0.00   0.00    0.43    0.31   0.00    64.00    64.00   0.03 100.10

avg-cpu:  %user   %nice %system %iowait  %steal   %idle
           0.88    0.00    4.56    0.00    0.00   94.55

Device            r/s     w/s     rMB/s     wMB/s   rrqm/s   wrqm/s  %rrqm  %wrqm r_await w_await aqu-sz rareq-sz wareq-sz  svctm  %util
nvme1n1       34141.00 2542.00   2133.81    158.88     0.00     0.00   0.00   0.00    0.42    0.44   0.00    64.00    64.00   0.03 100.00
nvme0n1          0.00 3828.00      0.00    239.25     0.00     0.00   0.00   0.00    0.00    0.03   0.00     0.00    64.00   0.26  98.40
cas1-1        34134.00 3828.00   2133.38    239.25     0.00     0.00   0.00   0.00    0.42    0.31   0.00    64.00    64.00   0.03  99.90

avg-cpu:  %user   %nice %system %iowait  %steal   %idle
           0.76    0.00    4.44    0.00    0.00   94.80

Device            r/s     w/s     rMB/s     wMB/s   rrqm/s   wrqm/s  %rrqm  %wrqm r_await w_await aqu-sz rareq-sz wareq-sz  svctm  %util
nvme1n1       34131.00 2563.00   2133.19    160.19     0.00     0.00   0.00   0.00    0.42    0.44   0.00    64.00    64.00   0.03 100.00
nvme0n1          0.00 3824.00      0.00    239.00     0.00     0.00   0.00   0.00    0.00    0.03   0.00     0.00    64.00   0.26  98.80
cas1-1        34134.00 3824.00   2133.38    239.00     0.00     0.00   0.00   0.00    0.43    0.31   0.00    64.00    64.00   0.03 100.00

avg-cpu:  %user   %nice %system %iowait  %steal   %idle
           0.82    0.00    4.60    0.00    0.00   94.59

Device            r/s     w/s     rMB/s     wMB/s   rrqm/s   wrqm/s  %rrqm  %wrqm r_await w_await aqu-sz rareq-sz wareq-sz  svctm  %util
nvme1n1       34207.00 2489.00   2137.94    155.56     0.00     0.00   0.00   0.00    0.42    0.44   0.00    64.00    64.00   0.03 100.00
nvme0n1          0.00 3748.00      0.00    234.25     0.00     0.00   0.00   0.00    0.00    0.03   0.00     0.00    64.00   0.26  98.40
cas1-1        34207.00 3748.00   2137.94    234.25     0.00     0.00   0.00   0.00    0.43    0.31   0.00    64.00    64.00   0.03 100.00

avg-cpu:  %user   %nice %system %iowait  %steal   %idle
           0.72    0.00    4.63    0.00    0.00   94.65

Device            r/s     w/s     rMB/s     wMB/s   rrqm/s   wrqm/s  %rrqm  %wrqm r_await w_await aqu-sz rareq-sz wareq-sz  svctm  %util
nvme1n1       34186.00 2526.00   2136.62    157.88     0.00     0.00   0.00   0.00    0.42    0.44   0.00    64.00    64.00   0.03 100.00
nvme0n1          0.00 3771.00      0.00    235.69     0.00     0.00   0.00   0.00    0.00    0.03   0.00     0.00    64.00   0.26  98.30
cas1-1        34185.00 3772.00   2136.56    235.75     0.00     0.00   0.00   0.00    0.42    0.31   0.00    64.00    64.00   0.03 100.10

avg-cpu:  %user   %nice %system %iowait  %steal   %idle
           0.76    0.00    4.60    0.00    0.00   94.65

Device            r/s     w/s     rMB/s     wMB/s   rrqm/s   wrqm/s  %rrqm  %wrqm r_await w_await aqu-sz rareq-sz wareq-sz  svctm  %util
nvme1n1       34115.00 2573.00   2132.19    160.81     0.00     0.00   0.00   0.00    0.42    0.44   0.00    64.00    64.00   0.03 100.00
nvme0n1          0.00 3868.00      0.00    241.75     0.00     0.00   0.00   0.00    0.00    0.03   0.00     0.00    64.00   0.25  98.20
cas1-1        34114.00 3867.00   2132.12    241.69     0.00     0.00   0.00   0.00    0.43    0.31   0.00    64.00    64.00   0.03 100.00

avg-cpu:  %user   %nice %system %iowait  %steal   %idle
           0.82    0.00    4.50    0.00    0.00   94.68

Device            r/s     w/s     rMB/s     wMB/s   rrqm/s   wrqm/s  %rrqm  %wrqm r_await w_await aqu-sz rareq-sz wareq-sz  svctm  %util
nvme1n1       34222.00 2536.00   2138.88    158.50     0.00     0.00   0.00   0.00    0.42    0.44   0.00    64.00    64.00   0.03 100.00
nvme0n1          0.00 3807.00      0.00    237.94     0.00     0.00   0.00   0.00    0.00    0.03   0.00     0.00    64.00   0.25  97.00
cas1-1        34227.00 3808.00   2139.19    238.00     0.00     0.00   0.00   0.00    0.42    0.31   0.00    64.00    64.00   0.03 100.00

avg-cpu:  %user   %nice %system %iowait  %steal   %idle
           0.76    0.00    4.57    0.00    0.00   94.68

Device            r/s     w/s     rMB/s     wMB/s   rrqm/s   wrqm/s  %rrqm  %wrqm r_await w_await aqu-sz rareq-sz wareq-sz  svctm  %util
nvme1n1       34180.00 2527.00   2136.25    157.94     0.00     0.00   0.00   0.00    0.42    0.44   0.00    64.00    64.00   0.03 100.10
nvme0n1          0.00 3793.00      0.00    237.06     0.00     0.00   0.00   0.00    0.00    0.03   0.00     0.00    64.00   0.26  98.60
cas1-1        34177.00 3792.00   2136.06    237.00     0.00     0.00   0.00   0.00    0.42    0.31   0.00    64.00    64.00   0.03 100.00

avg-cpu:  %user   %nice %system %iowait  %steal   %idle
           0.76    0.00    4.63    0.00    0.00   94.62

Device            r/s     w/s     rMB/s     wMB/s   rrqm/s   wrqm/s  %rrqm  %wrqm r_await w_await aqu-sz rareq-sz wareq-sz  svctm  %util
nvme1n1       34219.00 2525.00   2138.69    157.81     0.00     0.00   0.00   0.00    0.42    0.44   0.00    64.00    64.00   0.03 100.00
nvme0n1          0.00 3810.00      0.00    238.12     0.00     0.00   0.00   0.00    0.00    0.03   0.00     0.00    64.00   0.26  98.10
cas1-1        34216.00 3809.00   2138.50    238.06     0.00     0.00   0.00   0.00    0.42    0.31   0.00    64.00    64.00   0.03 100.00

avg-cpu:  %user   %nice %system %iowait  %steal   %idle
           0.82    0.00    4.60    0.00    0.00   94.58

Device            r/s     w/s     rMB/s     wMB/s   rrqm/s   wrqm/s  %rrqm  %wrqm r_await w_await aqu-sz rareq-sz wareq-sz  svctm  %util
nvme1n1       34161.00 2573.00   2135.06    160.81     0.00     0.00   0.00   0.00    0.42    0.44   0.00    64.00    64.00   0.03 100.00
nvme0n1          0.00 3768.00      0.00    235.50     0.00     0.00   0.00   0.00    0.00    0.03   0.00     0.00    64.00   0.26  98.20
cas1-1        34159.00 3768.00   2134.94    235.50     0.00     0.00   0.00   0.00    0.42    0.32   0.00    64.00    64.00   0.03 100.00

avg-cpu:  %user   %nice %system %iowait  %steal   %idle
           0.85    0.00    4.59    0.00    0.00   94.56

Device            r/s     w/s     rMB/s     wMB/s   rrqm/s   wrqm/s  %rrqm  %wrqm r_await w_await aqu-sz rareq-sz wareq-sz  svctm  %util
nvme1n1       34222.00 2492.00   2138.88    155.75     0.00     0.00   0.00   0.00    0.42    0.44   0.00    64.00    64.00   0.03 100.00
nvme0n1          0.00 3810.00      0.00    238.12     0.00     0.00   0.00   0.00    0.00    0.03   0.00     0.00    64.00   0.26  98.10
cas1-1        34225.00 3809.00   2139.06    238.06     0.00     0.00   0.00   0.00    0.42    0.31   0.00    64.00    64.00   0.03 100.00

avg-cpu:  %user   %nice %system %iowait  %steal   %idle
           0.73    0.00    4.51    0.00    0.00   94.77

Device            r/s     w/s     rMB/s     wMB/s   rrqm/s   wrqm/s  %rrqm  %wrqm r_await w_await aqu-sz rareq-sz wareq-sz  svctm  %util
nvme1n1       34157.00 2517.00   2134.81    157.31     0.00     0.00   0.00   0.00    0.42    0.44   0.00    64.00    64.00   0.03 100.00
nvme0n1          0.00 3831.00      0.00    239.44     0.00     0.00   0.00   0.00    0.00    0.03   0.00     0.00    64.00   0.26  98.60
cas1-1        34160.00 3834.00   2135.00    239.63     0.00     0.00   0.00   0.00    0.43    0.31   0.00    64.00    64.00   0.03 100.00

avg-cpu:  %user   %nice %system %iowait  %steal   %idle
           0.73    0.00    4.51    0.00    0.00   94.77

Device            r/s     w/s     rMB/s     wMB/s   rrqm/s   wrqm/s  %rrqm  %wrqm r_await w_await aqu-sz rareq-sz wareq-sz  svctm  %util
nvme1n1       34128.00 2583.00   2133.00    161.44     0.00     0.00   0.00   0.00    0.42    0.44   0.00    64.00    64.00   0.03 100.00
nvme0n1          0.00 3907.00      0.00    244.19     0.00     0.00   0.00   0.00    0.00    0.03   0.00     0.00    64.00   0.25  98.60
cas1-1        34128.00 3905.00   2133.00    244.06     0.00     0.00   0.00   0.00    0.42    0.31   0.00    64.00    64.00   0.03 100.00

avg-cpu:  %user   %nice %system %iowait  %steal   %idle
           0.79    0.00    4.51    0.00    0.00   94.70

Device            r/s     w/s     rMB/s     wMB/s   rrqm/s   wrqm/s  %rrqm  %wrqm r_await w_await aqu-sz rareq-sz wareq-sz  svctm  %util
nvme1n1       34026.00 2622.00   2126.62    163.88     0.00     0.00   0.00   0.00    0.42    0.44   0.00    64.00    64.00   0.03 100.00
nvme0n1          0.00 4034.00      0.00    252.13     0.00     0.00   0.00   0.00    0.00    0.03   0.00     0.00    64.00   0.24  98.80
cas1-1        34023.00 4035.00   2126.44    252.19     0.00     0.00   0.00   0.00    0.43    0.30   0.00    64.00    64.00   0.03 100.00

avg-cpu:  %user   %nice %system %iowait  %steal   %idle
           0.82    0.00    4.51    0.00    0.00   94.68

Device            r/s     w/s     rMB/s     wMB/s   rrqm/s   wrqm/s  %rrqm  %wrqm r_await w_await aqu-sz rareq-sz wareq-sz  svctm  %util
nvme1n1       34175.00 2541.00   2135.94    158.81     0.00     0.00   0.00   0.00    0.42    0.44   0.00    64.00    64.00   0.03 100.00
nvme0n1          0.00 3802.00      0.00    237.63     0.00     0.00   0.00   0.00    0.00    0.03   0.00     0.00    64.00   0.26  98.30
cas1-1        34178.00 3802.00   2136.12    237.63     0.00     0.00   0.00   0.00    0.42    0.31   0.00    64.00    64.00   0.03 100.00

avg-cpu:  %user   %nice %system %iowait  %steal   %idle
           0.76    0.00    4.57    0.00    0.00   94.68

Device            r/s     w/s     rMB/s     wMB/s   rrqm/s   wrqm/s  %rrqm  %wrqm r_await w_await aqu-sz rareq-sz wareq-sz  svctm  %util
nvme1n1       34132.00 2592.00   2133.25    162.00     0.00     0.00   0.00   0.00    0.42    0.44   0.00    64.00    64.00   0.03 100.00
nvme0n1          0.00 3897.00      0.00    243.56     0.00     0.00   0.00   0.00    0.00    0.03   0.00     0.00    64.00   0.25  98.10
cas1-1        34131.00 3897.00   2133.19    243.56     0.00     0.00   0.00   0.00    0.42    0.31   0.00    64.00    64.00   0.03 100.00

avg-cpu:  %user   %nice %system %iowait  %steal   %idle
           0.82    0.00    4.60    0.00    0.00   94.59

Device            r/s     w/s     rMB/s     wMB/s   rrqm/s   wrqm/s  %rrqm  %wrqm r_await w_await aqu-sz rareq-sz wareq-sz  svctm  %util
nvme1n1       34067.00 2612.00   2129.25    163.25     0.00     0.00   0.00   0.00    0.42    0.44   0.00    64.00    64.00   0.03 100.00
nvme0n1          0.00 3867.00      0.00    241.69     0.00     0.00   0.00   0.00    0.00    0.03   0.00     0.00    64.00   0.26  98.70
cas1-1        34071.00 3867.00   2129.44    241.69     0.00     0.00   0.00   0.00    0.43    0.31   0.00    64.00    64.00   0.03 100.00

avg-cpu:  %user   %nice %system %iowait  %steal   %idle
           0.79    0.00    4.48    0.00    0.00   94.74

Device            r/s     w/s     rMB/s     wMB/s   rrqm/s   wrqm/s  %rrqm  %wrqm r_await w_await aqu-sz rareq-sz wareq-sz  svctm  %util
nvme1n1       34267.00 2476.00   2141.62    154.75     0.00     0.00   0.00   0.00    0.42    0.44   0.00    64.00    64.00   0.03 100.00
nvme0n1          0.00 3722.00      0.00    232.62     0.00     0.00   0.00   0.00    0.00    0.03   0.00     0.00    64.00   0.26  98.00
cas1-1        34268.00 3723.00   2141.75    232.69     0.00     0.00   0.00   0.00    0.42    0.31   0.00    64.00    64.00   0.03 100.10

avg-cpu:  %user   %nice %system %iowait  %steal   %idle
           0.82    0.00    4.54    0.00    0.00   94.65

Device            r/s     w/s     rMB/s     wMB/s   rrqm/s   wrqm/s  %rrqm  %wrqm r_await w_await aqu-sz rareq-sz wareq-sz  svctm  %util
nvme1n1       34189.00 2521.00   2136.88    157.56     0.00     0.00   0.00   0.00    0.42    0.44   0.00    64.00    64.00   0.03 100.00
nvme0n1          0.00 3836.00      0.00    239.75     0.00     0.00   0.00   0.00    0.00    0.03   0.00     0.00    64.00   0.26  98.10
cas1-1        34183.00 3835.00   2136.44    239.69     0.00     0.00   0.00   0.00    0.42    0.31   0.00    64.00    64.00   0.03  99.90

avg-cpu:  %user   %nice %system %iowait  %steal   %idle
           0.82    0.00    4.59    0.00    0.00   94.59

Device            r/s     w/s     rMB/s     wMB/s   rrqm/s   wrqm/s  %rrqm  %wrqm r_await w_await aqu-sz rareq-sz wareq-sz  svctm  %util
nvme1n1       34235.00 2518.00   2139.62    157.38     0.00     0.00   0.00   0.00    0.42    0.44   0.00    64.00    64.00   0.03 100.00
nvme0n1          0.00 3803.00      0.00    237.69     0.00     0.00   0.00   0.00    0.00    0.03   0.00     0.00    64.00   0.26  97.90
cas1-1        34233.00 3802.00   2139.56    237.63     0.00     0.00   0.00   0.00    0.42    0.31   0.00    64.00    64.00   0.03 100.00

avg-cpu:  %user   %nice %system %iowait  %steal   %idle
           0.82    0.00    4.35    0.00    0.00   94.83

Device            r/s     w/s     rMB/s     wMB/s   rrqm/s   wrqm/s  %rrqm  %wrqm r_await w_await aqu-sz rareq-sz wareq-sz  svctm  %util
nvme1n1       34155.00 2551.00   2134.69    159.44     0.00     0.00   0.00   0.00    0.42    0.44   0.00    64.00    64.00   0.03 100.00
nvme0n1          0.00 3813.00      0.00    238.31     0.00     0.00   0.00   0.00    0.00    0.03   0.00     0.00    64.00   0.26  98.20
cas1-1        34158.00 3814.00   2134.88    238.38     0.00     0.00   0.00   0.00    0.43    0.31   0.00    64.00    64.00   0.03 100.10

avg-cpu:  %user   %nice %system %iowait  %steal   %idle
           0.79    0.00    4.44    0.00    0.00   94.77

Device            r/s     w/s     rMB/s     wMB/s   rrqm/s   wrqm/s  %rrqm  %wrqm r_await w_await aqu-sz rareq-sz wareq-sz  svctm  %util
nvme1n1       34158.00 2551.00   2134.88    159.44     0.00     0.00   0.00   0.00    0.42    0.44   0.00    64.00    64.00   0.03 100.10
nvme0n1          0.00 3793.00      0.00    237.06     0.00     0.00   0.00   0.00    0.00    0.03   0.00     0.00    64.00   0.26  98.40
cas1-1        34162.00 3795.00   2135.12    237.19     0.00     0.00   0.00   0.00    0.43    0.31   0.00    64.00    64.00   0.03 100.00

avg-cpu:  %user   %nice %system %iowait  %steal   %idle
           0.79    0.00    4.57    0.00    0.00   94.65

Device            r/s     w/s     rMB/s     wMB/s   rrqm/s   wrqm/s  %rrqm  %wrqm r_await w_await aqu-sz rareq-sz wareq-sz  svctm  %util
nvme1n1       34181.00 2527.00   2136.31    157.94     0.00     0.00   0.00   0.00    0.42    0.44   0.00    64.00    64.00   0.03  99.90
nvme0n1          0.00 3763.00      0.00    235.19     0.00     0.00   0.00   0.00    0.00    0.03   0.00     0.00    64.00   0.26  98.20
cas1-1        34176.00 3761.00   2136.00    235.06     0.00     0.00   0.00   0.00    0.42    0.31   0.00    64.00    64.00   0.03 100.00

avg-cpu:  %user   %nice %system %iowait  %steal   %idle
           0.79    0.00    4.51    0.00    0.00   94.71

Device            r/s     w/s     rMB/s     wMB/s   rrqm/s   wrqm/s  %rrqm  %wrqm r_await w_await aqu-sz rareq-sz wareq-sz  svctm  %util
nvme1n1       34346.00 2433.00   2146.62    152.06     0.00     0.00   0.00   0.00    0.42    0.44   0.00    64.00    64.00   0.03 100.10
nvme0n1          0.00 3726.00      0.00    232.88     0.00     0.00   0.00   0.00    0.00    0.03   0.00     0.00    64.00   0.26  98.50
cas1-1        34348.00 3727.00   2146.75    232.94     0.00     0.00   0.00   0.00    0.42    0.31   0.00    64.00    64.00   0.03 100.00

avg-cpu:  %user   %nice %system %iowait  %steal   %idle
           0.82    0.00    4.50    0.00    0.00   94.68

Device            r/s     w/s     rMB/s     wMB/s   rrqm/s   wrqm/s  %rrqm  %wrqm r_await w_await aqu-sz rareq-sz wareq-sz  svctm  %util
nvme1n1       34154.00 2550.00   2134.62    159.38     0.00     0.00   0.00   0.00    0.42    0.44   0.00    64.00    64.00   0.03 100.00
nvme0n1          0.00 3823.00      0.00    238.94     0.00     0.00   0.00   0.00    0.00    0.03   0.00     0.00    64.00   0.26  98.90
cas1-1        34156.00 3822.00   2134.75    238.88     0.00     0.00   0.00   0.00    0.43    0.31   0.00    64.00    64.00   0.03 100.00

avg-cpu:  %user   %nice %system %iowait  %steal   %idle
           0.76    0.00    4.57    0.00    0.00   94.68

Device            r/s     w/s     rMB/s     wMB/s   rrqm/s   wrqm/s  %rrqm  %wrqm r_await w_await aqu-sz rareq-sz wareq-sz  svctm  %util
nvme1n1       34150.00 2543.00   2134.44    158.94     0.00     0.00   0.00   0.00    0.42    0.44   0.00    64.00    64.00   0.03 100.00
nvme0n1          0.00 3767.00      0.00    235.44     0.00     0.00   0.00   0.00    0.00    0.03   0.00     0.00    64.00   0.26  97.60
cas1-1        34151.00 3767.00   2134.44    235.44     0.00     0.00   0.00   0.00    0.43    0.31   0.00    64.00    64.00   0.03 100.00

avg-cpu:  %user   %nice %system %iowait  %steal   %idle
           0.85    0.00    4.50    0.00    0.00   94.65

Device            r/s     w/s     rMB/s     wMB/s   rrqm/s   wrqm/s  %rrqm  %wrqm r_await w_await aqu-sz rareq-sz wareq-sz  svctm  %util
nvme1n1       34188.00 2517.00   2136.75    157.31     0.00     0.00   0.00   0.00    0.42    0.44   0.00    64.00    64.00   0.03 100.00
nvme0n1          0.00 3751.00      0.00    234.44     0.00     0.00   0.00   0.00    0.00    0.03   0.00     0.00    64.00   0.26  98.40
cas1-1        34182.00 3751.00   2136.38    234.44     0.00     0.00   0.00   0.00    0.42    0.31   0.00    64.00    64.00   0.03 100.00

avg-cpu:  %user   %nice %system %iowait  %steal   %idle
           0.85    0.00    4.53    0.00    0.00   94.62

Device            r/s     w/s     rMB/s     wMB/s   rrqm/s   wrqm/s  %rrqm  %wrqm r_await w_await aqu-sz rareq-sz wareq-sz  svctm  %util
nvme1n1       34084.00 2599.00   2130.19    162.44     0.00     0.00   0.00   0.00    0.42    0.44   0.00    64.00    64.00   0.03 100.00
nvme0n1          0.00 3898.00      0.00    243.62     0.00     0.00   0.00   0.00    0.00    0.03   0.00     0.00    64.00   0.25  98.40
cas1-1        34087.00 3897.00   2130.44    243.56     0.00     0.00   0.00   0.00    0.43    0.31   0.00    64.00    64.00   0.03 100.00

avg-cpu:  %user   %nice %system %iowait  %steal   %idle
           0.69    0.00    4.75    0.00    0.00   94.56

Device            r/s     w/s     rMB/s     wMB/s   rrqm/s   wrqm/s  %rrqm  %wrqm r_await w_await aqu-sz rareq-sz wareq-sz  svctm  %util
nvme1n1       34229.00 2518.00   2139.31    157.38     0.00     0.00   0.00   0.00    0.42    0.44   0.00    64.00    64.00   0.03 100.00
nvme0n1          0.00 3748.00      0.00    234.25     0.00     0.00   0.00   0.00    0.00    0.03   0.00     0.00    64.00   0.26  98.00
cas1-1        34231.00 3748.00   2139.44    234.25     0.00     0.00   0.00   0.00    0.42    0.31   0.00    64.00    64.00   0.03 100.00

avg-cpu:  %user   %nice %system %iowait  %steal   %idle
           0.79    0.00    4.57    0.00    0.00   94.65

Device            r/s     w/s     rMB/s     wMB/s   rrqm/s   wrqm/s  %rrqm  %wrqm r_await w_await aqu-sz rareq-sz wareq-sz  svctm  %util
nvme1n1       34057.00 2612.00   2128.56    163.25     0.00     0.00   0.00   0.00    0.42    0.44   0.00    64.00    64.00   0.03 100.00
nvme0n1          0.00 3948.00      0.00    246.75     0.00     0.00   0.00   0.00    0.00    0.03   0.00     0.00    64.00   0.25  99.10
cas1-1        34055.00 3949.00   2128.44    246.81     0.00     0.00   0.00   0.00    0.43    0.31   0.00    64.00    64.00   0.03 100.00

avg-cpu:  %user   %nice %system %iowait  %steal   %idle
           0.82    0.00    4.60    0.00    0.00   94.59

Device            r/s     w/s     rMB/s     wMB/s   rrqm/s   wrqm/s  %rrqm  %wrqm r_await w_await aqu-sz rareq-sz wareq-sz  svctm  %util
nvme1n1       34121.00 2572.00   2132.56    160.75     0.00     0.00   0.00   0.00    0.42    0.44   0.00    64.00    64.00   0.03 100.00
nvme0n1          0.00 3773.00      0.00    235.81     0.00     0.00   0.00   0.00    0.00    0.03   0.00     0.00    64.00   0.26  98.70
cas1-1        34123.00 3773.00   2132.69    235.81     0.00     0.00   0.00   0.00    0.43    0.32   0.00    64.00    64.00   0.03 100.00

avg-cpu:  %user   %nice %system %iowait  %steal   %idle
           0.82    0.00    4.47    0.00    0.00   94.71

Device            r/s     w/s     rMB/s     wMB/s   rrqm/s   wrqm/s  %rrqm  %wrqm r_await w_await aqu-sz rareq-sz wareq-sz  svctm  %util
nvme1n1       34114.00 2557.00   2132.12    159.81     0.00     0.00   0.00   0.00    0.42    0.44   0.00    64.00    64.00   0.03 100.00
nvme0n1          0.00 3851.00      0.00    240.69     0.00     0.00   0.00   0.00    0.00    0.03   0.00     0.00    64.00   0.25  97.90
cas1-1        34108.00 3851.00   2131.75    240.69     0.00     0.00   0.00   0.00    0.43    0.31   0.00    64.00    64.00   0.03 100.00

avg-cpu:  %user   %nice %system %iowait  %steal   %idle
           0.79    0.00    4.57    0.00    0.00   94.65

Device            r/s     w/s     rMB/s     wMB/s   rrqm/s   wrqm/s  %rrqm  %wrqm r_await w_await aqu-sz rareq-sz wareq-sz  svctm  %util
nvme1n1       34187.00 2508.00   2136.69    156.75     0.00     0.00   0.00   0.00    0.42    0.44   0.00    64.00    64.00   0.03 100.00
nvme0n1          0.00 3731.00      0.00    233.19     0.00     0.00   0.00   0.00    0.00    0.03   0.00     0.00    64.00   0.26  98.30
cas1-1        34192.00 3731.00   2137.00    233.19     0.00     0.00   0.00   0.00    0.43    0.31   0.00    64.00    64.00   0.03 100.10

avg-cpu:  %user   %nice %system %iowait  %steal   %idle
           0.82    0.00    4.59    0.00    0.00   94.59

Device            r/s     w/s     rMB/s     wMB/s   rrqm/s   wrqm/s  %rrqm  %wrqm r_await w_await aqu-sz rareq-sz wareq-sz  svctm  %util
nvme1n1       34168.00 2558.00   2135.50    159.88     0.00     0.00   0.00   0.00    0.42    0.44   0.00    64.00    64.00   0.03 100.00
nvme0n1          0.00 3786.00      0.00    236.62     0.00     0.00   0.00   0.00    0.00    0.03   0.00     0.00    64.00   0.26  98.00
cas1-1        34164.00 3786.00   2135.25    236.62     0.00     0.00   0.00   0.00    0.42    0.31   0.00    64.00    64.00   0.03  99.90

