Linux 5.4.1-050401-lowlatency (kanwu-Super-Server) 	09/10/2020 	_x86_64_	(32 CPU)

avg-cpu:  %user   %nice %system %iowait  %steal   %idle
           0.04    0.00    0.08    0.04    0.00   99.84

Device            r/s     w/s     rMB/s     wMB/s   rrqm/s   wrqm/s  %rrqm  %wrqm r_await w_await aqu-sz rareq-sz wareq-sz  svctm  %util
nvme1n1        373.63   89.53     23.35      5.45     0.00     0.00   0.00   0.00    0.23    0.33   0.00    64.00    62.32   0.03   1.32
nvme0n1        102.15   23.58      6.38      1.47     0.00     0.00   0.00   0.00    0.20    0.07   0.00    63.99    63.93   0.06   0.71
cas1-1          24.59    2.73      1.54      0.17     0.00     0.00   0.00   0.00    0.25    0.05   0.00    64.00    64.00   0.01   0.04

avg-cpu:  %user   %nice %system %iowait  %steal   %idle
           0.00    0.00    0.06    0.53    0.00   99.41

Device            r/s     w/s     rMB/s     wMB/s   rrqm/s   wrqm/s  %rrqm  %wrqm r_await w_await aqu-sz rareq-sz wareq-sz  svctm  %util
nvme1n1          0.00    0.00      0.00      0.00     0.00     0.00   0.00   0.00    0.00    0.00   0.00     0.00     0.00   0.00   0.00
nvme0n1          0.00    0.00      0.00      0.00     0.00     0.00   0.00   0.00    0.00    0.00   0.00     0.00     0.00   0.00   0.00
cas1-1           0.00    0.00      0.00      0.00     0.00     0.00   0.00   0.00    0.00    0.00   0.00     0.00     0.00   0.00   0.00

avg-cpu:  %user   %nice %system %iowait  %steal   %idle
           0.09    0.00    0.28    0.78    0.00   98.84

Device            r/s     w/s     rMB/s     wMB/s   rrqm/s   wrqm/s  %rrqm  %wrqm r_await w_await aqu-sz rareq-sz wareq-sz  svctm  %util
nvme1n1          0.00    0.00      0.00      0.00     0.00     0.00   0.00   0.00    0.00    0.00   0.00     0.00     0.00   0.00   0.00
nvme0n1          0.00    0.00      0.00      0.00     0.00     0.00   0.00   0.00    0.00    0.00   0.00     0.00     0.00   0.00   0.00
cas1-1           0.00    0.00      0.00      0.00     0.00     0.00   0.00   0.00    0.00    0.00   0.00     0.00     0.00   0.00   0.00

avg-cpu:  %user   %nice %system %iowait  %steal   %idle
           0.19    0.00    0.50    1.41    0.00   97.90

Device            r/s     w/s     rMB/s     wMB/s   rrqm/s   wrqm/s  %rrqm  %wrqm r_await w_await aqu-sz rareq-sz wareq-sz  svctm  %util
nvme1n1         35.00 1173.00      1.07    138.76     0.00     0.00   0.00   0.00    0.03    0.71   0.20    31.44   121.13   0.08  10.20
nvme0n1         44.00    0.00      1.04      0.00     0.00     0.00   0.00   0.00    0.11    0.00   0.00    24.18     0.00   0.36   1.60
cas1-1        18446744073707749376.00 18446744073709350912.00 9007199254628494.00 9007199254728491.00     0.00     0.00   0.00   0.00    0.00    0.00 4294958.11     0.50     0.50   0.00 429493804.40

avg-cpu:  %user   %nice %system %iowait  %steal   %idle
           0.47    0.00    0.13    1.00    0.00   98.41

Device            r/s     w/s     rMB/s     wMB/s   rrqm/s   wrqm/s  %rrqm  %wrqm r_await w_await aqu-sz rareq-sz wareq-sz  svctm  %util
nvme1n1          0.00    0.00      0.00      0.00     0.00     0.00   0.00   0.00    0.00    0.00   0.00     0.00     0.00   0.00   0.00
nvme0n1          0.00    0.00      0.00      0.00     0.00     0.00   0.00   0.00    0.00    0.00   0.00     0.00     0.00   0.00   0.00
cas1-1           0.00    0.00      0.00      0.00     0.00     0.00   0.00   0.00    0.00    0.00   0.00     0.00     0.00   0.00   0.00

avg-cpu:  %user   %nice %system %iowait  %steal   %idle
           0.85    0.00    5.25    0.66    0.00   93.23

Device            r/s     w/s     rMB/s     wMB/s   rrqm/s   wrqm/s  %rrqm  %wrqm r_await w_await aqu-sz rareq-sz wareq-sz  svctm  %util
nvme1n1       22001.00 7999.00   1375.06    499.94     0.00     0.00   0.00   0.00    0.50    0.57   0.42    64.00    64.00   0.03  90.40
nvme0n1       8000.00 3263.00    500.00    203.94     0.00     0.00   0.00   0.00    0.22    0.04   0.33    64.00    64.00   0.08  90.40
cas1-1        30009.00 3263.00   1875.56    203.94     0.00     0.00   0.00   0.00    0.46    0.08   0.93    64.00    64.00   0.03  90.50

avg-cpu:  %user   %nice %system %iowait  %steal   %idle
           0.79    0.00    4.60    0.00    0.00   94.61

Device            r/s     w/s     rMB/s     wMB/s   rrqm/s   wrqm/s  %rrqm  %wrqm r_await w_await aqu-sz rareq-sz wareq-sz  svctm  %util
nvme1n1       37600.00  183.00   2350.00     11.44     0.00     0.00   0.00   0.00    0.41    0.42   0.00    64.00    64.00   0.03 100.00
nvme0n1        182.00 4289.00     11.38    268.06     0.00     0.00   0.00   0.00    0.16    0.03   0.00    64.00    64.00   0.22  98.50
cas1-1        37784.00 4290.00   2361.56    268.12     0.00     0.00   0.00   0.00    0.41    0.04   0.01    64.00    64.00   0.02 100.00

avg-cpu:  %user   %nice %system %iowait  %steal   %idle
           0.79    0.00    4.54    0.00    0.00   94.67

Device            r/s     w/s     rMB/s     wMB/s   rrqm/s   wrqm/s  %rrqm  %wrqm r_await w_await aqu-sz rareq-sz wareq-sz  svctm  %util
nvme1n1       37891.00    2.00   2368.19      0.12     0.00     0.00   0.00   0.00    0.40    0.50   0.00    64.00    64.00   0.03 100.00
nvme0n1          2.00 4046.00      0.12    252.88     0.00     0.00   0.00   0.00    0.50    0.03   0.00    64.00    64.00   0.24  98.00
cas1-1        37892.00 4045.00   2368.19    252.81     0.00     0.00   0.00   0.00    0.41    0.04   0.00    64.00    64.00   0.02 100.00

avg-cpu:  %user   %nice %system %iowait  %steal   %idle
           0.76    0.00    4.45    0.00    0.00   94.79

Device            r/s     w/s     rMB/s     wMB/s   rrqm/s   wrqm/s  %rrqm  %wrqm r_await w_await aqu-sz rareq-sz wareq-sz  svctm  %util
nvme1n1       37517.82    0.00   2344.86      0.00     0.00     0.00   0.00   0.00    0.40    0.00   0.00    64.00     0.00   0.03  99.01
nvme0n1          0.00 4360.40      0.00    272.52     0.00     0.00   0.00   0.00    0.00    0.03   0.00     0.00    64.00   0.22  97.43
cas1-1        37519.80 4362.38   2344.99    272.65     0.00     0.00   0.00   0.00    0.41    0.04   0.00    64.00    64.00   0.02  99.11

avg-cpu:  %user   %nice %system %iowait  %steal   %idle
           0.82    0.00    4.48    0.00    0.00   94.70

Device            r/s     w/s     rMB/s     wMB/s   rrqm/s   wrqm/s  %rrqm  %wrqm r_await w_await aqu-sz rareq-sz wareq-sz  svctm  %util
nvme1n1       37895.00    0.00   2368.44      0.00     0.00     0.00   0.00   0.00    0.40    0.00   0.00    64.00     0.00   0.03 100.00
nvme0n1          0.00 4215.00      0.00    263.44     0.00     0.00   0.00   0.00    0.00    0.03   0.00     0.00    64.00   0.23  97.90
cas1-1        37891.00 4213.00   2368.19    263.31     0.00     0.00   0.00   0.00    0.41    0.04   0.00    64.00    64.00   0.02  99.90

avg-cpu:  %user   %nice %system %iowait  %steal   %idle
           0.79    0.00    4.57    0.00    0.00   94.64

Device            r/s     w/s     rMB/s     wMB/s   rrqm/s   wrqm/s  %rrqm  %wrqm r_await w_await aqu-sz rareq-sz wareq-sz  svctm  %util
nvme1n1       37897.00    0.00   2368.56      0.00     0.00     0.00   0.00   0.00    0.40    0.00   0.00    64.00     0.00   0.03 100.00
nvme0n1          0.00 4106.00      0.00    256.62     0.00     0.00   0.00   0.00    0.00    0.03   0.00     0.00    64.00   0.24  97.90
cas1-1        37899.00 4106.00   2368.69    256.62     0.00     0.00   0.00   0.00    0.41    0.04   0.00    64.00    64.00   0.02 100.10

avg-cpu:  %user   %nice %system %iowait  %steal   %idle
           0.85    0.00    4.38    0.00    0.00   94.77

Device            r/s     w/s     rMB/s     wMB/s   rrqm/s   wrqm/s  %rrqm  %wrqm r_await w_await aqu-sz rareq-sz wareq-sz  svctm  %util
nvme1n1       37903.00    0.00   2368.94      0.00     0.00     0.00   0.00   0.00    0.40    0.00   0.00    64.00     0.00   0.03 100.10
nvme0n1          0.00 4120.00      0.00    257.50     0.00     0.00   0.00   0.00    0.00    0.03   0.00     0.00    64.00   0.24  98.10
cas1-1        37906.00 4120.00   2369.12    257.50     0.00     0.00   0.00   0.00    0.41    0.04   0.00    64.00    64.00   0.02 100.00

avg-cpu:  %user   %nice %system %iowait  %steal   %idle
           0.82    0.00    4.42    0.00    0.00   94.76

Device            r/s     w/s     rMB/s     wMB/s   rrqm/s   wrqm/s  %rrqm  %wrqm r_await w_await aqu-sz rareq-sz wareq-sz  svctm  %util
nvme1n1       37907.00    0.00   2369.19      0.00     0.00     0.00   0.00   0.00    0.40    0.00   0.00    64.00     0.00   0.03 100.00
nvme0n1          0.00 4184.00      0.00    261.50     0.00     0.00   0.00   0.00    0.00    0.03   0.00     0.00    64.00   0.24  98.50
cas1-1        37907.00 4186.00   2369.19    261.62     0.00     0.00   0.00   0.00    0.41    0.04   0.00    64.00    64.00   0.02 100.00

avg-cpu:  %user   %nice %system %iowait  %steal   %idle
           0.73    0.00    4.48    0.00    0.00   94.79

Device            r/s     w/s     rMB/s     wMB/s   rrqm/s   wrqm/s  %rrqm  %wrqm r_await w_await aqu-sz rareq-sz wareq-sz  svctm  %util
nvme1n1       37887.00    0.00   2367.94      0.00     0.00     0.00   0.00   0.00    0.40    0.00   0.00    64.00     0.00   0.03 100.00
nvme0n1          0.00 4171.00      0.00    260.69     0.00     0.00   0.00   0.00    0.00    0.03   0.00     0.00    64.00   0.23  97.80
cas1-1        37887.00 4169.00   2367.94    260.56     0.00     0.00   0.00   0.00    0.41    0.04   0.00    64.00    64.00   0.02 100.00

avg-cpu:  %user   %nice %system %iowait  %steal   %idle
           0.82    0.00    4.69    0.00    0.00   94.50

Device            r/s     w/s     rMB/s     wMB/s   rrqm/s   wrqm/s  %rrqm  %wrqm r_await w_await aqu-sz rareq-sz wareq-sz  svctm  %util
nvme1n1       37854.00    0.00   2365.88      0.00     0.00     0.00   0.00   0.00    0.40    0.00   0.00    64.00     0.00   0.03 100.00
nvme0n1          0.00 4110.00      0.00    256.88     0.00     0.00   0.00   0.00    0.00    0.03   0.00     0.00    64.00   0.24  98.60
cas1-1        37852.00 4110.00   2365.75    256.88     0.00     0.00   0.00   0.00    0.41    0.04   0.00    64.00    64.00   0.02 100.00

avg-cpu:  %user   %nice %system %iowait  %steal   %idle
           0.76    0.00    4.54    0.00    0.00   94.70

Device            r/s     w/s     rMB/s     wMB/s   rrqm/s   wrqm/s  %rrqm  %wrqm r_await w_await aqu-sz rareq-sz wareq-sz  svctm  %util
nvme1n1       37864.00    0.00   2366.50      0.00     0.00     0.00   0.00   0.00    0.40    0.00   0.00    64.00     0.00   0.03 100.00
nvme0n1          0.00 4148.00      0.00    259.25     0.00     0.00   0.00   0.00    0.00    0.03   0.00     0.00    64.00   0.24  97.80
cas1-1        37865.00 4148.00   2366.56    259.25     0.00     0.00   0.00   0.00    0.41    0.04   0.00    64.00    64.00   0.02 100.00

avg-cpu:  %user   %nice %system %iowait  %steal   %idle
           0.76    0.00    4.57    0.00    0.00   94.67

Device            r/s     w/s     rMB/s     wMB/s   rrqm/s   wrqm/s  %rrqm  %wrqm r_await w_await aqu-sz rareq-sz wareq-sz  svctm  %util
nvme1n1       37771.00    0.00   2360.69      0.00     0.00     0.00   0.00   0.00    0.41    0.00   0.00    64.00     0.00   0.03 100.00
nvme0n1          0.00 4242.00      0.00    265.12     0.00     0.00   0.00   0.00    0.00    0.03   0.00     0.00    64.00   0.23  98.30
cas1-1        37772.00 4242.00   2360.75    265.12     0.00     0.00   0.00   0.00    0.41    0.04   0.00    64.00    64.00   0.02 100.00

avg-cpu:  %user   %nice %system %iowait  %steal   %idle
           0.79    0.00    4.57    0.00    0.00   94.65

Device            r/s     w/s     rMB/s     wMB/s   rrqm/s   wrqm/s  %rrqm  %wrqm r_await w_await aqu-sz rareq-sz wareq-sz  svctm  %util
nvme1n1       37827.00    0.00   2364.19      0.00     0.00     0.00   0.00   0.00    0.41    0.00   0.00    64.00     0.00   0.03 100.00
nvme0n1          0.00 4199.00      0.00    262.44     0.00     0.00   0.00   0.00    0.00    0.03   0.00     0.00    64.00   0.23  97.60
cas1-1        37826.00 4199.00   2364.12    262.44     0.00     0.00   0.00   0.00    0.41    0.04   0.00    64.00    64.00   0.02 100.00

avg-cpu:  %user   %nice %system %iowait  %steal   %idle
           0.79    0.00    4.51    0.00    0.00   94.70

Device            r/s     w/s     rMB/s     wMB/s   rrqm/s   wrqm/s  %rrqm  %wrqm r_await w_await aqu-sz rareq-sz wareq-sz  svctm  %util
nvme1n1       37851.00    0.00   2365.69      0.00     0.00     0.00   0.00   0.00    0.40    0.00   0.00    64.00     0.00   0.03 100.00
nvme0n1          0.00 4194.00      0.00    262.12     0.00     0.00   0.00   0.00    0.00    0.03   0.00     0.00    64.00   0.23  98.00
cas1-1        37845.00 4194.00   2365.31    262.12     0.00     0.00   0.00   0.00    0.41    0.04   0.00    64.00    64.00   0.02 100.00

avg-cpu:  %user   %nice %system %iowait  %steal   %idle
           0.79    0.00    4.63    0.00    0.00   94.59

Device            r/s     w/s     rMB/s     wMB/s   rrqm/s   wrqm/s  %rrqm  %wrqm r_await w_await aqu-sz rareq-sz wareq-sz  svctm  %util
nvme1n1       37895.00    0.00   2368.44      0.00     0.00     0.00   0.00   0.00    0.40    0.00   0.00    64.00     0.00   0.03 100.00
nvme0n1          0.00 4086.00      0.00    255.38     0.00     0.00   0.00   0.00    0.00    0.03   0.00     0.00    64.00   0.24  98.20
cas1-1        37900.00 4087.00   2368.75    255.44     0.00     0.00   0.00   0.00    0.41    0.04   0.00    64.00    64.00   0.02 100.00

avg-cpu:  %user   %nice %system %iowait  %steal   %idle
           0.79    0.00    4.51    0.00    0.00   94.70

Device            r/s     w/s     rMB/s     wMB/s   rrqm/s   wrqm/s  %rrqm  %wrqm r_await w_await aqu-sz rareq-sz wareq-sz  svctm  %util
nvme1n1       37900.00    0.00   2368.75      0.00     0.00     0.00   0.00   0.00    0.40    0.00   0.00    64.00     0.00   0.03 100.00
nvme0n1          0.00 4113.00      0.00    257.06     0.00     0.00   0.00   0.00    0.00    0.03   0.00     0.00    64.00   0.24  98.10
cas1-1        37900.00 4112.00   2368.75    257.00     0.00     0.00   0.00   0.00    0.41    0.04   0.00    64.00    64.00   0.02 100.00

avg-cpu:  %user   %nice %system %iowait  %steal   %idle
           0.79    0.00    4.42    0.00    0.00   94.79

Device            r/s     w/s     rMB/s     wMB/s   rrqm/s   wrqm/s  %rrqm  %wrqm r_await w_await aqu-sz rareq-sz wareq-sz  svctm  %util
nvme1n1       37875.00    0.00   2367.19      0.00     0.00     0.00   0.00   0.00    0.40    0.00   0.00    64.00     0.00   0.03 100.00
nvme0n1          0.00 4234.00      0.00    264.62     0.00     0.00   0.00   0.00    0.00    0.03   0.00     0.00    64.00   0.23  99.00
cas1-1        37875.00 4236.00   2367.19    264.75     0.00     0.00   0.00   0.00    0.41    0.04   0.00    64.00    64.00   0.02 100.00

avg-cpu:  %user   %nice %system %iowait  %steal   %idle
           0.98    0.00    4.57    0.06    0.00   94.39

Device            r/s     w/s     rMB/s     wMB/s   rrqm/s   wrqm/s  %rrqm  %wrqm r_await w_await aqu-sz rareq-sz wareq-sz  svctm  %util
nvme1n1       37888.00    0.00   2368.00      0.00     0.00     0.00   0.00   0.00    0.40    0.00   0.00    64.00     0.00   0.03 100.00
nvme0n1          0.00 4358.00      0.00    272.38     0.00     0.00   0.00   0.00    0.00    0.03   0.00     0.00    64.00   0.23  98.30
cas1-1        37891.00 4357.00   2368.19    272.31     0.00     0.00   0.00   0.00    0.41    0.04   0.00    64.00    64.00   0.02 100.10

avg-cpu:  %user   %nice %system %iowait  %steal   %idle
           0.79    0.00    4.54    0.00    0.00   94.67

Device            r/s     w/s     rMB/s     wMB/s   rrqm/s   wrqm/s  %rrqm  %wrqm r_await w_await aqu-sz rareq-sz wareq-sz  svctm  %util
nvme1n1       37897.00    0.00   2368.56      0.00     0.00     0.00   0.00   0.00    0.40    0.00   0.00    64.00     0.00   0.03 100.00
nvme0n1          0.00 4250.00      0.00    265.62     0.00     0.00   0.00   0.00    0.00    0.03   0.00     0.00    64.00   0.23  99.00
cas1-1        37897.00 4253.00   2368.56    265.81     0.00     0.00   0.00   0.00    0.41    0.04   0.00    64.00    64.00   0.02 100.00

avg-cpu:  %user   %nice %system %iowait  %steal   %idle
           0.85    0.00    4.38    0.00    0.00   94.77

Device            r/s     w/s     rMB/s     wMB/s   rrqm/s   wrqm/s  %rrqm  %wrqm r_await w_await aqu-sz rareq-sz wareq-sz  svctm  %util
nvme1n1       37856.00    0.00   2366.00      0.00     0.00     0.00   0.00   0.00    0.40    0.00   0.00    64.00     0.00   0.03 100.00
nvme0n1          0.00 4205.00      0.00    262.81     0.00     0.00   0.00   0.00    0.00    0.03   0.00     0.00    64.00   0.23  98.10
cas1-1        37855.00 4201.00   2365.94    262.56     0.00     0.00   0.00   0.00    0.41    0.04   0.00    64.00    64.00   0.02 100.00

avg-cpu:  %user   %nice %system %iowait  %steal   %idle
           0.79    0.00    4.63    0.00    0.00   94.58

Device            r/s     w/s     rMB/s     wMB/s   rrqm/s   wrqm/s  %rrqm  %wrqm r_await w_await aqu-sz rareq-sz wareq-sz  svctm  %util
nvme1n1       37865.00    0.00   2366.56      0.00     0.00     0.00   0.00   0.00    0.40    0.00   0.00    64.00     0.00   0.03 100.00
nvme0n1          0.00 4073.00      0.00    254.56     0.00     0.00   0.00   0.00    0.00    0.03   0.00     0.00    64.00   0.24  98.60
cas1-1        37864.00 4077.00   2366.50    254.81     0.00     0.00   0.00   0.00    0.41    0.04   0.00    64.00    64.00   0.02 100.00

avg-cpu:  %user   %nice %system %iowait  %steal   %idle
           0.76    0.00    4.69    0.13    0.00   94.43

Device            r/s     w/s     rMB/s     wMB/s   rrqm/s   wrqm/s  %rrqm  %wrqm r_await w_await aqu-sz rareq-sz wareq-sz  svctm  %util
nvme1n1       37803.00    0.00   2362.69      0.00     0.00     0.00   0.00   0.00    0.41    0.00   0.00    64.00     0.00   0.03 100.10
nvme0n1          0.00 4240.00      0.00    265.00     0.00     0.00   0.00   0.00    0.00    0.03   0.00     0.00    64.00   0.23  98.90
cas1-1        37802.00 4236.00   2362.62    264.75     0.00     0.00   0.00   0.00    0.41    0.04   0.00    64.00    64.00   0.02 100.00

avg-cpu:  %user   %nice %system %iowait  %steal   %idle
           0.76    0.00    4.57    0.00    0.00   94.67

Device            r/s     w/s     rMB/s     wMB/s   rrqm/s   wrqm/s  %rrqm  %wrqm r_await w_await aqu-sz rareq-sz wareq-sz  svctm  %util
nvme1n1       37794.00    0.00   2362.12      0.00     0.00     0.00   0.00   0.00    0.41    0.00   0.00    64.00     0.00   0.03 100.00
nvme0n1          0.00 4082.00      0.00    255.12     0.00     0.00   0.00   0.00    0.00    0.03   0.00     0.00    64.00   0.24  99.10
cas1-1        37796.00 4083.00   2362.25    255.19     0.00     0.00   0.00   0.00    0.41    0.04   0.00    64.00    64.00   0.02 100.00

avg-cpu:  %user   %nice %system %iowait  %steal   %idle
           0.76    0.00    4.63    0.00    0.00   94.61

Device            r/s     w/s     rMB/s     wMB/s   rrqm/s   wrqm/s  %rrqm  %wrqm r_await w_await aqu-sz rareq-sz wareq-sz  svctm  %util
nvme1n1       37849.00    0.00   2365.56      0.00     0.00     0.00   0.00   0.00    0.40    0.00   0.00    64.00     0.00   0.03 100.00
nvme0n1          0.00 4291.00      0.00    268.19     0.00     0.00   0.00   0.00    0.00    0.03   0.00     0.00    64.00   0.23  99.30
cas1-1        37843.00 4292.00   2365.19    268.25     0.00     0.00   0.00   0.00    0.41    0.04   0.00    64.00    64.00   0.02 100.00

avg-cpu:  %user   %nice %system %iowait  %steal   %idle
           0.79    0.00    4.51    0.00    0.00   94.70

Device            r/s     w/s     rMB/s     wMB/s   rrqm/s   wrqm/s  %rrqm  %wrqm r_await w_await aqu-sz rareq-sz wareq-sz  svctm  %util
nvme1n1       37877.00    0.00   2367.31      0.00     0.00     0.00   0.00   0.00    0.40    0.00   0.00    64.00     0.00   0.03 100.00
nvme0n1          0.00 4148.00      0.00    259.25     0.00     0.00   0.00   0.00    0.00    0.03   0.00     0.00    64.00   0.24  98.60
cas1-1        37881.00 4148.00   2367.56    259.25     0.00     0.00   0.00   0.00    0.41    0.04   0.00    64.00    64.00   0.02 100.00

avg-cpu:  %user   %nice %system %iowait  %steal   %idle
           0.76    0.00    4.60    0.00    0.00   94.65

Device            r/s     w/s     rMB/s     wMB/s   rrqm/s   wrqm/s  %rrqm  %wrqm r_await w_await aqu-sz rareq-sz wareq-sz  svctm  %util
nvme1n1       37875.00    0.00   2367.19      0.00     0.00     0.00   0.00   0.00    0.40    0.00   0.00    64.00     0.00   0.03 100.00
nvme0n1          0.00 4163.00      0.00    260.19     0.00     0.00   0.00   0.00    0.00    0.03   0.00     0.00    64.00   0.24  98.70
cas1-1        37875.00 4162.00   2367.19    260.12     0.00     0.00   0.00   0.00    0.41    0.04   0.00    64.00    64.00   0.02 100.00

avg-cpu:  %user   %nice %system %iowait  %steal   %idle
           0.76    0.00    4.63    0.00    0.00   94.61

Device            r/s     w/s     rMB/s     wMB/s   rrqm/s   wrqm/s  %rrqm  %wrqm r_await w_await aqu-sz rareq-sz wareq-sz  svctm  %util
nvme1n1       37899.00    0.00   2368.69      0.00     0.00     0.00   0.00   0.00    0.40    0.00   0.00    64.00     0.00   0.03 100.00
nvme0n1          0.00 4190.00      0.00    261.88     0.00     0.00   0.00   0.00    0.00    0.03   0.00     0.00    64.00   0.23  98.10
cas1-1        37900.00 4189.00   2368.75    261.81     0.00     0.00   0.00   0.00    0.41    0.04   0.00    64.00    64.00   0.02 100.00

avg-cpu:  %user   %nice %system %iowait  %steal   %idle
           0.79    0.00    4.72    0.00    0.00   94.49

Device            r/s     w/s     rMB/s     wMB/s   rrqm/s   wrqm/s  %rrqm  %wrqm r_await w_await aqu-sz rareq-sz wareq-sz  svctm  %util
nvme1n1       37888.00    0.00   2368.00      0.00     0.00     0.00   0.00   0.00    0.40    0.00   0.00    64.00     0.00   0.03 100.00
nvme0n1          0.00 4344.00      0.00    271.50     0.00     0.00   0.00   0.00    0.00    0.03   0.00     0.00    64.00   0.23  98.50
cas1-1        37888.00 4344.00   2368.00    271.50     0.00     0.00   0.00   0.00    0.41    0.04   0.00    64.00    64.00   0.02 100.00

avg-cpu:  %user   %nice %system %iowait  %steal   %idle
           0.76    0.00    4.45    0.06    0.00   94.73

Device            r/s     w/s     rMB/s     wMB/s   rrqm/s   wrqm/s  %rrqm  %wrqm r_await w_await aqu-sz rareq-sz wareq-sz  svctm  %util
nvme1n1       37886.00    0.00   2367.88      0.00     0.00     0.00   0.00   0.00    0.40    0.00   0.00    64.00     0.00   0.03 100.00
nvme0n1          0.00 4204.00      0.00    262.75     0.00     0.00   0.00   0.00    0.00    0.03   0.00     0.00    64.00   0.23  98.00
cas1-1        37887.00 4205.00   2367.94    262.81     0.00     0.00   0.00   0.00    0.41    0.04   0.00    64.00    64.00   0.02 100.00

avg-cpu:  %user   %nice %system %iowait  %steal   %idle
           0.76    0.00    4.48    0.00    0.00   94.83

Device            r/s     w/s     rMB/s     wMB/s   rrqm/s   wrqm/s  %rrqm  %wrqm r_await w_await aqu-sz rareq-sz wareq-sz  svctm  %util
nvme1n1       37877.00    0.00   2367.31      0.00     0.00     0.00   0.00   0.00    0.40    0.00   0.00    64.00     0.00   0.03 100.00
nvme0n1          0.00 4118.00      0.00    257.38     0.00     0.00   0.00   0.00    0.00    0.03   0.00     0.00    64.00   0.24  98.30
cas1-1        37875.00 4118.00   2367.19    257.38     0.00     0.00   0.00   0.00    0.41    0.04   0.00    64.00    64.00   0.02 100.00

avg-cpu:  %user   %nice %system %iowait  %steal   %idle
           0.85    0.00    4.33    0.00    0.00   94.82

Device            r/s     w/s     rMB/s     wMB/s   rrqm/s   wrqm/s  %rrqm  %wrqm r_await w_await aqu-sz rareq-sz wareq-sz  svctm  %util
nvme1n1       37884.00    0.00   2367.75      0.00     0.00     0.00   0.00   0.00    0.40    0.00   0.00    64.00     0.00   0.03 100.00
nvme0n1          0.00 4101.00      0.00    256.31     0.00     0.00   0.00   0.00    0.00    0.03   0.00     0.00    64.00   0.24  98.10
cas1-1        37884.00 4102.00   2367.75    256.38     0.00     0.00   0.00   0.00    0.41    0.04   0.00    64.00    64.00   0.02 100.00

avg-cpu:  %user   %nice %system %iowait  %steal   %idle
           0.66    0.00    4.54    0.00    0.00   94.79

Device            r/s     w/s     rMB/s     wMB/s   rrqm/s   wrqm/s  %rrqm  %wrqm r_await w_await aqu-sz rareq-sz wareq-sz  svctm  %util
nvme1n1       37877.00    0.00   2367.31      0.00     0.00     0.00   0.00   0.00    0.40    0.00   0.00    64.00     0.00   0.03 100.00
nvme0n1          0.00 4077.00      0.00    254.81     0.00     0.00   0.00   0.00    0.00    0.03   0.00     0.00    64.00   0.24  98.20
cas1-1        37878.00 4076.00   2367.38    254.75     0.00     0.00   0.00   0.00    0.41    0.04   0.00    64.00    64.00   0.02 100.00

avg-cpu:  %user   %nice %system %iowait  %steal   %idle
           0.82    0.00    4.35    0.00    0.00   94.82

Device            r/s     w/s     rMB/s     wMB/s   rrqm/s   wrqm/s  %rrqm  %wrqm r_await w_await aqu-sz rareq-sz wareq-sz  svctm  %util
nvme1n1       37899.00    0.00   2368.69      0.00     0.00     0.00   0.00   0.00    0.40    0.00   0.00    64.00     0.00   0.03 100.00
nvme0n1          0.00 4230.00      0.00    264.38     0.00     0.00   0.00   0.00    0.00    0.03   0.00     0.00    64.00   0.23  98.10
cas1-1        37900.00 4231.00   2368.75    264.44     0.00     0.00   0.00   0.00    0.41    0.04   0.00    64.00    64.00   0.02 100.10

avg-cpu:  %user   %nice %system %iowait  %steal   %idle
           0.76    0.00    4.57    0.00    0.00   94.67

Device            r/s     w/s     rMB/s     wMB/s   rrqm/s   wrqm/s  %rrqm  %wrqm r_await w_await aqu-sz rareq-sz wareq-sz  svctm  %util
nvme1n1       37897.00    0.00   2368.56      0.00     0.00     0.00   0.00   0.00    0.40    0.00   0.00    64.00     0.00   0.03 100.00
nvme0n1          0.00 4175.00      0.00    260.94     0.00     0.00   0.00   0.00    0.00    0.03   0.00     0.00    64.00   0.24  98.40
cas1-1        37896.00 4174.00   2368.50    260.88     0.00     0.00   0.00   0.00    0.41    0.04   0.00    64.00    64.00   0.02 100.00

avg-cpu:  %user   %nice %system %iowait  %steal   %idle
           0.72    0.00    4.57    0.00    0.00   94.71

Device            r/s     w/s     rMB/s     wMB/s   rrqm/s   wrqm/s  %rrqm  %wrqm r_await w_await aqu-sz rareq-sz wareq-sz  svctm  %util
nvme1n1       37894.00    0.00   2368.38      0.00     0.00     0.00   0.00   0.00    0.40    0.00   0.00    64.00     0.00   0.03 100.00
nvme0n1          0.00 4200.00      0.00    262.50     0.00     0.00   0.00   0.00    0.00    0.03   0.00     0.00    64.00   0.23  98.40
cas1-1        37894.00 4199.00   2368.38    262.44     0.00     0.00   0.00   0.00    0.41    0.04   0.00    64.00    64.00   0.02 100.00

avg-cpu:  %user   %nice %system %iowait  %steal   %idle
           0.73    0.00    4.54    0.00    0.00   94.73

Device            r/s     w/s     rMB/s     wMB/s   rrqm/s   wrqm/s  %rrqm  %wrqm r_await w_await aqu-sz rareq-sz wareq-sz  svctm  %util
nvme1n1       37893.00    0.00   2368.31      0.00     0.00     0.00   0.00   0.00    0.40    0.00   0.00    64.00     0.00   0.03 100.10
nvme0n1          0.00 4282.00      0.00    267.62     0.00     0.00   0.00   0.00    0.00    0.03   0.00     0.00    64.00   0.23  98.20
cas1-1        37892.00 4284.00   2368.25    267.75     0.00     0.00   0.00   0.00    0.41    0.04   0.00    64.00    64.00   0.02 100.00

avg-cpu:  %user   %nice %system %iowait  %steal   %idle
           0.85    0.00    4.44    0.00    0.00   94.71

Device            r/s     w/s     rMB/s     wMB/s   rrqm/s   wrqm/s  %rrqm  %wrqm r_await w_await aqu-sz rareq-sz wareq-sz  svctm  %util
nvme1n1       37874.00    0.00   2367.12      0.00     0.00     0.00   0.00   0.00    0.40    0.00   0.00    64.00     0.00   0.03 100.00
nvme0n1          0.00 4184.00      0.00    261.50     0.00     0.00   0.00   0.00    0.00    0.03   0.00     0.00    64.00   0.24  98.50
cas1-1        37875.00 4182.00   2367.19    261.38     0.00     0.00   0.00   0.00    0.41    0.04   0.00    64.00    64.00   0.02 100.00

avg-cpu:  %user   %nice %system %iowait  %steal   %idle
           0.82    0.00    4.51    0.00    0.00   94.67

Device            r/s     w/s     rMB/s     wMB/s   rrqm/s   wrqm/s  %rrqm  %wrqm r_await w_await aqu-sz rareq-sz wareq-sz  svctm  %util
nvme1n1       37885.00    0.00   2367.81      0.00     0.00     0.00   0.00   0.00    0.40    0.00   0.00    64.00     0.00   0.03 100.00
nvme0n1          0.00 4166.00      0.00    260.38     0.00     0.00   0.00   0.00    0.00    0.03   0.00     0.00    64.00   0.24  98.10
cas1-1        37886.00 4166.00   2367.88    260.38     0.00     0.00   0.00   0.00    0.41    0.04   0.00    64.00    64.00   0.02 100.00

avg-cpu:  %user   %nice %system %iowait  %steal   %idle
           1.39    0.00    4.54    0.00    0.00   94.08

Device            r/s     w/s     rMB/s     wMB/s   rrqm/s   wrqm/s  %rrqm  %wrqm r_await w_await aqu-sz rareq-sz wareq-sz  svctm  %util
nvme1n1       37883.00    0.00   2367.69      0.00     0.00     0.00   0.00   0.00    0.40    0.00   0.00    64.00     0.00   0.03 100.00
nvme0n1          0.00 4221.00      0.00    263.81     0.00     0.00   0.00   0.00    0.00    0.03   0.00     0.00    64.00   0.23  98.40
cas1-1        37884.00 4222.00   2367.75    263.88     0.00     0.00   0.00   0.00    0.41    0.04   0.00    64.00    64.00   0.02 100.00

avg-cpu:  %user   %nice %system %iowait  %steal   %idle
           0.79    0.00    4.60    0.00    0.00   94.61

Device            r/s     w/s     rMB/s     wMB/s   rrqm/s   wrqm/s  %rrqm  %wrqm r_await w_await aqu-sz rareq-sz wareq-sz  svctm  %util
nvme1n1       37890.00    0.00   2368.12      0.00     0.00     0.00   0.00   0.00    0.40    0.00   0.00    64.00     0.00   0.03 100.00
nvme0n1          0.00 4156.00      0.00    259.75     0.00     0.00   0.00   0.00    0.00    0.03   0.00     0.00    64.00   0.24  98.50
cas1-1        37889.00 4156.00   2368.06    259.75     0.00     0.00   0.00   0.00    0.41    0.04   0.00    64.00    64.00   0.02 100.00

avg-cpu:  %user   %nice %system %iowait  %steal   %idle
           0.76    0.00    4.63    0.00    0.00   94.62

Device            r/s     w/s     rMB/s     wMB/s   rrqm/s   wrqm/s  %rrqm  %wrqm r_await w_await aqu-sz rareq-sz wareq-sz  svctm  %util
nvme1n1       37882.00    0.00   2367.62      0.00     0.00     0.00   0.00   0.00    0.40    0.00   0.00    64.00     0.00   0.03 100.00
nvme0n1          0.00 4196.00      0.00    262.25     0.00     0.00   0.00   0.00    0.00    0.03   0.00     0.00    64.00   0.24  98.90
cas1-1        37881.00 4197.00   2367.56    262.31     0.00     0.00   0.00   0.00    0.41    0.04   0.00    64.00    64.00   0.02 100.00

avg-cpu:  %user   %nice %system %iowait  %steal   %idle
           0.85    0.00    4.56    0.00    0.00   94.59

Device            r/s     w/s     rMB/s     wMB/s   rrqm/s   wrqm/s  %rrqm  %wrqm r_await w_await aqu-sz rareq-sz wareq-sz  svctm  %util
nvme1n1       37887.00    0.00   2367.94      0.00     0.00     0.00   0.00   0.00    0.40    0.00   0.00    64.00     0.00   0.03 100.00
nvme0n1          0.00 4161.00      0.00    260.06     0.00     0.00   0.00   0.00    0.00    0.03   0.00     0.00    64.00   0.24  98.80
cas1-1        37888.00 4161.00   2368.00    260.06     0.00     0.00   0.00   0.00    0.41    0.04   0.00    64.00    64.00   0.02 100.00

avg-cpu:  %user   %nice %system %iowait  %steal   %idle
           0.85    0.00    4.57    0.00    0.00   94.58

Device            r/s     w/s     rMB/s     wMB/s   rrqm/s   wrqm/s  %rrqm  %wrqm r_await w_await aqu-sz rareq-sz wareq-sz  svctm  %util
nvme1n1       37893.00    0.00   2368.31      0.00     0.00     0.00   0.00   0.00    0.40    0.00   0.00    64.00     0.00   0.03 100.00
nvme0n1          0.00 4215.00      0.00    263.44     0.00     0.00   0.00   0.00    0.00    0.03   0.00     0.00    64.00   0.23  98.90
cas1-1        37892.00 4214.00   2368.25    263.38     0.00     0.00   0.00   0.00    0.41    0.04   0.00    64.00    64.00   0.02 100.00

avg-cpu:  %user   %nice %system %iowait  %steal   %idle
           0.76    0.00    4.51    0.00    0.00   94.74

Device            r/s     w/s     rMB/s     wMB/s   rrqm/s   wrqm/s  %rrqm  %wrqm r_await w_await aqu-sz rareq-sz wareq-sz  svctm  %util
nvme1n1       37889.00    0.00   2368.06      0.00     0.00     0.00   0.00   0.00    0.40    0.00   0.00    64.00     0.00   0.03 100.00
nvme0n1          0.00 4148.00      0.00    259.25     0.00     0.00   0.00   0.00    0.00    0.03   0.00     0.00    64.00   0.24  98.40
cas1-1        37890.00 4148.00   2368.12    259.25     0.00     0.00   0.00   0.00    0.41    0.04   0.00    64.00    64.00   0.02 100.10

avg-cpu:  %user   %nice %system %iowait  %steal   %idle
           0.79    0.00    4.48    0.00    0.00   94.74

Device            r/s     w/s     rMB/s     wMB/s   rrqm/s   wrqm/s  %rrqm  %wrqm r_await w_await aqu-sz rareq-sz wareq-sz  svctm  %util
nvme1n1       37888.00    0.00   2368.00      0.00     0.00     0.00   0.00   0.00    0.40    0.00   0.00    64.00     0.00   0.03 100.00
nvme0n1          0.00 4243.00      0.00    265.19     0.00     0.00   0.00   0.00    0.00    0.03   0.00     0.00    64.00   0.23  98.20
cas1-1        37889.00 4244.00   2368.06    265.25     0.00     0.00   0.00   0.00    0.41    0.04   0.00    64.00    64.00   0.02 100.00

avg-cpu:  %user   %nice %system %iowait  %steal   %idle
           0.82    0.00    4.60    0.00    0.00   94.58

Device            r/s     w/s     rMB/s     wMB/s   rrqm/s   wrqm/s  %rrqm  %wrqm r_await w_await aqu-sz rareq-sz wareq-sz  svctm  %util
nvme1n1       37894.00    0.00   2368.38      0.00     0.00     0.00   0.00   0.00    0.40    0.00   0.00    64.00     0.00   0.03 100.00
nvme0n1          0.00 4172.00      0.00    260.75     0.00     0.00   0.00   0.00    0.00    0.03   0.00     0.00    64.00   0.23  97.90
cas1-1        37893.00 4171.00   2368.31    260.69     0.00     0.00   0.00   0.00    0.41    0.04   0.00    64.00    64.00   0.02 100.00

avg-cpu:  %user   %nice %system %iowait  %steal   %idle
           0.82    0.00    4.47    0.00    0.00   94.71

Device            r/s     w/s     rMB/s     wMB/s   rrqm/s   wrqm/s  %rrqm  %wrqm r_await w_await aqu-sz rareq-sz wareq-sz  svctm  %util
nvme1n1       37900.00    0.00   2368.75      0.00     0.00     0.00   0.00   0.00    0.40    0.00   0.00    64.00     0.00   0.03 100.00
nvme0n1          0.00 4033.00      0.00    252.06     0.00     0.00   0.00   0.00    0.00    0.03   0.00     0.00    64.00   0.24  98.10
cas1-1        37901.00 4032.00   2368.81    252.00     0.00     0.00   0.00   0.00    0.41    0.04   0.00    64.00    64.00   0.02 100.00

avg-cpu:  %user   %nice %system %iowait  %steal   %idle
           0.79    0.00    3.56    0.03    0.00   95.63

Device            r/s     w/s     rMB/s     wMB/s   rrqm/s   wrqm/s  %rrqm  %wrqm r_await w_await aqu-sz rareq-sz wareq-sz  svctm  %util
nvme1n1       28917.00    0.00   1805.29      0.00     0.00     0.00   0.00   0.00    0.40    0.00   0.00    63.93     0.00   0.03  76.80
nvme0n1          0.00 3124.00      0.00    195.25     0.00     0.00   0.00   0.00    0.00    0.03   0.00     0.00    64.00   0.24  74.20
cas1-1        28899.00 3124.00   1804.48    195.25     0.00     0.00   0.00   0.00    0.41    0.04   0.00    63.94    64.00   0.02  76.70

