1_deamonize.conf 2
1_blk_mq.conf 2
1_block_pc.conf 2
1_discard_zeros.conf 2
1_bdev_lookup.conf 1
1_queue_bounce.conf 2
1_append_bio.conf 1
1_bio_flags.conf 1
1_bio_iter.conf 1
1_dentry.conf 1
1_bio_dev.conf 1
1_req_fs.conf 2
1_biovec.conf 1
1_blk_end_req.conf 1
1_bio_err.conf 1
1_blk_status.conf 1
1_flush_flag.conf 1
1_hlist.conf 1
1_global_page_state.conf 1
1_err_no_to_blk_sts.conf 1
1_generic_acct.conf 1
1_inode.conf 1
1_queue_chunk_sectors.conf 1
1_write_flag.conf 1
1_submit_bio.conf 1
1_queue_flag_set.conf 1
1_bio_discard.conf 2
1_queue_limits.conf 2
1_queue_lock.conf 2
2_make_req.conf 2
1_wtlh.conf 1
1_bio_clone.conf 3
2_bio_barrier.conf 1
2_queue_write.conf 1
1_munmap.conf 3
1_write_fua.conf 3
2_flush_fua.conf 3
2_bio_cmpl.conf 2
2_write_flush.conf 3
