Linux 5.4.1-050401-lowlatency (kanwu-Super-Server) 	09/10/2020 	_x86_64_	(32 CPU)

avg-cpu:  %user   %nice %system %iowait  %steal   %idle
           0.06    0.00    0.22    0.07    0.00   99.65

Device            r/s     w/s     rMB/s     wMB/s   rrqm/s   wrqm/s  %rrqm  %wrqm r_await w_await aqu-sz rareq-sz wareq-sz  svctm  %util
nvme1n1       1004.42  306.75     62.77     18.86     0.00     0.00   0.00   0.00    0.33    0.41   0.00    64.00    62.94   0.03   3.84
nvme0n1        221.39  200.85     13.84     12.55     0.00     0.00   0.00   0.00    0.25    0.05   0.01    63.99    63.98   0.06   2.48
cas1-1          12.96   12.96      0.81      0.81     0.00     0.00   0.00   0.00    0.44    0.48   0.00    64.00    64.00   0.03   0.08

avg-cpu:  %user   %nice %system %iowait  %steal   %idle
           0.00    0.00    0.03    0.72    0.00   99.25

Device            r/s     w/s     rMB/s     wMB/s   rrqm/s   wrqm/s  %rrqm  %wrqm r_await w_await aqu-sz rareq-sz wareq-sz  svctm  %util
nvme1n1          0.00    0.00      0.00      0.00     0.00     0.00   0.00   0.00    0.00    0.00   0.00     0.00     0.00   0.00   0.00
nvme0n1          0.00    0.00      0.00      0.00     0.00     0.00   0.00   0.00    0.00    0.00   0.00     0.00     0.00   0.00   0.00
cas1-1           0.00    0.00      0.00      0.00     0.00     0.00   0.00   0.00    0.00    0.00   0.00     0.00     0.00   0.00   0.00

avg-cpu:  %user   %nice %system %iowait  %steal   %idle
           0.03    0.00    0.03    1.28    0.00   98.66

Device            r/s     w/s     rMB/s     wMB/s   rrqm/s   wrqm/s  %rrqm  %wrqm r_await w_await aqu-sz rareq-sz wareq-sz  svctm  %util
nvme1n1          0.00    0.00      0.00      0.00     0.00     0.00   0.00   0.00    0.00    0.00   0.00     0.00     0.00   0.00   0.00
nvme0n1          0.00    0.00      0.00      0.00     0.00     0.00   0.00   0.00    0.00    0.00   0.00     0.00     0.00   0.00   0.00
cas1-1           0.00    0.00      0.00      0.00     0.00     0.00   0.00   0.00    0.00    0.00   0.00     0.00     0.00   0.00   0.00

avg-cpu:  %user   %nice %system %iowait  %steal   %idle
           0.00    0.00    0.03    1.13    0.00   98.84

Device            r/s     w/s     rMB/s     wMB/s   rrqm/s   wrqm/s  %rrqm  %wrqm r_await w_await aqu-sz rareq-sz wareq-sz  svctm  %util
nvme1n1          0.00    0.00      0.00      0.00     0.00     0.00   0.00   0.00    0.00    0.00   0.00     0.00     0.00   0.00   0.00
nvme0n1          0.00    0.00      0.00      0.00     0.00     0.00   0.00   0.00    0.00    0.00   0.00     0.00     0.00   0.00   0.00
cas1-1           0.00    0.00      0.00      0.00     0.00     0.00   0.00   0.00    0.00    0.00   0.00     0.00     0.00   0.00   0.00

avg-cpu:  %user   %nice %system %iowait  %steal   %idle
           0.06    0.00    0.31    1.91    0.00   97.72

Device            r/s     w/s     rMB/s     wMB/s   rrqm/s   wrqm/s  %rrqm  %wrqm r_await w_await aqu-sz rareq-sz wareq-sz  svctm  %util
nvme1n1          0.00  295.00      0.00     35.82     0.00     0.00   0.00   0.00    0.00    0.42   0.01     0.00   124.33   0.08   2.30
nvme0n1          3.00    0.00      0.01      0.00     0.00     0.00   0.00   0.00    0.00    0.00   0.00     4.00     0.00   0.33   0.10

avg-cpu:  %user   %nice %system %iowait  %steal   %idle
           0.09    0.00    0.38    0.44    0.00   99.09

Device            r/s     w/s     rMB/s     wMB/s   rrqm/s   wrqm/s  %rrqm  %wrqm r_await w_await aqu-sz rareq-sz wareq-sz  svctm  %util
nvme1n1         35.00  744.00      1.07     86.42     0.00     0.00   0.00   0.00    0.03    0.23   0.01    31.44   118.94   0.09   6.70
nvme0n1         41.00    0.00      1.03      0.00     0.00     0.00   0.00   0.00    0.39    0.00   0.01    25.66     0.00   0.29   1.20

avg-cpu:  %user   %nice %system %iowait  %steal   %idle
           0.59    0.00    0.19    0.88    0.00   98.34

Device            r/s     w/s     rMB/s     wMB/s   rrqm/s   wrqm/s  %rrqm  %wrqm r_await w_await aqu-sz rareq-sz wareq-sz  svctm  %util
nvme1n1          0.00    0.00      0.00      0.00     0.00     0.00   0.00   0.00    0.00    0.00   0.00     0.00     0.00   0.00   0.00
nvme0n1          0.00    0.00      0.00      0.00     0.00     0.00   0.00   0.00    0.00    0.00   0.00     0.00     0.00   0.00   0.00

avg-cpu:  %user   %nice %system %iowait  %steal   %idle
           0.57    0.00    3.43    0.98    0.00   95.02

Device            r/s     w/s     rMB/s     wMB/s   rrqm/s   wrqm/s  %rrqm  %wrqm r_await w_await aqu-sz rareq-sz wareq-sz  svctm  %util
nvme1n1       2809.00 12477.00    175.56    779.81     0.00     0.00   0.00   0.00    0.56    0.48   0.02    64.00    64.00   0.04  57.60
nvme0n1       4902.00 7587.00    306.38    474.19     0.00     0.00   0.00   0.00    0.35    0.04   0.29    64.00    64.00   0.05  57.60

avg-cpu:  %user   %nice %system %iowait  %steal   %idle
           0.82    0.00    5.11    0.00    0.00   94.08

Device            r/s     w/s     rMB/s     wMB/s   rrqm/s   wrqm/s  %rrqm  %wrqm r_await w_await aqu-sz rareq-sz wareq-sz  svctm  %util
nvme1n1       12225.00 17543.00    764.06   1096.44     0.00     0.00   0.00   0.00    0.51    0.54   0.00    64.00    64.00   0.03  99.90
nvme0n1       2671.00 14870.00    166.94    929.37     0.00     0.00   0.00   0.00    0.37    0.03   0.24    64.00    64.00   0.06  99.90

avg-cpu:  %user   %nice %system %iowait  %steal   %idle
           0.88    0.00    4.69    0.00    0.00   94.43

Device            r/s     w/s     rMB/s     wMB/s   rrqm/s   wrqm/s  %rrqm  %wrqm r_await w_await aqu-sz rareq-sz wareq-sz  svctm  %util
nvme1n1       14965.00 15681.00    935.38    980.06     0.00     0.00   0.00   0.00    0.50    0.51   0.00    64.00    64.00   0.03 100.00
nvme0n1        514.00 15164.00     32.12    947.75     0.00     0.00   0.00   0.00    0.33    0.03   0.03    64.00    64.00   0.06 100.00

avg-cpu:  %user   %nice %system %iowait  %steal   %idle
           0.69    0.00    4.66    0.00    0.00   94.65

Device            r/s     w/s     rMB/s     wMB/s   rrqm/s   wrqm/s  %rrqm  %wrqm r_await w_await aqu-sz rareq-sz wareq-sz  svctm  %util
nvme1n1       14812.00 15408.00    925.69    963.00     0.00     0.00   0.00   0.00    0.50    0.52   0.00    64.00    64.00   0.03 100.00
nvme0n1         95.00 15313.00      5.94    957.06     0.00     0.00   0.00   0.00    0.41    0.03   0.01    64.00    64.00   0.06 100.00

avg-cpu:  %user   %nice %system %iowait  %steal   %idle
           0.79    0.00    4.47    0.00    0.00   94.74

Device            r/s     w/s     rMB/s     wMB/s   rrqm/s   wrqm/s  %rrqm  %wrqm r_await w_await aqu-sz rareq-sz wareq-sz  svctm  %util
nvme1n1       15475.00 15315.00    967.19    957.19     0.00     0.00   0.00   0.00    0.49    0.51   0.00    64.00    64.00   0.03 100.00
nvme0n1          8.00 15307.00      0.50    956.69     0.00     0.00   0.00   0.00    0.25    0.03   0.00    64.00    64.00   0.07 100.00

avg-cpu:  %user   %nice %system %iowait  %steal   %idle
           0.79    0.00    4.59    0.00    0.00   94.62

Device            r/s     w/s     rMB/s     wMB/s   rrqm/s   wrqm/s  %rrqm  %wrqm r_await w_await aqu-sz rareq-sz wareq-sz  svctm  %util
nvme1n1       15364.00 15174.00    960.25    948.38     0.00     0.00   0.00   0.00    0.50    0.52   0.00    64.00    64.00   0.03 100.00
nvme0n1          2.00 15176.00      0.12    948.50     0.00     0.00   0.00   0.00    0.50    0.03   0.00    64.00    64.00   0.07 100.00

avg-cpu:  %user   %nice %system %iowait  %steal   %idle
           0.75    0.00    4.56    0.00    0.00   94.68

Device            r/s     w/s     rMB/s     wMB/s   rrqm/s   wrqm/s  %rrqm  %wrqm r_await w_await aqu-sz rareq-sz wareq-sz  svctm  %util
nvme1n1       15010.00 15329.00    938.12    958.06     0.00     0.00   0.00   0.00    0.50    0.52   0.00    64.00    64.00   0.03 100.00
nvme0n1          1.00 15326.00      0.06    957.88     0.00     0.00   0.00   0.00    0.00    0.03   0.00    64.00    64.00   0.07 100.00

avg-cpu:  %user   %nice %system %iowait  %steal   %idle
           0.79    0.00    4.50    0.00    0.00   94.72

Device            r/s     w/s     rMB/s     wMB/s   rrqm/s   wrqm/s  %rrqm  %wrqm r_await w_await aqu-sz rareq-sz wareq-sz  svctm  %util
nvme1n1       15392.00 15415.00    962.00    963.44     0.00     0.00   0.00   0.00    0.49    0.51   0.00    64.00    64.00   0.03 100.00
nvme0n1          0.00 15414.00      0.00    963.37     0.00     0.00   0.00   0.00    0.00    0.03   0.00     0.00    64.00   0.06 100.00

avg-cpu:  %user   %nice %system %iowait  %steal   %idle
           0.85    0.00    4.47    0.00    0.00   94.68

Device            r/s     w/s     rMB/s     wMB/s   rrqm/s   wrqm/s  %rrqm  %wrqm r_await w_await aqu-sz rareq-sz wareq-sz  svctm  %util
nvme1n1       15369.00 15425.00    960.56    964.06     0.00     0.00   0.00   0.00    0.49    0.51   0.00    64.00    64.00   0.03 100.00
nvme0n1          0.00 15423.00      0.00    963.94     0.00     0.00   0.00   0.00    0.00    0.03   0.00     0.00    64.00   0.06 100.00

avg-cpu:  %user   %nice %system %iowait  %steal   %idle
           0.79    0.00    4.59    0.00    0.00   94.62

Device            r/s     w/s     rMB/s     wMB/s   rrqm/s   wrqm/s  %rrqm  %wrqm r_await w_await aqu-sz rareq-sz wareq-sz  svctm  %util
nvme1n1       15545.00 15287.00    971.56    955.44     0.00     0.00   0.00   0.00    0.49    0.51   0.00    64.00    64.00   0.03 100.00
nvme0n1          0.00 15287.00      0.00    955.44     0.00     0.00   0.00   0.00    0.00    0.03   0.00     0.00    64.00   0.07 100.00

avg-cpu:  %user   %nice %system %iowait  %steal   %idle
           0.72    0.00    4.62    0.00    0.00   94.65

Device            r/s     w/s     rMB/s     wMB/s   rrqm/s   wrqm/s  %rrqm  %wrqm r_await w_await aqu-sz rareq-sz wareq-sz  svctm  %util
nvme1n1       15494.00 15322.00    968.38    957.62     0.00     0.00   0.00   0.00    0.49    0.51   0.00    64.00    64.00   0.03 100.20
nvme0n1          0.00 15328.00      0.00    958.00     0.00     0.00   0.00   0.00    0.00    0.03   0.00     0.00    64.00   0.07 100.00

avg-cpu:  %user   %nice %system %iowait  %steal   %idle
           0.72    0.00    4.65    0.00    0.00   94.62

Device            r/s     w/s     rMB/s     wMB/s   rrqm/s   wrqm/s  %rrqm  %wrqm r_await w_await aqu-sz rareq-sz wareq-sz  svctm  %util
nvme1n1       15427.00 15366.00    964.19    960.38     0.00     0.00   0.00   0.00    0.49    0.51   0.00    64.00    64.00   0.03 100.00
nvme0n1          0.00 15359.00      0.00    959.94     0.00     0.00   0.00   0.00    0.00    0.03   0.00     0.00    64.00   0.07 100.00

avg-cpu:  %user   %nice %system %iowait  %steal   %idle
           0.69    0.00    4.62    0.00    0.00   94.69

Device            r/s     w/s     rMB/s     wMB/s   rrqm/s   wrqm/s  %rrqm  %wrqm r_await w_await aqu-sz rareq-sz wareq-sz  svctm  %util
nvme1n1       15397.00 15404.00    962.31    962.75     0.00     0.00   0.00   0.00    0.49    0.51   0.00    64.00    64.00   0.03 100.00
nvme0n1          0.00 15404.00      0.00    962.75     0.00     0.00   0.00   0.00    0.00    0.03   0.00     0.00    64.00   0.06 100.00

avg-cpu:  %user   %nice %system %iowait  %steal   %idle
           1.32    0.00    4.50    0.00    0.00   94.17

Device            r/s     w/s     rMB/s     wMB/s   rrqm/s   wrqm/s  %rrqm  %wrqm r_await w_await aqu-sz rareq-sz wareq-sz  svctm  %util
nvme1n1       15314.00 15314.00    957.12    957.12     0.00     0.00   0.00   0.00    0.50    0.51   0.00    64.00    64.00   0.03 100.00
nvme0n1          0.00 15313.00      0.00    957.06     0.00     0.00   0.00   0.00    0.00    0.03   0.00     0.00    64.00   0.07 100.00

avg-cpu:  %user   %nice %system %iowait  %steal   %idle
           0.82    0.00    4.59    0.13    0.00   94.47

Device            r/s     w/s     rMB/s     wMB/s   rrqm/s   wrqm/s  %rrqm  %wrqm r_await w_await aqu-sz rareq-sz wareq-sz  svctm  %util
nvme1n1       15250.00 15387.00    953.12    961.69     0.00     0.00   0.00   0.00    0.50    0.51   0.00    64.00    64.00   0.03 100.00
nvme0n1          0.00 15394.00      0.00    962.12     0.00     0.00   0.00   0.00    0.00    0.03   0.00     0.00    64.00   0.06 100.00

avg-cpu:  %user   %nice %system %iowait  %steal   %idle
           0.85    0.00    4.50    0.19    0.00   94.47

Device            r/s     w/s     rMB/s     wMB/s   rrqm/s   wrqm/s  %rrqm  %wrqm r_await w_await aqu-sz rareq-sz wareq-sz  svctm  %util
nvme1n1       15364.00 15455.00    960.25    965.94     0.00     0.00   0.00   0.00    0.49    0.51   0.00    64.00    64.00   0.03 100.00
nvme0n1          0.00 15449.00      0.00    965.56     0.00     0.00   0.00   0.00    0.00    0.03   0.00     0.00    64.00   0.06 100.00

avg-cpu:  %user   %nice %system %iowait  %steal   %idle
           0.79    0.00    4.59    0.00    0.00   94.63

Device            r/s     w/s     rMB/s     wMB/s   rrqm/s   wrqm/s  %rrqm  %wrqm r_await w_await aqu-sz rareq-sz wareq-sz  svctm  %util
nvme1n1       15242.00 15491.00    952.62    968.19     0.00     0.00   0.00   0.00    0.49    0.51   0.00    64.00    64.00   0.03 100.00
nvme0n1          0.00 15493.00      0.00    968.31     0.00     0.00   0.00   0.00    0.00    0.03   0.00     0.00    64.00   0.06 100.00

avg-cpu:  %user   %nice %system %iowait  %steal   %idle
           0.72    0.00    4.78    0.00    0.00   94.50

Device            r/s     w/s     rMB/s     wMB/s   rrqm/s   wrqm/s  %rrqm  %wrqm r_await w_await aqu-sz rareq-sz wareq-sz  svctm  %util
nvme1n1       15161.00 15522.00    947.56    970.12     0.00     0.00   0.00   0.00    0.49    0.51   0.00    64.00    64.00   0.03 100.00
nvme0n1          0.00 15522.00      0.00    970.12     0.00     0.00   0.00   0.00    0.00    0.03   0.00     0.00    64.00   0.06 100.00

avg-cpu:  %user   %nice %system %iowait  %steal   %idle
           0.75    0.00    4.53    0.00    0.00   94.72

Device            r/s     w/s     rMB/s     wMB/s   rrqm/s   wrqm/s  %rrqm  %wrqm r_await w_await aqu-sz rareq-sz wareq-sz  svctm  %util
nvme1n1       15306.00 15284.00    956.62    955.25     0.00     0.00   0.00   0.00    0.50    0.52   0.00    64.00    64.00   0.03 100.10
nvme0n1          0.00 15285.00      0.00    955.31     0.00     0.00   0.00   0.00    0.00    0.03   0.00     0.00    64.00   0.07 100.10

avg-cpu:  %user   %nice %system %iowait  %steal   %idle
           0.72    0.00    4.71    0.00    0.00   94.56

Device            r/s     w/s     rMB/s     wMB/s   rrqm/s   wrqm/s  %rrqm  %wrqm r_await w_await aqu-sz rareq-sz wareq-sz  svctm  %util
nvme1n1       15212.00 15237.00    950.75    952.31     0.00     0.00   0.00   0.00    0.50    0.52   0.00    64.00    64.00   0.03 100.00
nvme0n1          0.00 15238.00      0.00    952.38     0.00     0.00   0.00   0.00    0.00    0.03   0.00     0.00    64.00   0.07 100.00

avg-cpu:  %user   %nice %system %iowait  %steal   %idle
           0.75    0.00    4.68    0.00    0.00   94.56

Device            r/s     w/s     rMB/s     wMB/s   rrqm/s   wrqm/s  %rrqm  %wrqm r_await w_await aqu-sz rareq-sz wareq-sz  svctm  %util
nvme1n1       15357.00 15467.00    959.81    966.69     0.00     0.00   0.00   0.00    0.49    0.51   0.00    64.00    64.00   0.03 100.00
nvme0n1          0.00 15464.00      0.00    966.50     0.00     0.00   0.00   0.00    0.00    0.03   0.00     0.00    64.00   0.06 100.00

avg-cpu:  %user   %nice %system %iowait  %steal   %idle
           0.82    0.00    4.59    0.00    0.00   94.59

Device            r/s     w/s     rMB/s     wMB/s   rrqm/s   wrqm/s  %rrqm  %wrqm r_await w_await aqu-sz rareq-sz wareq-sz  svctm  %util
nvme1n1       14879.00 15351.00    929.94    959.44     0.00     0.00   0.00   0.00    0.50    0.52   0.00    64.00    64.00   0.03 100.00
nvme0n1          0.00 15354.00      0.00    959.62     0.00     0.00   0.00   0.00    0.00    0.03   0.00     0.00    64.00   0.07 100.00

avg-cpu:  %user   %nice %system %iowait  %steal   %idle
           0.82    0.00    4.47    0.00    0.00   94.71

Device            r/s     w/s     rMB/s     wMB/s   rrqm/s   wrqm/s  %rrqm  %wrqm r_await w_await aqu-sz rareq-sz wareq-sz  svctm  %util
nvme1n1       15128.00 15236.00    945.50    952.25     0.00     0.00   0.00   0.00    0.50    0.52   0.00    64.00    64.00   0.03 100.00
nvme0n1          0.00 15233.00      0.00    952.06     0.00     0.00   0.00   0.00    0.00    0.03   0.00     0.00    64.00   0.07 100.00

avg-cpu:  %user   %nice %system %iowait  %steal   %idle
           0.79    0.00    4.56    0.00    0.00   94.65

Device            r/s     w/s     rMB/s     wMB/s   rrqm/s   wrqm/s  %rrqm  %wrqm r_await w_await aqu-sz rareq-sz wareq-sz  svctm  %util
nvme1n1       15306.00 15481.00    956.62    967.56     0.00     0.00   0.00   0.00    0.49    0.51   0.00    64.00    64.00   0.03 100.00
nvme0n1          0.00 15483.00      0.00    967.69     0.00     0.00   0.00   0.00    0.00    0.03   0.00     0.00    64.00   0.06 100.00

avg-cpu:  %user   %nice %system %iowait  %steal   %idle
           0.88    0.00    4.53    0.00    0.00   94.59

Device            r/s     w/s     rMB/s     wMB/s   rrqm/s   wrqm/s  %rrqm  %wrqm r_await w_await aqu-sz rareq-sz wareq-sz  svctm  %util
nvme1n1       15221.00 15183.00    951.31    948.94     0.00     0.00   0.00   0.00    0.50    0.52   0.00    64.00    64.00   0.03 100.00
nvme0n1          0.00 15180.00      0.00    948.75     0.00     0.00   0.00   0.00    0.00    0.03   0.00     0.00    64.00   0.07 100.00

avg-cpu:  %user   %nice %system %iowait  %steal   %idle
           0.72    0.00    4.66    0.00    0.00   94.62

Device            r/s     w/s     rMB/s     wMB/s   rrqm/s   wrqm/s  %rrqm  %wrqm r_await w_await aqu-sz rareq-sz wareq-sz  svctm  %util
nvme1n1       15639.00 15251.00    977.44    953.19     0.00     0.00   0.00   0.00    0.49    0.51   0.00    64.00    64.00   0.03 100.00
nvme0n1          0.00 15255.00      0.00    953.44     0.00     0.00   0.00   0.00    0.00    0.03   0.00     0.00    64.00   0.07 100.00

avg-cpu:  %user   %nice %system %iowait  %steal   %idle
           0.72    0.00    4.44    0.00    0.00   94.84

Device            r/s     w/s     rMB/s     wMB/s   rrqm/s   wrqm/s  %rrqm  %wrqm r_await w_await aqu-sz rareq-sz wareq-sz  svctm  %util
nvme1n1       15175.00 15264.00    948.44    954.00     0.00     0.00   0.00   0.00    0.50    0.52   0.00    64.00    64.00   0.03 100.00
nvme0n1          0.00 15262.00      0.00    953.88     0.00     0.00   0.00   0.00    0.00    0.03   0.00     0.00    64.00   0.07 100.00

avg-cpu:  %user   %nice %system %iowait  %steal   %idle
           0.85    0.00    4.47    0.00    0.00   94.69

Device            r/s     w/s     rMB/s     wMB/s   rrqm/s   wrqm/s  %rrqm  %wrqm r_await w_await aqu-sz rareq-sz wareq-sz  svctm  %util
nvme1n1       15166.00 15108.00    947.88    944.25     0.00     0.00   0.00   0.00    0.50    0.52   0.00    64.00    64.00   0.03 100.00
nvme0n1          0.00 15106.00      0.00    944.12     0.00     0.00   0.00   0.00    0.00    0.03   0.00     0.00    64.00   0.07 100.00

avg-cpu:  %user   %nice %system %iowait  %steal   %idle
           0.66    0.00    4.63    0.00    0.00   94.71

Device            r/s     w/s     rMB/s     wMB/s   rrqm/s   wrqm/s  %rrqm  %wrqm r_await w_await aqu-sz rareq-sz wareq-sz  svctm  %util
nvme1n1       15452.00 15350.00    965.75    959.38     0.00     0.00   0.00   0.00    0.49    0.51   0.00    64.00    64.00   0.03 100.00
nvme0n1          0.00 15354.00      0.00    959.62     0.00     0.00   0.00   0.00    0.00    0.03   0.00     0.00    64.00   0.07 100.00

avg-cpu:  %user   %nice %system %iowait  %steal   %idle
           0.82    0.00    4.44    0.00    0.00   94.75

Device            r/s     w/s     rMB/s     wMB/s   rrqm/s   wrqm/s  %rrqm  %wrqm r_await w_await aqu-sz rareq-sz wareq-sz  svctm  %util
nvme1n1       14951.00 14768.00    934.44    923.00     0.00     0.00   0.00   0.00    0.51    0.53   0.00    64.00    64.00   0.03 100.00
nvme0n1          0.00 14765.00      0.00    922.81     0.00     0.00   0.00   0.00    0.00    0.03   0.00     0.00    64.00   0.07 100.00

avg-cpu:  %user   %nice %system %iowait  %steal   %idle
           0.79    0.00    4.50    0.00    0.00   94.71

Device            r/s     w/s     rMB/s     wMB/s   rrqm/s   wrqm/s  %rrqm  %wrqm r_await w_await aqu-sz rareq-sz wareq-sz  svctm  %util
nvme1n1       15317.00 15319.00    957.31    957.44     0.00     0.00   0.00   0.00    0.50    0.51   0.00    64.00    64.00   0.03 100.00
nvme0n1          0.00 15322.00      0.00    957.62     0.00     0.00   0.00   0.00    0.00    0.03   0.00     0.00    64.00   0.07 100.00

avg-cpu:  %user   %nice %system %iowait  %steal   %idle
           0.72    0.00    4.62    0.06    0.00   94.59

Device            r/s     w/s     rMB/s     wMB/s   rrqm/s   wrqm/s  %rrqm  %wrqm r_await w_await aqu-sz rareq-sz wareq-sz  svctm  %util
nvme1n1       15152.00 15437.00    947.00    964.81     0.00     0.00   0.00   0.00    0.50    0.52   0.00    64.00    64.00   0.03 100.00
nvme0n1          0.00 15438.00      0.00    964.88     0.00     0.00   0.00   0.00    0.00    0.03   0.00     0.00    64.00   0.06 100.00

avg-cpu:  %user   %nice %system %iowait  %steal   %idle
           0.79    0.00    4.47    0.00    0.00   94.74

Device            r/s     w/s     rMB/s     wMB/s   rrqm/s   wrqm/s  %rrqm  %wrqm r_await w_await aqu-sz rareq-sz wareq-sz  svctm  %util
nvme1n1       15075.00 15268.00    942.19    954.25     0.00     0.00   0.00   0.00    0.50    0.52   0.00    64.00    64.00   0.03 100.00
nvme0n1          0.00 15266.00      0.00    954.12     0.00     0.00   0.00   0.00    0.00    0.03   0.00     0.00    64.00   0.07 100.00

avg-cpu:  %user   %nice %system %iowait  %steal   %idle
           0.72    0.00    4.68    0.00    0.00   94.59

Device            r/s     w/s     rMB/s     wMB/s   rrqm/s   wrqm/s  %rrqm  %wrqm r_await w_await aqu-sz rareq-sz wareq-sz  svctm  %util
nvme1n1       15402.00 15349.00    962.63    959.31     0.00     0.00   0.00   0.00    0.49    0.51   0.00    64.00    64.00   0.03 100.00
nvme0n1          0.00 15349.00      0.00    959.31     0.00     0.00   0.00   0.00    0.00    0.03   0.00     0.00    64.00   0.07 100.00

avg-cpu:  %user   %nice %system %iowait  %steal   %idle
           0.69    0.00    4.75    0.00    0.00   94.56

Device            r/s     w/s     rMB/s     wMB/s   rrqm/s   wrqm/s  %rrqm  %wrqm r_await w_await aqu-sz rareq-sz wareq-sz  svctm  %util
nvme1n1       14999.00 15071.00    937.44    941.94     0.00     0.00   0.00   0.00    0.50    0.52   0.00    64.00    64.00   0.03 100.10
nvme0n1          0.00 15073.00      0.00    942.06     0.00     0.00   0.00   0.00    0.00    0.03   0.00     0.00    64.00   0.07 100.10

avg-cpu:  %user   %nice %system %iowait  %steal   %idle
           0.85    0.00    4.53    0.00    0.00   94.63

Device            r/s     w/s     rMB/s     wMB/s   rrqm/s   wrqm/s  %rrqm  %wrqm r_await w_await aqu-sz rareq-sz wareq-sz  svctm  %util
nvme1n1       14979.00 15190.00    936.19    949.38     0.00     0.00   0.00   0.00    0.50    0.52   0.00    64.00    64.00   0.03 100.00
nvme0n1          0.00 15187.00      0.00    949.19     0.00     0.00   0.00   0.00    0.00    0.03   0.00     0.00    64.00   0.07 100.00

avg-cpu:  %user   %nice %system %iowait  %steal   %idle
           0.72    0.00    4.59    0.00    0.00   94.69

Device            r/s     w/s     rMB/s     wMB/s   rrqm/s   wrqm/s  %rrqm  %wrqm r_await w_await aqu-sz rareq-sz wareq-sz  svctm  %util
nvme1n1       15369.00 15177.00    960.56    948.56     0.00     0.00   0.00   0.00    0.50    0.52   0.00    64.00    64.00   0.03 100.00
nvme0n1          0.00 15177.00      0.00    948.56     0.00     0.00   0.00   0.00    0.00    0.03   0.00     0.00    64.00   0.07 100.00

avg-cpu:  %user   %nice %system %iowait  %steal   %idle
           0.82    0.00    4.41    0.00    0.00   94.77

Device            r/s     w/s     rMB/s     wMB/s   rrqm/s   wrqm/s  %rrqm  %wrqm r_await w_await aqu-sz rareq-sz wareq-sz  svctm  %util
nvme1n1       14887.00 14852.00    930.44    928.25     0.00     0.00   0.00   0.00    0.51    0.53   0.00    64.00    64.00   0.03 100.00
nvme0n1          0.00 14854.00      0.00    928.38     0.00     0.00   0.00   0.00    0.00    0.03   0.00     0.00    64.00   0.07 100.00

avg-cpu:  %user   %nice %system %iowait  %steal   %idle
           0.88    0.00    4.53    0.00    0.00   94.59

Device            r/s     w/s     rMB/s     wMB/s   rrqm/s   wrqm/s  %rrqm  %wrqm r_await w_await aqu-sz rareq-sz wareq-sz  svctm  %util
nvme1n1       15269.00 15303.00    954.31    956.44     0.00     0.00   0.00   0.00    0.50    0.52   0.00    64.00    64.00   0.03 100.00
nvme0n1          0.00 15302.00      0.00    956.38     0.00     0.00   0.00   0.00    0.00    0.03   0.00     0.00    64.00   0.07 100.00

avg-cpu:  %user   %nice %system %iowait  %steal   %idle
           0.72    0.00    4.56    0.00    0.00   94.71

Device            r/s     w/s     rMB/s     wMB/s   rrqm/s   wrqm/s  %rrqm  %wrqm r_await w_await aqu-sz rareq-sz wareq-sz  svctm  %util
nvme1n1       15503.00 15364.00    968.94    960.25     0.00     0.00   0.00   0.00    0.49    0.51   0.00    64.00    64.00   0.03 100.00
nvme0n1          0.00 15361.00      0.00    960.06     0.00     0.00   0.00   0.00    0.00    0.03   0.00     0.00    64.00   0.07 100.00

avg-cpu:  %user   %nice %system %iowait  %steal   %idle
           0.76    0.00    4.50    0.00    0.00   94.74

Device            r/s     w/s     rMB/s     wMB/s   rrqm/s   wrqm/s  %rrqm  %wrqm r_await w_await aqu-sz rareq-sz wareq-sz  svctm  %util
nvme1n1       15421.00 15050.00    963.81    940.62     0.00     0.00   0.00   0.00    0.50    0.52   0.00    64.00    64.00   0.03 100.20
nvme0n1          0.00 15051.00      0.00    940.69     0.00     0.00   0.00   0.00    0.00    0.03   0.00     0.00    64.00   0.07 100.00

avg-cpu:  %user   %nice %system %iowait  %steal   %idle
           0.82    0.00    4.31    0.00    0.00   94.87

Device            r/s     w/s     rMB/s     wMB/s   rrqm/s   wrqm/s  %rrqm  %wrqm r_await w_await aqu-sz rareq-sz wareq-sz  svctm  %util
nvme1n1       14728.00 14523.00    920.50    907.69     0.00     0.00   0.00   0.00    0.52    0.54   0.00    64.00    64.00   0.03 100.00
nvme0n1          0.00 14523.00      0.00    907.69     0.00     0.00   0.00   0.00    0.00    0.03   0.00     0.00    64.00   0.07 100.00

avg-cpu:  %user   %nice %system %iowait  %steal   %idle
           0.79    0.00    4.59    0.00    0.00   94.62

Device            r/s     w/s     rMB/s     wMB/s   rrqm/s   wrqm/s  %rrqm  %wrqm r_await w_await aqu-sz rareq-sz wareq-sz  svctm  %util
nvme1n1       15251.00 15429.00    953.19    964.31     0.00     0.00   0.00   0.00    0.49    0.51   0.00    64.00    64.00   0.03 100.00
nvme0n1          0.00 15434.00      0.00    964.62     0.00     0.00   0.00   0.00    0.00    0.03   0.00     0.00    64.00   0.06 100.00

avg-cpu:  %user   %nice %system %iowait  %steal   %idle
           0.82    0.00    4.74    0.00    0.00   94.44

Device            r/s     w/s     rMB/s     wMB/s   rrqm/s   wrqm/s  %rrqm  %wrqm r_await w_await aqu-sz rareq-sz wareq-sz  svctm  %util
nvme1n1       15127.00 15339.00    945.44    958.69     0.00     0.00   0.00   0.00    0.50    0.52   0.00    64.00    64.00   0.03 100.00
nvme0n1          0.00 15335.00      0.00    958.44     0.00     0.00   0.00   0.00    0.00    0.03   0.00     0.00    64.00   0.07 100.00

avg-cpu:  %user   %nice %system %iowait  %steal   %idle
           0.85    0.00    4.59    0.00    0.00   94.56

Device            r/s     w/s     rMB/s     wMB/s   rrqm/s   wrqm/s  %rrqm  %wrqm r_await w_await aqu-sz rareq-sz wareq-sz  svctm  %util
nvme1n1       15187.00 15306.00    949.19    956.62     0.00     0.00   0.00   0.00    0.50    0.52   0.00    64.00    64.00   0.03 100.00
nvme0n1          0.00 15311.00      0.00    956.94     0.00     0.00   0.00   0.00    0.00    0.03   0.00     0.00    64.00   0.07 100.00

avg-cpu:  %user   %nice %system %iowait  %steal   %idle
           0.79    0.00    4.65    0.00    0.00   94.56

Device            r/s     w/s     rMB/s     wMB/s   rrqm/s   wrqm/s  %rrqm  %wrqm r_await w_await aqu-sz rareq-sz wareq-sz  svctm  %util
nvme1n1       15322.00 15337.00    957.62    958.56     0.00     0.00   0.00   0.00    0.49    0.51   0.00    64.00    64.00   0.03 100.00
nvme0n1          0.00 15331.00      0.00    958.25     0.00     0.00   0.00   0.00    0.00    0.03   0.00     0.00    64.00   0.07 100.00

avg-cpu:  %user   %nice %system %iowait  %steal   %idle
           0.91    0.00    4.44    0.00    0.00   94.65

Device            r/s     w/s     rMB/s     wMB/s   rrqm/s   wrqm/s  %rrqm  %wrqm r_await w_await aqu-sz rareq-sz wareq-sz  svctm  %util
nvme1n1       15073.00 14909.00    942.06    931.81     0.00     0.00   0.00   0.00    0.51    0.53   0.00    64.00    64.00   0.03 100.00
nvme0n1          0.00 14912.00      0.00    931.94     0.00     0.00   0.00   0.00    0.00    0.03   0.00     0.00    64.00   0.07 100.00

avg-cpu:  %user   %nice %system %iowait  %steal   %idle
           0.82    0.00    4.56    0.00    0.00   94.62

Device            r/s     w/s     rMB/s     wMB/s   rrqm/s   wrqm/s  %rrqm  %wrqm r_await w_await aqu-sz rareq-sz wareq-sz  svctm  %util
nvme1n1       15395.00 15211.00    962.19    950.69     0.00     0.00   0.00   0.00    0.50    0.52   0.00    64.00    64.00   0.03 100.00
nvme0n1          0.00 15211.00      0.00    950.69     0.00     0.00   0.00   0.00    0.00    0.03   0.00     0.00    64.00   0.07 100.00

avg-cpu:  %user   %nice %system %iowait  %steal   %idle
           0.79    0.00    4.47    0.00    0.00   94.75

Device            r/s     w/s     rMB/s     wMB/s   rrqm/s   wrqm/s  %rrqm  %wrqm r_await w_await aqu-sz rareq-sz wareq-sz  svctm  %util
nvme1n1       15285.00 14985.00    955.31    936.63     0.00     0.00   0.00   0.00    0.50    0.52   0.00    64.00    64.00   0.03 100.00
nvme0n1          0.00 14982.00      0.00    936.38     0.00     0.00   0.00   0.00    0.00    0.03   0.00     0.00    64.00   0.07 100.00

avg-cpu:  %user   %nice %system %iowait  %steal   %idle
           0.79    0.00    4.65    0.00    0.00   94.56

Device            r/s     w/s     rMB/s     wMB/s   rrqm/s   wrqm/s  %rrqm  %wrqm r_await w_await aqu-sz rareq-sz wareq-sz  svctm  %util
nvme1n1       15196.00 15062.00    949.75    941.31     0.00     0.00   0.00   0.00    0.50    0.52   0.00    64.00    64.00   0.03 100.00
nvme0n1          0.00 15064.00      0.00    941.50     0.00     0.00   0.00   0.00    0.00    0.03   0.00     0.00    64.00   0.07 100.00

avg-cpu:  %user   %nice %system %iowait  %steal   %idle
           0.76    0.00    4.63    0.00    0.00   94.62

Device            r/s     w/s     rMB/s     wMB/s   rrqm/s   wrqm/s  %rrqm  %wrqm r_await w_await aqu-sz rareq-sz wareq-sz  svctm  %util
nvme1n1       15461.00 15300.00    966.31    956.25     0.00     0.00   0.00   0.00    0.49    0.51   0.00    64.00    64.00   0.03 100.00
nvme0n1          0.00 15301.00      0.00    956.31     0.00     0.00   0.00   0.00    0.00    0.03   0.00     0.00    64.00   0.07 100.00

avg-cpu:  %user   %nice %system %iowait  %steal   %idle
           0.75    0.00    4.65    0.00    0.00   94.59

Device            r/s     w/s     rMB/s     wMB/s   rrqm/s   wrqm/s  %rrqm  %wrqm r_await w_await aqu-sz rareq-sz wareq-sz  svctm  %util
nvme1n1       15270.00 15347.00    954.37    959.19     0.00     0.00   0.00   0.00    0.50    0.51   0.00    64.00    64.00   0.03 100.00
nvme0n1          0.00 15342.00      0.00    958.87     0.00     0.00   0.00   0.00    0.00    0.03   0.00     0.00    64.00   0.07 100.00

avg-cpu:  %user   %nice %system %iowait  %steal   %idle
           0.85    0.00    4.68    0.00    0.00   94.47

Device            r/s     w/s     rMB/s     wMB/s   rrqm/s   wrqm/s  %rrqm  %wrqm r_await w_await aqu-sz rareq-sz wareq-sz  svctm  %util
nvme1n1       15251.00 15401.00    953.19    962.56     0.00     0.00   0.00   0.00    0.49    0.51   0.00    64.00    64.00   0.03 100.00
nvme0n1          0.00 15403.00      0.00    962.69     0.00     0.00   0.00   0.00    0.00    0.03   0.00     0.00    64.00   0.06 100.00

avg-cpu:  %user   %nice %system %iowait  %steal   %idle
           0.85    0.00    4.59    0.00    0.00   94.56

Device            r/s     w/s     rMB/s     wMB/s   rrqm/s   wrqm/s  %rrqm  %wrqm r_await w_await aqu-sz rareq-sz wareq-sz  svctm  %util
nvme1n1       15388.00 15408.00    961.75    963.00     0.00     0.00   0.00   0.00    0.49    0.51   0.00    64.00    64.00   0.03 100.10
nvme0n1          0.00 15415.00      0.00    963.44     0.00     0.00   0.00   0.00    0.00    0.03   0.00     0.00    64.00   0.06 100.10

avg-cpu:  %user   %nice %system %iowait  %steal   %idle
           0.75    0.00    4.62    0.00    0.00   94.62

Device            r/s     w/s     rMB/s     wMB/s   rrqm/s   wrqm/s  %rrqm  %wrqm r_await w_await aqu-sz rareq-sz wareq-sz  svctm  %util
nvme1n1       15274.00 15370.00    954.62    960.69     0.00     0.00   0.00   0.00    0.50    0.51   0.00    64.00    64.00   0.03 100.00
nvme0n1          0.00 15364.00      0.00    960.25     0.00     0.00   0.00   0.00    0.00    0.03   0.00     0.00    64.00   0.07 100.00

avg-cpu:  %user   %nice %system %iowait  %steal   %idle
           0.79    0.00    4.47    0.00    0.00   94.75

Device            r/s     w/s     rMB/s     wMB/s   rrqm/s   wrqm/s  %rrqm  %wrqm r_await w_await aqu-sz rareq-sz wareq-sz  svctm  %util
nvme1n1       15564.00 15192.00    972.75    949.44     0.00     0.00   0.00   0.00    0.49    0.51   0.00    64.00    64.00   0.03 100.00
nvme0n1          0.00 15190.00      0.00    949.38     0.00     0.00   0.00   0.00    0.00    0.03   0.00     0.00    64.00   0.07 100.00

avg-cpu:  %user   %nice %system %iowait  %steal   %idle
           0.79    0.00    4.56    0.00    0.00   94.65

Device            r/s     w/s     rMB/s     wMB/s   rrqm/s   wrqm/s  %rrqm  %wrqm r_await w_await aqu-sz rareq-sz wareq-sz  svctm  %util
nvme1n1       15449.00 15179.00    965.56    948.69     0.00     0.00   0.00   0.00    0.50    0.52   0.00    64.00    64.00   0.03 100.00
nvme0n1          0.00 15186.00      0.00    949.13     0.00     0.00   0.00   0.00    0.00    0.03   0.00     0.00    64.00   0.07 100.00

avg-cpu:  %user   %nice %system %iowait  %steal   %idle
           0.79    0.00    4.47    0.00    0.00   94.75

Device            r/s     w/s     rMB/s     wMB/s   rrqm/s   wrqm/s  %rrqm  %wrqm r_await w_await aqu-sz rareq-sz wareq-sz  svctm  %util
nvme1n1       15234.00 15367.00    952.12    960.44     0.00     0.00   0.00   0.00    0.50    0.52   0.00    64.00    64.00   0.03 100.00
nvme0n1          0.00 15365.00      0.00    960.31     0.00     0.00   0.00   0.00    0.00    0.03   0.00     0.00    64.00   0.07 100.00

avg-cpu:  %user   %nice %system %iowait  %steal   %idle
           0.72    0.00    4.57    0.00    0.00   94.71

Device            r/s     w/s     rMB/s     wMB/s   rrqm/s   wrqm/s  %rrqm  %wrqm r_await w_await aqu-sz rareq-sz wareq-sz  svctm  %util
nvme1n1       15382.00 15290.00    961.38    955.62     0.00     0.00   0.00   0.00    0.49    0.51   0.00    64.00    64.00   0.03 100.00
nvme0n1          0.00 15288.00      0.00    955.50     0.00     0.00   0.00   0.00    0.00    0.03   0.00     0.00    64.00   0.07 100.00

avg-cpu:  %user   %nice %system %iowait  %steal   %idle
           0.79    0.00    4.44    0.00    0.00   94.77

Device            r/s     w/s     rMB/s     wMB/s   rrqm/s   wrqm/s  %rrqm  %wrqm r_await w_await aqu-sz rareq-sz wareq-sz  svctm  %util
nvme1n1       15511.00 15203.00    969.44    950.19     0.00     0.00   0.00   0.00    0.49    0.51   0.00    64.00    64.00   0.03 100.00
nvme0n1          0.00 15206.00      0.00    950.38     0.00     0.00   0.00   0.00    0.00    0.03   0.00     0.00    64.00   0.07 100.00

avg-cpu:  %user   %nice %system %iowait  %steal   %idle
           0.85    0.00    4.47    0.00    0.00   94.68

Device            r/s     w/s     rMB/s     wMB/s   rrqm/s   wrqm/s  %rrqm  %wrqm r_await w_await aqu-sz rareq-sz wareq-sz  svctm  %util
nvme1n1       15574.00 15275.00    973.38    954.69     0.00     0.00   0.00   0.00    0.49    0.51   0.00    64.00    64.00   0.03 100.00
nvme0n1          0.00 15268.00      0.00    954.25     0.00     0.00   0.00   0.00    0.00    0.03   0.00     0.00    64.00   0.07 100.00

avg-cpu:  %user   %nice %system %iowait  %steal   %idle
           0.79    0.00    4.62    0.00    0.00   94.59

Device            r/s     w/s     rMB/s     wMB/s   rrqm/s   wrqm/s  %rrqm  %wrqm r_await w_await aqu-sz rareq-sz wareq-sz  svctm  %util
nvme1n1       15355.00 15147.00    959.69    946.69     0.00     0.00   0.00   0.00    0.50    0.52   0.00    64.00    64.00   0.03 100.00
nvme0n1          0.00 15149.00      0.00    946.81     0.00     0.00   0.00   0.00    0.00    0.03   0.00     0.00    64.00   0.07 100.00

avg-cpu:  %user   %nice %system %iowait  %steal   %idle
           0.82    0.00    4.56    0.00    0.00   94.62

Device            r/s     w/s     rMB/s     wMB/s   rrqm/s   wrqm/s  %rrqm  %wrqm r_await w_await aqu-sz rareq-sz wareq-sz  svctm  %util
nvme1n1       15077.00 15342.00    942.31    958.87     0.00     0.00   0.00   0.00    0.50    0.52   0.00    64.00    64.00   0.03 100.00
nvme0n1          0.00 15346.00      0.00    959.12     0.00     0.00   0.00   0.00    0.00    0.03   0.00     0.00    64.00   0.07 100.00

avg-cpu:  %user   %nice %system %iowait  %steal   %idle
           0.79    0.00    4.47    0.00    0.00   94.74

Device            r/s     w/s     rMB/s     wMB/s   rrqm/s   wrqm/s  %rrqm  %wrqm r_await w_await aqu-sz rareq-sz wareq-sz  svctm  %util
nvme1n1       15329.00 15355.00    958.06    959.69     0.00     0.00   0.00   0.00    0.49    0.51   0.00    64.00    64.00   0.03 100.00
nvme0n1          0.00 15358.00      0.00    959.88     0.00     0.00   0.00   0.00    0.00    0.03   0.00     0.00    64.00   0.07 100.00

avg-cpu:  %user   %nice %system %iowait  %steal   %idle
           0.79    0.00    4.41    0.00    0.00   94.81

Device            r/s     w/s     rMB/s     wMB/s   rrqm/s   wrqm/s  %rrqm  %wrqm r_await w_await aqu-sz rareq-sz wareq-sz  svctm  %util
nvme1n1       14891.00 15142.00    930.69    946.37     0.00     0.00   0.00   0.00    0.51    0.53   0.00    64.00    64.00   0.03 100.00
nvme0n1          0.00 15135.00      0.00    945.94     0.00     0.00   0.00   0.00    0.00    0.03   0.00     0.00    64.00   0.07 100.00

avg-cpu:  %user   %nice %system %iowait  %steal   %idle
           0.76    0.00    4.66    0.00    0.00   94.59

Device            r/s     w/s     rMB/s     wMB/s   rrqm/s   wrqm/s  %rrqm  %wrqm r_await w_await aqu-sz rareq-sz wareq-sz  svctm  %util
nvme1n1       15224.00 15316.00    951.50    957.25     0.00     0.00   0.00   0.00    0.50    0.52   0.00    64.00    64.00   0.03 100.00
nvme0n1          0.00 15318.00      0.00    957.38     0.00     0.00   0.00   0.00    0.00    0.03   0.00     0.00    64.00   0.07 100.00

