Linux 5.4.1-050401-lowlatency (kanwu-Super-Server) 	09/11/2020 	_x86_64_	(32 CPU)

avg-cpu:  %user   %nice %system %iowait  %steal   %idle
           0.07    0.00    0.39    0.08    0.00   99.46

Device            r/s     w/s     rMB/s     wMB/s   rrqm/s   wrqm/s  %rrqm  %wrqm r_await w_await aqu-sz rareq-sz wareq-sz  svctm  %util
nvme1n1       1015.49  396.35     63.46     24.49     0.00     0.00   0.00   0.00    0.33    0.39   0.00    64.00    63.28   0.03   4.38
nvme0n1        221.39  234.64     13.84     14.66     0.00     0.00   0.00   0.00    0.26    0.05   0.01    63.99    63.99   0.06   2.68
cas1-1          11.67   11.68      0.73      0.73     0.00     0.00   0.00   0.00    0.17    0.38   0.00    63.99    64.00   0.03   0.06

avg-cpu:  %user   %nice %system %iowait  %steal   %idle
           0.16    0.00    1.03    1.03    0.00   97.78

Device            r/s     w/s     rMB/s     wMB/s   rrqm/s   wrqm/s  %rrqm  %wrqm r_await w_await aqu-sz rareq-sz wareq-sz  svctm  %util
nvme1n1          0.00 4608.00      0.00    288.00     0.00     0.00   0.00   0.00    0.00    0.47   0.18     0.00    64.00   0.05  21.70
nvme0n1          0.00    0.00      0.00      0.00     0.00     0.00   0.00   0.00    0.00    0.00   0.00     0.00     0.00   0.00   0.00
cas1-1           0.00    0.00      0.00      0.00     0.00     0.00   0.00   0.00    0.00    0.00   0.00     0.00     0.00   0.00   0.00

avg-cpu:  %user   %nice %system %iowait  %steal   %idle
           0.16    0.00    1.28    2.29    0.00   96.27

Device            r/s     w/s     rMB/s     wMB/s   rrqm/s   wrqm/s  %rrqm  %wrqm r_await w_await aqu-sz rareq-sz wareq-sz  svctm  %util
nvme1n1         96.00 4404.00      2.11    275.25     0.00     0.00   0.00   0.00    0.02    0.91   1.99    22.50    64.00   0.05  22.20
nvme0n1          0.00    0.00      0.00      0.00     0.00     0.00   0.00   0.00    0.00    0.00   0.00     0.00     0.00   0.00   0.00
cas1-1        18446744073708554240.00 18446744073708554240.00 9007199254678506.00 9007199254678477.00     0.00     0.00   0.00   0.00    0.00    0.00 4294895.77     0.50     0.50   0.00 429491726.00

avg-cpu:  %user   %nice %system %iowait  %steal   %idle
           0.50    0.00    0.09    1.03    0.00   98.38

Device            r/s     w/s     rMB/s     wMB/s   rrqm/s   wrqm/s  %rrqm  %wrqm r_await w_await aqu-sz rareq-sz wareq-sz  svctm  %util
nvme1n1          0.00    0.00      0.00      0.00     0.00     0.00   0.00   0.00    0.00    0.00   0.00     0.00     0.00   0.00   0.00
nvme0n1          0.00    0.00      0.00      0.00     0.00     0.00   0.00   0.00    0.00    0.00   0.00     0.00     0.00   0.00   0.00
cas1-1           0.00    0.00      0.00      0.00     0.00     0.00   0.00   0.00    0.00    0.00   0.00     0.00     0.00   0.00   0.00

avg-cpu:  %user   %nice %system %iowait  %steal   %idle
           0.31    0.00    9.97    1.92    0.00   87.79

Device            r/s     w/s     rMB/s     wMB/s   rrqm/s   wrqm/s  %rrqm  %wrqm r_await w_await aqu-sz rareq-sz wareq-sz  svctm  %util
nvme1n1       2266.00 2678.00    141.62    167.38     0.00     0.00   0.00   0.00    0.12    0.08   0.00    64.00    64.00   0.05  25.90
nvme0n1          0.00    0.00      0.00      0.00     0.00     0.00   0.00   0.00    0.00    0.00   0.00     0.00     0.00   0.00   0.00
cas1-1        2677.00 2679.00    167.31    167.44     0.00     0.00   0.00   0.00    0.24    0.77   0.70    64.00    64.00   0.05  26.10

avg-cpu:  %user   %nice %system %iowait  %steal   %idle
           0.85    0.00   30.44    4.93    0.00   63.78

Device            r/s     w/s     rMB/s     wMB/s   rrqm/s   wrqm/s  %rrqm  %wrqm r_await w_await aqu-sz rareq-sz wareq-sz  svctm  %util
nvme1n1       5033.00 16246.00    314.56   1015.38     0.00     0.00   0.00   0.00    0.10    0.08   0.00    64.00    64.00   0.05 100.10
nvme0n1          0.00    0.00      0.00      0.00     0.00     0.00   0.00   0.00    0.00    0.00   0.00     0.00     0.00   0.00   0.00
cas1-1        16045.00 16251.00   1002.81   1015.69     0.00     0.00   0.00   0.00    0.18    0.48   1.41    64.00    64.00   0.03 100.00

avg-cpu:  %user   %nice %system %iowait  %steal   %idle
           0.85    0.00   30.40    4.92    0.00   63.83

Device            r/s     w/s     rMB/s     wMB/s   rrqm/s   wrqm/s  %rrqm  %wrqm r_await w_await aqu-sz rareq-sz wareq-sz  svctm  %util
nvme1n1        820.00 19900.00     51.25   1243.75     0.00     0.00   0.00   0.00    0.09    0.07   0.00    64.00    64.00   0.05  99.90
nvme0n1          0.00    0.00      0.00      0.00     0.00     0.00   0.00   0.00    0.00    0.00   0.00     0.00     0.00   0.00   0.00
cas1-1        19660.00 19900.00   1228.75   1243.75     0.00     0.00   0.00   0.00    0.16    0.42   1.06    64.00    64.00   0.03 100.00

avg-cpu:  %user   %nice %system %iowait  %steal   %idle
           0.88    0.00   30.59    3.98    0.00   64.54

Device            r/s     w/s     rMB/s     wMB/s   rrqm/s   wrqm/s  %rrqm  %wrqm r_await w_await aqu-sz rareq-sz wareq-sz  svctm  %util
nvme1n1        106.00 20340.00      6.62   1271.31     0.00     0.00   0.00   0.00    0.08    0.07   0.00    64.00    64.00   0.05 100.10
nvme0n1          0.00    0.00      0.00      0.00     0.00     0.00   0.00   0.00    0.00    0.00   0.00     0.00     0.00   0.00   0.00
cas1-1        20354.00 20343.00   1272.12   1271.44     0.00     0.00   0.00   0.00    0.15    0.42   0.99    64.00    64.00   0.02 100.00

avg-cpu:  %user   %nice %system %iowait  %steal   %idle
           0.91    0.00   30.27    2.61    0.00   66.22

Device            r/s     w/s     rMB/s     wMB/s   rrqm/s   wrqm/s  %rrqm  %wrqm r_await w_await aqu-sz rareq-sz wareq-sz  svctm  %util
nvme1n1         94.00 20487.00      5.88   1280.38     0.00     0.00   0.00   0.00    0.09    0.07   0.00    64.00    64.00   0.05  99.90
nvme0n1          0.00    0.00      0.00      0.00     0.00     0.00   0.00   0.00    0.00    0.00   0.00     0.00     0.00   0.00   0.00
cas1-1        20396.00 20478.00   1274.75   1279.88     0.00     0.00   0.00   0.00    0.15    0.41   0.96    64.00    64.00   0.02 100.00

avg-cpu:  %user   %nice %system %iowait  %steal   %idle
           0.88    0.00   30.56    3.86    0.00   64.70

Device            r/s     w/s     rMB/s     wMB/s   rrqm/s   wrqm/s  %rrqm  %wrqm r_await w_await aqu-sz rareq-sz wareq-sz  svctm  %util
nvme1n1        706.00 20526.00     44.12   1282.88     0.00     0.00   0.00   0.00    0.08    0.07   0.00    64.00    64.00   0.05 100.00
nvme0n1          0.00    0.00      0.00      0.00     0.00     0.00   0.00   0.00    0.00    0.00   0.00     0.00     0.00   0.00   0.00
cas1-1        20383.00 20531.00   1273.94   1283.19     0.00     0.00   0.00   0.00    0.14    0.41   0.88    64.00    64.00   0.02 100.00

avg-cpu:  %user   %nice %system %iowait  %steal   %idle
           0.72    0.00   30.13    4.17    0.00   64.99

Device            r/s     w/s     rMB/s     wMB/s   rrqm/s   wrqm/s  %rrqm  %wrqm r_await w_await aqu-sz rareq-sz wareq-sz  svctm  %util
nvme1n1       1354.00 20820.00     84.62   1301.25     0.00     0.00   0.00   0.00    0.09    0.07   0.00    64.00    64.00   0.05 100.10
nvme0n1          0.00    0.00      0.00      0.00     0.00     0.00   0.00   0.00    0.00    0.00   0.00     0.00     0.00   0.00   0.00
cas1-1        20775.00 20824.00   1298.44   1301.50     0.00     0.00   0.00   0.00    0.15    0.40   0.88    64.00    64.00   0.02 100.00

avg-cpu:  %user   %nice %system %iowait  %steal   %idle
           0.85    0.00   29.59    3.64    0.00   65.92

Device            r/s     w/s     rMB/s     wMB/s   rrqm/s   wrqm/s  %rrqm  %wrqm r_await w_await aqu-sz rareq-sz wareq-sz  svctm  %util
nvme1n1       2240.00 21037.00    140.00   1314.81     0.00     0.00   0.00   0.00    0.09    0.08   0.00    64.00    64.00   0.04 100.00
nvme0n1          0.00    0.00      0.00      0.00     0.00     0.00   0.00   0.00    0.00    0.00   0.00     0.00     0.00   0.00   0.00
cas1-1        20980.00 21032.00   1311.25   1314.50     0.00     0.00   0.00   0.00    0.14    0.40   0.72    64.00    64.00   0.02 100.00

avg-cpu:  %user   %nice %system %iowait  %steal   %idle
           0.91    0.00   29.98    4.36    0.00   64.75

Device            r/s     w/s     rMB/s     wMB/s   rrqm/s   wrqm/s  %rrqm  %wrqm r_await w_await aqu-sz rareq-sz wareq-sz  svctm  %util
nvme1n1       2097.00 20782.00    131.06   1298.88     0.00     0.00   0.00   0.00    0.09    0.08   0.00    64.00    64.00   0.04 100.00
nvme0n1          0.00    0.00      0.00      0.00     0.00     0.00   0.00   0.00    0.00    0.00   0.00     0.00     0.00   0.00   0.00
cas1-1        20743.00 20783.00   1296.44   1298.94     0.00     0.00   0.00   0.00    0.14    0.41   0.89    64.00    64.00   0.02 100.00

avg-cpu:  %user   %nice %system %iowait  %steal   %idle
           0.91    0.00   29.80    4.48    0.00   64.81

Device            r/s     w/s     rMB/s     wMB/s   rrqm/s   wrqm/s  %rrqm  %wrqm r_await w_await aqu-sz rareq-sz wareq-sz  svctm  %util
nvme1n1       1214.00 20925.00     75.88   1307.81     0.00     0.00   0.00   0.00    0.09    0.07   0.00    64.00    64.00   0.05 100.00
nvme0n1          0.00    0.00      0.00      0.00     0.00     0.00   0.00   0.00    0.00    0.00   0.00     0.00     0.00   0.00   0.00
cas1-1        20876.00 20923.00   1304.75   1307.69     0.00     0.00   0.00   0.00    0.14    0.39   0.84    64.00    64.00   0.02 100.00

avg-cpu:  %user   %nice %system %iowait  %steal   %idle
           0.78    0.00   30.29    2.01    0.00   66.92

Device            r/s     w/s     rMB/s     wMB/s   rrqm/s   wrqm/s  %rrqm  %wrqm r_await w_await aqu-sz rareq-sz wareq-sz  svctm  %util
nvme1n1        969.00 20571.00     60.56   1285.69     0.00     0.00   0.00   0.00    0.09    0.07   0.00    64.00    64.00   0.05 100.00
nvme0n1          0.00    0.00      0.00      0.00     0.00     0.00   0.00   0.00    0.00    0.00   0.00     0.00     0.00   0.00   0.00
cas1-1        20527.00 20571.00   1282.94   1285.69     0.00     0.00   0.00   0.00    0.15    0.41   0.93    64.00    64.00   0.02 100.00

avg-cpu:  %user   %nice %system %iowait  %steal   %idle
           0.81    0.00   30.40    1.88    0.00   66.91

Device            r/s     w/s     rMB/s     wMB/s   rrqm/s   wrqm/s  %rrqm  %wrqm r_await w_await aqu-sz rareq-sz wareq-sz  svctm  %util
nvme1n1        254.00 20478.00     15.88   1279.88     0.00     0.00   0.00   0.00    0.08    0.07   0.00    64.00    64.00   0.05 100.00
nvme0n1          0.00    0.00      0.00      0.00     0.00     0.00   0.00   0.00    0.00    0.00   0.00     0.00     0.00   0.00   0.00
cas1-1        20941.00 20480.00   1308.81   1280.00     0.00     0.00   0.00   0.00    0.15    0.40   0.86    64.00    64.00   0.02 100.00

avg-cpu:  %user   %nice %system %iowait  %steal   %idle
           0.88    0.00   29.73    1.97    0.00   67.42

Device            r/s     w/s     rMB/s     wMB/s   rrqm/s   wrqm/s  %rrqm  %wrqm r_await w_await aqu-sz rareq-sz wareq-sz  svctm  %util
nvme1n1        300.00 20907.00     18.75   1306.69     0.00     0.00   0.00   0.00    0.08    0.07   0.00    64.00    64.00   0.05 100.00
nvme0n1          0.00    0.00      0.00      0.00     0.00     0.00   0.00   0.00    0.00    0.00   0.00     0.00     0.00   0.00   0.00
cas1-1        20993.00 20907.00   1312.06   1306.69     0.00     0.00   0.00   0.00    0.15    0.38   0.83    64.00    64.00   0.02 100.00

avg-cpu:  %user   %nice %system %iowait  %steal   %idle
           0.81    0.00   29.95    2.19    0.00   67.04

Device            r/s     w/s     rMB/s     wMB/s   rrqm/s   wrqm/s  %rrqm  %wrqm r_await w_await aqu-sz rareq-sz wareq-sz  svctm  %util
nvme1n1        320.00 20804.00     20.00   1300.25     0.00     0.00   0.00   0.00    0.08    0.07   0.00    64.00    64.00   0.05 100.00
nvme0n1          0.00    0.00      0.00      0.00     0.00     0.00   0.00   0.00    0.00    0.00   0.00     0.00     0.00   0.00   0.00
cas1-1        20678.00 20805.00   1292.38   1300.31     0.00     0.00   0.00   0.00    0.15    0.39   0.88    64.00    64.00   0.02 100.00

avg-cpu:  %user   %nice %system %iowait  %steal   %idle
           0.85    0.00   29.85    1.92    0.00   67.39

Device            r/s     w/s     rMB/s     wMB/s   rrqm/s   wrqm/s  %rrqm  %wrqm r_await w_await aqu-sz rareq-sz wareq-sz  svctm  %util
nvme1n1        183.00 20695.00     11.44   1293.44     0.00     0.00   0.00   0.00    0.09    0.07   0.00    64.00    64.00   0.05 100.00
nvme0n1          0.00    0.00      0.00      0.00     0.00     0.00   0.00   0.00    0.00    0.00   0.00     0.00     0.00   0.00   0.00
cas1-1        20842.00 20691.00   1302.62   1293.19     0.00     0.00   0.00   0.00    0.15    0.39   0.93    64.00    64.00   0.02 100.00

avg-cpu:  %user   %nice %system %iowait  %steal   %idle
           0.85    0.00   30.35    1.82    0.00   66.98

Device            r/s     w/s     rMB/s     wMB/s   rrqm/s   wrqm/s  %rrqm  %wrqm r_await w_await aqu-sz rareq-sz wareq-sz  svctm  %util
nvme1n1         82.00 20574.00      5.12   1285.88     0.00     0.00   0.00   0.00    0.07    0.07   0.00    64.00    64.00   0.05 100.00
nvme0n1          0.00    0.00      0.00      0.00     0.00     0.00   0.00   0.00    0.00    0.00   0.00     0.00     0.00   0.00   0.00
cas1-1        20732.00 20575.00   1295.75   1285.94     0.00     0.00   0.00   0.00    0.15    0.40   0.89    64.00    64.00   0.02 100.00

avg-cpu:  %user   %nice %system %iowait  %steal   %idle
           0.85    0.00   29.83    1.85    0.00   67.47

Device            r/s     w/s     rMB/s     wMB/s   rrqm/s   wrqm/s  %rrqm  %wrqm r_await w_await aqu-sz rareq-sz wareq-sz  svctm  %util
nvme1n1        338.00 20749.00     21.12   1296.81     0.00     0.00   0.00   0.00    0.08    0.07   0.00    64.00    64.00   0.05 100.00
nvme0n1          0.00    0.00      0.00      0.00     0.00     0.00   0.00   0.00    0.00    0.00   0.00     0.00     0.00   0.00   0.00
cas1-1        20817.00 20751.00   1301.06   1296.94     0.00     0.00   0.00   0.00    0.15    0.39   0.87    64.00    64.00   0.02 100.00

avg-cpu:  %user   %nice %system %iowait  %steal   %idle
           0.91    0.00   29.87    1.47    0.00   67.75

Device            r/s     w/s     rMB/s     wMB/s   rrqm/s   wrqm/s  %rrqm  %wrqm r_await w_await aqu-sz rareq-sz wareq-sz  svctm  %util
nvme1n1       1175.00 20788.00     73.44   1299.25     0.00     0.00   0.00   0.00    0.09    0.07   0.00    64.00    64.00   0.05 100.00
nvme0n1          0.00    0.00      0.00      0.00     0.00     0.00   0.00   0.00    0.00    0.00   0.00     0.00     0.00   0.00   0.00
cas1-1        20665.00 20786.00   1291.56   1299.12     0.00     0.00   0.00   0.00    0.15    0.40   0.83    64.00    64.00   0.02 100.00

avg-cpu:  %user   %nice %system %iowait  %steal   %idle
           0.85    0.00   29.94    1.79    0.00   67.43

Device            r/s     w/s     rMB/s     wMB/s   rrqm/s   wrqm/s  %rrqm  %wrqm r_await w_await aqu-sz rareq-sz wareq-sz  svctm  %util
nvme1n1        656.00 20768.00     41.00   1298.00     0.00     0.00   0.00   0.00    0.09    0.07   0.00    64.00    64.00   0.05 100.00
nvme0n1          0.00    0.00      0.00      0.00     0.00     0.00   0.00   0.00    0.00    0.00   0.00     0.00     0.00   0.00   0.00
cas1-1        20774.00 20773.00   1298.38   1298.31     0.00     0.00   0.00   0.00    0.15    0.39   0.84    64.00    64.00   0.02 100.00

avg-cpu:  %user   %nice %system %iowait  %steal   %idle
           0.82    0.00   30.16    1.91    0.00   67.11

Device            r/s     w/s     rMB/s     wMB/s   rrqm/s   wrqm/s  %rrqm  %wrqm r_await w_await aqu-sz rareq-sz wareq-sz  svctm  %util
nvme1n1       1354.00 20641.00     84.62   1290.06     0.00     0.00   0.00   0.00    0.09    0.07   0.00    64.00    64.00   0.05 100.00
nvme0n1          0.00    0.00      0.00      0.00     0.00     0.00   0.00   0.00    0.00    0.00   0.00     0.00     0.00   0.00   0.00
cas1-1        20772.00 20636.00   1298.25   1289.75     0.00     0.00   0.00   0.00    0.15    0.41   0.92    64.00    64.00   0.02 100.10

avg-cpu:  %user   %nice %system %iowait  %steal   %idle
           0.91    0.00   30.27    2.20    0.00   66.62

Device            r/s     w/s     rMB/s     wMB/s   rrqm/s   wrqm/s  %rrqm  %wrqm r_await w_await aqu-sz rareq-sz wareq-sz  svctm  %util
nvme1n1       1631.00 20612.00    101.94   1288.25     0.00     0.00   0.00   0.00    0.09    0.07   0.00    64.00    64.00   0.04 100.00
nvme0n1          0.00    0.00      0.00      0.00     0.00     0.00   0.00   0.00    0.00    0.00   0.00     0.00     0.00   0.00   0.00
cas1-1        20587.00 20615.00   1286.69   1288.44     0.00     0.00   0.00   0.00    0.15    0.42   0.91    64.00    64.00   0.02  99.90

avg-cpu:  %user   %nice %system %iowait  %steal   %idle
           0.88    0.00   30.03    2.04    0.00   67.06

Device            r/s     w/s     rMB/s     wMB/s   rrqm/s   wrqm/s  %rrqm  %wrqm r_await w_await aqu-sz rareq-sz wareq-sz  svctm  %util
nvme1n1       2424.00 20949.00    151.50   1309.31     0.00     0.00   0.00   0.00    0.09    0.08   0.00    64.00    64.00   0.04 100.00
nvme0n1          0.00    0.00      0.00      0.00     0.00     0.00   0.00   0.00    0.00    0.00   0.00     0.00     0.00   0.00   0.00
cas1-1        20856.00 20951.00   1303.50   1309.44     0.00     0.00   0.00   0.00    0.14    0.41   0.84    64.00    64.00   0.02 100.10

avg-cpu:  %user   %nice %system %iowait  %steal   %idle
           0.75    0.00   30.00    1.91    0.00   67.34

Device            r/s     w/s     rMB/s     wMB/s   rrqm/s   wrqm/s  %rrqm  %wrqm r_await w_await aqu-sz rareq-sz wareq-sz  svctm  %util
nvme1n1       2364.00 20826.00    147.75   1301.62     0.00     0.00   0.00   0.00    0.10    0.08   0.00    64.00    64.00   0.04 100.00
nvme0n1          0.00    0.00      0.00      0.00     0.00     0.00   0.00   0.00    0.00    0.00   0.00     0.00     0.00   0.00   0.00
cas1-1        20860.00 20820.00   1303.75   1301.25     0.00     0.00   0.00   0.00    0.14    0.41   0.84    64.00    64.00   0.02 100.00

avg-cpu:  %user   %nice %system %iowait  %steal   %idle
           0.82    0.00   30.09    2.10    0.00   66.99

Device            r/s     w/s     rMB/s     wMB/s   rrqm/s   wrqm/s  %rrqm  %wrqm r_await w_await aqu-sz rareq-sz wareq-sz  svctm  %util
nvme1n1       1903.00 20798.00    118.94   1299.88     0.00     0.00   0.00   0.00    0.09    0.08   0.00    64.00    64.00   0.04 100.00
nvme0n1          0.00    0.00      0.00      0.00     0.00     0.00   0.00   0.00    0.00    0.00   0.00     0.00     0.00   0.00   0.00
cas1-1        20854.00 20801.00   1303.38   1300.06     0.00     0.00   0.00   0.00    0.14    0.41   0.83    64.00    64.00   0.02 100.00

avg-cpu:  %user   %nice %system %iowait  %steal   %idle
           0.81    0.00   29.79    2.01    0.00   67.39

Device            r/s     w/s     rMB/s     wMB/s   rrqm/s   wrqm/s  %rrqm  %wrqm r_await w_await aqu-sz rareq-sz wareq-sz  svctm  %util
nvme1n1       1994.00 20906.00    124.63   1306.62     0.00     0.00   0.00   0.00    0.09    0.08   0.00    64.00    64.00   0.04 100.00
nvme0n1          0.00    0.00      0.00      0.00     0.00     0.00   0.00   0.00    0.00    0.00   0.00     0.00     0.00   0.00   0.00
cas1-1        21018.00 20906.00   1313.62   1306.62     0.00     0.00   0.00   0.00    0.14    0.40   0.83    64.00    64.00   0.02 100.00

avg-cpu:  %user   %nice %system %iowait  %steal   %idle
           0.82    0.00   29.66    2.48    0.00   67.05

Device            r/s     w/s     rMB/s     wMB/s   rrqm/s   wrqm/s  %rrqm  %wrqm r_await w_await aqu-sz rareq-sz wareq-sz  svctm  %util
nvme1n1       1564.00 20992.00     97.75   1312.00     0.00     0.00   0.00   0.00    0.09    0.07   0.00    64.00    64.00   0.04 100.00
nvme0n1          0.00    0.00      0.00      0.00     0.00     0.00   0.00   0.00    0.00    0.00   0.00     0.00     0.00   0.00   0.00
cas1-1        21379.00 20994.00   1336.19   1312.12     0.00     0.00   0.00   0.00    0.14    0.39   0.82    64.00    64.00   0.02 100.00

avg-cpu:  %user   %nice %system %iowait  %steal   %idle
           0.88    0.00   29.70    2.79    0.00   66.64

Device            r/s     w/s     rMB/s     wMB/s   rrqm/s   wrqm/s  %rrqm  %wrqm r_await w_await aqu-sz rareq-sz wareq-sz  svctm  %util
nvme1n1       1327.00 20961.00     82.94   1310.06     0.00     0.00   0.00   0.00    0.09    0.07   0.00    64.00    64.00   0.04 100.00
nvme0n1          0.00    0.00      0.00      0.00     0.00     0.00   0.00   0.00    0.00    0.00   0.00     0.00     0.00   0.00   0.00
cas1-1        21014.00 20957.00   1313.38   1309.81     0.00     0.00   0.00   0.00    0.14    0.39   0.79    64.00    64.00   0.02 100.00

avg-cpu:  %user   %nice %system %iowait  %steal   %idle
           0.91    0.00   29.71    1.85    0.00   67.53

Device            r/s     w/s     rMB/s     wMB/s   rrqm/s   wrqm/s  %rrqm  %wrqm r_await w_await aqu-sz rareq-sz wareq-sz  svctm  %util
nvme1n1       1799.00 20985.00    112.44   1311.56     0.00     0.00   0.00   0.00    0.09    0.08   0.00    64.00    64.00   0.04 100.00
nvme0n1          0.00    0.00      0.00      0.00     0.00     0.00   0.00   0.00    0.00    0.00   0.00     0.00     0.00   0.00   0.00
cas1-1        20788.00 20985.00   1299.25   1311.56     0.00     0.00   0.00   0.00    0.14    0.40   0.81    64.00    64.00   0.02 100.00

avg-cpu:  %user   %nice %system %iowait  %steal   %idle
           0.78    0.00   30.22    1.72    0.00   67.27

Device            r/s     w/s     rMB/s     wMB/s   rrqm/s   wrqm/s  %rrqm  %wrqm r_await w_await aqu-sz rareq-sz wareq-sz  svctm  %util
nvme1n1       2093.00 20911.00    130.81   1306.94     0.00     0.00   0.00   0.00    0.09    0.08   0.00    64.00    64.00   0.04 100.30
nvme0n1          0.00    0.00      0.00      0.00     0.00     0.00   0.00   0.00    0.00    0.00   0.00     0.00     0.00   0.00   0.00
cas1-1        20821.00 20913.00   1301.31   1307.06     0.00     0.00   0.00   0.00    0.15    0.41   0.87    64.00    64.00   0.02 100.00

avg-cpu:  %user   %nice %system %iowait  %steal   %idle
           0.82    0.00   30.01    1.91    0.00   67.26

Device            r/s     w/s     rMB/s     wMB/s   rrqm/s   wrqm/s  %rrqm  %wrqm r_await w_await aqu-sz rareq-sz wareq-sz  svctm  %util
nvme1n1       2072.00 20940.00    129.50   1308.75     0.00     0.00   0.00   0.00    0.09    0.08   0.00    64.00    64.00   0.04 100.00
nvme0n1          0.00    0.00      0.00      0.00     0.00     0.00   0.00   0.00    0.00    0.00   0.00     0.00     0.00   0.00   0.00
cas1-1        20714.00 20941.00   1294.62   1308.81     0.00     0.00   0.00   0.00    0.14    0.40   0.82    64.00    64.00   0.02 100.00

avg-cpu:  %user   %nice %system %iowait  %steal   %idle
           0.85    0.00   29.88    1.79    0.00   67.48

Device            r/s     w/s     rMB/s     wMB/s   rrqm/s   wrqm/s  %rrqm  %wrqm r_await w_await aqu-sz rareq-sz wareq-sz  svctm  %util
nvme1n1       2275.00 20826.00    142.19   1301.62     0.00     0.00   0.00   0.00    0.09    0.08   0.00    64.00    64.00   0.04 100.00
nvme0n1          0.00    0.00      0.00      0.00     0.00     0.00   0.00   0.00    0.00    0.00   0.00     0.00     0.00   0.00   0.00
cas1-1        21035.00 20823.00   1314.69   1301.44     0.00     0.00   0.00   0.00    0.14    0.41   0.80    64.00    64.00   0.02 100.00

avg-cpu:  %user   %nice %system %iowait  %steal   %idle
           0.88    0.00   29.03    2.10    0.00   67.99

Device            r/s     w/s     rMB/s     wMB/s   rrqm/s   wrqm/s  %rrqm  %wrqm r_await w_await aqu-sz rareq-sz wareq-sz  svctm  %util
nvme1n1       2801.00 21277.00    175.06   1329.81     0.00     0.00   0.00   0.00    0.10    0.08   0.00    64.00    64.00   0.04 100.00
nvme0n1          0.00    0.00      0.00      0.00     0.00     0.00   0.00   0.00    0.00    0.00   0.00     0.00     0.00   0.00   0.00
cas1-1        21391.00 21282.00   1336.94   1330.12     0.00     0.00   0.00   0.00    0.14    0.39   0.70    64.00    64.00   0.02 100.00

avg-cpu:  %user   %nice %system %iowait  %steal   %idle
           0.88    0.00   29.38    1.38    0.00   68.36

Device            r/s     w/s     rMB/s     wMB/s   rrqm/s   wrqm/s  %rrqm  %wrqm r_await w_await aqu-sz rareq-sz wareq-sz  svctm  %util
nvme1n1       3444.00 21267.00    215.25   1329.19     0.00     0.00   0.00   0.00    0.10    0.08   0.00    64.00    64.00   0.04 100.00
nvme0n1          0.00    0.00      0.00      0.00     0.00     0.00   0.00   0.00    0.00    0.00   0.00     0.00     0.00   0.00   0.00
cas1-1        21535.00 21264.00   1345.94   1329.00     0.00     0.00   0.00   0.00    0.14    0.40   0.67    64.00    64.00   0.02 100.00

avg-cpu:  %user   %nice %system %iowait  %steal   %idle
           0.78    0.00   29.87    1.72    0.00   67.62

Device            r/s     w/s     rMB/s     wMB/s   rrqm/s   wrqm/s  %rrqm  %wrqm r_await w_await aqu-sz rareq-sz wareq-sz  svctm  %util
nvme1n1       3547.00 21003.00    221.69   1312.69     0.00     0.00   0.00   0.00    0.10    0.08   0.00    64.00    64.00   0.04 100.00
nvme0n1          0.00    0.00      0.00      0.00     0.00     0.00   0.00   0.00    0.00    0.00   0.00     0.00     0.00   0.00   0.00
cas1-1        20570.00 21002.00   1285.62   1312.62     0.00     0.00   0.00   0.00    0.14    0.42   0.82    64.00    64.00   0.02 100.00

avg-cpu:  %user   %nice %system %iowait  %steal   %idle
           0.94    0.00   29.79    2.23    0.00   67.04

Device            r/s     w/s     rMB/s     wMB/s   rrqm/s   wrqm/s  %rrqm  %wrqm r_await w_await aqu-sz rareq-sz wareq-sz  svctm  %util
nvme1n1       3703.00 20974.00    231.44   1310.88     0.00     0.00   0.00   0.00    0.10    0.09   0.00    64.00    64.00   0.04 100.00
nvme0n1          0.00    0.00      0.00      0.00     0.00     0.00   0.00   0.00    0.00    0.00   0.00     0.00     0.00   0.00   0.00
cas1-1        20950.00 20973.00   1309.38   1310.81     0.00     0.00   0.00   0.00    0.14    0.42   0.73    64.00    64.00   0.02 100.00

avg-cpu:  %user   %nice %system %iowait  %steal   %idle
           0.85    0.00   29.49    2.32    0.00   67.35

Device            r/s     w/s     rMB/s     wMB/s   rrqm/s   wrqm/s  %rrqm  %wrqm r_await w_await aqu-sz rareq-sz wareq-sz  svctm  %util
nvme1n1       3373.00 21084.00    210.81   1317.75     0.00     0.00   0.00   0.00    0.10    0.08   0.00    64.00    64.00   0.04 100.00
nvme0n1          0.00    0.00      0.00      0.00     0.00     0.00   0.00   0.00    0.00    0.00   0.00     0.00     0.00   0.00   0.00
cas1-1        21044.00 21087.00   1315.25   1317.94     0.00     0.00   0.00   0.00    0.14    0.41   0.70    64.00    64.00   0.02 100.20

avg-cpu:  %user   %nice %system %iowait  %steal   %idle
           0.85    0.00   29.30    2.13    0.00   67.72

Device            r/s     w/s     rMB/s     wMB/s   rrqm/s   wrqm/s  %rrqm  %wrqm r_await w_await aqu-sz rareq-sz wareq-sz  svctm  %util
nvme1n1       2206.00 21181.00    137.88   1323.81     0.00     0.00   0.00   0.00    0.09    0.08   0.00    64.00    64.00   0.04 100.00
nvme0n1          0.00    0.00      0.00      0.00     0.00     0.00   0.00   0.00    0.00    0.00   0.00     0.00     0.00   0.00   0.00
cas1-1        21072.00 21180.00   1317.00   1323.75     0.00     0.00   0.00   0.00    0.14    0.39   0.73    64.00    64.00   0.02 100.00

avg-cpu:  %user   %nice %system %iowait  %steal   %idle
           0.78    0.00   29.53    1.66    0.00   68.03

Device            r/s     w/s     rMB/s     wMB/s   rrqm/s   wrqm/s  %rrqm  %wrqm r_await w_await aqu-sz rareq-sz wareq-sz  svctm  %util
nvme1n1       2136.00 20995.00    133.50   1312.19     0.00     0.00   0.00   0.00    0.09    0.08   0.00    64.00    64.00   0.04 100.00
nvme0n1          0.00    0.00      0.00      0.00     0.00     0.00   0.00   0.00    0.00    0.00   0.00     0.00     0.00   0.00   0.00
cas1-1        21310.00 20993.00   1331.88   1312.12     0.00     0.00   0.00   0.00    0.14    0.39   0.76    64.00    64.00   0.02 100.00

avg-cpu:  %user   %nice %system %iowait  %steal   %idle
           0.82    0.00   29.62    2.04    0.00   67.52

Device            r/s     w/s     rMB/s     wMB/s   rrqm/s   wrqm/s  %rrqm  %wrqm r_await w_await aqu-sz rareq-sz wareq-sz  svctm  %util
nvme1n1       1483.00 20707.00     92.69   1294.25     0.00     0.00   0.00   0.00    0.09    0.07   0.00    64.00    64.00   0.05 100.00
nvme0n1          0.00    0.00      0.00      0.00     0.00     0.00   0.00   0.00    0.00    0.00   0.00     0.00     0.00   0.00   0.00
cas1-1        20829.00 20712.00   1301.81   1294.44     0.00     0.00   0.00   0.00    0.14    0.41   0.87    64.00    64.00   0.02 100.00

avg-cpu:  %user   %nice %system %iowait  %steal   %idle
           0.85    0.00   29.96    1.60    0.00   67.60

Device            r/s     w/s     rMB/s     wMB/s   rrqm/s   wrqm/s  %rrqm  %wrqm r_await w_await aqu-sz rareq-sz wareq-sz  svctm  %util
nvme1n1       1262.00 20694.00     78.88   1293.31     0.00     0.00   0.00   0.00    0.09    0.07   0.00    64.00    64.00   0.05 100.00
nvme0n1          0.00    0.00      0.00      0.00     0.00     0.00   0.00   0.00    0.00    0.00   0.00     0.00     0.00   0.00   0.00
cas1-1        20740.00 20689.00   1296.25   1293.06     0.00     0.00   0.00   0.00    0.15    0.41   0.87    64.00    64.00   0.02 100.00

avg-cpu:  %user   %nice %system %iowait  %steal   %idle
           0.78    0.00   29.87    1.69    0.00   67.66

Device            r/s     w/s     rMB/s     wMB/s   rrqm/s   wrqm/s  %rrqm  %wrqm r_await w_await aqu-sz rareq-sz wareq-sz  svctm  %util
nvme1n1       1156.00 21082.00     72.25   1317.62     0.00     0.00   0.00   0.00    0.09    0.07   0.00    64.00    64.00   0.04 100.00
nvme0n1          0.00    0.00      0.00      0.00     0.00     0.00   0.00   0.00    0.00    0.00   0.00     0.00     0.00   0.00   0.00
cas1-1        20910.00 21085.00   1306.88   1317.81     0.00     0.00   0.00   0.00    0.14    0.38   0.72    64.00    64.00   0.02 100.00

avg-cpu:  %user   %nice %system %iowait  %steal   %idle
           0.88    0.00   30.05    1.94    0.00   67.13

Device            r/s     w/s     rMB/s     wMB/s   rrqm/s   wrqm/s  %rrqm  %wrqm r_await w_await aqu-sz rareq-sz wareq-sz  svctm  %util
nvme1n1       1197.00 20739.00     74.81   1296.19     0.00     0.00   0.00   0.00    0.09    0.07   0.00    64.00    64.00   0.05 100.00
nvme0n1          0.00    0.00      0.00      0.00     0.00     0.00   0.00   0.00    0.00    0.00   0.00     0.00     0.00   0.00   0.00
cas1-1        20783.00 20738.00   1298.94   1296.12     0.00     0.00   0.00   0.00    0.14    0.41   0.87    64.00    64.00   0.02 100.00

avg-cpu:  %user   %nice %system %iowait  %steal   %idle
           0.85    0.00   29.98    2.17    0.00   67.00

Device            r/s     w/s     rMB/s     wMB/s   rrqm/s   wrqm/s  %rrqm  %wrqm r_await w_await aqu-sz rareq-sz wareq-sz  svctm  %util
nvme1n1       1199.00 20744.00     74.94   1296.50     0.00     0.00   0.00   0.00    0.09    0.07   0.00    64.00    64.00   0.05 100.00
nvme0n1          0.00    0.00      0.00      0.00     0.00     0.00   0.00   0.00    0.00    0.00   0.00     0.00     0.00   0.00   0.00
cas1-1        21093.00 20745.00   1318.31   1296.56     0.00     0.00   0.00   0.00    0.14    0.40   0.79    64.00    64.00   0.02 100.10

avg-cpu:  %user   %nice %system %iowait  %steal   %idle
           0.75    0.00   30.13    1.32    0.00   67.80

Device            r/s     w/s     rMB/s     wMB/s   rrqm/s   wrqm/s  %rrqm  %wrqm r_await w_await aqu-sz rareq-sz wareq-sz  svctm  %util
nvme1n1       1503.00 20784.00     93.94   1299.00     0.00     0.00   0.00   0.00    0.09    0.07   0.00    64.00    64.00   0.04 100.00
nvme0n1          0.00    0.00      0.00      0.00     0.00     0.00   0.00   0.00    0.00    0.00   0.00     0.00     0.00   0.00   0.00
cas1-1        20992.00 20787.00   1312.00   1299.19     0.00     0.00   0.00   0.00    0.14    0.40   0.85    64.00    64.00   0.02 100.00

avg-cpu:  %user   %nice %system %iowait  %steal   %idle
           0.85    0.00   29.97    2.01    0.00   67.18

Device            r/s     w/s     rMB/s     wMB/s   rrqm/s   wrqm/s  %rrqm  %wrqm r_await w_await aqu-sz rareq-sz wareq-sz  svctm  %util
nvme1n1       1132.00 20855.00     70.75   1303.44     0.00     0.00   0.00   0.00    0.09    0.07   0.00    64.00    64.00   0.05 100.00
nvme0n1          0.00    0.00      0.00      0.00     0.00     0.00   0.00   0.00    0.00    0.00   0.00     0.00     0.00   0.00   0.00
cas1-1        20578.00 20849.00   1286.12   1303.12     0.00     0.00   0.00   0.00    0.14    0.40   0.82    64.00    64.00   0.02  99.90

avg-cpu:  %user   %nice %system %iowait  %steal   %idle
           0.97    0.00   29.61    2.32    0.00   67.11

Device            r/s     w/s     rMB/s     wMB/s   rrqm/s   wrqm/s  %rrqm  %wrqm r_await w_await aqu-sz rareq-sz wareq-sz  svctm  %util
nvme1n1       1250.00 20908.00     78.12   1306.75     0.00     0.00   0.00   0.00    0.09    0.07   0.00    64.00    64.00   0.05 100.00
nvme0n1          0.00    0.00      0.00      0.00     0.00     0.00   0.00   0.00    0.00    0.00   0.00     0.00     0.00   0.00   0.00
cas1-1        20722.00 20914.00   1295.12   1307.06     0.00     0.00   0.00   0.00    0.15    0.40   0.81    64.00    64.00   0.02 100.10

avg-cpu:  %user   %nice %system %iowait  %steal   %idle
           0.81    0.00   29.83    2.23    0.00   67.13

Device            r/s     w/s     rMB/s     wMB/s   rrqm/s   wrqm/s  %rrqm  %wrqm r_await w_await aqu-sz rareq-sz wareq-sz  svctm  %util
nvme1n1        268.00 20743.00     16.75   1296.44     0.00     0.00   0.00   0.00    0.08    0.07   0.00    64.00    64.00   0.05 100.00
nvme0n1          0.00    0.00      0.00      0.00     0.00     0.00   0.00   0.00    0.00    0.00   0.00     0.00     0.00   0.00   0.00
cas1-1        20845.00 20742.00   1302.81   1296.38     0.00     0.00   0.00   0.00    0.15    0.39   0.86    64.00    64.00   0.02 100.00

avg-cpu:  %user   %nice %system %iowait  %steal   %idle
           1.41    0.00   29.35    2.04    0.00   67.20

Device            r/s     w/s     rMB/s     wMB/s   rrqm/s   wrqm/s  %rrqm  %wrqm r_await w_await aqu-sz rareq-sz wareq-sz  svctm  %util
nvme1n1        363.00 21087.00     22.69   1317.94     0.00     0.00   0.00   0.00    0.09    0.07   0.00    64.00    64.00   0.05 100.00
nvme0n1          0.00    0.00      0.00      0.00     0.00     0.00   0.00   0.00    0.00    0.00   0.00     0.00     0.00   0.00   0.00
cas1-1        21100.00 21083.00   1318.75   1317.69     0.00     0.00   0.00   0.00    0.14    0.37   0.67    64.00    64.00   0.02 100.00

avg-cpu:  %user   %nice %system %iowait  %steal   %idle
           0.85    0.00   30.01    1.63    0.00   67.51

Device            r/s     w/s     rMB/s     wMB/s   rrqm/s   wrqm/s  %rrqm  %wrqm r_await w_await aqu-sz rareq-sz wareq-sz  svctm  %util
nvme1n1        578.00 20693.00     36.12   1293.31     0.00     0.00   0.00   0.00    0.08    0.07   0.00    64.00    64.00   0.05 100.00
nvme0n1          0.00    0.00      0.00      0.00     0.00     0.00   0.00   0.00    0.00    0.00   0.00     0.00     0.00   0.00   0.00
cas1-1        20885.00 20693.00   1305.31   1293.31     0.00     0.00   0.00   0.00    0.15    0.39   0.82    64.00    64.00   0.02 100.00

