Linux 5.4.1-050401-lowlatency (kanwu-Super-Server) 	09/11/2020 	_x86_64_	(32 CPU)

avg-cpu:  %user   %nice %system %iowait  %steal   %idle
           0.07    0.00    0.30    0.07    0.00   99.56

Device            r/s     w/s     rMB/s     wMB/s   rrqm/s   wrqm/s  %rrqm  %wrqm r_await w_await aqu-sz rareq-sz wareq-sz  svctm  %util
nvme1n1       1016.15  353.37     63.51     21.80     0.00     0.00   0.00   0.00    0.33    0.40   0.00    64.00    63.19   0.03   4.16
nvme0n1        222.47  235.77     13.90     14.73     0.00     0.00   0.00   0.00    0.26    0.05   0.01    63.99    63.99   0.06   2.70
cas1-1          16.41    7.04      1.03      0.44     0.00     0.00   0.00   0.00    0.07    0.23   0.00    64.00    64.00   0.01   0.02

avg-cpu:  %user   %nice %system %iowait  %steal   %idle
           0.00    0.00    0.03    0.03    0.00   99.94

Device            r/s     w/s     rMB/s     wMB/s   rrqm/s   wrqm/s  %rrqm  %wrqm r_await w_await aqu-sz rareq-sz wareq-sz  svctm  %util
nvme1n1          0.00    0.00      0.00      0.00     0.00     0.00   0.00   0.00    0.00    0.00   0.00     0.00     0.00   0.00   0.00
nvme0n1          0.00    0.00      0.00      0.00     0.00     0.00   0.00   0.00    0.00    0.00   0.00     0.00     0.00   0.00   0.00
cas1-1           0.00    0.00      0.00      0.00     0.00     0.00   0.00   0.00    0.00    0.00   0.00     0.00     0.00   0.00   0.00

avg-cpu:  %user   %nice %system %iowait  %steal   %idle
           0.00    0.00    0.03    0.91    0.00   99.06

Device            r/s     w/s     rMB/s     wMB/s   rrqm/s   wrqm/s  %rrqm  %wrqm r_await w_await aqu-sz rareq-sz wareq-sz  svctm  %util
nvme1n1          0.00    0.00      0.00      0.00     0.00     0.00   0.00   0.00    0.00    0.00   0.00     0.00     0.00   0.00   0.00
nvme0n1          0.00    0.00      0.00      0.00     0.00     0.00   0.00   0.00    0.00    0.00   0.00     0.00     0.00   0.00   0.00
cas1-1           0.00    0.00      0.00      0.00     0.00     0.00   0.00   0.00    0.00    0.00   0.00     0.00     0.00   0.00   0.00

avg-cpu:  %user   %nice %system %iowait  %steal   %idle
           0.00    0.00    0.03    0.38    0.00   99.59

Device            r/s     w/s     rMB/s     wMB/s   rrqm/s   wrqm/s  %rrqm  %wrqm r_await w_await aqu-sz rareq-sz wareq-sz  svctm  %util
nvme1n1          0.00    0.00      0.00      0.00     0.00     0.00   0.00   0.00    0.00    0.00   0.00     0.00     0.00   0.00   0.00
nvme0n1          0.00    0.00      0.00      0.00     0.00     0.00   0.00   0.00    0.00    0.00   0.00     0.00     0.00   0.00   0.00
cas1-1           0.00    0.00      0.00      0.00     0.00     0.00   0.00   0.00    0.00    0.00   0.00     0.00     0.00   0.00   0.00

avg-cpu:  %user   %nice %system %iowait  %steal   %idle
           0.09    0.00    0.41    1.00    0.00   98.50

Device            r/s     w/s     rMB/s     wMB/s   rrqm/s   wrqm/s  %rrqm  %wrqm r_await w_await aqu-sz rareq-sz wareq-sz  svctm  %util
nvme1n1         10.00    0.00      0.04      0.00     0.00     0.00   0.00   0.00    0.00    0.00   0.00     4.00     0.00   0.10   0.10
nvme0n1          0.00    0.00      0.00      0.00     0.00     0.00   0.00   0.00    0.00    0.00   0.00     0.00     0.00   0.00   0.00

avg-cpu:  %user   %nice %system %iowait  %steal   %idle
           0.06    0.00    0.09    1.09    0.00   98.75

Device            r/s     w/s     rMB/s     wMB/s   rrqm/s   wrqm/s  %rrqm  %wrqm r_await w_await aqu-sz rareq-sz wareq-sz  svctm  %util
nvme1n1         41.00    0.00      1.03      0.00     0.00     0.00   0.00   0.00    0.02    0.00   0.00    25.66     0.00   0.12   0.50
nvme0n1          0.00    0.00      0.00      0.00     0.00     0.00   0.00   0.00    0.00    0.00   0.00     0.00     0.00   0.00   0.00

avg-cpu:  %user   %nice %system %iowait  %steal   %idle
           0.09    0.00    0.59    1.03    0.00   98.28

Device            r/s     w/s     rMB/s     wMB/s   rrqm/s   wrqm/s  %rrqm  %wrqm r_await w_await aqu-sz rareq-sz wareq-sz  svctm  %util
nvme1n1         45.00    0.00      1.04      0.00     0.00     0.00   0.00   0.00    0.04    0.00   0.00    23.73     0.00   0.20   0.90
nvme0n1          0.00    0.00      0.00      0.00     0.00     0.00   0.00   0.00    0.00    0.00   0.00     0.00     0.00   0.00   0.00

avg-cpu:  %user   %nice %system %iowait  %steal   %idle
           0.38    0.00    0.09    0.59    0.00   98.94

Device            r/s     w/s     rMB/s     wMB/s   rrqm/s   wrqm/s  %rrqm  %wrqm r_await w_await aqu-sz rareq-sz wareq-sz  svctm  %util
nvme1n1          0.00    0.00      0.00      0.00     0.00     0.00   0.00   0.00    0.00    0.00   0.00     0.00     0.00   0.00   0.00
nvme0n1          0.00    0.00      0.00      0.00     0.00     0.00   0.00   0.00    0.00    0.00   0.00     0.00     0.00   0.00   0.00

avg-cpu:  %user   %nice %system %iowait  %steal   %idle
           1.08    0.00   14.57    2.95    0.00   81.40

Device            r/s     w/s     rMB/s     wMB/s   rrqm/s   wrqm/s  %rrqm  %wrqm r_await w_await aqu-sz rareq-sz wareq-sz  svctm  %util
nvme1n1       8843.00 15323.00    552.69    957.69     0.00     0.00   0.00   0.00    0.23    0.21   0.00    64.00    64.00   0.03  76.00
nvme0n1          0.00    0.00      0.00      0.00     0.00     0.00   0.00   0.00    0.00    0.00   0.00     0.00     0.00   0.00   0.00

avg-cpu:  %user   %nice %system %iowait  %steal   %idle
           1.01    0.00   24.43    0.19    0.00   74.37

Device            r/s     w/s     rMB/s     wMB/s   rrqm/s   wrqm/s  %rrqm  %wrqm r_await w_await aqu-sz rareq-sz wareq-sz  svctm  %util
nvme1n1        160.00 31144.00     10.00   1946.50     0.00     0.00   0.00   0.00    0.21    0.20   0.00    64.00    64.00   0.03  99.90
nvme0n1          0.00    0.00      0.00      0.00     0.00     0.00   0.00   0.00    0.00    0.00   0.00     0.00     0.00   0.00   0.00

avg-cpu:  %user   %nice %system %iowait  %steal   %idle
           0.98    0.00   24.10    0.00    0.00   74.92

Device            r/s     w/s     rMB/s     wMB/s   rrqm/s   wrqm/s  %rrqm  %wrqm r_await w_await aqu-sz rareq-sz wareq-sz  svctm  %util
nvme1n1          0.00 31224.00      0.00   1951.50     0.00     0.00   0.00   0.00    0.00    0.20   0.00     0.00    64.00   0.03 100.10
nvme0n1          0.00    0.00      0.00      0.00     0.00     0.00   0.00   0.00    0.00    0.00   0.00     0.00     0.00   0.00   0.00

avg-cpu:  %user   %nice %system %iowait  %steal   %idle
           1.04    0.00   23.90    0.00    0.00   75.06

Device            r/s     w/s     rMB/s     wMB/s   rrqm/s   wrqm/s  %rrqm  %wrqm r_await w_await aqu-sz rareq-sz wareq-sz  svctm  %util
nvme1n1          0.00 31317.00      0.00   1957.31     0.00     0.00   0.00   0.00    0.00    0.20   0.00     0.00    64.00   0.03 100.00
nvme0n1          0.00    0.00      0.00      0.00     0.00     0.00   0.00   0.00    0.00    0.00   0.00     0.00     0.00   0.00   0.00

avg-cpu:  %user   %nice %system %iowait  %steal   %idle
           1.04    0.00   24.05    0.00    0.00   74.91

Device            r/s     w/s     rMB/s     wMB/s   rrqm/s   wrqm/s  %rrqm  %wrqm r_await w_await aqu-sz rareq-sz wareq-sz  svctm  %util
nvme1n1          0.00 31208.00      0.00   1950.50     0.00     0.00   0.00   0.00    0.00    0.20   0.00     0.00    64.00   0.03 100.00
nvme0n1          0.00    0.00      0.00      0.00     0.00     0.00   0.00   0.00    0.00    0.00   0.00     0.00     0.00   0.00   0.00

avg-cpu:  %user   %nice %system %iowait  %steal   %idle
           1.04    0.00   23.88    0.00    0.00   75.09

Device            r/s     w/s     rMB/s     wMB/s   rrqm/s   wrqm/s  %rrqm  %wrqm r_await w_await aqu-sz rareq-sz wareq-sz  svctm  %util
nvme1n1          0.00 31405.00      0.00   1962.81     0.00     0.00   0.00   0.00    0.00    0.21   0.00     0.00    64.00   0.03 100.00
nvme0n1          0.00    0.00      0.00      0.00     0.00     0.00   0.00   0.00    0.00    0.00   0.00     0.00     0.00   0.00   0.00

avg-cpu:  %user   %nice %system %iowait  %steal   %idle
           1.10    0.00   23.78    0.00    0.00   75.12

Device            r/s     w/s     rMB/s     wMB/s   rrqm/s   wrqm/s  %rrqm  %wrqm r_await w_await aqu-sz rareq-sz wareq-sz  svctm  %util
nvme1n1          0.00 31320.00      0.00   1957.50     0.00     0.00   0.00   0.00    0.00    0.21   0.00     0.00    64.00   0.03 100.00
nvme0n1          0.00    0.00      0.00      0.00     0.00     0.00   0.00   0.00    0.00    0.00   0.00     0.00     0.00   0.00   0.00

avg-cpu:  %user   %nice %system %iowait  %steal   %idle
           0.91    0.00   24.07    0.00    0.00   75.02

Device            r/s     w/s     rMB/s     wMB/s   rrqm/s   wrqm/s  %rrqm  %wrqm r_await w_await aqu-sz rareq-sz wareq-sz  svctm  %util
nvme1n1          0.00 31208.00      0.00   1950.50     0.00     0.00   0.00   0.00    0.00    0.21   0.00     0.00    64.00   0.03 100.00
nvme0n1          0.00    0.00      0.00      0.00     0.00     0.00   0.00   0.00    0.00    0.00   0.00     0.00     0.00   0.00   0.00

avg-cpu:  %user   %nice %system %iowait  %steal   %idle
           1.10    0.00   23.80    0.00    0.00   75.09

Device            r/s     w/s     rMB/s     wMB/s   rrqm/s   wrqm/s  %rrqm  %wrqm r_await w_await aqu-sz rareq-sz wareq-sz  svctm  %util
nvme1n1          0.00 31295.00      0.00   1955.94     0.00     0.00   0.00   0.00    0.00    0.21   0.00     0.00    64.00   0.03 100.00
nvme0n1          0.00    0.00      0.00      0.00     0.00     0.00   0.00   0.00    0.00    0.00   0.00     0.00     0.00   0.00   0.00

avg-cpu:  %user   %nice %system %iowait  %steal   %idle
           1.01    0.00   23.80    0.00    0.00   75.20

Device            r/s     w/s     rMB/s     wMB/s   rrqm/s   wrqm/s  %rrqm  %wrqm r_await w_await aqu-sz rareq-sz wareq-sz  svctm  %util
nvme1n1          0.00 31413.00      0.00   1963.31     0.00     0.00   0.00   0.00    0.00    0.21   0.00     0.00    64.00   0.03 100.00
nvme0n1          0.00    0.00      0.00      0.00     0.00     0.00   0.00   0.00    0.00    0.00   0.00     0.00     0.00   0.00   0.00

avg-cpu:  %user   %nice %system %iowait  %steal   %idle
           1.01    0.00   23.85    0.00    0.00   75.14

Device            r/s     w/s     rMB/s     wMB/s   rrqm/s   wrqm/s  %rrqm  %wrqm r_await w_await aqu-sz rareq-sz wareq-sz  svctm  %util
nvme1n1          0.00 31315.00      0.00   1957.19     0.00     0.00   0.00   0.00    0.00    0.21   0.00     0.00    64.00   0.03 100.00
nvme0n1          0.00    0.00      0.00      0.00     0.00     0.00   0.00   0.00    0.00    0.00   0.00     0.00     0.00   0.00   0.00

avg-cpu:  %user   %nice %system %iowait  %steal   %idle
           1.01    0.00   23.94    0.00    0.00   75.06

Device            r/s     w/s     rMB/s     wMB/s   rrqm/s   wrqm/s  %rrqm  %wrqm r_await w_await aqu-sz rareq-sz wareq-sz  svctm  %util
nvme1n1          0.00 31247.00      0.00   1952.94     0.00     0.00   0.00   0.00    0.00    0.21   0.00     0.00    64.00   0.03 100.00
nvme0n1          0.00    0.00      0.00      0.00     0.00     0.00   0.00   0.00    0.00    0.00   0.00     0.00     0.00   0.00   0.00

avg-cpu:  %user   %nice %system %iowait  %steal   %idle
           0.94    0.00   24.21    0.00    0.00   74.84

Device            r/s     w/s     rMB/s     wMB/s   rrqm/s   wrqm/s  %rrqm  %wrqm r_await w_await aqu-sz rareq-sz wareq-sz  svctm  %util
nvme1n1          0.00 31204.00      0.00   1950.25     0.00     0.00   0.00   0.00    0.00    0.21   0.00     0.00    64.00   0.03 100.00
nvme0n1          0.00    0.00      0.00      0.00     0.00     0.00   0.00   0.00    0.00    0.00   0.00     0.00     0.00   0.00   0.00

avg-cpu:  %user   %nice %system %iowait  %steal   %idle
           1.04    0.00   23.80    0.00    0.00   75.17

Device            r/s     w/s     rMB/s     wMB/s   rrqm/s   wrqm/s  %rrqm  %wrqm r_await w_await aqu-sz rareq-sz wareq-sz  svctm  %util
nvme1n1          0.00 31153.00      0.00   1947.06     0.00     0.00   0.00   0.00    0.00    0.21   0.00     0.00    64.00   0.03 100.00
nvme0n1          0.00    0.00      0.00      0.00     0.00     0.00   0.00   0.00    0.00    0.00   0.00     0.00     0.00   0.00   0.00

avg-cpu:  %user   %nice %system %iowait  %steal   %idle
           1.07    0.00   23.86    0.00    0.00   75.07

Device            r/s     w/s     rMB/s     wMB/s   rrqm/s   wrqm/s  %rrqm  %wrqm r_await w_await aqu-sz rareq-sz wareq-sz  svctm  %util
nvme1n1          0.00 31457.00      0.00   1966.06     0.00     0.00   0.00   0.00    0.00    0.21   0.00     0.00    64.00   0.03 100.00
nvme0n1          0.00    0.00      0.00      0.00     0.00     0.00   0.00   0.00    0.00    0.00   0.00     0.00     0.00   0.00   0.00

avg-cpu:  %user   %nice %system %iowait  %steal   %idle
           1.01    0.00   24.02    0.00    0.00   74.98

Device            r/s     w/s     rMB/s     wMB/s   rrqm/s   wrqm/s  %rrqm  %wrqm r_await w_await aqu-sz rareq-sz wareq-sz  svctm  %util
nvme1n1          0.00 31366.00      0.00   1960.38     0.00     0.00   0.00   0.00    0.00    0.21   0.00     0.00    64.00   0.03 100.00
nvme0n1          0.00    0.00      0.00      0.00     0.00     0.00   0.00   0.00    0.00    0.00   0.00     0.00     0.00   0.00   0.00

avg-cpu:  %user   %nice %system %iowait  %steal   %idle
           0.94    0.00   24.11    0.00    0.00   74.94

Device            r/s     w/s     rMB/s     wMB/s   rrqm/s   wrqm/s  %rrqm  %wrqm r_await w_await aqu-sz rareq-sz wareq-sz  svctm  %util
nvme1n1          0.00 31474.00      0.00   1967.12     0.00     0.00   0.00   0.00    0.00    0.21   0.00     0.00    64.00   0.03 100.00
nvme0n1          0.00    0.00      0.00      0.00     0.00     0.00   0.00   0.00    0.00    0.00   0.00     0.00     0.00   0.00   0.00

avg-cpu:  %user   %nice %system %iowait  %steal   %idle
           0.94    0.00   24.10    0.00    0.00   74.96

Device            r/s     w/s     rMB/s     wMB/s   rrqm/s   wrqm/s  %rrqm  %wrqm r_await w_await aqu-sz rareq-sz wareq-sz  svctm  %util
nvme1n1          0.00 31245.00      0.00   1952.81     0.00     0.00   0.00   0.00    0.00    0.21   0.00     0.00    64.00   0.03 100.00
nvme0n1          0.00    0.00      0.00      0.00     0.00     0.00   0.00   0.00    0.00    0.00   0.00     0.00     0.00   0.00   0.00

avg-cpu:  %user   %nice %system %iowait  %steal   %idle
           1.13    0.00   23.92    0.00    0.00   74.95

Device            r/s     w/s     rMB/s     wMB/s   rrqm/s   wrqm/s  %rrqm  %wrqm r_await w_await aqu-sz rareq-sz wareq-sz  svctm  %util
nvme1n1          0.00 31443.00      0.00   1965.19     0.00     0.00   0.00   0.00    0.00    0.21   0.00     0.00    64.00   0.03 100.00
nvme0n1          0.00    0.00      0.00      0.00     0.00     0.00   0.00   0.00    0.00    0.00   0.00     0.00     0.00   0.00   0.00

avg-cpu:  %user   %nice %system %iowait  %steal   %idle
           1.04    0.00   16.96    0.57    0.00   81.44

Device            r/s     w/s     rMB/s     wMB/s   rrqm/s   wrqm/s  %rrqm  %wrqm r_await w_await aqu-sz rareq-sz wareq-sz  svctm  %util
nvme1n1          0.00 21901.00      0.00   1368.81     0.00     0.00   0.00   0.00    0.00    0.20   0.00     0.00    64.00   0.03  70.00
nvme0n1          0.00    0.00      0.00      0.00     0.00     0.00   0.00   0.00    0.00    0.00   0.00     0.00     0.00   0.00   0.00

