Linux 5.4.1-050401-lowlatency (kanwu-Super-Server) 	09/10/2020 	_x86_64_	(32 CPU)

avg-cpu:  %user   %nice %system %iowait  %steal   %idle
           0.07    0.00    0.23    0.07    0.00   99.63

Device            r/s     w/s     rMB/s     wMB/s   rrqm/s   wrqm/s  %rrqm  %wrqm r_await w_await aqu-sz rareq-sz wareq-sz  svctm  %util
nvme1n1       1083.69  352.48     67.73     21.72     0.00     0.00   0.00   0.00    0.34    0.41   0.00    64.00    63.10   0.03   4.24
nvme0n1        244.43  246.25     15.27     15.39     0.00     0.00   0.00   0.00    0.26    0.05   0.01    63.99    63.98   0.06   2.88
cas1-1          12.90   12.88      0.81      0.81     0.00     0.00   0.00   0.00    0.43    0.48   0.00    64.00    64.00   0.03   0.07

avg-cpu:  %user   %nice %system %iowait  %steal   %idle
           0.00    0.00    0.03    3.28    0.00   96.69

Device            r/s     w/s     rMB/s     wMB/s   rrqm/s   wrqm/s  %rrqm  %wrqm r_await w_await aqu-sz rareq-sz wareq-sz  svctm  %util
nvme1n1          0.00    0.00      0.00      0.00     0.00     0.00   0.00   0.00    0.00    0.00   0.00     0.00     0.00   0.00   0.00
nvme0n1          0.00    0.00      0.00      0.00     0.00     0.00   0.00   0.00    0.00    0.00   0.00     0.00     0.00   0.00   0.00
cas1-1           0.00    0.00      0.00      0.00     0.00     0.00   0.00   0.00    0.00    0.00   0.00     0.00     0.00   0.00   0.00

avg-cpu:  %user   %nice %system %iowait  %steal   %idle
           0.00    0.00    0.03    3.38    0.00   96.59

Device            r/s     w/s     rMB/s     wMB/s   rrqm/s   wrqm/s  %rrqm  %wrqm r_await w_await aqu-sz rareq-sz wareq-sz  svctm  %util
nvme1n1          0.00    0.00      0.00      0.00     0.00     0.00   0.00   0.00    0.00    0.00   0.00     0.00     0.00   0.00   0.00
nvme0n1          0.00    0.00      0.00      0.00     0.00     0.00   0.00   0.00    0.00    0.00   0.00     0.00     0.00   0.00   0.00
cas1-1           0.00    0.00      0.00      0.00     0.00     0.00   0.00   0.00    0.00    0.00   0.00     0.00     0.00   0.00   0.00

avg-cpu:  %user   %nice %system %iowait  %steal   %idle
           0.03    0.00    0.03    3.28    0.00   96.66

Device            r/s     w/s     rMB/s     wMB/s   rrqm/s   wrqm/s  %rrqm  %wrqm r_await w_await aqu-sz rareq-sz wareq-sz  svctm  %util
nvme1n1          0.00    0.00      0.00      0.00     0.00     0.00   0.00   0.00    0.00    0.00   0.00     0.00     0.00   0.00   0.00
nvme0n1          0.00    0.00      0.00      0.00     0.00     0.00   0.00   0.00    0.00    0.00   0.00     0.00     0.00   0.00   0.00
cas1-1           0.00    0.00      0.00      0.00     0.00     0.00   0.00   0.00    0.00    0.00   0.00     0.00     0.00   0.00   0.00

avg-cpu:  %user   %nice %system %iowait  %steal   %idle
           0.09    0.00    0.28    3.69    0.00   95.93

Device            r/s     w/s     rMB/s     wMB/s   rrqm/s   wrqm/s  %rrqm  %wrqm r_await w_await aqu-sz rareq-sz wareq-sz  svctm  %util
nvme1n1          0.00    0.00      0.00      0.00     0.00     0.00   0.00   0.00    0.00    0.00   0.00     0.00     0.00   0.00   0.00
nvme0n1          0.00    0.00      0.00      0.00     0.00     0.00   0.00   0.00    0.00    0.00   0.00     0.00     0.00   0.00   0.00
cas1-1           0.00    0.00      0.00      0.00     0.00     0.00   0.00   0.00    0.00    0.00   0.00     0.00     0.00   0.00   0.00

avg-cpu:  %user   %nice %system %iowait  %steal   %idle
           0.03    0.00    0.16    4.29    0.00   95.53

Device            r/s     w/s     rMB/s     wMB/s   rrqm/s   wrqm/s  %rrqm  %wrqm r_await w_await aqu-sz rareq-sz wareq-sz  svctm  %util
nvme1n1         26.00  295.00      1.04     35.82     0.00     0.00   0.00   0.00    0.00    0.41   0.01    40.94   124.33   0.09   2.80
nvme0n1          3.00    0.00      0.01      0.00     0.00     0.00   0.00   0.00    0.33    0.00   0.00     4.00     0.00   0.33   0.10

avg-cpu:  %user   %nice %system %iowait  %steal   %idle
           0.03    0.00    0.38    4.22    0.00   95.37

Device            r/s     w/s     rMB/s     wMB/s   rrqm/s   wrqm/s  %rrqm  %wrqm r_await w_await aqu-sz rareq-sz wareq-sz  svctm  %util
nvme1n1          9.00  744.00      0.04     86.42     0.00     0.00   0.00   0.00    0.11    0.23   0.01     4.00   118.94   0.09   6.50
nvme0n1         41.00    0.00      1.03      0.00     0.00     0.00   0.00   0.00    0.37    0.00   0.01    25.66     0.00   0.24   1.00

avg-cpu:  %user   %nice %system %iowait  %steal   %idle
           0.50    0.00    0.06    2.88    0.00   96.56

Device            r/s     w/s     rMB/s     wMB/s   rrqm/s   wrqm/s  %rrqm  %wrqm r_await w_await aqu-sz rareq-sz wareq-sz  svctm  %util
nvme1n1          0.00    0.00      0.00      0.00     0.00     0.00   0.00   0.00    0.00    0.00   0.00     0.00     0.00   0.00   0.00
nvme0n1          0.00    0.00      0.00      0.00     0.00     0.00   0.00   0.00    0.00    0.00   0.00     0.00     0.00   0.00   0.00

avg-cpu:  %user   %nice %system %iowait  %steal   %idle
           0.69    0.00    3.72    1.77    0.00   93.82

Device            r/s     w/s     rMB/s     wMB/s   rrqm/s   wrqm/s  %rrqm  %wrqm r_await w_await aqu-sz rareq-sz wareq-sz  svctm  %util
nvme1n1       3128.00 13247.00    195.50    827.94     0.00     0.00   0.00   0.00    0.59    0.51   0.03    64.00    64.00   0.04  62.20
nvme0n1       5021.00 8236.00    313.81    514.75     0.00     0.00   0.00   0.00    0.32    0.04   0.31    64.00    64.00   0.05  62.20

avg-cpu:  %user   %nice %system %iowait  %steal   %idle
           0.85    0.00    5.38    0.22    0.00   93.55

Device            r/s     w/s     rMB/s     wMB/s   rrqm/s   wrqm/s  %rrqm  %wrqm r_await w_await aqu-sz rareq-sz wareq-sz  svctm  %util
nvme1n1       12318.00 17177.00    769.88   1073.56     0.00     0.00   0.00   0.00    0.52    0.54   0.00    64.00    64.00   0.03 100.00
nvme0n1       2394.00 14780.00    149.62    923.75     0.00     0.00   0.00   0.00    0.34    0.03   0.25    64.00    64.00   0.06 100.00

avg-cpu:  %user   %nice %system %iowait  %steal   %idle
           0.79    0.00    4.78    0.00    0.00   94.43

Device            r/s     w/s     rMB/s     wMB/s   rrqm/s   wrqm/s  %rrqm  %wrqm r_await w_await aqu-sz rareq-sz wareq-sz  svctm  %util
nvme1n1       14493.00 15837.00    905.81    989.81     0.00     0.00   0.00   0.00    0.50    0.52   0.00    64.00    64.00   0.03 100.00
nvme0n1        565.00 15271.00     35.31    954.44     0.00     0.00   0.00   0.00    0.32    0.03   0.06    64.00    64.00   0.06 100.00

avg-cpu:  %user   %nice %system %iowait  %steal   %idle
           0.85    0.00    4.63    0.00    0.00   94.52

Device            r/s     w/s     rMB/s     wMB/s   rrqm/s   wrqm/s  %rrqm  %wrqm r_await w_await aqu-sz rareq-sz wareq-sz  svctm  %util
nvme1n1       15072.00 15401.00    942.00    962.56     0.00     0.00   0.00   0.00    0.50    0.52   0.00    64.00    64.00   0.03 100.00
nvme0n1        145.00 15258.00      9.06    953.63     0.00     0.00   0.00   0.00    0.34    0.03   0.02    64.00    64.00   0.06 100.00

avg-cpu:  %user   %nice %system %iowait  %steal   %idle
           0.75    0.00    4.65    0.00    0.00   94.59

Device            r/s     w/s     rMB/s     wMB/s   rrqm/s   wrqm/s  %rrqm  %wrqm r_await w_await aqu-sz rareq-sz wareq-sz  svctm  %util
nvme1n1       15031.00 15443.00    939.44    965.19     0.00     0.00   0.00   0.00    0.50    0.52   0.00    64.00    64.00   0.03 100.00
nvme0n1         43.00 15403.00      2.69    962.69     0.00     0.00   0.00   0.00    0.28    0.03   0.00    64.00    64.00   0.06 100.00

avg-cpu:  %user   %nice %system %iowait  %steal   %idle
           0.69    0.00    4.69    0.09    0.00   94.53

Device            r/s     w/s     rMB/s     wMB/s   rrqm/s   wrqm/s  %rrqm  %wrqm r_await w_await aqu-sz rareq-sz wareq-sz  svctm  %util
nvme1n1       15104.00 15282.00    944.00    955.12     0.00     0.00   0.00   0.00    0.50    0.52   0.00    64.00    64.00   0.03 100.00
nvme0n1         11.00 15268.00      0.69    954.25     0.00     0.00   0.00   0.00    0.27    0.03   0.00    64.00    64.00   0.07 100.00

avg-cpu:  %user   %nice %system %iowait  %steal   %idle
           0.79    0.00    4.56    0.00    0.00   94.65

Device            r/s     w/s     rMB/s     wMB/s   rrqm/s   wrqm/s  %rrqm  %wrqm r_await w_await aqu-sz rareq-sz wareq-sz  svctm  %util
nvme1n1       15100.00 15333.00    943.75    958.31     0.00     0.00   0.00   0.00    0.50    0.52   0.00    64.00    64.00   0.03 100.00
nvme0n1          5.00 15328.00      0.31    958.00     0.00     0.00   0.00   0.00    0.60    0.03   0.00    64.00    64.00   0.07 100.00

avg-cpu:  %user   %nice %system %iowait  %steal   %idle
           0.79    0.00    4.75    0.00    0.00   94.47

Device            r/s     w/s     rMB/s     wMB/s   rrqm/s   wrqm/s  %rrqm  %wrqm r_await w_await aqu-sz rareq-sz wareq-sz  svctm  %util
nvme1n1       15335.00 15195.00    958.44    949.69     0.00     0.00   0.00   0.00    0.50    0.52   0.00    64.00    64.00   0.03 100.00
nvme0n1          0.00 15196.00      0.00    949.75     0.00     0.00   0.00   0.00    0.00    0.03   0.00     0.00    64.00   0.07 100.00

avg-cpu:  %user   %nice %system %iowait  %steal   %idle
           0.82    0.00    4.68    0.00    0.00   94.50

Device            r/s     w/s     rMB/s     wMB/s   rrqm/s   wrqm/s  %rrqm  %wrqm r_await w_await aqu-sz rareq-sz wareq-sz  svctm  %util
nvme1n1       15341.00 15229.00    958.81    951.81     0.00     0.00   0.00   0.00    0.50    0.52   0.00    64.00    64.00   0.03 100.00
nvme0n1          1.00 15227.00      0.06    951.69     0.00     0.00   0.00   0.00    2.00    0.03   0.00    64.00    64.00   0.07 100.00

avg-cpu:  %user   %nice %system %iowait  %steal   %idle
           0.76    0.00    4.50    0.00    0.00   94.74

Device            r/s     w/s     rMB/s     wMB/s   rrqm/s   wrqm/s  %rrqm  %wrqm r_await w_await aqu-sz rareq-sz wareq-sz  svctm  %util
nvme1n1       15073.27 15072.28    942.08    942.02     0.00     0.00   0.00   0.00    0.50    0.52   0.00    64.00    64.00   0.03  99.01
nvme0n1          0.99 15072.28      0.06    942.02     0.00     0.00   0.00   0.00    0.00    0.03   0.00    64.00    64.00   0.07  99.01

avg-cpu:  %user   %nice %system %iowait  %steal   %idle
           0.82    0.00    4.47    0.00    0.00   94.72

Device            r/s     w/s     rMB/s     wMB/s   rrqm/s   wrqm/s  %rrqm  %wrqm r_await w_await aqu-sz rareq-sz wareq-sz  svctm  %util
nvme1n1       15127.00 15230.00    945.44    951.88     0.00     0.00   0.00   0.00    0.50    0.52   0.00    64.00    64.00   0.03 100.00
nvme0n1          0.00 15229.00      0.00    951.81     0.00     0.00   0.00   0.00    0.00    0.03   0.00     0.00    64.00   0.07 100.00

avg-cpu:  %user   %nice %system %iowait  %steal   %idle
           0.69    0.00    4.69    0.00    0.00   94.62

Device            r/s     w/s     rMB/s     wMB/s   rrqm/s   wrqm/s  %rrqm  %wrqm r_await w_await aqu-sz rareq-sz wareq-sz  svctm  %util
nvme1n1       15237.00 14856.00    952.31    928.50     0.00     0.00   0.00   0.00    0.50    0.52   0.00    64.00    64.00   0.03 100.00
nvme0n1          0.00 14857.00      0.00    928.56     0.00     0.00   0.00   0.00    0.00    0.03   0.00     0.00    64.00   0.07 100.00

avg-cpu:  %user   %nice %system %iowait  %steal   %idle
           0.76    0.00    4.53    0.00    0.00   94.71

Device            r/s     w/s     rMB/s     wMB/s   rrqm/s   wrqm/s  %rrqm  %wrqm r_await w_await aqu-sz rareq-sz wareq-sz  svctm  %util
nvme1n1       15202.00 15299.00    950.13    956.19     0.00     0.00   0.00   0.00    0.50    0.52   0.00    64.00    64.00   0.03 100.00
nvme0n1          0.00 15299.00      0.00    956.19     0.00     0.00   0.00   0.00    0.00    0.03   0.00     0.00    64.00   0.07 100.00

avg-cpu:  %user   %nice %system %iowait  %steal   %idle
           0.72    0.00    4.65    0.00    0.00   94.62

Device            r/s     w/s     rMB/s     wMB/s   rrqm/s   wrqm/s  %rrqm  %wrqm r_await w_await aqu-sz rareq-sz wareq-sz  svctm  %util
nvme1n1       15284.00 14842.00    955.25    927.62     0.00     0.00   0.00   0.00    0.50    0.52   0.00    64.00    64.00   0.03 100.00
nvme0n1          0.00 14841.00      0.00    927.56     0.00     0.00   0.00   0.00    0.00    0.03   0.00     0.00    64.00   0.07 100.00

avg-cpu:  %user   %nice %system %iowait  %steal   %idle
           0.79    0.00    4.59    0.00    0.00   94.62

Device            r/s     w/s     rMB/s     wMB/s   rrqm/s   wrqm/s  %rrqm  %wrqm r_await w_await aqu-sz rareq-sz wareq-sz  svctm  %util
nvme1n1       15025.00 14981.00    939.06    936.31     0.00     0.00   0.00   0.00    0.51    0.53   0.00    64.00    64.00   0.03 100.30
nvme0n1          0.00 14978.00      0.00    936.12     0.00     0.00   0.00   0.00    0.00    0.03   0.00     0.00    64.00   0.07 100.00

avg-cpu:  %user   %nice %system %iowait  %steal   %idle
           0.79    0.00    4.56    0.00    0.00   94.65

Device            r/s     w/s     rMB/s     wMB/s   rrqm/s   wrqm/s  %rrqm  %wrqm r_await w_await aqu-sz rareq-sz wareq-sz  svctm  %util
nvme1n1       15092.00 15287.00    943.25    955.44     0.00     0.00   0.00   0.00    0.50    0.52   0.00    64.00    64.00   0.03  99.90
nvme0n1          0.00 15289.00      0.00    955.56     0.00     0.00   0.00   0.00    0.00    0.03   0.00     0.00    64.00   0.07 100.10

avg-cpu:  %user   %nice %system %iowait  %steal   %idle
           0.75    0.00    4.59    0.00    0.00   94.65

Device            r/s     w/s     rMB/s     wMB/s   rrqm/s   wrqm/s  %rrqm  %wrqm r_await w_await aqu-sz rareq-sz wareq-sz  svctm  %util
nvme1n1       15148.00 15086.00    946.75    942.88     0.00     0.00   0.00   0.00    0.50    0.52   0.00    64.00    64.00   0.03 100.10
nvme0n1          0.00 15086.00      0.00    942.88     0.00     0.00   0.00   0.00    0.00    0.03   0.00     0.00    64.00   0.07 100.00

avg-cpu:  %user   %nice %system %iowait  %steal   %idle
           0.79    0.00    4.63    0.00    0.00   94.59

Device            r/s     w/s     rMB/s     wMB/s   rrqm/s   wrqm/s  %rrqm  %wrqm r_await w_await aqu-sz rareq-sz wareq-sz  svctm  %util
nvme1n1       15110.00 15263.00    944.38    953.94     0.00     0.00   0.00   0.00    0.50    0.52   0.00    64.00    64.00   0.03 100.00
nvme0n1          0.00 15265.00      0.00    954.06     0.00     0.00   0.00   0.00    0.00    0.03   0.00     0.00    64.00   0.07 100.00

avg-cpu:  %user   %nice %system %iowait  %steal   %idle
           0.75    0.00    4.62    0.00    0.00   94.62

Device            r/s     w/s     rMB/s     wMB/s   rrqm/s   wrqm/s  %rrqm  %wrqm r_await w_await aqu-sz rareq-sz wareq-sz  svctm  %util
nvme1n1       15067.00 15080.00    941.69    942.50     0.00     0.00   0.00   0.00    0.50    0.52   0.00    64.00    64.00   0.03 100.00
nvme0n1          0.00 15080.00      0.00    942.50     0.00     0.00   0.00   0.00    0.00    0.03   0.00     0.00    64.00   0.07 100.00

avg-cpu:  %user   %nice %system %iowait  %steal   %idle
           0.82    0.00    4.62    0.00    0.00   94.56

Device            r/s     w/s     rMB/s     wMB/s   rrqm/s   wrqm/s  %rrqm  %wrqm r_await w_await aqu-sz rareq-sz wareq-sz  svctm  %util
nvme1n1       14980.00 15181.00    936.25    948.81     0.00     0.00   0.00   0.00    0.50    0.52   0.00    64.00    64.00   0.03 100.00
nvme0n1          0.00 15178.00      0.00    948.62     0.00     0.00   0.00   0.00    0.00    0.03   0.00     0.00    64.00   0.07 100.00

avg-cpu:  %user   %nice %system %iowait  %steal   %idle
           0.79    0.00    4.50    0.00    0.00   94.71

Device            r/s     w/s     rMB/s     wMB/s   rrqm/s   wrqm/s  %rrqm  %wrqm r_await w_await aqu-sz rareq-sz wareq-sz  svctm  %util
nvme1n1       15174.00 15310.00    948.38    956.94     0.00     0.00   0.00   0.00    0.50    0.52   0.00    64.00    64.00   0.03 100.00
nvme0n1          0.00 15312.00      0.00    957.00     0.00     0.00   0.00   0.00    0.00    0.03   0.00     0.00    64.00   0.07 100.00

avg-cpu:  %user   %nice %system %iowait  %steal   %idle
           0.82    0.00    4.53    0.00    0.00   94.65

Device            r/s     w/s     rMB/s     wMB/s   rrqm/s   wrqm/s  %rrqm  %wrqm r_await w_await aqu-sz rareq-sz wareq-sz  svctm  %util
nvme1n1       14845.00 14985.00    927.81    936.50     0.00     0.00   0.00   0.00    0.51    0.53   0.00    64.00    64.00   0.03 100.00
nvme0n1          0.00 14985.00      0.00    936.50     0.00     0.00   0.00   0.00    0.00    0.03   0.00     0.00    64.00   0.07 100.00

avg-cpu:  %user   %nice %system %iowait  %steal   %idle
           0.85    0.00    4.47    0.00    0.00   94.69

Device            r/s     w/s     rMB/s     wMB/s   rrqm/s   wrqm/s  %rrqm  %wrqm r_await w_await aqu-sz rareq-sz wareq-sz  svctm  %util
nvme1n1       15205.00 15101.00    950.31    943.81     0.00     0.00   0.00   0.00    0.50    0.52   0.00    64.00    64.00   0.03 100.00
nvme0n1          0.00 15102.00      0.00    943.94     0.00     0.00   0.00   0.00    0.00    0.03   0.00     0.00    64.00   0.07 100.00

avg-cpu:  %user   %nice %system %iowait  %steal   %idle
           0.82    0.00    4.62    0.00    0.00   94.56

Device            r/s     w/s     rMB/s     wMB/s   rrqm/s   wrqm/s  %rrqm  %wrqm r_await w_await aqu-sz rareq-sz wareq-sz  svctm  %util
nvme1n1       15049.00 15280.00    940.56    955.00     0.00     0.00   0.00   0.00    0.50    0.52   0.00    64.00    64.00   0.03 100.00
nvme0n1          0.00 15279.00      0.00    954.94     0.00     0.00   0.00   0.00    0.00    0.03   0.00     0.00    64.00   0.07 100.00

avg-cpu:  %user   %nice %system %iowait  %steal   %idle
           0.82    0.00    4.68    0.09    0.00   94.41

Device            r/s     w/s     rMB/s     wMB/s   rrqm/s   wrqm/s  %rrqm  %wrqm r_await w_await aqu-sz rareq-sz wareq-sz  svctm  %util
nvme1n1       15148.00 15217.00    946.75    951.06     0.00     0.00   0.00   0.00    0.50    0.52   0.00    64.00    64.00   0.03 100.00
nvme0n1          0.00 15215.00      0.00    950.94     0.00     0.00   0.00   0.00    0.00    0.03   0.00     0.00    64.00   0.07 100.00

avg-cpu:  %user   %nice %system %iowait  %steal   %idle
           0.76    0.00    4.50    0.00    0.00   94.74

Device            r/s     w/s     rMB/s     wMB/s   rrqm/s   wrqm/s  %rrqm  %wrqm r_await w_await aqu-sz rareq-sz wareq-sz  svctm  %util
nvme1n1       15192.00 15225.00    949.50    951.56     0.00     0.00   0.00   0.00    0.50    0.52   0.00    64.00    64.00   0.03 100.00
nvme0n1          0.00 15228.00      0.00    951.75     0.00     0.00   0.00   0.00    0.00    0.03   0.00     0.00    64.00   0.07 100.00

avg-cpu:  %user   %nice %system %iowait  %steal   %idle
           0.79    0.00    4.47    0.00    0.00   94.74

Device            r/s     w/s     rMB/s     wMB/s   rrqm/s   wrqm/s  %rrqm  %wrqm r_await w_await aqu-sz rareq-sz wareq-sz  svctm  %util
nvme1n1       14938.00 15076.00    933.69    942.25     0.00     0.00   0.00   0.00    0.51    0.53   0.00    64.00    64.00   0.03 100.00
nvme0n1          0.00 15075.00      0.00    942.19     0.00     0.00   0.00   0.00    0.00    0.03   0.00     0.00    64.00   0.07 100.00

avg-cpu:  %user   %nice %system %iowait  %steal   %idle
           0.75    0.00    4.62    0.00    0.00   94.62

Device            r/s     w/s     rMB/s     wMB/s   rrqm/s   wrqm/s  %rrqm  %wrqm r_await w_await aqu-sz rareq-sz wareq-sz  svctm  %util
nvme1n1       15006.00 15068.00    937.81    941.75     0.00     0.00   0.00   0.00    0.50    0.52   0.00    64.00    64.00   0.03 100.00
nvme0n1          0.00 15068.00      0.00    941.75     0.00     0.00   0.00   0.00    0.00    0.03   0.00     0.00    64.00   0.07 100.00

avg-cpu:  %user   %nice %system %iowait  %steal   %idle
           0.85    0.00    4.59    0.00    0.00   94.56

Device            r/s     w/s     rMB/s     wMB/s   rrqm/s   wrqm/s  %rrqm  %wrqm r_await w_await aqu-sz rareq-sz wareq-sz  svctm  %util
nvme1n1       15016.00 15192.00    938.50    949.50     0.00     0.00   0.00   0.00    0.50    0.52   0.00    64.00    64.00   0.03 100.00
nvme0n1          0.00 15193.00      0.00    949.56     0.00     0.00   0.00   0.00    0.00    0.03   0.00     0.00    64.00   0.07 100.00

avg-cpu:  %user   %nice %system %iowait  %steal   %idle
           0.82    0.00    4.59    0.00    0.00   94.59

Device            r/s     w/s     rMB/s     wMB/s   rrqm/s   wrqm/s  %rrqm  %wrqm r_await w_await aqu-sz rareq-sz wareq-sz  svctm  %util
nvme1n1       14762.00 14864.00    922.62    929.00     0.00     0.00   0.00   0.00    0.51    0.53   0.00    64.00    64.00   0.03 100.00
nvme0n1          0.00 14863.00      0.00    928.94     0.00     0.00   0.00   0.00    0.00    0.03   0.00     0.00    64.00   0.07 100.00

avg-cpu:  %user   %nice %system %iowait  %steal   %idle
           0.85    0.00    4.38    0.00    0.00   94.77

Device            r/s     w/s     rMB/s     wMB/s   rrqm/s   wrqm/s  %rrqm  %wrqm r_await w_await aqu-sz rareq-sz wareq-sz  svctm  %util
nvme1n1       15205.00 15299.00    950.31    956.19     0.00     0.00   0.00   0.00    0.50    0.52   0.00    64.00    64.00   0.03 100.00
nvme0n1          0.00 15299.00      0.00    956.19     0.00     0.00   0.00   0.00    0.00    0.03   0.00     0.00    64.00   0.07 100.00

avg-cpu:  %user   %nice %system %iowait  %steal   %idle
           0.79    0.00    4.47    0.00    0.00   94.74

Device            r/s     w/s     rMB/s     wMB/s   rrqm/s   wrqm/s  %rrqm  %wrqm r_await w_await aqu-sz rareq-sz wareq-sz  svctm  %util
nvme1n1       15181.00 15346.00    948.81    959.12     0.00     0.00   0.00   0.00    0.50    0.52   0.00    64.00    64.00   0.03 100.10
nvme0n1          0.00 15345.00      0.00    959.06     0.00     0.00   0.00   0.00    0.00    0.03   0.00     0.00    64.00   0.07 100.10

avg-cpu:  %user   %nice %system %iowait  %steal   %idle
           0.88    0.00    4.53    0.00    0.00   94.59

Device            r/s     w/s     rMB/s     wMB/s   rrqm/s   wrqm/s  %rrqm  %wrqm r_await w_await aqu-sz rareq-sz wareq-sz  svctm  %util
nvme1n1       15413.00 15170.00    963.31    948.12     0.00     0.00   0.00   0.00    0.50    0.52   0.00    64.00    64.00   0.03 100.00
nvme0n1          0.00 15171.00      0.00    948.19     0.00     0.00   0.00   0.00    0.00    0.03   0.00     0.00    64.00   0.07 100.00

avg-cpu:  %user   %nice %system %iowait  %steal   %idle
           0.76    0.00    4.53    0.00    0.00   94.71

Device            r/s     w/s     rMB/s     wMB/s   rrqm/s   wrqm/s  %rrqm  %wrqm r_await w_await aqu-sz rareq-sz wareq-sz  svctm  %util
nvme1n1       15264.00 15262.00    954.00    953.88     0.00     0.00   0.00   0.00    0.50    0.52   0.00    64.00    64.00   0.03 100.00
nvme0n1          0.00 15263.00      0.00    953.94     0.00     0.00   0.00   0.00    0.00    0.03   0.00     0.00    64.00   0.07 100.00

avg-cpu:  %user   %nice %system %iowait  %steal   %idle
           0.82    0.00    4.59    0.00    0.00   94.59

Device            r/s     w/s     rMB/s     wMB/s   rrqm/s   wrqm/s  %rrqm  %wrqm r_await w_await aqu-sz rareq-sz wareq-sz  svctm  %util
nvme1n1       15146.00 15200.00    946.62    950.00     0.00     0.00   0.00   0.00    0.50    0.52   0.00    64.00    64.00   0.03 100.00
nvme0n1          0.00 15197.00      0.00    949.81     0.00     0.00   0.00   0.00    0.00    0.03   0.00     0.00    64.00   0.07 100.00

avg-cpu:  %user   %nice %system %iowait  %steal   %idle
           0.85    0.00    4.50    0.00    0.00   94.65

Device            r/s     w/s     rMB/s     wMB/s   rrqm/s   wrqm/s  %rrqm  %wrqm r_await w_await aqu-sz rareq-sz wareq-sz  svctm  %util
nvme1n1       15259.00 15257.00    953.69    953.56     0.00     0.00   0.00   0.00    0.50    0.52   0.00    64.00    64.00   0.03 100.00
nvme0n1          0.00 15261.00      0.00    953.81     0.00     0.00   0.00   0.00    0.00    0.03   0.00     0.00    64.00   0.07 100.00

avg-cpu:  %user   %nice %system %iowait  %steal   %idle
           0.85    0.00    4.62    0.00    0.00   94.53

Device            r/s     w/s     rMB/s     wMB/s   rrqm/s   wrqm/s  %rrqm  %wrqm r_await w_await aqu-sz rareq-sz wareq-sz  svctm  %util
nvme1n1       15312.00 15182.00    957.00    948.88     0.00     0.00   0.00   0.00    0.50    0.52   0.00    64.00    64.00   0.03 100.00
nvme0n1          0.00 15178.00      0.00    948.62     0.00     0.00   0.00   0.00    0.00    0.03   0.00     0.00    64.00   0.07 100.00

avg-cpu:  %user   %nice %system %iowait  %steal   %idle
           0.76    0.00    4.50    0.00    0.00   94.75

Device            r/s     w/s     rMB/s     wMB/s   rrqm/s   wrqm/s  %rrqm  %wrqm r_await w_await aqu-sz rareq-sz wareq-sz  svctm  %util
nvme1n1       15199.00 15261.00    949.94    953.81     0.00     0.00   0.00   0.00    0.50    0.52   0.00    64.00    64.00   0.03 100.00
nvme0n1          0.00 15266.00      0.00    954.12     0.00     0.00   0.00   0.00    0.00    0.03   0.00     0.00    64.00   0.07 100.00

avg-cpu:  %user   %nice %system %iowait  %steal   %idle
           0.82    0.00    4.50    0.00    0.00   94.68

Device            r/s     w/s     rMB/s     wMB/s   rrqm/s   wrqm/s  %rrqm  %wrqm r_await w_await aqu-sz rareq-sz wareq-sz  svctm  %util
nvme1n1       15256.00 15238.00    953.50    952.38     0.00     0.00   0.00   0.00    0.50    0.52   0.00    64.00    64.00   0.03 100.00
nvme0n1          0.00 15233.00      0.00    952.06     0.00     0.00   0.00   0.00    0.00    0.03   0.00     0.00    64.00   0.07 100.00

avg-cpu:  %user   %nice %system %iowait  %steal   %idle
           0.82    0.00    4.65    0.00    0.00   94.53

Device            r/s     w/s     rMB/s     wMB/s   rrqm/s   wrqm/s  %rrqm  %wrqm r_await w_await aqu-sz rareq-sz wareq-sz  svctm  %util
nvme1n1       15300.00 15100.00    956.25    943.75     0.00     0.00   0.00   0.00    0.50    0.52   0.00    64.00    64.00   0.03 100.00
nvme0n1          0.00 15102.00      0.00    943.88     0.00     0.00   0.00   0.00    0.00    0.03   0.00     0.00    64.00   0.07 100.00

avg-cpu:  %user   %nice %system %iowait  %steal   %idle
           0.82    0.00    4.59    0.00    0.00   94.59

Device            r/s     w/s     rMB/s     wMB/s   rrqm/s   wrqm/s  %rrqm  %wrqm r_await w_await aqu-sz rareq-sz wareq-sz  svctm  %util
nvme1n1       15384.00 15150.00    961.50    946.88     0.00     0.00   0.00   0.00    0.50    0.52   0.00    64.00    64.00   0.03 100.00
nvme0n1          0.00 15149.00      0.00    946.81     0.00     0.00   0.00   0.00    0.00    0.03   0.00     0.00    64.00   0.07 100.00

avg-cpu:  %user   %nice %system %iowait  %steal   %idle
           0.75    0.00    4.59    0.09    0.00   94.56

Device            r/s     w/s     rMB/s     wMB/s   rrqm/s   wrqm/s  %rrqm  %wrqm r_await w_await aqu-sz rareq-sz wareq-sz  svctm  %util
nvme1n1       15114.00 15349.00    944.62    959.31     0.00     0.00   0.00   0.00    0.50    0.52   0.00    64.00    64.00   0.03 100.00
nvme0n1          0.00 15348.00      0.00    959.25     0.00     0.00   0.00   0.00    0.00    0.03   0.00     0.00    64.00   0.07 100.00

avg-cpu:  %user   %nice %system %iowait  %steal   %idle
           0.82    0.00    4.56    0.00    0.00   94.62

Device            r/s     w/s     rMB/s     wMB/s   rrqm/s   wrqm/s  %rrqm  %wrqm r_await w_await aqu-sz rareq-sz wareq-sz  svctm  %util
nvme1n1       15301.00 15259.00    956.31    953.69     0.00     0.00   0.00   0.00    0.50    0.52   0.00    64.00    64.00   0.03 100.00
nvme0n1          0.00 15259.00      0.00    953.69     0.00     0.00   0.00   0.00    0.00    0.03   0.00     0.00    64.00   0.07 100.00

avg-cpu:  %user   %nice %system %iowait  %steal   %idle
           0.79    0.00    4.53    0.00    0.00   94.68

Device            r/s     w/s     rMB/s     wMB/s   rrqm/s   wrqm/s  %rrqm  %wrqm r_await w_await aqu-sz rareq-sz wareq-sz  svctm  %util
nvme1n1       15135.00 15296.00    945.94    956.00     0.00     0.00   0.00   0.00    0.50    0.52   0.00    64.00    64.00   0.03 100.00
nvme0n1          0.00 15297.00      0.00    956.06     0.00     0.00   0.00   0.00    0.00    0.03   0.00     0.00    64.00   0.07 100.00

avg-cpu:  %user   %nice %system %iowait  %steal   %idle
           0.72    0.00    4.44    0.00    0.00   94.83

Device            r/s     w/s     rMB/s     wMB/s   rrqm/s   wrqm/s  %rrqm  %wrqm r_await w_await aqu-sz rareq-sz wareq-sz  svctm  %util
nvme1n1       15167.00 15265.00    947.94    954.06     0.00     0.00   0.00   0.00    0.50    0.52   0.00    64.00    64.00   0.03 100.00
nvme0n1          0.00 15264.00      0.00    954.00     0.00     0.00   0.00   0.00    0.00    0.03   0.00     0.00    64.00   0.07 100.00

avg-cpu:  %user   %nice %system %iowait  %steal   %idle
           0.85    0.00    4.56    0.00    0.00   94.59

Device            r/s     w/s     rMB/s     wMB/s   rrqm/s   wrqm/s  %rrqm  %wrqm r_await w_await aqu-sz rareq-sz wareq-sz  svctm  %util
nvme1n1       15175.00 15260.00    948.44    953.75     0.00     0.00   0.00   0.00    0.50    0.52   0.00    64.00    64.00   0.03 100.00
nvme0n1          0.00 15257.00      0.00    953.56     0.00     0.00   0.00   0.00    0.00    0.03   0.00     0.00    64.00   0.07 100.00

avg-cpu:  %user   %nice %system %iowait  %steal   %idle
           0.69    0.00    4.63    0.00    0.00   94.68

Device            r/s     w/s     rMB/s     wMB/s   rrqm/s   wrqm/s  %rrqm  %wrqm r_await w_await aqu-sz rareq-sz wareq-sz  svctm  %util
nvme1n1       15123.00 15239.00    945.19    952.44     0.00     0.00   0.00   0.00    0.50    0.52   0.00    64.00    64.00   0.03 100.00
nvme0n1          0.00 15245.00      0.00    952.81     0.00     0.00   0.00   0.00    0.00    0.03   0.00     0.00    64.00   0.07 100.00

avg-cpu:  %user   %nice %system %iowait  %steal   %idle
           0.79    0.00    4.56    0.00    0.00   94.65

Device            r/s     w/s     rMB/s     wMB/s   rrqm/s   wrqm/s  %rrqm  %wrqm r_await w_await aqu-sz rareq-sz wareq-sz  svctm  %util
nvme1n1       15218.00 15231.00    951.12    951.94     0.00     0.00   0.00   0.00    0.50    0.52   0.00    64.00    64.00   0.03 100.00
nvme0n1          0.00 15230.00      0.00    951.88     0.00     0.00   0.00   0.00    0.00    0.03   0.00     0.00    64.00   0.07 100.00

avg-cpu:  %user   %nice %system %iowait  %steal   %idle
           0.79    0.00    4.53    0.00    0.00   94.68

Device            r/s     w/s     rMB/s     wMB/s   rrqm/s   wrqm/s  %rrqm  %wrqm r_await w_await aqu-sz rareq-sz wareq-sz  svctm  %util
nvme1n1       15084.00 15265.00    942.75    954.06     0.00     0.00   0.00   0.00    0.50    0.52   0.00    64.00    64.00   0.03 100.00
nvme0n1          0.00 15265.00      0.00    954.06     0.00     0.00   0.00   0.00    0.00    0.03   0.00     0.00    64.00   0.07 100.00

avg-cpu:  %user   %nice %system %iowait  %steal   %idle
           0.75    0.00    4.56    0.00    0.00   94.69

Device            r/s     w/s     rMB/s     wMB/s   rrqm/s   wrqm/s  %rrqm  %wrqm r_await w_await aqu-sz rareq-sz wareq-sz  svctm  %util
nvme1n1       15322.00 15124.00    957.62    945.25     0.00     0.00   0.00   0.00    0.50    0.52   0.00    64.00    64.00   0.03 100.00
nvme0n1          0.00 15123.00      0.00    945.19     0.00     0.00   0.00   0.00    0.00    0.03   0.00     0.00    64.00   0.07 100.00

avg-cpu:  %user   %nice %system %iowait  %steal   %idle
           0.75    0.00    4.62    0.00    0.00   94.62

Device            r/s     w/s     rMB/s     wMB/s   rrqm/s   wrqm/s  %rrqm  %wrqm r_await w_await aqu-sz rareq-sz wareq-sz  svctm  %util
nvme1n1       15270.00 15165.00    954.44    947.81     0.00     0.00   0.00   0.00    0.50    0.52   0.00    64.00    64.00   0.03 100.10
nvme0n1          0.00 15161.00      0.00    947.56     0.00     0.00   0.00   0.00    0.00    0.03   0.00     0.00    64.00   0.07 100.10

avg-cpu:  %user   %nice %system %iowait  %steal   %idle
           1.32    0.00    4.62    0.00    0.00   94.05

Device            r/s     w/s     rMB/s     wMB/s   rrqm/s   wrqm/s  %rrqm  %wrqm r_await w_await aqu-sz rareq-sz wareq-sz  svctm  %util
nvme1n1       15142.00 15067.00    946.31    941.69     0.00     0.00   0.00   0.00    0.50    0.52   0.00    64.00    64.00   0.03 100.00
nvme0n1          0.00 15074.00      0.00    942.12     0.00     0.00   0.00   0.00    0.00    0.03   0.00     0.00    64.00   0.07 100.00

avg-cpu:  %user   %nice %system %iowait  %steal   %idle
           0.69    0.00    4.56    0.00    0.00   94.75

Device            r/s     w/s     rMB/s     wMB/s   rrqm/s   wrqm/s  %rrqm  %wrqm r_await w_await aqu-sz rareq-sz wareq-sz  svctm  %util
nvme1n1       15056.00 15239.00    941.00    952.44     0.00     0.00   0.00   0.00    0.50    0.52   0.00    64.00    64.00   0.03 100.00
nvme0n1          0.00 15237.00      0.00    952.31     0.00     0.00   0.00   0.00    0.00    0.03   0.00     0.00    64.00   0.07 100.00

avg-cpu:  %user   %nice %system %iowait  %steal   %idle
           0.82    0.00    4.56    0.00    0.00   94.62

Device            r/s     w/s     rMB/s     wMB/s   rrqm/s   wrqm/s  %rrqm  %wrqm r_await w_await aqu-sz rareq-sz wareq-sz  svctm  %util
nvme1n1       15173.00 15204.00    948.31    950.25     0.00     0.00   0.00   0.00    0.50    0.52   0.00    64.00    64.00   0.03 100.00
nvme0n1          0.00 15205.00      0.00    950.31     0.00     0.00   0.00   0.00    0.00    0.03   0.00     0.00    64.00   0.07 100.00

avg-cpu:  %user   %nice %system %iowait  %steal   %idle
           0.82    0.00    4.56    0.00    0.00   94.62

Device            r/s     w/s     rMB/s     wMB/s   rrqm/s   wrqm/s  %rrqm  %wrqm r_await w_await aqu-sz rareq-sz wareq-sz  svctm  %util
nvme1n1       15049.00 15156.00    940.56    947.25     0.00     0.00   0.00   0.00    0.50    0.52   0.00    64.00    64.00   0.03 100.00
nvme0n1          0.00 15154.00      0.00    947.12     0.00     0.00   0.00   0.00    0.00    0.03   0.00     0.00    64.00   0.07 100.00

avg-cpu:  %user   %nice %system %iowait  %steal   %idle
           0.79    0.00    4.62    0.00    0.00   94.59

Device            r/s     w/s     rMB/s     wMB/s   rrqm/s   wrqm/s  %rrqm  %wrqm r_await w_await aqu-sz rareq-sz wareq-sz  svctm  %util
nvme1n1       15222.00 15227.00    951.38    951.69     0.00     0.00   0.00   0.00    0.50    0.52   0.00    64.00    64.00   0.03 100.00
nvme0n1          0.00 15227.00      0.00    951.69     0.00     0.00   0.00   0.00    0.00    0.03   0.00     0.00    64.00   0.07 100.00

avg-cpu:  %user   %nice %system %iowait  %steal   %idle
           0.66    0.00    4.48    0.00    0.00   94.86

Device            r/s     w/s     rMB/s     wMB/s   rrqm/s   wrqm/s  %rrqm  %wrqm r_await w_await aqu-sz rareq-sz wareq-sz  svctm  %util
nvme1n1       14984.00 15155.00    936.50    947.19     0.00     0.00   0.00   0.00    0.50    0.52   0.00    64.00    64.00   0.03 100.00
nvme0n1          0.00 15156.00      0.00    947.25     0.00     0.00   0.00   0.00    0.00    0.03   0.00     0.00    64.00   0.07 100.00

avg-cpu:  %user   %nice %system %iowait  %steal   %idle
           0.75    0.00    4.56    0.00    0.00   94.68

Device            r/s     w/s     rMB/s     wMB/s   rrqm/s   wrqm/s  %rrqm  %wrqm r_await w_await aqu-sz rareq-sz wareq-sz  svctm  %util
nvme1n1       15091.00 15092.00    943.19    943.25     0.00     0.00   0.00   0.00    0.50    0.52   0.00    64.00    64.00   0.03 100.00
nvme0n1          0.00 15092.00      0.00    943.25     0.00     0.00   0.00   0.00    0.00    0.03   0.00     0.00    64.00   0.07 100.00

avg-cpu:  %user   %nice %system %iowait  %steal   %idle
           0.85    0.00    4.56    0.00    0.00   94.59

Device            r/s     w/s     rMB/s     wMB/s   rrqm/s   wrqm/s  %rrqm  %wrqm r_await w_await aqu-sz rareq-sz wareq-sz  svctm  %util
nvme1n1       15142.00 15176.00    946.37    948.50     0.00     0.00   0.00   0.00    0.50    0.52   0.00    64.00    64.00   0.03 100.00
nvme0n1          0.00 15178.00      0.00    948.62     0.00     0.00   0.00   0.00    0.00    0.03   0.00     0.00    64.00   0.07 100.00

avg-cpu:  %user   %nice %system %iowait  %steal   %idle
           0.79    0.00    4.59    0.00    0.00   94.62

Device            r/s     w/s     rMB/s     wMB/s   rrqm/s   wrqm/s  %rrqm  %wrqm r_await w_await aqu-sz rareq-sz wareq-sz  svctm  %util
nvme1n1       14948.00 14923.00    934.25    932.69     0.00     0.00   0.00   0.00    0.51    0.53   0.00    64.00    64.00   0.03 100.00
nvme0n1          0.00 14922.00      0.00    932.62     0.00     0.00   0.00   0.00    0.00    0.03   0.00     0.00    64.00   0.07 100.00

avg-cpu:  %user   %nice %system %iowait  %steal   %idle
           0.69    0.00    4.75    0.00    0.00   94.56

Device            r/s     w/s     rMB/s     wMB/s   rrqm/s   wrqm/s  %rrqm  %wrqm r_await w_await aqu-sz rareq-sz wareq-sz  svctm  %util
nvme1n1       15077.00 15292.00    942.31    955.75     0.00     0.00   0.00   0.00    0.50    0.52   0.00    64.00    64.00   0.03 100.00
nvme0n1          0.00 15293.00      0.00    955.81     0.00     0.00   0.00   0.00    0.00    0.03   0.00     0.00    64.00   0.07 100.00

avg-cpu:  %user   %nice %system %iowait  %steal   %idle
           0.85    0.00    4.44    0.00    0.00   94.71

Device            r/s     w/s     rMB/s     wMB/s   rrqm/s   wrqm/s  %rrqm  %wrqm r_await w_await aqu-sz rareq-sz wareq-sz  svctm  %util
nvme1n1       15157.00 15135.00    947.31    945.94     0.00     0.00   0.00   0.00    0.50    0.52   0.00    64.00    64.00   0.03 100.00
nvme0n1          0.00 15131.00      0.00    945.69     0.00     0.00   0.00   0.00    0.00    0.03   0.00     0.00    64.00   0.07 100.00

avg-cpu:  %user   %nice %system %iowait  %steal   %idle
           0.72    0.00    4.53    0.00    0.00   94.74

Device            r/s     w/s     rMB/s     wMB/s   rrqm/s   wrqm/s  %rrqm  %wrqm r_await w_await aqu-sz rareq-sz wareq-sz  svctm  %util
nvme1n1       14998.00 15212.00    937.37    950.75     0.00     0.00   0.00   0.00    0.50    0.52   0.00    64.00    64.00   0.03 100.00
nvme0n1          0.00 15214.00      0.00    950.87     0.00     0.00   0.00   0.00    0.00    0.03   0.00     0.00    64.00   0.07 100.00

avg-cpu:  %user   %nice %system %iowait  %steal   %idle
           0.69    0.00    4.60    0.00    0.00   94.71

Device            r/s     w/s     rMB/s     wMB/s   rrqm/s   wrqm/s  %rrqm  %wrqm r_await w_await aqu-sz rareq-sz wareq-sz  svctm  %util
nvme1n1       15304.00 15175.00    956.50    948.44     0.00     0.00   0.00   0.00    0.50    0.52   0.00    64.00    64.00   0.03 100.00
nvme0n1          0.00 15174.00      0.00    948.38     0.00     0.00   0.00   0.00    0.00    0.03   0.00     0.00    64.00   0.07 100.00

avg-cpu:  %user   %nice %system %iowait  %steal   %idle
           0.72    0.00    4.56    0.00    0.00   94.71

Device            r/s     w/s     rMB/s     wMB/s   rrqm/s   wrqm/s  %rrqm  %wrqm r_await w_await aqu-sz rareq-sz wareq-sz  svctm  %util
nvme1n1       15246.00 15199.00    952.88    949.94     0.00     0.00   0.00   0.00    0.50    0.52   0.00    64.00    64.00   0.03 100.10
nvme0n1          0.00 15201.00      0.00    950.06     0.00     0.00   0.00   0.00    0.00    0.03   0.00     0.00    64.00   0.07 100.10

avg-cpu:  %user   %nice %system %iowait  %steal   %idle
           0.76    0.00    4.47    0.00    0.00   94.77

Device            r/s     w/s     rMB/s     wMB/s   rrqm/s   wrqm/s  %rrqm  %wrqm r_await w_await aqu-sz rareq-sz wareq-sz  svctm  %util
nvme1n1       15206.00 15300.00    950.38    956.25     0.00     0.00   0.00   0.00    0.50    0.52   0.00    64.00    64.00   0.03 100.00
nvme0n1          0.00 15299.00      0.00    956.19     0.00     0.00   0.00   0.00    0.00    0.03   0.00     0.00    64.00   0.07 100.00

