Linux 5.4.1-050401-lowlatency (kanwu-Super-Server) 	09/10/2020 	_x86_64_	(32 CPU)

avg-cpu:  %user   %nice %system %iowait  %steal   %idle
           0.06    0.00    0.18    0.06    0.00   99.70

Device            r/s     w/s     rMB/s     wMB/s   rrqm/s   wrqm/s  %rrqm  %wrqm r_await w_await aqu-sz rareq-sz wareq-sz  svctm  %util
nvme1n1        873.47  235.29     54.59     14.41     0.00     0.00   0.00   0.00    0.32    0.40   0.00    64.00    62.73   0.03   3.22
nvme0n1        197.28  142.26     12.33      8.89     0.00     0.00   0.00   0.00    0.24    0.06   0.00    63.99    63.98   0.06   2.02
cas1-1          18.34    7.85      1.15      0.49     0.00     0.00   0.00   0.00    0.29    0.42   0.00    64.00    64.00   0.02   0.06

avg-cpu:  %user   %nice %system %iowait  %steal   %idle
           0.06    0.00    0.03    3.63    0.00   96.28

Device            r/s     w/s     rMB/s     wMB/s   rrqm/s   wrqm/s  %rrqm  %wrqm r_await w_await aqu-sz rareq-sz wareq-sz  svctm  %util
nvme1n1          0.00    0.00      0.00      0.00     0.00     0.00   0.00   0.00    0.00    0.00   0.00     0.00     0.00   0.00   0.00
nvme0n1          0.00    0.00      0.00      0.00     0.00     0.00   0.00   0.00    0.00    0.00   0.00     0.00     0.00   0.00   0.00
cas1-1           0.00    0.00      0.00      0.00     0.00     0.00   0.00   0.00    0.00    0.00   0.00     0.00     0.00   0.00   0.00

avg-cpu:  %user   %nice %system %iowait  %steal   %idle
           0.00    0.00    0.03    3.63    0.00   96.34

Device            r/s     w/s     rMB/s     wMB/s   rrqm/s   wrqm/s  %rrqm  %wrqm r_await w_await aqu-sz rareq-sz wareq-sz  svctm  %util
nvme1n1          0.00    0.00      0.00      0.00     0.00     0.00   0.00   0.00    0.00    0.00   0.00     0.00     0.00   0.00   0.00
nvme0n1          0.00    0.00      0.00      0.00     0.00     0.00   0.00   0.00    0.00    0.00   0.00     0.00     0.00   0.00   0.00
cas1-1           0.00    0.00      0.00      0.00     0.00     0.00   0.00   0.00    0.00    0.00   0.00     0.00     0.00   0.00   0.00

avg-cpu:  %user   %nice %system %iowait  %steal   %idle
           0.13    0.00    0.25    2.03    0.00   97.59

Device            r/s     w/s     rMB/s     wMB/s   rrqm/s   wrqm/s  %rrqm  %wrqm r_await w_await aqu-sz rareq-sz wareq-sz  svctm  %util
nvme1n1          0.00    0.00      0.00      0.00     0.00     0.00   0.00   0.00    0.00    0.00   0.00     0.00     0.00   0.00   0.00
nvme0n1          0.00    0.00      0.00      0.00     0.00     0.00   0.00   0.00    0.00    0.00   0.00     0.00     0.00   0.00   0.00
cas1-1           0.00    0.00      0.00      0.00     0.00     0.00   0.00   0.00    0.00    0.00   0.00     0.00     0.00   0.00   0.00

avg-cpu:  %user   %nice %system %iowait  %steal   %idle
           0.00    0.00    0.97    0.28    0.00   98.75

Device            r/s     w/s     rMB/s     wMB/s   rrqm/s   wrqm/s  %rrqm  %wrqm r_await w_await aqu-sz rareq-sz wareq-sz  svctm  %util
nvme1n1       7552.00 4875.00    472.00     25.74     0.00     0.00   0.00   0.00    0.66    0.11   1.62    64.00     5.41   0.04  45.10
nvme0n1          0.00 7670.00      0.00    472.00     0.00     0.00   0.00   0.00    0.00    0.42   0.35     0.00    63.02   0.05  38.90
cas1-1           0.00    0.00      0.00      0.00     0.00     0.00   0.00   0.00    0.00    0.00   0.00     0.00     0.00   0.00   0.00

avg-cpu:  %user   %nice %system %iowait  %steal   %idle
           0.50    0.00    0.75    1.13    0.00   97.62

Device            r/s     w/s     rMB/s     wMB/s   rrqm/s   wrqm/s  %rrqm  %wrqm r_await w_await aqu-sz rareq-sz wareq-sz  svctm  %util
nvme1n1       1495.00 2118.00     92.32    143.74     0.00     0.00   0.00   0.00    0.65    1.55   2.95    63.24    69.50   0.05  18.80
nvme0n1         44.00 1483.00      1.04     91.25     0.00     0.00   0.00   0.00    0.11    0.49   0.05    24.18    63.01   0.06   8.70
cas1-1        18446744073708150784.00 18446744073708949504.00 9007199254653470.00 9007199254703512.00     0.00     0.00   0.00   0.00    0.00    0.00 4294963.60     0.50     0.50   0.00 429492154.40

avg-cpu:  %user   %nice %system %iowait  %steal   %idle
           0.34    0.00    1.10    1.10    0.00   97.46

Device            r/s     w/s     rMB/s     wMB/s   rrqm/s   wrqm/s  %rrqm  %wrqm r_await w_await aqu-sz rareq-sz wareq-sz  svctm  %util
nvme1n1        172.00 3143.00     10.75    153.49     0.00     0.00   0.00   0.00    0.74    0.77   0.57    64.00    50.01   0.03  11.30
nvme0n1       1635.00    0.00    102.19      0.00     0.00     0.00   0.00   0.00    0.27    0.00   0.20    64.00     0.00   0.07  11.40
cas1-1        1813.00  780.00    113.31     48.75     0.00     0.00   0.00   0.00    0.37    1.56   1.06    64.00    64.00   0.04  11.50

avg-cpu:  %user   %nice %system %iowait  %steal   %idle
           0.92    0.00    6.64    0.00    0.00   92.44

Device            r/s     w/s     rMB/s     wMB/s   rrqm/s   wrqm/s  %rrqm  %wrqm r_await w_await aqu-sz rareq-sz wareq-sz  svctm  %util
nvme1n1       13935.00 19950.00    870.94    945.53     0.00     0.00   0.00   0.00    0.47    0.52   0.24    64.00    48.53   0.03 100.00
nvme0n1       6180.00    0.00    386.25      0.00     0.00     0.00   0.00   0.00    0.13    0.00   0.00    64.00     0.00   0.16  97.10
cas1-1        20113.00 8624.00   1257.06    539.00     0.00     0.00   0.00   0.00    0.38    0.85   2.93    64.00    64.00   0.03 100.00

avg-cpu:  %user   %nice %system %iowait  %steal   %idle
           0.95    0.00    6.03    0.00    0.00   93.02

Device            r/s     w/s     rMB/s     wMB/s   rrqm/s   wrqm/s  %rrqm  %wrqm r_await w_await aqu-sz rareq-sz wareq-sz  svctm  %util
nvme1n1       22018.00 12541.00   1376.12    662.05     0.00     0.00   0.00   0.00    0.43    0.44   0.00    64.00    54.06   0.03 100.00
nvme0n1        649.00    0.00     40.56      0.00     0.00     0.00   0.00   0.00    0.12    0.00   0.00    64.00     0.00   0.69  44.50
cas1-1        22672.00 9814.00   1417.00    613.38     0.00     0.00   0.00   0.00    0.43    0.56   0.19    64.00    64.00   0.03 100.00

avg-cpu:  %user   %nice %system %iowait  %steal   %idle
           0.95    0.00    5.83    0.03    0.00   93.19

Device            r/s     w/s     rMB/s     wMB/s   rrqm/s   wrqm/s  %rrqm  %wrqm r_await w_await aqu-sz rareq-sz wareq-sz  svctm  %util
nvme1n1       22957.00 10811.00   1434.81    633.73     0.00     0.00   0.00   0.00    0.44    0.45   0.00    64.00    60.03   0.03 100.00
nvme0n1         55.00    0.00      3.44      0.00     0.00     0.00   0.00   0.00    0.16    0.00   0.00    64.00     0.00   1.07   5.90
cas1-1        23009.00 10041.00   1438.06    627.56     0.00     0.00   0.00   0.00    0.45    0.51   0.04    64.00    64.00   0.03 100.00

avg-cpu:  %user   %nice %system %iowait  %steal   %idle
           0.95    0.00    5.80    0.00    0.00   93.28

Device            r/s     w/s     rMB/s     wMB/s   rrqm/s   wrqm/s  %rrqm  %wrqm r_await w_await aqu-sz rareq-sz wareq-sz  svctm  %util
nvme1n1       23341.00 10165.00   1458.81    621.54     0.00     0.00   0.00   0.00    0.44    0.46   0.00    64.00    62.61   0.03 100.00
nvme0n1          4.00    0.00      0.25      0.00     0.00     0.00   0.00   0.00    2.50    0.00   0.01    64.00     0.00   2.00   0.80
cas1-1        23349.00 9924.00   1459.31    620.25     0.00     0.00   0.00   0.00    0.46    0.49   0.03    64.00    64.00   0.03 100.00

avg-cpu:  %user   %nice %system %iowait  %steal   %idle
           0.82    0.00    5.90    0.00    0.00   93.28

Device            r/s     w/s     rMB/s     wMB/s   rrqm/s   wrqm/s  %rrqm  %wrqm r_await w_await aqu-sz rareq-sz wareq-sz  svctm  %util
nvme1n1       23329.00 10062.00   1458.06    624.71     0.00     0.00   0.00   0.00    0.44    0.46   0.00    64.00    63.58   0.03 100.00
nvme0n1          0.00    0.00      0.00      0.00     0.00     0.00   0.00   0.00    0.00    0.00   0.00     0.00     0.00   0.00   0.00
cas1-1        23325.00 9994.00   1457.81    624.62     0.00     0.00   0.00   0.00    0.45    0.49   0.00    64.00    64.00   0.03 100.00

avg-cpu:  %user   %nice %system %iowait  %steal   %idle
           0.88    0.00    5.90    0.00    0.00   93.22

Device            r/s     w/s     rMB/s     wMB/s   rrqm/s   wrqm/s  %rrqm  %wrqm r_await w_await aqu-sz rareq-sz wareq-sz  svctm  %util
nvme1n1       23346.00 10009.00   1459.12    624.21     0.00     0.00   0.00   0.00    0.45    0.46   0.00    64.00    63.86   0.03 100.00
nvme0n1          0.00    0.00      0.00      0.00     0.00     0.00   0.00   0.00    0.00    0.00   0.00     0.00     0.00   0.00   0.00
cas1-1        23347.00 9985.00   1459.19    624.06     0.00     0.00   0.00   0.00    0.46    0.48   0.00    64.00    64.00   0.03 100.00

avg-cpu:  %user   %nice %system %iowait  %steal   %idle
           0.85    0.00    5.74    0.00    0.00   93.41

Device            r/s     w/s     rMB/s     wMB/s   rrqm/s   wrqm/s  %rrqm  %wrqm r_await w_await aqu-sz rareq-sz wareq-sz  svctm  %util
nvme1n1       23443.00 9901.00   1465.19    618.40     0.00     0.00   0.00   0.00    0.45    0.46   0.00    64.00    63.96   0.03 100.00
nvme0n1          0.00    0.00      0.00      0.00     0.00     0.00   0.00   0.00    0.00    0.00   0.00     0.00     0.00   0.00   0.00
cas1-1        23447.00 9892.00   1465.44    618.25     0.00     0.00   0.00   0.00    0.46    0.48   0.00    64.00    64.00   0.03 100.00

avg-cpu:  %user   %nice %system %iowait  %steal   %idle
           0.88    0.00    5.72    0.00    0.00   93.40

Device            r/s     w/s     rMB/s     wMB/s   rrqm/s   wrqm/s  %rrqm  %wrqm r_await w_await aqu-sz rareq-sz wareq-sz  svctm  %util
nvme1n1       23522.00 9895.00   1470.12    618.14     0.00     0.00   0.00   0.00    0.44    0.46   0.00    64.00    63.97   0.03 100.00
nvme0n1          0.00    0.00      0.00      0.00     0.00     0.00   0.00   0.00    0.00    0.00   0.00     0.00     0.00   0.00   0.00
cas1-1        23522.00 9890.00   1470.12    618.12     0.00     0.00   0.00   0.00    0.45    0.48   0.00    64.00    64.00   0.03 100.00

avg-cpu:  %user   %nice %system %iowait  %steal   %idle
           0.91    0.00    5.77    0.00    0.00   93.31

Device            r/s     w/s     rMB/s     wMB/s   rrqm/s   wrqm/s  %rrqm  %wrqm r_await w_await aqu-sz rareq-sz wareq-sz  svctm  %util
nvme1n1       23389.00 9987.00   1461.81    624.13     0.00     0.00   0.00   0.00    0.45    0.46   0.00    64.00    63.99   0.03 100.00
nvme0n1          0.00    0.00      0.00      0.00     0.00     0.00   0.00   0.00    0.00    0.00   0.00     0.00     0.00   0.00   0.00
cas1-1        23384.00 9989.00   1461.50    624.31     0.00     0.00   0.00   0.00    0.46    0.48   0.00    64.00    64.00   0.03 100.10

avg-cpu:  %user   %nice %system %iowait  %steal   %idle
           0.88    0.00    5.65    0.00    0.00   93.47

Device            r/s     w/s     rMB/s     wMB/s   rrqm/s   wrqm/s  %rrqm  %wrqm r_await w_await aqu-sz rareq-sz wareq-sz  svctm  %util
nvme1n1       23349.00 9996.00   1459.31    624.75     0.00     0.00   0.00   0.00    0.45    0.46   0.00    64.00    64.00   0.03 100.00
nvme0n1          0.00    0.00      0.00      0.00     0.00     0.00   0.00   0.00    0.00    0.00   0.00     0.00     0.00   0.00   0.00
cas1-1        23353.00 9992.00   1459.56    624.50     0.00     0.00   0.00   0.00    0.46    0.48   0.00    64.00    64.00   0.03  99.90

avg-cpu:  %user   %nice %system %iowait  %steal   %idle
           0.91    0.00    5.83    0.00    0.00   93.25

Device            r/s     w/s     rMB/s     wMB/s   rrqm/s   wrqm/s  %rrqm  %wrqm r_await w_await aqu-sz rareq-sz wareq-sz  svctm  %util
nvme1n1       23351.00 10013.00   1459.44    625.81     0.00     0.00   0.00   0.00    0.45    0.46   0.00    64.00    64.00   0.03 100.00
nvme0n1          0.00    0.00      0.00      0.00     0.00     0.00   0.00   0.00    0.00    0.00   0.00     0.00     0.00   0.00   0.00
cas1-1        23344.00 10016.00   1459.00    626.00     0.00     0.00   0.00   0.00    0.46    0.48   0.00    64.00    64.00   0.03 100.00

avg-cpu:  %user   %nice %system %iowait  %steal   %idle
           0.88    0.00    5.81    0.00    0.00   93.31

Device            r/s     w/s     rMB/s     wMB/s   rrqm/s   wrqm/s  %rrqm  %wrqm r_await w_await aqu-sz rareq-sz wareq-sz  svctm  %util
nvme1n1       23361.00 9980.00   1460.06    623.75     0.00     0.00   0.00   0.00    0.45    0.46   0.00    64.00    64.00   0.03 100.20
nvme0n1          0.00    0.00      0.00      0.00     0.00     0.00   0.00   0.00    0.00    0.00   0.00     0.00     0.00   0.00   0.00
cas1-1        23366.00 9978.00   1460.38    623.62     0.00     0.00   0.00   0.00    0.46    0.48   0.00    64.00    64.00   0.03 100.00

avg-cpu:  %user   %nice %system %iowait  %steal   %idle
           0.85    0.00    5.77    0.00    0.00   93.38

Device            r/s     w/s     rMB/s     wMB/s   rrqm/s   wrqm/s  %rrqm  %wrqm r_await w_await aqu-sz rareq-sz wareq-sz  svctm  %util
nvme1n1       23298.00 10028.00   1456.12    626.75     0.00     0.00   0.00   0.00    0.45    0.46   0.00    64.00    64.00   0.03 100.00
nvme0n1          0.00    0.00      0.00      0.00     0.00     0.00   0.00   0.00    0.00    0.00   0.00     0.00     0.00   0.00   0.00
cas1-1        23295.00 10033.00   1455.94    627.06     0.00     0.00   0.00   0.00    0.46    0.48   0.00    64.00    64.00   0.03 100.10

avg-cpu:  %user   %nice %system %iowait  %steal   %idle
           0.88    0.00    5.65    0.00    0.00   93.46

Device            r/s     w/s     rMB/s     wMB/s   rrqm/s   wrqm/s  %rrqm  %wrqm r_await w_await aqu-sz rareq-sz wareq-sz  svctm  %util
nvme1n1       23429.00 9856.00   1464.31    616.00     0.00     0.00   0.00   0.00    0.45    0.46   0.00    64.00    64.00   0.03 100.00
nvme0n1          0.00    0.00      0.00      0.00     0.00     0.00   0.00   0.00    0.00    0.00   0.00     0.00     0.00   0.00   0.00
cas1-1        23435.00 9851.00   1464.69    615.69     0.00     0.00   0.00   0.00    0.46    0.48   0.00    64.00    64.00   0.03 100.00

avg-cpu:  %user   %nice %system %iowait  %steal   %idle
           0.92    0.00    5.62    0.00    0.00   93.47

Device            r/s     w/s     rMB/s     wMB/s   rrqm/s   wrqm/s  %rrqm  %wrqm r_await w_await aqu-sz rareq-sz wareq-sz  svctm  %util
nvme1n1       23256.00 10010.00   1453.50    625.62     0.00     0.00   0.00   0.00    0.45    0.46   0.00    64.00    64.00   0.03 100.10
nvme0n1          0.00    0.00      0.00      0.00     0.00     0.00   0.00   0.00    0.00    0.00   0.00     0.00     0.00   0.00   0.00
cas1-1        23259.00 10011.00   1453.69    625.69     0.00     0.00   0.00   0.00    0.46    0.49   0.00    64.00    64.00   0.03 100.00

avg-cpu:  %user   %nice %system %iowait  %steal   %idle
           0.92    0.00    5.69    0.00    0.00   93.40

Device            r/s     w/s     rMB/s     wMB/s   rrqm/s   wrqm/s  %rrqm  %wrqm r_await w_await aqu-sz rareq-sz wareq-sz  svctm  %util
nvme1n1       23314.00 10064.00   1457.12    629.00     0.00     0.00   0.00   0.00    0.45    0.46   0.00    64.00    64.00   0.03  99.90
nvme0n1          0.00    0.00      0.00      0.00     0.00     0.00   0.00   0.00    0.00    0.00   0.00     0.00     0.00   0.00   0.00
cas1-1        23305.00 10065.00   1456.56    629.06     0.00     0.00   0.00   0.00    0.46    0.48   0.00    64.00    64.00   0.03 100.00

avg-cpu:  %user   %nice %system %iowait  %steal   %idle
           0.82    0.00    5.87    0.00    0.00   93.31

Device            r/s     w/s     rMB/s     wMB/s   rrqm/s   wrqm/s  %rrqm  %wrqm r_await w_await aqu-sz rareq-sz wareq-sz  svctm  %util
nvme1n1       23317.00 10023.00   1457.31    626.44     0.00     0.00   0.00   0.00    0.45    0.46   0.00    64.00    64.00   0.03 100.10
nvme0n1          0.00    0.00      0.00      0.00     0.00     0.00   0.00   0.00    0.00    0.00   0.00     0.00     0.00   0.00   0.00
cas1-1        23322.00 10022.00   1457.62    626.38     0.00     0.00   0.00   0.00    0.46    0.48   0.00    64.00    64.00   0.03 100.00

avg-cpu:  %user   %nice %system %iowait  %steal   %idle
           0.92    0.00    5.65    0.00    0.00   93.43

Device            r/s     w/s     rMB/s     wMB/s   rrqm/s   wrqm/s  %rrqm  %wrqm r_await w_await aqu-sz rareq-sz wareq-sz  svctm  %util
nvme1n1       23234.00 10057.00   1452.12    628.56     0.00     0.00   0.00   0.00    0.45    0.46   0.00    64.00    64.00   0.03 100.00
nvme0n1          0.00    0.00      0.00      0.00     0.00     0.00   0.00   0.00    0.00    0.00   0.00     0.00     0.00   0.00   0.00
cas1-1        23232.00 10059.00   1452.00    628.69     0.00     0.00   0.00   0.00    0.46    0.49   0.00    64.00    64.00   0.03 100.20

avg-cpu:  %user   %nice %system %iowait  %steal   %idle
           0.85    0.00    5.96    0.00    0.00   93.19

Device            r/s     w/s     rMB/s     wMB/s   rrqm/s   wrqm/s  %rrqm  %wrqm r_await w_await aqu-sz rareq-sz wareq-sz  svctm  %util
nvme1n1       23106.00 10199.00   1444.12    637.44     0.00     0.00   0.00   0.00    0.45    0.46   0.00    64.00    64.00   0.03 100.00
nvme0n1          0.00    0.00      0.00      0.00     0.00     0.00   0.00   0.00    0.00    0.00   0.00     0.00     0.00   0.00   0.00
cas1-1        23109.00 10196.00   1444.31    637.25     0.00     0.00   0.00   0.00    0.46    0.48   0.00    64.00    64.00   0.03 100.00

avg-cpu:  %user   %nice %system %iowait  %steal   %idle
           0.88    0.00    5.68    0.00    0.00   93.44

Device            r/s     w/s     rMB/s     wMB/s   rrqm/s   wrqm/s  %rrqm  %wrqm r_await w_await aqu-sz rareq-sz wareq-sz  svctm  %util
nvme1n1       23369.00 9949.00   1460.56    621.81     0.00     0.00   0.00   0.00    0.45    0.46   0.00    64.00    64.00   0.03 100.00
nvme0n1          0.00    0.00      0.00      0.00     0.00     0.00   0.00   0.00    0.00    0.00   0.00     0.00     0.00   0.00   0.00
cas1-1        23365.00 9952.00   1460.31    622.00     0.00     0.00   0.00   0.00    0.46    0.48   0.00    64.00    64.00   0.03 100.00

avg-cpu:  %user   %nice %system %iowait  %steal   %idle
           0.85    0.00    5.84    0.00    0.00   93.31

Device            r/s     w/s     rMB/s     wMB/s   rrqm/s   wrqm/s  %rrqm  %wrqm r_await w_await aqu-sz rareq-sz wareq-sz  svctm  %util
nvme1n1       23275.00 10040.00   1454.69    627.50     0.00     0.00   0.00   0.00    0.45    0.46   0.00    64.00    64.00   0.03 100.00
nvme0n1          0.00    0.00      0.00      0.00     0.00     0.00   0.00   0.00    0.00    0.00   0.00     0.00     0.00   0.00   0.00
cas1-1        23273.00 10039.00   1454.56    627.44     0.00     0.00   0.00   0.00    0.46    0.48   0.00    64.00    64.00   0.03 100.00

avg-cpu:  %user   %nice %system %iowait  %steal   %idle
           0.98    0.00    5.68    0.00    0.00   93.34

Device            r/s     w/s     rMB/s     wMB/s   rrqm/s   wrqm/s  %rrqm  %wrqm r_await w_await aqu-sz rareq-sz wareq-sz  svctm  %util
nvme1n1       23391.00 9914.00   1461.94    619.62     0.00     0.00   0.00   0.00    0.45    0.46   0.00    64.00    64.00   0.03 100.00
nvme0n1          0.00    0.00      0.00      0.00     0.00     0.00   0.00   0.00    0.00    0.00   0.00     0.00     0.00   0.00   0.00
cas1-1        23393.00 9914.00   1462.06    619.62     0.00     0.00   0.00   0.00    0.46    0.48   0.00    64.00    64.00   0.03 100.00

avg-cpu:  %user   %nice %system %iowait  %steal   %idle
           0.79    0.00    5.69    0.00    0.00   93.52

Device            r/s     w/s     rMB/s     wMB/s   rrqm/s   wrqm/s  %rrqm  %wrqm r_await w_await aqu-sz rareq-sz wareq-sz  svctm  %util
nvme1n1       23225.00 10038.00   1451.56    627.38     0.00     0.00   0.00   0.00    0.45    0.47   0.00    64.00    64.00   0.03 100.00
nvme0n1          0.00    0.00      0.00      0.00     0.00     0.00   0.00   0.00    0.00    0.00   0.00     0.00     0.00   0.00   0.00
cas1-1        23226.00 10037.00   1451.62    627.31     0.00     0.00   0.00   0.00    0.46    0.49   0.00    64.00    64.00   0.03 100.00

avg-cpu:  %user   %nice %system %iowait  %steal   %idle
           0.79    0.00    5.72    0.00    0.00   93.50

Device            r/s     w/s     rMB/s     wMB/s   rrqm/s   wrqm/s  %rrqm  %wrqm r_await w_await aqu-sz rareq-sz wareq-sz  svctm  %util
nvme1n1       23365.00 9980.00   1460.31    623.75     0.00     0.00   0.00   0.00    0.45    0.47   0.00    64.00    64.00   0.03 100.00
nvme0n1          0.00    0.00      0.00      0.00     0.00     0.00   0.00   0.00    0.00    0.00   0.00     0.00     0.00   0.00   0.00
cas1-1        23363.00 9982.00   1460.19    623.88     0.00     0.00   0.00   0.00    0.46    0.48   0.00    64.00    64.00   0.03 100.00

avg-cpu:  %user   %nice %system %iowait  %steal   %idle
           0.82    0.00    5.80    0.00    0.00   93.38

Device            r/s     w/s     rMB/s     wMB/s   rrqm/s   wrqm/s  %rrqm  %wrqm r_await w_await aqu-sz rareq-sz wareq-sz  svctm  %util
nvme1n1       23232.00 10022.00   1452.00    626.38     0.00     0.00   0.00   0.00    0.45    0.47   0.00    64.00    64.00   0.03 100.00
nvme0n1          0.00    0.00      0.00      0.00     0.00     0.00   0.00   0.00    0.00    0.00   0.00     0.00     0.00   0.00   0.00
cas1-1        23235.00 10020.00   1452.19    626.25     0.00     0.00   0.00   0.00    0.46    0.49   0.00    64.00    64.00   0.03 100.00

avg-cpu:  %user   %nice %system %iowait  %steal   %idle
           0.82    0.00    5.77    0.00    0.00   93.41

Device            r/s     w/s     rMB/s     wMB/s   rrqm/s   wrqm/s  %rrqm  %wrqm r_await w_await aqu-sz rareq-sz wareq-sz  svctm  %util
nvme1n1       23371.00 9996.00   1460.69    624.75     0.00     0.00   0.00   0.00    0.45    0.46   0.00    64.00    64.00   0.03 100.00
nvme0n1          0.00    0.00      0.00      0.00     0.00     0.00   0.00   0.00    0.00    0.00   0.00     0.00     0.00   0.00   0.00
cas1-1        23370.00 9997.00   1460.62    624.81     0.00     0.00   0.00   0.00    0.46    0.49   0.00    64.00    64.00   0.03 100.00

avg-cpu:  %user   %nice %system %iowait  %steal   %idle
           0.85    0.00    5.74    0.09    0.00   93.32

Device            r/s     w/s     rMB/s     wMB/s   rrqm/s   wrqm/s  %rrqm  %wrqm r_await w_await aqu-sz rareq-sz wareq-sz  svctm  %util
nvme1n1       23313.00 9972.00   1457.06    623.25     0.00     0.00   0.00   0.00    0.45    0.47   0.00    64.00    64.00   0.03 100.00
nvme0n1          0.00    0.00      0.00      0.00     0.00     0.00   0.00   0.00    0.00    0.00   0.00     0.00     0.00   0.00   0.00
cas1-1        23315.00 9971.00   1457.19    623.19     0.00     0.00   0.00   0.00    0.46    0.49   0.00    64.00    64.00   0.03 100.10

avg-cpu:  %user   %nice %system %iowait  %steal   %idle
           0.79    0.00    5.87    0.00    0.00   93.34

Device            r/s     w/s     rMB/s     wMB/s   rrqm/s   wrqm/s  %rrqm  %wrqm r_await w_await aqu-sz rareq-sz wareq-sz  svctm  %util
nvme1n1       23255.00 10027.00   1453.44    626.69     0.00     0.00   0.00   0.00    0.45    0.46   0.00    64.00    64.00   0.03 100.00
nvme0n1          0.00    0.00      0.00      0.00     0.00     0.00   0.00   0.00    0.00    0.00   0.00     0.00     0.00   0.00   0.00
cas1-1        23254.00 10026.00   1453.38    626.62     0.00     0.00   0.00   0.00    0.46    0.48   0.00    64.00    64.00   0.03 100.00

avg-cpu:  %user   %nice %system %iowait  %steal   %idle
           0.88    0.00    5.80    0.00    0.00   93.31

Device            r/s     w/s     rMB/s     wMB/s   rrqm/s   wrqm/s  %rrqm  %wrqm r_await w_await aqu-sz rareq-sz wareq-sz  svctm  %util
nvme1n1       23322.00 9981.00   1457.62    623.81     0.00     0.00   0.00   0.00    0.45    0.46   0.00    64.00    64.00   0.03 100.00
nvme0n1          0.00    0.00      0.00      0.00     0.00     0.00   0.00   0.00    0.00    0.00   0.00     0.00     0.00   0.00   0.00
cas1-1        23320.00 9986.00   1457.50    624.12     0.00     0.00   0.00   0.00    0.46    0.48   0.00    64.00    64.00   0.03 100.00

avg-cpu:  %user   %nice %system %iowait  %steal   %idle
           0.88    0.00    5.71    0.00    0.00   93.41

Device            r/s     w/s     rMB/s     wMB/s   rrqm/s   wrqm/s  %rrqm  %wrqm r_await w_await aqu-sz rareq-sz wareq-sz  svctm  %util
nvme1n1       23221.00 10093.00   1451.38    630.81     0.00     0.00   0.00   0.00    0.45    0.46   0.00    64.00    64.00   0.03 100.00
nvme0n1          0.00    0.00      0.00      0.00     0.00     0.00   0.00   0.00    0.00    0.00   0.00     0.00     0.00   0.00   0.00
cas1-1        23219.00 10091.00   1451.19    630.69     0.00     0.00   0.00   0.00    0.46    0.48   0.00    64.00    64.00   0.03 100.00

avg-cpu:  %user   %nice %system %iowait  %steal   %idle
           0.85    0.00    5.56    0.00    0.00   93.59

Device            r/s     w/s     rMB/s     wMB/s   rrqm/s   wrqm/s  %rrqm  %wrqm r_await w_await aqu-sz rareq-sz wareq-sz  svctm  %util
nvme1n1       23339.00 9953.00   1458.62    622.06     0.00     0.00   0.00   0.00    0.45    0.47   0.00    64.00    64.00   0.03 100.10
nvme0n1          0.00    0.00      0.00      0.00     0.00     0.00   0.00   0.00    0.00    0.00   0.00     0.00     0.00   0.00   0.00
cas1-1        23343.00 9951.00   1458.94    621.94     0.00     0.00   0.00   0.00    0.46    0.49   0.00    64.00    64.00   0.03 100.00

avg-cpu:  %user   %nice %system %iowait  %steal   %idle
           0.95    0.00    5.59    0.00    0.00   93.46

Device            r/s     w/s     rMB/s     wMB/s   rrqm/s   wrqm/s  %rrqm  %wrqm r_await w_await aqu-sz rareq-sz wareq-sz  svctm  %util
nvme1n1       23224.00 10029.00   1451.50    626.81     0.00     0.00   0.00   0.00    0.45    0.47   0.00    64.00    64.00   0.03 100.00
nvme0n1          0.00    0.00      0.00      0.00     0.00     0.00   0.00   0.00    0.00    0.00   0.00     0.00     0.00   0.00   0.00
cas1-1        23223.00 10029.00   1451.44    626.81     0.00     0.00   0.00   0.00    0.46    0.49   0.00    64.00    64.00   0.03 100.00

avg-cpu:  %user   %nice %system %iowait  %steal   %idle
           0.85    0.00    5.71    0.00    0.00   93.44

Device            r/s     w/s     rMB/s     wMB/s   rrqm/s   wrqm/s  %rrqm  %wrqm r_await w_await aqu-sz rareq-sz wareq-sz  svctm  %util
nvme1n1       23058.00 10139.00   1441.12    633.69     0.00     0.00   0.00   0.00    0.45    0.47   0.00    64.00    64.00   0.03 100.00
nvme0n1          0.00    0.00      0.00      0.00     0.00     0.00   0.00   0.00    0.00    0.00   0.00     0.00     0.00   0.00   0.00
cas1-1        23056.00 10141.00   1441.00    633.81     0.00     0.00   0.00   0.00    0.46    0.49   0.00    64.00    64.00   0.03 100.20

avg-cpu:  %user   %nice %system %iowait  %steal   %idle
           0.95    0.00    5.59    0.00    0.00   93.46

Device            r/s     w/s     rMB/s     wMB/s   rrqm/s   wrqm/s  %rrqm  %wrqm r_await w_await aqu-sz rareq-sz wareq-sz  svctm  %util
nvme1n1       23392.00 9985.00   1462.06    624.06     0.00     0.00   0.00   0.00    0.45    0.46   0.00    64.00    64.00   0.03 100.00
nvme0n1          0.00    0.00      0.00      0.00     0.00     0.00   0.00   0.00    0.00    0.00   0.00     0.00     0.00   0.00   0.00
cas1-1        23390.00 9985.00   1461.88    624.06     0.00     0.00   0.00   0.00    0.46    0.48   0.00    64.00    64.00   0.03 100.00

avg-cpu:  %user   %nice %system %iowait  %steal   %idle
           0.85    0.00    5.83    0.00    0.00   93.32

Device            r/s     w/s     rMB/s     wMB/s   rrqm/s   wrqm/s  %rrqm  %wrqm r_await w_await aqu-sz rareq-sz wareq-sz  svctm  %util
nvme1n1       23304.00 9960.00   1456.44    622.50     0.00     0.00   0.00   0.00    0.45    0.47   0.00    64.00    64.00   0.03 100.00
nvme0n1          0.00    0.00      0.00      0.00     0.00     0.00   0.00   0.00    0.00    0.00   0.00     0.00     0.00   0.00   0.00
cas1-1        23306.00 9959.00   1456.62    622.44     0.00     0.00   0.00   0.00    0.46    0.49   0.00    64.00    64.00   0.03 100.20

avg-cpu:  %user   %nice %system %iowait  %steal   %idle
           0.88    0.00    5.74    0.00    0.00   93.38

Device            r/s     w/s     rMB/s     wMB/s   rrqm/s   wrqm/s  %rrqm  %wrqm r_await w_await aqu-sz rareq-sz wareq-sz  svctm  %util
nvme1n1       23329.00 9967.00   1458.06    622.94     0.00     0.00   0.00   0.00    0.45    0.46   0.00    64.00    64.00   0.03 100.00
nvme0n1          0.00    0.00      0.00      0.00     0.00     0.00   0.00   0.00    0.00    0.00   0.00     0.00     0.00   0.00   0.00
cas1-1        23329.00 9967.00   1458.06    622.94     0.00     0.00   0.00   0.00    0.46    0.48   0.00    64.00    64.00   0.03 100.00

avg-cpu:  %user   %nice %system %iowait  %steal   %idle
           0.82    0.00    5.68    0.00    0.00   93.50

Device            r/s     w/s     rMB/s     wMB/s   rrqm/s   wrqm/s  %rrqm  %wrqm r_await w_await aqu-sz rareq-sz wareq-sz  svctm  %util
nvme1n1       23333.00 9963.00   1458.31    622.69     0.00     0.00   0.00   0.00    0.45    0.47   0.00    64.00    64.00   0.03 100.00
nvme0n1          0.00    0.00      0.00      0.00     0.00     0.00   0.00   0.00    0.00    0.00   0.00     0.00     0.00   0.00   0.00
cas1-1        23333.00 9962.00   1458.31    622.62     0.00     0.00   0.00   0.00    0.46    0.48   0.00    64.00    64.00   0.03 100.20

avg-cpu:  %user   %nice %system %iowait  %steal   %idle
           0.85    0.00    5.71    0.00    0.00   93.43

Device            r/s     w/s     rMB/s     wMB/s   rrqm/s   wrqm/s  %rrqm  %wrqm r_await w_await aqu-sz rareq-sz wareq-sz  svctm  %util
nvme1n1       23285.00 9874.00   1455.31    617.12     0.00     0.00   0.00   0.00    0.45    0.47   0.00    64.00    64.00   0.03 100.00
nvme0n1          0.00    0.00      0.00      0.00     0.00     0.00   0.00   0.00    0.00    0.00   0.00     0.00     0.00   0.00   0.00
cas1-1        23286.00 9875.00   1455.38    617.19     0.00     0.00   0.00   0.00    0.46    0.49   0.00    64.00    64.00   0.03 100.00

avg-cpu:  %user   %nice %system %iowait  %steal   %idle
           0.91    0.00    5.80    0.00    0.00   93.28

Device            r/s     w/s     rMB/s     wMB/s   rrqm/s   wrqm/s  %rrqm  %wrqm r_await w_await aqu-sz rareq-sz wareq-sz  svctm  %util
nvme1n1       23149.00 10162.00   1446.81    635.12     0.00     0.00   0.00   0.00    0.45    0.46   0.00    64.00    64.00   0.03 100.00
nvme0n1          0.00    0.00      0.00      0.00     0.00     0.00   0.00   0.00    0.00    0.00   0.00     0.00     0.00   0.00   0.00
cas1-1        23147.00 10160.00   1446.69    635.00     0.00     0.00   0.00   0.00    0.46    0.48   0.00    64.00    64.00   0.03 100.00

avg-cpu:  %user   %nice %system %iowait  %steal   %idle
           0.88    0.00    5.77    0.00    0.00   93.35

Device            r/s     w/s     rMB/s     wMB/s   rrqm/s   wrqm/s  %rrqm  %wrqm r_await w_await aqu-sz rareq-sz wareq-sz  svctm  %util
nvme1n1       23263.00 9993.00   1453.94    624.56     0.00     0.00   0.00   0.00    0.45    0.46   0.00    64.00    64.00   0.03 100.00
nvme0n1          0.00    0.00      0.00      0.00     0.00     0.00   0.00   0.00    0.00    0.00   0.00     0.00     0.00   0.00   0.00
cas1-1        23261.00 9993.00   1453.81    624.56     0.00     0.00   0.00   0.00    0.46    0.48   0.00    64.00    64.00   0.03 100.00

avg-cpu:  %user   %nice %system %iowait  %steal   %idle
           0.85    0.00    5.74    0.00    0.00   93.40

Device            r/s     w/s     rMB/s     wMB/s   rrqm/s   wrqm/s  %rrqm  %wrqm r_await w_await aqu-sz rareq-sz wareq-sz  svctm  %util
nvme1n1       23377.00 9925.00   1461.06    620.31     0.00     0.00   0.00   0.00    0.45    0.46   0.00    64.00    64.00   0.03 100.00
nvme0n1          0.00    0.00      0.00      0.00     0.00     0.00   0.00   0.00    0.00    0.00   0.00     0.00     0.00   0.00   0.00
cas1-1        23378.00 9927.00   1461.12    620.44     0.00     0.00   0.00   0.00    0.46    0.49   0.00    64.00    64.00   0.03 100.00

avg-cpu:  %user   %nice %system %iowait  %steal   %idle
           0.95    0.00    5.65    0.00    0.00   93.40

Device            r/s     w/s     rMB/s     wMB/s   rrqm/s   wrqm/s  %rrqm  %wrqm r_await w_await aqu-sz rareq-sz wareq-sz  svctm  %util
nvme1n1       23291.00 10045.00   1455.69    627.81     0.00     0.00   0.00   0.00    0.45    0.46   0.00    64.00    64.00   0.03 100.00
nvme0n1          0.00    0.00      0.00      0.00     0.00     0.00   0.00   0.00    0.00    0.00   0.00     0.00     0.00   0.00   0.00
cas1-1        23294.00 10045.00   1455.88    627.81     0.00     0.00   0.00   0.00    0.46    0.48   0.00    64.00    64.00   0.03 100.00

avg-cpu:  %user   %nice %system %iowait  %steal   %idle
           0.82    0.00    5.63    0.00    0.00   93.55

Device            r/s     w/s     rMB/s     wMB/s   rrqm/s   wrqm/s  %rrqm  %wrqm r_await w_await aqu-sz rareq-sz wareq-sz  svctm  %util
nvme1n1       23209.00 9829.00   1450.56    614.31     0.00     0.00   0.00   0.00    0.45    0.47   0.00    64.00    64.00   0.03 100.00
nvme0n1          0.00    0.00      0.00      0.00     0.00     0.00   0.00   0.00    0.00    0.00   0.00     0.00     0.00   0.00   0.00
cas1-1        23208.00 9828.00   1450.50    614.25     0.00     0.00   0.00   0.00    0.46    0.49   0.00    64.00    64.00   0.03 100.00

avg-cpu:  %user   %nice %system %iowait  %steal   %idle
           1.51    0.00    5.71    0.00    0.00   92.78

Device            r/s     w/s     rMB/s     wMB/s   rrqm/s   wrqm/s  %rrqm  %wrqm r_await w_await aqu-sz rareq-sz wareq-sz  svctm  %util
nvme1n1       23307.00 9940.00   1456.75    621.25     0.00     0.00   0.00   0.00    0.45    0.46   0.00    64.00    64.00   0.03 100.00
nvme0n1          0.00    0.00      0.00      0.00     0.00     0.00   0.00   0.00    0.00    0.00   0.00     0.00     0.00   0.00   0.00
cas1-1        23309.00 9941.00   1456.81    621.31     0.00     0.00   0.00   0.00    0.46    0.48   0.00    64.00    64.00   0.03 100.10

avg-cpu:  %user   %nice %system %iowait  %steal   %idle
           0.85    0.00    5.77    0.09    0.00   93.28

Device            r/s     w/s     rMB/s     wMB/s   rrqm/s   wrqm/s  %rrqm  %wrqm r_await w_await aqu-sz rareq-sz wareq-sz  svctm  %util
nvme1n1       23380.00 9935.00   1461.19    620.94     0.00     0.00   0.00   0.00    0.45    0.46   0.00    64.00    64.00   0.03 100.00
nvme0n1          0.00    0.00      0.00      0.00     0.00     0.00   0.00   0.00    0.00    0.00   0.00     0.00     0.00   0.00   0.00
cas1-1        23380.00 9935.00   1461.25    620.94     0.00     0.00   0.00   0.00    0.46    0.48   0.00    64.00    64.00   0.03 100.00

avg-cpu:  %user   %nice %system %iowait  %steal   %idle
           0.85    0.00    5.74    0.00    0.00   93.41

Device            r/s     w/s     rMB/s     wMB/s   rrqm/s   wrqm/s  %rrqm  %wrqm r_await w_await aqu-sz rareq-sz wareq-sz  svctm  %util
nvme1n1       23234.00 9999.00   1452.12    624.94     0.00     0.00   0.00   0.00    0.45    0.47   0.00    64.00    64.00   0.03 100.00
nvme0n1          0.00    0.00      0.00      0.00     0.00     0.00   0.00   0.00    0.00    0.00   0.00     0.00     0.00   0.00   0.00
cas1-1        23229.00 10000.00   1451.81    625.00     0.00     0.00   0.00   0.00    0.46    0.49   0.00    64.00    64.00   0.03  99.90

avg-cpu:  %user   %nice %system %iowait  %steal   %idle
           0.98    0.00    5.64    0.00    0.00   93.38

Device            r/s     w/s     rMB/s     wMB/s   rrqm/s   wrqm/s  %rrqm  %wrqm r_await w_await aqu-sz rareq-sz wareq-sz  svctm  %util
nvme1n1       23344.00 9923.00   1459.00    620.19     0.00     0.00   0.00   0.00    0.45    0.47   0.00    64.00    64.00   0.03 100.00
nvme0n1          0.00    0.00      0.00      0.00     0.00     0.00   0.00   0.00    0.00    0.00   0.00     0.00     0.00   0.00   0.00
cas1-1        23349.00 9923.00   1459.31    620.19     0.00     0.00   0.00   0.00    0.46    0.49   0.00    64.00    64.00   0.03 100.10

avg-cpu:  %user   %nice %system %iowait  %steal   %idle
           0.73    0.00    5.78    0.00    0.00   93.49

Device            r/s     w/s     rMB/s     wMB/s   rrqm/s   wrqm/s  %rrqm  %wrqm r_await w_await aqu-sz rareq-sz wareq-sz  svctm  %util
nvme1n1       23568.00 9755.00   1473.00    609.69     0.00     0.00   0.00   0.00    0.45    0.46   0.00    64.00    64.00   0.03 100.00
nvme0n1          0.00    0.00      0.00      0.00     0.00     0.00   0.00   0.00    0.00    0.00   0.00     0.00     0.00   0.00   0.00
cas1-1        23566.00 9756.00   1472.88    609.75     0.00     0.00   0.00   0.00    0.46    0.48   0.00    64.00    64.00   0.03 100.00

avg-cpu:  %user   %nice %system %iowait  %steal   %idle
           0.85    0.00    5.80    0.00    0.00   93.35

Device            r/s     w/s     rMB/s     wMB/s   rrqm/s   wrqm/s  %rrqm  %wrqm r_await w_await aqu-sz rareq-sz wareq-sz  svctm  %util
nvme1n1       23259.00 9972.00   1453.69    623.25     0.00     0.00   0.00   0.00    0.45    0.47   0.00    64.00    64.00   0.03 100.00
nvme0n1          0.00    0.00      0.00      0.00     0.00     0.00   0.00   0.00    0.00    0.00   0.00     0.00     0.00   0.00   0.00
cas1-1        23259.00 9972.00   1453.69    623.25     0.00     0.00   0.00   0.00    0.46    0.49   0.00    64.00    64.00   0.03 100.00

avg-cpu:  %user   %nice %system %iowait  %steal   %idle
           0.92    0.00    5.49    0.00    0.00   93.59

Device            r/s     w/s     rMB/s     wMB/s   rrqm/s   wrqm/s  %rrqm  %wrqm r_await w_await aqu-sz rareq-sz wareq-sz  svctm  %util
nvme1n1       23263.00 9998.00   1453.94    624.88     0.00     0.00   0.00   0.00    0.45    0.47   0.00    64.00    64.00   0.03 100.10
nvme0n1          0.00    0.00      0.00      0.00     0.00     0.00   0.00   0.00    0.00    0.00   0.00     0.00     0.00   0.00   0.00
cas1-1        23259.00 10001.00   1453.69    625.06     0.00     0.00   0.00   0.00    0.46    0.49   0.00    64.00    64.00   0.03 100.20

avg-cpu:  %user   %nice %system %iowait  %steal   %idle
           0.95    0.00    5.77    0.00    0.00   93.28

Device            r/s     w/s     rMB/s     wMB/s   rrqm/s   wrqm/s  %rrqm  %wrqm r_await w_await aqu-sz rareq-sz wareq-sz  svctm  %util
nvme1n1       23159.00 10042.00   1447.44    627.62     0.00     0.00   0.00   0.00    0.45    0.46   0.00    64.00    64.00   0.03 100.00
nvme0n1          0.00    0.00      0.00      0.00     0.00     0.00   0.00   0.00    0.00    0.00   0.00     0.00     0.00   0.00   0.00
cas1-1        23166.00 10036.00   1447.88    627.25     0.00     0.00   0.00   0.00    0.46    0.49   0.00    64.00    64.00   0.03 100.00

avg-cpu:  %user   %nice %system %iowait  %steal   %idle
           0.85    0.00    5.68    0.00    0.00   93.46

Device            r/s     w/s     rMB/s     wMB/s   rrqm/s   wrqm/s  %rrqm  %wrqm r_await w_await aqu-sz rareq-sz wareq-sz  svctm  %util
nvme1n1       23419.00 9816.00   1463.69    613.50     0.00     0.00   0.00   0.00    0.45    0.47   0.00    64.00    64.00   0.03  99.90
nvme0n1          0.00    0.00      0.00      0.00     0.00     0.00   0.00   0.00    0.00    0.00   0.00     0.00     0.00   0.00   0.00
cas1-1        23415.00 9819.00   1463.44    613.69     0.00     0.00   0.00   0.00    0.46    0.49   0.00    64.00    64.00   0.03 100.00

avg-cpu:  %user   %nice %system %iowait  %steal   %idle
           0.88    0.00    5.56    0.00    0.00   93.55

Device            r/s     w/s     rMB/s     wMB/s   rrqm/s   wrqm/s  %rrqm  %wrqm r_await w_await aqu-sz rareq-sz wareq-sz  svctm  %util
nvme1n1       23252.00 9947.00   1453.25    621.69     0.00     0.00   0.00   0.00    0.45    0.46   0.00    64.00    64.00   0.03 100.10
nvme0n1          0.00    0.00      0.00      0.00     0.00     0.00   0.00   0.00    0.00    0.00   0.00     0.00     0.00   0.00   0.00
cas1-1        23254.00 9943.00   1453.38    621.44     0.00     0.00   0.00   0.00    0.46    0.49   0.00    64.00    64.00   0.03 100.00

avg-cpu:  %user   %nice %system %iowait  %steal   %idle
           0.85    0.00    5.83    0.00    0.00   93.32

Device            r/s     w/s     rMB/s     wMB/s   rrqm/s   wrqm/s  %rrqm  %wrqm r_await w_await aqu-sz rareq-sz wareq-sz  svctm  %util
nvme1n1       23183.00 9953.00   1448.94    622.06     0.00     0.00   0.00   0.00    0.45    0.47   0.00    64.00    64.00   0.03 100.40
nvme0n1          0.00    0.00      0.00      0.00     0.00     0.00   0.00   0.00    0.00    0.00   0.00     0.00     0.00   0.00   0.00
cas1-1        23184.00 9954.00   1449.00    622.12     0.00     0.00   0.00   0.00    0.46    0.49   0.00    64.00    64.00   0.03 100.00

avg-cpu:  %user   %nice %system %iowait  %steal   %idle
           0.88    0.00    5.59    0.00    0.00   93.53

Device            r/s     w/s     rMB/s     wMB/s   rrqm/s   wrqm/s  %rrqm  %wrqm r_await w_await aqu-sz rareq-sz wareq-sz  svctm  %util
nvme1n1       23246.00 10018.00   1452.88    626.12     0.00     0.00   0.00   0.00    0.45    0.47   0.00    64.00    64.00   0.03 100.00
nvme0n1          0.00    0.00      0.00      0.00     0.00     0.00   0.00   0.00    0.00    0.00   0.00     0.00     0.00   0.00   0.00
cas1-1        23247.00 10018.00   1452.94    626.12     0.00     0.00   0.00   0.00    0.46    0.49   0.00    64.00    64.00   0.03 100.00

avg-cpu:  %user   %nice %system %iowait  %steal   %idle
           0.88    0.00    5.72    0.00    0.00   93.40

Device            r/s     w/s     rMB/s     wMB/s   rrqm/s   wrqm/s  %rrqm  %wrqm r_await w_await aqu-sz rareq-sz wareq-sz  svctm  %util
nvme1n1       23146.00 9956.00   1446.62    622.25     0.00     0.00   0.00   0.00    0.45    0.47   0.00    64.00    64.00   0.03 100.00
nvme0n1          0.00    0.00      0.00      0.00     0.00     0.00   0.00   0.00    0.00    0.00   0.00     0.00     0.00   0.00   0.00
cas1-1        23144.00 9955.00   1446.50    622.19     0.00     0.00   0.00   0.00    0.46    0.49   0.00    64.00    64.00   0.03 100.00

avg-cpu:  %user   %nice %system %iowait  %steal   %idle
           0.88    0.00    5.92    0.00    0.00   93.19

Device            r/s     w/s     rMB/s     wMB/s   rrqm/s   wrqm/s  %rrqm  %wrqm r_await w_await aqu-sz rareq-sz wareq-sz  svctm  %util
nvme1n1       23184.00 10039.00   1449.06    627.44     0.00     0.00   0.00   0.00    0.45    0.46   0.00    64.00    64.00   0.03 100.00
nvme0n1          0.00    0.00      0.00      0.00     0.00     0.00   0.00   0.00    0.00    0.00   0.00     0.00     0.00   0.00   0.00
cas1-1        23187.00 10039.00   1449.19    627.44     0.00     0.00   0.00   0.00    0.46    0.49   0.00    64.00    64.00   0.03 100.00

avg-cpu:  %user   %nice %system %iowait  %steal   %idle
           0.92    0.00    5.68    0.00    0.00   93.40

Device            r/s     w/s     rMB/s     wMB/s   rrqm/s   wrqm/s  %rrqm  %wrqm r_await w_await aqu-sz rareq-sz wareq-sz  svctm  %util
nvme1n1       23045.00 10034.00   1440.25    627.12     0.00     0.00   0.00   0.00    0.45    0.47   0.00    64.00    64.00   0.03 100.00
nvme0n1          0.00    0.00      0.00      0.00     0.00     0.00   0.00   0.00    0.00    0.00   0.00     0.00     0.00   0.00   0.00
cas1-1        23043.00 10035.00   1440.19    627.19     0.00     0.00   0.00   0.00    0.46    0.49   0.00    64.00    64.00   0.03 100.00

avg-cpu:  %user   %nice %system %iowait  %steal   %idle
           0.85    0.00    5.83    0.00    0.00   93.31

Device            r/s     w/s     rMB/s     wMB/s   rrqm/s   wrqm/s  %rrqm  %wrqm r_await w_await aqu-sz rareq-sz wareq-sz  svctm  %util
nvme1n1       22918.00 10030.00   1432.38    626.88     0.00     0.00   0.00   0.00    0.45    0.47   0.00    64.00    64.00   0.03 100.00
nvme0n1          0.00    0.00      0.00      0.00     0.00     0.00   0.00   0.00    0.00    0.00   0.00     0.00     0.00   0.00   0.00
cas1-1        22917.00 10028.00   1432.31    626.75     0.00     0.00   0.00   0.00    0.46    0.49   0.00    64.00    64.00   0.03 100.00

avg-cpu:  %user   %nice %system %iowait  %steal   %idle
           0.95    0.00    5.71    0.00    0.00   93.35

Device            r/s     w/s     rMB/s     wMB/s   rrqm/s   wrqm/s  %rrqm  %wrqm r_await w_await aqu-sz rareq-sz wareq-sz  svctm  %util
nvme1n1       23194.00 10005.00   1449.62    625.31     0.00     0.00   0.00   0.00    0.45    0.47   0.00    64.00    64.00   0.03 100.00
nvme0n1          0.00    0.00      0.00      0.00     0.00     0.00   0.00   0.00    0.00    0.00   0.00     0.00     0.00   0.00   0.00
cas1-1        23190.00 10009.00   1449.38    625.56     0.00     0.00   0.00   0.00    0.46    0.49   0.00    64.00    64.00   0.03 100.00

