Linux 5.4.1-050401-lowlatency (kanwu-Super-Server) 	09/11/2020 	_x86_64_	(32 CPU)

avg-cpu:  %user   %nice %system %iowait  %steal   %idle
           0.07    0.00    0.53    0.08    0.00   99.31

Device            r/s     w/s     rMB/s     wMB/s   rrqm/s   wrqm/s  %rrqm  %wrqm r_await w_await aqu-sz rareq-sz wareq-sz  svctm  %util
nvme1n1       1023.21  454.70     63.95     28.14     0.00     0.00   0.00   0.00    0.33    0.34   0.00    64.00    63.37   0.03   4.77
nvme0n1        219.94  233.09     13.74     14.56     0.00     0.00   0.00   0.00    0.26    0.05   0.01    63.99    63.99   0.06   2.67
cas1-1          16.24    6.95      1.01      0.43     0.00     0.00   0.00   0.00    0.13    0.24   0.00    64.00    64.00   0.02   0.04

avg-cpu:  %user   %nice %system %iowait  %steal   %idle
           0.19    0.00    0.88    1.31    0.00   97.62

Device            r/s     w/s     rMB/s     wMB/s   rrqm/s   wrqm/s  %rrqm  %wrqm r_await w_await aqu-sz rareq-sz wareq-sz  svctm  %util
nvme1n1         96.00    0.00      2.11      0.00     0.00     0.00   0.00   0.00    0.03    0.00   0.00    22.50     0.00   0.14   1.30
nvme0n1          0.00    0.00      0.00      0.00     0.00     0.00   0.00   0.00    0.00    0.00   0.00     0.00     0.00   0.00   0.00
cas1-1        18446744073708150784.00 18446744073708949504.00 9007199254653473.00 9007199254703509.00     0.00     0.00   0.00   0.00    0.00    0.00 4294960.93     0.50     0.50   0.00 429493298.60

avg-cpu:  %user   %nice %system %iowait  %steal   %idle
           0.53    0.00    0.25    2.34    0.00   96.87

Device            r/s     w/s     rMB/s     wMB/s   rrqm/s   wrqm/s  %rrqm  %wrqm r_await w_await aqu-sz rareq-sz wareq-sz  svctm  %util
nvme1n1          0.00    0.00      0.00      0.00     0.00     0.00   0.00   0.00    0.00    0.00   0.00     0.00     0.00   0.00   0.00
nvme0n1          0.00    0.00      0.00      0.00     0.00     0.00   0.00   0.00    0.00    0.00   0.00     0.00     0.00   0.00   0.00
cas1-1           0.00    0.00      0.00      0.00     0.00     0.00   0.00   0.00    0.00    0.00   0.00     0.00     0.00   0.00   0.00

avg-cpu:  %user   %nice %system %iowait  %steal   %idle
           0.16    0.00    0.97    1.69    0.00   97.18

Device            r/s     w/s     rMB/s     wMB/s   rrqm/s   wrqm/s  %rrqm  %wrqm r_await w_await aqu-sz rareq-sz wareq-sz  svctm  %util
nvme1n1       1009.00 1063.00     63.06     66.44     0.00     0.00   0.00   0.00    0.23    0.20   0.00    64.00    64.00   0.03   6.50
nvme0n1          0.00    0.00      0.00      0.00     0.00     0.00   0.00   0.00    0.00    0.00   0.00     0.00     0.00   0.00   0.00
cas1-1        1069.00 1071.00     66.81     66.94     0.00     0.00   0.00   0.00    0.28    0.37   0.00    64.00    64.00   0.03   6.50

avg-cpu:  %user   %nice %system %iowait  %steal   %idle
           0.96    0.00   17.06    5.83    0.00   76.15

Device            r/s     w/s     rMB/s     wMB/s   rrqm/s   wrqm/s  %rrqm  %wrqm r_await w_await aqu-sz rareq-sz wareq-sz  svctm  %util
nvme1n1       9516.00 22682.00    594.75   1417.69     0.00     0.00   0.00   0.00    0.29    0.27   0.00    64.00    64.00   0.03 100.00
nvme0n1          0.00    0.00      0.00      0.00     0.00     0.00   0.00   0.00    0.00    0.00   0.00     0.00     0.00   0.00   0.00
cas1-1        22747.00 22682.00   1421.69   1417.62     0.00     0.00   0.00   0.00    0.18    0.34   0.00    64.00    64.00   0.02 100.00

avg-cpu:  %user   %nice %system %iowait  %steal   %idle
           1.00    0.00   25.13    3.51    0.00   70.35

Device            r/s     w/s     rMB/s     wMB/s   rrqm/s   wrqm/s  %rrqm  %wrqm r_await w_await aqu-sz rareq-sz wareq-sz  svctm  %util
nvme1n1       1580.00 28675.00     98.75   1792.12     0.00     0.00   0.00   0.00    0.23    0.19   0.00    64.00    64.00   0.03  99.90
nvme0n1          0.00    0.00      0.00      0.00     0.00     0.00   0.00   0.00    0.00    0.00   0.00     0.00     0.00   0.00   0.00
cas1-1        28575.00 28675.00   1785.94   1792.19     0.00     0.00   0.00   0.00    0.11    0.31   0.00    64.00    64.00   0.02 100.00

avg-cpu:  %user   %nice %system %iowait  %steal   %idle
           0.85    0.00   25.96    4.67    0.00   68.53

Device            r/s     w/s     rMB/s     wMB/s   rrqm/s   wrqm/s  %rrqm  %wrqm r_await w_await aqu-sz rareq-sz wareq-sz  svctm  %util
nvme1n1        580.00 29567.00     36.25   1847.94     0.00     0.00   0.00   0.00    0.20    0.17   0.00    64.00    64.00   0.03 100.10
nvme0n1          0.00    0.00      0.00      0.00     0.00     0.00   0.00   0.00    0.00    0.00   0.00     0.00     0.00   0.00   0.00
cas1-1        29751.00 29564.00   1859.44   1847.75     0.00     0.00   0.00   0.00    0.10    0.30   0.00    64.00    64.00   0.02 100.00

avg-cpu:  %user   %nice %system %iowait  %steal   %idle
           0.91    0.00   26.11    2.16    0.00   70.82

Device            r/s     w/s     rMB/s     wMB/s   rrqm/s   wrqm/s  %rrqm  %wrqm r_await w_await aqu-sz rareq-sz wareq-sz  svctm  %util
nvme1n1        351.00 29550.00     21.94   1846.88     0.00     0.00   0.00   0.00    0.19    0.16   0.00    64.00    64.00   0.03 100.00
nvme0n1          0.00    0.00      0.00      0.00     0.00     0.00   0.00   0.00    0.00    0.00   0.00     0.00     0.00   0.00   0.00
cas1-1        29371.00 29550.00   1835.69   1846.88     0.00     0.00   0.00   0.00    0.10    0.30   0.01    64.00    64.00   0.02 100.00

avg-cpu:  %user   %nice %system %iowait  %steal   %idle
           0.97    0.00   25.78    1.47    0.00   71.77

Device            r/s     w/s     rMB/s     wMB/s   rrqm/s   wrqm/s  %rrqm  %wrqm r_await w_await aqu-sz rareq-sz wareq-sz  svctm  %util
nvme1n1        530.00 29552.00     33.12   1847.00     0.00     0.00   0.00   0.00    0.20    0.17   0.00    64.00    64.00   0.03 100.00
nvme0n1          0.00    0.00      0.00      0.00     0.00     0.00   0.00   0.00    0.00    0.00   0.00     0.00     0.00   0.00   0.00
cas1-1        29523.00 29553.00   1845.19   1847.06     0.00     0.00   0.00   0.00    0.10    0.31   0.00    64.00    64.00   0.02 100.00

avg-cpu:  %user   %nice %system %iowait  %steal   %idle
           0.82    0.00   25.76    1.98    0.00   71.45

Device            r/s     w/s     rMB/s     wMB/s   rrqm/s   wrqm/s  %rrqm  %wrqm r_await w_await aqu-sz rareq-sz wareq-sz  svctm  %util
nvme1n1        503.00 29708.00     31.44   1856.75     0.00     0.00   0.00   0.00    0.20    0.18   0.00    64.00    64.00   0.03 100.00
nvme0n1          0.00    0.00      0.00      0.00     0.00     0.00   0.00   0.00    0.00    0.00   0.00     0.00     0.00   0.00   0.00
cas1-1        29726.00 29708.00   1857.88   1856.75     0.00     0.00   0.00   0.00    0.10    0.31   0.00    64.00    64.00   0.02 100.00

avg-cpu:  %user   %nice %system %iowait  %steal   %idle
           0.88    0.00   24.55    1.98    0.00   72.58

Device            r/s     w/s     rMB/s     wMB/s   rrqm/s   wrqm/s  %rrqm  %wrqm r_await w_await aqu-sz rareq-sz wareq-sz  svctm  %util
nvme1n1       1595.00 29444.00     99.69   1840.25     0.00     0.00   0.00   0.00    0.23    0.21   0.00    64.00    64.00   0.03 100.00
nvme0n1          0.00    0.00      0.00      0.00     0.00     0.00   0.00   0.00    0.00    0.00   0.00     0.00     0.00   0.00   0.00
cas1-1        29843.00 29444.00   1865.19   1840.25     0.00     0.00   0.00   0.00    0.10    0.33   0.00    64.00    64.00   0.02 100.00

avg-cpu:  %user   %nice %system %iowait  %steal   %idle
           0.94    0.00   24.86    1.79    0.00   72.41

Device            r/s     w/s     rMB/s     wMB/s   rrqm/s   wrqm/s  %rrqm  %wrqm r_await w_await aqu-sz rareq-sz wareq-sz  svctm  %util
nvme1n1       1500.00 29512.00     93.75   1844.50     0.00     0.00   0.00   0.00    0.23    0.20   0.00    64.00    64.00   0.03 100.00
nvme0n1          0.00    0.00      0.00      0.00     0.00     0.00   0.00   0.00    0.00    0.00   0.00     0.00     0.00   0.00   0.00
cas1-1        29780.00 29512.00   1861.25   1844.50     0.00     0.00   0.00   0.00    0.10    0.33   0.00    64.00    64.00   0.02 100.00

avg-cpu:  %user   %nice %system %iowait  %steal   %idle
           0.85    0.00   25.94    2.98    0.00   70.24

Device            r/s     w/s     rMB/s     wMB/s   rrqm/s   wrqm/s  %rrqm  %wrqm r_await w_await aqu-sz rareq-sz wareq-sz  svctm  %util
nvme1n1        626.00 29612.00     39.12   1850.75     0.00     0.00   0.00   0.00    0.20    0.18   0.00    64.00    64.00   0.03 100.00
nvme0n1          0.00    0.00      0.00      0.00     0.00     0.00   0.00   0.00    0.00    0.00   0.00     0.00     0.00   0.00   0.00
cas1-1        29522.00 29610.00   1845.13   1850.63     0.00     0.00   0.00   0.00    0.10    0.31   0.02    64.00    64.00   0.02 100.00

avg-cpu:  %user   %nice %system %iowait  %steal   %idle
           0.85    0.00   25.18    1.48    0.00   72.49

Device            r/s     w/s     rMB/s     wMB/s   rrqm/s   wrqm/s  %rrqm  %wrqm r_await w_await aqu-sz rareq-sz wareq-sz  svctm  %util
nvme1n1        927.00 29576.00     57.94   1848.50     0.00     0.00   0.00   0.00    0.21    0.19   0.00    64.00    64.00   0.03 100.00
nvme0n1          0.00    0.00      0.00      0.00     0.00     0.00   0.00   0.00    0.00    0.00   0.00     0.00     0.00   0.00   0.00
cas1-1        29624.00 29577.00   1851.50   1848.56     0.00     0.00   0.00   0.00    0.10    0.32   0.01    64.00    64.00   0.02 100.00

avg-cpu:  %user   %nice %system %iowait  %steal   %idle
           0.85    0.00   25.40    1.35    0.00   72.41

Device            r/s     w/s     rMB/s     wMB/s   rrqm/s   wrqm/s  %rrqm  %wrqm r_await w_await aqu-sz rareq-sz wareq-sz  svctm  %util
nvme1n1        657.00 29652.00     41.06   1853.25     0.00     0.00   0.00   0.00    0.20    0.19   0.00    64.00    64.00   0.03 100.00
nvme0n1          0.00    0.00      0.00      0.00     0.00     0.00   0.00   0.00    0.00    0.00   0.00     0.00     0.00   0.00   0.00
cas1-1        29481.00 29652.00   1842.62   1853.25     0.00     0.00   0.00   0.00    0.10    0.31   0.02    64.00    64.00   0.02 100.00

avg-cpu:  %user   %nice %system %iowait  %steal   %idle
           0.75    0.00   26.12    1.69    0.00   71.43

Device            r/s     w/s     rMB/s     wMB/s   rrqm/s   wrqm/s  %rrqm  %wrqm r_await w_await aqu-sz rareq-sz wareq-sz  svctm  %util
nvme1n1        223.00 29572.00     13.94   1848.25     0.00     0.00   0.00   0.00    0.19    0.17   0.00    64.00    64.00   0.03 100.00
nvme0n1          0.00    0.00      0.00      0.00     0.00     0.00   0.00   0.00    0.00    0.00   0.00     0.00     0.00   0.00   0.00
cas1-1        29187.00 29574.00   1824.12   1848.38     0.00     0.00   0.00   0.00    0.10    0.30   0.00    64.00    64.00   0.02 100.00

avg-cpu:  %user   %nice %system %iowait  %steal   %idle
           0.88    0.00   26.15    1.73    0.00   71.25

Device            r/s     w/s     rMB/s     wMB/s   rrqm/s   wrqm/s  %rrqm  %wrqm r_await w_await aqu-sz rareq-sz wareq-sz  svctm  %util
nvme1n1        168.00 29569.00     10.50   1848.06     0.00     0.00   0.00   0.00    0.18    0.16   0.00    64.00    64.00   0.03 100.00
nvme0n1          0.00    0.00      0.00      0.00     0.00     0.00   0.00   0.00    0.00    0.00   0.00     0.00     0.00   0.00   0.00
cas1-1        29772.00 29567.00   1860.75   1848.00     0.00     0.00   0.00   0.00    0.10    0.29   0.02    64.00    64.00   0.02 100.00

avg-cpu:  %user   %nice %system %iowait  %steal   %idle
           1.00    0.00   25.50    2.13    0.00   71.36

Device            r/s     w/s     rMB/s     wMB/s   rrqm/s   wrqm/s  %rrqm  %wrqm r_await w_await aqu-sz rareq-sz wareq-sz  svctm  %util
nvme1n1        695.00 29474.00     43.44   1842.12     0.00     0.00   0.00   0.00    0.20    0.18   0.00    64.00    64.00   0.03 100.00
nvme0n1          0.00    0.00      0.00      0.00     0.00     0.00   0.00   0.00    0.00    0.00   0.00     0.00     0.00   0.00   0.00
cas1-1        29506.00 29476.00   1844.12   1842.19     0.00     0.00   0.00   0.00    0.10    0.31   0.01    64.00    64.00   0.02 100.00

avg-cpu:  %user   %nice %system %iowait  %steal   %idle
           0.85    0.00   26.04    1.44    0.00   71.67

Device            r/s     w/s     rMB/s     wMB/s   rrqm/s   wrqm/s  %rrqm  %wrqm r_await w_await aqu-sz rareq-sz wareq-sz  svctm  %util
nvme1n1        359.00 29501.00     22.44   1843.81     0.00     0.00   0.00   0.00    0.19    0.17   0.00    64.00    64.00   0.03 100.00
nvme0n1          0.00    0.00      0.00      0.00     0.00     0.00   0.00   0.00    0.00    0.00   0.00     0.00     0.00   0.00   0.00
cas1-1        29306.00 29501.00   1831.62   1843.88     0.00     0.00   0.00   0.00    0.10    0.30   0.02    64.00    64.00   0.02 100.00

avg-cpu:  %user   %nice %system %iowait  %steal   %idle
           0.79    0.00   25.53    1.19    0.00   72.49

Device            r/s     w/s     rMB/s     wMB/s   rrqm/s   wrqm/s  %rrqm  %wrqm r_await w_await aqu-sz rareq-sz wareq-sz  svctm  %util
nvme1n1        758.00 29525.00     47.38   1845.31     0.00     0.00   0.00   0.00    0.21    0.18   0.00    64.00    64.00   0.03 100.00
nvme0n1          0.00    0.00      0.00      0.00     0.00     0.00   0.00   0.00    0.00    0.00   0.00     0.00     0.00   0.00   0.00
cas1-1        29267.00 29525.00   1829.19   1845.25     0.00     0.00   0.00   0.00    0.10    0.31   0.01    64.00    64.00   0.02 100.10

avg-cpu:  %user   %nice %system %iowait  %steal   %idle
           0.85    0.00   25.92    1.63    0.00   71.60

Device            r/s     w/s     rMB/s     wMB/s   rrqm/s   wrqm/s  %rrqm  %wrqm r_await w_await aqu-sz rareq-sz wareq-sz  svctm  %util
nvme1n1        321.00 29546.00     20.06   1846.62     0.00     0.00   0.00   0.00    0.21    0.17   0.00    64.00    64.00   0.03 100.00
nvme0n1          0.00    0.00      0.00      0.00     0.00     0.00   0.00   0.00    0.00    0.00   0.00     0.00     0.00   0.00   0.00
cas1-1        29270.00 29547.00   1829.38   1846.69     0.00     0.00   0.00   0.00    0.10    0.30   0.02    64.00    64.00   0.02 100.00

avg-cpu:  %user   %nice %system %iowait  %steal   %idle
           0.85    0.00   25.74    1.63    0.00   71.79

Device            r/s     w/s     rMB/s     wMB/s   rrqm/s   wrqm/s  %rrqm  %wrqm r_await w_await aqu-sz rareq-sz wareq-sz  svctm  %util
nvme1n1        549.00 29593.00     34.31   1849.56     0.00     0.00   0.00   0.00    0.21    0.18   0.00    64.00    64.00   0.03 100.00
nvme0n1          0.00    0.00      0.00      0.00     0.00     0.00   0.00   0.00    0.00    0.00   0.00     0.00     0.00   0.00   0.00
cas1-1        29351.00 29595.00   1834.44   1849.69     0.00     0.00   0.00   0.00    0.10    0.31   0.01    64.00    64.00   0.02 100.20

avg-cpu:  %user   %nice %system %iowait  %steal   %idle
           0.91    0.00   25.43    1.76    0.00   71.90

Device            r/s     w/s     rMB/s     wMB/s   rrqm/s   wrqm/s  %rrqm  %wrqm r_await w_await aqu-sz rareq-sz wareq-sz  svctm  %util
nvme1n1        833.00 29632.00     52.06   1852.00     0.00     0.00   0.00   0.00    0.20    0.18   0.00    64.00    64.00   0.03 100.00
nvme0n1          0.00    0.00      0.00      0.00     0.00     0.00   0.00   0.00    0.00    0.00   0.00     0.00     0.00   0.00   0.00
cas1-1        29588.00 29627.00   1849.25   1851.69     0.00     0.00   0.00   0.00    0.10    0.31   0.01    64.00    64.00   0.02 100.00

avg-cpu:  %user   %nice %system %iowait  %steal   %idle
           1.41    0.00   25.77    1.38    0.00   71.44

Device            r/s     w/s     rMB/s     wMB/s   rrqm/s   wrqm/s  %rrqm  %wrqm r_await w_await aqu-sz rareq-sz wareq-sz  svctm  %util
nvme1n1        870.00 29571.00     54.37   1848.19     0.00     0.00   0.00   0.00    0.20    0.18   0.00    64.00    64.00   0.03 100.10
nvme0n1          0.00    0.00      0.00      0.00     0.00     0.00   0.00   0.00    0.00    0.00   0.00     0.00     0.00   0.00   0.00
cas1-1        29633.00 29569.00   1852.06   1848.06     0.00     0.00   0.00   0.00    0.10    0.31   0.00    64.00    64.00   0.02 100.00

avg-cpu:  %user   %nice %system %iowait  %steal   %idle
           0.85    0.00   25.75    1.16    0.00   72.24

Device            r/s     w/s     rMB/s     wMB/s   rrqm/s   wrqm/s  %rrqm  %wrqm r_await w_await aqu-sz rareq-sz wareq-sz  svctm  %util
nvme1n1        790.00 29476.00     49.38   1842.25     0.00     0.00   0.00   0.00    0.20    0.18   0.00    64.00    64.00   0.03 100.00
nvme0n1          0.00    0.00      0.00      0.00     0.00     0.00   0.00   0.00    0.00    0.00   0.00     0.00     0.00   0.00   0.00
cas1-1        29568.00 29480.00   1848.00   1842.50     0.00     0.00   0.00   0.00    0.10    0.31   0.01    64.00    64.00   0.02 100.00

avg-cpu:  %user   %nice %system %iowait  %steal   %idle
           0.88    0.00   26.14    2.26    0.00   70.72

Device            r/s     w/s     rMB/s     wMB/s   rrqm/s   wrqm/s  %rrqm  %wrqm r_await w_await aqu-sz rareq-sz wareq-sz  svctm  %util
nvme1n1        269.00 29501.00     16.81   1843.81     0.00     0.00   0.00   0.00    0.19    0.16   0.00    64.00    64.00   0.03 100.00
nvme0n1          0.00    0.00      0.00      0.00     0.00     0.00   0.00   0.00    0.00    0.00   0.00     0.00     0.00   0.00   0.00
cas1-1        29520.00 29502.00   1845.00   1843.88     0.00     0.00   0.00   0.00    0.10    0.30   0.03    64.00    64.00   0.02 100.00

avg-cpu:  %user   %nice %system %iowait  %steal   %idle
           0.85    0.00   26.36    2.00    0.00   70.79

Device            r/s     w/s     rMB/s     wMB/s   rrqm/s   wrqm/s  %rrqm  %wrqm r_await w_await aqu-sz rareq-sz wareq-sz  svctm  %util
nvme1n1        284.00 29290.00     17.75   1830.62     0.00     0.00   0.00   0.00    0.20    0.16   0.00    64.00    64.00   0.03  99.90
nvme0n1          0.00    0.00      0.00      0.00     0.00     0.00   0.00   0.00    0.00    0.00   0.00     0.00     0.00   0.00   0.00
cas1-1        29962.00 29288.00   1872.62   1830.50     0.00     0.00   0.00   0.00    0.10    0.30   0.04    64.00    64.00   0.02 100.00

avg-cpu:  %user   %nice %system %iowait  %steal   %idle
           0.85    0.00   25.43    2.20    0.00   71.52

Device            r/s     w/s     rMB/s     wMB/s   rrqm/s   wrqm/s  %rrqm  %wrqm r_await w_await aqu-sz rareq-sz wareq-sz  svctm  %util
nvme1n1        332.00 29579.00     20.75   1848.69     0.00     0.00   0.00   0.00    0.22    0.18   0.00    64.00    64.00   0.03 100.10
nvme0n1          0.00    0.00      0.00      0.00     0.00     0.00   0.00   0.00    0.00    0.00   0.00     0.00     0.00   0.00   0.00
cas1-1        29422.00 29578.00   1838.88   1848.62     0.00     0.00   0.00   0.00    0.10    0.31   0.03    64.00    64.00   0.02 100.00

avg-cpu:  %user   %nice %system %iowait  %steal   %idle
           0.85    0.00   26.00    1.63    0.00   71.53

Device            r/s     w/s     rMB/s     wMB/s   rrqm/s   wrqm/s  %rrqm  %wrqm r_await w_await aqu-sz rareq-sz wareq-sz  svctm  %util
nvme1n1        392.00 29367.00     24.50   1835.44     0.00     0.00   0.00   0.00    0.22    0.17   0.00    64.00    64.00   0.03 100.00
nvme0n1          0.00    0.00      0.00      0.00     0.00     0.00   0.00   0.00    0.00    0.00   0.00     0.00     0.00   0.00   0.00
cas1-1        29495.00 29368.00   1843.44   1835.50     0.00     0.00   0.00   0.00    0.11    0.31   0.03    64.00    64.00   0.02 100.00

avg-cpu:  %user   %nice %system %iowait  %steal   %idle
           0.88    0.00   25.18    1.72    0.00   72.22

Device            r/s     w/s     rMB/s     wMB/s   rrqm/s   wrqm/s  %rrqm  %wrqm r_await w_await aqu-sz rareq-sz wareq-sz  svctm  %util
nvme1n1        889.00 29436.00     55.56   1839.75     0.00     0.00   0.00   0.00    0.21    0.19   0.00    64.00    64.00   0.03 100.00
nvme0n1          0.00    0.00      0.00      0.00     0.00     0.00   0.00   0.00    0.00    0.00   0.00     0.00     0.00   0.00   0.00
cas1-1        29664.00 29437.00   1854.00   1839.81     0.00     0.00   0.00   0.00    0.10    0.32   0.03    64.00    64.00   0.02 100.00

avg-cpu:  %user   %nice %system %iowait  %steal   %idle
           0.79    0.00   24.70    1.70    0.00   72.82

Device            r/s     w/s     rMB/s     wMB/s   rrqm/s   wrqm/s  %rrqm  %wrqm r_await w_await aqu-sz rareq-sz wareq-sz  svctm  %util
nvme1n1       1429.00 29236.00     89.31   1827.25     0.00     0.00   0.00   0.00    0.23    0.20   0.00    64.00    64.00   0.03 100.00
nvme0n1          0.00    0.00      0.00      0.00     0.00     0.00   0.00   0.00    0.00    0.00   0.00     0.00     0.00   0.00   0.00
cas1-1        29062.00 29237.00   1816.38   1827.31     0.00     0.00   0.00   0.00    0.10    0.34   0.01    64.00    64.00   0.02 100.00

avg-cpu:  %user   %nice %system %iowait  %steal   %idle
           0.94    0.00   22.71    1.42    0.00   74.93

Device            r/s     w/s     rMB/s     wMB/s   rrqm/s   wrqm/s  %rrqm  %wrqm r_await w_await aqu-sz rareq-sz wareq-sz  svctm  %util
nvme1n1       2364.00 28985.00    147.75   1811.56     0.00     0.00   0.00   0.00    0.27    0.24   0.00    64.00    64.00   0.03 100.00
nvme0n1          0.00    0.00      0.00      0.00     0.00     0.00   0.00   0.00    0.00    0.00   0.00     0.00     0.00   0.00   0.00
cas1-1        29049.00 28982.00   1815.56   1811.38     0.00     0.00   0.00   0.00    0.11    0.36   0.01    64.00    64.00   0.02 100.00

avg-cpu:  %user   %nice %system %iowait  %steal   %idle
           0.98    0.00   21.70    1.82    0.00   75.50

Device            r/s     w/s     rMB/s     wMB/s   rrqm/s   wrqm/s  %rrqm  %wrqm r_await w_await aqu-sz rareq-sz wareq-sz  svctm  %util
nvme1n1       2757.00 28726.00    172.31   1795.38     0.00     0.00   0.00   0.00    0.29    0.27   0.00    64.00    64.00   0.03 100.00
nvme0n1          0.00    0.00      0.00      0.00     0.00     0.00   0.00   0.00    0.00    0.00   0.00     0.00     0.00   0.00   0.00
cas1-1        28400.00 28727.00   1775.00   1795.44     0.00     0.00   0.00   0.00    0.11    0.38   0.00    64.00    64.00   0.02 100.00

avg-cpu:  %user   %nice %system %iowait  %steal   %idle
           0.91    0.00   23.66    1.79    0.00   73.63

Device            r/s     w/s     rMB/s     wMB/s   rrqm/s   wrqm/s  %rrqm  %wrqm r_await w_await aqu-sz rareq-sz wareq-sz  svctm  %util
nvme1n1       1996.00 29243.00    124.75   1827.75     0.00     0.00   0.00   0.00    0.25    0.23   0.00    64.00    64.00   0.03 100.00
nvme0n1          0.00    0.00      0.00      0.00     0.00     0.00   0.00   0.00    0.00    0.00   0.00     0.00     0.00   0.00   0.00
cas1-1        29237.00 29249.00   1827.31   1828.06     0.00     0.00   0.00   0.00    0.10    0.35   0.00    64.00    64.00   0.02 100.00

avg-cpu:  %user   %nice %system %iowait  %steal   %idle
           0.85    0.00   24.76    1.70    0.00   72.69

Device            r/s     w/s     rMB/s     wMB/s   rrqm/s   wrqm/s  %rrqm  %wrqm r_await w_await aqu-sz rareq-sz wareq-sz  svctm  %util
nvme1n1       1213.00 29323.00     75.81   1832.63     0.00     0.00   0.00   0.00    0.22    0.20   0.00    64.00    64.00   0.03 100.00
nvme0n1          0.00    0.00      0.00      0.00     0.00     0.00   0.00   0.00    0.00    0.00   0.00     0.00     0.00   0.00   0.00
cas1-1        29391.00 29316.00   1836.94   1832.25     0.00     0.00   0.00   0.00    0.10    0.33   0.01    64.00    64.00   0.02 100.00

avg-cpu:  %user   %nice %system %iowait  %steal   %idle
           0.97    0.00   25.42    1.41    0.00   72.19

Device            r/s     w/s     rMB/s     wMB/s   rrqm/s   wrqm/s  %rrqm  %wrqm r_await w_await aqu-sz rareq-sz wareq-sz  svctm  %util
nvme1n1        824.00 29367.00     51.50   1835.44     0.00     0.00   0.00   0.00    0.21    0.18   0.00    64.00    64.00   0.03 100.00
nvme0n1          0.00    0.00      0.00      0.00     0.00     0.00   0.00   0.00    0.00    0.00   0.00     0.00     0.00   0.00   0.00
cas1-1        29406.00 29368.00   1837.88   1835.50     0.00     0.00   0.00   0.00    0.10    0.31   0.02    64.00    64.00   0.02 100.00

avg-cpu:  %user   %nice %system %iowait  %steal   %idle
           0.88    0.00   25.33    2.35    0.00   71.44

Device            r/s     w/s     rMB/s     wMB/s   rrqm/s   wrqm/s  %rrqm  %wrqm r_await w_await aqu-sz rareq-sz wareq-sz  svctm  %util
nvme1n1        895.00 29305.00     55.94   1831.62     0.00     0.00   0.00   0.00    0.21    0.19   0.00    64.00    64.00   0.03 100.00
nvme0n1          0.00    0.00      0.00      0.00     0.00     0.00   0.00   0.00    0.00    0.00   0.00     0.00     0.00   0.00   0.00
cas1-1        29723.00 29305.00   1857.69   1831.56     0.00     0.00   0.00   0.00    0.10    0.32   0.02    64.00    64.00   0.02 100.00

avg-cpu:  %user   %nice %system %iowait  %steal   %idle
           0.85    0.00   25.24    1.66    0.00   72.24

Device            r/s     w/s     rMB/s     wMB/s   rrqm/s   wrqm/s  %rrqm  %wrqm r_await w_await aqu-sz rareq-sz wareq-sz  svctm  %util
nvme1n1        816.00 29548.00     51.00   1846.69     0.00     0.00   0.00   0.00    0.21    0.19   0.00    64.00    64.00   0.03 100.00
nvme0n1          0.00    0.00      0.00      0.00     0.00     0.00   0.00   0.00    0.00    0.00   0.00     0.00     0.00   0.00   0.00
cas1-1        29571.00 29548.00   1848.19   1846.81     0.00     0.00   0.00   0.00    0.10    0.32   0.02    64.00    64.00   0.02 100.00

