Linux 5.4.1-050401-lowlatency (kanwu-Super-Server) 	09/10/2020 	_x86_64_	(32 CPU)

avg-cpu:  %user   %nice %system %iowait  %steal   %idle
           0.05    0.00    0.09    0.04    0.00   99.82

Device            r/s     w/s     rMB/s     wMB/s   rrqm/s   wrqm/s  %rrqm  %wrqm r_await w_await aqu-sz rareq-sz wareq-sz  svctm  %util
nvme1n1        480.15   94.61     30.01      5.75     0.00     0.00   0.00   0.00    0.25    0.33   0.00    64.00    62.26   0.03   1.63
nvme0n1        128.29   39.55      8.02      2.47     0.00     0.00   0.00   0.00    0.22    0.06   0.00    63.99    63.95   0.06   0.95
cas1-1          18.84    8.06      1.18      0.50     0.00     0.00   0.00   0.00    0.31    0.05   0.00    64.00    64.00   0.01   0.04

avg-cpu:  %user   %nice %system %iowait  %steal   %idle
           0.00    0.00    0.03    2.00    0.00   97.97

Device            r/s     w/s     rMB/s     wMB/s   rrqm/s   wrqm/s  %rrqm  %wrqm r_await w_await aqu-sz rareq-sz wareq-sz  svctm  %util
nvme1n1          0.00    0.00      0.00      0.00     0.00     0.00   0.00   0.00    0.00    0.00   0.00     0.00     0.00   0.00   0.00
nvme0n1          0.00    0.00      0.00      0.00     0.00     0.00   0.00   0.00    0.00    0.00   0.00     0.00     0.00   0.00   0.00
cas1-1           0.00    0.00      0.00      0.00     0.00     0.00   0.00   0.00    0.00    0.00   0.00     0.00     0.00   0.00   0.00

avg-cpu:  %user   %nice %system %iowait  %steal   %idle
           0.03    0.00    0.06    2.75    0.00   97.16

Device            r/s     w/s     rMB/s     wMB/s   rrqm/s   wrqm/s  %rrqm  %wrqm r_await w_await aqu-sz rareq-sz wareq-sz  svctm  %util
nvme1n1          0.00    0.00      0.00      0.00     0.00     0.00   0.00   0.00    0.00    0.00   0.00     0.00     0.00   0.00   0.00
nvme0n1          0.00    0.00      0.00      0.00     0.00     0.00   0.00   0.00    0.00    0.00   0.00     0.00     0.00   0.00   0.00
cas1-1           0.00    0.00      0.00      0.00     0.00     0.00   0.00   0.00    0.00    0.00   0.00     0.00     0.00   0.00   0.00

avg-cpu:  %user   %nice %system %iowait  %steal   %idle
           0.09    0.00    0.38    3.00    0.00   96.53

Device            r/s     w/s     rMB/s     wMB/s   rrqm/s   wrqm/s  %rrqm  %wrqm r_await w_await aqu-sz rareq-sz wareq-sz  svctm  %util
nvme1n1          0.00  295.00      0.00     35.82     0.00     0.00   0.00   0.00    0.00    0.40   0.00     0.00   124.33   0.07   2.10
nvme0n1          3.00    0.00      0.01      0.00     0.00     0.00   0.00   0.00    0.33    0.00   0.00     4.00     0.00   0.67   0.20

avg-cpu:  %user   %nice %system %iowait  %steal   %idle
           0.50    0.00    0.44    0.78    0.00   98.28

Device            r/s     w/s     rMB/s     wMB/s   rrqm/s   wrqm/s  %rrqm  %wrqm r_await w_await aqu-sz rareq-sz wareq-sz  svctm  %util
nvme1n1         35.00  878.00      1.07    102.94     0.00     0.00   0.00   0.00    0.03    0.68   0.09    31.44   120.06   0.08   7.60
nvme0n1         41.00    0.00      1.03      0.00     0.00     0.00   0.00   0.00    0.12    0.00   0.00    25.66     0.00   0.37   1.50

avg-cpu:  %user   %nice %system %iowait  %steal   %idle
           0.31    0.00    1.07    1.16    0.00   97.46

Device            r/s     w/s     rMB/s     wMB/s   rrqm/s   wrqm/s  %rrqm  %wrqm r_await w_await aqu-sz rareq-sz wareq-sz  svctm  %util
nvme1n1        476.00 2441.00     29.75    152.56     0.00     0.00   0.00   0.00    0.35    0.31   0.00    64.00    64.00   0.04  11.20
nvme0n1       2455.00 1219.00    153.44     76.19     0.00     0.00   0.00   0.00    0.37    0.10   0.18    64.00    64.00   0.03  11.30

avg-cpu:  %user   %nice %system %iowait  %steal   %idle
           0.79    0.00    5.99    0.13    0.00   93.09

Device            r/s     w/s     rMB/s     wMB/s   rrqm/s   wrqm/s  %rrqm  %wrqm r_await w_await aqu-sz rareq-sz wareq-sz  svctm  %util
nvme1n1       28949.00 5668.00   1809.31    354.25     0.00     0.00   0.00   0.00    0.42    0.51   0.05    64.00    64.00   0.03  99.90
nvme0n1       5654.00 15043.00    353.38    940.25     0.00     0.00   0.00   0.00    0.33    0.04   0.28    64.00    64.00   0.05  99.70

avg-cpu:  %user   %nice %system %iowait  %steal   %idle
           0.82    0.00    4.98    0.00    0.00   94.20

Device            r/s     w/s     rMB/s     wMB/s   rrqm/s   wrqm/s  %rrqm  %wrqm r_await w_await aqu-sz rareq-sz wareq-sz  svctm  %util
nvme1n1       37772.00   73.00   2360.75      4.56     0.00     0.00   0.00   0.00    0.39    0.38   0.00    64.00    64.00   0.03 100.00
nvme0n1         73.00 16220.00      4.56   1013.69     0.00     0.00   0.00   0.00    0.36    0.03   0.01    64.00    64.00   0.06 100.00

avg-cpu:  %user   %nice %system %iowait  %steal   %idle
           0.85    0.00    5.07    0.00    0.00   94.08

Device            r/s     w/s     rMB/s     wMB/s   rrqm/s   wrqm/s  %rrqm  %wrqm r_await w_await aqu-sz rareq-sz wareq-sz  svctm  %util
nvme1n1       37841.00    2.00   2365.06      0.12     0.00     0.00   0.00   0.00    0.39    0.50   0.00    64.00    64.00   0.03 100.00
nvme0n1          2.00 16144.00      0.12   1009.00     0.00     0.00   0.00   0.00    1.00    0.03   0.00    64.00    64.00   0.06 100.00

avg-cpu:  %user   %nice %system %iowait  %steal   %idle
           0.75    0.00    5.19    0.00    0.00   94.05

Device            r/s     w/s     rMB/s     wMB/s   rrqm/s   wrqm/s  %rrqm  %wrqm r_await w_await aqu-sz rareq-sz wareq-sz  svctm  %util
nvme1n1       37855.00    0.00   2365.94      0.00     0.00     0.00   0.00   0.00    0.39    0.00   0.00    64.00     0.00   0.03 100.00
nvme0n1          0.00 16239.00      0.00   1014.94     0.00     0.00   0.00   0.00    0.00    0.03   0.00     0.00    64.00   0.06 100.00

avg-cpu:  %user   %nice %system %iowait  %steal   %idle
           0.76    0.00    4.98    0.00    0.00   94.26

Device            r/s     w/s     rMB/s     wMB/s   rrqm/s   wrqm/s  %rrqm  %wrqm r_await w_await aqu-sz rareq-sz wareq-sz  svctm  %util
nvme1n1       37837.00    0.00   2364.81      0.00     0.00     0.00   0.00   0.00    0.39    0.00   0.00    64.00     0.00   0.03 100.00
nvme0n1          0.00 16247.00      0.00   1015.44     0.00     0.00   0.00   0.00    0.00    0.03   0.00     0.00    64.00   0.06 100.00

avg-cpu:  %user   %nice %system %iowait  %steal   %idle
           0.79    0.00    5.07    0.00    0.00   94.14

Device            r/s     w/s     rMB/s     wMB/s   rrqm/s   wrqm/s  %rrqm  %wrqm r_await w_await aqu-sz rareq-sz wareq-sz  svctm  %util
nvme1n1       37851.00    0.00   2365.69      0.00     0.00     0.00   0.00   0.00    0.39    0.00   0.00    64.00     0.00   0.03 100.00
nvme0n1          0.00 15997.00      0.00    999.87     0.00     0.00   0.00   0.00    0.00    0.03   0.00     0.00    64.00   0.06 100.00

avg-cpu:  %user   %nice %system %iowait  %steal   %idle
           0.91    0.00    4.97    0.00    0.00   94.11

Device            r/s     w/s     rMB/s     wMB/s   rrqm/s   wrqm/s  %rrqm  %wrqm r_await w_await aqu-sz rareq-sz wareq-sz  svctm  %util
nvme1n1       37856.00    0.00   2366.00      0.00     0.00     0.00   0.00   0.00    0.39    0.00   0.00    64.00     0.00   0.03 100.00
nvme0n1          0.00 16081.00      0.00   1005.00     0.00     0.00   0.00   0.00    0.00    0.03   0.00     0.00    64.00   0.06 100.00

avg-cpu:  %user   %nice %system %iowait  %steal   %idle
           0.79    0.00    5.16    0.00    0.00   94.05

Device            r/s     w/s     rMB/s     wMB/s   rrqm/s   wrqm/s  %rrqm  %wrqm r_await w_await aqu-sz rareq-sz wareq-sz  svctm  %util
nvme1n1       37849.00    0.00   2365.56      0.00     0.00     0.00   0.00   0.00    0.39    0.00   0.00    64.00     0.00   0.03 100.00
nvme0n1          0.00 16349.00      0.00   1021.81     0.00     0.00   0.00   0.00    0.00    0.03   0.00     0.00    64.00   0.06 100.00

avg-cpu:  %user   %nice %system %iowait  %steal   %idle
           0.73    0.00    5.01    0.00    0.00   94.26

Device            r/s     w/s     rMB/s     wMB/s   rrqm/s   wrqm/s  %rrqm  %wrqm r_await w_await aqu-sz rareq-sz wareq-sz  svctm  %util
nvme1n1       37859.00    0.00   2366.19      0.00     0.00     0.00   0.00   0.00    0.39    0.00   0.00    64.00     0.00   0.03 100.00
nvme0n1          0.00 16353.00      0.00   1022.06     0.00     0.00   0.00   0.00    0.00    0.03   0.00     0.00    64.00   0.06 100.00

avg-cpu:  %user   %nice %system %iowait  %steal   %idle
           0.85    0.00    4.98    0.00    0.00   94.17

Device            r/s     w/s     rMB/s     wMB/s   rrqm/s   wrqm/s  %rrqm  %wrqm r_await w_await aqu-sz rareq-sz wareq-sz  svctm  %util
nvme1n1       37788.00    0.00   2361.75      0.00     0.00     0.00   0.00   0.00    0.39    0.00   0.00    64.00     0.00   0.03 100.00
nvme0n1          0.00 16426.00      0.00   1026.62     0.00     0.00   0.00   0.00    0.00    0.03   0.00     0.00    64.00   0.06 100.00

avg-cpu:  %user   %nice %system %iowait  %steal   %idle
           0.82    0.00    5.13    0.00    0.00   94.05

Device            r/s     w/s     rMB/s     wMB/s   rrqm/s   wrqm/s  %rrqm  %wrqm r_await w_await aqu-sz rareq-sz wareq-sz  svctm  %util
nvme1n1       37693.00    0.00   2355.81      0.00     0.00     0.00   0.00   0.00    0.39    0.00   0.00    64.00     0.00   0.03 100.00
nvme0n1          0.00 16180.00      0.00   1011.25     0.00     0.00   0.00   0.00    0.00    0.03   0.00     0.00    64.00   0.06 100.00

avg-cpu:  %user   %nice %system %iowait  %steal   %idle
           0.82    0.00    5.01    0.00    0.00   94.17

Device            r/s     w/s     rMB/s     wMB/s   rrqm/s   wrqm/s  %rrqm  %wrqm r_await w_await aqu-sz rareq-sz wareq-sz  svctm  %util
nvme1n1       37787.00    0.00   2361.75      0.00     0.00     0.00   0.00   0.00    0.39    0.00   0.00    64.00     0.00   0.03 100.00
nvme0n1          0.00 16239.00      0.00   1014.94     0.00     0.00   0.00   0.00    0.00    0.03   0.00     0.00    64.00   0.06 100.00

avg-cpu:  %user   %nice %system %iowait  %steal   %idle
           0.85    0.00    5.06    0.00    0.00   94.09

Device            r/s     w/s     rMB/s     wMB/s   rrqm/s   wrqm/s  %rrqm  %wrqm r_await w_await aqu-sz rareq-sz wareq-sz  svctm  %util
nvme1n1       37860.00    0.00   2366.19      0.00     0.00     0.00   0.00   0.00    0.39    0.00   0.00    64.00     0.00   0.03 100.00
nvme0n1          0.00 16070.00      0.00   1004.37     0.00     0.00   0.00   0.00    0.00    0.03   0.00     0.00    64.00   0.06 100.00

avg-cpu:  %user   %nice %system %iowait  %steal   %idle
           1.42    0.00    4.95    0.00    0.00   93.63

Device            r/s     w/s     rMB/s     wMB/s   rrqm/s   wrqm/s  %rrqm  %wrqm r_await w_await aqu-sz rareq-sz wareq-sz  svctm  %util
nvme1n1       37863.00    0.00   2366.44      0.00     0.00     0.00   0.00   0.00    0.39    0.00   0.00    64.00     0.00   0.03 100.10
nvme0n1          0.00 16367.00      0.00   1022.94     0.00     0.00   0.00   0.00    0.00    0.03   0.00     0.00    64.00   0.06 100.10

avg-cpu:  %user   %nice %system %iowait  %steal   %idle
           0.76    0.00    4.98    0.00    0.00   94.26

Device            r/s     w/s     rMB/s     wMB/s   rrqm/s   wrqm/s  %rrqm  %wrqm r_await w_await aqu-sz rareq-sz wareq-sz  svctm  %util
nvme1n1       37870.00    0.00   2366.88      0.00     0.00     0.00   0.00   0.00    0.39    0.00   0.00    64.00     0.00   0.03 100.00
nvme0n1          0.00 16221.00      0.00   1013.81     0.00     0.00   0.00   0.00    0.00    0.03   0.00     0.00    64.00   0.06 100.00

avg-cpu:  %user   %nice %system %iowait  %steal   %idle
           0.79    0.00    5.01    0.00    0.00   94.21

Device            r/s     w/s     rMB/s     wMB/s   rrqm/s   wrqm/s  %rrqm  %wrqm r_await w_await aqu-sz rareq-sz wareq-sz  svctm  %util
nvme1n1       37826.00    0.00   2364.12      0.00     0.00     0.00   0.00   0.00    0.39    0.00   0.00    64.00     0.00   0.03 100.00
nvme0n1          0.00 16284.00      0.00   1017.75     0.00     0.00   0.00   0.00    0.00    0.03   0.00     0.00    64.00   0.06 100.00

avg-cpu:  %user   %nice %system %iowait  %steal   %idle
           0.82    0.00    5.07    0.00    0.00   94.12

Device            r/s     w/s     rMB/s     wMB/s   rrqm/s   wrqm/s  %rrqm  %wrqm r_await w_await aqu-sz rareq-sz wareq-sz  svctm  %util
nvme1n1       37819.00    0.00   2363.69      0.00     0.00     0.00   0.00   0.00    0.39    0.00   0.00    64.00     0.00   0.03 100.00
nvme0n1          0.00 16159.00      0.00   1009.94     0.00     0.00   0.00   0.00    0.00    0.03   0.00     0.00    64.00   0.06 100.00

avg-cpu:  %user   %nice %system %iowait  %steal   %idle
           0.79    0.00    4.95    0.00    0.00   94.26

Device            r/s     w/s     rMB/s     wMB/s   rrqm/s   wrqm/s  %rrqm  %wrqm r_await w_await aqu-sz rareq-sz wareq-sz  svctm  %util
nvme1n1       37854.00    0.00   2365.88      0.00     0.00     0.00   0.00   0.00    0.39    0.00   0.00    64.00     0.00   0.03 100.00
nvme0n1          0.00 16263.00      0.00   1016.44     0.00     0.00   0.00   0.00    0.00    0.03   0.00     0.00    64.00   0.06 100.00

avg-cpu:  %user   %nice %system %iowait  %steal   %idle
           0.85    0.00    4.88    0.00    0.00   94.26

Device            r/s     w/s     rMB/s     wMB/s   rrqm/s   wrqm/s  %rrqm  %wrqm r_await w_await aqu-sz rareq-sz wareq-sz  svctm  %util
nvme1n1       37819.00    0.00   2363.69      0.00     0.00     0.00   0.00   0.00    0.39    0.00   0.00    64.00     0.00   0.03 100.00
nvme0n1          0.00 16366.00      0.00   1022.88     0.00     0.00   0.00   0.00    0.00    0.03   0.00     0.00    64.00   0.06 100.00

avg-cpu:  %user   %nice %system %iowait  %steal   %idle
           0.79    0.00    5.01    0.00    0.00   94.20

Device            r/s     w/s     rMB/s     wMB/s   rrqm/s   wrqm/s  %rrqm  %wrqm r_await w_await aqu-sz rareq-sz wareq-sz  svctm  %util
nvme1n1       37844.00    0.00   2365.25      0.00     0.00     0.00   0.00   0.00    0.39    0.00   0.00    64.00     0.00   0.03 100.00
nvme0n1          0.00 16207.00      0.00   1012.94     0.00     0.00   0.00   0.00    0.00    0.03   0.00     0.00    64.00   0.06 100.00

avg-cpu:  %user   %nice %system %iowait  %steal   %idle
           0.82    0.00    5.07    0.00    0.00   94.12

Device            r/s     w/s     rMB/s     wMB/s   rrqm/s   wrqm/s  %rrqm  %wrqm r_await w_await aqu-sz rareq-sz wareq-sz  svctm  %util
nvme1n1       37855.00    0.00   2365.94      0.00     0.00     0.00   0.00   0.00    0.39    0.00   0.00    64.00     0.00   0.03 100.00
nvme0n1          0.00 16400.00      0.00   1025.00     0.00     0.00   0.00   0.00    0.00    0.03   0.00     0.00    64.00   0.06 100.00

avg-cpu:  %user   %nice %system %iowait  %steal   %idle
           0.88    0.00    4.94    0.00    0.00   94.17

Device            r/s     w/s     rMB/s     wMB/s   rrqm/s   wrqm/s  %rrqm  %wrqm r_await w_await aqu-sz rareq-sz wareq-sz  svctm  %util
nvme1n1       37863.00    0.00   2366.44      0.00     0.00     0.00   0.00   0.00    0.39    0.00   0.00    64.00     0.00   0.03 100.00
nvme0n1          0.00 16131.00      0.00   1008.19     0.00     0.00   0.00   0.00    0.00    0.03   0.00     0.00    64.00   0.06 100.00

avg-cpu:  %user   %nice %system %iowait  %steal   %idle
           0.98    0.00    4.85    0.00    0.00   94.18

Device            r/s     w/s     rMB/s     wMB/s   rrqm/s   wrqm/s  %rrqm  %wrqm r_await w_await aqu-sz rareq-sz wareq-sz  svctm  %util
nvme1n1       37859.00    0.00   2366.19      0.00     0.00     0.00   0.00   0.00    0.39    0.00   0.00    64.00     0.00   0.03 100.00
nvme0n1          0.00 16243.00      0.00   1015.19     0.00     0.00   0.00   0.00    0.00    0.03   0.00     0.00    64.00   0.06 100.00

avg-cpu:  %user   %nice %system %iowait  %steal   %idle
           0.79    0.00    5.01    0.00    0.00   94.20

Device            r/s     w/s     rMB/s     wMB/s   rrqm/s   wrqm/s  %rrqm  %wrqm r_await w_await aqu-sz rareq-sz wareq-sz  svctm  %util
nvme1n1       37853.00    0.00   2365.81      0.00     0.00     0.00   0.00   0.00    0.39    0.00   0.00    64.00     0.00   0.03 100.00
nvme0n1          0.00 16070.00      0.00   1004.37     0.00     0.00   0.00   0.00    0.00    0.03   0.00     0.00    64.00   0.06 100.00

avg-cpu:  %user   %nice %system %iowait  %steal   %idle
           0.79    0.00    5.07    0.00    0.00   94.14

Device            r/s     w/s     rMB/s     wMB/s   rrqm/s   wrqm/s  %rrqm  %wrqm r_await w_await aqu-sz rareq-sz wareq-sz  svctm  %util
nvme1n1       37874.00    0.00   2367.12      0.00     0.00     0.00   0.00   0.00    0.39    0.00   0.00    64.00     0.00   0.03 100.00
nvme0n1          0.00 16208.00      0.00   1013.00     0.00     0.00   0.00   0.00    0.00    0.03   0.00     0.00    64.00   0.06 100.10

avg-cpu:  %user   %nice %system %iowait  %steal   %idle
           0.76    0.00    5.08    0.00    0.00   94.17

Device            r/s     w/s     rMB/s     wMB/s   rrqm/s   wrqm/s  %rrqm  %wrqm r_await w_await aqu-sz rareq-sz wareq-sz  svctm  %util
nvme1n1       37856.00    0.00   2366.00      0.00     0.00     0.00   0.00   0.00    0.39    0.00   0.00    64.00     0.00   0.03 100.10
nvme0n1          0.00 16387.00      0.00   1024.19     0.00     0.00   0.00   0.00    0.00    0.03   0.00     0.00    64.00   0.06 100.00

avg-cpu:  %user   %nice %system %iowait  %steal   %idle
           0.88    0.00    4.97    0.00    0.00   94.14

Device            r/s     w/s     rMB/s     wMB/s   rrqm/s   wrqm/s  %rrqm  %wrqm r_await w_await aqu-sz rareq-sz wareq-sz  svctm  %util
nvme1n1       37849.00    0.00   2365.56      0.00     0.00     0.00   0.00   0.00    0.39    0.00   0.00    64.00     0.00   0.03 100.00
nvme0n1          0.00 16307.00      0.00   1019.19     0.00     0.00   0.00   0.00    0.00    0.03   0.00     0.00    64.00   0.06 100.00

avg-cpu:  %user   %nice %system %iowait  %steal   %idle
           0.85    0.00    5.16    0.00    0.00   94.00

Device            r/s     w/s     rMB/s     wMB/s   rrqm/s   wrqm/s  %rrqm  %wrqm r_await w_await aqu-sz rareq-sz wareq-sz  svctm  %util
nvme1n1       37864.00    0.00   2366.50      0.00     0.00     0.00   0.00   0.00    0.39    0.00   0.00    64.00     0.00   0.03 100.00
nvme0n1          0.00 16305.00      0.00   1019.06     0.00     0.00   0.00   0.00    0.00    0.03   0.00     0.00    64.00   0.06 100.00

avg-cpu:  %user   %nice %system %iowait  %steal   %idle
           0.82    0.00    5.04    0.00    0.00   94.15

Device            r/s     w/s     rMB/s     wMB/s   rrqm/s   wrqm/s  %rrqm  %wrqm r_await w_await aqu-sz rareq-sz wareq-sz  svctm  %util
nvme1n1       37848.00    0.00   2365.50      0.00     0.00     0.00   0.00   0.00    0.39    0.00   0.00    64.00     0.00   0.03 100.00
nvme0n1          0.00 16217.00      0.00   1013.56     0.00     0.00   0.00   0.00    0.00    0.03   0.00     0.00    64.00   0.06 100.00

avg-cpu:  %user   %nice %system %iowait  %steal   %idle
           0.91    0.00    4.97    0.00    0.00   94.11

Device            r/s     w/s     rMB/s     wMB/s   rrqm/s   wrqm/s  %rrqm  %wrqm r_await w_await aqu-sz rareq-sz wareq-sz  svctm  %util
nvme1n1       37869.00    0.00   2366.81      0.00     0.00     0.00   0.00   0.00    0.39    0.00   0.00    64.00     0.00   0.03 100.00
nvme0n1          0.00 16411.00      0.00   1025.69     0.00     0.00   0.00   0.00    0.00    0.03   0.00     0.00    64.00   0.06 100.00

avg-cpu:  %user   %nice %system %iowait  %steal   %idle
           0.79    0.00    5.04    0.00    0.00   94.17

Device            r/s     w/s     rMB/s     wMB/s   rrqm/s   wrqm/s  %rrqm  %wrqm r_await w_await aqu-sz rareq-sz wareq-sz  svctm  %util
nvme1n1       37859.00    0.00   2366.19      0.00     0.00     0.00   0.00   0.00    0.39    0.00   0.00    64.00     0.00   0.03 100.00
nvme0n1          0.00 16141.00      0.00   1008.81     0.00     0.00   0.00   0.00    0.00    0.03   0.00     0.00    64.00   0.06 100.00

avg-cpu:  %user   %nice %system %iowait  %steal   %idle
           0.88    0.00    4.97    0.00    0.00   94.15

Device            r/s     w/s     rMB/s     wMB/s   rrqm/s   wrqm/s  %rrqm  %wrqm r_await w_await aqu-sz rareq-sz wareq-sz  svctm  %util
nvme1n1       37838.00    0.00   2364.88      0.00     0.00     0.00   0.00   0.00    0.39    0.00   0.00    64.00     0.00   0.03 100.00
nvme0n1          0.00 16119.00      0.00   1007.44     0.00     0.00   0.00   0.00    0.00    0.03   0.00     0.00    64.00   0.06 100.00

avg-cpu:  %user   %nice %system %iowait  %steal   %idle
           0.79    0.00    5.23    0.00    0.00   93.99

Device            r/s     w/s     rMB/s     wMB/s   rrqm/s   wrqm/s  %rrqm  %wrqm r_await w_await aqu-sz rareq-sz wareq-sz  svctm  %util
nvme1n1       37839.00    0.00   2364.94      0.00     0.00     0.00   0.00   0.00    0.39    0.00   0.00    64.00     0.00   0.03 100.00
nvme0n1          0.00 15986.00      0.00    999.13     0.00     0.00   0.00   0.00    0.00    0.03   0.00     0.00    64.00   0.06 100.00

avg-cpu:  %user   %nice %system %iowait  %steal   %idle
           0.82    0.00    4.98    0.00    0.00   94.20

Device            r/s     w/s     rMB/s     wMB/s   rrqm/s   wrqm/s  %rrqm  %wrqm r_await w_await aqu-sz rareq-sz wareq-sz  svctm  %util
nvme1n1       37851.00    0.00   2365.69      0.00     0.00     0.00   0.00   0.00    0.39    0.00   0.00    64.00     0.00   0.03 100.00
nvme0n1          0.00 16038.00      0.00   1002.38     0.00     0.00   0.00   0.00    0.00    0.03   0.00     0.00    64.00   0.06 100.00

avg-cpu:  %user   %nice %system %iowait  %steal   %idle
           0.79    0.00    4.98    0.00    0.00   94.23

Device            r/s     w/s     rMB/s     wMB/s   rrqm/s   wrqm/s  %rrqm  %wrqm r_await w_await aqu-sz rareq-sz wareq-sz  svctm  %util
nvme1n1       37842.00    0.00   2365.12      0.00     0.00     0.00   0.00   0.00    0.39    0.00   0.00    64.00     0.00   0.03 100.00
nvme0n1          0.00 16053.00      0.00   1003.31     0.00     0.00   0.00   0.00    0.00    0.03   0.00     0.00    64.00   0.06 100.00

avg-cpu:  %user   %nice %system %iowait  %steal   %idle
           0.82    0.00    4.95    0.00    0.00   94.23

Device            r/s     w/s     rMB/s     wMB/s   rrqm/s   wrqm/s  %rrqm  %wrqm r_await w_await aqu-sz rareq-sz wareq-sz  svctm  %util
nvme1n1       37484.16    0.00   2342.76      0.00     0.00     0.00   0.00   0.00    0.39    0.00   0.00    64.00     0.00   0.03  99.01
nvme0n1          0.00 16096.04      0.00   1006.00     0.00     0.00   0.00   0.00    0.00    0.03   0.00     0.00    64.00   0.06  99.01

avg-cpu:  %user   %nice %system %iowait  %steal   %idle
           0.79    0.00    5.16    0.00    0.00   94.05

Device            r/s     w/s     rMB/s     wMB/s   rrqm/s   wrqm/s  %rrqm  %wrqm r_await w_await aqu-sz rareq-sz wareq-sz  svctm  %util
nvme1n1       37791.00    0.00   2361.76      0.00     0.00     0.00   0.00   0.00    0.39    0.00   0.00    64.00     0.00   0.03  99.90
nvme0n1          0.00 16235.00      0.00   1014.69     0.00     0.00   0.00   0.00    0.00    0.03   0.00     0.00    64.00   0.06  99.80

