Linux 5.4.1-050401-lowlatency (kanwu-Super-Server) 	09/10/2020 	_x86_64_	(32 CPU)

avg-cpu:  %user   %nice %system %iowait  %steal   %idle
           0.06    0.00    0.20    0.06    0.00   99.67

Device            r/s     w/s     rMB/s     wMB/s   rrqm/s   wrqm/s  %rrqm  %wrqm r_await w_await aqu-sz rareq-sz wareq-sz  svctm  %util
nvme1n1        946.05  276.08     59.13     16.93     0.00     0.00   0.00   0.00    0.32    0.41   0.00    64.00    62.81   0.03   3.57
nvme0n1        211.14  170.32     13.19     10.64     0.00     0.00   0.00   0.00    0.25    0.05   0.00    63.99    63.98   0.06   2.20
cas1-1          23.40    2.60      1.46      0.16     0.00     0.00   0.00   0.00    0.28    0.24   0.00    64.00    64.00   0.02   0.05

avg-cpu:  %user   %nice %system %iowait  %steal   %idle
           0.00    0.00    0.03    0.50    0.00   99.47

Device            r/s     w/s     rMB/s     wMB/s   rrqm/s   wrqm/s  %rrqm  %wrqm r_await w_await aqu-sz rareq-sz wareq-sz  svctm  %util
nvme1n1          0.00    0.00      0.00      0.00     0.00     0.00   0.00   0.00    0.00    0.00   0.00     0.00     0.00   0.00   0.00
nvme0n1          0.00    0.00      0.00      0.00     0.00     0.00   0.00   0.00    0.00    0.00   0.00     0.00     0.00   0.00   0.00
cas1-1           0.00    0.00      0.00      0.00     0.00     0.00   0.00   0.00    0.00    0.00   0.00     0.00     0.00   0.00   0.00

avg-cpu:  %user   %nice %system %iowait  %steal   %idle
           0.00    0.00    0.03    0.84    0.00   99.12

Device            r/s     w/s     rMB/s     wMB/s   rrqm/s   wrqm/s  %rrqm  %wrqm r_await w_await aqu-sz rareq-sz wareq-sz  svctm  %util
nvme1n1          0.00    0.00      0.00      0.00     0.00     0.00   0.00   0.00    0.00    0.00   0.00     0.00     0.00   0.00   0.00
nvme0n1          0.00    0.00      0.00      0.00     0.00     0.00   0.00   0.00    0.00    0.00   0.00     0.00     0.00   0.00   0.00
cas1-1           0.00    0.00      0.00      0.00     0.00     0.00   0.00   0.00    0.00    0.00   0.00     0.00     0.00   0.00   0.00

avg-cpu:  %user   %nice %system %iowait  %steal   %idle
           0.09    0.00    0.28    0.38    0.00   99.25

Device            r/s     w/s     rMB/s     wMB/s   rrqm/s   wrqm/s  %rrqm  %wrqm r_await w_await aqu-sz rareq-sz wareq-sz  svctm  %util
nvme1n1          0.00    0.00      0.00      0.00     0.00     0.00   0.00   0.00    0.00    0.00   0.00     0.00     0.00   0.00   0.00
nvme0n1          0.00    0.00      0.00      0.00     0.00     0.00   0.00   0.00    0.00    0.00   0.00     0.00     0.00   0.00   0.00
cas1-1           0.00    0.00      0.00      0.00     0.00     0.00   0.00   0.00    0.00    0.00   0.00     0.00     0.00   0.00   0.00

avg-cpu:  %user   %nice %system %iowait  %steal   %idle
           0.00    0.00    0.16    1.31    0.00   98.53

Device            r/s     w/s     rMB/s     wMB/s   rrqm/s   wrqm/s  %rrqm  %wrqm r_await w_await aqu-sz rareq-sz wareq-sz  svctm  %util
nvme1n1          0.00  295.00      0.00     35.82     0.00     0.00   0.00   0.00    0.00    0.42   0.01     0.00   124.33   0.08   2.40
nvme0n1          3.00    0.00      0.01      0.00     0.00     0.00   0.00   0.00    0.33    0.00   0.00     4.00     0.00   0.67   0.20

avg-cpu:  %user   %nice %system %iowait  %steal   %idle
           0.09    0.00    0.38    1.13    0.00   98.40

Device            r/s     w/s     rMB/s     wMB/s   rrqm/s   wrqm/s  %rrqm  %wrqm r_await w_await aqu-sz rareq-sz wareq-sz  svctm  %util
nvme1n1         35.00  743.00      1.07     86.42     0.00     0.00   0.00   0.00    0.03    0.23   0.00    31.44   119.10   0.08   6.50
nvme0n1         41.00    0.00      1.03      0.00     0.00     0.00   0.00   0.00    0.37    0.00   0.01    25.66     0.00   0.29   1.20

avg-cpu:  %user   %nice %system %iowait  %steal   %idle
           0.56    0.00    0.19    1.00    0.00   98.25

Device            r/s     w/s     rMB/s     wMB/s   rrqm/s   wrqm/s  %rrqm  %wrqm r_await w_await aqu-sz rareq-sz wareq-sz  svctm  %util
nvme1n1          0.00    0.00      0.00      0.00     0.00     0.00   0.00   0.00    0.00    0.00   0.00     0.00     0.00   0.00   0.00
nvme0n1          0.00    0.00      0.00      0.00     0.00     0.00   0.00   0.00    0.00    0.00   0.00     0.00     0.00   0.00   0.00

avg-cpu:  %user   %nice %system %iowait  %steal   %idle
           0.79    0.00    4.90    1.11    0.00   93.20

Device            r/s     w/s     rMB/s     wMB/s   rrqm/s   wrqm/s  %rrqm  %wrqm r_await w_await aqu-sz rareq-sz wareq-sz  svctm  %util
nvme1n1       15312.00 10878.00    957.00    679.88     0.00     0.00   0.00   0.00    0.53    0.49   0.25    64.00    64.00   0.03  84.30
nvme0n1       8235.00 2646.00    514.69    165.38     0.00     0.00   0.00   0.00    0.20    0.04   0.27    64.00    64.00   0.08  84.30

avg-cpu:  %user   %nice %system %iowait  %steal   %idle
           0.82    0.00    4.66    0.00    0.00   94.52

Device            r/s     w/s     rMB/s     wMB/s   rrqm/s   wrqm/s  %rrqm  %wrqm r_await w_await aqu-sz rareq-sz wareq-sz  svctm  %util
nvme1n1       31411.00 4248.00   1963.19    265.50     0.00     0.00   0.00   0.00    0.44    0.45   0.00    64.00    64.00   0.03 100.00
nvme0n1        611.00 3636.00     38.19    227.25     0.00     0.00   0.00   0.00    0.17    0.03   0.01    64.00    64.00   0.23  98.80

avg-cpu:  %user   %nice %system %iowait  %steal   %idle
           0.79    0.00    4.47    0.00    0.00   94.74

Device            r/s     w/s     rMB/s     wMB/s   rrqm/s   wrqm/s  %rrqm  %wrqm r_await w_await aqu-sz rareq-sz wareq-sz  svctm  %util
nvme1n1       31886.00 3551.00   1992.88    221.94     0.00     0.00   0.00   0.00    0.44    0.45   0.00    64.00    64.00   0.03 100.00
nvme0n1         16.00 3537.00      1.00    221.06     0.00     0.00   0.00   0.00    0.12    0.03   0.00    64.00    64.00   0.27  97.60

avg-cpu:  %user   %nice %system %iowait  %steal   %idle
           0.79    0.00    4.47    0.00    0.00   94.74

Device            r/s     w/s     rMB/s     wMB/s   rrqm/s   wrqm/s  %rrqm  %wrqm r_await w_await aqu-sz rareq-sz wareq-sz  svctm  %util
nvme1n1       32397.00 3617.00   2024.81    226.06     0.00     0.00   0.00   0.00    0.43    0.45   0.00    64.00    64.00   0.03 100.00
nvme0n1          0.00 3614.00      0.00    225.88     0.00     0.00   0.00   0.00    0.00    0.03   0.00     0.00    64.00   0.27  98.20

avg-cpu:  %user   %nice %system %iowait  %steal   %idle
           0.79    0.00    4.41    0.00    0.00   94.80

Device            r/s     w/s     rMB/s     wMB/s   rrqm/s   wrqm/s  %rrqm  %wrqm r_await w_await aqu-sz rareq-sz wareq-sz  svctm  %util
nvme1n1       32396.00 3595.00   2024.75    224.69     0.00     0.00   0.00   0.00    0.43    0.45   0.00    64.00    64.00   0.03 100.00
nvme0n1          0.00 3596.00      0.00    224.75     0.00     0.00   0.00   0.00    0.00    0.03   0.00     0.00    64.00   0.27  97.60

avg-cpu:  %user   %nice %system %iowait  %steal   %idle
           0.72    0.00    4.53    0.00    0.00   94.75

Device            r/s     w/s     rMB/s     wMB/s   rrqm/s   wrqm/s  %rrqm  %wrqm r_await w_await aqu-sz rareq-sz wareq-sz  svctm  %util
nvme1n1       32429.00 3587.00   2026.81    224.19     0.00     0.00   0.00   0.00    0.43    0.45   0.00    64.00    64.00   0.03 100.00
nvme0n1          0.00 3585.00      0.00    224.06     0.00     0.00   0.00   0.00    0.00    0.03   0.00     0.00    64.00   0.27  98.20

avg-cpu:  %user   %nice %system %iowait  %steal   %idle
           0.72    0.00    4.56    0.00    0.00   94.71

Device            r/s     w/s     rMB/s     wMB/s   rrqm/s   wrqm/s  %rrqm  %wrqm r_await w_await aqu-sz rareq-sz wareq-sz  svctm  %util
nvme1n1       32506.00 3543.00   2031.62    221.44     0.00     0.00   0.00   0.00    0.43    0.45   0.00    64.00    64.00   0.03 100.00
nvme0n1          0.00 3543.00      0.00    221.44     0.00     0.00   0.00   0.00    0.00    0.03   0.00     0.00    64.00   0.28  97.50

avg-cpu:  %user   %nice %system %iowait  %steal   %idle
           0.76    0.00    4.47    0.00    0.00   94.77

Device            r/s     w/s     rMB/s     wMB/s   rrqm/s   wrqm/s  %rrqm  %wrqm r_await w_await aqu-sz rareq-sz wareq-sz  svctm  %util
nvme1n1       32148.00 3540.00   2009.25    221.25     0.00     0.00   0.00   0.00    0.43    0.45   0.00    64.00    64.00   0.03 100.00
nvme0n1          0.00 3542.00      0.00    221.38     0.00     0.00   0.00   0.00    0.00    0.03   0.00     0.00    64.00   0.28  97.70

avg-cpu:  %user   %nice %system %iowait  %steal   %idle
           0.72    0.00    4.50    0.00    0.00   94.77

Device            r/s     w/s     rMB/s     wMB/s   rrqm/s   wrqm/s  %rrqm  %wrqm r_await w_await aqu-sz rareq-sz wareq-sz  svctm  %util
nvme1n1       32248.00 3596.00   2015.50    224.75     0.00     0.00   0.00   0.00    0.43    0.45   0.00    64.00    64.00   0.03 100.00
nvme0n1          0.00 3595.00      0.00    224.69     0.00     0.00   0.00   0.00    0.00    0.03   0.00     0.00    64.00   0.27  97.90

avg-cpu:  %user   %nice %system %iowait  %steal   %idle
           0.76    0.00    4.53    0.00    0.00   94.71

Device            r/s     w/s     rMB/s     wMB/s   rrqm/s   wrqm/s  %rrqm  %wrqm r_await w_await aqu-sz rareq-sz wareq-sz  svctm  %util
nvme1n1       32103.00 3565.00   2006.44    222.81     0.00     0.00   0.00   0.00    0.43    0.45   0.00    64.00    64.00   0.03 100.00
nvme0n1          0.00 3567.00      0.00    222.94     0.00     0.00   0.00   0.00    0.00    0.03   0.00     0.00    64.00   0.28  98.20

avg-cpu:  %user   %nice %system %iowait  %steal   %idle
           0.76    0.00    4.41    0.00    0.00   94.83

Device            r/s     w/s     rMB/s     wMB/s   rrqm/s   wrqm/s  %rrqm  %wrqm r_await w_await aqu-sz rareq-sz wareq-sz  svctm  %util
nvme1n1       32281.00 3462.00   2017.56    216.37     0.00     0.00   0.00   0.00    0.43    0.45   0.00    64.00    64.00   0.03 100.10
nvme0n1          0.00 3460.00      0.00    216.25     0.00     0.00   0.00   0.00    0.00    0.03   0.00     0.00    64.00   0.28  98.00

avg-cpu:  %user   %nice %system %iowait  %steal   %idle
           0.76    0.00    4.35    0.00    0.00   94.89

Device            r/s     w/s     rMB/s     wMB/s   rrqm/s   wrqm/s  %rrqm  %wrqm r_await w_await aqu-sz rareq-sz wareq-sz  svctm  %util
nvme1n1       32634.00 3509.00   2039.62    219.31     0.00     0.00   0.00   0.00    0.43    0.45   0.00    64.00    64.00   0.03 100.00
nvme0n1          0.00 3509.00      0.00    219.31     0.00     0.00   0.00   0.00    0.00    0.03   0.00     0.00    64.00   0.28  98.70

avg-cpu:  %user   %nice %system %iowait  %steal   %idle
           0.76    0.00    4.44    0.00    0.00   94.80

Device            r/s     w/s     rMB/s     wMB/s   rrqm/s   wrqm/s  %rrqm  %wrqm r_await w_await aqu-sz rareq-sz wareq-sz  svctm  %util
nvme1n1       32498.00 3549.00   2031.12    221.81     0.00     0.00   0.00   0.00    0.43    0.45   0.00    64.00    64.00   0.03 100.00
nvme0n1          0.00 3548.00      0.00    221.75     0.00     0.00   0.00   0.00    0.00    0.03   0.00     0.00    64.00   0.28  98.00

avg-cpu:  %user   %nice %system %iowait  %steal   %idle
           0.66    0.00    4.57    0.00    0.00   94.77

Device            r/s     w/s     rMB/s     wMB/s   rrqm/s   wrqm/s  %rrqm  %wrqm r_await w_await aqu-sz rareq-sz wareq-sz  svctm  %util
nvme1n1       32494.00 3576.00   2030.88    223.50     0.00     0.00   0.00   0.00    0.43    0.45   0.00    64.00    64.00   0.03 100.00
nvme0n1          0.00 3576.00      0.00    223.50     0.00     0.00   0.00   0.00    0.00    0.03   0.00     0.00    64.00   0.28  98.60

avg-cpu:  %user   %nice %system %iowait  %steal   %idle
           0.82    0.00    4.38    0.00    0.00   94.80

Device            r/s     w/s     rMB/s     wMB/s   rrqm/s   wrqm/s  %rrqm  %wrqm r_await w_await aqu-sz rareq-sz wareq-sz  svctm  %util
nvme1n1       32444.00 3620.00   2027.75    226.25     0.00     0.00   0.00   0.00    0.43    0.45   0.00    64.00    64.00   0.03 100.00
nvme0n1          0.00 3621.00      0.00    226.31     0.00     0.00   0.00   0.00    0.00    0.03   0.00     0.00    64.00   0.27  98.10

avg-cpu:  %user   %nice %system %iowait  %steal   %idle
           0.76    0.00    4.44    0.00    0.00   94.80

Device            r/s     w/s     rMB/s     wMB/s   rrqm/s   wrqm/s  %rrqm  %wrqm r_await w_await aqu-sz rareq-sz wareq-sz  svctm  %util
nvme1n1       32392.00 3635.00   2024.50    227.19     0.00     0.00   0.00   0.00    0.43    0.45   0.00    64.00    64.00   0.03 100.00
nvme0n1          0.00 3635.00      0.00    227.19     0.00     0.00   0.00   0.00    0.00    0.03   0.00     0.00    64.00   0.27  98.40

avg-cpu:  %user   %nice %system %iowait  %steal   %idle
           0.76    0.00    4.38    0.00    0.00   94.86

Device            r/s     w/s     rMB/s     wMB/s   rrqm/s   wrqm/s  %rrqm  %wrqm r_await w_await aqu-sz rareq-sz wareq-sz  svctm  %util
nvme1n1       32446.00 3617.00   2027.87    226.06     0.00     0.00   0.00   0.00    0.43    0.45   0.00    64.00    64.00   0.03 100.00
nvme0n1          0.00 3618.00      0.00    226.12     0.00     0.00   0.00   0.00    0.00    0.03   0.00     0.00    64.00   0.27  98.40

avg-cpu:  %user   %nice %system %iowait  %steal   %idle
           0.72    0.00    4.53    0.00    0.00   94.75

Device            r/s     w/s     rMB/s     wMB/s   rrqm/s   wrqm/s  %rrqm  %wrqm r_await w_await aqu-sz rareq-sz wareq-sz  svctm  %util
nvme1n1       32378.00 3668.00   2023.62    229.25     0.00     0.00   0.00   0.00    0.43    0.45   0.00    64.00    64.00   0.03 100.00
nvme0n1          0.00 3671.00      0.00    229.44     0.00     0.00   0.00   0.00    0.00    0.03   0.00     0.00    64.00   0.27  98.00

avg-cpu:  %user   %nice %system %iowait  %steal   %idle
           0.79    0.00    4.50    0.00    0.00   94.71

Device            r/s     w/s     rMB/s     wMB/s   rrqm/s   wrqm/s  %rrqm  %wrqm r_await w_await aqu-sz rareq-sz wareq-sz  svctm  %util
nvme1n1       32354.00 3674.00   2022.13    229.62     0.00     0.00   0.00   0.00    0.43    0.45   0.00    64.00    64.00   0.03 100.00
nvme0n1          0.00 3670.00      0.00    229.38     0.00     0.00   0.00   0.00    0.00    0.03   0.00     0.00    64.00   0.27  98.30

avg-cpu:  %user   %nice %system %iowait  %steal   %idle
           0.76    0.00    4.53    0.00    0.00   94.71

Device            r/s     w/s     rMB/s     wMB/s   rrqm/s   wrqm/s  %rrqm  %wrqm r_await w_await aqu-sz rareq-sz wareq-sz  svctm  %util
nvme1n1       32413.00 3645.00   2025.81    227.81     0.00     0.00   0.00   0.00    0.43    0.45   0.00    64.00    64.00   0.03 100.00
nvme0n1          0.00 3645.00      0.00    227.81     0.00     0.00   0.00   0.00    0.00    0.03   0.00     0.00    64.00   0.27  98.00

avg-cpu:  %user   %nice %system %iowait  %steal   %idle
           0.69    0.00    4.51    0.00    0.00   94.80

Device            r/s     w/s     rMB/s     wMB/s   rrqm/s   wrqm/s  %rrqm  %wrqm r_await w_await aqu-sz rareq-sz wareq-sz  svctm  %util
nvme1n1       32542.00 3553.00   2033.88    222.06     0.00     0.00   0.00   0.00    0.43    0.45   0.00    64.00    64.00   0.03 100.00
nvme0n1          0.00 3555.00      0.00    222.19     0.00     0.00   0.00   0.00    0.00    0.03   0.00     0.00    64.00   0.28  98.90

avg-cpu:  %user   %nice %system %iowait  %steal   %idle
           0.76    0.00    4.47    0.00    0.00   94.77

Device            r/s     w/s     rMB/s     wMB/s   rrqm/s   wrqm/s  %rrqm  %wrqm r_await w_await aqu-sz rareq-sz wareq-sz  svctm  %util
nvme1n1       32424.00 3626.00   2026.50    226.62     0.00     0.00   0.00   0.00    0.43    0.45   0.00    64.00    64.00   0.03 100.00
nvme0n1          0.00 3625.00      0.00    226.56     0.00     0.00   0.00   0.00    0.00    0.03   0.00     0.00    64.00   0.27  98.00

avg-cpu:  %user   %nice %system %iowait  %steal   %idle
           0.69    0.00    4.57    0.00    0.00   94.74

Device            r/s     w/s     rMB/s     wMB/s   rrqm/s   wrqm/s  %rrqm  %wrqm r_await w_await aqu-sz rareq-sz wareq-sz  svctm  %util
nvme1n1       32459.00 3595.00   2028.69    224.69     0.00     0.00   0.00   0.00    0.43    0.45   0.00    64.00    64.00   0.03 100.00
nvme0n1          0.00 3594.00      0.00    224.62     0.00     0.00   0.00   0.00    0.00    0.03   0.00     0.00    64.00   0.27  97.80

avg-cpu:  %user   %nice %system %iowait  %steal   %idle
           0.79    0.00    4.53    0.00    0.00   94.68

Device            r/s     w/s     rMB/s     wMB/s   rrqm/s   wrqm/s  %rrqm  %wrqm r_await w_await aqu-sz rareq-sz wareq-sz  svctm  %util
nvme1n1       32412.00 3628.00   2025.75    226.75     0.00     0.00   0.00   0.00    0.43    0.45   0.00    64.00    64.00   0.03 100.00
nvme0n1          0.00 3628.00      0.00    226.75     0.00     0.00   0.00   0.00    0.00    0.03   0.00     0.00    64.00   0.27  98.60

avg-cpu:  %user   %nice %system %iowait  %steal   %idle
           0.69    0.00    4.48    0.00    0.00   94.83

Device            r/s     w/s     rMB/s     wMB/s   rrqm/s   wrqm/s  %rrqm  %wrqm r_await w_await aqu-sz rareq-sz wareq-sz  svctm  %util
nvme1n1       32384.00 3659.00   2024.00    228.69     0.00     0.00   0.00   0.00    0.43    0.45   0.00    64.00    64.00   0.03 100.10
nvme0n1          0.00 3658.00      0.00    228.62     0.00     0.00   0.00   0.00    0.00    0.03   0.00     0.00    64.00   0.27  98.10

avg-cpu:  %user   %nice %system %iowait  %steal   %idle
           0.79    0.00    4.56    0.00    0.00   94.65

Device            r/s     w/s     rMB/s     wMB/s   rrqm/s   wrqm/s  %rrqm  %wrqm r_await w_await aqu-sz rareq-sz wareq-sz  svctm  %util
nvme1n1       32509.00 3569.00   2031.81    223.06     0.00     0.00   0.00   0.00    0.43    0.45   0.00    64.00    64.00   0.03 100.00
nvme0n1          0.00 3572.00      0.00    223.25     0.00     0.00   0.00   0.00    0.00    0.03   0.00     0.00    64.00   0.27  98.20

avg-cpu:  %user   %nice %system %iowait  %steal   %idle
           0.76    0.00    4.47    0.00    0.00   94.77

Device            r/s     w/s     rMB/s     wMB/s   rrqm/s   wrqm/s  %rrqm  %wrqm r_await w_await aqu-sz rareq-sz wareq-sz  svctm  %util
nvme1n1       32390.00 3655.00   2024.37    228.44     0.00     0.00   0.00   0.00    0.43    0.45   0.00    64.00    64.00   0.03 100.00
nvme0n1          0.00 3653.00      0.00    228.31     0.00     0.00   0.00   0.00    0.00    0.03   0.00     0.00    64.00   0.27  98.00

avg-cpu:  %user   %nice %system %iowait  %steal   %idle
           0.88    0.00    4.38    0.00    0.00   94.74

Device            r/s     w/s     rMB/s     wMB/s   rrqm/s   wrqm/s  %rrqm  %wrqm r_await w_await aqu-sz rareq-sz wareq-sz  svctm  %util
nvme1n1       32448.00 3575.00   2028.00    223.44     0.00     0.00   0.00   0.00    0.43    0.45   0.00    64.00    64.00   0.03 100.00
nvme0n1          0.00 3575.00      0.00    223.44     0.00     0.00   0.00   0.00    0.00    0.03   0.00     0.00    64.00   0.27  97.70

avg-cpu:  %user   %nice %system %iowait  %steal   %idle
           0.72    0.00    4.41    0.00    0.00   94.86

Device            r/s     w/s     rMB/s     wMB/s   rrqm/s   wrqm/s  %rrqm  %wrqm r_await w_await aqu-sz rareq-sz wareq-sz  svctm  %util
nvme1n1       32500.00 3597.00   2031.25    224.81     0.00     0.00   0.00   0.00    0.43    0.45   0.00    64.00    64.00   0.03 100.00
nvme0n1          0.00 3596.00      0.00    224.75     0.00     0.00   0.00   0.00    0.00    0.03   0.00     0.00    64.00   0.27  98.30

avg-cpu:  %user   %nice %system %iowait  %steal   %idle
           0.72    0.00    4.50    0.00    0.00   94.77

Device            r/s     w/s     rMB/s     wMB/s   rrqm/s   wrqm/s  %rrqm  %wrqm r_await w_await aqu-sz rareq-sz wareq-sz  svctm  %util
nvme1n1       32509.00 3572.00   2031.81    223.25     0.00     0.00   0.00   0.00    0.43    0.45   0.00    64.00    64.00   0.03 100.00
nvme0n1          0.00 3575.00      0.00    223.44     0.00     0.00   0.00   0.00    0.00    0.03   0.00     0.00    64.00   0.28  99.20

avg-cpu:  %user   %nice %system %iowait  %steal   %idle
           0.79    0.00    4.50    0.00    0.00   94.71

Device            r/s     w/s     rMB/s     wMB/s   rrqm/s   wrqm/s  %rrqm  %wrqm r_await w_await aqu-sz rareq-sz wareq-sz  svctm  %util
nvme1n1       32508.00 3566.00   2031.75    222.87     0.00     0.00   0.00   0.00    0.43    0.45   0.00    64.00    64.00   0.03 100.00
nvme0n1          0.00 3567.00      0.00    222.94     0.00     0.00   0.00   0.00    0.00    0.03   0.00     0.00    64.00   0.28  98.10

avg-cpu:  %user   %nice %system %iowait  %steal   %idle
           0.76    0.00    4.41    0.00    0.00   94.83

Device            r/s     w/s     rMB/s     wMB/s   rrqm/s   wrqm/s  %rrqm  %wrqm r_await w_await aqu-sz rareq-sz wareq-sz  svctm  %util
nvme1n1       32313.00 3674.00   2019.56    229.62     0.00     0.00   0.00   0.00    0.43    0.45   0.00    64.00    64.00   0.03 100.00
nvme0n1          0.00 3672.00      0.00    229.50     0.00     0.00   0.00   0.00    0.00    0.03   0.00     0.00    64.00   0.27  98.50

avg-cpu:  %user   %nice %system %iowait  %steal   %idle
           0.76    0.00    4.41    0.00    0.00   94.84

Device            r/s     w/s     rMB/s     wMB/s   rrqm/s   wrqm/s  %rrqm  %wrqm r_await w_await aqu-sz rareq-sz wareq-sz  svctm  %util
nvme1n1       32509.00 3484.00   2031.81    217.75     0.00     0.00   0.00   0.00    0.43    0.45   0.00    64.00    64.00   0.03 100.00
nvme0n1          0.00 3482.00      0.00    217.62     0.00     0.00   0.00   0.00    0.00    0.03   0.00     0.00    64.00   0.28  97.90

avg-cpu:  %user   %nice %system %iowait  %steal   %idle
           0.66    0.00    4.57    0.00    0.00   94.77

Device            r/s     w/s     rMB/s     wMB/s   rrqm/s   wrqm/s  %rrqm  %wrqm r_await w_await aqu-sz rareq-sz wareq-sz  svctm  %util
nvme1n1       32520.00 3562.00   2032.50    222.62     0.00     0.00   0.00   0.00    0.43    0.45   0.00    64.00    64.00   0.03 100.00
nvme0n1          0.00 3562.00      0.00    222.62     0.00     0.00   0.00   0.00    0.00    0.03   0.00     0.00    64.00   0.27  97.80

avg-cpu:  %user   %nice %system %iowait  %steal   %idle
           0.69    0.00    4.54    0.00    0.00   94.77

Device            r/s     w/s     rMB/s     wMB/s   rrqm/s   wrqm/s  %rrqm  %wrqm r_await w_await aqu-sz rareq-sz wareq-sz  svctm  %util
nvme1n1       32402.00 3584.00   2025.12    224.00     0.00     0.00   0.00   0.00    0.43    0.45   0.00    64.00    64.00   0.03 100.00
nvme0n1          0.00 3585.00      0.00    224.06     0.00     0.00   0.00   0.00    0.00    0.03   0.00     0.00    64.00   0.27  97.90

avg-cpu:  %user   %nice %system %iowait  %steal   %idle
           1.26    0.00    4.38    0.00    0.00   94.36

Device            r/s     w/s     rMB/s     wMB/s   rrqm/s   wrqm/s  %rrqm  %wrqm r_await w_await aqu-sz rareq-sz wareq-sz  svctm  %util
nvme1n1       32166.00 3727.00   2010.38    232.94     0.00     0.00   0.00   0.00    0.43    0.45   0.00    64.00    64.00   0.03 100.00
nvme0n1          0.00 3727.00      0.00    232.94     0.00     0.00   0.00   0.00    0.00    0.03   0.00     0.00    64.00   0.26  97.90

avg-cpu:  %user   %nice %system %iowait  %steal   %idle
           0.72    0.00    4.50    0.09    0.00   94.68

Device            r/s     w/s     rMB/s     wMB/s   rrqm/s   wrqm/s  %rrqm  %wrqm r_await w_await aqu-sz rareq-sz wareq-sz  svctm  %util
nvme1n1       32477.00 3603.00   2029.81    225.19     0.00     0.00   0.00   0.00    0.43    0.45   0.00    64.00    64.00   0.03 100.00
nvme0n1          0.00 3604.00      0.00    225.25     0.00     0.00   0.00   0.00    0.00    0.03   0.00     0.00    64.00   0.27  97.60

avg-cpu:  %user   %nice %system %iowait  %steal   %idle
           0.82    0.00    4.35    0.00    0.00   94.83

Device            r/s     w/s     rMB/s     wMB/s   rrqm/s   wrqm/s  %rrqm  %wrqm r_await w_await aqu-sz rareq-sz wareq-sz  svctm  %util
nvme1n1       32371.00 3545.00   2023.19    221.56     0.00     0.00   0.00   0.00    0.43    0.45   0.00    64.00    64.00   0.03 100.00
nvme0n1          0.00 3545.00      0.00    221.56     0.00     0.00   0.00   0.00    0.00    0.03   0.00     0.00    64.00   0.28  98.50

avg-cpu:  %user   %nice %system %iowait  %steal   %idle
           0.88    0.00    4.28    0.00    0.00   94.84

Device            r/s     w/s     rMB/s     wMB/s   rrqm/s   wrqm/s  %rrqm  %wrqm r_await w_await aqu-sz rareq-sz wareq-sz  svctm  %util
nvme1n1       32256.00 3563.00   2016.00    222.69     0.00     0.00   0.00   0.00    0.43    0.45   0.00    64.00    64.00   0.03 100.00
nvme0n1          0.00 3564.00      0.00    222.75     0.00     0.00   0.00   0.00    0.00    0.03   0.00     0.00    64.00   0.28  98.30

avg-cpu:  %user   %nice %system %iowait  %steal   %idle
           0.72    0.00    4.56    0.00    0.00   94.71

Device            r/s     w/s     rMB/s     wMB/s   rrqm/s   wrqm/s  %rrqm  %wrqm r_await w_await aqu-sz rareq-sz wareq-sz  svctm  %util
nvme1n1       32395.00 3572.00   2024.69    223.25     0.00     0.00   0.00   0.00    0.43    0.45   0.00    64.00    64.00   0.03 100.00
nvme0n1          0.00 3569.00      0.00    223.06     0.00     0.00   0.00   0.00    0.00    0.03   0.00     0.00    64.00   0.27  98.00

avg-cpu:  %user   %nice %system %iowait  %steal   %idle
           0.72    0.00    4.53    0.00    0.00   94.75

Device            r/s     w/s     rMB/s     wMB/s   rrqm/s   wrqm/s  %rrqm  %wrqm r_await w_await aqu-sz rareq-sz wareq-sz  svctm  %util
nvme1n1       32238.00 3573.00   2014.88    223.31     0.00     0.00   0.00   0.00    0.43    0.45   0.00    64.00    64.00   0.03 100.00
nvme0n1          0.00 3573.00      0.00    223.31     0.00     0.00   0.00   0.00    0.00    0.03   0.00     0.00    64.00   0.27  98.20

avg-cpu:  %user   %nice %system %iowait  %steal   %idle
           0.76    0.00    4.50    0.00    0.00   94.74

Device            r/s     w/s     rMB/s     wMB/s   rrqm/s   wrqm/s  %rrqm  %wrqm r_await w_await aqu-sz rareq-sz wareq-sz  svctm  %util
nvme1n1       32400.00 3609.00   2025.00    225.56     0.00     0.00   0.00   0.00    0.43    0.45   0.00    64.00    64.00   0.03 100.00
nvme0n1          0.00 3613.00      0.00    225.81     0.00     0.00   0.00   0.00    0.00    0.03   0.00     0.00    64.00   0.27  98.30

avg-cpu:  %user   %nice %system %iowait  %steal   %idle
           0.75    0.00    4.62    0.00    0.00   94.62

Device            r/s     w/s     rMB/s     wMB/s   rrqm/s   wrqm/s  %rrqm  %wrqm r_await w_await aqu-sz rareq-sz wareq-sz  svctm  %util
nvme1n1       32438.00 3544.00   2027.38    221.50     0.00     0.00   0.00   0.00    0.43    0.45   0.00    64.00    64.00   0.03 100.00
nvme0n1          0.00 3542.00      0.00    221.38     0.00     0.00   0.00   0.00    0.00    0.03   0.00     0.00    64.00   0.28  98.30

avg-cpu:  %user   %nice %system %iowait  %steal   %idle
           0.72    0.00    4.44    0.00    0.00   94.83

Device            r/s     w/s     rMB/s     wMB/s   rrqm/s   wrqm/s  %rrqm  %wrqm r_await w_await aqu-sz rareq-sz wareq-sz  svctm  %util
nvme1n1       32402.00 3611.00   2025.12    225.69     0.00     0.00   0.00   0.00    0.43    0.45   0.00    64.00    64.00   0.03 100.10
nvme0n1          0.00 3611.00      0.00    225.69     0.00     0.00   0.00   0.00    0.00    0.03   0.00     0.00    64.00   0.27  98.10

avg-cpu:  %user   %nice %system %iowait  %steal   %idle
           0.82    0.00    4.56    0.00    0.00   94.62

Device            r/s     w/s     rMB/s     wMB/s   rrqm/s   wrqm/s  %rrqm  %wrqm r_await w_await aqu-sz rareq-sz wareq-sz  svctm  %util
nvme1n1       32431.00 3618.00   2026.94    226.12     0.00     0.00   0.00   0.00    0.43    0.45   0.00    64.00    64.00   0.03 100.00
nvme0n1          0.00 3618.00      0.00    226.12     0.00     0.00   0.00   0.00    0.00    0.03   0.00     0.00    64.00   0.27  97.60

avg-cpu:  %user   %nice %system %iowait  %steal   %idle
           0.72    0.00    4.53    0.00    0.00   94.74

Device            r/s     w/s     rMB/s     wMB/s   rrqm/s   wrqm/s  %rrqm  %wrqm r_await w_await aqu-sz rareq-sz wareq-sz  svctm  %util
nvme1n1       32482.00 3589.00   2030.12    224.31     0.00     0.00   0.00   0.00    0.43    0.45   0.00    64.00    64.00   0.03 100.00
nvme0n1          0.00 3589.00      0.00    224.31     0.00     0.00   0.00   0.00    0.00    0.03   0.00     0.00    64.00   0.27  97.90

avg-cpu:  %user   %nice %system %iowait  %steal   %idle
           0.79    0.00    4.50    0.00    0.00   94.71

Device            r/s     w/s     rMB/s     wMB/s   rrqm/s   wrqm/s  %rrqm  %wrqm r_await w_await aqu-sz rareq-sz wareq-sz  svctm  %util
nvme1n1       32450.00 3633.00   2028.12    227.06     0.00     0.00   0.00   0.00    0.43    0.45   0.00    64.00    64.00   0.03 100.00
nvme0n1          0.00 3633.00      0.00    227.06     0.00     0.00   0.00   0.00    0.00    0.03   0.00     0.00    64.00   0.27  98.80

avg-cpu:  %user   %nice %system %iowait  %steal   %idle
           0.72    0.00    4.56    0.00    0.00   94.71

Device            r/s     w/s     rMB/s     wMB/s   rrqm/s   wrqm/s  %rrqm  %wrqm r_await w_await aqu-sz rareq-sz wareq-sz  svctm  %util
nvme1n1       32335.00 3669.00   2020.94    229.31     0.00     0.00   0.00   0.00    0.43    0.45   0.00    64.00    64.00   0.03 100.00
nvme0n1          0.00 3670.00      0.00    229.38     0.00     0.00   0.00   0.00    0.00    0.03   0.00     0.00    64.00   0.27  98.60

avg-cpu:  %user   %nice %system %iowait  %steal   %idle
           0.69    0.00    4.47    0.00    0.00   94.84

Device            r/s     w/s     rMB/s     wMB/s   rrqm/s   wrqm/s  %rrqm  %wrqm r_await w_await aqu-sz rareq-sz wareq-sz  svctm  %util
nvme1n1       32359.00 3658.00   2022.44    228.62     0.00     0.00   0.00   0.00    0.43    0.45   0.00    64.00    64.00   0.03 100.00
nvme0n1          0.00 3655.00      0.00    228.44     0.00     0.00   0.00   0.00    0.00    0.03   0.00     0.00    64.00   0.27  98.70

avg-cpu:  %user   %nice %system %iowait  %steal   %idle
           0.76    0.00    4.53    0.00    0.00   94.71

Device            r/s     w/s     rMB/s     wMB/s   rrqm/s   wrqm/s  %rrqm  %wrqm r_await w_await aqu-sz rareq-sz wareq-sz  svctm  %util
nvme1n1       32396.00 3650.00   2024.75    228.12     0.00     0.00   0.00   0.00    0.43    0.45   0.00    64.00    64.00   0.03 100.00
nvme0n1          0.00 3652.00      0.00    228.25     0.00     0.00   0.00   0.00    0.00    0.03   0.00     0.00    64.00   0.27  98.10

avg-cpu:  %user   %nice %system %iowait  %steal   %idle
           0.82    0.00    4.50    0.00    0.00   94.68

Device            r/s     w/s     rMB/s     wMB/s   rrqm/s   wrqm/s  %rrqm  %wrqm r_await w_await aqu-sz rareq-sz wareq-sz  svctm  %util
nvme1n1       32370.00 3683.00   2023.12    230.19     0.00     0.00   0.00   0.00    0.43    0.45   0.00    64.00    64.00   0.03 100.00
nvme0n1          0.00 3683.00      0.00    230.19     0.00     0.00   0.00   0.00    0.00    0.03   0.00     0.00    64.00   0.27  98.40

avg-cpu:  %user   %nice %system %iowait  %steal   %idle
           0.72    0.00    4.50    0.00    0.00   94.77

Device            r/s     w/s     rMB/s     wMB/s   rrqm/s   wrqm/s  %rrqm  %wrqm r_await w_await aqu-sz rareq-sz wareq-sz  svctm  %util
nvme1n1       32330.00 3661.00   2020.62    228.81     0.00     0.00   0.00   0.00    0.43    0.45   0.00    64.00    64.00   0.03 100.00
nvme0n1          0.00 3661.00      0.00    228.81     0.00     0.00   0.00   0.00    0.00    0.03   0.00     0.00    64.00   0.27  98.00

avg-cpu:  %user   %nice %system %iowait  %steal   %idle
           0.76    0.00    4.50    0.00    0.00   94.74

Device            r/s     w/s     rMB/s     wMB/s   rrqm/s   wrqm/s  %rrqm  %wrqm r_await w_await aqu-sz rareq-sz wareq-sz  svctm  %util
nvme1n1       32374.00 3626.00   2023.38    226.62     0.00     0.00   0.00   0.00    0.43    0.45   0.00    64.00    64.00   0.03 100.00
nvme0n1          0.00 3625.00      0.00    226.56     0.00     0.00   0.00   0.00    0.00    0.03   0.00     0.00    64.00   0.27  98.00

avg-cpu:  %user   %nice %system %iowait  %steal   %idle
           0.79    0.00    4.41    0.00    0.00   94.80

Device            r/s     w/s     rMB/s     wMB/s   rrqm/s   wrqm/s  %rrqm  %wrqm r_await w_await aqu-sz rareq-sz wareq-sz  svctm  %util
nvme1n1       32411.00 3547.00   2025.69    221.69     0.00     0.00   0.00   0.00    0.43    0.45   0.00    64.00    64.00   0.03 100.00
nvme0n1          0.00 3547.00      0.00    221.69     0.00     0.00   0.00   0.00    0.00    0.03   0.00     0.00    64.00   0.28  98.80

avg-cpu:  %user   %nice %system %iowait  %steal   %idle
           0.72    0.00    4.59    0.00    0.00   94.68

Device            r/s     w/s     rMB/s     wMB/s   rrqm/s   wrqm/s  %rrqm  %wrqm r_await w_await aqu-sz rareq-sz wareq-sz  svctm  %util
nvme1n1       32242.00 3701.00   2015.12    231.31     0.00     0.00   0.00   0.00    0.43    0.45   0.00    64.00    64.00   0.03 100.00
nvme0n1          0.00 3702.00      0.00    231.38     0.00     0.00   0.00   0.00    0.00    0.03   0.00     0.00    64.00   0.27  98.70

