Linux 5.4.1-050401-lowlatency (kanwu-Super-Server) 	09/10/2020 	_x86_64_	(32 CPU)

avg-cpu:  %user   %nice %system %iowait  %steal   %idle
           0.07    0.00    0.22    0.07    0.00   99.64

Device            r/s     w/s     rMB/s     wMB/s   rrqm/s   wrqm/s  %rrqm  %wrqm r_await w_await aqu-sz rareq-sz wareq-sz  svctm  %util
nvme1n1       1027.90  322.07     64.24     19.82     0.00     0.00   0.00   0.00    0.33    0.41   0.00    64.00    63.00   0.03   3.97
nvme0n1        232.22  216.05     14.51     13.50     0.00     0.00   0.00   0.00    0.26    0.05   0.01    63.99    63.98   0.06   2.61
cas1-1          23.28    2.59      1.46      0.16     0.00     0.00   0.00   0.00    0.28    0.25   0.00    64.00    64.00   0.02   0.05

avg-cpu:  %user   %nice %system %iowait  %steal   %idle
           0.00    0.00    0.03    2.06    0.00   97.91

Device            r/s     w/s     rMB/s     wMB/s   rrqm/s   wrqm/s  %rrqm  %wrqm r_await w_await aqu-sz rareq-sz wareq-sz  svctm  %util
nvme1n1          0.00    0.00      0.00      0.00     0.00     0.00   0.00   0.00    0.00    0.00   0.00     0.00     0.00   0.00   0.00
nvme0n1          0.00    0.00      0.00      0.00     0.00     0.00   0.00   0.00    0.00    0.00   0.00     0.00     0.00   0.00   0.00
cas1-1           0.00    0.00      0.00      0.00     0.00     0.00   0.00   0.00    0.00    0.00   0.00     0.00     0.00   0.00   0.00

avg-cpu:  %user   %nice %system %iowait  %steal   %idle
           0.00    0.00    0.03    2.63    0.00   97.34

Device            r/s     w/s     rMB/s     wMB/s   rrqm/s   wrqm/s  %rrqm  %wrqm r_await w_await aqu-sz rareq-sz wareq-sz  svctm  %util
nvme1n1          0.00    0.00      0.00      0.00     0.00     0.00   0.00   0.00    0.00    0.00   0.00     0.00     0.00   0.00   0.00
nvme0n1          0.00    0.00      0.00      0.00     0.00     0.00   0.00   0.00    0.00    0.00   0.00     0.00     0.00   0.00   0.00
cas1-1           0.00    0.00      0.00      0.00     0.00     0.00   0.00   0.00    0.00    0.00   0.00     0.00     0.00   0.00   0.00

avg-cpu:  %user   %nice %system %iowait  %steal   %idle
           0.13    0.00    0.28    2.50    0.00   97.09

Device            r/s     w/s     rMB/s     wMB/s   rrqm/s   wrqm/s  %rrqm  %wrqm r_await w_await aqu-sz rareq-sz wareq-sz  svctm  %util
nvme1n1          0.00    0.00      0.00      0.00     0.00     0.00   0.00   0.00    0.00    0.00   0.00     0.00     0.00   0.00   0.00
nvme0n1          0.00    0.00      0.00      0.00     0.00     0.00   0.00   0.00    0.00    0.00   0.00     0.00     0.00   0.00   0.00
cas1-1           0.00    0.00      0.00      0.00     0.00     0.00   0.00   0.00    0.00    0.00   0.00     0.00     0.00   0.00   0.00

avg-cpu:  %user   %nice %system %iowait  %steal   %idle
           0.06    0.00    0.22    2.10    0.00   97.62

Device            r/s     w/s     rMB/s     wMB/s   rrqm/s   wrqm/s  %rrqm  %wrqm r_await w_await aqu-sz rareq-sz wareq-sz  svctm  %util
nvme1n1         31.00  295.00      1.06     35.82     0.00     0.00   0.00   0.00    0.03    0.41   0.01    34.98   124.33   0.09   2.80
nvme0n1          3.00    0.00      0.01      0.00     0.00     0.00   0.00   0.00    0.00    0.00   0.00     4.00     0.00   0.67   0.20

avg-cpu:  %user   %nice %system %iowait  %steal   %idle
           0.56    0.00    0.38    1.19    0.00   97.87

Device            r/s     w/s     rMB/s     wMB/s   rrqm/s   wrqm/s  %rrqm  %wrqm r_await w_await aqu-sz rareq-sz wareq-sz  svctm  %util
nvme1n1          4.00  743.00      0.02     86.42     0.00     0.00   0.00   0.00    0.00    0.43   0.01     4.00   119.10   0.08   6.20
nvme0n1         41.00    0.00      1.03      0.00     0.00     0.00   0.00   0.00    0.12    0.00   0.00    25.66     0.00   0.32   1.30

avg-cpu:  %user   %nice %system %iowait  %steal   %idle
           0.54    0.00    3.18    1.39    0.00   94.89

Device            r/s     w/s     rMB/s     wMB/s   rrqm/s   wrqm/s  %rrqm  %wrqm r_await w_await aqu-sz rareq-sz wareq-sz  svctm  %util
nvme1n1       4643.00 8821.00    290.19    551.31     0.00     0.00   0.00   0.00    0.66    0.51   0.55    64.00    64.00   0.04  48.60
nvme0n1       7455.00 1374.00    465.94     85.88     0.00     0.00   0.00   0.00    0.23    0.05   0.34    64.00    64.00   0.06  48.60

avg-cpu:  %user   %nice %system %iowait  %steal   %idle
           0.79    0.00    5.30    0.00    0.00   93.91

Device            r/s     w/s     rMB/s     wMB/s   rrqm/s   wrqm/s  %rrqm  %wrqm r_await w_await aqu-sz rareq-sz wareq-sz  svctm  %util
nvme1n1       26731.00 7127.00   1670.69    445.44     0.00     0.00   0.00   0.00    0.48    0.51   0.00    64.00    64.00   0.03  99.90
nvme0n1       3650.00 3471.00    228.12    216.94     0.00     0.00   0.00   0.00    0.18    0.03   0.07    64.00    64.00   0.14  99.70

avg-cpu:  %user   %nice %system %iowait  %steal   %idle
           0.72    0.00    4.69    0.00    0.00   94.59

Device            r/s     w/s     rMB/s     wMB/s   rrqm/s   wrqm/s  %rrqm  %wrqm r_await w_await aqu-sz rareq-sz wareq-sz  svctm  %util
nvme1n1       31677.00 3912.00   1979.81    244.50     0.00     0.00   0.00   0.00    0.43    0.45   0.00    64.00    64.00   0.03 100.00
nvme0n1        285.00 3627.00     17.81    226.69     0.00     0.00   0.00   0.00    0.15    0.03   0.00    64.00    64.00   0.25  98.70

avg-cpu:  %user   %nice %system %iowait  %steal   %idle
           0.76    0.00    4.56    0.00    0.00   94.68

Device            r/s     w/s     rMB/s     wMB/s   rrqm/s   wrqm/s  %rrqm  %wrqm r_await w_await aqu-sz rareq-sz wareq-sz  svctm  %util
nvme1n1       32132.00 3524.00   2008.25    220.25     0.00     0.00   0.00   0.00    0.43    0.45   0.00    64.00    64.00   0.03 100.00
nvme0n1         20.00 3503.00      1.25    218.94     0.00     0.00   0.00   0.00    0.10    0.03   0.00    64.00    64.00   0.28  98.00

avg-cpu:  %user   %nice %system %iowait  %steal   %idle
           0.76    0.00    4.47    0.00    0.00   94.77

Device            r/s     w/s     rMB/s     wMB/s   rrqm/s   wrqm/s  %rrqm  %wrqm r_await w_await aqu-sz rareq-sz wareq-sz  svctm  %util
nvme1n1       32340.00 3510.00   2021.25    219.38     0.00     0.00   0.00   0.00    0.43    0.45   0.00    64.00    64.00   0.03 100.00
nvme0n1          1.00 3510.00      0.06    219.38     0.00     0.00   0.00   0.00    1.00    0.03   0.00    64.00    64.00   0.28  98.10

avg-cpu:  %user   %nice %system %iowait  %steal   %idle
           0.88    0.00    4.41    0.00    0.00   94.71

Device            r/s     w/s     rMB/s     wMB/s   rrqm/s   wrqm/s  %rrqm  %wrqm r_await w_await aqu-sz rareq-sz wareq-sz  svctm  %util
nvme1n1       32044.00 3542.00   2002.75    221.38     0.00     0.00   0.00   0.00    0.43    0.45   0.00    64.00    64.00   0.03 100.00
nvme0n1          0.00 3542.00      0.00    221.38     0.00     0.00   0.00   0.00    0.00    0.03   0.00     0.00    64.00   0.28  98.30

avg-cpu:  %user   %nice %system %iowait  %steal   %idle
           0.76    0.00    4.44    0.00    0.00   94.81

Device            r/s     w/s     rMB/s     wMB/s   rrqm/s   wrqm/s  %rrqm  %wrqm r_await w_await aqu-sz rareq-sz wareq-sz  svctm  %util
nvme1n1       32173.00 3576.00   2010.81    223.50     0.00     0.00   0.00   0.00    0.43    0.45   0.00    64.00    64.00   0.03 100.00
nvme0n1          0.00 3576.00      0.00    223.50     0.00     0.00   0.00   0.00    0.00    0.03   0.00     0.00    64.00   0.27  98.00

avg-cpu:  %user   %nice %system %iowait  %steal   %idle
           0.79    0.00    4.44    0.00    0.00   94.77

Device            r/s     w/s     rMB/s     wMB/s   rrqm/s   wrqm/s  %rrqm  %wrqm r_await w_await aqu-sz rareq-sz wareq-sz  svctm  %util
nvme1n1       32149.00 3573.00   2009.31    223.31     0.00     0.00   0.00   0.00    0.43    0.45   0.00    64.00    64.00   0.03 100.00
nvme0n1          0.00 3574.00      0.00    223.38     0.00     0.00   0.00   0.00    0.00    0.03   0.00     0.00    64.00   0.27  98.00

avg-cpu:  %user   %nice %system %iowait  %steal   %idle
           0.79    0.00    4.41    0.00    0.00   94.80

Device            r/s     w/s     rMB/s     wMB/s   rrqm/s   wrqm/s  %rrqm  %wrqm r_await w_await aqu-sz rareq-sz wareq-sz  svctm  %util
nvme1n1       32067.00 3573.00   2004.19    223.31     0.00     0.00   0.00   0.00    0.43    0.45   0.00    64.00    64.00   0.03 100.10
nvme0n1          0.00 3573.00      0.00    223.31     0.00     0.00   0.00   0.00    0.00    0.03   0.00     0.00    64.00   0.27  97.80

avg-cpu:  %user   %nice %system %iowait  %steal   %idle
           0.85    0.00    4.50    0.00    0.00   94.65

Device            r/s     w/s     rMB/s     wMB/s   rrqm/s   wrqm/s  %rrqm  %wrqm r_await w_await aqu-sz rareq-sz wareq-sz  svctm  %util
nvme1n1       32172.00 3617.00   2010.75    226.06     0.00     0.00   0.00   0.00    0.43    0.45   0.00    64.00    64.00   0.03 100.00
nvme0n1          0.00 3616.00      0.00    226.00     0.00     0.00   0.00   0.00    0.00    0.03   0.00     0.00    64.00   0.27  97.90

avg-cpu:  %user   %nice %system %iowait  %steal   %idle
           0.82    0.00    4.44    0.00    0.00   94.74

Device            r/s     w/s     rMB/s     wMB/s   rrqm/s   wrqm/s  %rrqm  %wrqm r_await w_await aqu-sz rareq-sz wareq-sz  svctm  %util
nvme1n1       31833.00 3491.00   1989.62    218.19     0.00     0.00   0.00   0.00    0.44    0.46   0.00    64.00    64.00   0.03 100.00
nvme0n1          0.00 3490.00      0.00    218.12     0.00     0.00   0.00   0.00    0.00    0.03   0.00     0.00    64.00   0.28  98.30

avg-cpu:  %user   %nice %system %iowait  %steal   %idle
           0.82    0.00    4.47    0.00    0.00   94.72

Device            r/s     w/s     rMB/s     wMB/s   rrqm/s   wrqm/s  %rrqm  %wrqm r_await w_await aqu-sz rareq-sz wareq-sz  svctm  %util
nvme1n1       32164.00 3591.00   2010.19    224.44     0.00     0.00   0.00   0.00    0.43    0.45   0.00    64.00    64.00   0.03 100.00
nvme0n1          0.00 3592.00      0.00    224.50     0.00     0.00   0.00   0.00    0.00    0.03   0.00     0.00    64.00   0.27  98.10

avg-cpu:  %user   %nice %system %iowait  %steal   %idle
           0.76    0.00    4.47    0.00    0.00   94.77

Device            r/s     w/s     rMB/s     wMB/s   rrqm/s   wrqm/s  %rrqm  %wrqm r_await w_await aqu-sz rareq-sz wareq-sz  svctm  %util
nvme1n1       31976.00 3641.00   1998.50    227.56     0.00     0.00   0.00   0.00    0.43    0.45   0.00    64.00    64.00   0.03 100.00
nvme0n1          0.00 3641.00      0.00    227.56     0.00     0.00   0.00   0.00    0.00    0.03   0.00     0.00    64.00   0.27  98.20

avg-cpu:  %user   %nice %system %iowait  %steal   %idle
           1.39    0.00    4.38    0.00    0.00   94.24

Device            r/s     w/s     rMB/s     wMB/s   rrqm/s   wrqm/s  %rrqm  %wrqm r_await w_await aqu-sz rareq-sz wareq-sz  svctm  %util
nvme1n1       31833.00 3539.00   1989.56    221.19     0.00     0.00   0.00   0.00    0.44    0.46   0.00    64.00    64.00   0.03 100.00
nvme0n1          0.00 3542.00      0.00    221.38     0.00     0.00   0.00   0.00    0.00    0.03   0.00     0.00    64.00   0.27  97.40

avg-cpu:  %user   %nice %system %iowait  %steal   %idle
           0.76    0.00    4.41    0.09    0.00   94.74

Device            r/s     w/s     rMB/s     wMB/s   rrqm/s   wrqm/s  %rrqm  %wrqm r_await w_await aqu-sz rareq-sz wareq-sz  svctm  %util
nvme1n1       32006.00 3636.00   2000.44    227.25     0.00     0.00   0.00   0.00    0.43    0.45   0.00    64.00    64.00   0.03 100.00
nvme0n1          0.00 3633.00      0.00    227.06     0.00     0.00   0.00   0.00    0.00    0.03   0.00     0.00    64.00   0.27  98.70

avg-cpu:  %user   %nice %system %iowait  %steal   %idle
           0.85    0.00    4.41    0.00    0.00   94.75

Device            r/s     w/s     rMB/s     wMB/s   rrqm/s   wrqm/s  %rrqm  %wrqm r_await w_await aqu-sz rareq-sz wareq-sz  svctm  %util
nvme1n1       31890.00 3465.00   1993.06    216.56     0.00     0.00   0.00   0.00    0.44    0.46   0.00    64.00    64.00   0.03 100.00
nvme0n1          0.00 3466.00      0.00    216.62     0.00     0.00   0.00   0.00    0.00    0.03   0.00     0.00    64.00   0.28  97.60

avg-cpu:  %user   %nice %system %iowait  %steal   %idle
           0.82    0.00    4.37    0.00    0.00   94.81

Device            r/s     w/s     rMB/s     wMB/s   rrqm/s   wrqm/s  %rrqm  %wrqm r_await w_await aqu-sz rareq-sz wareq-sz  svctm  %util
nvme1n1       31522.00 3555.00   1970.13    222.19     0.00     0.00   0.00   0.00    0.44    0.46   0.00    64.00    64.00   0.03 100.00
nvme0n1          0.00 3554.00      0.00    222.12     0.00     0.00   0.00   0.00    0.00    0.03   0.00     0.00    64.00   0.27  97.70

avg-cpu:  %user   %nice %system %iowait  %steal   %idle
           0.82    0.00    4.53    0.00    0.00   94.65

Device            r/s     w/s     rMB/s     wMB/s   rrqm/s   wrqm/s  %rrqm  %wrqm r_await w_await aqu-sz rareq-sz wareq-sz  svctm  %util
nvme1n1       31906.00 3524.00   1994.12    220.25     0.00     0.00   0.00   0.00    0.44    0.46   0.00    64.00    64.00   0.03 100.00
nvme0n1          0.00 3524.00      0.00    220.25     0.00     0.00   0.00   0.00    0.00    0.03   0.00     0.00    64.00   0.28  98.40

avg-cpu:  %user   %nice %system %iowait  %steal   %idle
           0.76    0.00    4.38    0.00    0.00   94.86

Device            r/s     w/s     rMB/s     wMB/s   rrqm/s   wrqm/s  %rrqm  %wrqm r_await w_await aqu-sz rareq-sz wareq-sz  svctm  %util
nvme1n1       31635.00 3556.00   1977.25    222.25     0.00     0.00   0.00   0.00    0.44    0.46   0.00    64.00    64.00   0.03 100.00
nvme0n1          0.00 3556.00      0.00    222.25     0.00     0.00   0.00   0.00    0.00    0.03   0.00     0.00    64.00   0.28  98.20

avg-cpu:  %user   %nice %system %iowait  %steal   %idle
           0.85    0.00    4.29    0.00    0.00   94.86

Device            r/s     w/s     rMB/s     wMB/s   rrqm/s   wrqm/s  %rrqm  %wrqm r_await w_await aqu-sz rareq-sz wareq-sz  svctm  %util
nvme1n1       31871.29 3580.20   1991.89    223.76     0.00     0.00   0.00   0.00    0.43    0.45   0.00    64.00    64.00   0.03  99.01
nvme0n1          0.00 3578.22      0.00    223.64     0.00     0.00   0.00   0.00    0.00    0.03   0.00     0.00    64.00   0.27  96.93

avg-cpu:  %user   %nice %system %iowait  %steal   %idle
           0.76    0.00    4.41    0.00    0.00   94.83

Device            r/s     w/s     rMB/s     wMB/s   rrqm/s   wrqm/s  %rrqm  %wrqm r_await w_await aqu-sz rareq-sz wareq-sz  svctm  %util
nvme1n1       31794.00 3526.00   1987.12    220.38     0.00     0.00   0.00   0.00    0.44    0.46   0.00    64.00    64.00   0.03 100.00
nvme0n1          0.00 3527.00      0.00    220.44     0.00     0.00   0.00   0.00    0.00    0.03   0.00     0.00    64.00   0.28  97.20

avg-cpu:  %user   %nice %system %iowait  %steal   %idle
           0.82    0.00    4.47    0.03    0.00   94.68

Device            r/s     w/s     rMB/s     wMB/s   rrqm/s   wrqm/s  %rrqm  %wrqm r_await w_await aqu-sz rareq-sz wareq-sz  svctm  %util
nvme1n1       31734.00 3530.00   1983.44    220.62     0.00     0.00   0.00   0.00    0.44    0.46   0.00    64.00    64.00   0.03 100.00
nvme0n1          0.00 3529.00      0.00    220.56     0.00     0.00   0.00   0.00    0.00    0.03   0.00     0.00    64.00   0.28  97.50

avg-cpu:  %user   %nice %system %iowait  %steal   %idle
           0.72    0.00    4.41    0.00    0.00   94.86

Device            r/s     w/s     rMB/s     wMB/s   rrqm/s   wrqm/s  %rrqm  %wrqm r_await w_await aqu-sz rareq-sz wareq-sz  svctm  %util
nvme1n1       32157.00 3531.00   2009.75    220.69     0.00     0.00   0.00   0.00    0.43    0.45   0.00    64.00    64.00   0.03 100.00
nvme0n1          0.00 3534.00      0.00    220.88     0.00     0.00   0.00   0.00    0.00    0.03   0.00     0.00    64.00   0.28  98.10

avg-cpu:  %user   %nice %system %iowait  %steal   %idle
           0.82    0.00    4.47    0.00    0.00   94.71

Device            r/s     w/s     rMB/s     wMB/s   rrqm/s   wrqm/s  %rrqm  %wrqm r_await w_await aqu-sz rareq-sz wareq-sz  svctm  %util
nvme1n1       31782.00 3446.00   1986.38    215.38     0.00     0.00   0.00   0.00    0.44    0.46   0.00    64.00    64.00   0.03 100.10
nvme0n1          0.00 3443.00      0.00    215.19     0.00     0.00   0.00   0.00    0.00    0.03   0.00     0.00    64.00   0.29  98.60

avg-cpu:  %user   %nice %system %iowait  %steal   %idle
           0.85    0.00    4.38    0.00    0.00   94.77

Device            r/s     w/s     rMB/s     wMB/s   rrqm/s   wrqm/s  %rrqm  %wrqm r_await w_await aqu-sz rareq-sz wareq-sz  svctm  %util
nvme1n1       32351.00 3522.00   2021.94    220.12     0.00     0.00   0.00   0.00    0.43    0.45   0.00    64.00    64.00   0.03  99.90
nvme0n1          0.00 3522.00      0.00    220.12     0.00     0.00   0.00   0.00    0.00    0.03   0.00     0.00    64.00   0.28  98.00

avg-cpu:  %user   %nice %system %iowait  %steal   %idle
           0.72    0.00    4.44    0.00    0.00   94.83

Device            r/s     w/s     rMB/s     wMB/s   rrqm/s   wrqm/s  %rrqm  %wrqm r_await w_await aqu-sz rareq-sz wareq-sz  svctm  %util
nvme1n1       31834.00 3548.00   1989.62    221.75     0.00     0.00   0.00   0.00    0.44    0.46   0.00    64.00    64.00   0.03 100.10
nvme0n1          0.00 3551.00      0.00    221.94     0.00     0.00   0.00   0.00    0.00    0.03   0.00     0.00    64.00   0.28  98.40

avg-cpu:  %user   %nice %system %iowait  %steal   %idle
           0.79    0.00    4.44    0.00    0.00   94.78

Device            r/s     w/s     rMB/s     wMB/s   rrqm/s   wrqm/s  %rrqm  %wrqm r_await w_await aqu-sz rareq-sz wareq-sz  svctm  %util
nvme1n1       31676.00 3579.00   1979.75    223.69     0.00     0.00   0.00   0.00    0.44    0.46   0.00    64.00    64.00   0.03 100.00
nvme0n1          0.00 3576.00      0.00    223.50     0.00     0.00   0.00   0.00    0.00    0.03   0.00     0.00    64.00   0.28  98.40

avg-cpu:  %user   %nice %system %iowait  %steal   %idle
           0.79    0.00    4.44    0.00    0.00   94.77

Device            r/s     w/s     rMB/s     wMB/s   rrqm/s   wrqm/s  %rrqm  %wrqm r_await w_await aqu-sz rareq-sz wareq-sz  svctm  %util
nvme1n1       32259.00 3513.00   2016.25    219.56     0.00     0.00   0.00   0.00    0.43    0.45   0.00    64.00    64.00   0.03 100.00
nvme0n1          0.00 3516.00      0.00    219.75     0.00     0.00   0.00   0.00    0.00    0.03   0.00     0.00    64.00   0.28  97.60

avg-cpu:  %user   %nice %system %iowait  %steal   %idle
           0.76    0.00    4.38    0.00    0.00   94.87

Device            r/s     w/s     rMB/s     wMB/s   rrqm/s   wrqm/s  %rrqm  %wrqm r_await w_await aqu-sz rareq-sz wareq-sz  svctm  %util
nvme1n1       30990.00 3497.00   1936.87    218.56     0.00     0.00   0.00   0.00    0.45    0.47   0.00    64.00    64.00   0.03 100.00
nvme0n1          0.00 3496.00      0.00    218.50     0.00     0.00   0.00   0.00    0.00    0.03   0.00     0.00    64.00   0.28  97.80

avg-cpu:  %user   %nice %system %iowait  %steal   %idle
           0.79    0.00    4.50    0.00    0.00   94.71

Device            r/s     w/s     rMB/s     wMB/s   rrqm/s   wrqm/s  %rrqm  %wrqm r_await w_await aqu-sz rareq-sz wareq-sz  svctm  %util
nvme1n1       32306.00 3555.00   2019.06    222.19     0.00     0.00   0.00   0.00    0.43    0.45   0.00    64.00    64.00   0.03 100.00
nvme0n1          0.00 3555.00      0.00    222.19     0.00     0.00   0.00   0.00    0.00    0.03   0.00     0.00    64.00   0.28  98.30

avg-cpu:  %user   %nice %system %iowait  %steal   %idle
           0.76    0.00    4.35    0.00    0.00   94.90

Device            r/s     w/s     rMB/s     wMB/s   rrqm/s   wrqm/s  %rrqm  %wrqm r_await w_await aqu-sz rareq-sz wareq-sz  svctm  %util
nvme1n1       31631.00 3487.00   1976.94    217.94     0.00     0.00   0.00   0.00    0.44    0.46   0.00    64.00    64.00   0.03 100.00
nvme0n1          0.00 3487.00      0.00    217.94     0.00     0.00   0.00   0.00    0.00    0.03   0.00     0.00    64.00   0.28  97.80

avg-cpu:  %user   %nice %system %iowait  %steal   %idle
           0.82    0.00    4.56    0.00    0.00   94.63

Device            r/s     w/s     rMB/s     wMB/s   rrqm/s   wrqm/s  %rrqm  %wrqm r_await w_await aqu-sz rareq-sz wareq-sz  svctm  %util
nvme1n1       31819.00 3460.00   1988.69    216.25     0.00     0.00   0.00   0.00    0.44    0.46   0.00    64.00    64.00   0.03 100.00
nvme0n1          0.00 3459.00      0.00    216.19     0.00     0.00   0.00   0.00    0.00    0.03   0.00     0.00    64.00   0.28  97.20

avg-cpu:  %user   %nice %system %iowait  %steal   %idle
           0.76    0.00    4.47    0.00    0.00   94.77

Device            r/s     w/s     rMB/s     wMB/s   rrqm/s   wrqm/s  %rrqm  %wrqm r_await w_await aqu-sz rareq-sz wareq-sz  svctm  %util
nvme1n1       32315.00 3577.00   2019.69    223.56     0.00     0.00   0.00   0.00    0.43    0.45   0.00    64.00    64.00   0.03 100.00
nvme0n1          0.00 3576.00      0.00    223.50     0.00     0.00   0.00   0.00    0.00    0.03   0.00     0.00    64.00   0.27  97.90

avg-cpu:  %user   %nice %system %iowait  %steal   %idle
           0.82    0.00    4.44    0.00    0.00   94.75

Device            r/s     w/s     rMB/s     wMB/s   rrqm/s   wrqm/s  %rrqm  %wrqm r_await w_await aqu-sz rareq-sz wareq-sz  svctm  %util
nvme1n1       31484.00 3568.00   1967.75    223.00     0.00     0.00   0.00   0.00    0.44    0.46   0.00    64.00    64.00   0.03 100.00
nvme0n1          0.00 3570.00      0.00    223.13     0.00     0.00   0.00   0.00    0.00    0.03   0.00     0.00    64.00   0.28  98.30

avg-cpu:  %user   %nice %system %iowait  %steal   %idle
           0.79    0.00    4.44    0.00    0.00   94.77

Device            r/s     w/s     rMB/s     wMB/s   rrqm/s   wrqm/s  %rrqm  %wrqm r_await w_await aqu-sz rareq-sz wareq-sz  svctm  %util
nvme1n1       31907.00 3564.00   1994.19    222.75     0.00     0.00   0.00   0.00    0.43    0.45   0.00    64.00    64.00   0.03 100.20
nvme0n1          0.00 3562.00      0.00    222.62     0.00     0.00   0.00   0.00    0.00    0.03   0.00     0.00    64.00   0.28  98.60

avg-cpu:  %user   %nice %system %iowait  %steal   %idle
           0.79    0.00    4.50    0.00    0.00   94.71

Device            r/s     w/s     rMB/s     wMB/s   rrqm/s   wrqm/s  %rrqm  %wrqm r_await w_await aqu-sz rareq-sz wareq-sz  svctm  %util
nvme1n1       32132.00 3618.00   2008.25    226.12     0.00     0.00   0.00   0.00    0.43    0.45   0.00    64.00    64.00   0.03 100.00
nvme0n1          0.00 3618.00      0.00    226.12     0.00     0.00   0.00   0.00    0.00    0.03   0.00     0.00    64.00   0.27  98.70

avg-cpu:  %user   %nice %system %iowait  %steal   %idle
           0.82    0.00    4.44    0.00    0.00   94.75

Device            r/s     w/s     rMB/s     wMB/s   rrqm/s   wrqm/s  %rrqm  %wrqm r_await w_await aqu-sz rareq-sz wareq-sz  svctm  %util
nvme1n1       32056.00 3582.00   2003.50    223.88     0.00     0.00   0.00   0.00    0.43    0.45   0.00    64.00    64.00   0.03 100.00
nvme0n1          0.00 3583.00      0.00    223.94     0.00     0.00   0.00   0.00    0.00    0.03   0.00     0.00    64.00   0.27  97.90

avg-cpu:  %user   %nice %system %iowait  %steal   %idle
           0.82    0.00    4.38    0.00    0.00   94.80

Device            r/s     w/s     rMB/s     wMB/s   rrqm/s   wrqm/s  %rrqm  %wrqm r_await w_await aqu-sz rareq-sz wareq-sz  svctm  %util
nvme1n1       32311.00 3533.00   2019.44    220.81     0.00     0.00   0.00   0.00    0.43    0.45   0.00    64.00    64.00   0.03 100.10
nvme0n1          0.00 3533.00      0.00    220.81     0.00     0.00   0.00   0.00    0.00    0.03   0.00     0.00    64.00   0.28  97.90

avg-cpu:  %user   %nice %system %iowait  %steal   %idle
           0.79    0.00    4.44    0.00    0.00   94.77

Device            r/s     w/s     rMB/s     wMB/s   rrqm/s   wrqm/s  %rrqm  %wrqm r_await w_await aqu-sz rareq-sz wareq-sz  svctm  %util
nvme1n1       32085.00 3617.00   2005.31    226.06     0.00     0.00   0.00   0.00    0.43    0.45   0.00    64.00    64.00   0.03 100.00
nvme0n1          0.00 3618.00      0.00    226.12     0.00     0.00   0.00   0.00    0.00    0.03   0.00     0.00    64.00   0.27  98.80

avg-cpu:  %user   %nice %system %iowait  %steal   %idle
           0.79    0.00    4.47    0.00    0.00   94.75

Device            r/s     w/s     rMB/s     wMB/s   rrqm/s   wrqm/s  %rrqm  %wrqm r_await w_await aqu-sz rareq-sz wareq-sz  svctm  %util
nvme1n1       32104.00 3585.00   2006.50    224.06     0.00     0.00   0.00   0.00    0.43    0.45   0.00    64.00    64.00   0.03 100.00
nvme0n1          0.00 3585.00      0.00    224.06     0.00     0.00   0.00   0.00    0.00    0.03   0.00     0.00    64.00   0.27  97.80

avg-cpu:  %user   %nice %system %iowait  %steal   %idle
           0.72    0.00    4.47    0.00    0.00   94.80

Device            r/s     w/s     rMB/s     wMB/s   rrqm/s   wrqm/s  %rrqm  %wrqm r_await w_await aqu-sz rareq-sz wareq-sz  svctm  %util
nvme1n1       32274.00 3588.00   2017.12    224.25     0.00     0.00   0.00   0.00    0.43    0.45   0.00    64.00    64.00   0.03 100.00
nvme0n1          0.00 3587.00      0.00    224.19     0.00     0.00   0.00   0.00    0.00    0.03   0.00     0.00    64.00   0.27  98.30

avg-cpu:  %user   %nice %system %iowait  %steal   %idle
           0.79    0.00    4.47    0.00    0.00   94.74

Device            r/s     w/s     rMB/s     wMB/s   rrqm/s   wrqm/s  %rrqm  %wrqm r_await w_await aqu-sz rareq-sz wareq-sz  svctm  %util
nvme1n1       32212.00 3613.00   2013.25    225.81     0.00     0.00   0.00   0.00    0.43    0.45   0.00    64.00    64.00   0.03 100.00
nvme0n1          0.00 3615.00      0.00    225.94     0.00     0.00   0.00   0.00    0.00    0.03   0.00     0.00    64.00   0.27  98.30

avg-cpu:  %user   %nice %system %iowait  %steal   %idle
           0.72    0.00    4.59    0.00    0.00   94.68

Device            r/s     w/s     rMB/s     wMB/s   rrqm/s   wrqm/s  %rrqm  %wrqm r_await w_await aqu-sz rareq-sz wareq-sz  svctm  %util
nvme1n1       32256.00 3588.00   2016.00    224.25     0.00     0.00   0.00   0.00    0.43    0.45   0.00    64.00    64.00   0.03 100.00
nvme0n1          0.00 3587.00      0.00    224.19     0.00     0.00   0.00   0.00    0.00    0.03   0.00     0.00    64.00   0.27  98.60

avg-cpu:  %user   %nice %system %iowait  %steal   %idle
           0.88    0.00    4.31    0.00    0.00   94.81

Device            r/s     w/s     rMB/s     wMB/s   rrqm/s   wrqm/s  %rrqm  %wrqm r_await w_await aqu-sz rareq-sz wareq-sz  svctm  %util
nvme1n1       31891.00 3548.00   1993.19    221.75     0.00     0.00   0.00   0.00    0.44    0.46   0.00    64.00    64.00   0.03 100.00
nvme0n1          0.00 3547.00      0.00    221.69     0.00     0.00   0.00   0.00    0.00    0.03   0.00     0.00    64.00   0.28  98.40

avg-cpu:  %user   %nice %system %iowait  %steal   %idle
           0.82    0.00    4.35    0.00    0.00   94.84

Device            r/s     w/s     rMB/s     wMB/s   rrqm/s   wrqm/s  %rrqm  %wrqm r_await w_await aqu-sz rareq-sz wareq-sz  svctm  %util
nvme1n1       31508.00 3463.00   1969.25    216.44     0.00     0.00   0.00   0.00    0.44    0.46   0.00    64.00    64.00   0.03 100.00
nvme0n1          0.00 3463.00      0.00    216.44     0.00     0.00   0.00   0.00    0.00    0.03   0.00     0.00    64.00   0.28  98.00

avg-cpu:  %user   %nice %system %iowait  %steal   %idle
           0.82    0.00    4.47    0.00    0.00   94.71

Device            r/s     w/s     rMB/s     wMB/s   rrqm/s   wrqm/s  %rrqm  %wrqm r_await w_await aqu-sz rareq-sz wareq-sz  svctm  %util
nvme1n1       31782.00 3567.00   1986.38    222.94     0.00     0.00   0.00   0.00    0.44    0.46   0.00    64.00    64.00   0.03 100.00
nvme0n1          0.00 3568.00      0.00    223.00     0.00     0.00   0.00   0.00    0.00    0.03   0.00     0.00    64.00   0.28  98.50

avg-cpu:  %user   %nice %system %iowait  %steal   %idle
           0.82    0.00    4.50    0.00    0.00   94.68

Device            r/s     w/s     rMB/s     wMB/s   rrqm/s   wrqm/s  %rrqm  %wrqm r_await w_await aqu-sz rareq-sz wareq-sz  svctm  %util
nvme1n1       32099.00 3603.00   2006.19    225.19     0.00     0.00   0.00   0.00    0.43    0.45   0.00    64.00    64.00   0.03 100.00
nvme0n1          0.00 3603.00      0.00    225.19     0.00     0.00   0.00   0.00    0.00    0.03   0.00     0.00    64.00   0.27  98.10

avg-cpu:  %user   %nice %system %iowait  %steal   %idle
           0.82    0.00    4.41    0.00    0.00   94.77

Device            r/s     w/s     rMB/s     wMB/s   rrqm/s   wrqm/s  %rrqm  %wrqm r_await w_await aqu-sz rareq-sz wareq-sz  svctm  %util
nvme1n1       32201.00 3569.00   2012.56    223.06     0.00     0.00   0.00   0.00    0.43    0.45   0.00    64.00    64.00   0.03 100.00
nvme0n1          0.00 3568.00      0.00    223.00     0.00     0.00   0.00   0.00    0.00    0.03   0.00     0.00    64.00   0.27  98.10

avg-cpu:  %user   %nice %system %iowait  %steal   %idle
           0.72    0.00    4.56    0.00    0.00   94.71

Device            r/s     w/s     rMB/s     wMB/s   rrqm/s   wrqm/s  %rrqm  %wrqm r_await w_await aqu-sz rareq-sz wareq-sz  svctm  %util
nvme1n1       32356.00 3464.00   2022.25    216.50     0.00     0.00   0.00   0.00    0.43    0.45   0.00    64.00    64.00   0.03 100.00
nvme0n1          0.00 3464.00      0.00    216.50     0.00     0.00   0.00   0.00    0.00    0.03   0.00     0.00    64.00   0.28  98.30

avg-cpu:  %user   %nice %system %iowait  %steal   %idle
           0.82    0.00    4.35    0.00    0.00   94.83

Device            r/s     w/s     rMB/s     wMB/s   rrqm/s   wrqm/s  %rrqm  %wrqm r_await w_await aqu-sz rareq-sz wareq-sz  svctm  %util
nvme1n1       31970.00 3546.00   1998.12    221.62     0.00     0.00   0.00   0.00    0.43    0.46   0.00    64.00    64.00   0.03 100.00
nvme0n1          0.00 3548.00      0.00    221.75     0.00     0.00   0.00   0.00    0.00    0.03   0.00     0.00    64.00   0.28  97.90

avg-cpu:  %user   %nice %system %iowait  %steal   %idle
           0.72    0.00    4.53    0.00    0.00   94.75

Device            r/s     w/s     rMB/s     wMB/s   rrqm/s   wrqm/s  %rrqm  %wrqm r_await w_await aqu-sz rareq-sz wareq-sz  svctm  %util
nvme1n1       32041.00 3539.00   2002.56    221.19     0.00     0.00   0.00   0.00    0.43    0.45   0.00    64.00    64.00   0.03 100.00
nvme0n1          0.00 3538.00      0.00    221.13     0.00     0.00   0.00   0.00    0.00    0.03   0.00     0.00    64.00   0.28  97.60

avg-cpu:  %user   %nice %system %iowait  %steal   %idle
           0.79    0.00    4.38    0.00    0.00   94.83

Device            r/s     w/s     rMB/s     wMB/s   rrqm/s   wrqm/s  %rrqm  %wrqm r_await w_await aqu-sz rareq-sz wareq-sz  svctm  %util
nvme1n1       32393.00 3490.00   2024.56    218.12     0.00     0.00   0.00   0.00    0.43    0.45   0.00    64.00    64.00   0.03 100.00
nvme0n1          0.00 3489.00      0.00    218.06     0.00     0.00   0.00   0.00    0.00    0.03   0.00     0.00    64.00   0.28  98.10

avg-cpu:  %user   %nice %system %iowait  %steal   %idle
           0.82    0.00    4.47    0.00    0.00   94.71

Device            r/s     w/s     rMB/s     wMB/s   rrqm/s   wrqm/s  %rrqm  %wrqm r_await w_await aqu-sz rareq-sz wareq-sz  svctm  %util
nvme1n1       31754.00 3643.00   1984.63    227.69     0.00     0.00   0.00   0.00    0.44    0.46   0.00    64.00    64.00   0.03 100.00
nvme0n1          0.00 3644.00      0.00    227.75     0.00     0.00   0.00   0.00    0.00    0.03   0.00     0.00    64.00   0.27  98.80

avg-cpu:  %user   %nice %system %iowait  %steal   %idle
           0.82    0.00    4.47    0.00    0.00   94.71

Device            r/s     w/s     rMB/s     wMB/s   rrqm/s   wrqm/s  %rrqm  %wrqm r_await w_await aqu-sz rareq-sz wareq-sz  svctm  %util
nvme1n1       32060.00 3603.00   2003.75    225.19     0.00     0.00   0.00   0.00    0.43    0.45   0.00    64.00    64.00   0.03 100.00
nvme0n1          0.00 3603.00      0.00    225.19     0.00     0.00   0.00   0.00    0.00    0.03   0.00     0.00    64.00   0.27  98.30

avg-cpu:  %user   %nice %system %iowait  %steal   %idle
           0.82    0.00    4.41    0.00    0.00   94.77

Device            r/s     w/s     rMB/s     wMB/s   rrqm/s   wrqm/s  %rrqm  %wrqm r_await w_await aqu-sz rareq-sz wareq-sz  svctm  %util
nvme1n1       32410.00 3518.00   2025.63    219.88     0.00     0.00   0.00   0.00    0.43    0.45   0.00    64.00    64.00   0.03 100.00
nvme0n1          0.00 3517.00      0.00    219.81     0.00     0.00   0.00   0.00    0.00    0.03   0.00     0.00    64.00   0.28  98.00

avg-cpu:  %user   %nice %system %iowait  %steal   %idle
           0.82    0.00    4.35    0.00    0.00   94.83

Device            r/s     w/s     rMB/s     wMB/s   rrqm/s   wrqm/s  %rrqm  %wrqm r_await w_await aqu-sz rareq-sz wareq-sz  svctm  %util
nvme1n1       32381.00 3510.00   2023.81    219.38     0.00     0.00   0.00   0.00    0.43    0.45   0.00    64.00    64.00   0.03 100.10
nvme0n1          0.00 3510.00      0.00    219.38     0.00     0.00   0.00   0.00    0.00    0.03   0.00     0.00    64.00   0.28  97.50

avg-cpu:  %user   %nice %system %iowait  %steal   %idle
           0.76    0.00    4.12    0.06    0.00   95.06

Device            r/s     w/s     rMB/s     wMB/s   rrqm/s   wrqm/s  %rrqm  %wrqm r_await w_await aqu-sz rareq-sz wareq-sz  svctm  %util
nvme1n1       29328.00 3243.00   1831.04    202.69     0.00     0.00   0.00   0.00    0.43    0.45   0.00    63.93    64.00   0.03  91.20
nvme0n1          0.00 3242.00      0.00    202.62     0.00     0.00   0.00   0.00    0.00    0.03   0.00     0.00    64.00   0.28  89.30

