Linux 5.4.1-050401-lowlatency (kanwu-Super-Server) 	09/11/2020 	_x86_64_	(32 CPU)

avg-cpu:  %user   %nice %system %iowait  %steal   %idle
           0.07    0.00    0.26    0.07    0.00   99.61

Device            r/s     w/s     rMB/s     wMB/s   rrqm/s   wrqm/s  %rrqm  %wrqm r_await w_await aqu-sz rareq-sz wareq-sz  svctm  %util
nvme1n1       1005.95  337.61     62.87     20.82     0.00     0.00   0.00   0.00    0.34    0.41   0.00    64.00    63.14   0.03   4.03
nvme0n1        223.04  236.38     13.94     14.77     0.00     0.00   0.00   0.00    0.26    0.05   0.01    63.99    63.99   0.06   2.70
cas1-1          16.82    1.88      1.05      0.12     0.00     0.00   0.00   0.00    0.05    0.07   0.00    64.00    64.00   0.02   0.04

avg-cpu:  %user   %nice %system %iowait  %steal   %idle
           0.16    0.00    0.88    1.82    0.00   97.15

Device            r/s     w/s     rMB/s     wMB/s   rrqm/s   wrqm/s  %rrqm  %wrqm r_await w_await aqu-sz rareq-sz wareq-sz  svctm  %util
nvme1n1         75.00    0.00      1.16      0.00     0.00     0.00   0.00   0.00    0.03    0.00   0.00    15.84     0.00   0.09   0.70
nvme0n1          0.00    0.00      0.00      0.00     0.00     0.00   0.00   0.00    0.00    0.00   0.00     0.00     0.00   0.00   0.00
cas1-1        18446744073708122112.00 18446744073709391872.00 9007199254651605.00 9007199254731022.00     0.00     0.00   0.00   0.00    0.00    0.00 4294966.19     0.50     0.50   0.00 429493169.10

avg-cpu:  %user   %nice %system %iowait  %steal   %idle
           0.34    0.00    0.25    4.66    0.00   94.75

Device            r/s     w/s     rMB/s     wMB/s   rrqm/s   wrqm/s  %rrqm  %wrqm r_await w_await aqu-sz rareq-sz wareq-sz  svctm  %util
nvme1n1         21.00    0.00      0.95      0.00     0.00     0.00   0.00   0.00    0.05    0.00   0.00    46.29     0.00   0.19   0.40
nvme0n1          0.00    0.00      0.00      0.00     0.00     0.00   0.00   0.00    0.00    0.00   0.00     0.00     0.00   0.00   0.00
cas1-1          20.00    0.00      0.94      0.00     0.00     0.00   0.00   0.00    0.20    0.00   0.00    48.20     0.00   0.15   0.30

avg-cpu:  %user   %nice %system %iowait  %steal   %idle
           0.31    0.00    0.06    4.19    0.00   95.43

Device            r/s     w/s     rMB/s     wMB/s   rrqm/s   wrqm/s  %rrqm  %wrqm r_await w_await aqu-sz rareq-sz wareq-sz  svctm  %util
nvme1n1          0.00    0.00      0.00      0.00     0.00     0.00   0.00   0.00    0.00    0.00   0.00     0.00     0.00   0.00   0.00
nvme0n1          0.00    0.00      0.00      0.00     0.00     0.00   0.00   0.00    0.00    0.00   0.00     0.00     0.00   0.00   0.00
cas1-1           0.00    0.00      0.00      0.00     0.00     0.00   0.00   0.00    0.00    0.00   0.00     0.00     0.00   0.00   0.00

avg-cpu:  %user   %nice %system %iowait  %steal   %idle
           1.10    0.00   25.22    5.98    0.00   67.70

Device            r/s     w/s     rMB/s     wMB/s   rrqm/s   wrqm/s  %rrqm  %wrqm r_await w_await aqu-sz rareq-sz wareq-sz  svctm  %util
nvme1n1       8992.00 7333.00    562.00    458.31     0.00     0.00   0.00   0.00    0.12    0.07   0.00    64.00    64.00   0.06  94.30
nvme0n1          0.00    0.00      0.00      0.00     0.00     0.00   0.00   0.00    0.00    0.00   0.00     0.00     0.00   0.00   0.00
cas1-1        66238.00 7336.00   4139.88    458.50     0.00     0.00   0.00   0.00    0.10    0.10   0.09    64.00    64.00   0.01  94.40

avg-cpu:  %user   %nice %system %iowait  %steal   %idle
           0.94    0.00   27.19    3.44    0.00   68.43

Device            r/s     w/s     rMB/s     wMB/s   rrqm/s   wrqm/s  %rrqm  %wrqm r_await w_await aqu-sz rareq-sz wareq-sz  svctm  %util
nvme1n1       3079.00 10760.00    192.44    672.50     0.00     0.00   0.00   0.00    0.06    0.06   0.00    64.00    64.00   0.07  99.90
nvme0n1          0.00    0.00      0.00      0.00     0.00     0.00   0.00   0.00    0.00    0.00   0.00     0.00     0.00   0.00   0.00
cas1-1        98111.00 10761.00   6131.94    672.56     0.00     0.00   0.00   0.00    0.07    0.07   0.00    64.00    64.00   0.01 100.00

avg-cpu:  %user   %nice %system %iowait  %steal   %idle
           0.94    0.00   27.24    2.32    0.00   69.51

Device            r/s     w/s     rMB/s     wMB/s   rrqm/s   wrqm/s  %rrqm  %wrqm r_await w_await aqu-sz rareq-sz wareq-sz  svctm  %util
nvme1n1       9554.00 11444.00    597.12    715.25     0.00     0.00   0.00   0.00    0.07    0.07   0.00    64.00    64.00   0.05 100.10
nvme0n1          0.00    0.00      0.00      0.00     0.00     0.00   0.00   0.00    0.00    0.00   0.00     0.00     0.00   0.00   0.00
cas1-1        104110.00 11444.00   6506.87    715.25     0.00     0.00   0.00   0.00    0.07    0.09   0.00    64.00    64.00   0.01 100.00

avg-cpu:  %user   %nice %system %iowait  %steal   %idle
           1.03    0.00   26.80    0.13    0.00   72.04

Device            r/s     w/s     rMB/s     wMB/s   rrqm/s   wrqm/s  %rrqm  %wrqm r_await w_await aqu-sz rareq-sz wareq-sz  svctm  %util
nvme1n1       15128.00 12081.00    945.50    755.06     0.00     0.00   0.00   0.00    0.10    0.10   0.00    64.00    64.00   0.04 100.00
nvme0n1          0.00    0.00      0.00      0.00     0.00     0.00   0.00   0.00    0.00    0.00   0.00     0.00     0.00   0.00   0.00
cas1-1        107726.00 12078.00   6732.88    754.88     0.00     0.00   0.00   0.00    0.07    0.12   0.00    64.00    64.00   0.01 100.00

avg-cpu:  %user   %nice %system %iowait  %steal   %idle
           1.03    0.00   26.30    2.16    0.00   70.50

Device            r/s     w/s     rMB/s     wMB/s   rrqm/s   wrqm/s  %rrqm  %wrqm r_await w_await aqu-sz rareq-sz wareq-sz  svctm  %util
nvme1n1       17620.00 12054.00   1101.25    753.38     0.00     0.00   0.00   0.00    0.12    0.12   0.00    64.00    64.00   0.03 100.00
nvme0n1          0.00    0.00      0.00      0.00     0.00     0.00   0.00   0.00    0.00    0.00   0.00     0.00     0.00   0.00   0.00
cas1-1        108919.00 12055.00   6807.44    753.44     0.00     0.00   0.00   0.00    0.08    0.14   0.00    64.00    64.00   0.01 100.00

avg-cpu:  %user   %nice %system %iowait  %steal   %idle
           1.07    0.00   25.62    3.10    0.00   70.21

Device            r/s     w/s     rMB/s     wMB/s   rrqm/s   wrqm/s  %rrqm  %wrqm r_await w_await aqu-sz rareq-sz wareq-sz  svctm  %util
nvme1n1       19982.00 11976.00   1248.88    748.50     0.00     0.00   0.00   0.00    0.15    0.15   0.00    64.00    64.00   0.03 100.00
nvme0n1          0.00    0.00      0.00      0.00     0.00     0.00   0.00   0.00    0.00    0.00   0.00     0.00     0.00   0.00   0.00
cas1-1        108517.00 11977.00   6782.31    748.56     0.00     0.00   0.00   0.00    0.08    0.16   0.00    64.00    64.00   0.01 100.00

avg-cpu:  %user   %nice %system %iowait  %steal   %idle
           1.04    0.00   25.06    3.65    0.00   70.25

Device            r/s     w/s     rMB/s     wMB/s   rrqm/s   wrqm/s  %rrqm  %wrqm r_await w_await aqu-sz rareq-sz wareq-sz  svctm  %util
nvme1n1       21342.00 11860.00   1333.88    741.25     0.00     0.00   0.00   0.00    0.16    0.16   0.00    64.00    64.00   0.03 100.00
nvme0n1          0.00    0.00      0.00      0.00     0.00     0.00   0.00   0.00    0.00    0.00   0.00     0.00     0.00   0.00   0.00
cas1-1        108499.00 11859.00   6781.25    741.19     0.00     0.00   0.00   0.00    0.08    0.18   0.00    64.00    64.00   0.01 100.00

avg-cpu:  %user   %nice %system %iowait  %steal   %idle
           1.10    0.00   26.43    2.57    0.00   69.91

Device            r/s     w/s     rMB/s     wMB/s   rrqm/s   wrqm/s  %rrqm  %wrqm r_await w_await aqu-sz rareq-sz wareq-sz  svctm  %util
nvme1n1       16587.00 12045.00   1036.69    752.81     0.00     0.00   0.00   0.00    0.11    0.11   0.00    64.00    64.00   0.03 100.00
nvme0n1          0.00    0.00      0.00      0.00     0.00     0.00   0.00   0.00    0.00    0.00   0.00     0.00     0.00   0.00   0.00
cas1-1        109199.00 12046.00   6824.88    752.88     0.00     0.00   0.00   0.00    0.08    0.13   0.00    64.00    64.00   0.01 100.00

avg-cpu:  %user   %nice %system %iowait  %steal   %idle
           1.03    0.00   26.42    3.29    0.00   69.26

Device            r/s     w/s     rMB/s     wMB/s   rrqm/s   wrqm/s  %rrqm  %wrqm r_await w_await aqu-sz rareq-sz wareq-sz  svctm  %util
nvme1n1       17522.00 12305.00   1095.12    769.06     0.00     0.00   0.00   0.00    0.12    0.12   0.00    64.00    64.00   0.03 100.00
nvme0n1          0.00    0.00      0.00      0.00     0.00     0.00   0.00   0.00    0.00    0.00   0.00     0.00     0.00   0.00   0.00
cas1-1        109140.00 12304.00   6821.25    769.00     0.00     0.00   0.00   0.00    0.08    0.14   0.00    64.00    64.00   0.01 100.00

avg-cpu:  %user   %nice %system %iowait  %steal   %idle
           1.03    0.00   26.30    1.16    0.00   71.50

Device            r/s     w/s     rMB/s     wMB/s   rrqm/s   wrqm/s  %rrqm  %wrqm r_await w_await aqu-sz rareq-sz wareq-sz  svctm  %util
nvme1n1       17735.00 12016.00   1108.44    751.00     0.00     0.00   0.00   0.00    0.12    0.12   0.00    64.00    64.00   0.03 100.00
nvme0n1          0.00    0.00      0.00      0.00     0.00     0.00   0.00   0.00    0.00    0.00   0.00     0.00     0.00   0.00   0.00
cas1-1        109870.00 12020.00   6866.88    751.25     0.00     0.00   0.00   0.00    0.08    0.14   0.00    64.00    64.00   0.01 100.00

avg-cpu:  %user   %nice %system %iowait  %steal   %idle
           1.07    0.00   25.67    1.50    0.00   71.76

Device            r/s     w/s     rMB/s     wMB/s   rrqm/s   wrqm/s  %rrqm  %wrqm r_await w_await aqu-sz rareq-sz wareq-sz  svctm  %util
nvme1n1       19343.00 12157.00   1208.94    759.81     0.00     0.00   0.00   0.00    0.14    0.14   0.00    64.00    64.00   0.03 100.00
nvme0n1          0.00    0.00      0.00      0.00     0.00     0.00   0.00   0.00    0.00    0.00   0.00     0.00     0.00   0.00   0.00
cas1-1        108213.00 12154.00   6763.31    759.62     0.00     0.00   0.00   0.00    0.08    0.16   0.00    64.00    64.00   0.01 100.00

avg-cpu:  %user   %nice %system %iowait  %steal   %idle
           1.00    0.00   26.44    1.53    0.00   71.03

Device            r/s     w/s     rMB/s     wMB/s   rrqm/s   wrqm/s  %rrqm  %wrqm r_await w_await aqu-sz rareq-sz wareq-sz  svctm  %util
nvme1n1       17896.00 12293.00   1118.50    768.31     0.00     0.00   0.00   0.00    0.12    0.12   0.00    64.00    64.00   0.03 100.00
nvme0n1          0.00    0.00      0.00      0.00     0.00     0.00   0.00   0.00    0.00    0.00   0.00     0.00     0.00   0.00   0.00
cas1-1        109459.00 12293.00   6841.19    768.31     0.00     0.00   0.00   0.00    0.08    0.14   0.00    64.00    64.00   0.01 100.00

avg-cpu:  %user   %nice %system %iowait  %steal   %idle
           1.00    0.00   25.87    1.73    0.00   71.40

Device            r/s     w/s     rMB/s     wMB/s   rrqm/s   wrqm/s  %rrqm  %wrqm r_await w_await aqu-sz rareq-sz wareq-sz  svctm  %util
nvme1n1       19707.00 12104.00   1231.75    756.50     0.00     0.00   0.00   0.00    0.14    0.14   0.00    64.00    64.00   0.03 100.20
nvme0n1          0.00    0.00      0.00      0.00     0.00     0.00   0.00   0.00    0.00    0.00   0.00     0.00     0.00   0.00   0.00
cas1-1        109731.00 12104.00   6858.19    756.50     0.00     0.00   0.00   0.00    0.08    0.15   0.00    64.00    64.00   0.01 100.00

avg-cpu:  %user   %nice %system %iowait  %steal   %idle
           1.00    0.00   24.96    1.66    0.00   72.37

Device            r/s     w/s     rMB/s     wMB/s   rrqm/s   wrqm/s  %rrqm  %wrqm r_await w_await aqu-sz rareq-sz wareq-sz  svctm  %util
nvme1n1       21396.00 11991.00   1337.19    749.44     0.00     0.00   0.00   0.00    0.16    0.17   0.00    64.00    64.00   0.03 100.00
nvme0n1          0.00    0.00      0.00      0.00     0.00     0.00   0.00   0.00    0.00    0.00   0.00     0.00     0.00   0.00   0.00
cas1-1        107642.00 11989.00   6727.62    749.31     0.00     0.00   0.00   0.00    0.09    0.18   0.00    64.00    64.00   0.01 100.00

avg-cpu:  %user   %nice %system %iowait  %steal   %idle
           0.94    0.00   26.33    1.66    0.00   71.07

Device            r/s     w/s     rMB/s     wMB/s   rrqm/s   wrqm/s  %rrqm  %wrqm r_await w_await aqu-sz rareq-sz wareq-sz  svctm  %util
nvme1n1       18485.00 12080.00   1155.31    755.00     0.00     0.00   0.00   0.00    0.13    0.13   0.00    64.00    64.00   0.03 100.00
nvme0n1          0.00    0.00      0.00      0.00     0.00     0.00   0.00   0.00    0.00    0.00   0.00     0.00     0.00   0.00   0.00
cas1-1        109212.00 12086.00   6825.75    755.38     0.00     0.00   0.00   0.00    0.08    0.14   0.00    64.00    64.00   0.01 100.10

avg-cpu:  %user   %nice %system %iowait  %steal   %idle
           0.91    0.00   26.35    1.28    0.00   71.46

Device            r/s     w/s     rMB/s     wMB/s   rrqm/s   wrqm/s  %rrqm  %wrqm r_await w_await aqu-sz rareq-sz wareq-sz  svctm  %util
nvme1n1       18145.00 11945.00   1134.06    746.56     0.00     0.00   0.00   0.00    0.12    0.12   0.00    64.00    64.00   0.03 100.00
nvme0n1          0.00    0.00      0.00      0.00     0.00     0.00   0.00   0.00    0.00    0.00   0.00     0.00     0.00   0.00   0.00
cas1-1        109016.00 11942.00   6813.50    746.38     0.00     0.00   0.00   0.00    0.08    0.14   0.00    64.00    64.00   0.01  99.90

avg-cpu:  %user   %nice %system %iowait  %steal   %idle
           0.94    0.00   26.56    1.35    0.00   71.15

Device            r/s     w/s     rMB/s     wMB/s   rrqm/s   wrqm/s  %rrqm  %wrqm r_await w_await aqu-sz rareq-sz wareq-sz  svctm  %util
nvme1n1       18115.00 11958.00   1132.19    747.38     0.00     0.00   0.00   0.00    0.12    0.12   0.00    64.00    64.00   0.03 100.00
nvme0n1          0.00    0.00      0.00      0.00     0.00     0.00   0.00   0.00    0.00    0.00   0.00     0.00     0.00   0.00   0.00
cas1-1        109694.00 11959.00   6855.88    747.44     0.00     0.00   0.00   0.00    0.08    0.13   0.00    64.00    64.00   0.01 100.10

