Linux 5.4.1-050401-lowlatency (kanwu-Super-Server) 	09/10/2020 	_x86_64_	(32 CPU)

avg-cpu:  %user   %nice %system %iowait  %steal   %idle
           0.05    0.00    0.11    0.05    0.00   99.80

Device            r/s     w/s     rMB/s     wMB/s   rrqm/s   wrqm/s  %rrqm  %wrqm r_await w_await aqu-sz rareq-sz wareq-sz  svctm  %util
nvme1n1        540.15  111.30     33.76      6.78     0.00     0.00   0.00   0.00    0.27    0.35   0.00    64.00    62.37   0.03   1.85
nvme0n1        136.58   61.12      8.54      3.82     0.00     0.00   0.00   0.00    0.22    0.07   0.00    63.99    63.97   0.06   1.09
cas1-1          13.42   13.40      0.84      0.84     0.00     0.00   0.00   0.00    0.30    0.12   0.00    64.00    64.00   0.01   0.04

avg-cpu:  %user   %nice %system %iowait  %steal   %idle
           0.03    0.00    0.03    0.56    0.00   99.37

Device            r/s     w/s     rMB/s     wMB/s   rrqm/s   wrqm/s  %rrqm  %wrqm r_await w_await aqu-sz rareq-sz wareq-sz  svctm  %util
nvme1n1          0.00    0.00      0.00      0.00     0.00     0.00   0.00   0.00    0.00    0.00   0.00     0.00     0.00   0.00   0.00
nvme0n1          0.00    0.00      0.00      0.00     0.00     0.00   0.00   0.00    0.00    0.00   0.00     0.00     0.00   0.00   0.00
cas1-1           0.00    0.00      0.00      0.00     0.00     0.00   0.00   0.00    0.00    0.00   0.00     0.00     0.00   0.00   0.00

avg-cpu:  %user   %nice %system %iowait  %steal   %idle
           0.00    0.00    0.03    0.59    0.00   99.37

Device            r/s     w/s     rMB/s     wMB/s   rrqm/s   wrqm/s  %rrqm  %wrqm r_await w_await aqu-sz rareq-sz wareq-sz  svctm  %util
nvme1n1          0.00    0.00      0.00      0.00     0.00     0.00   0.00   0.00    0.00    0.00   0.00     0.00     0.00   0.00   0.00
nvme0n1          0.00    0.00      0.00      0.00     0.00     0.00   0.00   0.00    0.00    0.00   0.00     0.00     0.00   0.00   0.00
cas1-1           0.00    0.00      0.00      0.00     0.00     0.00   0.00   0.00    0.00    0.00   0.00     0.00     0.00   0.00   0.00

avg-cpu:  %user   %nice %system %iowait  %steal   %idle
           0.09    0.00    0.38    1.69    0.00   97.84

Device            r/s     w/s     rMB/s     wMB/s   rrqm/s   wrqm/s  %rrqm  %wrqm r_await w_await aqu-sz rareq-sz wareq-sz  svctm  %util
nvme1n1          0.00  295.00      0.00     35.82     0.00     0.00   0.00   0.00    0.00    0.40   0.00     0.00   124.33   0.07   2.20
nvme0n1          3.00    0.00      0.01      0.00     0.00     0.00   0.00   0.00    0.00    0.00   0.00     4.00     0.00   0.33   0.10

avg-cpu:  %user   %nice %system %iowait  %steal   %idle
           0.53    0.00    0.47    1.38    0.00   97.62

Device            r/s     w/s     rMB/s     wMB/s   rrqm/s   wrqm/s  %rrqm  %wrqm r_await w_await aqu-sz rareq-sz wareq-sz  svctm  %util
nvme1n1         35.00  878.00      1.07    102.94     0.00     0.00   0.00   0.00    0.03    0.24   0.01    31.44   120.06   0.09   8.10
nvme0n1         41.00    0.00      1.03      0.00     0.00     0.00   0.00   0.00    0.39    0.00   0.01    25.66     0.00   0.24   1.00

avg-cpu:  %user   %nice %system %iowait  %steal   %idle
           0.34    0.00    0.78    1.25    0.00   97.62

Device            r/s     w/s     rMB/s     wMB/s   rrqm/s   wrqm/s  %rrqm  %wrqm r_await w_await aqu-sz rareq-sz wareq-sz  svctm  %util
nvme1n1         99.00 1170.00      6.19     73.12     0.00     0.00   0.00   0.00    0.11    0.13   0.00    64.00    64.00   0.05   6.90
nvme0n1       1181.00 1162.00     73.81     72.62     0.00     0.00   0.00   0.00    0.66    0.10   0.27    64.00    64.00   0.03   7.00

avg-cpu:  %user   %nice %system %iowait  %steal   %idle
           0.91    0.00    6.80    0.00    0.00   92.29

Device            r/s     w/s     rMB/s     wMB/s   rrqm/s   wrqm/s  %rrqm  %wrqm r_await w_await aqu-sz rareq-sz wareq-sz  svctm  %util
nvme1n1       23665.00 6856.00   1479.06    428.50     0.00     0.00   0.00   0.00    0.24    0.20   0.00    64.00    64.00   0.03  98.50
nvme0n1       6845.00 30484.00    427.81   1905.25     0.00     0.00   0.00   0.00    0.94    0.05   2.96    64.00    64.00   0.03  98.40

avg-cpu:  %user   %nice %system %iowait  %steal   %idle
           0.88    0.00    5.76    0.03    0.00   93.32

Device            r/s     w/s     rMB/s     wMB/s   rrqm/s   wrqm/s  %rrqm  %wrqm r_await w_await aqu-sz rareq-sz wareq-sz  svctm  %util
nvme1n1       37102.00  154.00   2318.88      9.62     0.00     0.00   0.00   0.00    0.33    0.35   0.00    64.00    64.00   0.03 100.00
nvme0n1        154.00 37234.00      9.62   2327.12     0.00     0.00   0.00   0.00    1.49    0.06   0.15    64.00    64.00   0.03 100.00

avg-cpu:  %user   %nice %system %iowait  %steal   %idle
           0.85    0.00    5.68    0.00    0.00   93.47

Device            r/s     w/s     rMB/s     wMB/s   rrqm/s   wrqm/s  %rrqm  %wrqm r_await w_await aqu-sz rareq-sz wareq-sz  svctm  %util
nvme1n1       37817.00    4.00   2363.56      0.25     0.00     0.00   0.00   0.00    0.34    0.25   0.00    64.00    64.00   0.03 100.00
nvme0n1          4.00 37849.00      0.25   2365.56     0.00     0.00   0.00   0.00    1.50    0.06   0.00    64.00    64.00   0.03 100.00

avg-cpu:  %user   %nice %system %iowait  %steal   %idle
           0.88    0.00    5.51    0.00    0.00   93.61

Device            r/s     w/s     rMB/s     wMB/s   rrqm/s   wrqm/s  %rrqm  %wrqm r_await w_await aqu-sz rareq-sz wareq-sz  svctm  %util
nvme1n1       37713.00    0.00   2357.06      0.00     0.00     0.00   0.00   0.00    0.34    0.00   0.00    64.00     0.00   0.03 100.00
nvme0n1          0.00 37670.00      0.00   2354.38     0.00     0.00   0.00   0.00    0.00    0.06   0.00     0.00    64.00   0.03 100.10

avg-cpu:  %user   %nice %system %iowait  %steal   %idle
           0.85    0.00    5.54    0.03    0.00   93.57

Device            r/s     w/s     rMB/s     wMB/s   rrqm/s   wrqm/s  %rrqm  %wrqm r_await w_await aqu-sz rareq-sz wareq-sz  svctm  %util
nvme1n1       37731.00    0.00   2358.19      0.00     0.00     0.00   0.00   0.00    0.34    0.00   0.00    64.00     0.00   0.03 100.10
nvme0n1          0.00 38152.00      0.00   2384.50     0.00     0.00   0.00   0.00    0.00    0.06   0.01     0.00    64.00   0.03 100.00

avg-cpu:  %user   %nice %system %iowait  %steal   %idle
           0.91    0.00    5.64    0.00    0.00   93.45

Device            r/s     w/s     rMB/s     wMB/s   rrqm/s   wrqm/s  %rrqm  %wrqm r_await w_await aqu-sz rareq-sz wareq-sz  svctm  %util
nvme1n1       37619.00    0.00   2351.19      0.00     0.00     0.00   0.00   0.00    0.34    0.00   0.00    64.00     0.00   0.03 100.00
nvme0n1          0.00 38095.00      0.00   2380.94     0.00     0.00   0.00   0.00    0.00    0.06   0.00     0.00    64.00   0.03 100.00

avg-cpu:  %user   %nice %system %iowait  %steal   %idle
           0.85    0.00    5.55    0.00    0.00   93.60

Device            r/s     w/s     rMB/s     wMB/s   rrqm/s   wrqm/s  %rrqm  %wrqm r_await w_await aqu-sz rareq-sz wareq-sz  svctm  %util
nvme1n1       37585.00    0.00   2349.06      0.00     0.00     0.00   0.00   0.00    0.34    0.00   0.00    64.00     0.00   0.03 100.00
nvme0n1          0.00 37544.00      0.00   2346.50     0.00     0.00   0.00   0.00    0.00    0.06   0.00     0.00    64.00   0.03 100.00

avg-cpu:  %user   %nice %system %iowait  %steal   %idle
           0.76    0.00    5.83    0.00    0.00   93.42

Device            r/s     w/s     rMB/s     wMB/s   rrqm/s   wrqm/s  %rrqm  %wrqm r_await w_await aqu-sz rareq-sz wareq-sz  svctm  %util
nvme1n1       37825.00    0.00   2364.06      0.00     0.00     0.00   0.00   0.00    0.33    0.00   0.00    64.00     0.00   0.03 100.00
nvme0n1          0.00 38338.00      0.00   2396.12     0.00     0.00   0.00   0.00    0.00    0.06   0.00     0.00    64.00   0.03 100.00

avg-cpu:  %user   %nice %system %iowait  %steal   %idle
           0.79    0.00    5.58    0.00    0.00   93.63

Device            r/s     w/s     rMB/s     wMB/s   rrqm/s   wrqm/s  %rrqm  %wrqm r_await w_await aqu-sz rareq-sz wareq-sz  svctm  %util
nvme1n1       37288.00    0.00   2330.50      0.00     0.00     0.00   0.00   0.00    0.35    0.00   0.00    64.00     0.00   0.03 100.00
nvme0n1          0.00 37312.00      0.00   2332.00     0.00     0.00   0.00   0.00    0.00    0.06   0.00     0.00    64.00   0.03 100.00

avg-cpu:  %user   %nice %system %iowait  %steal   %idle
           0.91    0.00    5.55    0.00    0.00   93.54

Device            r/s     w/s     rMB/s     wMB/s   rrqm/s   wrqm/s  %rrqm  %wrqm r_await w_await aqu-sz rareq-sz wareq-sz  svctm  %util
nvme1n1       37707.00    0.00   2356.75      0.00     0.00     0.00   0.00   0.00    0.34    0.00   0.00    64.00     0.00   0.03 100.00
nvme0n1          0.00 37613.00      0.00   2350.81     0.00     0.00   0.00   0.00    0.00    0.06   0.00     0.00    64.00   0.03 100.00

avg-cpu:  %user   %nice %system %iowait  %steal   %idle
           0.82    0.00    5.67    0.00    0.00   93.52

Device            r/s     w/s     rMB/s     wMB/s   rrqm/s   wrqm/s  %rrqm  %wrqm r_await w_await aqu-sz rareq-sz wareq-sz  svctm  %util
nvme1n1       37838.00    0.00   2364.81      0.00     0.00     0.00   0.00   0.00    0.34    0.00   0.00    64.00     0.00   0.03 100.00
nvme0n1          0.00 37582.00      0.00   2348.94     0.00     0.00   0.00   0.00    0.00    0.06   0.00     0.00    64.00   0.03 100.00

avg-cpu:  %user   %nice %system %iowait  %steal   %idle
           0.91    0.00    5.76    0.00    0.00   93.32

Device            r/s     w/s     rMB/s     wMB/s   rrqm/s   wrqm/s  %rrqm  %wrqm r_await w_await aqu-sz rareq-sz wareq-sz  svctm  %util
nvme1n1       37768.00    0.00   2360.56      0.00     0.00     0.00   0.00   0.00    0.33    0.00   0.00    64.00     0.00   0.03 100.00
nvme0n1          0.00 37815.00      0.00   2363.38     0.00     0.00   0.00   0.00    0.00    0.06   0.01     0.00    64.00   0.03 100.00

avg-cpu:  %user   %nice %system %iowait  %steal   %idle
           0.88    0.00    5.70    0.00    0.00   93.42

Device            r/s     w/s     rMB/s     wMB/s   rrqm/s   wrqm/s  %rrqm  %wrqm r_await w_await aqu-sz rareq-sz wareq-sz  svctm  %util
nvme1n1       37154.00    0.00   2322.06      0.00     0.00     0.00   0.00   0.00    0.35    0.00   0.00    64.00     0.00   0.03 100.00
nvme0n1          0.00 37203.00      0.00   2325.19     0.00     0.00   0.00   0.00    0.00    0.06   0.00     0.00    64.00   0.03 100.00

avg-cpu:  %user   %nice %system %iowait  %steal   %idle
           0.88    0.00    5.61    0.00    0.00   93.51

Device            r/s     w/s     rMB/s     wMB/s   rrqm/s   wrqm/s  %rrqm  %wrqm r_await w_await aqu-sz rareq-sz wareq-sz  svctm  %util
nvme1n1       37660.00    0.00   2353.75      0.00     0.00     0.00   0.00   0.00    0.34    0.00   0.00    64.00     0.00   0.03 100.00
nvme0n1          0.00 37887.00      0.00   2367.94     0.00     0.00   0.00   0.00    0.00    0.06   0.00     0.00    64.00   0.03 100.00

avg-cpu:  %user   %nice %system %iowait  %steal   %idle
           0.85    0.00    5.92    0.00    0.00   93.23

Device            r/s     w/s     rMB/s     wMB/s   rrqm/s   wrqm/s  %rrqm  %wrqm r_await w_await aqu-sz rareq-sz wareq-sz  svctm  %util
nvme1n1       37768.00    0.00   2360.50      0.00     0.00     0.00   0.00   0.00    0.34    0.00   0.00    64.00     0.00   0.03 100.00
nvme0n1          0.00 37667.00      0.00   2354.19     0.00     0.00   0.00   0.00    0.00    0.06   0.00     0.00    64.00   0.03 100.00

avg-cpu:  %user   %nice %system %iowait  %steal   %idle
           0.91    0.00    5.55    0.00    0.00   93.54

Device            r/s     w/s     rMB/s     wMB/s   rrqm/s   wrqm/s  %rrqm  %wrqm r_await w_await aqu-sz rareq-sz wareq-sz  svctm  %util
nvme1n1       37750.00    0.00   2359.38      0.00     0.00     0.00   0.00   0.00    0.34    0.00   0.00    64.00     0.00   0.03 100.00
nvme0n1          0.00 37499.00      0.00   2343.69     0.00     0.00   0.00   0.00    0.00    0.06   0.00     0.00    64.00   0.03 100.00

avg-cpu:  %user   %nice %system %iowait  %steal   %idle
           0.79    0.00    5.80    0.00    0.00   93.42

Device            r/s     w/s     rMB/s     wMB/s   rrqm/s   wrqm/s  %rrqm  %wrqm r_await w_await aqu-sz rareq-sz wareq-sz  svctm  %util
nvme1n1       37823.00    0.00   2363.94      0.00     0.00     0.00   0.00   0.00    0.34    0.00   0.00    64.00     0.00   0.03 100.00
nvme0n1          0.00 37877.00      0.00   2367.31     0.00     0.00   0.00   0.00    0.00    0.06   0.00     0.00    64.00   0.03 100.00

avg-cpu:  %user   %nice %system %iowait  %steal   %idle
           0.82    0.00    5.49    0.00    0.00   93.69

Device            r/s     w/s     rMB/s     wMB/s   rrqm/s   wrqm/s  %rrqm  %wrqm r_await w_await aqu-sz rareq-sz wareq-sz  svctm  %util
nvme1n1       37526.00    0.00   2345.38      0.00     0.00     0.00   0.00   0.00    0.35    0.00   0.00    64.00     0.00   0.03 100.00
nvme0n1          0.00 37262.00      0.00   2328.88     0.00     0.00   0.00   0.00    0.00    0.06   0.00     0.00    64.00   0.03 100.00

avg-cpu:  %user   %nice %system %iowait  %steal   %idle
           0.72    0.00    5.67    0.00    0.00   93.60

Device            r/s     w/s     rMB/s     wMB/s   rrqm/s   wrqm/s  %rrqm  %wrqm r_await w_await aqu-sz rareq-sz wareq-sz  svctm  %util
nvme1n1       37756.00    0.00   2359.75      0.00     0.00     0.00   0.00   0.00    0.34    0.00   0.00    64.00     0.00   0.03 100.00
nvme0n1          0.00 37929.00      0.00   2370.56     0.00     0.00   0.00   0.00    0.00    0.06   0.00     0.00    64.00   0.03 100.00

avg-cpu:  %user   %nice %system %iowait  %steal   %idle
           0.82    0.00    5.61    0.00    0.00   93.57

Device            r/s     w/s     rMB/s     wMB/s   rrqm/s   wrqm/s  %rrqm  %wrqm r_await w_await aqu-sz rareq-sz wareq-sz  svctm  %util
nvme1n1       37290.10    0.00   2330.63      0.00     0.00     0.00   0.00   0.00    0.34    0.00   0.00    64.00     0.00   0.03  99.01
nvme0n1          0.00 37025.74      0.00   2314.11     0.00     0.00   0.00   0.00    0.00    0.06   0.00     0.00    64.00   0.03  99.01

avg-cpu:  %user   %nice %system %iowait  %steal   %idle
           0.91    0.00    5.55    0.00    0.00   93.54

Device            r/s     w/s     rMB/s     wMB/s   rrqm/s   wrqm/s  %rrqm  %wrqm r_await w_await aqu-sz rareq-sz wareq-sz  svctm  %util
nvme1n1       37601.00    0.00   2350.06      0.00     0.00     0.00   0.00   0.00    0.34    0.00   0.00    64.00     0.00   0.03 100.00
nvme0n1          0.00 37338.00      0.00   2333.62     0.00     0.00   0.00   0.00    0.00    0.06   0.00     0.00    64.00   0.03 100.00

avg-cpu:  %user   %nice %system %iowait  %steal   %idle
           0.72    0.00    6.05    0.00    0.00   93.23

Device            r/s     w/s     rMB/s     wMB/s   rrqm/s   wrqm/s  %rrqm  %wrqm r_await w_await aqu-sz rareq-sz wareq-sz  svctm  %util
nvme1n1       37811.00    0.00   2363.19      0.00     0.00     0.00   0.00   0.00    0.33    0.00   0.00    64.00     0.00   0.03 100.00
nvme0n1          0.00 38078.00      0.00   2379.88     0.00     0.00   0.00   0.00    0.00    0.06   0.00     0.00    64.00   0.03 100.00

avg-cpu:  %user   %nice %system %iowait  %steal   %idle
           0.82    0.00    5.55    0.00    0.00   93.64

Device            r/s     w/s     rMB/s     wMB/s   rrqm/s   wrqm/s  %rrqm  %wrqm r_await w_await aqu-sz rareq-sz wareq-sz  svctm  %util
nvme1n1       37790.00    0.00   2361.88      0.00     0.00     0.00   0.00   0.00    0.34    0.00   0.00    64.00     0.00   0.03 100.00
nvme0n1          0.00 37611.00      0.00   2350.69     0.00     0.00   0.00   0.00    0.00    0.06   0.00     0.00    64.00   0.03 100.10

avg-cpu:  %user   %nice %system %iowait  %steal   %idle
           0.82    0.00    5.64    0.00    0.00   93.54

Device            r/s     w/s     rMB/s     wMB/s   rrqm/s   wrqm/s  %rrqm  %wrqm r_await w_await aqu-sz rareq-sz wareq-sz  svctm  %util
nvme1n1       37806.00    0.00   2362.88      0.00     0.00     0.00   0.00   0.00    0.34    0.00   0.00    64.00     0.00   0.03 100.10
nvme0n1          0.00 37834.00      0.00   2364.62     0.00     0.00   0.00   0.00    0.00    0.06   0.00     0.00    64.00   0.03 100.00

avg-cpu:  %user   %nice %system %iowait  %steal   %idle
           0.85    0.00    5.67    0.00    0.00   93.48

Device            r/s     w/s     rMB/s     wMB/s   rrqm/s   wrqm/s  %rrqm  %wrqm r_await w_await aqu-sz rareq-sz wareq-sz  svctm  %util
nvme1n1       37732.00    0.00   2358.25      0.00     0.00     0.00   0.00   0.00    0.33    0.00   0.00    64.00     0.00   0.03  99.90
nvme0n1          0.00 38312.00      0.00   2394.50     0.00     0.00   0.00   0.00    0.00    0.07   0.02     0.00    64.00   0.03  99.90

avg-cpu:  %user   %nice %system %iowait  %steal   %idle
           0.82    0.00    5.58    0.00    0.00   93.60

Device            r/s     w/s     rMB/s     wMB/s   rrqm/s   wrqm/s  %rrqm  %wrqm r_await w_await aqu-sz rareq-sz wareq-sz  svctm  %util
nvme1n1       37799.00    0.00   2362.44      0.00     0.00     0.00   0.00   0.00    0.34    0.00   0.00    64.00     0.00   0.03 100.00
nvme0n1          0.00 37693.00      0.00   2355.81     0.00     0.00   0.00   0.00    0.00    0.06   0.00     0.00    64.00   0.03 100.00

