Linux 5.4.1-050401-lowlatency (kanwu-Super-Server) 	09/10/2020 	_x86_64_	(32 CPU)

avg-cpu:  %user   %nice %system %iowait  %steal   %idle
           0.06    0.00    0.21    0.07    0.00   99.66

Device            r/s     w/s     rMB/s     wMB/s   rrqm/s   wrqm/s  %rrqm  %wrqm r_await w_await aqu-sz rareq-sz wareq-sz  svctm  %util
nvme1n1        978.59  286.28     61.16     17.57     0.00     0.00   0.00   0.00    0.33    0.41   0.00    64.00    62.86   0.03   3.70
nvme0n1        218.29  180.44     13.64     11.27     0.00     0.00   0.00   0.00    0.25    0.05   0.00    63.99    63.98   0.06   2.33
cas1-1          18.17    7.79      1.14      0.49     0.00     0.00   0.00   0.00    0.37    0.36   0.00    64.00    64.00   0.02   0.06

avg-cpu:  %user   %nice %system %iowait  %steal   %idle
           0.00    0.00    0.03    0.06    0.00   99.91

Device            r/s     w/s     rMB/s     wMB/s   rrqm/s   wrqm/s  %rrqm  %wrqm r_await w_await aqu-sz rareq-sz wareq-sz  svctm  %util
nvme1n1          0.00    0.00      0.00      0.00     0.00     0.00   0.00   0.00    0.00    0.00   0.00     0.00     0.00   0.00   0.00
nvme0n1          0.00    0.00      0.00      0.00     0.00     0.00   0.00   0.00    0.00    0.00   0.00     0.00     0.00   0.00   0.00
cas1-1           0.00    0.00      0.00      0.00     0.00     0.00   0.00   0.00    0.00    0.00   0.00     0.00     0.00   0.00   0.00

avg-cpu:  %user   %nice %system %iowait  %steal   %idle
           0.00    0.00    0.03    0.56    0.00   99.41

Device            r/s     w/s     rMB/s     wMB/s   rrqm/s   wrqm/s  %rrqm  %wrqm r_await w_await aqu-sz rareq-sz wareq-sz  svctm  %util
nvme1n1          0.00    0.00      0.00      0.00     0.00     0.00   0.00   0.00    0.00    0.00   0.00     0.00     0.00   0.00   0.00
nvme0n1          0.00    0.00      0.00      0.00     0.00     0.00   0.00   0.00    0.00    0.00   0.00     0.00     0.00   0.00   0.00
cas1-1           0.00    0.00      0.00      0.00     0.00     0.00   0.00   0.00    0.00    0.00   0.00     0.00     0.00   0.00   0.00

avg-cpu:  %user   %nice %system %iowait  %steal   %idle
           0.09    0.00    0.28    0.34    0.00   99.28

Device            r/s     w/s     rMB/s     wMB/s   rrqm/s   wrqm/s  %rrqm  %wrqm r_await w_await aqu-sz rareq-sz wareq-sz  svctm  %util
nvme1n1          0.00    0.00      0.00      0.00     0.00     0.00   0.00   0.00    0.00    0.00   0.00     0.00     0.00   0.00   0.00
nvme0n1          0.00    0.00      0.00      0.00     0.00     0.00   0.00   0.00    0.00    0.00   0.00     0.00     0.00   0.00   0.00
cas1-1           0.00    0.00      0.00      0.00     0.00     0.00   0.00   0.00    0.00    0.00   0.00     0.00     0.00   0.00   0.00

avg-cpu:  %user   %nice %system %iowait  %steal   %idle
           0.00    0.00    0.16    1.22    0.00   98.62

Device            r/s     w/s     rMB/s     wMB/s   rrqm/s   wrqm/s  %rrqm  %wrqm r_await w_await aqu-sz rareq-sz wareq-sz  svctm  %util
nvme1n1          0.00  295.00      0.00     35.82     0.00     0.00   0.00   0.00    0.00    0.42   0.01     0.00   124.33   0.08   2.30
nvme0n1          3.00    0.00      0.01      0.00     0.00     0.00   0.00   0.00    0.00    0.00   0.00     4.00     0.00   0.33   0.10

avg-cpu:  %user   %nice %system %iowait  %steal   %idle
           0.06    0.00    0.34    1.25    0.00   98.34

Device            r/s     w/s     rMB/s     wMB/s   rrqm/s   wrqm/s  %rrqm  %wrqm r_await w_await aqu-sz rareq-sz wareq-sz  svctm  %util
nvme1n1         35.00  744.00      1.07     86.42     0.00     0.00   0.00   0.00    0.03    0.24   0.01    31.44   118.94   0.09   6.70
nvme0n1         41.00    0.00      1.03      0.00     0.00     0.00   0.00   0.00    0.39    0.00   0.01    25.66     0.00   0.22   0.90

avg-cpu:  %user   %nice %system %iowait  %steal   %idle
           0.62    0.00    0.19    1.19    0.00   98.00

Device            r/s     w/s     rMB/s     wMB/s   rrqm/s   wrqm/s  %rrqm  %wrqm r_await w_await aqu-sz rareq-sz wareq-sz  svctm  %util
nvme1n1          0.00    0.00      0.00      0.00     0.00     0.00   0.00   0.00    0.00    0.00   0.00     0.00     0.00   0.00   0.00
nvme0n1          0.00    0.00      0.00      0.00     0.00     0.00   0.00   0.00    0.00    0.00   0.00     0.00     0.00   0.00   0.00

avg-cpu:  %user   %nice %system %iowait  %steal   %idle
           0.70    0.00    4.49    0.88    0.00   93.93

Device            r/s     w/s     rMB/s     wMB/s   rrqm/s   wrqm/s  %rrqm  %wrqm r_await w_await aqu-sz rareq-sz wareq-sz  svctm  %util
nvme1n1       8134.00 13443.00    508.38    840.19     0.00     0.00   0.00   0.00    0.56    0.49   0.02    64.00    64.00   0.03  75.10
nvme0n1       7022.00 6429.00    438.88    401.81     0.00     0.00   0.00   0.00    0.27    0.04   0.32    64.00    64.00   0.06  75.20

avg-cpu:  %user   %nice %system %iowait  %steal   %idle
           0.69    0.00    5.13    0.00    0.00   94.18

Device            r/s     w/s     rMB/s     wMB/s   rrqm/s   wrqm/s  %rrqm  %wrqm r_await w_await aqu-sz rareq-sz wareq-sz  svctm  %util
nvme1n1       21452.00 11159.00   1340.75    697.44     0.00     0.00   0.00   0.00    0.47    0.49   0.00    64.00    64.00   0.03 100.00
nvme0n1       1366.00 9789.00     85.38    611.81     0.00     0.00   0.00   0.00    0.25    0.03   0.07    64.00    64.00   0.09 100.00

avg-cpu:  %user   %nice %system %iowait  %steal   %idle
           0.76    0.00    4.63    0.00    0.00   94.62

Device            r/s     w/s     rMB/s     wMB/s   rrqm/s   wrqm/s  %rrqm  %wrqm r_await w_await aqu-sz rareq-sz wareq-sz  svctm  %util
nvme1n1       22959.00 10169.00   1434.94    635.56     0.00     0.00   0.00   0.00    0.46    0.48   0.00    64.00    64.00   0.03 100.00
nvme0n1        118.00 10054.00      7.38    628.38     0.00     0.00   0.00   0.00    0.29    0.03   0.01    64.00    64.00   0.10 100.00

avg-cpu:  %user   %nice %system %iowait  %steal   %idle
           0.85    0.00    4.59    0.00    0.00   94.56

Device            r/s     w/s     rMB/s     wMB/s   rrqm/s   wrqm/s  %rrqm  %wrqm r_await w_await aqu-sz rareq-sz wareq-sz  svctm  %util
nvme1n1       23216.00 9923.00   1451.00    620.19     0.00     0.00   0.00   0.00    0.46    0.48   0.00    64.00    64.00   0.03 100.10
nvme0n1          9.00 9912.00      0.56    619.50     0.00     0.00   0.00   0.00    0.22    0.03   0.00    64.00    64.00   0.10 100.10

avg-cpu:  %user   %nice %system %iowait  %steal   %idle
           0.82    0.00    4.50    0.00    0.00   94.68

Device            r/s     w/s     rMB/s     wMB/s   rrqm/s   wrqm/s  %rrqm  %wrqm r_await w_await aqu-sz rareq-sz wareq-sz  svctm  %util
nvme1n1       23265.00 9874.00   1454.06    617.12     0.00     0.00   0.00   0.00    0.46    0.48   0.00    64.00    64.00   0.03 100.00
nvme0n1          0.00 9874.00      0.00    617.12     0.00     0.00   0.00   0.00    0.00    0.03   0.00     0.00    64.00   0.10  99.90

avg-cpu:  %user   %nice %system %iowait  %steal   %idle
           0.85    0.00    4.41    0.00    0.00   94.74

Device            r/s     w/s     rMB/s     wMB/s   rrqm/s   wrqm/s  %rrqm  %wrqm r_await w_await aqu-sz rareq-sz wareq-sz  svctm  %util
nvme1n1       23328.00 9876.00   1458.00    617.25     0.00     0.00   0.00   0.00    0.46    0.48   0.00    64.00    64.00   0.03 100.00
nvme0n1          0.00 9875.00      0.00    617.19     0.00     0.00   0.00   0.00    0.00    0.03   0.00     0.00    64.00   0.10 100.10

avg-cpu:  %user   %nice %system %iowait  %steal   %idle
           0.76    0.00    4.50    0.00    0.00   94.74

Device            r/s     w/s     rMB/s     wMB/s   rrqm/s   wrqm/s  %rrqm  %wrqm r_await w_await aqu-sz rareq-sz wareq-sz  svctm  %util
nvme1n1       23281.00 9933.00   1455.06    620.81     0.00     0.00   0.00   0.00    0.46    0.48   0.00    64.00    64.00   0.03 100.00
nvme0n1          0.00 9933.00      0.00    620.81     0.00     0.00   0.00   0.00    0.00    0.03   0.00     0.00    64.00   0.10 100.00

avg-cpu:  %user   %nice %system %iowait  %steal   %idle
           0.79    0.00    4.65    0.00    0.00   94.56

Device            r/s     w/s     rMB/s     wMB/s   rrqm/s   wrqm/s  %rrqm  %wrqm r_await w_await aqu-sz rareq-sz wareq-sz  svctm  %util
nvme1n1       23138.00 10033.00   1446.12    627.06     0.00     0.00   0.00   0.00    0.46    0.48   0.00    64.00    64.00   0.03 100.00
nvme0n1          0.00 10031.00      0.00    626.94     0.00     0.00   0.00   0.00    0.00    0.03   0.00     0.00    64.00   0.10 100.00

avg-cpu:  %user   %nice %system %iowait  %steal   %idle
           0.79    0.00    4.53    0.00    0.00   94.68

Device            r/s     w/s     rMB/s     wMB/s   rrqm/s   wrqm/s  %rrqm  %wrqm r_await w_await aqu-sz rareq-sz wareq-sz  svctm  %util
nvme1n1       23412.00 9856.00   1463.25    616.00     0.00     0.00   0.00   0.00    0.46    0.48   0.00    64.00    64.00   0.03 100.00
nvme0n1          0.00 9858.00      0.00    616.12     0.00     0.00   0.00   0.00    0.00    0.03   0.00     0.00    64.00   0.10 100.00

avg-cpu:  %user   %nice %system %iowait  %steal   %idle
           0.82    0.00    4.59    0.00    0.00   94.59

Device            r/s     w/s     rMB/s     wMB/s   rrqm/s   wrqm/s  %rrqm  %wrqm r_await w_await aqu-sz rareq-sz wareq-sz  svctm  %util
nvme1n1       23247.00 9964.00   1452.94    622.75     0.00     0.00   0.00   0.00    0.46    0.48   0.00    64.00    64.00   0.03 100.00
nvme0n1          0.00 9964.00      0.00    622.75     0.00     0.00   0.00   0.00    0.00    0.03   0.00     0.00    64.00   0.10 100.00

avg-cpu:  %user   %nice %system %iowait  %steal   %idle
           0.75    0.00    4.62    0.00    0.00   94.62

Device            r/s     w/s     rMB/s     wMB/s   rrqm/s   wrqm/s  %rrqm  %wrqm r_await w_await aqu-sz rareq-sz wareq-sz  svctm  %util
nvme1n1       23240.00 9935.00   1452.50    620.94     0.00     0.00   0.00   0.00    0.46    0.48   0.00    64.00    64.00   0.03 100.00
nvme0n1          0.00 9935.00      0.00    620.94     0.00     0.00   0.00   0.00    0.00    0.03   0.00     0.00    64.00   0.10 100.00

avg-cpu:  %user   %nice %system %iowait  %steal   %idle
           0.79    0.00    4.47    0.00    0.00   94.75

Device            r/s     w/s     rMB/s     wMB/s   rrqm/s   wrqm/s  %rrqm  %wrqm r_await w_await aqu-sz rareq-sz wareq-sz  svctm  %util
nvme1n1       23243.00 9952.00   1452.69    622.00     0.00     0.00   0.00   0.00    0.46    0.48   0.00    64.00    64.00   0.03 100.00
nvme0n1          0.00 9955.00      0.00    622.19     0.00     0.00   0.00   0.00    0.00    0.03   0.00     0.00    64.00   0.10 100.00

avg-cpu:  %user   %nice %system %iowait  %steal   %idle
           0.72    0.00    4.53    0.00    0.00   94.74

Device            r/s     w/s     rMB/s     wMB/s   rrqm/s   wrqm/s  %rrqm  %wrqm r_await w_await aqu-sz rareq-sz wareq-sz  svctm  %util
nvme1n1       23259.00 9956.00   1453.69    622.25     0.00     0.00   0.00   0.00    0.46    0.48   0.00    64.00    64.00   0.03 100.00
nvme0n1          0.00 9954.00      0.00    622.12     0.00     0.00   0.00   0.00    0.00    0.03   0.00     0.00    64.00   0.10 100.00

avg-cpu:  %user   %nice %system %iowait  %steal   %idle
           0.76    0.00    4.50    0.00    0.00   94.75

Device            r/s     w/s     rMB/s     wMB/s   rrqm/s   wrqm/s  %rrqm  %wrqm r_await w_await aqu-sz rareq-sz wareq-sz  svctm  %util
nvme1n1       23335.00 9856.00   1458.44    616.00     0.00     0.00   0.00   0.00    0.46    0.48   0.00    64.00    64.00   0.03 100.00
nvme0n1          0.00 9858.00      0.00    616.12     0.00     0.00   0.00   0.00    0.00    0.03   0.00     0.00    64.00   0.10 100.00

avg-cpu:  %user   %nice %system %iowait  %steal   %idle
           0.75    0.00    4.62    0.00    0.00   94.62

Device            r/s     w/s     rMB/s     wMB/s   rrqm/s   wrqm/s  %rrqm  %wrqm r_await w_await aqu-sz rareq-sz wareq-sz  svctm  %util
nvme1n1       23210.00 9978.00   1450.62    623.62     0.00     0.00   0.00   0.00    0.46    0.48   0.00    64.00    64.00   0.03 100.00
nvme0n1          0.00 9974.00      0.00    623.38     0.00     0.00   0.00   0.00    0.00    0.03   0.00     0.00    64.00   0.10 100.00

avg-cpu:  %user   %nice %system %iowait  %steal   %idle
           0.82    0.00    4.47    0.00    0.00   94.71

Device            r/s     w/s     rMB/s     wMB/s   rrqm/s   wrqm/s  %rrqm  %wrqm r_await w_await aqu-sz rareq-sz wareq-sz  svctm  %util
nvme1n1       23293.00 9960.00   1455.81    622.50     0.00     0.00   0.00   0.00    0.46    0.48   0.00    64.00    64.00   0.03 100.00
nvme0n1          0.00 9963.00      0.00    622.69     0.00     0.00   0.00   0.00    0.00    0.03   0.00     0.00    64.00   0.10 100.00

avg-cpu:  %user   %nice %system %iowait  %steal   %idle
           0.76    0.00    4.44    0.00    0.00   94.80

Device            r/s     w/s     rMB/s     wMB/s   rrqm/s   wrqm/s  %rrqm  %wrqm r_await w_await aqu-sz rareq-sz wareq-sz  svctm  %util
nvme1n1       23227.00 9946.00   1451.69    621.62     0.00     0.00   0.00   0.00    0.46    0.48   0.00    64.00    64.00   0.03 100.00
nvme0n1          0.00 9942.00      0.00    621.38     0.00     0.00   0.00   0.00    0.00    0.03   0.00     0.00    64.00   0.10 100.00

avg-cpu:  %user   %nice %system %iowait  %steal   %idle
           0.76    0.00    4.50    0.00    0.00   94.74

Device            r/s     w/s     rMB/s     wMB/s   rrqm/s   wrqm/s  %rrqm  %wrqm r_await w_await aqu-sz rareq-sz wareq-sz  svctm  %util
nvme1n1       23268.00 9901.00   1454.25    618.81     0.00     0.00   0.00   0.00    0.46    0.48   0.00    64.00    64.00   0.03 100.00
nvme0n1          0.00 9907.00      0.00    619.19     0.00     0.00   0.00   0.00    0.00    0.03   0.00     0.00    64.00   0.10 100.00

avg-cpu:  %user   %nice %system %iowait  %steal   %idle
           0.82    0.00    4.65    0.00    0.00   94.53

Device            r/s     w/s     rMB/s     wMB/s   rrqm/s   wrqm/s  %rrqm  %wrqm r_await w_await aqu-sz rareq-sz wareq-sz  svctm  %util
nvme1n1       23207.00 9986.00   1450.44    624.12     0.00     0.00   0.00   0.00    0.46    0.48   0.00    64.00    64.00   0.03 100.00
nvme0n1          0.00 9984.00      0.00    624.00     0.00     0.00   0.00   0.00    0.00    0.03   0.00     0.00    64.00   0.10 100.00

avg-cpu:  %user   %nice %system %iowait  %steal   %idle
           0.69    0.00    4.66    0.00    0.00   94.65

Device            r/s     w/s     rMB/s     wMB/s   rrqm/s   wrqm/s  %rrqm  %wrqm r_await w_await aqu-sz rareq-sz wareq-sz  svctm  %util
nvme1n1       23381.00 9877.00   1461.31    617.31     0.00     0.00   0.00   0.00    0.46    0.48   0.00    64.00    64.00   0.03 100.00
nvme0n1          0.00 9876.00      0.00    617.25     0.00     0.00   0.00   0.00    0.00    0.03   0.00     0.00    64.00   0.10 100.00

avg-cpu:  %user   %nice %system %iowait  %steal   %idle
           0.79    0.00    4.53    0.00    0.00   94.68

Device            r/s     w/s     rMB/s     wMB/s   rrqm/s   wrqm/s  %rrqm  %wrqm r_await w_await aqu-sz rareq-sz wareq-sz  svctm  %util
nvme1n1       23137.00 9995.00   1446.06    624.69     0.00     0.00   0.00   0.00    0.46    0.48   0.00    64.00    64.00   0.03 100.00
nvme0n1          0.00 9993.00      0.00    624.56     0.00     0.00   0.00   0.00    0.00    0.03   0.00     0.00    64.00   0.10 100.00

avg-cpu:  %user   %nice %system %iowait  %steal   %idle
           0.88    0.00    4.47    0.00    0.00   94.65

Device            r/s     w/s     rMB/s     wMB/s   rrqm/s   wrqm/s  %rrqm  %wrqm r_await w_await aqu-sz rareq-sz wareq-sz  svctm  %util
nvme1n1       23039.00 10120.00   1439.94    632.50     0.00     0.00   0.00   0.00    0.46    0.48   0.00    64.00    64.00   0.03 100.00
nvme0n1          0.00 10122.00      0.00    632.62     0.00     0.00   0.00   0.00    0.00    0.03   0.00     0.00    64.00   0.10 100.00

avg-cpu:  %user   %nice %system %iowait  %steal   %idle
           0.76    0.00    4.53    0.00    0.00   94.71

Device            r/s     w/s     rMB/s     wMB/s   rrqm/s   wrqm/s  %rrqm  %wrqm r_await w_await aqu-sz rareq-sz wareq-sz  svctm  %util
nvme1n1       23251.00 9938.00   1453.19    621.12     0.00     0.00   0.00   0.00    0.46    0.48   0.00    64.00    64.00   0.03 100.10
nvme0n1          0.00 9936.00      0.00    621.00     0.00     0.00   0.00   0.00    0.00    0.03   0.00     0.00    64.00   0.10 100.10

avg-cpu:  %user   %nice %system %iowait  %steal   %idle
           0.75    0.00    4.59    0.00    0.00   94.65

Device            r/s     w/s     rMB/s     wMB/s   rrqm/s   wrqm/s  %rrqm  %wrqm r_await w_await aqu-sz rareq-sz wareq-sz  svctm  %util
nvme1n1       23163.00 9982.00   1447.75    623.88     0.00     0.00   0.00   0.00    0.46    0.48   0.00    64.00    64.00   0.03 100.00
nvme0n1          0.00 9986.00      0.00    624.12     0.00     0.00   0.00   0.00    0.00    0.03   0.00     0.00    64.00   0.10 100.00

avg-cpu:  %user   %nice %system %iowait  %steal   %idle
           0.72    0.00    4.41    0.00    0.00   94.87

Device            r/s     w/s     rMB/s     wMB/s   rrqm/s   wrqm/s  %rrqm  %wrqm r_await w_await aqu-sz rareq-sz wareq-sz  svctm  %util
nvme1n1       23125.00 9966.00   1445.25    622.88     0.00     0.00   0.00   0.00    0.46    0.48   0.00    64.00    64.00   0.03 100.00
nvme0n1          0.00 9961.00      0.00    622.56     0.00     0.00   0.00   0.00    0.00    0.03   0.00     0.00    64.00   0.10  99.90

avg-cpu:  %user   %nice %system %iowait  %steal   %idle
           0.79    0.00    4.53    0.00    0.00   94.68

Device            r/s     w/s     rMB/s     wMB/s   rrqm/s   wrqm/s  %rrqm  %wrqm r_await w_await aqu-sz rareq-sz wareq-sz  svctm  %util
nvme1n1       23085.00 10018.00   1442.81    626.12     0.00     0.00   0.00   0.00    0.46    0.48   0.00    64.00    64.00   0.03 100.00
nvme0n1          0.00 10022.00      0.00    626.38     0.00     0.00   0.00   0.00    0.00    0.03   0.00     0.00    64.00   0.10 100.10

avg-cpu:  %user   %nice %system %iowait  %steal   %idle
           0.76    0.00    4.47    0.00    0.00   94.77

Device            r/s     w/s     rMB/s     wMB/s   rrqm/s   wrqm/s  %rrqm  %wrqm r_await w_await aqu-sz rareq-sz wareq-sz  svctm  %util
nvme1n1       23140.00 10043.00   1446.25    627.69     0.00     0.00   0.00   0.00    0.46    0.48   0.00    64.00    64.00   0.03 100.00
nvme0n1          0.00 10044.00      0.00    627.75     0.00     0.00   0.00   0.00    0.00    0.03   0.00     0.00    64.00   0.10 100.00

avg-cpu:  %user   %nice %system %iowait  %steal   %idle
           0.76    0.00    4.44    0.00    0.00   94.81

Device            r/s     w/s     rMB/s     wMB/s   rrqm/s   wrqm/s  %rrqm  %wrqm r_await w_await aqu-sz rareq-sz wareq-sz  svctm  %util
nvme1n1       23221.00 9840.00   1451.31    615.00     0.00     0.00   0.00   0.00    0.46    0.48   0.00    64.00    64.00   0.03 100.00
nvme0n1          0.00 9840.00      0.00    615.00     0.00     0.00   0.00   0.00    0.00    0.03   0.00     0.00    64.00   0.10 100.00

avg-cpu:  %user   %nice %system %iowait  %steal   %idle
           0.72    0.00    4.62    0.00    0.00   94.65

Device            r/s     w/s     rMB/s     wMB/s   rrqm/s   wrqm/s  %rrqm  %wrqm r_await w_await aqu-sz rareq-sz wareq-sz  svctm  %util
nvme1n1       23303.00 9863.00   1456.44    616.44     0.00     0.00   0.00   0.00    0.46    0.48   0.00    64.00    64.00   0.03 100.00
nvme0n1          0.00 9859.00      0.00    616.19     0.00     0.00   0.00   0.00    0.00    0.03   0.00     0.00    64.00   0.10 100.00

avg-cpu:  %user   %nice %system %iowait  %steal   %idle
           0.72    0.00    4.56    0.00    0.00   94.71

Device            r/s     w/s     rMB/s     wMB/s   rrqm/s   wrqm/s  %rrqm  %wrqm r_await w_await aqu-sz rareq-sz wareq-sz  svctm  %util
nvme1n1       23171.00 9971.00   1448.19    623.19     0.00     0.00   0.00   0.00    0.46    0.48   0.00    64.00    64.00   0.03 100.00
nvme0n1          0.00 9974.00      0.00    623.38     0.00     0.00   0.00   0.00    0.00    0.03   0.00     0.00    64.00   0.10 100.00

avg-cpu:  %user   %nice %system %iowait  %steal   %idle
           0.76    0.00    4.50    0.00    0.00   94.74

Device            r/s     w/s     rMB/s     wMB/s   rrqm/s   wrqm/s  %rrqm  %wrqm r_await w_await aqu-sz rareq-sz wareq-sz  svctm  %util
nvme1n1       23060.00 9936.00   1441.25    621.00     0.00     0.00   0.00   0.00    0.46    0.48   0.00    64.00    64.00   0.03 100.00
nvme0n1          0.00 9936.00      0.00    621.00     0.00     0.00   0.00   0.00    0.00    0.03   0.00     0.00    64.00   0.10 100.00

avg-cpu:  %user   %nice %system %iowait  %steal   %idle
           0.79    0.00    4.41    0.00    0.00   94.81

Device            r/s     w/s     rMB/s     wMB/s   rrqm/s   wrqm/s  %rrqm  %wrqm r_await w_await aqu-sz rareq-sz wareq-sz  svctm  %util
nvme1n1       23163.00 10030.00   1447.69    626.88     0.00     0.00   0.00   0.00    0.46    0.48   0.00    64.00    64.00   0.03 100.00
nvme0n1          0.00 10028.00      0.00    626.75     0.00     0.00   0.00   0.00    0.00    0.03   0.00     0.00    64.00   0.10 100.00

avg-cpu:  %user   %nice %system %iowait  %steal   %idle
           1.32    0.00    4.71    0.00    0.00   93.97

Device            r/s     w/s     rMB/s     wMB/s   rrqm/s   wrqm/s  %rrqm  %wrqm r_await w_await aqu-sz rareq-sz wareq-sz  svctm  %util
nvme1n1       22930.00 9973.00   1433.12    623.31     0.00     0.00   0.00   0.00    0.46    0.48   0.00    64.00    64.00   0.03 100.00
nvme0n1          0.00 9975.00      0.00    623.44     0.00     0.00   0.00   0.00    0.00    0.03   0.00     0.00    64.00   0.10 100.00

avg-cpu:  %user   %nice %system %iowait  %steal   %idle
           0.79    0.00    4.53    0.06    0.00   94.62

Device            r/s     w/s     rMB/s     wMB/s   rrqm/s   wrqm/s  %rrqm  %wrqm r_await w_await aqu-sz rareq-sz wareq-sz  svctm  %util
nvme1n1       22815.84 9804.95   1425.99    612.81     0.00     0.00   0.00   0.00    0.46    0.48   0.00    64.00    64.00   0.03  99.01
nvme0n1          0.00 9804.95      0.00    612.81     0.00     0.00   0.00   0.00    0.00    0.03   0.00     0.00    64.00   0.10  99.01

avg-cpu:  %user   %nice %system %iowait  %steal   %idle
           0.75    0.00    4.53    0.00    0.00   94.72

Device            r/s     w/s     rMB/s     wMB/s   rrqm/s   wrqm/s  %rrqm  %wrqm r_await w_await aqu-sz rareq-sz wareq-sz  svctm  %util
nvme1n1       23182.00 9922.00   1448.88    620.12     0.00     0.00   0.00   0.00    0.46    0.48   0.00    64.00    64.00   0.03 100.00
nvme0n1          0.00 9919.00      0.00    619.94     0.00     0.00   0.00   0.00    0.00    0.03   0.00     0.00    64.00   0.10 100.00

avg-cpu:  %user   %nice %system %iowait  %steal   %idle
           0.82    0.00    4.50    0.00    0.00   94.69

Device            r/s     w/s     rMB/s     wMB/s   rrqm/s   wrqm/s  %rrqm  %wrqm r_await w_await aqu-sz rareq-sz wareq-sz  svctm  %util
nvme1n1       23254.00 9883.00   1453.38    617.69     0.00     0.00   0.00   0.00    0.46    0.48   0.00    64.00    64.00   0.03 100.00
nvme0n1          0.00 9887.00      0.00    617.94     0.00     0.00   0.00   0.00    0.00    0.03   0.00     0.00    64.00   0.10 100.00

avg-cpu:  %user   %nice %system %iowait  %steal   %idle
           0.82    0.00    4.65    0.00    0.00   94.54

Device            r/s     w/s     rMB/s     wMB/s   rrqm/s   wrqm/s  %rrqm  %wrqm r_await w_await aqu-sz rareq-sz wareq-sz  svctm  %util
nvme1n1       23077.00 9975.00   1442.31    623.44     0.00     0.00   0.00   0.00    0.46    0.48   0.00    64.00    64.00   0.03 100.00
nvme0n1          0.00 9971.00      0.00    623.19     0.00     0.00   0.00   0.00    0.00    0.03   0.00     0.00    64.00   0.10 100.00

avg-cpu:  %user   %nice %system %iowait  %steal   %idle
           0.85    0.00    4.41    0.00    0.00   94.75

Device            r/s     w/s     rMB/s     wMB/s   rrqm/s   wrqm/s  %rrqm  %wrqm r_await w_await aqu-sz rareq-sz wareq-sz  svctm  %util
nvme1n1       23131.00 9946.00   1445.69    621.62     0.00     0.00   0.00   0.00    0.46    0.48   0.00    64.00    64.00   0.03 100.10
nvme0n1          0.00 9947.00      0.00    621.69     0.00     0.00   0.00   0.00    0.00    0.03   0.00     0.00    64.00   0.10 100.10

avg-cpu:  %user   %nice %system %iowait  %steal   %idle
           0.79    0.00    4.50    0.00    0.00   94.71

Device            r/s     w/s     rMB/s     wMB/s   rrqm/s   wrqm/s  %rrqm  %wrqm r_await w_await aqu-sz rareq-sz wareq-sz  svctm  %util
nvme1n1       23260.00 9876.00   1453.75    617.25     0.00     0.00   0.00   0.00    0.46    0.48   0.00    64.00    64.00   0.03 100.00
nvme0n1          0.00 9877.00      0.00    617.31     0.00     0.00   0.00   0.00    0.00    0.03   0.00     0.00    64.00   0.10 100.00

avg-cpu:  %user   %nice %system %iowait  %steal   %idle
           0.79    0.00    4.53    0.00    0.00   94.68

Device            r/s     w/s     rMB/s     wMB/s   rrqm/s   wrqm/s  %rrqm  %wrqm r_await w_await aqu-sz rareq-sz wareq-sz  svctm  %util
nvme1n1       23217.00 9934.00   1451.06    620.88     0.00     0.00   0.00   0.00    0.46    0.48   0.00    64.00    64.00   0.03 100.00
nvme0n1          0.00 9932.00      0.00    620.75     0.00     0.00   0.00   0.00    0.00    0.03   0.00     0.00    64.00   0.10 100.00

avg-cpu:  %user   %nice %system %iowait  %steal   %idle
           0.88    0.00    4.46    0.00    0.00   94.66

Device            r/s     w/s     rMB/s     wMB/s   rrqm/s   wrqm/s  %rrqm  %wrqm r_await w_await aqu-sz rareq-sz wareq-sz  svctm  %util
nvme1n1       23191.00 9973.00   1449.44    623.31     0.00     0.00   0.00   0.00    0.46    0.48   0.00    64.00    64.00   0.03 100.00
nvme0n1          0.00 9974.00      0.00    623.38     0.00     0.00   0.00   0.00    0.00    0.03   0.00     0.00    64.00   0.10 100.00

avg-cpu:  %user   %nice %system %iowait  %steal   %idle
           0.82    0.00    4.56    0.00    0.00   94.62

Device            r/s     w/s     rMB/s     wMB/s   rrqm/s   wrqm/s  %rrqm  %wrqm r_await w_await aqu-sz rareq-sz wareq-sz  svctm  %util
nvme1n1       23159.00 9889.00   1447.44    618.06     0.00     0.00   0.00   0.00    0.46    0.48   0.00    64.00    64.00   0.03 100.00
nvme0n1          0.00 9891.00      0.00    618.19     0.00     0.00   0.00   0.00    0.00    0.03   0.00     0.00    64.00   0.10 100.00

avg-cpu:  %user   %nice %system %iowait  %steal   %idle
           0.72    0.00    4.65    0.00    0.00   94.62

Device            r/s     w/s     rMB/s     wMB/s   rrqm/s   wrqm/s  %rrqm  %wrqm r_await w_await aqu-sz rareq-sz wareq-sz  svctm  %util
nvme1n1       23074.00 9986.00   1442.12    624.12     0.00     0.00   0.00   0.00    0.46    0.48   0.00    64.00    64.00   0.03 100.00
nvme0n1          0.00 9983.00      0.00    623.94     0.00     0.00   0.00   0.00    0.00    0.03   0.00     0.00    64.00   0.10 100.00

avg-cpu:  %user   %nice %system %iowait  %steal   %idle
           0.76    0.00    4.47    0.00    0.00   94.77

Device            r/s     w/s     rMB/s     wMB/s   rrqm/s   wrqm/s  %rrqm  %wrqm r_await w_await aqu-sz rareq-sz wareq-sz  svctm  %util
nvme1n1       23076.00 9894.00   1442.25    618.38     0.00     0.00   0.00   0.00    0.46    0.48   0.00    64.00    64.00   0.03 100.00
nvme0n1          0.00 9894.00      0.00    618.38     0.00     0.00   0.00   0.00    0.00    0.03   0.00     0.00    64.00   0.10 100.00

avg-cpu:  %user   %nice %system %iowait  %steal   %idle
           0.82    0.00    4.47    0.00    0.00   94.71

Device            r/s     w/s     rMB/s     wMB/s   rrqm/s   wrqm/s  %rrqm  %wrqm r_await w_await aqu-sz rareq-sz wareq-sz  svctm  %util
nvme1n1       22915.00 10114.00   1432.19    632.19     0.00     0.00   0.00   0.00    0.46    0.48   0.00    64.00    64.01   0.03 100.00
nvme0n1          0.00 10117.00      0.00    632.31     0.00     0.00   0.00   0.00    0.00    0.03   0.00     0.00    64.00   0.10 100.00

avg-cpu:  %user   %nice %system %iowait  %steal   %idle
           0.76    0.00    4.56    0.00    0.00   94.68

Device            r/s     w/s     rMB/s     wMB/s   rrqm/s   wrqm/s  %rrqm  %wrqm r_await w_await aqu-sz rareq-sz wareq-sz  svctm  %util
nvme1n1       22993.00 10042.00   1437.06    627.56     0.00     0.00   0.00   0.00    0.46    0.48   0.00    64.00    63.99   0.03 100.00
nvme0n1          0.00 10040.00      0.00    627.50     0.00     0.00   0.00   0.00    0.00    0.03   0.00     0.00    64.00   0.10 100.00

avg-cpu:  %user   %nice %system %iowait  %steal   %idle
           0.75    0.00    4.56    0.00    0.00   94.68

Device            r/s     w/s     rMB/s     wMB/s   rrqm/s   wrqm/s  %rrqm  %wrqm r_await w_await aqu-sz rareq-sz wareq-sz  svctm  %util
nvme1n1       23225.00 9808.00   1451.56    613.00     0.00     0.00   0.00   0.00    0.46    0.48   0.00    64.00    64.00   0.03 100.00
nvme0n1          0.00 9810.00      0.00    613.12     0.00     0.00   0.00   0.00    0.00    0.03   0.00     0.00    64.00   0.10 100.00

avg-cpu:  %user   %nice %system %iowait  %steal   %idle
           0.85    0.00    4.44    0.00    0.00   94.71

Device            r/s     w/s     rMB/s     wMB/s   rrqm/s   wrqm/s  %rrqm  %wrqm r_await w_await aqu-sz rareq-sz wareq-sz  svctm  %util
nvme1n1       23262.00 9836.00   1453.88    614.75     0.00     0.00   0.00   0.00    0.46    0.48   0.00    64.00    64.00   0.03 100.00
nvme0n1          0.00 9837.00      0.00    614.81     0.00     0.00   0.00   0.00    0.00    0.03   0.00     0.00    64.00   0.10 100.00

avg-cpu:  %user   %nice %system %iowait  %steal   %idle
           0.76    0.00    4.47    0.00    0.00   94.77

Device            r/s     w/s     rMB/s     wMB/s   rrqm/s   wrqm/s  %rrqm  %wrqm r_await w_await aqu-sz rareq-sz wareq-sz  svctm  %util
nvme1n1       23035.00 9819.00   1439.69    613.69     0.00     0.00   0.00   0.00    0.47    0.48   0.00    64.00    64.00   0.03 100.20
nvme0n1          0.00 9816.00      0.00    613.50     0.00     0.00   0.00   0.00    0.00    0.03   0.00     0.00    64.00   0.10 100.00

avg-cpu:  %user   %nice %system %iowait  %steal   %idle
           0.88    0.00    4.44    0.00    0.00   94.68

Device            r/s     w/s     rMB/s     wMB/s   rrqm/s   wrqm/s  %rrqm  %wrqm r_await w_await aqu-sz rareq-sz wareq-sz  svctm  %util
nvme1n1       23237.00 9759.00   1452.31    609.94     0.00     0.00   0.00   0.00    0.46    0.48   0.00    64.00    64.00   0.03 100.00
nvme0n1          0.00 9761.00      0.00    610.06     0.00     0.00   0.00   0.00    0.00    0.03   0.00     0.00    64.00   0.10 100.00

avg-cpu:  %user   %nice %system %iowait  %steal   %idle
           0.75    0.00    4.71    0.00    0.00   94.53

Device            r/s     w/s     rMB/s     wMB/s   rrqm/s   wrqm/s  %rrqm  %wrqm r_await w_await aqu-sz rareq-sz wareq-sz  svctm  %util
nvme1n1       23042.00 9981.00   1440.12    623.81     0.00     0.00   0.00   0.00    0.46    0.48   0.00    64.00    64.00   0.03 100.00
nvme0n1          0.00 9978.00      0.00    623.62     0.00     0.00   0.00   0.00    0.00    0.03   0.00     0.00    64.00   0.10 100.00

avg-cpu:  %user   %nice %system %iowait  %steal   %idle
           0.76    0.00    4.47    0.00    0.00   94.78

Device            r/s     w/s     rMB/s     wMB/s   rrqm/s   wrqm/s  %rrqm  %wrqm r_await w_await aqu-sz rareq-sz wareq-sz  svctm  %util
nvme1n1       22963.00 9914.00   1435.19    619.62     0.00     0.00   0.00   0.00    0.47    0.48   0.00    64.00    64.00   0.03 100.00
nvme0n1          0.00 9914.00      0.00    619.62     0.00     0.00   0.00   0.00    0.00    0.03   0.00     0.00    64.00   0.10 100.00

avg-cpu:  %user   %nice %system %iowait  %steal   %idle
           0.79    0.00    4.53    0.00    0.00   94.68

Device            r/s     w/s     rMB/s     wMB/s   rrqm/s   wrqm/s  %rrqm  %wrqm r_await w_await aqu-sz rareq-sz wareq-sz  svctm  %util
nvme1n1       23065.00 9933.00   1441.56    620.81     0.00     0.00   0.00   0.00    0.46    0.48   0.00    64.00    64.00   0.03 100.00
nvme0n1          0.00 9935.00      0.00    620.94     0.00     0.00   0.00   0.00    0.00    0.03   0.00     0.00    64.00   0.10 100.00

avg-cpu:  %user   %nice %system %iowait  %steal   %idle
           0.79    0.00    4.56    0.00    0.00   94.65

Device            r/s     w/s     rMB/s     wMB/s   rrqm/s   wrqm/s  %rrqm  %wrqm r_await w_await aqu-sz rareq-sz wareq-sz  svctm  %util
nvme1n1       22973.00 9883.00   1435.81    617.69     0.00     0.00   0.00   0.00    0.47    0.48   0.00    64.00    64.00   0.03 100.00
nvme0n1          0.00 9882.00      0.00    617.62     0.00     0.00   0.00   0.00    0.00    0.03   0.00     0.00    64.00   0.10 100.00

avg-cpu:  %user   %nice %system %iowait  %steal   %idle
           0.79    0.00    4.56    0.00    0.00   94.65

Device            r/s     w/s     rMB/s     wMB/s   rrqm/s   wrqm/s  %rrqm  %wrqm r_await w_await aqu-sz rareq-sz wareq-sz  svctm  %util
nvme1n1       22965.00 9941.00   1435.31    621.31     0.00     0.00   0.00   0.00    0.46    0.48   0.00    64.00    64.00   0.03 100.00
nvme0n1          0.00 9944.00      0.00    621.50     0.00     0.00   0.00   0.00    0.00    0.03   0.00     0.00    64.00   0.10 100.00

avg-cpu:  %user   %nice %system %iowait  %steal   %idle
           0.76    0.00    4.50    0.00    0.00   94.75

Device            r/s     w/s     rMB/s     wMB/s   rrqm/s   wrqm/s  %rrqm  %wrqm r_await w_await aqu-sz rareq-sz wareq-sz  svctm  %util
nvme1n1       23245.00 9776.00   1452.81    611.00     0.00     0.00   0.00   0.00    0.46    0.48   0.00    64.00    64.00   0.03 100.10
nvme0n1          0.00 9777.00      0.00    611.06     0.00     0.00   0.00   0.00    0.00    0.03   0.00     0.00    64.00   0.10 100.10

avg-cpu:  %user   %nice %system %iowait  %steal   %idle
           0.69    0.00    4.56    0.00    0.00   94.74

Device            r/s     w/s     rMB/s     wMB/s   rrqm/s   wrqm/s  %rrqm  %wrqm r_await w_await aqu-sz rareq-sz wareq-sz  svctm  %util
nvme1n1       22838.00 9927.00   1427.38    620.44     0.00     0.00   0.00   0.00    0.47    0.49   0.00    64.00    64.00   0.03 100.00
nvme0n1          0.00 9928.00      0.00    620.50     0.00     0.00   0.00   0.00    0.00    0.03   0.00     0.00    64.00   0.10 100.00

avg-cpu:  %user   %nice %system %iowait  %steal   %idle
           0.82    0.00    4.56    0.00    0.00   94.62

Device            r/s     w/s     rMB/s     wMB/s   rrqm/s   wrqm/s  %rrqm  %wrqm r_await w_await aqu-sz rareq-sz wareq-sz  svctm  %util
nvme1n1       23194.00 9945.00   1449.62    621.56     0.00     0.00   0.00   0.00    0.46    0.48   0.00    64.00    64.00   0.03 100.00
nvme0n1          0.00 9940.00      0.00    621.25     0.00     0.00   0.00   0.00    0.00    0.03   0.00     0.00    64.00   0.10 100.00

avg-cpu:  %user   %nice %system %iowait  %steal   %idle
           0.72    0.00    4.56    0.00    0.00   94.72

Device            r/s     w/s     rMB/s     wMB/s   rrqm/s   wrqm/s  %rrqm  %wrqm r_await w_await aqu-sz rareq-sz wareq-sz  svctm  %util
nvme1n1       22873.00 9908.00   1429.56    619.25     0.00     0.00   0.00   0.00    0.47    0.49   0.00    64.00    64.00   0.03 100.00
nvme0n1          0.00 9911.00      0.00    619.44     0.00     0.00   0.00   0.00    0.00    0.03   0.00     0.00    64.00   0.10 100.00

avg-cpu:  %user   %nice %system %iowait  %steal   %idle
           0.85    0.00    4.62    0.00    0.00   94.54

Device            r/s     w/s     rMB/s     wMB/s   rrqm/s   wrqm/s  %rrqm  %wrqm r_await w_await aqu-sz rareq-sz wareq-sz  svctm  %util
nvme1n1       23033.00 9899.00   1439.56    618.69     0.00     0.00   0.00   0.00    0.46    0.48   0.00    64.00    64.00   0.03 100.00
nvme0n1          0.00 9897.00      0.00    618.56     0.00     0.00   0.00   0.00    0.00    0.03   0.00     0.00    64.00   0.10 100.00

