Linux 5.4.1-050401-lowlatency (kanwu-Super-Server) 	09/10/2020 	_x86_64_	(32 CPU)

avg-cpu:  %user   %nice %system %iowait  %steal   %idle
           0.05    0.00    0.12    0.05    0.00   99.78

Device            r/s     w/s     rMB/s     wMB/s   rrqm/s   wrqm/s  %rrqm  %wrqm r_await w_await aqu-sz rareq-sz wareq-sz  svctm  %util
nvme1n1        608.94  141.73     38.06      8.67     0.00     0.00   0.00   0.00    0.28    0.37   0.00    64.00    62.62   0.03   2.15
nvme0n1        151.10   79.57      9.44      4.97     0.00     0.00   0.00   0.00    0.22    0.06   0.00    63.99    63.97   0.06   1.30
cas1-1          23.96    2.67      1.50      0.17     0.00     0.00   0.00   0.00    0.43    0.31   0.00    64.00    64.00   0.03   0.07

avg-cpu:  %user   %nice %system %iowait  %steal   %idle
           0.16    0.00    0.75    1.22    0.00   97.87

Device            r/s     w/s     rMB/s     wMB/s   rrqm/s   wrqm/s  %rrqm  %wrqm r_await w_await aqu-sz rareq-sz wareq-sz  svctm  %util
nvme1n1         35.00 1172.00      1.07    138.76     0.00     0.00   0.00   0.00    0.03    0.67   0.17    31.44   121.24   0.08  10.10
nvme0n1         44.00    0.00      1.04      0.00     0.00     0.00   0.00   0.00    0.14    0.00   0.00    24.18     0.00   0.34   1.50
cas1-1        18446744073707753472.00 18446744073709350912.00 9007199254628545.00 9007199254728438.00     0.00     0.00   0.00   0.00    0.00    0.00 4294965.54     0.50     0.50   0.00 429491449.20

avg-cpu:  %user   %nice %system %iowait  %steal   %idle
           0.41    0.00    0.09    0.59    0.00   98.91

Device            r/s     w/s     rMB/s     wMB/s   rrqm/s   wrqm/s  %rrqm  %wrqm r_await w_await aqu-sz rareq-sz wareq-sz  svctm  %util
nvme1n1          0.00    0.00      0.00      0.00     0.00     0.00   0.00   0.00    0.00    0.00   0.00     0.00     0.00   0.00   0.00
nvme0n1          0.00    0.00      0.00      0.00     0.00     0.00   0.00   0.00    0.00    0.00   0.00     0.00     0.00   0.00   0.00
cas1-1           0.00    0.00      0.00      0.00     0.00     0.00   0.00   0.00    0.00    0.00   0.00     0.00     0.00   0.00   0.00

avg-cpu:  %user   %nice %system %iowait  %steal   %idle
           0.16    0.00    1.04    1.92    0.00   96.89

Device            r/s     w/s     rMB/s     wMB/s   rrqm/s   wrqm/s  %rrqm  %wrqm r_await w_await aqu-sz rareq-sz wareq-sz  svctm  %util
nvme1n1        430.00 3443.00     26.88    194.80     0.00     0.00   0.00   0.00    0.23    0.18   0.00    64.00    57.94   0.03  13.10
nvme0n1       2753.00    0.00    172.06      0.00     0.00     0.00   0.00   0.00    0.25    0.00   0.21    64.00     0.00   0.05  13.00
cas1-1        3184.00  353.00    199.00     22.06     0.00     0.00   0.00   0.00    0.57    0.96   0.65    64.00    64.00   0.04  13.10

avg-cpu:  %user   %nice %system %iowait  %steal   %idle
           0.95    0.00    6.58    4.68    0.00   87.80

Device            r/s     w/s     rMB/s     wMB/s   rrqm/s   wrqm/s  %rrqm  %wrqm r_await w_await aqu-sz rareq-sz wareq-sz  svctm  %util
nvme1n1       20472.00 13812.00   1279.50    707.45     0.00     0.00   0.00   0.00    0.49    0.53   0.16    64.00    52.45   0.03 100.00
nvme0n1       8035.00    0.00    502.19      0.00     0.00     0.00   0.00   0.00    0.13    0.00   0.00    64.00     0.00   0.12  99.30
cas1-1        28516.00 3108.00   1782.25    194.25     0.00     0.00   0.00   0.00    0.42    1.01   1.57    64.00    64.00   0.03 100.00

avg-cpu:  %user   %nice %system %iowait  %steal   %idle
           1.52    0.00    6.10    3.98    0.00   88.41

Device            r/s     w/s     rMB/s     wMB/s   rrqm/s   wrqm/s  %rrqm  %wrqm r_await w_await aqu-sz rareq-sz wareq-sz  svctm  %util
nvme1n1       31165.00 6450.00   1947.88    266.71     0.00     0.00   0.00   0.00    0.40    0.40   0.00    64.00    42.34   0.03 100.00
nvme0n1        744.00    0.00     46.50      0.00     0.00     0.00   0.00   0.00    0.11    0.00   0.00    64.00     0.00   0.70  52.20
cas1-1        31906.00 3584.00   1994.12    224.00     0.00     0.00   0.00   0.00    0.40    0.70   0.03    64.00    64.00   0.03 100.00

avg-cpu:  %user   %nice %system %iowait  %steal   %idle
           0.85    0.00    6.00    3.76    0.00   89.38

Device            r/s     w/s     rMB/s     wMB/s   rrqm/s   wrqm/s  %rrqm  %wrqm r_await w_await aqu-sz rareq-sz wareq-sz  svctm  %util
nvme1n1       32109.00 5343.00   2006.81    230.11     0.00     0.00   0.00   0.00    0.40    0.41   0.00    64.00    44.10   0.03 100.00
nvme0n1        312.00    0.00     19.50      0.00     0.00     0.00   0.00   0.00    0.11    0.00   0.00    64.00     0.00   0.96  30.00
cas1-1        32427.00 3523.00   2026.69    220.19     0.00     0.00   0.00   0.00    0.41    0.64   0.00    64.00    64.00   0.03 100.00

avg-cpu:  %user   %nice %system %iowait  %steal   %idle
           0.95    0.00    6.18    4.76    0.00   88.12

Device            r/s     w/s     rMB/s     wMB/s   rrqm/s   wrqm/s  %rrqm  %wrqm r_await w_await aqu-sz rareq-sz wareq-sz  svctm  %util
nvme1n1       32076.00 5075.00   2004.69    236.97     0.00     0.00   0.00   0.00    0.40    0.40   0.00    64.00    47.81   0.03 100.00
nvme0n1        460.00    0.00     28.75      0.00     0.00     0.00   0.00   0.00    0.10    0.00   0.00    64.00     0.00   0.81  37.40
cas1-1        32530.00 3705.00   2033.12    231.56     0.00     0.00   0.00   0.00    0.40    0.58   0.00    64.00    64.00   0.03 100.00

avg-cpu:  %user   %nice %system %iowait  %steal   %idle
           0.88    0.00    5.96    4.38    0.00   88.77

Device            r/s     w/s     rMB/s     wMB/s   rrqm/s   wrqm/s  %rrqm  %wrqm r_await w_await aqu-sz rareq-sz wareq-sz  svctm  %util
nvme1n1       32312.00 4611.00   2019.50    229.89     0.00     0.00   0.00   0.00    0.41    0.42   0.00    64.00    51.05   0.03 100.00
nvme0n1        542.00    0.00     33.88      0.00     0.00     0.00   0.00   0.00    0.10    0.00   0.00    64.00     0.00   0.80  43.50
cas1-1        32859.00 3617.00   2053.69    226.06     0.00     0.00   0.00   0.00    0.41    0.56   0.00    64.00    64.00   0.03 100.00

avg-cpu:  %user   %nice %system %iowait  %steal   %idle
           0.88    0.00    5.90    4.14    0.00   89.07

Device            r/s     w/s     rMB/s     wMB/s   rrqm/s   wrqm/s  %rrqm  %wrqm r_await w_await aqu-sz rareq-sz wareq-sz  svctm  %util
nvme1n1       32314.00 4403.00   2019.62    233.41     0.00     0.00   0.00   0.00    0.41    0.42   0.00    64.00    54.28   0.03 100.00
nvme0n1        573.00    0.00     35.81      0.00     0.00     0.00   0.00   0.00    0.10    0.00   0.00    64.00     0.00   0.81  46.50
cas1-1        32885.00 3689.00   2055.31    230.56     0.00     0.00   0.00   0.00    0.41    0.52   0.00    64.00    64.00   0.03 100.00

avg-cpu:  %user   %nice %system %iowait  %steal   %idle
           0.98    0.00    6.03    3.98    0.00   89.02

Device            r/s     w/s     rMB/s     wMB/s   rrqm/s   wrqm/s  %rrqm  %wrqm r_await w_await aqu-sz rareq-sz wareq-sz  svctm  %util
nvme1n1       32266.00 4320.00   2016.63    236.66     0.00     0.00   0.00   0.00    0.41    0.42   0.00    64.00    56.10   0.03 100.00
nvme0n1        791.00    0.00     49.44      0.00     0.00     0.00   0.00   0.00    0.10    0.00   0.00    64.00     0.00   0.72  56.90
cas1-1        33056.00 3753.00   2066.00    234.56     0.00     0.00   0.00   0.00    0.41    0.51   0.00    64.00    64.00   0.03 100.00

avg-cpu:  %user   %nice %system %iowait  %steal   %idle
           0.88    0.00    5.96    1.45    0.00   91.70

Device            r/s     w/s     rMB/s     wMB/s   rrqm/s   wrqm/s  %rrqm  %wrqm r_await w_await aqu-sz rareq-sz wareq-sz  svctm  %util
nvme1n1       32288.00 4092.00   2018.00    233.02     0.00     0.00   0.00   0.00    0.40    0.42   0.00    64.00    58.31   0.03 100.00
nvme0n1       1066.00    0.00     66.62      0.00     0.00     0.00   0.00   0.00    0.10    0.00   0.00    64.00     0.00   0.65  68.80
cas1-1        33357.00 3703.00   2084.81    231.44     0.00     0.00   0.00   0.00    0.41    0.49   0.00    64.00    64.00   0.03 100.00

avg-cpu:  %user   %nice %system %iowait  %steal   %idle
           0.92    0.00    5.81    1.23    0.00   92.05

Device            r/s     w/s     rMB/s     wMB/s   rrqm/s   wrqm/s  %rrqm  %wrqm r_await w_await aqu-sz rareq-sz wareq-sz  svctm  %util
nvme1n1       32338.00 4099.00   2021.12    237.03     0.00     0.00   0.00   0.00    0.41    0.42   0.00    64.00    59.21   0.03 100.00
nvme0n1       1145.00    0.00     71.56      0.00     0.00     0.00   0.00   0.00    0.10    0.00   0.00    64.00     0.00   0.60  68.60
cas1-1        33484.00 3772.00   2092.75    235.75     0.00     0.00   0.00   0.00    0.41    0.48   0.00    64.00    64.00   0.03 100.10

avg-cpu:  %user   %nice %system %iowait  %steal   %idle
           0.82    0.00    5.94    1.99    0.00   91.25

Device            r/s     w/s     rMB/s     wMB/s   rrqm/s   wrqm/s  %rrqm  %wrqm r_await w_await aqu-sz rareq-sz wareq-sz  svctm  %util
nvme1n1       32443.00 3865.00   2027.75    229.61     0.00     0.00   0.00   0.00    0.41    0.42   0.00    64.00    60.83   0.03 100.00
nvme0n1       1206.00    0.00     75.38      0.00     0.00     0.00   0.00   0.00    0.10    0.00   0.00    64.00     0.00   0.61  73.50
cas1-1        33641.00 3662.00   2102.56    228.87     0.00     0.00   0.00   0.00    0.41    0.46   0.00    64.00    64.00   0.03  99.90

avg-cpu:  %user   %nice %system %iowait  %steal   %idle
           0.73    0.00    6.09    1.55    0.00   91.64

Device            r/s     w/s     rMB/s     wMB/s   rrqm/s   wrqm/s  %rrqm  %wrqm r_await w_await aqu-sz rareq-sz wareq-sz  svctm  %util
nvme1n1       32368.00 3921.00   2022.94    235.51     0.00     0.00   0.00   0.00    0.40    0.42   0.00    64.00    61.51   0.03 100.00
nvme0n1       1196.00    0.00     74.75      0.00     0.00     0.00   0.00   0.00    0.10    0.00   0.00    64.00     0.00   0.60  71.20
cas1-1        33564.00 3761.00   2097.75    235.06     0.00     0.00   0.00   0.00    0.40    0.46   0.00    64.00    64.00   0.03 100.10

avg-cpu:  %user   %nice %system %iowait  %steal   %idle
           0.91    0.00    5.84    1.48    0.00   91.77

Device            r/s     w/s     rMB/s     wMB/s   rrqm/s   wrqm/s  %rrqm  %wrqm r_await w_await aqu-sz rareq-sz wareq-sz  svctm  %util
nvme1n1       32325.00 3869.00   2020.38    234.78     0.00     0.00   0.00   0.00    0.40    0.42   0.00    64.00    62.14   0.03 100.00
nvme0n1       1679.00    0.00    104.94      0.00     0.00     0.00   0.00   0.00    0.10    0.00   0.00    64.00     0.00   0.49  82.80
cas1-1        34007.00 3745.00   2125.44    234.06     0.00     0.00   0.00   0.00    0.40    0.45   0.00    64.00    64.00   0.03  99.90

avg-cpu:  %user   %nice %system %iowait  %steal   %idle
           0.91    0.00    6.08    1.10    0.00   91.90

Device            r/s     w/s     rMB/s     wMB/s   rrqm/s   wrqm/s  %rrqm  %wrqm r_await w_await aqu-sz rareq-sz wareq-sz  svctm  %util
nvme1n1       32151.00 3955.00   2009.44    242.32     0.00     0.00   0.00   0.00    0.40    0.42   0.00    64.00    62.74   0.03 100.00
nvme0n1       2081.00    0.00    130.06      0.00     0.00     0.00   0.00   0.00    0.10    0.00   0.00    64.00     0.00   0.43  89.40
cas1-1        34234.00 3872.00   2139.62    242.00     0.00     0.00   0.00   0.00    0.39    0.44   0.00    64.00    64.00   0.03 100.10

avg-cpu:  %user   %nice %system %iowait  %steal   %idle
           1.01    0.00    5.96    1.26    0.00   91.77

Device            r/s     w/s     rMB/s     wMB/s   rrqm/s   wrqm/s  %rrqm  %wrqm r_await w_await aqu-sz rareq-sz wareq-sz  svctm  %util
nvme1n1       32186.00 3935.00   2011.56    242.36     0.00     0.00   0.00   0.00    0.40    0.41   0.00    64.00    63.07   0.03 100.10
nvme0n1       2349.00    0.00    146.81      0.00     0.00     0.00   0.00   0.00    0.10    0.00   0.00    64.00     0.00   0.39  92.40
cas1-1        34533.00 3876.00   2158.31    242.25     0.00     0.00   0.00   0.00    0.39    0.44   0.00    64.00    64.00   0.03 100.00

avg-cpu:  %user   %nice %system %iowait  %steal   %idle
           0.85    0.00    6.18    1.17    0.00   91.80

Device            r/s     w/s     rMB/s     wMB/s   rrqm/s   wrqm/s  %rrqm  %wrqm r_await w_await aqu-sz rareq-sz wareq-sz  svctm  %util
nvme1n1       32302.00 3787.00   2018.88    233.88     0.00     0.00   0.00   0.00    0.41    0.42   0.00    64.00    63.24   0.03 100.00
nvme0n1       2070.00    0.00    129.38      0.00     0.00     0.00   0.00   0.00    0.10    0.00   0.00    64.00     0.00   0.43  89.10
cas1-1        34374.00 3737.00   2148.38    233.56     0.00     0.00   0.00   0.00    0.40    0.45   0.00    64.00    64.00   0.03 100.00

avg-cpu:  %user   %nice %system %iowait  %steal   %idle
           0.79    0.00    5.90    1.86    0.00   91.45

Device            r/s     w/s     rMB/s     wMB/s   rrqm/s   wrqm/s  %rrqm  %wrqm r_await w_await aqu-sz rareq-sz wareq-sz  svctm  %util
nvme1n1       32371.00 3806.00   2023.19    236.06     0.00     0.00   0.00   0.00    0.41    0.42   0.00    64.00    63.51   0.03 100.00
nvme0n1       2473.00    0.00    154.56      0.00     0.00     0.00   0.00   0.00    0.10    0.00   0.00    64.00     0.00   0.38  92.80
cas1-1        34844.00 3775.00   2177.75    235.94     0.00     0.00   0.00   0.00    0.40    0.45   0.00    64.00    64.00   0.03 100.00

avg-cpu:  %user   %nice %system %iowait  %steal   %idle
           0.88    0.00    5.90    1.48    0.00   91.73

Device            r/s     w/s     rMB/s     wMB/s   rrqm/s   wrqm/s  %rrqm  %wrqm r_await w_await aqu-sz rareq-sz wareq-sz  svctm  %util
nvme1n1       32280.00 3856.00   2017.50    239.42     0.00     0.00   0.00   0.00    0.41    0.42   0.00    64.00    63.58   0.03 100.00
nvme0n1       2155.00    0.00    134.69      0.00     0.00     0.00   0.00   0.00    0.10    0.00   0.00    64.00     0.00   0.41  89.40
cas1-1        34429.00 3833.00   2151.81    239.56     0.00     0.00   0.00   0.00    0.40    0.44   0.00    64.00    64.00   0.03 100.00

avg-cpu:  %user   %nice %system %iowait  %steal   %idle
           0.82    0.00    5.87    1.67    0.00   91.63

Device            r/s     w/s     rMB/s     wMB/s   rrqm/s   wrqm/s  %rrqm  %wrqm r_await w_await aqu-sz rareq-sz wareq-sz  svctm  %util
nvme1n1       32252.00 3829.00   2015.75    238.20     0.00     0.00   0.00   0.00    0.40    0.42   0.00    64.00    63.70   0.03 100.00
nvme0n1       2459.00    0.00    153.69      0.00     0.00     0.00   0.00   0.00    0.10    0.00   0.00    64.00     0.00   0.38  92.70
cas1-1        34713.00 3807.00   2169.56    237.94     0.00     0.00   0.00   0.00    0.39    0.44   0.00    64.00    64.00   0.03 100.00

avg-cpu:  %user   %nice %system %iowait  %steal   %idle
           0.91    0.00    6.05    2.11    0.00   90.92

Device            r/s     w/s     rMB/s     wMB/s   rrqm/s   wrqm/s  %rrqm  %wrqm r_await w_await aqu-sz rareq-sz wareq-sz  svctm  %util
nvme1n1       32167.00 3854.00   2010.44    239.76     0.00     0.00   0.00   0.00    0.39    0.41   0.00    64.00    63.70   0.03 100.00
nvme0n1       2857.00    0.00    178.56      0.00     0.00     0.00   0.00   0.00    0.11    0.00   0.00    64.00     0.00   0.33  95.70
cas1-1        35026.00 3836.00   2189.12    239.75     0.00     0.00   0.00   0.00    0.38    0.43   0.00    64.00    64.00   0.03 100.00

avg-cpu:  %user   %nice %system %iowait  %steal   %idle
           0.88    0.00    6.12    1.42    0.00   91.58

Device            r/s     w/s     rMB/s     wMB/s   rrqm/s   wrqm/s  %rrqm  %wrqm r_await w_await aqu-sz rareq-sz wareq-sz  svctm  %util
nvme1n1       32102.00 3923.00   2006.38    244.13     0.00     0.00   0.00   0.00    0.40    0.42   0.00    64.00    63.72   0.03 100.00
nvme0n1       3002.00    0.00    187.62      0.00     0.00     0.00   0.00   0.00    0.10    0.00   0.00    64.00     0.00   0.32  96.70
cas1-1        35113.00 3904.00   2194.56    244.00     0.00     0.00   0.00   0.00    0.39    0.44   0.00    64.00    64.00   0.03 100.00

avg-cpu:  %user   %nice %system %iowait  %steal   %idle
           0.91    0.00    6.03    2.59    0.00   90.47

Device            r/s     w/s     rMB/s     wMB/s   rrqm/s   wrqm/s  %rrqm  %wrqm r_await w_await aqu-sz rareq-sz wareq-sz  svctm  %util
nvme1n1       32092.00 3962.00   2005.75    247.10     0.00     0.00   0.00   0.00    0.40    0.42   0.00    64.00    63.86   0.03 100.00
nvme0n1       3540.00    0.00    221.25      0.00     0.00     0.00   0.00   0.00    0.11    0.00   0.00    64.00     0.00   0.28  98.70
cas1-1        35627.00 3952.00   2226.69    247.00     0.00     0.00   0.00   0.00    0.38    0.44   0.00    64.00    64.00   0.03 100.00

avg-cpu:  %user   %nice %system %iowait  %steal   %idle
           0.88    0.00    5.90    1.23    0.00   91.98

Device            r/s     w/s     rMB/s     wMB/s   rrqm/s   wrqm/s  %rrqm  %wrqm r_await w_await aqu-sz rareq-sz wareq-sz  svctm  %util
nvme1n1       32059.00 3996.00   2003.69    249.28     0.00     0.00   0.00   0.00    0.40    0.42   0.00    64.00    63.88   0.03 100.00
nvme0n1       3918.00    0.00    244.88      0.00     0.00     0.00   0.00   0.00    0.11    0.00   0.00    64.00     0.00   0.25  97.90
cas1-1        35973.00 3989.00   2248.31    249.31     0.00     0.00   0.00   0.00    0.38    0.44   0.00    64.00    64.00   0.03 100.00

avg-cpu:  %user   %nice %system %iowait  %steal   %idle
           0.85    0.00    6.15    2.30    0.00   90.69

Device            r/s     w/s     rMB/s     wMB/s   rrqm/s   wrqm/s  %rrqm  %wrqm r_await w_await aqu-sz rareq-sz wareq-sz  svctm  %util
nvme1n1       31706.00 4049.00   1981.62    252.83     0.00     0.00   0.00   0.00    0.39    0.41   0.00    64.00    63.94   0.03 100.00
nvme0n1       4379.00    0.00    273.69      0.00     0.00     0.00   0.00   0.00    0.11    0.00   0.00    64.00     0.00   0.23  98.70
cas1-1        36083.00 4045.00   2255.19    252.81     0.00     0.00   0.00   0.00    0.37    0.43   0.00    64.00    64.00   0.02 100.00

avg-cpu:  %user   %nice %system %iowait  %steal   %idle
           0.88    0.00    5.97    1.64    0.00   91.51

Device            r/s     w/s     rMB/s     wMB/s   rrqm/s   wrqm/s  %rrqm  %wrqm r_await w_await aqu-sz rareq-sz wareq-sz  svctm  %util
nvme1n1       32214.00 3942.00   2013.38    246.38     0.00     0.00   0.00   0.00    0.40    0.42   0.00    64.00    64.00   0.03 100.00
nvme0n1       4351.00    0.00    271.94      0.00     0.00     0.00   0.00   0.00    0.11    0.00   0.00    64.00     0.00   0.23  99.40
cas1-1        36567.00 3943.00   2285.44    246.44     0.00     0.00   0.00   0.00    0.38    0.44   0.00    64.00    64.00   0.02 100.00

avg-cpu:  %user   %nice %system %iowait  %steal   %idle
           0.85    0.00    6.18    2.62    0.00   90.35

Device            r/s     w/s     rMB/s     wMB/s   rrqm/s   wrqm/s  %rrqm  %wrqm r_await w_await aqu-sz rareq-sz wareq-sz  svctm  %util
nvme1n1       31906.00 4007.00   1994.12    250.32     0.00     0.00   0.00   0.00    0.40    0.41   0.00    64.00    63.97   0.03 100.20
nvme0n1       4225.00    0.00    264.06      0.00     0.00     0.00   0.00   0.00    0.11    0.00   0.00    64.00     0.00   0.23  98.70
cas1-1        36134.00 4005.00   2258.38    250.31     0.00     0.00   0.00   0.00    0.37    0.43   0.00    64.00    64.00   0.02 100.00

avg-cpu:  %user   %nice %system %iowait  %steal   %idle
           0.79    0.00    6.12    2.37    0.00   90.72

Device            r/s     w/s     rMB/s     wMB/s   rrqm/s   wrqm/s  %rrqm  %wrqm r_await w_await aqu-sz rareq-sz wareq-sz  svctm  %util
nvme1n1       31831.00 4079.00   1989.44    254.94     0.00     0.00   0.00   0.00    0.40    0.42   0.00    64.00    64.00   0.03 100.00
nvme0n1       4512.00    0.00    282.00      0.00     0.00     0.00   0.00   0.00    0.11    0.00   0.00    64.00     0.00   0.22  98.80
cas1-1        36339.00 4077.00   2271.19    254.81     0.00     0.00   0.00   0.00    0.38    0.44   0.00    64.00    64.00   0.02 100.00

avg-cpu:  %user   %nice %system %iowait  %steal   %idle
           0.91    0.00    6.09    2.46    0.00   90.54

Device            r/s     w/s     rMB/s     wMB/s   rrqm/s   wrqm/s  %rrqm  %wrqm r_await w_await aqu-sz rareq-sz wareq-sz  svctm  %util
nvme1n1       31856.00 4118.00   1991.00    257.38     0.00     0.00   0.00   0.00    0.39    0.41   0.00    64.00    64.00   0.03 100.00
nvme0n1       4867.00    0.00    304.19      0.00     0.00     0.00   0.00   0.00    0.11    0.00   0.00    64.00     0.00   0.20  99.30
cas1-1        36723.00 4118.00   2295.19    257.38     0.00     0.00   0.00   0.00    0.37    0.43   0.00    64.00    64.00   0.02 100.00

avg-cpu:  %user   %nice %system %iowait  %steal   %idle
           0.85    0.00    6.31    1.70    0.00   91.14

Device            r/s     w/s     rMB/s     wMB/s   rrqm/s   wrqm/s  %rrqm  %wrqm r_await w_await aqu-sz rareq-sz wareq-sz  svctm  %util
nvme1n1       31685.00 4069.00   1980.31    254.20     0.00     0.00   0.00   0.00    0.39    0.40   0.00    64.00    63.97   0.03 100.00
nvme0n1       5171.00    0.00    323.19      0.00     0.00     0.00   0.00   0.00    0.11    0.00   0.00    64.00     0.00   0.19  99.70
cas1-1        36859.00 4068.00   2303.69    254.25     0.00     0.00   0.00   0.00    0.36    0.43   0.00    64.00    64.00   0.02 100.00

avg-cpu:  %user   %nice %system %iowait  %steal   %idle
           0.91    0.00    6.11    1.23    0.00   91.74

Device            r/s     w/s     rMB/s     wMB/s   rrqm/s   wrqm/s  %rrqm  %wrqm r_await w_await aqu-sz rareq-sz wareq-sz  svctm  %util
nvme1n1       31893.00 4105.00   1993.31    256.56     0.00     0.00   0.00   0.00    0.40    0.41   0.00    64.00    64.00   0.03 100.00
nvme0n1       4848.00    0.00    303.00      0.00     0.00     0.00   0.00   0.00    0.11    0.00   0.00    64.00     0.00   0.21  99.60
cas1-1        36745.00 4105.00   2296.56    256.56     0.00     0.00   0.00   0.00    0.37    0.43   0.00    64.00    64.00   0.02 100.10

avg-cpu:  %user   %nice %system %iowait  %steal   %idle
           0.98    0.00    6.12    1.73    0.00   91.17

Device            r/s     w/s     rMB/s     wMB/s   rrqm/s   wrqm/s  %rrqm  %wrqm r_await w_await aqu-sz rareq-sz wareq-sz  svctm  %util
nvme1n1       31743.00 4063.00   1984.00    253.88     0.00     0.00   0.00   0.00    0.39    0.40   0.00    64.00    63.99   0.03 100.00
nvme0n1       4930.00    0.00    308.12      0.00     0.00     0.00   0.00   0.00    0.11    0.00   0.00    64.00     0.00   0.20  99.60
cas1-1        36669.00 4061.00   2291.81    253.81     0.00     0.00   0.00   0.00    0.36    0.43   0.00    64.00    64.00   0.02  99.90

avg-cpu:  %user   %nice %system %iowait  %steal   %idle
           0.98    0.00    6.27    1.39    0.00   91.37

Device            r/s     w/s     rMB/s     wMB/s   rrqm/s   wrqm/s  %rrqm  %wrqm r_await w_await aqu-sz rareq-sz wareq-sz  svctm  %util
nvme1n1       31618.00 4098.00   1976.06    256.07     0.00     0.00   0.00   0.00    0.38    0.40   0.00    64.00    63.99   0.03 100.20
nvme0n1       5370.00    0.00    335.62      0.00     0.00     0.00   0.00   0.00    0.11    0.00   0.00    64.00     0.00   0.19  99.70
cas1-1        36984.00 4097.00   2311.50    256.06     0.00     0.00   0.00   0.00    0.36    0.42   0.00    64.00    64.00   0.02 100.00

avg-cpu:  %user   %nice %system %iowait  %steal   %idle
           0.95    0.00    6.13    1.58    0.00   91.35

Device            r/s     w/s     rMB/s     wMB/s   rrqm/s   wrqm/s  %rrqm  %wrqm r_await w_await aqu-sz rareq-sz wareq-sz  svctm  %util
nvme1n1       31845.00 4135.00   1990.31    258.44     0.00     0.00   0.00   0.00    0.38    0.40   0.00    64.00    64.00   0.03 100.00
nvme0n1       5597.00    0.00    349.81      0.00     0.00     0.00   0.00   0.00    0.11    0.00   0.00    64.00     0.00   0.18 100.00
cas1-1        37443.00 4137.00   2340.19    258.56     0.00     0.00   0.00   0.00    0.36    0.42   0.00    64.00    64.00   0.02 100.10

avg-cpu:  %user   %nice %system %iowait  %steal   %idle
           0.88    0.00    6.18    2.56    0.00   90.38

Device            r/s     w/s     rMB/s     wMB/s   rrqm/s   wrqm/s  %rrqm  %wrqm r_await w_await aqu-sz rareq-sz wareq-sz  svctm  %util
nvme1n1       31383.00 4192.00   1961.44    262.00     0.00     0.00   0.00   0.00    0.40    0.42   0.00    64.00    64.00   0.03 100.20
nvme0n1       6081.00    0.00    380.06      0.00     0.00     0.00   0.00   0.00    0.11    0.00   0.00    64.00     0.00   0.16 100.00
cas1-1        37465.00 4191.00   2341.56    261.94     0.00     0.00   0.00   0.00    0.36    0.44   0.00    64.00    64.00   0.02 100.00

avg-cpu:  %user   %nice %system %iowait  %steal   %idle
           0.95    0.00    6.09    2.02    0.00   90.94

Device            r/s     w/s     rMB/s     wMB/s   rrqm/s   wrqm/s  %rrqm  %wrqm r_await w_await aqu-sz rareq-sz wareq-sz  svctm  %util
nvme1n1       31746.00 4213.00   1984.12    263.31     0.00     0.00   0.00   0.00    0.39    0.41   0.00    64.00    64.00   0.03 100.00
nvme0n1       6398.00    0.00    399.88      0.00     0.00     0.00   0.00   0.00    0.11    0.00   0.00    64.00     0.00   0.16  99.80
cas1-1        38142.00 4214.00   2383.88    263.38     0.00     0.00   0.00   0.00    0.35    0.43   0.00    64.00    64.00   0.02 100.00

avg-cpu:  %user   %nice %system %iowait  %steal   %idle
           0.82    0.00    6.31    2.46    0.00   90.41

Device            r/s     w/s     rMB/s     wMB/s   rrqm/s   wrqm/s  %rrqm  %wrqm r_await w_await aqu-sz rareq-sz wareq-sz  svctm  %util
nvme1n1       31455.00 4193.00   1965.94    262.06     0.00     0.00   0.00   0.00    0.39    0.40   0.00    64.00    64.00   0.03 100.10
nvme0n1       6770.00    0.00    423.12      0.00     0.00     0.00   0.00   0.00    0.11    0.00   0.00    64.00     0.00   0.15 100.00
cas1-1        38231.00 4192.00   2389.44    262.00     0.00     0.00   0.00   0.00    0.35    0.42   0.00    64.00    64.00   0.02 100.00

avg-cpu:  %user   %nice %system %iowait  %steal   %idle
           0.79    0.00    6.34    2.14    0.00   90.73

Device            r/s     w/s     rMB/s     wMB/s   rrqm/s   wrqm/s  %rrqm  %wrqm r_await w_await aqu-sz rareq-sz wareq-sz  svctm  %util
nvme1n1       31136.00 4207.00   1946.00    262.94     0.00     0.00   0.00   0.00    0.39    0.41   0.00    64.00    64.00   0.03 100.00
nvme0n1       6884.00    0.00    430.25      0.00     0.00     0.00   0.00   0.00    0.11    0.00   0.00    64.00     0.00   0.14  99.70
cas1-1        38019.00 4207.00   2376.19    262.94     0.00     0.00   0.00   0.00    0.35    0.43   0.00    64.00    64.00   0.02 100.00

avg-cpu:  %user   %nice %system %iowait  %steal   %idle
           0.88    0.00    6.40    1.04    0.00   91.68

Device            r/s     w/s     rMB/s     wMB/s   rrqm/s   wrqm/s  %rrqm  %wrqm r_await w_await aqu-sz rareq-sz wareq-sz  svctm  %util
nvme1n1       31482.00 4329.00   1967.62    270.56     0.00     0.00   0.00   0.00    0.38    0.39   0.00    64.00    64.00   0.03 100.00
nvme0n1       7318.00    0.00    457.38      0.00     0.00     0.00   0.00   0.00    0.11    0.00   0.00    64.00     0.00   0.14 100.10
cas1-1        38803.00 4328.00   2425.19    270.50     0.00     0.00   0.00   0.00    0.34    0.42   0.00    64.00    64.00   0.02 100.00

avg-cpu:  %user   %nice %system %iowait  %steal   %idle
           0.82    0.00    6.35    1.55    0.00   91.29

Device            r/s     w/s     rMB/s     wMB/s   rrqm/s   wrqm/s  %rrqm  %wrqm r_await w_await aqu-sz rareq-sz wareq-sz  svctm  %util
nvme1n1       31193.00 4339.00   1949.56    271.19     0.00     0.00   0.00   0.00    0.38    0.40   0.00    64.00    64.00   0.03 100.00
nvme0n1       7932.00    0.00    495.75      0.00     0.00     0.00   0.00   0.00    0.11    0.00   0.00    64.00     0.00   0.13 100.00
cas1-1        39121.00 4341.00   2445.06    271.31     0.00     0.00   0.00   0.00    0.34    0.42   0.00    64.00    64.00   0.02 100.00

avg-cpu:  %user   %nice %system %iowait  %steal   %idle
           0.82    0.00    6.43    1.01    0.00   91.74

Device            r/s     w/s     rMB/s     wMB/s   rrqm/s   wrqm/s  %rrqm  %wrqm r_await w_await aqu-sz rareq-sz wareq-sz  svctm  %util
nvme1n1       31073.00 4428.00   1942.06    276.75     0.00     0.00   0.00   0.00    0.38    0.39   0.00    64.00    64.00   0.03 100.00
nvme0n1       8955.00    0.00    559.69      0.00     0.00     0.00   0.00   0.00    0.11    0.00   0.00    64.00     0.00   0.11 100.00
cas1-1        40028.00 4429.00   2501.75    276.81     0.00     0.00   0.00   0.00    0.33    0.41   0.00    64.00    64.00   0.02 100.00

avg-cpu:  %user   %nice %system %iowait  %steal   %idle
           0.88    0.00    6.43    1.20    0.00   91.49

Device            r/s     w/s     rMB/s     wMB/s   rrqm/s   wrqm/s  %rrqm  %wrqm r_await w_await aqu-sz rareq-sz wareq-sz  svctm  %util
nvme1n1       31104.00 4409.00   1944.06    275.56     0.00     0.00   0.00   0.00    0.37    0.39   0.00    64.00    64.00   0.03 100.00
nvme0n1       9258.00    0.00    578.62      0.00     0.00     0.00   0.00   0.00    0.11    0.00   0.00    64.00     0.00   0.11 100.00
cas1-1        40358.00 4408.00   2522.38    275.50     0.00     0.00   0.00   0.00    0.32    0.41   0.00    64.00    64.00   0.02 100.00

avg-cpu:  %user   %nice %system %iowait  %steal   %idle
           0.88    0.00    6.47    0.85    0.00   91.80

Device            r/s     w/s     rMB/s     wMB/s   rrqm/s   wrqm/s  %rrqm  %wrqm r_await w_await aqu-sz rareq-sz wareq-sz  svctm  %util
nvme1n1       30845.00 4420.00   1927.75    276.25     0.00     0.00   0.00   0.00    0.38    0.40   0.00    64.00    64.00   0.03 100.20
nvme0n1       9202.00    0.00    575.12      0.00     0.00     0.00   0.00   0.00    0.11    0.00   0.00    64.00     0.00   0.11 100.00
cas1-1        40051.00 4420.00   2503.19    276.25     0.00     0.00   0.00   0.00    0.33    0.42   0.00    64.00    64.00   0.02 100.00

avg-cpu:  %user   %nice %system %iowait  %steal   %idle
           0.85    0.00    6.61    1.20    0.00   91.34

Device            r/s     w/s     rMB/s     wMB/s   rrqm/s   wrqm/s  %rrqm  %wrqm r_await w_await aqu-sz rareq-sz wareq-sz  svctm  %util
nvme1n1       31527.00 4372.00   1970.44    273.25     0.00     0.00   0.00   0.00    0.37    0.39   0.00    64.00    64.00   0.03 100.00
nvme0n1       8766.00    0.00    547.88      0.00     0.00     0.00   0.00   0.00    0.11    0.00   0.00    64.00     0.00   0.11 100.00
cas1-1        40296.00 4372.00   2518.50    273.25     0.00     0.00   0.00   0.00    0.33    0.41   0.00    64.00    64.00   0.02 100.00

avg-cpu:  %user   %nice %system %iowait  %steal   %idle
           0.85    0.00    6.56    1.92    0.00   90.67

Device            r/s     w/s     rMB/s     wMB/s   rrqm/s   wrqm/s  %rrqm  %wrqm r_await w_await aqu-sz rareq-sz wareq-sz  svctm  %util
nvme1n1       31152.00 4391.00   1947.00    274.44     0.00     0.00   0.00   0.00    0.37    0.38   0.00    64.00    64.00   0.03 100.00
nvme0n1       8943.00    0.00    558.94      0.00     0.00     0.00   0.00   0.00    0.11    0.00   0.00    64.00     0.00   0.11 100.00
cas1-1        40093.00 4390.00   2505.81    274.38     0.00     0.00   0.00   0.00    0.32    0.41   0.00    64.00    64.00   0.02 100.00

avg-cpu:  %user   %nice %system %iowait  %steal   %idle
           0.88    0.00    6.44    1.14    0.00   91.54

Device            r/s     w/s     rMB/s     wMB/s   rrqm/s   wrqm/s  %rrqm  %wrqm r_await w_await aqu-sz rareq-sz wareq-sz  svctm  %util
nvme1n1       31308.00 4428.00   1956.75    276.75     0.00     0.00   0.00   0.00    0.37    0.39   0.00    64.00    64.00   0.03 100.20
nvme0n1       9423.00    0.00    588.94      0.00     0.00     0.00   0.00   0.00    0.11    0.00   0.00    64.00     0.00   0.11 100.00
cas1-1        40730.00 4427.00   2545.62    276.69     0.00     0.00   0.00   0.00    0.32    0.41   0.00    64.00    64.00   0.02 100.20

avg-cpu:  %user   %nice %system %iowait  %steal   %idle
           0.88    0.00    6.46    2.37    0.00   90.29

Device            r/s     w/s     rMB/s     wMB/s   rrqm/s   wrqm/s  %rrqm  %wrqm r_await w_await aqu-sz rareq-sz wareq-sz  svctm  %util
nvme1n1       31582.00 4356.00   1973.88    272.25     0.00     0.00   0.00   0.00    0.37    0.39   0.00    64.00    64.00   0.03 100.00
nvme0n1       9438.00    0.00    589.88      0.00     0.00     0.00   0.00   0.00    0.11    0.00   0.00    64.00     0.00   0.11  99.90
cas1-1        41017.00 4356.00   2563.56    272.25     0.00     0.00   0.00   0.00    0.32    0.41   0.00    64.00    64.00   0.02 100.00

avg-cpu:  %user   %nice %system %iowait  %steal   %idle
           0.79    0.00    6.56    1.95    0.00   90.70

Device            r/s     w/s     rMB/s     wMB/s   rrqm/s   wrqm/s  %rrqm  %wrqm r_await w_await aqu-sz rareq-sz wareq-sz  svctm  %util
nvme1n1       30958.00 4428.00   1934.88    276.75     0.00     0.00   0.00   0.00    0.38    0.40   0.00    64.00    64.00   0.03 100.00
nvme0n1       9131.00    0.00    570.69      0.00     0.00     0.00   0.00   0.00    0.11    0.00   0.00    64.00     0.00   0.11 100.00
cas1-1        40089.00 4428.00   2505.56    276.75     0.00     0.00   0.00   0.00    0.33    0.42   0.00    64.00    64.00   0.02 100.00

avg-cpu:  %user   %nice %system %iowait  %steal   %idle
           0.98    0.00    6.41    1.33    0.00   91.29

Device            r/s     w/s     rMB/s     wMB/s   rrqm/s   wrqm/s  %rrqm  %wrqm r_await w_await aqu-sz rareq-sz wareq-sz  svctm  %util
nvme1n1       30824.00 4463.00   1926.50    278.94     0.00     0.00   0.00   0.00    0.35    0.37   0.00    64.00    64.00   0.03 100.00
nvme0n1       9623.00    0.00    601.44      0.00     0.00     0.00   0.00   0.00    0.11    0.00   0.00    64.00     0.00   0.10 100.00
cas1-1        40453.00 4464.00   2528.31    279.00     0.00     0.00   0.00   0.00    0.30    0.39   0.00    64.00    64.00   0.02 100.00

avg-cpu:  %user   %nice %system %iowait  %steal   %idle
           0.88    0.00    6.46    1.23    0.00   91.42

Device            r/s     w/s     rMB/s     wMB/s   rrqm/s   wrqm/s  %rrqm  %wrqm r_await w_await aqu-sz rareq-sz wareq-sz  svctm  %util
nvme1n1       30965.00 4499.00   1935.31    281.19     0.00     0.00   0.00   0.00    0.37    0.38   0.00    64.00    64.00   0.03 100.00
nvme0n1       9059.00    0.00    566.19      0.00     0.00     0.00   0.00   0.00    0.11    0.00   0.00    64.00     0.00   0.11 100.00
cas1-1        40025.00 4499.00   2501.56    281.19     0.00     0.00   0.00   0.00    0.32    0.41   0.00    64.00    64.00   0.02 100.10

avg-cpu:  %user   %nice %system %iowait  %steal   %idle
           0.85    0.00    6.61    1.51    0.00   91.03

Device            r/s     w/s     rMB/s     wMB/s   rrqm/s   wrqm/s  %rrqm  %wrqm r_await w_await aqu-sz rareq-sz wareq-sz  svctm  %util
nvme1n1       31075.00 4532.00   1942.19    283.25     0.00     0.00   0.00   0.00    0.38    0.40   0.00    64.00    64.00   0.03 100.00
nvme0n1       9177.00    0.00    573.56      0.00     0.00     0.00   0.00   0.00    0.11    0.00   0.00    64.00     0.00   0.11 100.00
cas1-1        40251.00 4535.00   2515.69    283.44     0.00     0.00   0.00   0.00    0.33    0.42   0.00    64.00    64.00   0.02  99.90

