Linux 5.4.1-050401-lowlatency (kanwu-Super-Server) 	09/10/2020 	_x86_64_	(32 CPU)

avg-cpu:  %user   %nice %system %iowait  %steal   %idle
           0.05    0.00    0.12    0.05    0.00   99.78

Device            r/s     w/s     rMB/s     wMB/s   rrqm/s   wrqm/s  %rrqm  %wrqm r_await w_await aqu-sz rareq-sz wareq-sz  svctm  %util
nvme1n1        573.38  138.09     35.83      8.44     0.00     0.00   0.00   0.00    0.28    0.37   0.00    64.00    62.57   0.03   2.04
nvme0n1        139.95   74.36      8.75      4.65     0.00     0.00   0.00   0.00    0.22    0.07   0.00    63.99    63.97   0.06   1.19
cas1-1          13.34   13.34      0.83      0.83     0.00     0.00   0.00   0.00    0.48    0.51   0.00    64.00    64.00   0.03   0.09

avg-cpu:  %user   %nice %system %iowait  %steal   %idle
           0.16    0.00    0.72    1.79    0.00   97.34

Device            r/s     w/s     rMB/s     wMB/s   rrqm/s   wrqm/s  %rrqm  %wrqm r_await w_await aqu-sz rareq-sz wareq-sz  svctm  %util
nvme1n1         35.00 1173.00      1.07    138.76     0.00     0.00   0.00   0.00    0.03    0.44   0.04    31.44   121.13   0.08   9.80
nvme0n1         44.00    0.00      1.04      0.00     0.00     0.00   0.00   0.00    0.11    0.00   0.00    24.18     0.00   0.23   1.00
cas1-1        18446744073708554240.00 18446744073708554240.00 9007199254678502.00 9007199254678481.00     0.00     0.00   0.00   0.00    0.00    0.00 4294961.73     0.50     0.50   0.00 429490357.20

avg-cpu:  %user   %nice %system %iowait  %steal   %idle
           0.03    0.00    0.06    2.25    0.00   97.65

Device            r/s     w/s     rMB/s     wMB/s   rrqm/s   wrqm/s  %rrqm  %wrqm r_await w_await aqu-sz rareq-sz wareq-sz  svctm  %util
nvme1n1          0.00    0.00      0.00      0.00     0.00     0.00   0.00   0.00    0.00    0.00   0.00     0.00     0.00   0.00   0.00
nvme0n1          0.00    0.00      0.00      0.00     0.00     0.00   0.00   0.00    0.00    0.00   0.00     0.00     0.00   0.00   0.00
cas1-1           0.00    0.00      0.00      0.00     0.00     0.00   0.00   0.00    0.00    0.00   0.00     0.00     0.00   0.00   0.00

avg-cpu:  %user   %nice %system %iowait  %steal   %idle
           0.06    0.00    0.06    3.16    0.00   96.72

Device            r/s     w/s     rMB/s     wMB/s   rrqm/s   wrqm/s  %rrqm  %wrqm r_await w_await aqu-sz rareq-sz wareq-sz  svctm  %util
nvme1n1          0.00    0.00      0.00      0.00     0.00     0.00   0.00   0.00    0.00    0.00   0.00     0.00     0.00   0.00   0.00
nvme0n1          0.00    0.00      0.00      0.00     0.00     0.00   0.00   0.00    0.00    0.00   0.00     0.00     0.00   0.00   0.00
cas1-1           0.00    0.00      0.00      0.00     0.00     0.00   0.00   0.00    0.00    0.00   0.00     0.00     0.00   0.00   0.00

avg-cpu:  %user   %nice %system %iowait  %steal   %idle
           0.13    0.00    0.03    3.28    0.00   96.56

Device            r/s     w/s     rMB/s     wMB/s   rrqm/s   wrqm/s  %rrqm  %wrqm r_await w_await aqu-sz rareq-sz wareq-sz  svctm  %util
nvme1n1          0.00    0.00      0.00      0.00     0.00     0.00   0.00   0.00    0.00    0.00   0.00     0.00     0.00   0.00   0.00
nvme0n1          0.00    0.00      0.00      0.00     0.00     0.00   0.00   0.00    0.00    0.00   0.00     0.00     0.00   0.00   0.00
cas1-1           0.00    0.00      0.00      0.00     0.00     0.00   0.00   0.00    0.00    0.00   0.00     0.00     0.00   0.00   0.00

avg-cpu:  %user   %nice %system %iowait  %steal   %idle
           0.06    0.00    0.06    3.69    0.00   96.19

Device            r/s     w/s     rMB/s     wMB/s   rrqm/s   wrqm/s  %rrqm  %wrqm r_await w_await aqu-sz rareq-sz wareq-sz  svctm  %util
nvme1n1          0.00    0.00      0.00      0.00     0.00     0.00   0.00   0.00    0.00    0.00   0.00     0.00     0.00   0.00   0.00
nvme0n1          0.00    0.00      0.00      0.00     0.00     0.00   0.00   0.00    0.00    0.00   0.00     0.00     0.00   0.00   0.00
cas1-1           0.00    0.00      0.00      0.00     0.00     0.00   0.00   0.00    0.00    0.00   0.00     0.00     0.00   0.00   0.00

avg-cpu:  %user   %nice %system %iowait  %steal   %idle
           0.13    0.00    0.03    3.53    0.00   96.31

Device            r/s     w/s     rMB/s     wMB/s   rrqm/s   wrqm/s  %rrqm  %wrqm r_await w_await aqu-sz rareq-sz wareq-sz  svctm  %util
nvme1n1          0.00    0.00      0.00      0.00     0.00     0.00   0.00   0.00    0.00    0.00   0.00     0.00     0.00   0.00   0.00
nvme0n1          0.00    0.00      0.00      0.00     0.00     0.00   0.00   0.00    0.00    0.00   0.00     0.00     0.00   0.00   0.00
cas1-1           0.00    0.00      0.00      0.00     0.00     0.00   0.00   0.00    0.00    0.00   0.00     0.00     0.00   0.00   0.00

avg-cpu:  %user   %nice %system %iowait  %steal   %idle
           0.03    0.00    0.03    3.72    0.00   96.22

Device            r/s     w/s     rMB/s     wMB/s   rrqm/s   wrqm/s  %rrqm  %wrqm r_await w_await aqu-sz rareq-sz wareq-sz  svctm  %util
nvme1n1          0.00    0.00      0.00      0.00     0.00     0.00   0.00   0.00    0.00    0.00   0.00     0.00     0.00   0.00   0.00
nvme0n1          0.00    0.00      0.00      0.00     0.00     0.00   0.00   0.00    0.00    0.00   0.00     0.00     0.00   0.00   0.00
cas1-1           0.00    0.00      0.00      0.00     0.00     0.00   0.00   0.00    0.00    0.00   0.00     0.00     0.00   0.00   0.00

avg-cpu:  %user   %nice %system %iowait  %steal   %idle
           0.00    0.00    0.03    3.53    0.00   96.44

Device            r/s     w/s     rMB/s     wMB/s   rrqm/s   wrqm/s  %rrqm  %wrqm r_await w_await aqu-sz rareq-sz wareq-sz  svctm  %util
nvme1n1          0.00    0.00      0.00      0.00     0.00     0.00   0.00   0.00    0.00    0.00   0.00     0.00     0.00   0.00   0.00
nvme0n1          0.00    0.00      0.00      0.00     0.00     0.00   0.00   0.00    0.00    0.00   0.00     0.00     0.00   0.00   0.00
cas1-1           0.00    0.00      0.00      0.00     0.00     0.00   0.00   0.00    0.00    0.00   0.00     0.00     0.00   0.00   0.00

avg-cpu:  %user   %nice %system %iowait  %steal   %idle
           0.06    0.00    0.03    3.47    0.00   96.44

Device            r/s     w/s     rMB/s     wMB/s   rrqm/s   wrqm/s  %rrqm  %wrqm r_await w_await aqu-sz rareq-sz wareq-sz  svctm  %util
nvme1n1          0.00    0.00      0.00      0.00     0.00     0.00   0.00   0.00    0.00    0.00   0.00     0.00     0.00   0.00   0.00
nvme0n1          0.00    0.00      0.00      0.00     0.00     0.00   0.00   0.00    0.00    0.00   0.00     0.00     0.00   0.00   0.00
cas1-1           0.00    0.00      0.00      0.00     0.00     0.00   0.00   0.00    0.00    0.00   0.00     0.00     0.00   0.00   0.00

avg-cpu:  %user   %nice %system %iowait  %steal   %idle
           0.03    0.00    0.06    3.63    0.00   96.28

Device            r/s     w/s     rMB/s     wMB/s   rrqm/s   wrqm/s  %rrqm  %wrqm r_await w_await aqu-sz rareq-sz wareq-sz  svctm  %util
nvme1n1          0.00    0.00      0.00      0.00     0.00     0.00   0.00   0.00    0.00    0.00   0.00     0.00     0.00   0.00   0.00
nvme0n1          0.00    0.00      0.00      0.00     0.00     0.00   0.00   0.00    0.00    0.00   0.00     0.00     0.00   0.00   0.00
cas1-1           0.00    0.00      0.00      0.00     0.00     0.00   0.00   0.00    0.00    0.00   0.00     0.00     0.00   0.00   0.00

avg-cpu:  %user   %nice %system %iowait  %steal   %idle
           0.00    0.00    0.06    3.63    0.00   96.31

Device            r/s     w/s     rMB/s     wMB/s   rrqm/s   wrqm/s  %rrqm  %wrqm r_await w_await aqu-sz rareq-sz wareq-sz  svctm  %util
nvme1n1          0.00    0.00      0.00      0.00     0.00     0.00   0.00   0.00    0.00    0.00   0.00     0.00     0.00   0.00   0.00
nvme0n1          0.00    0.00      0.00      0.00     0.00     0.00   0.00   0.00    0.00    0.00   0.00     0.00     0.00   0.00   0.00
cas1-1           0.00    0.00      0.00      0.00     0.00     0.00   0.00   0.00    0.00    0.00   0.00     0.00     0.00   0.00   0.00

avg-cpu:  %user   %nice %system %iowait  %steal   %idle
           0.03    0.00    0.06    3.03    0.00   96.87

Device            r/s     w/s     rMB/s     wMB/s   rrqm/s   wrqm/s  %rrqm  %wrqm r_await w_await aqu-sz rareq-sz wareq-sz  svctm  %util
nvme1n1          0.00    0.00      0.00      0.00     0.00     0.00   0.00   0.00    0.00    0.00   0.00     0.00     0.00   0.00   0.00
nvme0n1          0.00    0.00      0.00      0.00     0.00     0.00   0.00   0.00    0.00    0.00   0.00     0.00     0.00   0.00   0.00
cas1-1           0.00    0.00      0.00      0.00     0.00     0.00   0.00   0.00    0.00    0.00   0.00     0.00     0.00   0.00   0.00

avg-cpu:  %user   %nice %system %iowait  %steal   %idle
           0.03    0.00    0.06    1.47    0.00   98.44

Device            r/s     w/s     rMB/s     wMB/s   rrqm/s   wrqm/s  %rrqm  %wrqm r_await w_await aqu-sz rareq-sz wareq-sz  svctm  %util
nvme1n1          0.00    0.00      0.00      0.00     0.00     0.00   0.00   0.00    0.00    0.00   0.00     0.00     0.00   0.00   0.00
nvme0n1          0.00    0.00      0.00      0.00     0.00     0.00   0.00   0.00    0.00    0.00   0.00     0.00     0.00   0.00   0.00
cas1-1           0.00    0.00      0.00      0.00     0.00     0.00   0.00   0.00    0.00    0.00   0.00     0.00     0.00   0.00   0.00

avg-cpu:  %user   %nice %system %iowait  %steal   %idle
           0.66    0.00    0.09    2.38    0.00   96.87

Device            r/s     w/s     rMB/s     wMB/s   rrqm/s   wrqm/s  %rrqm  %wrqm r_await w_await aqu-sz rareq-sz wareq-sz  svctm  %util
nvme1n1          0.00    0.00      0.00      0.00     0.00     0.00   0.00   0.00    0.00    0.00   0.00     0.00     0.00   0.00   0.00
nvme0n1          0.00    0.00      0.00      0.00     0.00     0.00   0.00   0.00    0.00    0.00   0.00     0.00     0.00   0.00   0.00
cas1-1           0.00    0.00      0.00      0.00     0.00     0.00   0.00   0.00    0.00    0.00   0.00     0.00     0.00   0.00   0.00

avg-cpu:  %user   %nice %system %iowait  %steal   %idle
           0.09    0.00    0.03    3.31    0.00   96.56

Device            r/s     w/s     rMB/s     wMB/s   rrqm/s   wrqm/s  %rrqm  %wrqm r_await w_await aqu-sz rareq-sz wareq-sz  svctm  %util
nvme1n1          0.00    0.00      0.00      0.00     0.00     0.00   0.00   0.00    0.00    0.00   0.00     0.00     0.00   0.00   0.00
nvme0n1          0.00    0.00      0.00      0.00     0.00     0.00   0.00   0.00    0.00    0.00   0.00     0.00     0.00   0.00   0.00
cas1-1           0.00    0.00      0.00      0.00     0.00     0.00   0.00   0.00    0.00    0.00   0.00     0.00     0.00   0.00   0.00

avg-cpu:  %user   %nice %system %iowait  %steal   %idle
           0.03    0.00    0.09    0.38    0.00   99.50

Device            r/s     w/s     rMB/s     wMB/s   rrqm/s   wrqm/s  %rrqm  %wrqm r_await w_await aqu-sz rareq-sz wareq-sz  svctm  %util
nvme1n1          0.00    0.00      0.00      0.00     0.00     0.00   0.00   0.00    0.00    0.00   0.00     0.00     0.00   0.00   0.00
nvme0n1          0.00    0.00      0.00      0.00     0.00     0.00   0.00   0.00    0.00    0.00   0.00     0.00     0.00   0.00   0.00
cas1-1           0.00    0.00      0.00      0.00     0.00     0.00   0.00   0.00    0.00    0.00   0.00     0.00     0.00   0.00   0.00

avg-cpu:  %user   %nice %system %iowait  %steal   %idle
           0.06    0.00    0.06    0.84    0.00   99.03

Device            r/s     w/s     rMB/s     wMB/s   rrqm/s   wrqm/s  %rrqm  %wrqm r_await w_await aqu-sz rareq-sz wareq-sz  svctm  %util
nvme1n1          0.00    0.00      0.00      0.00     0.00     0.00   0.00   0.00    0.00    0.00   0.00     0.00     0.00   0.00   0.00
nvme0n1          0.00    0.00      0.00      0.00     0.00     0.00   0.00   0.00    0.00    0.00   0.00     0.00     0.00   0.00   0.00
cas1-1           0.00    0.00      0.00      0.00     0.00     0.00   0.00   0.00    0.00    0.00   0.00     0.00     0.00   0.00   0.00

avg-cpu:  %user   %nice %system %iowait  %steal   %idle
           0.09    0.00    0.03    0.88    0.00   99.00

Device            r/s     w/s     rMB/s     wMB/s   rrqm/s   wrqm/s  %rrqm  %wrqm r_await w_await aqu-sz rareq-sz wareq-sz  svctm  %util
nvme1n1          0.00    0.00      0.00      0.00     0.00     0.00   0.00   0.00    0.00    0.00   0.00     0.00     0.00   0.00   0.00
nvme0n1          0.00    0.00      0.00      0.00     0.00     0.00   0.00   0.00    0.00    0.00   0.00     0.00     0.00   0.00   0.00
cas1-1           0.00    0.00      0.00      0.00     0.00     0.00   0.00   0.00    0.00    0.00   0.00     0.00     0.00   0.00   0.00

avg-cpu:  %user   %nice %system %iowait  %steal   %idle
           0.09    0.00    0.03    0.34    0.00   99.53

Device            r/s     w/s     rMB/s     wMB/s   rrqm/s   wrqm/s  %rrqm  %wrqm r_await w_await aqu-sz rareq-sz wareq-sz  svctm  %util
nvme1n1          0.00    0.00      0.00      0.00     0.00     0.00   0.00   0.00    0.00    0.00   0.00     0.00     0.00   0.00   0.00
nvme0n1          0.00    0.00      0.00      0.00     0.00     0.00   0.00   0.00    0.00    0.00   0.00     0.00     0.00   0.00   0.00
cas1-1           0.00    0.00      0.00      0.00     0.00     0.00   0.00   0.00    0.00    0.00   0.00     0.00     0.00   0.00   0.00

avg-cpu:  %user   %nice %system %iowait  %steal   %idle
           1.06    0.00    0.09    0.00    0.00   98.94

Device            r/s     w/s     rMB/s     wMB/s   rrqm/s   wrqm/s  %rrqm  %wrqm r_await w_await aqu-sz rareq-sz wareq-sz  svctm  %util
nvme1n1          0.00    0.00      0.00      0.00     0.00     0.00   0.00   0.00    0.00    0.00   0.00     0.00     0.00   0.00   0.00
nvme0n1          0.00    0.00      0.00      0.00     0.00     0.00   0.00   0.00    0.00    0.00   0.00     0.00     0.00   0.00   0.00
cas1-1           0.00    0.00      0.00      0.00     0.00     0.00   0.00   0.00    0.00    0.00   0.00     0.00     0.00   0.00   0.00

avg-cpu:  %user   %nice %system %iowait  %steal   %idle
           0.09    0.00    0.06    0.31    0.00   99.53

Device            r/s     w/s     rMB/s     wMB/s   rrqm/s   wrqm/s  %rrqm  %wrqm r_await w_await aqu-sz rareq-sz wareq-sz  svctm  %util
nvme1n1          0.00    0.00      0.00      0.00     0.00     0.00   0.00   0.00    0.00    0.00   0.00     0.00     0.00   0.00   0.00
nvme0n1          0.00    0.00      0.00      0.00     0.00     0.00   0.00   0.00    0.00    0.00   0.00     0.00     0.00   0.00   0.00
cas1-1           0.00    0.00      0.00      0.00     0.00     0.00   0.00   0.00    0.00    0.00   0.00     0.00     0.00   0.00   0.00

avg-cpu:  %user   %nice %system %iowait  %steal   %idle
           0.34    0.00    0.06    0.69    0.00   98.91

Device            r/s     w/s     rMB/s     wMB/s   rrqm/s   wrqm/s  %rrqm  %wrqm r_await w_await aqu-sz rareq-sz wareq-sz  svctm  %util
nvme1n1          0.00    0.00      0.00      0.00     0.00     0.00   0.00   0.00    0.00    0.00   0.00     0.00     0.00   0.00   0.00
nvme0n1          0.00    0.00      0.00      0.00     0.00     0.00   0.00   0.00    0.00    0.00   0.00     0.00     0.00   0.00   0.00
cas1-1           0.00    0.00      0.00      0.00     0.00     0.00   0.00   0.00    0.00    0.00   0.00     0.00     0.00   0.00   0.00

avg-cpu:  %user   %nice %system %iowait  %steal   %idle
           0.59    0.00    0.13    0.00    0.00   99.37

Device            r/s     w/s     rMB/s     wMB/s   rrqm/s   wrqm/s  %rrqm  %wrqm r_await w_await aqu-sz rareq-sz wareq-sz  svctm  %util
nvme1n1          0.00    0.00      0.00      0.00     0.00     0.00   0.00   0.00    0.00    0.00   0.00     0.00     0.00   0.00   0.00
nvme0n1          0.00    0.00      0.00      0.00     0.00     0.00   0.00   0.00    0.00    0.00   0.00     0.00     0.00   0.00   0.00
cas1-1           0.00    0.00      0.00      0.00     0.00     0.00   0.00   0.00    0.00    0.00   0.00     0.00     0.00   0.00   0.00

avg-cpu:  %user   %nice %system %iowait  %steal   %idle
           0.66    0.00    0.13    1.69    0.00   97.53

Device            r/s     w/s     rMB/s     wMB/s   rrqm/s   wrqm/s  %rrqm  %wrqm r_await w_await aqu-sz rareq-sz wareq-sz  svctm  %util
nvme1n1          0.00    0.00      0.00      0.00     0.00     0.00   0.00   0.00    0.00    0.00   0.00     0.00     0.00   0.00   0.00
nvme0n1          0.00    0.00      0.00      0.00     0.00     0.00   0.00   0.00    0.00    0.00   0.00     0.00     0.00   0.00   0.00
cas1-1           0.00    0.00      0.00      0.00     0.00     0.00   0.00   0.00    0.00    0.00   0.00     0.00     0.00   0.00   0.00

avg-cpu:  %user   %nice %system %iowait  %steal   %idle
           0.00    0.00    0.06    0.47    0.00   99.47

Device            r/s     w/s     rMB/s     wMB/s   rrqm/s   wrqm/s  %rrqm  %wrqm r_await w_await aqu-sz rareq-sz wareq-sz  svctm  %util
nvme1n1          0.00    0.00      0.00      0.00     0.00     0.00   0.00   0.00    0.00    0.00   0.00     0.00     0.00   0.00   0.00
nvme0n1          0.00    0.00      0.00      0.00     0.00     0.00   0.00   0.00    0.00    0.00   0.00     0.00     0.00   0.00   0.00
cas1-1           0.00    0.00      0.00      0.00     0.00     0.00   0.00   0.00    0.00    0.00   0.00     0.00     0.00   0.00   0.00

avg-cpu:  %user   %nice %system %iowait  %steal   %idle
           0.59    0.00    0.12    0.72    0.00   98.56

Device            r/s     w/s     rMB/s     wMB/s   rrqm/s   wrqm/s  %rrqm  %wrqm r_await w_await aqu-sz rareq-sz wareq-sz  svctm  %util
nvme1n1          0.00    0.00      0.00      0.00     0.00     0.00   0.00   0.00    0.00    0.00   0.00     0.00     0.00   0.00   0.00
nvme0n1          0.00    0.00      0.00      0.00     0.00     0.00   0.00   0.00    0.00    0.00   0.00     0.00     0.00   0.00   0.00
cas1-1           0.00    0.00      0.00      0.00     0.00     0.00   0.00   0.00    0.00    0.00   0.00     0.00     0.00   0.00   0.00

avg-cpu:  %user   %nice %system %iowait  %steal   %idle
           0.03    0.00    0.34    0.00    0.00   99.66

Device            r/s     w/s     rMB/s     wMB/s   rrqm/s   wrqm/s  %rrqm  %wrqm r_await w_await aqu-sz rareq-sz wareq-sz  svctm  %util
nvme1n1         36.00  848.00      2.25     53.00     0.00     0.00   0.00   0.00    0.14    0.15   0.00    64.00    64.00   0.04   3.40
nvme0n1        863.00   83.00     54.00      5.19     0.00     0.00   0.00   0.00    0.43    0.36   0.21    64.07    64.00   0.04   3.50
cas1-1         907.00   83.00     56.69      5.19     0.00     0.00   0.00   0.00    0.71    0.64   0.28    64.00    64.00   0.04   3.50

avg-cpu:  %user   %nice %system %iowait  %steal   %idle
           0.85    0.00    6.20    2.37    0.00   90.58

Device            r/s     w/s     rMB/s     wMB/s   rrqm/s   wrqm/s  %rrqm  %wrqm r_await w_await aqu-sz rareq-sz wareq-sz  svctm  %util
nvme1n1       20037.00 12004.00   1252.31    750.25     0.00     0.00   0.00   0.00    0.53    0.52   0.42    64.00    64.00   0.03 100.00
nvme0n1       10476.00 3466.00    654.69    216.62     0.00     0.00   0.00   0.00    0.18    0.04   0.04    63.99    64.00   0.07 100.00
cas1-1        30511.00 3466.00   1906.94    216.62     0.00     0.00   0.00   0.00    0.46    0.32   0.68    64.00    64.00   0.03 100.00

avg-cpu:  %user   %nice %system %iowait  %steal   %idle
           0.82    0.00    5.04    1.04    0.00   93.10

Device            r/s     w/s     rMB/s     wMB/s   rrqm/s   wrqm/s  %rrqm  %wrqm r_await w_await aqu-sz rareq-sz wareq-sz  svctm  %util
nvme1n1       33132.00 3262.00   2070.75    203.87     0.00     0.00   0.00   0.00    0.42    0.44   0.00    64.00    64.00   0.03 100.00
nvme0n1        961.00 3754.00     60.06    234.62     0.00     0.00   0.00   0.00    0.20    0.03   0.04    64.00    64.00   0.21  99.40
cas1-1        34097.00 3755.00   2131.06    234.69     0.00     0.00   0.00   0.00    0.43    0.31   0.04    64.00    64.00   0.03 100.00

avg-cpu:  %user   %nice %system %iowait  %steal   %idle
           0.82    0.00    4.67    0.00    0.00   94.51

Device            r/s     w/s     rMB/s     wMB/s   rrqm/s   wrqm/s  %rrqm  %wrqm r_await w_await aqu-sz rareq-sz wareq-sz  svctm  %util
nvme1n1       34030.00 2626.00   2126.88    164.12     0.00     0.00   0.00   0.00    0.41    0.43   0.00    64.00    64.00   0.03 100.00
nvme0n1       2611.00 3959.00    163.19    247.44     0.00     0.00   0.00   0.00    0.16    0.03   0.02    64.00    64.00   0.15  99.70
cas1-1        36636.00 3957.00   2289.75    247.31     0.00     0.00   0.00   0.00    0.40    0.30   0.02    64.00    64.00   0.02 100.00

avg-cpu:  %user   %nice %system %iowait  %steal   %idle
           0.88    0.00    4.88    0.25    0.00   93.98

Device            r/s     w/s     rMB/s     wMB/s   rrqm/s   wrqm/s  %rrqm  %wrqm r_await w_await aqu-sz rareq-sz wareq-sz  svctm  %util
nvme1n1       33866.00 2722.00   2116.62    170.12     0.00     0.00   0.00   0.00    0.39    0.42   0.00    64.00    64.00   0.03 100.00
nvme0n1       4578.00 4188.00    286.12    261.75     0.00     0.00   0.00   0.00    0.18    0.03   0.10    64.00    64.00   0.11 100.00
cas1-1        38443.00 4188.00   2402.69    261.75     0.00     0.00   0.00   0.00    0.38    0.29   0.10    64.00    64.00   0.02 100.00

avg-cpu:  %user   %nice %system %iowait  %steal   %idle
           0.76    0.00    4.92    0.19    0.00   94.13

Device            r/s     w/s     rMB/s     wMB/s   rrqm/s   wrqm/s  %rrqm  %wrqm r_await w_await aqu-sz rareq-sz wareq-sz  svctm  %util
nvme1n1       33423.00 3023.00   2089.00    188.94     0.00     0.00   0.00   0.00    0.38    0.40   0.00    64.00    64.00   0.03 100.00
nvme0n1       7138.00 4490.00    446.12    280.62     0.00     0.00   0.00   0.00    0.17    0.03   0.03    64.00    64.00   0.09 100.00
cas1-1        40571.00 4491.00   2535.69    280.69     0.00     0.00   0.00   0.00    0.35    0.29   0.03    64.00    64.00   0.02 100.20

avg-cpu:  %user   %nice %system %iowait  %steal   %idle
           0.85    0.00    5.35    2.01    0.00   91.78

Device            r/s     w/s     rMB/s     wMB/s   rrqm/s   wrqm/s  %rrqm  %wrqm r_await w_await aqu-sz rareq-sz wareq-sz  svctm  %util
nvme1n1       32959.00 3208.00   2059.88    200.50     0.00     0.00   0.00   0.00    0.36    0.38   0.00    64.00    64.00   0.03  99.90
nvme0n1       11427.00 4859.00    714.25    303.69     0.00     0.00   0.00   0.00    0.19    0.03   0.15    64.01    64.00   0.06  99.70
cas1-1        44380.00 4859.00   2773.75    303.69     0.00     0.00   0.00   0.00    0.32    0.27   0.15    64.00    64.00   0.02  99.70

avg-cpu:  %user   %nice %system %iowait  %steal   %idle
           0.82    0.00    5.54    0.28    0.00   93.35

Device            r/s     w/s     rMB/s     wMB/s   rrqm/s   wrqm/s  %rrqm  %wrqm r_await w_await aqu-sz rareq-sz wareq-sz  svctm  %util
nvme1n1       32473.00 3440.00   2029.56    215.00     0.00     0.00   0.00   0.00    0.33    0.36   0.00    64.00    64.00   0.03  99.60
nvme0n1       14601.00 5206.00    912.50    325.38     0.00     0.00   0.00   0.00    0.21    0.03   0.21    64.00    64.00   0.05  99.60
cas1-1        47075.00 5206.00   2942.19    325.38     0.00     0.00   0.00   0.00    0.30    0.25   0.21    64.00    64.00   0.02  99.60

avg-cpu:  %user   %nice %system %iowait  %steal   %idle
           0.85    0.00    5.60    1.48    0.00   92.07

Device            r/s     w/s     rMB/s     wMB/s   rrqm/s   wrqm/s  %rrqm  %wrqm r_await w_await aqu-sz rareq-sz wareq-sz  svctm  %util
nvme1n1       32653.00 3465.00   2040.88    216.56     0.00     0.00   0.00   0.00    0.33    0.35   0.00    64.00    64.00   0.03  99.80
nvme0n1       15649.00 5256.00    978.06    328.50     0.00     0.00   0.00   0.00    0.20    0.03   0.11    64.00    64.00   0.05  99.80
cas1-1        48301.00 5256.00   3018.81    328.50     0.00     0.00   0.00   0.00    0.29    0.25   0.11    64.00    64.00   0.02  99.80

avg-cpu:  %user   %nice %system %iowait  %steal   %idle
           0.95    0.00    5.39    0.72    0.00   92.94

Device            r/s     w/s     rMB/s     wMB/s   rrqm/s   wrqm/s  %rrqm  %wrqm r_await w_await aqu-sz rareq-sz wareq-sz  svctm  %util
nvme1n1       32147.00 3668.00   2009.12    229.25     0.00     0.00   0.00   0.00    0.31    0.33   0.00    64.00    64.00   0.03  99.40
nvme0n1       16758.00 5520.00   1047.38    345.00     0.00     0.00   0.00   0.00    0.22    0.03   0.26    64.00    64.00   0.04  99.40
cas1-1        48904.00 5519.00   3056.50    344.94     0.00     0.00   0.00   0.00    0.29    0.24   0.26    64.00    64.00   0.02  99.40

avg-cpu:  %user   %nice %system %iowait  %steal   %idle
           0.82    0.00    5.73    0.63    0.00   92.82

Device            r/s     w/s     rMB/s     wMB/s   rrqm/s   wrqm/s  %rrqm  %wrqm r_await w_await aqu-sz rareq-sz wareq-sz  svctm  %util
nvme1n1       31766.00 3865.00   1985.38    241.56     0.00     0.00   0.00   0.00    0.29    0.31   0.00    64.00    64.00   0.03  99.50
nvme0n1       19823.00 5795.00   1238.94    362.19     0.00     0.00   0.00   0.00    0.23    0.03   0.18    64.00    64.00   0.04  99.60
cas1-1        51592.00 5796.00   3224.50    362.25     0.00     0.00   0.00   0.00    0.27    0.22   0.18    64.00    64.00   0.02  99.60

avg-cpu:  %user   %nice %system %iowait  %steal   %idle
           0.82    0.00    5.43    0.35    0.00   93.41

Device            r/s     w/s     rMB/s     wMB/s   rrqm/s   wrqm/s  %rrqm  %wrqm r_await w_await aqu-sz rareq-sz wareq-sz  svctm  %util
nvme1n1       31918.00 3920.00   1994.88    245.00     0.00     0.00   0.00   0.00    0.27    0.29   0.00    64.00    64.00   0.03  99.70
nvme0n1       21728.00 5946.00   1358.00    371.62     0.00     0.00   0.00   0.00    0.24    0.03   0.13    64.00    64.00   0.04  99.70
cas1-1        53648.00 5946.00   3353.00    371.62     0.00     0.00   0.00   0.00    0.26    0.21   0.13    64.00    64.00   0.02  99.80

avg-cpu:  %user   %nice %system %iowait  %steal   %idle
           0.88    0.00    5.76    2.74    0.00   90.63

Device            r/s     w/s     rMB/s     wMB/s   rrqm/s   wrqm/s  %rrqm  %wrqm r_await w_await aqu-sz rareq-sz wareq-sz  svctm  %util
nvme1n1       31781.00 3830.00   1986.31    239.37     0.00     0.00   0.00   0.00    0.28    0.30   0.00    64.00    64.00   0.03  99.40
nvme0n1       21020.00 5802.00   1313.75    362.62     0.00     0.00   0.00   0.00    0.24    0.03   0.23    64.00    64.00   0.04  99.50
cas1-1        52807.00 5803.00   3300.44    362.69     0.00     0.00   0.00   0.00    0.27    0.22   0.24    64.00    64.00   0.02  99.40

avg-cpu:  %user   %nice %system %iowait  %steal   %idle
           0.82    0.00    5.88    1.13    0.00   92.17

Device            r/s     w/s     rMB/s     wMB/s   rrqm/s   wrqm/s  %rrqm  %wrqm r_await w_await aqu-sz rareq-sz wareq-sz  svctm  %util
nvme1n1       31291.00 4048.00   1955.69    253.00     0.00     0.00   0.00   0.00    0.24    0.27   0.00    64.00    64.00   0.03  99.20
nvme0n1       24264.00 6131.00   1516.50    383.19     0.00     0.00   0.00   0.00    0.26    0.03   0.24    64.00    64.00   0.03  99.10
cas1-1        55548.00 6131.00   3471.75    383.19     0.00     0.00   0.00   0.00    0.26    0.19   0.25    64.00    64.00   0.02  99.20

avg-cpu:  %user   %nice %system %iowait  %steal   %idle
           0.85    0.00    5.92    1.54    0.00   91.68

Device            r/s     w/s     rMB/s     wMB/s   rrqm/s   wrqm/s  %rrqm  %wrqm r_await w_await aqu-sz rareq-sz wareq-sz  svctm  %util
nvme1n1       29926.00 4328.00   1870.38    270.50     0.00     0.00   0.00   0.00    0.18    0.20   0.00    64.00    64.00   0.03  99.10
nvme0n1       28294.00 6573.00   1768.38    410.81     0.00     0.00   0.00   0.00    0.30    0.04   0.19    64.00    64.00   0.03  99.10
cas1-1        58226.00 6572.00   3639.12    410.75     0.00     0.00   0.00   0.00    0.24    0.15   0.20    64.00    64.00   0.02  99.10

avg-cpu:  %user   %nice %system %iowait  %steal   %idle
           0.82    0.00    5.90    2.40    0.00   90.89

Device            r/s     w/s     rMB/s     wMB/s   rrqm/s   wrqm/s  %rrqm  %wrqm r_await w_await aqu-sz rareq-sz wareq-sz  svctm  %util
nvme1n1       29952.00 4197.00   1872.00    262.31     0.00     0.00   0.00   0.00    0.18    0.20   0.00    64.00    64.00   0.03  99.10
nvme0n1       28627.00 6350.00   1789.19    396.88     0.00     0.00   0.00   0.00    0.29    0.04   0.27    64.00    64.00   0.03  99.30
cas1-1        58574.00 6350.00   3660.88    396.88     0.00     0.00   0.00   0.00    0.24    0.15   0.27    64.00    64.00   0.02  99.20

avg-cpu:  %user   %nice %system %iowait  %steal   %idle
           0.85    0.00    5.95    0.57    0.00   92.64

Device            r/s     w/s     rMB/s     wMB/s   rrqm/s   wrqm/s  %rrqm  %wrqm r_await w_await aqu-sz rareq-sz wareq-sz  svctm  %util
nvme1n1       28494.00 4384.00   1780.88    274.00     0.00     0.00   0.00   0.00    0.15    0.17   0.00    64.00    64.00   0.03  98.70
nvme0n1       30218.00 6657.00   1888.62    416.06     0.00     0.00   0.00   0.00    0.32    0.04   0.40    64.00    64.00   0.03  98.90
cas1-1        58712.00 6658.00   3669.50    416.12     0.00     0.00   0.00   0.00    0.25    0.13   0.41    64.00    64.00   0.02  98.90

avg-cpu:  %user   %nice %system %iowait  %steal   %idle
           0.82    0.00    5.61    0.66    0.00   92.91

Device            r/s     w/s     rMB/s     wMB/s   rrqm/s   wrqm/s  %rrqm  %wrqm r_await w_await aqu-sz rareq-sz wareq-sz  svctm  %util
nvme1n1       27616.00 4383.00   1726.00    273.94     0.00     0.00   0.00   0.00    0.13    0.15   0.00    64.00    64.00   0.03  99.30
nvme0n1       31873.00 6551.00   1992.06    409.44     0.00     0.00   0.00   0.00    0.33    0.04   0.33    64.00    64.00   0.03  99.30
cas1-1        59490.00 6553.00   3718.12    409.56     0.00     0.00   0.00   0.00    0.24    0.12   0.33    64.00    64.00   0.02  99.30

avg-cpu:  %user   %nice %system %iowait  %steal   %idle
           0.82    0.00    6.23    0.60    0.00   92.36

Device            r/s     w/s     rMB/s     wMB/s   rrqm/s   wrqm/s  %rrqm  %wrqm r_await w_await aqu-sz rareq-sz wareq-sz  svctm  %util
nvme1n1       26093.00 4294.00   1630.81    268.38     0.00     0.00   0.00   0.00    0.11    0.13   0.00    64.00    64.00   0.03  98.70
nvme0n1       32910.00 6570.00   2056.88    410.62     0.00     0.00   0.00   0.00    0.34    0.04   0.34    64.00    64.00   0.03  98.90
cas1-1        59015.00 6568.00   3688.44    410.50     0.00     0.00   0.00   0.00    0.25    0.11   0.35    64.00    64.00   0.02  98.90

avg-cpu:  %user   %nice %system %iowait  %steal   %idle
           0.88    0.00    5.76    0.19    0.00   93.17

Device            r/s     w/s     rMB/s     wMB/s   rrqm/s   wrqm/s  %rrqm  %wrqm r_await w_await aqu-sz rareq-sz wareq-sz  svctm  %util
nvme1n1       24050.00 4239.00   1503.12    264.94     0.00     0.00   0.00   0.00    0.10    0.11   0.00    64.00    64.00   0.04  99.20
nvme0n1       34029.00 6523.00   2126.81    407.69     0.00     0.00   0.00   0.00    0.35    0.04   0.41    64.00    64.00   0.02  99.30
cas1-1        58071.00 6523.00   3629.44    407.69     0.00     0.00   0.00   0.00    0.25    0.10   0.42    64.00    64.00   0.02  99.30

avg-cpu:  %user   %nice %system %iowait  %steal   %idle
           0.79    0.00    5.88    0.03    0.00   93.30

Device            r/s     w/s     rMB/s     wMB/s   rrqm/s   wrqm/s  %rrqm  %wrqm r_await w_await aqu-sz rareq-sz wareq-sz  svctm  %util
nvme1n1       24737.00 4294.00   1546.06    268.38     0.00     0.00   0.00   0.00    0.10    0.12   0.00    64.00    64.00   0.03  99.30
nvme0n1       34465.00 6511.00   2154.06    406.94     0.00     0.00   0.00   0.00    0.34    0.04   0.20    64.00    64.00   0.02  99.30
cas1-1        59185.00 6510.00   3699.06    406.87     0.00     0.00   0.00   0.00    0.25    0.10   0.20    64.00    64.00   0.02  99.30

avg-cpu:  %user   %nice %system %iowait  %steal   %idle
           0.88    0.00    5.97    1.10    0.00   92.04

Device            r/s     w/s     rMB/s     wMB/s   rrqm/s   wrqm/s  %rrqm  %wrqm r_await w_await aqu-sz rareq-sz wareq-sz  svctm  %util
nvme1n1       23666.00 4226.00   1479.12    264.12     0.00     0.00   0.00   0.00    0.09    0.11   0.00    64.00    64.00   0.04  99.20
nvme0n1       34534.00 6468.00   2158.38    404.25     0.00     0.00   0.00   0.00    0.35    0.04   0.37    64.00    64.00   0.02  99.20
cas1-1        58214.00 6471.00   3638.38    404.44     0.00     0.00   0.00   0.00    0.25    0.09   0.38    64.00    64.00   0.02  99.20

avg-cpu:  %user   %nice %system %iowait  %steal   %idle
           0.85    0.00    5.57    2.11    0.00   91.46

Device            r/s     w/s     rMB/s     wMB/s   rrqm/s   wrqm/s  %rrqm  %wrqm r_await w_await aqu-sz rareq-sz wareq-sz  svctm  %util
nvme1n1       25285.00 4387.00   1580.31    274.19     0.00     0.00   0.00   0.00    0.10    0.12   0.00    64.00    64.00   0.03  99.30
nvme0n1       34106.00 6574.00   2131.62    410.87     0.00     0.00   0.00   0.00    0.35    0.04   0.25    64.00    64.00   0.02  99.30
cas1-1        59381.00 6571.00   3711.31    410.69     0.00     0.00   0.00   0.00    0.25    0.10   0.26    64.00    64.00   0.02  99.30

avg-cpu:  %user   %nice %system %iowait  %steal   %idle
           0.82    0.00    5.91    1.85    0.00   91.42

Device            r/s     w/s     rMB/s     wMB/s   rrqm/s   wrqm/s  %rrqm  %wrqm r_await w_await aqu-sz rareq-sz wareq-sz  svctm  %util
nvme1n1       24282.00 4283.00   1517.62    267.69     0.00     0.00   0.00   0.00    0.09    0.11   0.00    64.00    64.00   0.03  98.80
nvme0n1       34403.00 6445.00   2150.19    402.81     0.00     0.00   0.00   0.00    0.35    0.04   0.33    64.00    64.00   0.02  99.00
cas1-1        58688.00 6447.00   3668.00    402.94     0.00     0.00   0.00   0.00    0.25    0.10   0.33    64.00    64.00   0.02  99.00

avg-cpu:  %user   %nice %system %iowait  %steal   %idle
           0.82    0.00    6.01    1.82    0.00   91.35

Device            r/s     w/s     rMB/s     wMB/s   rrqm/s   wrqm/s  %rrqm  %wrqm r_await w_await aqu-sz rareq-sz wareq-sz  svctm  %util
nvme1n1       25785.00 4366.00   1611.62    272.88     0.00     0.00   0.00   0.00    0.11    0.13   0.00    64.00    64.00   0.03  99.10
nvme0n1       33373.00 6634.00   2085.81    414.62     0.00     0.00   0.00   0.00    0.34    0.04   0.32    64.00    64.00   0.02  99.20
cas1-1        59178.00 6633.00   3698.62    414.56     0.00     0.00   0.00   0.00    0.25    0.10   0.33    64.00    64.00   0.02  99.30

avg-cpu:  %user   %nice %system %iowait  %steal   %idle
           1.35    0.00    5.98    2.49    0.00   90.18

Device            r/s     w/s     rMB/s     wMB/s   rrqm/s   wrqm/s  %rrqm  %wrqm r_await w_await aqu-sz rareq-sz wareq-sz  svctm  %util
nvme1n1       28175.00 4373.00   1760.88    273.31     0.00     0.00   0.00   0.00    0.14    0.16   0.00    64.00    64.00   0.03  99.40
nvme0n1       31270.00 6647.00   1954.38    415.44     0.00     0.00   0.00   0.00    0.32    0.04   0.21    64.00    64.00   0.03  99.40
cas1-1        59418.00 6646.00   3713.62    415.37     0.00     0.00   0.00   0.00    0.24    0.13   0.22    64.00    64.00   0.02  99.30

avg-cpu:  %user   %nice %system %iowait  %steal   %idle
           0.91    0.00    6.07    0.41    0.00   92.61

Device            r/s     w/s     rMB/s     wMB/s   rrqm/s   wrqm/s  %rrqm  %wrqm r_await w_await aqu-sz rareq-sz wareq-sz  svctm  %util
nvme1n1       28008.00 4436.00   1750.50    277.25     0.00     0.00   0.00   0.00    0.14    0.16   0.00    64.00    64.00   0.03  98.90
nvme0n1       30851.00 6636.00   1928.19    414.75     0.00     0.00   0.00   0.00    0.32    0.04   0.33    64.00    64.00   0.03  99.00
cas1-1        58875.00 6636.00   3679.69    414.75     0.00     0.00   0.00   0.00    0.24    0.13   0.33    64.00    64.00   0.02  99.10

avg-cpu:  %user   %nice %system %iowait  %steal   %idle
           0.91    0.00    5.92    1.83    0.00   91.35

Device            r/s     w/s     rMB/s     wMB/s   rrqm/s   wrqm/s  %rrqm  %wrqm r_await w_await aqu-sz rareq-sz wareq-sz  svctm  %util
nvme1n1       27635.00 4350.00   1727.19    271.88     0.00     0.00   0.00   0.00    0.13    0.15   0.00    64.00    64.00   0.03  99.20
nvme0n1       31987.00 6563.00   1999.19    410.19     0.00     0.00   0.00   0.00    0.32    0.04   0.32    64.00    64.00   0.03  99.20
cas1-1        59610.00 6563.00   3725.62    410.19     0.00     0.00   0.00   0.00    0.24    0.12   0.33    64.00    64.00   0.01  99.20

avg-cpu:  %user   %nice %system %iowait  %steal   %idle
           0.88    0.00    5.73    1.04    0.00   92.35

Device            r/s     w/s     rMB/s     wMB/s   rrqm/s   wrqm/s  %rrqm  %wrqm r_await w_await aqu-sz rareq-sz wareq-sz  svctm  %util
nvme1n1       26481.00 4342.00   1655.06    271.38     0.00     0.00   0.00   0.00    0.12    0.14   0.00    64.00    64.00   0.03  98.90
nvme0n1       32899.00 6549.00   2056.19    409.31     0.00     0.00   0.00   0.00    0.34    0.04   0.37    64.00    64.00   0.03  99.00
cas1-1        59380.00 6550.00   3711.25    409.38     0.00     0.00   0.00   0.00    0.25    0.11   0.37    64.00    64.00   0.02  99.00

avg-cpu:  %user   %nice %system %iowait  %steal   %idle
           0.88    0.00    6.07    1.89    0.00   91.16

Device            r/s     w/s     rMB/s     wMB/s   rrqm/s   wrqm/s  %rrqm  %wrqm r_await w_await aqu-sz rareq-sz wareq-sz  svctm  %util
nvme1n1       27646.00 4359.00   1727.87    272.44     0.00     0.00   0.00   0.00    0.13    0.15   0.00    64.00    64.00   0.03  99.20
nvme0n1       31926.00 6628.00   1995.38    414.25     0.00     0.00   0.00   0.00    0.33    0.04   0.32    64.00    64.00   0.03  99.30
cas1-1        59581.00 6627.00   3723.81    414.19     0.00     0.00   0.00   0.00    0.24    0.12   0.32    64.00    64.00   0.01  99.30

avg-cpu:  %user   %nice %system %iowait  %steal   %idle
           0.79    0.00    5.82    0.22    0.00   93.18

Device            r/s     w/s     rMB/s     wMB/s   rrqm/s   wrqm/s  %rrqm  %wrqm r_await w_await aqu-sz rareq-sz wareq-sz  svctm  %util
nvme1n1       27009.00 4387.00   1688.06    274.19     0.00     0.00   0.00   0.00    0.12    0.15   0.00    64.00    64.00   0.03  99.30
nvme0n1       32896.00 6573.00   2056.00    410.81     0.00     0.00   0.00   0.00    0.33    0.04   0.28    64.00    64.00   0.03  99.30
cas1-1        59902.00 6573.00   3743.88    410.81     0.00     0.00   0.00   0.00    0.24    0.12   0.28    64.00    64.00   0.01  99.30

avg-cpu:  %user   %nice %system %iowait  %steal   %idle
           0.88    0.00    5.89    1.07    0.00   92.16

Device            r/s     w/s     rMB/s     wMB/s   rrqm/s   wrqm/s  %rrqm  %wrqm r_await w_await aqu-sz rareq-sz wareq-sz  svctm  %util
nvme1n1       24843.00 4302.00   1552.69    268.88     0.00     0.00   0.00   0.00    0.10    0.12   0.00    64.00    64.00   0.03  99.10
nvme0n1       33593.00 6499.00   2099.56    406.19     0.00     0.00   0.00   0.00    0.35    0.04   0.44    64.00    64.00   0.02  99.10
cas1-1        58441.00 6499.00   3652.56    406.19     0.00     0.00   0.00   0.00    0.25    0.10   0.45    64.00    64.00   0.02  99.10

avg-cpu:  %user   %nice %system %iowait  %steal   %idle
           0.91    0.00    5.66    0.25    0.00   93.18

Device            r/s     w/s     rMB/s     wMB/s   rrqm/s   wrqm/s  %rrqm  %wrqm r_await w_await aqu-sz rareq-sz wareq-sz  svctm  %util
nvme1n1       23963.00 4280.00   1497.69    267.50     0.00     0.00   0.00   0.00    0.09    0.11   0.00    64.00    64.00   0.04  99.40
nvme0n1       34612.00 6542.00   2163.25    408.88     0.00     0.00   0.00   0.00    0.35    0.04   0.25    64.00    64.00   0.02  99.40
cas1-1        58569.00 6542.00   3660.56    408.88     0.00     0.00   0.00   0.00    0.25    0.10   0.26    64.00    64.00   0.02  99.40

avg-cpu:  %user   %nice %system %iowait  %steal   %idle
           0.82    0.00    5.88    1.82    0.00   91.48

Device            r/s     w/s     rMB/s     wMB/s   rrqm/s   wrqm/s  %rrqm  %wrqm r_await w_await aqu-sz rareq-sz wareq-sz  svctm  %util
nvme1n1       24911.00 4369.00   1556.94    273.06     0.00     0.00   0.00   0.00    0.10    0.12   0.00    64.00    64.00   0.03  99.10
nvme0n1       33516.00 6617.00   2094.75    413.56     0.00     0.00   0.00   0.00    0.35    0.04   0.39    64.00    64.00   0.02  99.20
cas1-1        58428.00 6618.00   3651.75    413.63     0.00     0.00   0.00   0.00    0.25    0.10   0.39    64.00    64.00   0.02  99.20

avg-cpu:  %user   %nice %system %iowait  %steal   %idle
           0.69    0.00    3.83    0.88    0.00   94.60

Device            r/s     w/s     rMB/s     wMB/s   rrqm/s   wrqm/s  %rrqm  %wrqm r_await w_await aqu-sz rareq-sz wareq-sz  svctm  %util
nvme1n1       17245.00 2740.00   1076.81    171.25     0.00     0.00   0.00   0.00    0.12    0.14   0.00    63.94    64.00   0.03  63.50
nvme0n1       20694.00 4195.00   1292.48    262.19     0.00     0.00   0.00   0.00    0.33    0.04   0.20    63.96    64.00   0.03  63.70
cas1-1        37926.00 4194.00   2368.66    262.12     0.00     0.00   0.00   0.00    0.24    0.11   0.20    63.95    64.00   0.02  63.70

