Linux 5.4.1-050401-lowlatency (kanwu-Super-Server) 	09/10/2020 	_x86_64_	(32 CPU)

avg-cpu:  %user   %nice %system %iowait  %steal   %idle
           0.05    0.00    0.13    0.05    0.00   99.76

Device            r/s     w/s     rMB/s     wMB/s   rrqm/s   wrqm/s  %rrqm  %wrqm r_await w_await aqu-sz rareq-sz wareq-sz  svctm  %util
nvme1n1        664.32  153.02     41.52      9.34     0.00     0.00   0.00   0.00    0.29    0.37   0.00    64.00    62.54   0.03   2.34
nvme0n1        160.73   87.69     10.04      5.48     0.00     0.00   0.00   0.00    0.23    0.06   0.00    63.99    63.97   0.06   1.41
cas1-1          18.60    7.97      1.16      0.50     0.00     0.00   0.00   0.00    0.34    0.24   0.00    64.00    64.00   0.02   0.05

avg-cpu:  %user   %nice %system %iowait  %steal   %idle
           0.00    0.00    0.03    0.00    0.00  100.06

Device            r/s     w/s     rMB/s     wMB/s   rrqm/s   wrqm/s  %rrqm  %wrqm r_await w_await aqu-sz rareq-sz wareq-sz  svctm  %util
nvme1n1          0.00    0.00      0.00      0.00     0.00     0.00   0.00   0.00    0.00    0.00   0.00     0.00     0.00   0.00   0.00
nvme0n1          0.00    0.00      0.00      0.00     0.00     0.00   0.00   0.00    0.00    0.00   0.00     0.00     0.00   0.00   0.00
cas1-1           0.00    0.00      0.00      0.00     0.00     0.00   0.00   0.00    0.00    0.00   0.00     0.00     0.00   0.00   0.00

avg-cpu:  %user   %nice %system %iowait  %steal   %idle
           0.00    0.00    0.03    0.53    0.00   99.44

Device            r/s     w/s     rMB/s     wMB/s   rrqm/s   wrqm/s  %rrqm  %wrqm r_await w_await aqu-sz rareq-sz wareq-sz  svctm  %util
nvme1n1          0.00    0.00      0.00      0.00     0.00     0.00   0.00   0.00    0.00    0.00   0.00     0.00     0.00   0.00   0.00
nvme0n1          0.00    0.00      0.00      0.00     0.00     0.00   0.00   0.00    0.00    0.00   0.00     0.00     0.00   0.00   0.00
cas1-1           0.00    0.00      0.00      0.00     0.00     0.00   0.00   0.00    0.00    0.00   0.00     0.00     0.00   0.00   0.00

avg-cpu:  %user   %nice %system %iowait  %steal   %idle
           0.13    0.00    0.28    1.06    0.00   98.53

Device            r/s     w/s     rMB/s     wMB/s   rrqm/s   wrqm/s  %rrqm  %wrqm r_await w_await aqu-sz rareq-sz wareq-sz  svctm  %util
nvme1n1          0.00    0.00      0.00      0.00     0.00     0.00   0.00   0.00    0.00    0.00   0.00     0.00     0.00   0.00   0.00
nvme0n1          0.00    0.00      0.00      0.00     0.00     0.00   0.00   0.00    0.00    0.00   0.00     0.00     0.00   0.00   0.00
cas1-1           0.00    0.00      0.00      0.00     0.00     0.00   0.00   0.00    0.00    0.00   0.00     0.00     0.00   0.00   0.00

avg-cpu:  %user   %nice %system %iowait  %steal   %idle
           0.06    0.00    0.44    0.97    0.00   98.53

Device            r/s     w/s     rMB/s     wMB/s   rrqm/s   wrqm/s  %rrqm  %wrqm r_await w_await aqu-sz rareq-sz wareq-sz  svctm  %util
nvme1n1         35.00 1173.00      1.07    138.76     0.00     0.00   0.00   0.00    0.03    0.51   0.08    31.44   121.13   0.08  10.00
nvme0n1         44.00    0.00      1.04      0.00     0.00     0.00   0.00   0.00    0.14    0.00   0.00    24.18     0.00   0.39   1.70
cas1-1        18446744073708152832.00 18446744073708949504.00 9007199254653508.00 9007199254703475.00     0.00     0.00   0.00   0.00    0.00    0.00 4294947.77     0.50     0.50   0.00 429492745.40

avg-cpu:  %user   %nice %system %iowait  %steal   %idle
           0.59    0.00    0.16    1.03    0.00   98.22

Device            r/s     w/s     rMB/s     wMB/s   rrqm/s   wrqm/s  %rrqm  %wrqm r_await w_await aqu-sz rareq-sz wareq-sz  svctm  %util
nvme1n1          0.00    0.00      0.00      0.00     0.00     0.00   0.00   0.00    0.00    0.00   0.00     0.00     0.00   0.00   0.00
nvme0n1          0.00    0.00      0.00      0.00     0.00     0.00   0.00   0.00    0.00    0.00   0.00     0.00     0.00   0.00   0.00
cas1-1           0.00    0.00      0.00      0.00     0.00     0.00   0.00   0.00    0.00    0.00   0.00     0.00     0.00   0.00   0.00

avg-cpu:  %user   %nice %system %iowait  %steal   %idle
           0.72    0.00    5.01    0.44    0.00   93.82

Device            r/s     w/s     rMB/s     wMB/s   rrqm/s   wrqm/s  %rrqm  %wrqm r_await w_await aqu-sz rareq-sz wareq-sz  svctm  %util
nvme1n1       9586.00 12411.00    599.12    775.69     0.00     0.00   0.00   0.00    0.60    0.66   2.02    64.00    64.00   0.03  75.80
nvme0n1       9745.00 8328.00    609.06    520.50     0.00     0.00   0.00   0.00    0.30    0.05   0.36    64.00    64.00   0.04  75.90
cas1-1        19334.00 8326.00   1208.38    520.38     0.00     0.00   0.00   0.00    0.48    0.27   1.31    64.00    64.00   0.03  76.00

avg-cpu:  %user   %nice %system %iowait  %steal   %idle
           0.82    0.00    5.36    0.00    0.00   93.82

Device            r/s     w/s     rMB/s     wMB/s   rrqm/s   wrqm/s  %rrqm  %wrqm r_await w_await aqu-sz rareq-sz wareq-sz  svctm  %util
nvme1n1       24318.00 9401.00   1519.88    587.56     0.00     0.00   0.00   0.00    0.45    0.47   0.00    64.00    64.00   0.03 100.00
nvme0n1       2266.00 11553.00    141.62    722.06     0.00     0.00   0.00   0.00    0.28    0.03   0.15    64.00    64.00   0.07 100.00
cas1-1        26587.00 11553.00   1661.69    722.06     0.00     0.00   0.00   0.00    0.45    0.32   0.15    64.00    64.00   0.03 100.10

avg-cpu:  %user   %nice %system %iowait  %steal   %idle
           0.76    0.00    4.76    0.00    0.00   94.48

Device            r/s     w/s     rMB/s     wMB/s   rrqm/s   wrqm/s  %rrqm  %wrqm r_await w_await aqu-sz rareq-sz wareq-sz  svctm  %util
nvme1n1       26677.00 7829.00   1667.31    489.31     0.00     0.00   0.00   0.00    0.44    0.46   0.00    64.00    64.00   0.03 100.00
nvme0n1        236.00 11448.00     14.75    715.50     0.00     0.00   0.00   0.00    0.19    0.03   0.00    64.00    64.00   0.09 100.00
cas1-1        26913.00 11450.00   1682.06    715.62     0.00     0.00   0.00   0.00    0.44    0.32   0.00    64.00    64.00   0.03 100.00

avg-cpu:  %user   %nice %system %iowait  %steal   %idle
           0.76    0.00    4.75    0.00    0.00   94.49

Device            r/s     w/s     rMB/s     wMB/s   rrqm/s   wrqm/s  %rrqm  %wrqm r_await w_await aqu-sz rareq-sz wareq-sz  svctm  %util
nvme1n1       26897.00 7710.00   1681.06    481.87     0.00     0.00   0.00   0.00    0.44    0.46   0.00    64.00    64.00   0.03 100.00
nvme0n1         27.00 11607.00      1.69    725.44     0.00     0.00   0.00   0.00    0.19    0.03   0.00    64.00    64.00   0.09 100.00
cas1-1        26924.00 11605.00   1682.75    725.31     0.00     0.00   0.00   0.00    0.44    0.32   0.00    64.00    64.00   0.03 100.00

avg-cpu:  %user   %nice %system %iowait  %steal   %idle
           0.76    0.00    4.73    0.00    0.00   94.52

Device            r/s     w/s     rMB/s     wMB/s   rrqm/s   wrqm/s  %rrqm  %wrqm r_await w_await aqu-sz rareq-sz wareq-sz  svctm  %util
nvme1n1       26960.00 7626.00   1685.00    476.63     0.00     0.00   0.00   0.00    0.44    0.46   0.00    64.00    64.00   0.03 100.10
nvme0n1          6.00 11513.00      0.38    719.56     0.00     0.00   0.00   0.00    0.33    0.03   0.00    64.00    64.00   0.09 100.10
cas1-1        26966.00 11511.00   1685.38    719.44     0.00     0.00   0.00   0.00    0.44    0.32   0.00    64.00    64.00   0.03 100.00

avg-cpu:  %user   %nice %system %iowait  %steal   %idle
           1.29    0.00    4.66    0.00    0.00   94.05

Device            r/s     w/s     rMB/s     wMB/s   rrqm/s   wrqm/s  %rrqm  %wrqm r_await w_await aqu-sz rareq-sz wareq-sz  svctm  %util
nvme1n1       26688.00 7670.00   1668.00    479.38     0.00     0.00   0.00   0.00    0.44    0.46   0.00    64.00    64.00   0.03  99.90
nvme0n1          0.00 11480.00      0.00    717.50     0.00     0.00   0.00   0.00    0.00    0.03   0.00     0.00    64.00   0.09  99.90
cas1-1        26687.00 11483.00   1667.94    717.69     0.00     0.00   0.00   0.00    0.45    0.33   0.00    64.00    64.00   0.03 100.00

avg-cpu:  %user   %nice %system %iowait  %steal   %idle
           0.76    0.00    4.72    0.00    0.00   94.52

Device            r/s     w/s     rMB/s     wMB/s   rrqm/s   wrqm/s  %rrqm  %wrqm r_await w_await aqu-sz rareq-sz wareq-sz  svctm  %util
nvme1n1       26821.00 7609.00   1676.31    475.56     0.00     0.00   0.00   0.00    0.44    0.46   0.00    64.00    64.00   0.03 100.10
nvme0n1          0.00 11331.00      0.00    708.19     0.00     0.00   0.00   0.00    0.00    0.03   0.00     0.00    64.00   0.09 100.10
cas1-1        26824.00 11333.00   1676.50    708.31     0.00     0.00   0.00   0.00    0.45    0.33   0.00    64.00    64.00   0.03 100.00

avg-cpu:  %user   %nice %system %iowait  %steal   %idle
           0.82    0.00    4.78    0.00    0.00   94.40

Device            r/s     w/s     rMB/s     wMB/s   rrqm/s   wrqm/s  %rrqm  %wrqm r_await w_await aqu-sz rareq-sz wareq-sz  svctm  %util
nvme1n1       26832.00 7604.00   1677.00    475.25     0.00     0.00   0.00   0.00    0.44    0.46   0.00    64.00    64.00   0.03 100.00
nvme0n1          0.00 11499.00      0.00    718.69     0.00     0.00   0.00   0.00    0.00    0.03   0.00     0.00    64.00   0.09 100.00
cas1-1        26831.00 11497.00   1676.94    718.56     0.00     0.00   0.00   0.00    0.45    0.32   0.00    64.00    64.00   0.03 100.00

avg-cpu:  %user   %nice %system %iowait  %steal   %idle
           0.79    0.00    4.60    0.00    0.00   94.61

Device            r/s     w/s     rMB/s     wMB/s   rrqm/s   wrqm/s  %rrqm  %wrqm r_await w_await aqu-sz rareq-sz wareq-sz  svctm  %util
nvme1n1       26716.00 7565.00   1669.75    472.81     0.00     0.00   0.00   0.00    0.44    0.46   0.00    64.00    64.00   0.03 100.00
nvme0n1          0.00 11270.00      0.00    704.38     0.00     0.00   0.00   0.00    0.00    0.03   0.00     0.00    64.00   0.09 100.00
cas1-1        26712.00 11269.00   1669.50    704.31     0.00     0.00   0.00   0.00    0.45    0.33   0.00    64.00    64.00   0.03 100.00

avg-cpu:  %user   %nice %system %iowait  %steal   %idle
           0.79    0.00    4.66    0.00    0.00   94.55

Device            r/s     w/s     rMB/s     wMB/s   rrqm/s   wrqm/s  %rrqm  %wrqm r_await w_await aqu-sz rareq-sz wareq-sz  svctm  %util
nvme1n1       27000.00 7665.00   1687.50    479.06     0.00     0.00   0.00   0.00    0.44    0.46   0.00    64.00    64.00   0.03 100.00
nvme0n1          0.00 11432.00      0.00    714.50     0.00     0.00   0.00   0.00    0.00    0.03   0.00     0.00    64.00   0.09 100.00
cas1-1        27004.00 11436.00   1687.75    714.75     0.00     0.00   0.00   0.00    0.44    0.32   0.00    64.00    64.00   0.03 100.00

avg-cpu:  %user   %nice %system %iowait  %steal   %idle
           0.82    0.00    4.81    0.00    0.00   94.37

Device            r/s     w/s     rMB/s     wMB/s   rrqm/s   wrqm/s  %rrqm  %wrqm r_await w_await aqu-sz rareq-sz wareq-sz  svctm  %util
nvme1n1       26794.00 7746.00   1674.69    484.12     0.00     0.00   0.00   0.00    0.44    0.46   0.00    64.00    64.00   0.03 100.00
nvme0n1          0.00 11486.00      0.00    717.88     0.00     0.00   0.00   0.00    0.00    0.03   0.00     0.00    64.00   0.09 100.00
cas1-1        26793.00 11483.00   1674.56    717.69     0.00     0.00   0.00   0.00    0.44    0.33   0.00    64.00    64.00   0.03 100.00

avg-cpu:  %user   %nice %system %iowait  %steal   %idle
           0.69    0.00    4.81    0.00    0.00   94.49

Device            r/s     w/s     rMB/s     wMB/s   rrqm/s   wrqm/s  %rrqm  %wrqm r_await w_await aqu-sz rareq-sz wareq-sz  svctm  %util
nvme1n1       27014.00 7602.00   1688.31    475.12     0.00     0.00   0.00   0.00    0.44    0.46   0.00    64.00    64.00   0.03 100.00
nvme0n1          0.00 11421.00      0.00    713.81     0.00     0.00   0.00   0.00    0.00    0.03   0.00     0.00    64.00   0.09 100.00
cas1-1        27012.00 11422.00   1688.25    713.88     0.00     0.00   0.00   0.00    0.44    0.32   0.00    64.00    64.00   0.03 100.00

avg-cpu:  %user   %nice %system %iowait  %steal   %idle
           0.79    0.00    4.75    0.00    0.00   94.47

Device            r/s     w/s     rMB/s     wMB/s   rrqm/s   wrqm/s  %rrqm  %wrqm r_await w_await aqu-sz rareq-sz wareq-sz  svctm  %util
nvme1n1       26874.00 7715.00   1679.62    482.19     0.00     0.00   0.00   0.00    0.44    0.46   0.00    64.00    64.00   0.03 100.00
nvme0n1          0.00 11598.00      0.00    724.88     0.00     0.00   0.00   0.00    0.00    0.03   0.00     0.00    64.00   0.09 100.00
cas1-1        26874.00 11594.00   1679.62    724.62     0.00     0.00   0.00   0.00    0.44    0.32   0.00    64.00    64.00   0.03 100.00

avg-cpu:  %user   %nice %system %iowait  %steal   %idle
           0.76    0.00    4.66    0.00    0.00   94.58

Device            r/s     w/s     rMB/s     wMB/s   rrqm/s   wrqm/s  %rrqm  %wrqm r_await w_await aqu-sz rareq-sz wareq-sz  svctm  %util
nvme1n1       26998.00 7622.00   1687.44    476.38     0.00     0.00   0.00   0.00    0.44    0.46   0.00    64.00    64.00   0.03 100.00
nvme0n1          0.00 11502.00      0.00    718.88     0.00     0.00   0.00   0.00    0.00    0.03   0.00     0.00    64.00   0.09 100.00
cas1-1        26997.00 11506.00   1687.31    719.12     0.00     0.00   0.00   0.00    0.44    0.32   0.00    64.00    64.00   0.03 100.00

avg-cpu:  %user   %nice %system %iowait  %steal   %idle
           0.76    0.00    4.69    0.00    0.00   94.55

Device            r/s     w/s     rMB/s     wMB/s   rrqm/s   wrqm/s  %rrqm  %wrqm r_await w_await aqu-sz rareq-sz wareq-sz  svctm  %util
nvme1n1       26869.00 7718.00   1679.25    482.38     0.00     0.00   0.00   0.00    0.44    0.46   0.00    64.00    64.00   0.03 100.00
nvme0n1          0.00 11529.00      0.00    720.56     0.00     0.00   0.00   0.00    0.00    0.03   0.00     0.00    64.00   0.09 100.00
cas1-1        26870.00 11530.00   1679.38    720.62     0.00     0.00   0.00   0.00    0.44    0.32   0.00    64.00    64.00   0.03 100.00

avg-cpu:  %user   %nice %system %iowait  %steal   %idle
           0.85    0.00    4.69    0.00    0.00   94.46

Device            r/s     w/s     rMB/s     wMB/s   rrqm/s   wrqm/s  %rrqm  %wrqm r_await w_await aqu-sz rareq-sz wareq-sz  svctm  %util
nvme1n1       26897.00 7649.00   1681.06    478.06     0.00     0.00   0.00   0.00    0.44    0.46   0.00    64.00    64.00   0.03 100.00
nvme0n1          0.00 11506.00      0.00    719.12     0.00     0.00   0.00   0.00    0.00    0.03   0.00     0.00    64.00   0.09 100.00
cas1-1        26900.00 11503.00   1681.25    718.94     0.00     0.00   0.00   0.00    0.44    0.32   0.00    64.00    64.00   0.03 100.00

avg-cpu:  %user   %nice %system %iowait  %steal   %idle
           0.85    0.00    4.59    0.00    0.00   94.56

Device            r/s     w/s     rMB/s     wMB/s   rrqm/s   wrqm/s  %rrqm  %wrqm r_await w_await aqu-sz rareq-sz wareq-sz  svctm  %util
nvme1n1       26858.00 7672.00   1678.62    479.50     0.00     0.00   0.00   0.00    0.44    0.46   0.00    64.00    64.00   0.03 100.00
nvme0n1          0.00 11569.00      0.00    723.06     0.00     0.00   0.00   0.00    0.00    0.03   0.00     0.00    64.00   0.09 100.00
cas1-1        26852.00 11568.00   1678.25    723.00     0.00     0.00   0.00   0.00    0.44    0.32   0.00    64.00    64.00   0.03 100.00

avg-cpu:  %user   %nice %system %iowait  %steal   %idle
           0.79    0.00    4.78    0.00    0.00   94.43

Device            r/s     w/s     rMB/s     wMB/s   rrqm/s   wrqm/s  %rrqm  %wrqm r_await w_await aqu-sz rareq-sz wareq-sz  svctm  %util
nvme1n1       26797.00 7747.00   1674.81    484.19     0.00     0.00   0.00   0.00    0.44    0.46   0.00    64.00    64.00   0.03 100.00
nvme0n1          0.00 11467.00      0.00    716.69     0.00     0.00   0.00   0.00    0.00    0.03   0.00     0.00    64.00   0.09 100.00
cas1-1        26801.00 11468.00   1675.06    716.75     0.00     0.00   0.00   0.00    0.44    0.33   0.00    64.00    64.00   0.03 100.00

avg-cpu:  %user   %nice %system %iowait  %steal   %idle
           0.82    0.00    4.69    0.00    0.00   94.49

Device            r/s     w/s     rMB/s     wMB/s   rrqm/s   wrqm/s  %rrqm  %wrqm r_await w_await aqu-sz rareq-sz wareq-sz  svctm  %util
nvme1n1       26738.00 7778.00   1671.12    486.12     0.00     0.00   0.00   0.00    0.44    0.46   0.00    64.00    64.00   0.03 100.00
nvme0n1          0.00 11647.00      0.00    727.94     0.00     0.00   0.00   0.00    0.00    0.03   0.00     0.00    64.00   0.09 100.00
cas1-1        26740.00 11649.00   1671.25    728.06     0.00     0.00   0.00   0.00    0.44    0.33   0.00    64.00    64.00   0.03 100.30

avg-cpu:  %user   %nice %system %iowait  %steal   %idle
           0.82    0.00    4.69    0.00    0.00   94.49

Device            r/s     w/s     rMB/s     wMB/s   rrqm/s   wrqm/s  %rrqm  %wrqm r_await w_await aqu-sz rareq-sz wareq-sz  svctm  %util
nvme1n1       26986.00 7614.00   1686.62    475.88     0.00     0.00   0.00   0.00    0.44    0.46   0.00    64.00    64.00   0.03 100.00
nvme0n1          0.00 11394.00      0.00    712.12     0.00     0.00   0.00   0.00    0.00    0.03   0.00     0.00    64.00   0.09 100.00
cas1-1        26987.00 11395.00   1686.69    712.19     0.00     0.00   0.00   0.00    0.44    0.32   0.00    64.00    64.00   0.03 100.00

avg-cpu:  %user   %nice %system %iowait  %steal   %idle
           0.88    0.00    4.72    0.00    0.00   94.40

Device            r/s     w/s     rMB/s     wMB/s   rrqm/s   wrqm/s  %rrqm  %wrqm r_await w_await aqu-sz rareq-sz wareq-sz  svctm  %util
nvme1n1       26848.00 7685.00   1678.00    480.38     0.00     0.00   0.00   0.00    0.44    0.46   0.00    64.00    64.01   0.03 100.00
nvme0n1          0.00 11550.00      0.00    721.88     0.00     0.00   0.00   0.00    0.00    0.03   0.00     0.00    64.00   0.09 100.00
cas1-1        26845.00 11549.00   1677.81    721.81     0.00     0.00   0.00   0.00    0.44    0.32   0.00    64.00    64.00   0.03 100.00

avg-cpu:  %user   %nice %system %iowait  %steal   %idle
           0.79    0.00    4.79    0.00    0.00   94.43

Device            r/s     w/s     rMB/s     wMB/s   rrqm/s   wrqm/s  %rrqm  %wrqm r_await w_await aqu-sz rareq-sz wareq-sz  svctm  %util
nvme1n1       26907.00 7668.00   1681.69    479.19     0.00     0.00   0.00   0.00    0.44    0.46   0.00    64.00    63.99   0.03 100.10
nvme0n1          0.00 11561.00      0.00    722.56     0.00     0.00   0.00   0.00    0.00    0.03   0.00     0.00    64.00   0.09 100.10
cas1-1        26908.00 11564.00   1681.75    722.75     0.00     0.00   0.00   0.00    0.44    0.32   0.00    64.00    64.00   0.03 100.00

avg-cpu:  %user   %nice %system %iowait  %steal   %idle
           0.79    0.00    4.66    0.00    0.00   94.55

Device            r/s     w/s     rMB/s     wMB/s   rrqm/s   wrqm/s  %rrqm  %wrqm r_await w_await aqu-sz rareq-sz wareq-sz  svctm  %util
nvme1n1       26969.00 7661.00   1685.56    478.81     0.00     0.00   0.00   0.00    0.44    0.46   0.00    64.00    64.00   0.03 100.00
nvme0n1          0.00 11470.00      0.00    716.88     0.00     0.00   0.00   0.00    0.00    0.03   0.00     0.00    64.00   0.09 100.00
cas1-1        26969.00 11466.00   1685.56    716.62     0.00     0.00   0.00   0.00    0.44    0.32   0.00    64.00    64.00   0.03 100.00

avg-cpu:  %user   %nice %system %iowait  %steal   %idle
           0.75    0.00    4.78    0.00    0.00   94.46

Device            r/s     w/s     rMB/s     wMB/s   rrqm/s   wrqm/s  %rrqm  %wrqm r_await w_await aqu-sz rareq-sz wareq-sz  svctm  %util
nvme1n1       26899.00 7634.00   1681.19    477.12     0.00     0.00   0.00   0.00    0.44    0.46   0.00    64.00    64.00   0.03 100.00
nvme0n1          0.00 11517.00      0.00    719.81     0.00     0.00   0.00   0.00    0.00    0.03   0.00     0.00    64.00   0.09 100.00
cas1-1        26902.00 11516.00   1681.38    719.75     0.00     0.00   0.00   0.00    0.44    0.32   0.00    64.00    64.00   0.03 100.00

avg-cpu:  %user   %nice %system %iowait  %steal   %idle
           0.76    0.00    4.75    0.00    0.00   94.49

Device            r/s     w/s     rMB/s     wMB/s   rrqm/s   wrqm/s  %rrqm  %wrqm r_await w_await aqu-sz rareq-sz wareq-sz  svctm  %util
nvme1n1       26955.00 7634.00   1684.69    477.12     0.00     0.00   0.00   0.00    0.44    0.46   0.00    64.00    64.00   0.03 100.00
nvme0n1          0.00 11533.00      0.00    720.81     0.00     0.00   0.00   0.00    0.00    0.03   0.00     0.00    64.00   0.09 100.00
cas1-1        26954.00 11536.00   1684.63    721.00     0.00     0.00   0.00   0.00    0.44    0.32   0.00    64.00    64.00   0.03 100.00

avg-cpu:  %user   %nice %system %iowait  %steal   %idle
           0.88    0.00    4.69    0.00    0.00   94.43

Device            r/s     w/s     rMB/s     wMB/s   rrqm/s   wrqm/s  %rrqm  %wrqm r_await w_await aqu-sz rareq-sz wareq-sz  svctm  %util
nvme1n1       26812.00 7729.00   1675.75    483.06     0.00     0.00   0.00   0.00    0.44    0.46   0.00    64.00    64.00   0.03 100.00
nvme0n1          0.00 11607.00      0.00    725.44     0.00     0.00   0.00   0.00    0.00    0.03   0.00     0.00    64.00   0.09 100.00
cas1-1        26811.00 11605.00   1675.69    725.31     0.00     0.00   0.00   0.00    0.44    0.32   0.00    64.00    64.00   0.03 100.00

avg-cpu:  %user   %nice %system %iowait  %steal   %idle
           0.72    0.00    4.82    0.00    0.00   94.46

Device            r/s     w/s     rMB/s     wMB/s   rrqm/s   wrqm/s  %rrqm  %wrqm r_await w_await aqu-sz rareq-sz wareq-sz  svctm  %util
nvme1n1       26900.00 7670.00   1681.25    479.38     0.00     0.00   0.00   0.00    0.44    0.46   0.00    64.00    64.00   0.03 100.00
nvme0n1          0.00 11445.00      0.00    715.31     0.00     0.00   0.00   0.00    0.00    0.03   0.00     0.00    64.00   0.09 100.00
cas1-1        26900.00 11444.00   1681.25    715.25     0.00     0.00   0.00   0.00    0.44    0.33   0.00    64.00    64.00   0.03 100.00

avg-cpu:  %user   %nice %system %iowait  %steal   %idle
           0.82    0.00    4.66    0.09    0.00   94.43

Device            r/s     w/s     rMB/s     wMB/s   rrqm/s   wrqm/s  %rrqm  %wrqm r_await w_await aqu-sz rareq-sz wareq-sz  svctm  %util
nvme1n1       26771.00 7739.00   1673.19    483.69     0.00     0.00   0.00   0.00    0.44    0.46   0.00    64.00    64.00   0.03 100.00
nvme0n1          0.00 11666.00      0.00    729.12     0.00     0.00   0.00   0.00    0.00    0.03   0.00     0.00    64.00   0.09 100.00
cas1-1        26773.00 11668.00   1673.31    729.25     0.00     0.00   0.00   0.00    0.44    0.32   0.00    64.00    64.00   0.03 100.00

avg-cpu:  %user   %nice %system %iowait  %steal   %idle
           0.76    0.00    4.75    0.00    0.00   94.49

Device            r/s     w/s     rMB/s     wMB/s   rrqm/s   wrqm/s  %rrqm  %wrqm r_await w_await aqu-sz rareq-sz wareq-sz  svctm  %util
nvme1n1       26921.00 7621.00   1682.56    476.31     0.00     0.00   0.00   0.00    0.44    0.46   0.00    64.00    64.00   0.03 100.00
nvme0n1          0.00 11430.00      0.00    714.38     0.00     0.00   0.00   0.00    0.00    0.03   0.00     0.00    64.00   0.09 100.00
cas1-1        26914.00 11429.00   1682.12    714.31     0.00     0.00   0.00   0.00    0.44    0.32   0.00    64.00    64.00   0.03 100.00

avg-cpu:  %user   %nice %system %iowait  %steal   %idle
           0.79    0.00    4.75    0.00    0.00   94.46

Device            r/s     w/s     rMB/s     wMB/s   rrqm/s   wrqm/s  %rrqm  %wrqm r_await w_await aqu-sz rareq-sz wareq-sz  svctm  %util
nvme1n1       26739.00 7757.00   1671.19    484.81     0.00     0.00   0.00   0.00    0.44    0.46   0.00    64.00    64.00   0.03 100.00
nvme0n1          0.00 11549.00      0.00    721.81     0.00     0.00   0.00   0.00    0.00    0.03   0.00     0.00    64.00   0.09 100.00
cas1-1        26742.00 11548.00   1671.38    721.75     0.00     0.00   0.00   0.00    0.44    0.33   0.00    64.00    64.00   0.03 100.00

avg-cpu:  %user   %nice %system %iowait  %steal   %idle
           0.76    0.00    4.79    0.00    0.00   94.46

Device            r/s     w/s     rMB/s     wMB/s   rrqm/s   wrqm/s  %rrqm  %wrqm r_await w_await aqu-sz rareq-sz wareq-sz  svctm  %util
nvme1n1       27047.00 7529.00   1690.44    470.56     0.00     0.00   0.00   0.00    0.44    0.46   0.00    64.00    64.00   0.03 100.00
nvme0n1          0.00 11395.00      0.00    712.19     0.00     0.00   0.00   0.00    0.00    0.03   0.00     0.00    64.00   0.09 100.00
cas1-1        27049.00 11396.00   1690.56    712.25     0.00     0.00   0.00   0.00    0.44    0.32   0.00    64.00    64.00   0.03 100.00

avg-cpu:  %user   %nice %system %iowait  %steal   %idle
           0.85    0.00    4.72    0.00    0.00   94.43

Device            r/s     w/s     rMB/s     wMB/s   rrqm/s   wrqm/s  %rrqm  %wrqm r_await w_await aqu-sz rareq-sz wareq-sz  svctm  %util
nvme1n1       26585.15 7578.22   1661.57    473.64     0.00     0.00   0.00   0.00    0.44    0.46   0.00    64.00    64.00   0.03  99.01
nvme0n1          0.00 11398.02      0.00    712.38     0.00     0.00   0.00   0.00    0.00    0.03   0.00     0.00    64.00   0.09  99.01
cas1-1        26582.18 11397.03   1661.39    712.31     0.00     0.00   0.00   0.00    0.44    0.32   0.00    64.00    64.00   0.03  99.01

avg-cpu:  %user   %nice %system %iowait  %steal   %idle
           0.75    0.00    4.72    0.00    0.00   94.53

Device            r/s     w/s     rMB/s     wMB/s   rrqm/s   wrqm/s  %rrqm  %wrqm r_await w_await aqu-sz rareq-sz wareq-sz  svctm  %util
nvme1n1       27015.00 7543.00   1688.44    471.44     0.00     0.00   0.00   0.00    0.44    0.46   0.00    64.00    64.00   0.03 100.00
nvme0n1          0.00 11311.00      0.00    706.94     0.00     0.00   0.00   0.00    0.00    0.03   0.00     0.00    64.00   0.09 100.00
cas1-1        27015.00 11311.00   1688.44    706.94     0.00     0.00   0.00   0.00    0.44    0.32   0.00    64.00    64.00   0.03 100.00

avg-cpu:  %user   %nice %system %iowait  %steal   %idle
           0.82    0.00    4.84    0.06    0.00   94.28

Device            r/s     w/s     rMB/s     wMB/s   rrqm/s   wrqm/s  %rrqm  %wrqm r_await w_await aqu-sz rareq-sz wareq-sz  svctm  %util
nvme1n1       26724.00 7746.00   1670.25    484.12     0.00     0.00   0.00   0.00    0.44    0.46   0.00    64.00    64.00   0.03 100.00
nvme0n1          0.00 11554.00      0.00    722.12     0.00     0.00   0.00   0.00    0.00    0.03   0.00     0.00    64.00   0.09 100.00
cas1-1        26724.00 11553.00   1670.25    722.06     0.00     0.00   0.00   0.00    0.45    0.33   0.00    64.00    64.00   0.03 100.00

avg-cpu:  %user   %nice %system %iowait  %steal   %idle
           0.72    0.00    4.76    0.00    0.00   94.52

Device            r/s     w/s     rMB/s     wMB/s   rrqm/s   wrqm/s  %rrqm  %wrqm r_await w_await aqu-sz rareq-sz wareq-sz  svctm  %util
nvme1n1       26882.00 7663.00   1680.12    478.94     0.00     0.00   0.00   0.00    0.44    0.46   0.00    64.00    64.00   0.03 100.00
nvme0n1          0.00 11488.00      0.00    718.00     0.00     0.00   0.00   0.00    0.00    0.03   0.00     0.00    64.00   0.09 100.00
cas1-1        26883.00 11486.00   1680.19    717.88     0.00     0.00   0.00   0.00    0.44    0.33   0.00    64.00    64.00   0.03 100.00

avg-cpu:  %user   %nice %system %iowait  %steal   %idle
           0.85    0.00    4.78    0.00    0.00   94.37

Device            r/s     w/s     rMB/s     wMB/s   rrqm/s   wrqm/s  %rrqm  %wrqm r_await w_await aqu-sz rareq-sz wareq-sz  svctm  %util
nvme1n1       26783.00 7604.00   1673.94    475.25     0.00     0.00   0.00   0.00    0.44    0.46   0.00    64.00    64.00   0.03 100.00
nvme0n1          0.00 11415.00      0.00    713.44     0.00     0.00   0.00   0.00    0.00    0.03   0.00     0.00    64.00   0.09 100.00
cas1-1        26781.00 11422.00   1673.81    713.88     0.00     0.00   0.00   0.00    0.45    0.33   0.00    64.00    64.00   0.03 100.10

avg-cpu:  %user   %nice %system %iowait  %steal   %idle
           0.79    0.00    4.78    0.00    0.00   94.43

Device            r/s     w/s     rMB/s     wMB/s   rrqm/s   wrqm/s  %rrqm  %wrqm r_await w_await aqu-sz rareq-sz wareq-sz  svctm  %util
nvme1n1       26836.00 7579.00   1677.25    473.69     0.00     0.00   0.00   0.00    0.44    0.46   0.00    64.00    64.00   0.03 100.00
nvme0n1          0.00 11495.00      0.00    718.44     0.00     0.00   0.00   0.00    0.00    0.03   0.00     0.00    64.00   0.09 100.00
cas1-1        26837.00 11493.00   1677.31    718.31     0.00     0.00   0.00   0.00    0.45    0.32   0.00    64.00    64.00   0.03 100.00

avg-cpu:  %user   %nice %system %iowait  %steal   %idle
           0.88    0.00    4.66    0.00    0.00   94.46

Device            r/s     w/s     rMB/s     wMB/s   rrqm/s   wrqm/s  %rrqm  %wrqm r_await w_await aqu-sz rareq-sz wareq-sz  svctm  %util
nvme1n1       26765.00 7680.00   1672.81    480.00     0.00     0.00   0.00   0.00    0.44    0.46   0.00    64.00    64.00   0.03 100.00
nvme0n1          0.00 11476.00      0.00    717.25     0.00     0.00   0.00   0.00    0.00    0.03   0.00     0.00    64.00   0.09 100.00
cas1-1        26766.00 11474.00   1672.88    717.12     0.00     0.00   0.00   0.00    0.45    0.33   0.00    64.00    64.00   0.03 100.00

avg-cpu:  %user   %nice %system %iowait  %steal   %idle
           0.76    0.00    4.69    0.00    0.00   94.55

Device            r/s     w/s     rMB/s     wMB/s   rrqm/s   wrqm/s  %rrqm  %wrqm r_await w_await aqu-sz rareq-sz wareq-sz  svctm  %util
nvme1n1       26696.00 7627.00   1668.50    476.69     0.00     0.00   0.00   0.00    0.44    0.46   0.00    64.00    64.00   0.03 100.10
nvme0n1          0.00 11466.00      0.00    716.62     0.00     0.00   0.00   0.00    0.00    0.03   0.00     0.00    64.00   0.09 100.10
cas1-1        26695.00 11464.00   1668.44    716.50     0.00     0.00   0.00   0.00    0.45    0.33   0.00    64.00    64.00   0.03 100.00

avg-cpu:  %user   %nice %system %iowait  %steal   %idle
           0.79    0.00    4.81    0.00    0.00   94.40

Device            r/s     w/s     rMB/s     wMB/s   rrqm/s   wrqm/s  %rrqm  %wrqm r_await w_await aqu-sz rareq-sz wareq-sz  svctm  %util
nvme1n1       26863.00 7667.00   1678.94    479.19     0.00     0.00   0.00   0.00    0.44    0.46   0.00    64.00    64.00   0.03 100.00
nvme0n1          0.00 11559.00      0.00    722.44     0.00     0.00   0.00   0.00    0.00    0.03   0.00     0.00    64.00   0.09 100.00
cas1-1        26867.00 11562.00   1679.19    722.62     0.00     0.00   0.00   0.00    0.44    0.32   0.00    64.00    64.00   0.03 100.00

avg-cpu:  %user   %nice %system %iowait  %steal   %idle
           0.82    0.00    4.81    0.00    0.00   94.37

Device            r/s     w/s     rMB/s     wMB/s   rrqm/s   wrqm/s  %rrqm  %wrqm r_await w_await aqu-sz rareq-sz wareq-sz  svctm  %util
nvme1n1       26844.00 7672.00   1677.75    479.50     0.00     0.00   0.00   0.00    0.44    0.46   0.00    64.00    64.00   0.03 100.00
nvme0n1          0.00 11478.00      0.00    717.38     0.00     0.00   0.00   0.00    0.00    0.03   0.00     0.00    64.00   0.09 100.00
cas1-1        26843.00 11477.00   1677.69    717.31     0.00     0.00   0.00   0.00    0.44    0.33   0.00    64.00    64.00   0.03 100.00

avg-cpu:  %user   %nice %system %iowait  %steal   %idle
           0.85    0.00    4.72    0.00    0.00   94.43

Device            r/s     w/s     rMB/s     wMB/s   rrqm/s   wrqm/s  %rrqm  %wrqm r_await w_await aqu-sz rareq-sz wareq-sz  svctm  %util
nvme1n1       26809.00 7651.00   1675.56    478.19     0.00     0.00   0.00   0.00    0.44    0.46   0.00    64.00    64.00   0.03 100.00
nvme0n1          0.00 11581.00      0.00    723.81     0.00     0.00   0.00   0.00    0.00    0.03   0.00     0.00    64.00   0.09 100.00
cas1-1        26804.00 11581.00   1675.25    723.81     0.00     0.00   0.00   0.00    0.45    0.32   0.00    64.00    64.00   0.03 100.00

avg-cpu:  %user   %nice %system %iowait  %steal   %idle
           0.82    0.00    4.63    0.00    0.00   94.55

Device            r/s     w/s     rMB/s     wMB/s   rrqm/s   wrqm/s  %rrqm  %wrqm r_await w_await aqu-sz rareq-sz wareq-sz  svctm  %util
nvme1n1       26907.00 7642.00   1681.75    477.62     0.00     0.00   0.00   0.00    0.44    0.46   0.00    64.00    64.00   0.03 100.00
nvme0n1          0.00 11620.00      0.00    726.25     0.00     0.00   0.00   0.00    0.00    0.03   0.00     0.00    64.00   0.09 100.00
cas1-1        26910.00 11620.00   1681.88    726.25     0.00     0.00   0.00   0.00    0.44    0.32   0.00    64.00    64.00   0.03 100.00

avg-cpu:  %user   %nice %system %iowait  %steal   %idle
           0.82    0.00    4.81    0.00    0.00   94.37

Device            r/s     w/s     rMB/s     wMB/s   rrqm/s   wrqm/s  %rrqm  %wrqm r_await w_await aqu-sz rareq-sz wareq-sz  svctm  %util
nvme1n1       26810.00 7721.00   1675.56    482.56     0.00     0.00   0.00   0.00    0.44    0.46   0.00    64.00    64.00   0.03 100.00
nvme0n1          0.00 11549.00      0.00    721.81     0.00     0.00   0.00   0.00    0.00    0.03   0.00     0.00    64.00   0.09 100.00
cas1-1        26813.00 11549.00   1675.81    721.81     0.00     0.00   0.00   0.00    0.44    0.33   0.00    64.00    64.00   0.03 100.00

avg-cpu:  %user   %nice %system %iowait  %steal   %idle
           0.69    0.00    4.76    0.00    0.00   94.55

Device            r/s     w/s     rMB/s     wMB/s   rrqm/s   wrqm/s  %rrqm  %wrqm r_await w_await aqu-sz rareq-sz wareq-sz  svctm  %util
nvme1n1       26710.00 7781.00   1669.44    486.31     0.00     0.00   0.00   0.00    0.44    0.46   0.00    64.00    64.00   0.03 100.00
nvme0n1          0.00 11579.00      0.00    723.69     0.00     0.00   0.00   0.00    0.00    0.03   0.00     0.00    64.00   0.09 100.00
cas1-1        26709.00 11581.00   1669.31    723.81     0.00     0.00   0.00   0.00    0.44    0.33   0.00    64.00    64.00   0.03 100.00

avg-cpu:  %user   %nice %system %iowait  %steal   %idle
           0.82    0.00    4.63    0.00    0.00   94.55

Device            r/s     w/s     rMB/s     wMB/s   rrqm/s   wrqm/s  %rrqm  %wrqm r_await w_await aqu-sz rareq-sz wareq-sz  svctm  %util
nvme1n1       26930.00 7613.00   1683.06    475.81     0.00     0.00   0.00   0.00    0.44    0.46   0.00    64.00    64.00   0.03 100.20
nvme0n1          0.00 11435.00      0.00    714.69     0.00     0.00   0.00   0.00    0.00    0.03   0.00     0.00    64.00   0.09 100.00
cas1-1        26928.00 11434.00   1683.00    714.62     0.00     0.00   0.00   0.00    0.44    0.32   0.00    64.00    64.00   0.03 100.00

avg-cpu:  %user   %nice %system %iowait  %steal   %idle
           0.79    0.00    4.79    0.03    0.00   94.40

Device            r/s     w/s     rMB/s     wMB/s   rrqm/s   wrqm/s  %rrqm  %wrqm r_await w_await aqu-sz rareq-sz wareq-sz  svctm  %util
nvme1n1       26868.00 7668.00   1679.25    479.25     0.00     0.00   0.00   0.00    0.44    0.46   0.00    64.00    64.00   0.03 100.00
nvme0n1          0.00 11577.00      0.00    723.56     0.00     0.00   0.00   0.00    0.00    0.03   0.00     0.00    64.00   0.09 100.00
cas1-1        26867.00 11580.00   1679.19    723.75     0.00     0.00   0.00   0.00    0.44    0.32   0.00    64.00    64.00   0.03 100.00

avg-cpu:  %user   %nice %system %iowait  %steal   %idle
           0.82    0.00    4.69    0.00    0.00   94.52

Device            r/s     w/s     rMB/s     wMB/s   rrqm/s   wrqm/s  %rrqm  %wrqm r_await w_await aqu-sz rareq-sz wareq-sz  svctm  %util
nvme1n1       26807.00 7704.00   1675.44    481.50     0.00     0.00   0.00   0.00    0.44    0.46   0.00    64.00    64.00   0.03 100.00
nvme0n1          0.00 11560.00      0.00    722.50     0.00     0.00   0.00   0.00    0.00    0.03   0.00     0.00    64.00   0.09 100.00
cas1-1        26806.00 11558.00   1675.38    722.38     0.00     0.00   0.00   0.00    0.44    0.33   0.00    64.00    64.00   0.03 100.00

avg-cpu:  %user   %nice %system %iowait  %steal   %idle
           0.82    0.00    4.78    0.00    0.00   94.40

Device            r/s     w/s     rMB/s     wMB/s   rrqm/s   wrqm/s  %rrqm  %wrqm r_await w_await aqu-sz rareq-sz wareq-sz  svctm  %util
nvme1n1       26946.00 7626.00   1684.12    476.63     0.00     0.00   0.00   0.00    0.44    0.46   0.00    64.00    64.00   0.03 100.00
nvme0n1          0.00 11456.00      0.00    716.00     0.00     0.00   0.00   0.00    0.00    0.03   0.00     0.00    64.00   0.09 100.00
cas1-1        26946.00 11453.00   1684.12    715.81     0.00     0.00   0.00   0.00    0.44    0.32   0.00    64.00    64.00   0.03 100.00

avg-cpu:  %user   %nice %system %iowait  %steal   %idle
           0.76    0.00    4.85    0.00    0.00   94.40

Device            r/s     w/s     rMB/s     wMB/s   rrqm/s   wrqm/s  %rrqm  %wrqm r_await w_await aqu-sz rareq-sz wareq-sz  svctm  %util
nvme1n1       26811.00 7724.00   1675.69    482.75     0.00     0.00   0.00   0.00    0.44    0.46   0.00    64.00    64.00   0.03 100.00
nvme0n1          0.00 11553.00      0.00    722.06     0.00     0.00   0.00   0.00    0.00    0.03   0.00     0.00    64.00   0.09 100.00
cas1-1        26812.00 11556.00   1675.75    722.25     0.00     0.00   0.00   0.00    0.44    0.33   0.00    64.00    64.00   0.03 100.00

avg-cpu:  %user   %nice %system %iowait  %steal   %idle
           0.85    0.00    4.75    0.00    0.00   94.40

Device            r/s     w/s     rMB/s     wMB/s   rrqm/s   wrqm/s  %rrqm  %wrqm r_await w_await aqu-sz rareq-sz wareq-sz  svctm  %util
nvme1n1       26983.00 7589.00   1686.44    474.31     0.00     0.00   0.00   0.00    0.44    0.46   0.00    64.00    64.00   0.03 100.00
nvme0n1          0.00 11512.00      0.00    719.50     0.00     0.00   0.00   0.00    0.00    0.03   0.00     0.00    64.00   0.09 100.00
cas1-1        26985.00 11511.00   1686.56    719.44     0.00     0.00   0.00   0.00    0.44    0.32   0.00    64.00    64.00   0.03 100.10

avg-cpu:  %user   %nice %system %iowait  %steal   %idle
           0.72    0.00    4.72    0.00    0.00   94.55

Device            r/s     w/s     rMB/s     wMB/s   rrqm/s   wrqm/s  %rrqm  %wrqm r_await w_await aqu-sz rareq-sz wareq-sz  svctm  %util
nvme1n1       26738.00 7628.00   1671.12    476.75     0.00     0.00   0.00   0.00    0.44    0.46   0.00    64.00    64.00   0.03 100.10
nvme0n1          0.00 11408.00      0.00    713.00     0.00     0.00   0.00   0.00    0.00    0.03   0.00     0.00    64.00   0.09 100.00
cas1-1        26737.00 11409.00   1671.06    713.06     0.00     0.00   0.00   0.00    0.45    0.33   0.00    64.00    64.00   0.03 100.00

