Linux 5.4.1-050401-lowlatency (kanwu-Super-Server) 	09/10/2020 	_x86_64_	(32 CPU)

avg-cpu:  %user   %nice %system %iowait  %steal   %idle
           0.04    0.00    0.07    0.04    0.00   99.85

Device            r/s     w/s     rMB/s     wMB/s   rrqm/s   wrqm/s  %rrqm  %wrqm r_await w_await aqu-sz rareq-sz wareq-sz  svctm  %util
nvme1n1        320.43   89.69     20.03      5.45     0.00     0.00   0.00   0.00    0.24    0.33   0.00    64.00    62.28   0.03   1.17
nvme0n1         84.03   15.48      5.25      0.97     0.00     0.00   0.00   0.00    0.20    0.08   0.00    63.99    63.89   0.06   0.55
cas1-1          24.74    2.75      1.55      0.17     0.00     0.00   0.00   0.00    0.15    0.04   0.00    64.00    64.00   0.02   0.07

avg-cpu:  %user   %nice %system %iowait  %steal   %idle
           0.16    0.00    0.66    1.03    0.00   98.15

Device            r/s     w/s     rMB/s     wMB/s   rrqm/s   wrqm/s  %rrqm  %wrqm r_await w_await aqu-sz rareq-sz wareq-sz  svctm  %util
nvme1n1         32.00  575.00      1.06     69.64     0.00     0.00   0.00   0.00    0.03    0.61   0.10    34.02   124.01   0.09   5.30
nvme0n1          3.00    0.00      0.01      0.00     0.00     0.00   0.00   0.00    0.33    0.00   0.00     4.00     0.00   0.67   0.20

avg-cpu:  %user   %nice %system %iowait  %steal   %idle
           0.44    0.00    0.22    3.91    0.00   95.43

Device            r/s     w/s     rMB/s     wMB/s   rrqm/s   wrqm/s  %rrqm  %wrqm r_await w_await aqu-sz rareq-sz wareq-sz  svctm  %util
nvme1n1          3.00  597.00      0.01     69.12     0.00     0.00   0.00   0.00    0.00    0.86   0.21     4.00   118.56   0.08   4.80
nvme0n1         41.00    0.00      1.03      0.00     0.00     0.00   0.00   0.00    0.12    0.00   0.00    25.66     0.00   0.39   1.60

avg-cpu:  %user   %nice %system %iowait  %steal   %idle
           0.13    0.00    0.85    2.10    0.00   96.93

Device            r/s     w/s     rMB/s     wMB/s   rrqm/s   wrqm/s  %rrqm  %wrqm r_await w_await aqu-sz rareq-sz wareq-sz  svctm  %util
nvme1n1        410.00 2316.00     25.62    144.75     0.00     0.00   0.00   0.00    0.21    0.24   0.00    64.00    64.00   0.04  11.70
nvme0n1       2319.00  306.00    144.94     19.12     0.00     0.00   0.00   0.00    0.19    0.09   0.08    64.00    64.00   0.04  11.80

avg-cpu:  %user   %nice %system %iowait  %steal   %idle
           0.95    0.00    5.71    4.60    0.00   88.74

Device            r/s     w/s     rMB/s     wMB/s   rrqm/s   wrqm/s  %rrqm  %wrqm r_await w_await aqu-sz rareq-sz wareq-sz  svctm  %util
nvme1n1       28610.00 5787.00   1788.13    361.69     0.00     0.00   0.00   0.00    0.14    0.17   0.00    64.00    64.00   0.03 100.00
nvme0n1       5784.00 3788.00    361.50    236.75     0.00     0.00   0.00   0.00    0.15    0.04   0.02    64.00    64.00   0.10  99.20

avg-cpu:  %user   %nice %system %iowait  %steal   %idle
           0.82    0.00    4.73    3.31    0.00   91.14

Device            r/s     w/s     rMB/s     wMB/s   rrqm/s   wrqm/s  %rrqm  %wrqm r_await w_await aqu-sz rareq-sz wareq-sz  svctm  %util
nvme1n1       37774.00   72.00   2360.88      4.50     0.00     0.00   0.00   0.00    0.14    0.14   0.00    64.00    64.00   0.03 100.00
nvme0n1        469.00 4239.00     29.31    264.94     0.00     0.00   0.00   0.00    0.16    0.03   0.01    64.00    64.00   0.21  98.40

avg-cpu:  %user   %nice %system %iowait  %steal   %idle
           0.82    0.00    4.94    3.08    0.00   91.16

Device            r/s     w/s     rMB/s     wMB/s   rrqm/s   wrqm/s  %rrqm  %wrqm r_await w_await aqu-sz rareq-sz wareq-sz  svctm  %util
nvme1n1       37486.00    0.00   2342.88      0.00     0.00     0.00   0.00   0.00    0.12    0.00   0.00    64.00     0.00   0.03  99.50
nvme0n1       4684.00 4703.00    292.75    293.94     0.00     0.00   0.00   0.00    0.16    0.03   0.07    64.00    64.00   0.11  99.50

avg-cpu:  %user   %nice %system %iowait  %steal   %idle
           0.88    0.00    4.98    3.40    0.00   90.74

Device            r/s     w/s     rMB/s     wMB/s   rrqm/s   wrqm/s  %rrqm  %wrqm r_await w_await aqu-sz rareq-sz wareq-sz  svctm  %util
nvme1n1       37030.00    0.00   2314.38      0.00     0.00     0.00   0.00   0.00    0.10    0.00   0.00    64.00     0.00   0.03  99.60
nvme0n1       8717.00 5061.00    544.81    316.31     0.00     0.00   0.00   0.00    0.15    0.03   0.04    64.00    64.00   0.07  99.60

avg-cpu:  %user   %nice %system %iowait  %steal   %idle
           1.45    0.00    5.07    1.73    0.00   91.75

Device            r/s     w/s     rMB/s     wMB/s   rrqm/s   wrqm/s  %rrqm  %wrqm r_await w_await aqu-sz rareq-sz wareq-sz  svctm  %util
nvme1n1       36268.00    0.00   2266.75      0.00     0.00     0.00   0.00   0.00    0.10    0.00   0.00    64.00     0.00   0.03  99.20
nvme0n1       10072.00 5164.00    629.50    322.75     0.00     0.00   0.00   0.00    0.16    0.03   0.09    64.00    64.00   0.07  99.20

avg-cpu:  %user   %nice %system %iowait  %steal   %idle
           0.82    0.00    5.13    1.92    0.00   92.13

Device            r/s     w/s     rMB/s     wMB/s   rrqm/s   wrqm/s  %rrqm  %wrqm r_await w_await aqu-sz rareq-sz wareq-sz  svctm  %util
nvme1n1       35593.00    0.00   2224.56      0.00     0.00     0.00   0.00   0.00    0.09    0.00   0.00    64.00     0.00   0.03  99.00
nvme0n1       11308.00 5257.00    706.75    328.56     0.00     0.00   0.00   0.00    0.16    0.03   0.11    64.00    64.00   0.06  99.00

avg-cpu:  %user   %nice %system %iowait  %steal   %idle
           0.91    0.00    4.88    3.02    0.00   91.18

Device            r/s     w/s     rMB/s     wMB/s   rrqm/s   wrqm/s  %rrqm  %wrqm r_await w_await aqu-sz rareq-sz wareq-sz  svctm  %util
nvme1n1       36033.00    0.00   2252.06      0.00     0.00     0.00   0.00   0.00    0.09    0.00   0.00    64.00     0.00   0.03  99.60
nvme0n1       11349.00 5168.00    709.31    323.00     0.00     0.00   0.00   0.00    0.15    0.03   0.08    64.00    64.00   0.06  99.60

avg-cpu:  %user   %nice %system %iowait  %steal   %idle
           0.79    0.00    5.22    3.59    0.00   90.41

Device            r/s     w/s     rMB/s     wMB/s   rrqm/s   wrqm/s  %rrqm  %wrqm r_await w_await aqu-sz rareq-sz wareq-sz  svctm  %util
nvme1n1       33584.00    0.00   2099.00      0.00     0.00     0.00   0.00   0.00    0.08    0.00   0.00    64.00     0.00   0.03  98.80
nvme0n1       14863.00 5392.00    928.94    337.00     0.00     0.00   0.00   0.00    0.16    0.03   0.11    64.00    64.00   0.05  98.80

avg-cpu:  %user   %nice %system %iowait  %steal   %idle
           0.79    0.00    5.13    3.15    0.00   90.94

Device            r/s     w/s     rMB/s     wMB/s   rrqm/s   wrqm/s  %rrqm  %wrqm r_await w_await aqu-sz rareq-sz wareq-sz  svctm  %util
nvme1n1       32316.00    0.00   2019.75      0.00     0.00     0.00   0.00   0.00    0.07    0.00   0.00    64.00     0.00   0.03  98.60
nvme0n1       16468.00 5303.00   1029.25    331.44     0.00     0.00   0.00   0.00    0.17    0.03   0.14    64.00    64.00   0.05  98.60

avg-cpu:  %user   %nice %system %iowait  %steal   %idle
           0.88    0.00    4.98    4.19    0.00   89.95

Device            r/s     w/s     rMB/s     wMB/s   rrqm/s   wrqm/s  %rrqm  %wrqm r_await w_await aqu-sz rareq-sz wareq-sz  svctm  %util
nvme1n1       33415.00    0.00   2088.44      0.00     0.00     0.00   0.00   0.00    0.08    0.00   0.00    64.00     0.00   0.03  99.30
nvme0n1       15672.00 5484.00    979.50    342.75     0.00     0.00   0.00   0.00    0.16    0.03   0.08    64.00    64.00   0.05  99.30

avg-cpu:  %user   %nice %system %iowait  %steal   %idle
           0.88    0.00    5.01    3.24    0.00   90.87

Device            r/s     w/s     rMB/s     wMB/s   rrqm/s   wrqm/s  %rrqm  %wrqm r_await w_await aqu-sz rareq-sz wareq-sz  svctm  %util
nvme1n1       32586.00    0.00   2036.62      0.00     0.00     0.00   0.00   0.00    0.07    0.00   0.00    64.00     0.00   0.03  98.90
nvme0n1       15667.00 5489.00    979.19    343.06     0.00     0.00   0.00   0.00    0.17    0.03   0.14    64.00    64.00   0.05  98.90

avg-cpu:  %user   %nice %system %iowait  %steal   %idle
           0.79    0.00    5.13    3.28    0.00   90.80

Device            r/s     w/s     rMB/s     wMB/s   rrqm/s   wrqm/s  %rrqm  %wrqm r_await w_await aqu-sz rareq-sz wareq-sz  svctm  %util
nvme1n1       32784.00    0.00   2049.00      0.00     0.00     0.00   0.00   0.00    0.07    0.00   0.00    64.00     0.00   0.03  98.80
nvme0n1       16130.00 5319.00   1008.13    332.44     0.00     0.00   0.00   0.00    0.16    0.03   0.10    64.00    64.00   0.05  99.00

avg-cpu:  %user   %nice %system %iowait  %steal   %idle
           0.88    0.00    5.25    3.68    0.00   90.19

Device            r/s     w/s     rMB/s     wMB/s   rrqm/s   wrqm/s  %rrqm  %wrqm r_await w_await aqu-sz rareq-sz wareq-sz  svctm  %util
nvme1n1       30908.00    0.00   1931.75      0.00     0.00     0.00   0.00   0.00    0.07    0.00   0.00    64.00     0.00   0.03  99.00
nvme0n1       17780.00 5422.00   1111.25    338.88     0.00     0.00   0.00   0.00    0.17    0.03   0.11    64.00    64.00   0.04  99.10

avg-cpu:  %user   %nice %system %iowait  %steal   %idle
           0.88    0.00    4.98    2.99    0.00   91.15

Device            r/s     w/s     rMB/s     wMB/s   rrqm/s   wrqm/s  %rrqm  %wrqm r_await w_await aqu-sz rareq-sz wareq-sz  svctm  %util
nvme1n1       30986.00    0.00   1936.62      0.00     0.00     0.00   0.00   0.00    0.07    0.00   0.00    64.00     0.00   0.03  98.30
nvme0n1       17446.00 5310.00   1090.38    331.88     0.00     0.00   0.00   0.00    0.17    0.03   0.14    64.00    64.00   0.04  98.30

avg-cpu:  %user   %nice %system %iowait  %steal   %idle
           0.79    0.00    5.10    3.02    0.00   91.08

Device            r/s     w/s     rMB/s     wMB/s   rrqm/s   wrqm/s  %rrqm  %wrqm r_await w_await aqu-sz rareq-sz wareq-sz  svctm  %util
nvme1n1       32323.00    0.00   2020.19      0.00     0.00     0.00   0.00   0.00    0.07    0.00   0.00    64.00     0.00   0.03  99.40
nvme0n1       16990.00 5465.00   1061.88    341.56     0.00     0.00   0.00   0.00    0.16    0.03   0.06    64.00    64.00   0.04  99.50

avg-cpu:  %user   %nice %system %iowait  %steal   %idle
           0.94    0.00    5.07    3.02    0.00   90.96

Device            r/s     w/s     rMB/s     wMB/s   rrqm/s   wrqm/s  %rrqm  %wrqm r_await w_await aqu-sz rareq-sz wareq-sz  svctm  %util
nvme1n1       31965.00    0.00   1997.81      0.00     0.00     0.00   0.00   0.00    0.07    0.00   0.00    64.00     0.00   0.03  98.70
nvme0n1       16707.00 5434.00   1044.19    339.62     0.00     0.00   0.00   0.00    0.17    0.03   0.12    64.00    64.00   0.04  98.90

avg-cpu:  %user   %nice %system %iowait  %steal   %idle
           0.82    0.00    5.04    2.99    0.00   91.14

Device            r/s     w/s     rMB/s     wMB/s   rrqm/s   wrqm/s  %rrqm  %wrqm r_await w_await aqu-sz rareq-sz wareq-sz  svctm  %util
nvme1n1       31991.00    0.00   1999.44      0.00     0.00     0.00   0.00   0.00    0.07    0.00   0.00    64.00     0.00   0.03  98.50
nvme0n1       16560.00 5424.00   1035.00    339.00     0.00     0.00   0.00   0.00    0.17    0.03   0.13    64.00    64.00   0.04  98.50

avg-cpu:  %user   %nice %system %iowait  %steal   %idle
           0.85    0.00    5.13    3.05    0.00   90.97

Device            r/s     w/s     rMB/s     wMB/s   rrqm/s   wrqm/s  %rrqm  %wrqm r_await w_await aqu-sz rareq-sz wareq-sz  svctm  %util
nvme1n1       31445.00    0.00   1965.31      0.00     0.00     0.00   0.00   0.00    0.07    0.00   0.00    64.00     0.00   0.03  99.50
nvme0n1       17800.00 5505.00   1112.50    344.06     0.00     0.00   0.00   0.00    0.16    0.03   0.05    64.00    64.00   0.04  99.60

avg-cpu:  %user   %nice %system %iowait  %steal   %idle
           0.82    0.00    5.04    3.02    0.00   91.12

Device            r/s     w/s     rMB/s     wMB/s   rrqm/s   wrqm/s  %rrqm  %wrqm r_await w_await aqu-sz rareq-sz wareq-sz  svctm  %util
nvme1n1       32218.00    0.00   2013.62      0.00     0.00     0.00   0.00   0.00    0.07    0.00   0.00    64.00     0.00   0.03  98.80
nvme0n1       16428.00 5503.00   1026.75    343.94     0.00     0.00   0.00   0.00    0.17    0.03   0.12    64.00    64.00   0.05  98.80

avg-cpu:  %user   %nice %system %iowait  %steal   %idle
           0.72    0.00    5.37    2.99    0.00   90.92

Device            r/s     w/s     rMB/s     wMB/s   rrqm/s   wrqm/s  %rrqm  %wrqm r_await w_await aqu-sz rareq-sz wareq-sz  svctm  %util
nvme1n1       31288.00    0.00   1955.50      0.00     0.00     0.00   0.00   0.00    0.07    0.00   0.00    64.00     0.00   0.03  98.70
nvme0n1       17328.00 5491.00   1083.00    343.19     0.00     0.00   0.00   0.00    0.17    0.03   0.12    64.00    64.00   0.04  98.70

avg-cpu:  %user   %nice %system %iowait  %steal   %idle
           0.88    0.00    5.13    3.02    0.00   90.97

Device            r/s     w/s     rMB/s     wMB/s   rrqm/s   wrqm/s  %rrqm  %wrqm r_await w_await aqu-sz rareq-sz wareq-sz  svctm  %util
nvme1n1       31901.00    0.00   1993.81      0.00     0.00     0.00   0.00   0.00    0.07    0.00   0.00    64.00     0.00   0.03  98.90
nvme0n1       16782.00 5487.00   1048.88    342.94     0.00     0.00   0.00   0.00    0.17    0.03   0.11    64.00    64.00   0.04  99.00

avg-cpu:  %user   %nice %system %iowait  %steal   %idle
           0.79    0.00    5.04    2.96    0.00   91.21

Device            r/s     w/s     rMB/s     wMB/s   rrqm/s   wrqm/s  %rrqm  %wrqm r_await w_await aqu-sz rareq-sz wareq-sz  svctm  %util
nvme1n1       33088.00    0.00   2068.00      0.00     0.00     0.00   0.00   0.00    0.08    0.00   0.00    64.00     0.00   0.03  99.20
nvme0n1       15847.00 5340.00    990.44    333.75     0.00     0.00   0.00   0.00    0.16    0.03   0.10    64.00    64.00   0.05  99.20

avg-cpu:  %user   %nice %system %iowait  %steal   %idle
           0.88    0.00    4.98    3.03    0.00   91.11

Device            r/s     w/s     rMB/s     wMB/s   rrqm/s   wrqm/s  %rrqm  %wrqm r_await w_await aqu-sz rareq-sz wareq-sz  svctm  %util
nvme1n1       34136.00    0.00   2133.50      0.00     0.00     0.00   0.00   0.00    0.08    0.00   0.00    64.00     0.00   0.03  98.90
nvme0n1       14634.00 5310.00    914.62    331.88     0.00     0.00   0.00   0.00    0.16    0.03   0.09    64.00    64.00   0.05  99.00

avg-cpu:  %user   %nice %system %iowait  %steal   %idle
           0.79    0.00    5.10    3.05    0.00   91.06

Device            r/s     w/s     rMB/s     wMB/s   rrqm/s   wrqm/s  %rrqm  %wrqm r_await w_await aqu-sz rareq-sz wareq-sz  svctm  %util
nvme1n1       34570.00    0.00   2160.62      0.00     0.00     0.00   0.00   0.00    0.08    0.00   0.00    64.00     0.00   0.03  99.50
nvme0n1       13858.00 5327.00    866.13    332.94     0.00     0.00   0.00   0.00    0.16    0.03   0.08    64.00    64.00   0.05  99.40

avg-cpu:  %user   %nice %system %iowait  %steal   %idle
           0.88    0.00    5.04    3.02    0.00   91.05

Device            r/s     w/s     rMB/s     wMB/s   rrqm/s   wrqm/s  %rrqm  %wrqm r_await w_await aqu-sz rareq-sz wareq-sz  svctm  %util
nvme1n1       34664.00    0.00   2166.50      0.00     0.00     0.00   0.00   0.00    0.08    0.00   0.00    64.00     0.00   0.03  99.20
nvme0n1       13390.00 5366.00    836.88    335.38     0.00     0.00   0.00   0.00    0.16    0.03   0.08    64.00    64.00   0.05  99.30

avg-cpu:  %user   %nice %system %iowait  %steal   %idle
           0.88    0.00    5.07    2.99    0.00   91.06

Device            r/s     w/s     rMB/s     wMB/s   rrqm/s   wrqm/s  %rrqm  %wrqm r_await w_await aqu-sz rareq-sz wareq-sz  svctm  %util
nvme1n1       32901.00    0.00   2056.31      0.00     0.00     0.00   0.00   0.00    0.08    0.00   0.00    64.00     0.00   0.03  98.60
nvme0n1       15867.00 5316.00    991.69    332.25     0.00     0.00   0.00   0.00    0.16    0.03   0.11    64.00    64.00   0.05  98.70

avg-cpu:  %user   %nice %system %iowait  %steal   %idle
           0.85    0.00    5.01    3.02    0.00   91.12

Device            r/s     w/s     rMB/s     wMB/s   rrqm/s   wrqm/s  %rrqm  %wrqm r_await w_await aqu-sz rareq-sz wareq-sz  svctm  %util
nvme1n1       30534.00    0.00   1908.37      0.00     0.00     0.00   0.00   0.00    0.07    0.00   0.00    64.00     0.00   0.03  99.00
nvme0n1       18281.00 5524.00   1142.56    345.25     0.00     0.00   0.00   0.00    0.17    0.03   0.08    64.00    64.00   0.04  99.10

avg-cpu:  %user   %nice %system %iowait  %steal   %idle
           0.85    0.00    5.13    2.96    0.00   91.06

Device            r/s     w/s     rMB/s     wMB/s   rrqm/s   wrqm/s  %rrqm  %wrqm r_await w_await aqu-sz rareq-sz wareq-sz  svctm  %util
nvme1n1       30500.00    0.00   1906.25      0.00     0.00     0.00   0.00   0.00    0.07    0.00   0.00    64.00     0.00   0.03  98.50
nvme0n1       17736.00 5324.00   1108.50    332.75     0.00     0.00   0.00   0.00    0.17    0.03   0.13    64.00    64.00   0.04  98.50

avg-cpu:  %user   %nice %system %iowait  %steal   %idle
           0.76    0.00    5.25    3.02    0.00   90.97

Device            r/s     w/s     rMB/s     wMB/s   rrqm/s   wrqm/s  %rrqm  %wrqm r_await w_await aqu-sz rareq-sz wareq-sz  svctm  %util
nvme1n1       31120.00    0.00   1945.00      0.00     0.00     0.00   0.00   0.00    0.07    0.00   0.00    64.00     0.00   0.03  98.80
nvme0n1       17374.00 5385.00   1085.88    336.56     0.00     0.00   0.00   0.00    0.17    0.03   0.12    64.00    64.00   0.04  98.80

avg-cpu:  %user   %nice %system %iowait  %steal   %idle
           0.79    0.00    5.16    3.02    0.00   91.03

Device            r/s     w/s     rMB/s     wMB/s   rrqm/s   wrqm/s  %rrqm  %wrqm r_await w_await aqu-sz rareq-sz wareq-sz  svctm  %util
nvme1n1       29814.00    0.00   1863.44      0.00     0.00     0.00   0.00   0.00    0.06    0.00   0.00    64.00     0.00   0.03  99.40
nvme0n1       19121.00 5489.00   1195.06    343.06     0.00     0.00   0.00   0.00    0.16    0.03   0.05    64.00    64.00   0.04  99.60

avg-cpu:  %user   %nice %system %iowait  %steal   %idle
           0.85    0.00    5.16    3.02    0.00   90.97

Device            r/s     w/s     rMB/s     wMB/s   rrqm/s   wrqm/s  %rrqm  %wrqm r_await w_await aqu-sz rareq-sz wareq-sz  svctm  %util
nvme1n1       28480.00    0.00   1779.94      0.00     0.00     0.00   0.00   0.00    0.06    0.00   0.00    64.00     0.00   0.03  99.10
nvme0n1       19777.00 5381.00   1236.06    336.31     0.00     0.00   0.00   0.00    0.17    0.03   0.09    64.00    64.00   0.04  99.10

avg-cpu:  %user   %nice %system %iowait  %steal   %idle
           0.82    0.00    4.95    2.96    0.00   91.27

Device            r/s     w/s     rMB/s     wMB/s   rrqm/s   wrqm/s  %rrqm  %wrqm r_await w_await aqu-sz rareq-sz wareq-sz  svctm  %util
nvme1n1       29856.00    0.00   1866.00      0.00     0.00     0.00   0.00   0.00    0.07    0.00   0.00    64.00     0.00   0.03  98.50
nvme0n1       18041.00 5312.00   1127.56    332.00     0.00     0.00   0.00   0.00    0.17    0.03   0.14    64.00    64.00   0.04  98.50

avg-cpu:  %user   %nice %system %iowait  %steal   %idle
           0.85    0.00    5.13    3.12    0.00   90.90

Device            r/s     w/s     rMB/s     wMB/s   rrqm/s   wrqm/s  %rrqm  %wrqm r_await w_await aqu-sz rareq-sz wareq-sz  svctm  %util
nvme1n1       33906.00    0.00   2119.12      0.00     0.00     0.00   0.00   0.00    0.08    0.00   0.00    64.00     0.00   0.03  99.40
nvme0n1       15073.00 5625.00    942.06    351.56     0.00     0.00   0.00   0.00    0.16    0.03   0.07    64.00    64.00   0.05  99.50

avg-cpu:  %user   %nice %system %iowait  %steal   %idle
           0.91    0.00    4.92    1.80    0.00   92.37

Device            r/s     w/s     rMB/s     wMB/s   rrqm/s   wrqm/s  %rrqm  %wrqm r_await w_await aqu-sz rareq-sz wareq-sz  svctm  %util
nvme1n1       32336.00    0.00   2021.00      0.00     0.00     0.00   0.00   0.00    0.07    0.00   0.00    64.00     0.00   0.03  98.80
nvme0n1       16279.00 5306.00   1017.44    331.62     0.00     0.00   0.00   0.00    0.17    0.03   0.12    64.00    64.00   0.05  99.00

avg-cpu:  %user   %nice %system %iowait  %steal   %idle
           0.85    0.00    5.01    1.32    0.00   92.82

Device            r/s     w/s     rMB/s     wMB/s   rrqm/s   wrqm/s  %rrqm  %wrqm r_await w_await aqu-sz rareq-sz wareq-sz  svctm  %util
nvme1n1       31736.00    0.00   1983.50      0.00     0.00     0.00   0.00   0.00    0.07    0.00   0.00    64.00     0.00   0.03  98.70
nvme0n1       16778.00 5466.00   1048.62    341.62     0.00     0.00   0.00   0.00    0.17    0.03   0.11    64.00    64.00   0.04  98.90

avg-cpu:  %user   %nice %system %iowait  %steal   %idle
           0.82    0.00    5.10    2.27    0.00   91.81

Device            r/s     w/s     rMB/s     wMB/s   rrqm/s   wrqm/s  %rrqm  %wrqm r_await w_await aqu-sz rareq-sz wareq-sz  svctm  %util
nvme1n1       31251.00    0.00   1953.19      0.00     0.00     0.00   0.00   0.00    0.07    0.00   0.00    64.00     0.00   0.03  99.10
nvme0n1       17682.00 5398.00   1105.12    337.38     0.00     0.00   0.00   0.00    0.17    0.03   0.10    64.00    64.00   0.04  99.10

avg-cpu:  %user   %nice %system %iowait  %steal   %idle
           0.82    0.00    5.13    3.15    0.00   90.90

Device            r/s     w/s     rMB/s     wMB/s   rrqm/s   wrqm/s  %rrqm  %wrqm r_await w_await aqu-sz rareq-sz wareq-sz  svctm  %util
nvme1n1       31335.00    0.00   1958.50      0.00     0.00     0.00   0.00   0.00    0.07    0.00   0.00    64.00     0.00   0.03  99.60
nvme0n1       17994.00 5417.00   1124.62    338.56     0.00     0.00   0.00   0.00    0.16    0.03   0.04    64.00    64.00   0.04  99.60

avg-cpu:  %user   %nice %system %iowait  %steal   %idle
           0.82    0.00    3.96    3.71    0.00   91.51

Device            r/s     w/s     rMB/s     wMB/s   rrqm/s   wrqm/s  %rrqm  %wrqm r_await w_await aqu-sz rareq-sz wareq-sz  svctm  %util
nvme1n1       21586.00    0.00   1347.96      0.00     0.00     0.00   0.00   0.00    0.06    0.00   0.00    63.94     0.00   0.03  74.80
nvme0n1       14292.00 3972.00    892.52    248.25     0.00     0.00   0.00   0.00    0.17    0.03   0.14    63.95    64.00   0.04  74.80

