Linux 5.4.1-050401-lowlatency (kanwu-Super-Server) 	09/10/2020 	_x86_64_	(32 CPU)

avg-cpu:  %user   %nice %system %iowait  %steal   %idle
           0.06    0.00    0.21    0.07    0.00   99.67

Device            r/s     w/s     rMB/s     wMB/s   rrqm/s   wrqm/s  %rrqm  %wrqm r_await w_await aqu-sz rareq-sz wareq-sz  svctm  %util
nvme1n1        968.51  278.58     60.53     17.09     0.00     0.00   0.00   0.00    0.33    0.41   0.00    64.00    62.83   0.03   3.64
nvme0n1        211.08  172.78     13.19     10.79     0.00     0.00   0.00   0.00    0.25    0.05   0.00    63.99    63.98   0.06   2.27
cas1-1          23.38    2.60      1.46      0.16     0.00     0.00   0.00   0.00    0.44    0.46   0.00    64.00    64.00   0.03   0.07

avg-cpu:  %user   %nice %system %iowait  %steal   %idle
           0.19    0.00    0.78    1.31    0.00   97.72

Device            r/s     w/s     rMB/s     wMB/s   rrqm/s   wrqm/s  %rrqm  %wrqm r_await w_await aqu-sz rareq-sz wareq-sz  svctm  %util
nvme1n1         35.00 1172.00      1.07    138.76     0.00     0.00   0.00   0.00    0.03    0.73   0.33    31.44   121.24   0.08  10.10
nvme0n1         44.00    0.00      1.04      0.00     0.00     0.00   0.00   0.00    0.14    0.00   0.00    24.18     0.00   0.36   1.60
cas1-1        18446744073707749376.00 18446744073709350912.00 9007199254628503.00 9007199254728480.00     0.00     0.00   0.00   0.00    0.00    0.00 4294966.21     0.50     0.50   0.00 429491158.90

avg-cpu:  %user   %nice %system %iowait  %steal   %idle
           0.38    0.00    0.16    1.09    0.00   98.37

Device            r/s     w/s     rMB/s     wMB/s   rrqm/s   wrqm/s  %rrqm  %wrqm r_await w_await aqu-sz rareq-sz wareq-sz  svctm  %util
nvme1n1          0.00    0.00      0.00      0.00     0.00     0.00   0.00   0.00    0.00    0.00   0.00     0.00     0.00   0.00   0.00
nvme0n1          0.00    0.00      0.00      0.00     0.00     0.00   0.00   0.00    0.00    0.00   0.00     0.00     0.00   0.00   0.00
cas1-1           0.00    0.00      0.00      0.00     0.00     0.00   0.00   0.00    0.00    0.00   0.00     0.00     0.00   0.00   0.00

avg-cpu:  %user   %nice %system %iowait  %steal   %idle
           0.19    0.00    1.19    1.19    0.00   97.43

Device            r/s     w/s     rMB/s     wMB/s   rrqm/s   wrqm/s  %rrqm  %wrqm r_await w_await aqu-sz rareq-sz wareq-sz  svctm  %util
nvme1n1        545.00 4064.00     34.06    254.06     0.00     0.00   0.00   0.00    0.29    0.25   0.00    64.00    64.02   0.04  17.50
nvme0n1       2672.00 1403.00    167.00     87.69     0.00     0.00   0.00   0.00    0.32    0.07   0.21    64.00    64.00   0.04  17.40
cas1-1        3217.00 1402.00    201.06     87.62     0.00     0.00   0.00   0.00    0.59    0.66   0.62    64.00    64.00   0.04  17.40

avg-cpu:  %user   %nice %system %iowait  %steal   %idle
           0.85    0.00    5.37    3.16    0.00   90.61

Device            r/s     w/s     rMB/s     wMB/s   rrqm/s   wrqm/s  %rrqm  %wrqm r_await w_await aqu-sz rareq-sz wareq-sz  svctm  %util
nvme1n1       15775.00 14451.00    985.94    903.12     0.00     0.00   0.00   0.00    0.52    0.57   0.05    64.00    64.00   0.03  99.60
nvme0n1       5294.00 9151.00    330.88    571.94     0.00     0.00   0.00   0.00    0.28    0.03   0.18    64.00    64.00   0.07  99.60
cas1-1        21071.00 9151.00   1316.94    571.94     0.00     0.00   0.00   0.00    0.48    0.58   0.36    64.00    64.00   0.03  99.60

avg-cpu:  %user   %nice %system %iowait  %steal   %idle
           0.85    0.00    4.88    3.65    0.00   90.62

Device            r/s     w/s     rMB/s     wMB/s   rrqm/s   wrqm/s  %rrqm  %wrqm r_await w_await aqu-sz rareq-sz wareq-sz  svctm  %util
nvme1n1       22397.00 10382.00   1399.81    648.88     0.00     0.00   0.00   0.00    0.47    0.49   0.00    64.00    64.00   0.03 100.20
nvme0n1        494.00 9889.00     30.88    618.06     0.00     0.00   0.00   0.00    0.25    0.03   0.02    64.00    64.00   0.10 100.00
cas1-1        22898.00 9885.00   1431.12    617.81     0.00     0.00   0.00   0.00    0.47    0.50   0.02    64.00    64.00   0.03 100.10

avg-cpu:  %user   %nice %system %iowait  %steal   %idle
           0.88    0.00    4.56    3.15    0.00   91.41

Device            r/s     w/s     rMB/s     wMB/s   rrqm/s   wrqm/s  %rrqm  %wrqm r_await w_await aqu-sz rareq-sz wareq-sz  svctm  %util
nvme1n1       23077.00 9983.00   1442.31    623.94     0.00     0.00   0.00   0.00    0.46    0.48   0.00    64.00    64.00   0.03 100.00
nvme0n1         66.00 9949.00      4.12    621.81     0.00     0.00   0.00   0.00    0.18    0.03   0.00    64.00    64.00   0.10 100.00
cas1-1        23136.00 9951.00   1446.00    621.94     0.00     0.00   0.00   0.00    0.47    0.49   0.00    64.00    64.00   0.03  99.90

avg-cpu:  %user   %nice %system %iowait  %steal   %idle
           0.72    0.00    4.57    2.49    0.00   92.22

Device            r/s     w/s     rMB/s     wMB/s   rrqm/s   wrqm/s  %rrqm  %wrqm r_await w_await aqu-sz rareq-sz wareq-sz  svctm  %util
nvme1n1       22705.00 10025.00   1419.06    626.56     0.00     0.00   0.00   0.00    0.46    0.48   0.00    64.00    64.00   0.03 100.00
nvme0n1        368.00 10020.00     23.00    626.25     0.00     0.00   0.00   0.00    0.21    0.03   0.00    64.00    64.00   0.10 100.00
cas1-1        23077.00 10022.00   1442.31    626.38     0.00     0.00   0.00   0.00    0.47    0.49   0.00    64.00    64.00   0.03 100.00

avg-cpu:  %user   %nice %system %iowait  %steal   %idle
           0.69    0.00    4.78    1.76    0.00   92.77

Device            r/s     w/s     rMB/s     wMB/s   rrqm/s   wrqm/s  %rrqm  %wrqm r_await w_await aqu-sz rareq-sz wareq-sz  svctm  %util
nvme1n1       22509.00 10168.00   1406.81    635.50     0.00     0.00   0.00   0.00    0.46    0.48   0.00    64.00    64.00   0.03 100.00
nvme0n1       1115.00 10171.00     69.69    635.69     0.00     0.00   0.00   0.00    0.25    0.03   0.04    64.00    64.00   0.09 100.00
cas1-1        23625.00 10170.00   1476.56    635.62     0.00     0.00   0.00   0.00    0.46    0.49   0.04    64.00    64.00   0.03 100.10

avg-cpu:  %user   %nice %system %iowait  %steal   %idle
           0.82    0.00    4.81    1.26    0.00   93.11

Device            r/s     w/s     rMB/s     wMB/s   rrqm/s   wrqm/s  %rrqm  %wrqm r_await w_await aqu-sz rareq-sz wareq-sz  svctm  %util
nvme1n1       22571.00 10269.00   1410.69    641.81     0.00     0.00   0.00   0.00    0.45    0.47   0.00    64.00    64.00   0.03 100.00
nvme0n1       1768.00 10267.00    110.50    641.69     0.00     0.00   0.00   0.00    0.27    0.03   0.10    64.00    64.00   0.08 100.00
cas1-1        24340.00 10268.00   1521.25    641.75     0.00     0.00   0.00   0.00    0.44    0.48   0.10    64.00    64.00   0.03 100.00

avg-cpu:  %user   %nice %system %iowait  %steal   %idle
           0.79    0.00    4.78    0.35    0.00   94.09

Device            r/s     w/s     rMB/s     wMB/s   rrqm/s   wrqm/s  %rrqm  %wrqm r_await w_await aqu-sz rareq-sz wareq-sz  svctm  %util
nvme1n1       22199.00 10430.00   1387.44    651.88     0.00     0.00   0.00   0.00    0.45    0.47   0.00    64.00    64.00   0.03 100.10
nvme0n1       2348.00 10431.00    146.75    651.94     0.00     0.00   0.00   0.00    0.26    0.03   0.10    64.00    64.00   0.08 100.10
cas1-1        24547.00 10430.00   1534.19    651.88     0.00     0.00   0.00   0.00    0.44    0.48   0.10    64.00    64.00   0.03 100.00

avg-cpu:  %user   %nice %system %iowait  %steal   %idle
           0.79    0.00    4.75    0.00    0.00   95.06

Device            r/s     w/s     rMB/s     wMB/s   rrqm/s   wrqm/s  %rrqm  %wrqm r_await w_await aqu-sz rareq-sz wareq-sz  svctm  %util
nvme1n1       22092.00 10769.00   1380.75    673.06     0.00     0.00   0.00   0.00    0.44    0.46   0.00    64.00    64.00   0.03  99.90
nvme0n1       3073.00 10767.00    192.06    672.94     0.00     0.00   0.00   0.00    0.26    0.03   0.12    64.00    64.00   0.07  99.90
cas1-1        25163.00 10768.00   1572.69    673.00     0.00     0.00   0.00   0.00    0.42    0.47   0.12    64.00    64.00   0.03 100.00

avg-cpu:  %user   %nice %system %iowait  %steal   %idle
           0.85    0.00    4.72    0.79    0.00   93.64

Device            r/s     w/s     rMB/s     wMB/s   rrqm/s   wrqm/s  %rrqm  %wrqm r_await w_await aqu-sz rareq-sz wareq-sz  svctm  %util
nvme1n1       21805.00 10625.00   1362.81    664.06     0.00     0.00   0.00   0.00    0.44    0.46   0.00    64.00    64.00   0.03 100.10
nvme0n1       3503.00 10629.00    218.94    664.31     0.00     0.00   0.00   0.00    0.28    0.03   0.18    64.00    64.00   0.07 100.10
cas1-1        25310.00 10630.00   1581.88    664.38     0.00     0.00   0.00   0.00    0.42    0.47   0.18    64.00    64.00   0.03 100.00

avg-cpu:  %user   %nice %system %iowait  %steal   %idle
           0.72    0.00    4.81    2.55    0.00   91.91

Device            r/s     w/s     rMB/s     wMB/s   rrqm/s   wrqm/s  %rrqm  %wrqm r_await w_await aqu-sz rareq-sz wareq-sz  svctm  %util
nvme1n1       21646.00 10760.00   1352.88    672.50     0.00     0.00   0.00   0.00    0.44    0.46   0.00    64.00    64.00   0.03 100.00
nvme0n1       3834.00 10758.00    239.63    672.38     0.00     0.00   0.00   0.00    0.27    0.03   0.16    64.00    64.00   0.07 100.00
cas1-1        25482.00 10756.00   1592.62    672.25     0.00     0.00   0.00   0.00    0.42    0.47   0.16    64.00    64.00   0.03 100.00

avg-cpu:  %user   %nice %system %iowait  %steal   %idle
           0.88    0.00    4.85    2.99    0.00   91.28

Device            r/s     w/s     rMB/s     wMB/s   rrqm/s   wrqm/s  %rrqm  %wrqm r_await w_await aqu-sz rareq-sz wareq-sz  svctm  %util
nvme1n1       21188.00 11207.00   1324.25    700.44     0.00     0.00   0.00   0.00    0.43    0.45   0.00    64.00    64.00   0.03  99.90
nvme0n1       4425.00 11205.00    276.56    700.31     0.00     0.00   0.00   0.00    0.27    0.03   0.18    64.00    64.00   0.06  99.90
cas1-1        25614.00 11206.00   1600.88    700.38     0.00     0.00   0.00   0.00    0.41    0.46   0.18    64.00    64.00   0.03  99.90

avg-cpu:  %user   %nice %system %iowait  %steal   %idle
           0.85    0.00    4.69    2.87    0.00   91.59

Device            r/s     w/s     rMB/s     wMB/s   rrqm/s   wrqm/s  %rrqm  %wrqm r_await w_await aqu-sz rareq-sz wareq-sz  svctm  %util
nvme1n1       21012.00 11116.00   1313.25    694.75     0.00     0.00   0.00   0.00    0.43    0.45   0.00    64.00    64.00   0.03  99.80
nvme0n1       4320.00 11118.00    270.00    694.88     0.00     0.00   0.00   0.00    0.29    0.03   0.24    64.00    64.00   0.06  99.80
cas1-1        25326.00 11116.00   1582.88    694.75     0.00     0.00   0.00   0.00    0.42    0.46   0.24    64.00    64.00   0.03  99.80

avg-cpu:  %user   %nice %system %iowait  %steal   %idle
           0.85    0.00    4.72    1.83    0.00   92.60

Device            r/s     w/s     rMB/s     wMB/s   rrqm/s   wrqm/s  %rrqm  %wrqm r_await w_await aqu-sz rareq-sz wareq-sz  svctm  %util
nvme1n1       21228.00 11200.00   1326.75    700.00     0.00     0.00   0.00   0.00    0.42    0.45   0.00    64.00    64.00   0.03  99.90
nvme0n1       5035.00 11201.00    314.69    700.06     0.00     0.00   0.00   0.00    0.28    0.03   0.23    64.00    64.00   0.06  99.90
cas1-1        26263.00 11202.00   1641.44    700.12     0.00     0.00   0.00   0.00    0.40    0.45   0.23    64.00    64.00   0.03  99.90

avg-cpu:  %user   %nice %system %iowait  %steal   %idle
           0.79    0.00    4.81    0.00    0.00   94.56

Device            r/s     w/s     rMB/s     wMB/s   rrqm/s   wrqm/s  %rrqm  %wrqm r_await w_await aqu-sz rareq-sz wareq-sz  svctm  %util
nvme1n1       20386.00 11504.00   1274.12    719.00     0.00     0.00   0.00   0.00    0.42    0.44   0.00    64.00    64.00   0.03  99.90
nvme0n1       5960.00 11503.00    372.50    718.94     0.00     0.00   0.00   0.00    0.28    0.03   0.22    64.00    64.00   0.06  99.90
cas1-1        26350.00 11503.00   1646.88    718.94     0.00     0.00   0.00   0.00    0.40    0.45   0.22    64.00    64.00   0.03  99.90

avg-cpu:  %user   %nice %system %iowait  %steal   %idle
           0.94    0.00    4.50    0.44    0.00   94.11

Device            r/s     w/s     rMB/s     wMB/s   rrqm/s   wrqm/s  %rrqm  %wrqm r_await w_await aqu-sz rareq-sz wareq-sz  svctm  %util
nvme1n1       20908.00 11190.00   1306.75    699.38     0.00     0.00   0.00   0.00    0.43    0.45   0.00    64.00    64.00   0.03 100.00
nvme0n1       5450.00 11191.00    340.62    699.44     0.00     0.00   0.00   0.00    0.28    0.03   0.26    64.00    64.00   0.06 100.00
cas1-1        26355.00 11191.00   1647.19    699.44     0.00     0.00   0.00   0.00    0.40    0.46   0.26    64.00    64.00   0.03 100.00

avg-cpu:  %user   %nice %system %iowait  %steal   %idle
           0.69    0.00    4.74    0.00    0.00   94.69

Device            r/s     w/s     rMB/s     wMB/s   rrqm/s   wrqm/s  %rrqm  %wrqm r_await w_await aqu-sz rareq-sz wareq-sz  svctm  %util
nvme1n1       20908.00 11341.00   1306.75    708.81     0.00     0.00   0.00   0.00    0.42    0.44   0.00    64.00    64.00   0.03  99.90
nvme0n1       5869.00 11340.00    366.81    708.75     0.00     0.00   0.00   0.00    0.27    0.03   0.20    64.00    64.00   0.06  99.90
cas1-1        26778.00 11339.00   1673.62    708.69     0.00     0.00   0.00   0.00    0.40    0.45   0.21    64.00    64.00   0.03  99.90

avg-cpu:  %user   %nice %system %iowait  %steal   %idle
           0.85    0.00    4.79    0.44    0.00   93.92

Device            r/s     w/s     rMB/s     wMB/s   rrqm/s   wrqm/s  %rrqm  %wrqm r_await w_await aqu-sz rareq-sz wareq-sz  svctm  %util
nvme1n1       19733.00 11563.00   1233.31    722.69     0.00     0.00   0.00   0.00    0.42    0.44   0.00    64.00    64.00   0.03  99.60
nvme0n1       7404.00 11563.00    462.75    722.69     0.00     0.00   0.00   0.00    0.29    0.03   0.32    64.00    64.00   0.05  99.70
cas1-1        27140.00 11566.00   1696.25    722.88     0.00     0.00   0.00   0.00    0.39    0.44   0.32    64.00    64.00   0.03  99.70

avg-cpu:  %user   %nice %system %iowait  %steal   %idle
           0.79    0.00    5.01    0.13    0.00   94.08

Device            r/s     w/s     rMB/s     wMB/s   rrqm/s   wrqm/s  %rrqm  %wrqm r_await w_await aqu-sz rareq-sz wareq-sz  svctm  %util
nvme1n1       19136.00 12404.00   1196.00    775.25     0.00     0.00   0.00   0.00    0.38    0.40   0.00    64.00    64.00   0.03  99.00
nvme0n1       9763.00 12408.00    610.19    775.50     0.00     0.00   0.00   0.00    0.30    0.03   0.32    64.00    64.00   0.04  99.00
cas1-1        28893.00 12402.00   1805.81    775.12     0.00     0.00   0.00   0.00    0.36    0.41   0.32    64.00    64.00   0.02  99.00

avg-cpu:  %user   %nice %system %iowait  %steal   %idle
           0.79    0.00    5.04    0.47    0.00   93.70

Device            r/s     w/s     rMB/s     wMB/s   rrqm/s   wrqm/s  %rrqm  %wrqm r_await w_await aqu-sz rareq-sz wareq-sz  svctm  %util
nvme1n1       18057.00 12790.00   1128.56    799.38     0.00     0.00   0.00   0.00    0.37    0.39   0.00    64.00    64.00   0.03  98.80
nvme0n1       11582.00 12786.00    723.88    799.12     0.00     0.00   0.00   0.00    0.31    0.03   0.38    64.00    64.00   0.04  98.80
cas1-1        29637.00 12791.00   1852.31    799.44     0.00     0.00   0.00   0.00    0.35    0.40   0.38    64.00    64.00   0.02  98.80

avg-cpu:  %user   %nice %system %iowait  %steal   %idle
           0.79    0.00    5.07    2.87    0.00   91.28

Device            r/s     w/s     rMB/s     wMB/s   rrqm/s   wrqm/s  %rrqm  %wrqm r_await w_await aqu-sz rareq-sz wareq-sz  svctm  %util
nvme1n1       18206.00 12845.00   1137.88    802.81     0.00     0.00   0.00   0.00    0.37    0.39   0.00    64.00    64.00   0.03  99.10
nvme0n1       11977.00 12845.00    748.56    802.81     0.00     0.00   0.00   0.00    0.31    0.03   0.32    64.00    64.00   0.04  99.10
cas1-1        30190.00 12844.00   1886.87    802.75     0.00     0.00   0.00   0.00    0.35    0.39   0.32    64.00    64.00   0.02  99.20

avg-cpu:  %user   %nice %system %iowait  %steal   %idle
           0.82    0.00    5.13    2.77    0.00   91.28

Device            r/s     w/s     rMB/s     wMB/s   rrqm/s   wrqm/s  %rrqm  %wrqm r_await w_await aqu-sz rareq-sz wareq-sz  svctm  %util
nvme1n1       18053.00 12984.00   1128.31    811.50     0.00     0.00   0.00   0.00    0.36    0.38   0.00    64.00    64.00   0.03  98.80
nvme0n1       12470.00 12982.00    779.38    811.38     0.00     0.00   0.00   0.00    0.31    0.03   0.39    64.00    64.00   0.04  98.80
cas1-1        30522.00 12983.00   1907.63    811.44     0.00     0.00   0.00   0.00    0.35    0.39   0.39    64.00    64.00   0.02  98.70

avg-cpu:  %user   %nice %system %iowait  %steal   %idle
           0.85    0.00    4.91    3.02    0.00   91.22

Device            r/s     w/s     rMB/s     wMB/s   rrqm/s   wrqm/s  %rrqm  %wrqm r_await w_await aqu-sz rareq-sz wareq-sz  svctm  %util
nvme1n1       18153.00 12716.00   1134.56    794.75     0.00     0.00   0.00   0.00    0.38    0.40   0.00    64.00    64.00   0.03  99.20
nvme0n1       11428.00 12719.00    714.25    794.94     0.00     0.00   0.00   0.00    0.30    0.03   0.33    64.00    64.00   0.04  99.20
cas1-1        29574.00 12716.00   1848.38    794.75     0.00     0.00   0.00   0.00    0.35    0.41   0.33    64.00    64.00   0.02  99.20

avg-cpu:  %user   %nice %system %iowait  %steal   %idle
           0.82    0.00    5.13    3.02    0.00   91.04

Device            r/s     w/s     rMB/s     wMB/s   rrqm/s   wrqm/s  %rrqm  %wrqm r_await w_await aqu-sz rareq-sz wareq-sz  svctm  %util
nvme1n1       17817.00 13065.00   1113.56    816.56     0.00     0.00   0.00   0.00    0.36    0.38   0.00    64.00    64.00   0.03  98.90
nvme0n1       12683.00 13069.00    792.69    816.81     0.00     0.00   0.00   0.00    0.31    0.03   0.39    64.00    64.00   0.04  98.90
cas1-1        30503.00 13068.00   1906.44    816.75     0.00     0.00   0.00   0.00    0.35    0.39   0.39    64.00    64.00   0.02  98.90

avg-cpu:  %user   %nice %system %iowait  %steal   %idle
           0.79    0.00    5.22    1.29    0.00   92.70

Device            r/s     w/s     rMB/s     wMB/s   rrqm/s   wrqm/s  %rrqm  %wrqm r_await w_await aqu-sz rareq-sz wareq-sz  svctm  %util
nvme1n1       17980.00 13098.00   1123.75    818.62     0.00     0.00   0.00   0.00    0.35    0.37   0.00    64.00    64.00   0.03  98.90
nvme0n1       13062.00 13093.00    816.38    818.31     0.00     0.00   0.00   0.00    0.32    0.03   0.35    64.00    64.00   0.04  99.00
cas1-1        31053.00 13098.00   1940.81    818.62     0.00     0.00   0.00   0.00    0.34    0.38   0.35    64.00    64.00   0.02  99.00

avg-cpu:  %user   %nice %system %iowait  %steal   %idle
           0.88    0.00    5.22    2.96    0.00   90.94

Device            r/s     w/s     rMB/s     wMB/s   rrqm/s   wrqm/s  %rrqm  %wrqm r_await w_await aqu-sz rareq-sz wareq-sz  svctm  %util
nvme1n1       17537.00 13426.00   1096.06    839.12     0.00     0.00   0.00   0.00    0.34    0.36   0.00    64.00    64.00   0.03  99.10
nvme0n1       13662.00 13430.00    853.88    839.38     0.00     0.00   0.00   0.00    0.32    0.03   0.34    64.00    64.00   0.04  99.10
cas1-1        31188.00 13430.00   1949.25    839.38     0.00     0.00   0.00   0.00    0.34    0.37   0.34    64.00    64.00   0.02  99.10

avg-cpu:  %user   %nice %system %iowait  %steal   %idle
           0.82    0.00    5.29    2.58    0.00   91.32

Device            r/s     w/s     rMB/s     wMB/s   rrqm/s   wrqm/s  %rrqm  %wrqm r_await w_await aqu-sz rareq-sz wareq-sz  svctm  %util
nvme1n1       17579.00 13240.00   1098.69    827.50     0.00     0.00   0.00   0.00    0.34    0.36   0.00    64.00    64.00   0.03  98.30
nvme0n1       13378.00 13237.00    836.12    827.31     0.00     0.00   0.00   0.00    0.33    0.03   0.47    64.00    64.00   0.04  98.30
cas1-1        30962.00 13236.00   1935.12    827.25     0.00     0.00   0.00   0.00    0.34    0.37   0.47    64.00    64.00   0.02  98.30

avg-cpu:  %user   %nice %system %iowait  %steal   %idle
           0.79    0.00    5.13    3.05    0.00   91.03

Device            r/s     w/s     rMB/s     wMB/s   rrqm/s   wrqm/s  %rrqm  %wrqm r_await w_await aqu-sz rareq-sz wareq-sz  svctm  %util
nvme1n1       17307.00 13532.00   1081.69    845.75     0.00     0.00   0.00   0.00    0.33    0.35   0.00    64.00    64.00   0.03  98.60
nvme0n1       14520.00 13533.00    907.50    845.81     0.00     0.00   0.00   0.00    0.33    0.03   0.38    64.00    64.00   0.04  98.70
cas1-1        31825.00 13530.00   1989.12    845.63     0.00     0.00   0.00   0.00    0.34    0.36   0.38    64.00    64.00   0.02  98.70

avg-cpu:  %user   %nice %system %iowait  %steal   %idle
           0.85    0.00    5.10    2.74    0.00   91.30

Device            r/s     w/s     rMB/s     wMB/s   rrqm/s   wrqm/s  %rrqm  %wrqm r_await w_await aqu-sz rareq-sz wareq-sz  svctm  %util
nvme1n1       16555.00 13962.00   1034.69    872.62     0.00     0.00   0.00   0.00    0.31    0.33   0.00    64.00    64.00   0.03  98.40
nvme0n1       15817.00 13963.00    988.56    872.69     0.00     0.00   0.00   0.00    0.35    0.03   0.43    64.00    64.00   0.03  98.40
cas1-1        32368.00 13963.00   2022.94    872.69     0.00     0.00   0.00   0.00    0.33    0.34   0.43    64.00    64.00   0.02  98.40

avg-cpu:  %user   %nice %system %iowait  %steal   %idle
           0.79    0.00    5.11    0.47    0.00   93.63

Device            r/s     w/s     rMB/s     wMB/s   rrqm/s   wrqm/s  %rrqm  %wrqm r_await w_await aqu-sz rareq-sz wareq-sz  svctm  %util
nvme1n1       16573.00 13966.00   1035.81    872.88     0.00     0.00   0.00   0.00    0.31    0.33   0.00    64.00    64.00   0.03  98.20
nvme0n1       15628.00 13965.00    976.75    872.81     0.00     0.00   0.00   0.00    0.35    0.03   0.46    64.00    64.00   0.03  98.30
cas1-1        32208.00 13968.00   2013.00    873.00     0.00     0.00   0.00   0.00    0.34    0.34   0.47    64.00    64.00   0.02  98.30

avg-cpu:  %user   %nice %system %iowait  %steal   %idle
           0.82    0.00    5.17    0.00    0.00   94.33

Device            r/s     w/s     rMB/s     wMB/s   rrqm/s   wrqm/s  %rrqm  %wrqm r_await w_await aqu-sz rareq-sz wareq-sz  svctm  %util
nvme1n1       16776.00 13836.00   1048.50    864.75     0.00     0.00   0.00   0.00    0.31    0.33   0.00    64.00    64.00   0.03  98.30
nvme0n1       15585.00 13837.00    974.06    864.81     0.00     0.00   0.00   0.00    0.34    0.03   0.42    64.00    64.00   0.03  98.30
cas1-1        32355.00 13837.00   2022.19    864.81     0.00     0.00   0.00   0.00    0.33    0.34   0.42    64.00    64.00   0.02  98.30

avg-cpu:  %user   %nice %system %iowait  %steal   %idle
           0.85    0.00    5.25    0.06    0.00   93.84

Device            r/s     w/s     rMB/s     wMB/s   rrqm/s   wrqm/s  %rrqm  %wrqm r_await w_await aqu-sz rareq-sz wareq-sz  svctm  %util
nvme1n1       16856.00 13891.00   1053.50    868.19     0.00     0.00   0.00   0.00    0.31    0.33   0.00    64.00    64.00   0.03  98.70
nvme0n1       15430.00 13884.00    964.38    867.75     0.00     0.00   0.00   0.00    0.34    0.03   0.36    64.00    64.00   0.03  98.70
cas1-1        32282.00 13885.00   2017.62    867.81     0.00     0.00   0.00   0.00    0.33    0.34   0.36    64.00    64.00   0.02  98.70

avg-cpu:  %user   %nice %system %iowait  %steal   %idle
           0.72    0.00    5.41    1.32    0.00   92.54

Device            r/s     w/s     rMB/s     wMB/s   rrqm/s   wrqm/s  %rrqm  %wrqm r_await w_await aqu-sz rareq-sz wareq-sz  svctm  %util
nvme1n1       15821.00 14166.00    988.81    885.38     0.00     0.00   0.00   0.00    0.29    0.31   0.00    64.00    64.00   0.03  98.20
nvme0n1       17022.00 14170.00   1063.88    885.62     0.00     0.00   0.00   0.00    0.36    0.03   0.49    64.00    64.00   0.03  98.30
cas1-1        32854.00 14171.00   2053.38    885.69     0.00     0.00   0.00   0.00    0.34    0.32   0.50    64.00    64.00   0.02  98.30

avg-cpu:  %user   %nice %system %iowait  %steal   %idle
           1.42    0.00    5.23    0.25    0.00   93.10

Device            r/s     w/s     rMB/s     wMB/s   rrqm/s   wrqm/s  %rrqm  %wrqm r_await w_await aqu-sz rareq-sz wareq-sz  svctm  %util
nvme1n1       15458.00 14300.00    966.13    893.75     0.00     0.00   0.00   0.00    0.28    0.30   0.00    64.00    64.00   0.03  98.30
nvme0n1       17866.00 14300.00   1116.62    893.75     0.00     0.00   0.00   0.00    0.37    0.03   0.44    64.00    64.00   0.03  98.30
cas1-1        33322.00 14299.00   2082.62    893.69     0.00     0.00   0.00   0.00    0.33    0.31   0.44    64.00    64.00   0.02  98.30

avg-cpu:  %user   %nice %system %iowait  %steal   %idle
           0.85    0.00    5.10    0.00    0.00   94.21

Device            r/s     w/s     rMB/s     wMB/s   rrqm/s   wrqm/s  %rrqm  %wrqm r_await w_await aqu-sz rareq-sz wareq-sz  svctm  %util
nvme1n1       15526.00 14417.00    970.38    901.06     0.00     0.00   0.00   0.00    0.27    0.29   0.00    64.00    64.00   0.03  98.30
nvme0n1       18449.00 14419.00   1153.06    901.19     0.00     0.00   0.00   0.00    0.37    0.03   0.43    64.00    64.00   0.03  98.30
cas1-1        33972.00 14417.00   2123.25    901.06     0.00     0.00   0.00   0.00    0.33    0.30   0.44    64.00    64.00   0.02  98.30

avg-cpu:  %user   %nice %system %iowait  %steal   %idle
           0.75    0.00    5.22    1.48    0.00   92.55

Device            r/s     w/s     rMB/s     wMB/s   rrqm/s   wrqm/s  %rrqm  %wrqm r_await w_await aqu-sz rareq-sz wareq-sz  svctm  %util
nvme1n1       15852.00 14375.00    990.75    898.44     0.00     0.00   0.00   0.00    0.28    0.30   0.00    64.00    64.00   0.03  98.40
nvme0n1       17813.00 14372.00   1113.31    898.25     0.00     0.00   0.00   0.00    0.37    0.03   0.45    64.00    64.00   0.03  98.40
cas1-1        33664.00 14373.00   2104.00    898.31     0.00     0.00   0.00   0.00    0.33    0.30   0.45    64.00    64.00   0.02  98.40

avg-cpu:  %user   %nice %system %iowait  %steal   %idle
           0.79    0.00    5.32    0.00    0.00   93.90

Device            r/s     w/s     rMB/s     wMB/s   rrqm/s   wrqm/s  %rrqm  %wrqm r_await w_await aqu-sz rareq-sz wareq-sz  svctm  %util
nvme1n1       15560.00 14450.00    972.50    903.12     0.00     0.00   0.00   0.00    0.27    0.29   0.00    64.00    64.00   0.03  98.00
nvme0n1       18275.00 14457.00   1142.19    903.56     0.00     0.00   0.00   0.00    0.38    0.04   0.53    64.00    64.00   0.03  98.00
cas1-1        33836.00 14454.00   2114.75    903.38     0.00     0.00   0.00   0.00    0.33    0.30   0.53    64.00    64.00   0.02  98.00

avg-cpu:  %user   %nice %system %iowait  %steal   %idle
           0.85    0.00    5.22    0.60    0.00   93.33

Device            r/s     w/s     rMB/s     wMB/s   rrqm/s   wrqm/s  %rrqm  %wrqm r_await w_await aqu-sz rareq-sz wareq-sz  svctm  %util
nvme1n1       15198.00 14638.00    949.87    914.88     0.00     0.00   0.00   0.00    0.26    0.28   0.00    64.00    64.00   0.03  98.10
nvme0n1       18923.00 14632.00   1182.69    914.50     0.00     0.00   0.00   0.00    0.38    0.04   0.46    64.00    64.00   0.03  98.10
cas1-1        34123.00 14639.00   2132.69    914.94     0.00     0.00   0.00   0.00    0.33    0.29   0.47    64.00    64.00   0.02  98.20

avg-cpu:  %user   %nice %system %iowait  %steal   %idle
           0.79    0.00    5.19    0.09    0.00   93.93

Device            r/s     w/s     rMB/s     wMB/s   rrqm/s   wrqm/s  %rrqm  %wrqm r_await w_await aqu-sz rareq-sz wareq-sz  svctm  %util
nvme1n1       15001.00 14659.00    937.56    916.19     0.00     0.00   0.00   0.00    0.25    0.27   0.00    64.00    64.00   0.03  98.30
nvme0n1       19091.00 14655.00   1193.19    915.94     0.00     0.00   0.00   0.00    0.39    0.04   0.50    64.00    64.00   0.03  98.30
cas1-1        34087.00 14655.00   2130.44    915.94     0.00     0.00   0.00   0.00    0.34    0.28   0.50    64.00    64.00   0.02  98.30

avg-cpu:  %user   %nice %system %iowait  %steal   %idle
           0.76    0.00    5.25    0.09    0.00   93.90

Device            r/s     w/s     rMB/s     wMB/s   rrqm/s   wrqm/s  %rrqm  %wrqm r_await w_await aqu-sz rareq-sz wareq-sz  svctm  %util
nvme1n1       14506.00 14937.00    906.62    933.56     0.00     0.00   0.00   0.00    0.24    0.26   0.00    64.00    64.00   0.03  98.10
nvme0n1       19910.00 14943.00   1244.38    933.94     0.00     0.00   0.00   0.00    0.40    0.04   0.47    64.00    64.00   0.03  98.10
cas1-1        34419.00 14940.00   2151.19    933.75     0.00     0.00   0.00   0.00    0.34    0.27   0.47    64.00    64.00   0.02  98.10

avg-cpu:  %user   %nice %system %iowait  %steal   %idle
           0.76    0.00    5.16    0.13    0.00   93.96

Device            r/s     w/s     rMB/s     wMB/s   rrqm/s   wrqm/s  %rrqm  %wrqm r_await w_await aqu-sz rareq-sz wareq-sz  svctm  %util
nvme1n1       14045.00 15073.00    877.81    942.06     0.00     0.00   0.00   0.00    0.21    0.23   0.00    64.00    64.00   0.03  98.20
nvme0n1       21301.00 15071.00   1331.31    941.94     0.00     0.00   0.00   0.00    0.42    0.04   0.51    64.00    64.00   0.03  98.30
cas1-1        35347.00 15071.00   2209.19    941.94     0.00     0.00   0.00   0.00    0.34    0.24   0.52    64.00    64.00   0.02  98.20

avg-cpu:  %user   %nice %system %iowait  %steal   %idle
           0.79    0.00    5.29    0.13    0.00   93.80

Device            r/s     w/s     rMB/s     wMB/s   rrqm/s   wrqm/s  %rrqm  %wrqm r_await w_await aqu-sz rareq-sz wareq-sz  svctm  %util
nvme1n1       13175.00 15018.00    823.44    938.62     0.00     0.00   0.00   0.00    0.19    0.21   0.00    64.00    64.00   0.03  97.90
nvme0n1       22087.00 15017.00   1380.44    938.56     0.00     0.00   0.00   0.00    0.43    0.04   0.61    64.00    64.00   0.03  97.80
cas1-1        35270.00 15019.00   2204.38    938.69     0.00     0.00   0.00   0.00    0.35    0.22   0.61    64.00    64.00   0.02  97.80

avg-cpu:  %user   %nice %system %iowait  %steal   %idle
           0.82    0.00    5.23    1.54    0.00   92.41

Device            r/s     w/s     rMB/s     wMB/s   rrqm/s   wrqm/s  %rrqm  %wrqm r_await w_await aqu-sz rareq-sz wareq-sz  svctm  %util
nvme1n1       12799.00 15075.00    799.94    942.19     0.00     0.00   0.00   0.00    0.19    0.21   0.00    64.00    64.00   0.03  97.40
nvme0n1       22185.00 15073.00   1386.56    942.06     0.00     0.00   0.00   0.00    0.43    0.04   0.62    64.00    64.00   0.03  97.40
cas1-1        34979.00 15072.00   2186.19    942.00     0.00     0.00   0.00   0.00    0.35    0.22   0.63    64.00    64.00   0.02  97.50

avg-cpu:  %user   %nice %system %iowait  %steal   %idle
           0.88    0.00    5.41    2.71    0.00   91.00

Device            r/s     w/s     rMB/s     wMB/s   rrqm/s   wrqm/s  %rrqm  %wrqm r_await w_await aqu-sz rareq-sz wareq-sz  svctm  %util
nvme1n1       13267.00 15108.00    829.19    944.25     0.00     0.00   0.00   0.00    0.19    0.21   0.00    64.00    64.00   0.03  97.90
nvme0n1       21919.00 15108.00   1369.94    944.25     0.00     0.00   0.00   0.00    0.43    0.04   0.57    64.00    64.00   0.03  98.30
cas1-1        35187.00 15109.00   2199.19    944.31     0.00     0.00   0.00   0.00    0.34    0.22   0.58    64.00    64.00   0.02  98.10

avg-cpu:  %user   %nice %system %iowait  %steal   %idle
           0.75    0.00    5.44    0.19    0.00   93.61

Device            r/s     w/s     rMB/s     wMB/s   rrqm/s   wrqm/s  %rrqm  %wrqm r_await w_await aqu-sz rareq-sz wareq-sz  svctm  %util
nvme1n1       12117.00 14951.00    757.31    934.44     0.00     0.00   0.00   0.00    0.16    0.18   0.00    64.00    64.00   0.04  97.60
nvme0n1       23098.00 14951.00   1443.62    934.44     0.00     0.00   0.00   0.00    0.45    0.04   0.75    64.00    64.00   0.03  97.60
cas1-1        35210.00 14949.00   2200.62    934.31     0.00     0.00   0.00   0.00    0.36    0.19   0.77    64.00    64.00   0.02  97.60

avg-cpu:  %user   %nice %system %iowait  %steal   %idle
           0.82    0.00    5.22    0.94    0.00   93.01

Device            r/s     w/s     rMB/s     wMB/s   rrqm/s   wrqm/s  %rrqm  %wrqm r_await w_await aqu-sz rareq-sz wareq-sz  svctm  %util
nvme1n1       12153.00 15242.00    759.56    952.62     0.00     0.00   0.00   0.00    0.16    0.18   0.00    64.00    64.00   0.04  98.30
nvme0n1       23312.00 15246.00   1457.00    952.88     0.00     0.00   0.00   0.00    0.44    0.04   0.55    64.00    64.00   0.03  98.20
cas1-1        35465.00 15248.00   2216.56    953.00     0.00     0.00   0.00   0.00    0.35    0.19   0.56    64.00    64.00   0.02  98.20

avg-cpu:  %user   %nice %system %iowait  %steal   %idle
           0.79    0.00    5.25    2.89    0.00   91.06

Device            r/s     w/s     rMB/s     wMB/s   rrqm/s   wrqm/s  %rrqm  %wrqm r_await w_await aqu-sz rareq-sz wareq-sz  svctm  %util
nvme1n1       13146.00 15083.00    821.62    942.69     0.00     0.00   0.00   0.00    0.19    0.20   0.00    64.00    64.00   0.03  97.80
nvme0n1       22092.00 15081.00   1380.75    942.56     0.00     0.00   0.00   0.00    0.44    0.04   0.67    64.00    64.00   0.03  97.90
cas1-1        35245.00 15082.00   2202.81    942.62     0.00     0.00   0.00   0.00    0.35    0.21   0.68    64.00    64.00   0.02  97.90

avg-cpu:  %user   %nice %system %iowait  %steal   %idle
           0.63    0.00    3.89    3.04    0.00   92.44

Device            r/s     w/s     rMB/s     wMB/s   rrqm/s   wrqm/s  %rrqm  %wrqm r_await w_await aqu-sz rareq-sz wareq-sz  svctm  %util
nvme1n1       9143.00 10209.00    570.94    638.06     0.00     0.00   0.00   0.00    0.19    0.22   0.00    63.94    64.00   0.03  66.60
nvme0n1       14675.00 10206.00    915.91    637.88     0.00     0.00   0.00   0.00    0.43    0.04   0.39    63.91    64.00   0.03  66.60
cas1-1        23804.00 10203.00   1486.04    637.69     0.00     0.00   0.00   0.00    0.34    0.22   0.39    63.93    64.00   0.02  66.60

