Linux 5.4.1-050401-lowlatency (kanwu-Super-Server) 	09/10/2020 	_x86_64_	(32 CPU)

avg-cpu:  %user   %nice %system %iowait  %steal   %idle
           0.05    0.00    0.10    0.05    0.00   99.81

Device            r/s     w/s     rMB/s     wMB/s   rrqm/s   wrqm/s  %rrqm  %wrqm r_await w_await aqu-sz rareq-sz wareq-sz  svctm  %util
nvme1n1        509.13  102.89     31.82      6.27     0.00     0.00   0.00   0.00    0.26    0.34   0.00    64.00    62.36   0.03   1.74
nvme0n1        136.10   47.56      8.51      2.97     0.00     0.00   0.00   0.00    0.22    0.05   0.00    63.99    63.96   0.06   1.05
cas1-1          18.80    8.06      1.18      0.50     0.00     0.00   0.00   0.00    0.29    0.39   0.00    64.00    64.00   0.02   0.06

avg-cpu:  %user   %nice %system %iowait  %steal   %idle
           0.03    0.00    0.06    0.53    0.00   99.38

Device            r/s     w/s     rMB/s     wMB/s   rrqm/s   wrqm/s  %rrqm  %wrqm r_await w_await aqu-sz rareq-sz wareq-sz  svctm  %util
nvme1n1          0.00    0.00      0.00      0.00     0.00     0.00   0.00   0.00    0.00    0.00   0.00     0.00     0.00   0.00   0.00
nvme0n1          0.00    0.00      0.00      0.00     0.00     0.00   0.00   0.00    0.00    0.00   0.00     0.00     0.00   0.00   0.00
cas1-1           0.00    0.00      0.00      0.00     0.00     0.00   0.00   0.00    0.00    0.00   0.00     0.00     0.00   0.00   0.00

avg-cpu:  %user   %nice %system %iowait  %steal   %idle
           0.00    0.00    0.03    2.16    0.00   97.81

Device            r/s     w/s     rMB/s     wMB/s   rrqm/s   wrqm/s  %rrqm  %wrqm r_await w_await aqu-sz rareq-sz wareq-sz  svctm  %util
nvme1n1          0.00    0.00      0.00      0.00     0.00     0.00   0.00   0.00    0.00    0.00   0.00     0.00     0.00   0.00   0.00
nvme0n1          0.00    0.00      0.00      0.00     0.00     0.00   0.00   0.00    0.00    0.00   0.00     0.00     0.00   0.00   0.00
cas1-1           0.00    0.00      0.00      0.00     0.00     0.00   0.00   0.00    0.00    0.00   0.00     0.00     0.00   0.00   0.00

avg-cpu:  %user   %nice %system %iowait  %steal   %idle
           0.09    0.00    0.50    0.75    0.00   98.65

Device            r/s     w/s     rMB/s     wMB/s   rrqm/s   wrqm/s  %rrqm  %wrqm r_await w_await aqu-sz rareq-sz wareq-sz  svctm  %util
nvme1n1       1280.00  772.00     80.00      4.19     0.00     0.00   0.00   0.00    0.57    0.04   0.10    64.00     5.55   0.04   8.10
nvme0n1          0.00 1299.00      0.00     80.00     0.00     0.00   0.00   0.00    0.00    0.24   0.14     0.00    63.06   0.05   6.40
cas1-1           0.00    0.00      0.00      0.00     0.00     0.00   0.00   0.00    0.00    0.00   0.00     0.00     0.00   0.00   0.00

avg-cpu:  %user   %nice %system %iowait  %steal   %idle
           0.03    0.00    1.06    0.47    0.00   98.43

Device            r/s     w/s     rMB/s     wMB/s   rrqm/s   wrqm/s  %rrqm  %wrqm r_await w_await aqu-sz rareq-sz wareq-sz  svctm  %util
nvme1n1       6943.00 4848.00    433.06     59.52     0.00     0.00   0.00   0.00    0.67    0.27   2.25    63.87    12.57   0.04  44.40
nvme0n1          3.00 7021.00      0.01    432.00     0.00     0.00   0.00   0.00    0.00    0.45   0.23     4.00    63.01   0.05  35.90

avg-cpu:  %user   %nice %system %iowait  %steal   %idle
           0.63    0.00    0.41    1.19    0.00   97.78

Device            r/s     w/s     rMB/s     wMB/s   rrqm/s   wrqm/s  %rrqm  %wrqm r_await w_await aqu-sz rareq-sz wareq-sz  svctm  %util
nvme1n1          4.00  877.00      0.02    102.94     0.00     0.00   0.00   0.00    0.00    2.56   1.85     4.00   120.20   0.08   7.10
nvme0n1         41.00    0.00      1.03      0.00     0.00     0.00   0.00   0.00    0.12    0.00   0.00    25.66     0.00   0.27   1.10

avg-cpu:  %user   %nice %system %iowait  %steal   %idle
           0.47    0.00    3.78    0.57    0.00   95.18

Device            r/s     w/s     rMB/s     wMB/s   rrqm/s   wrqm/s  %rrqm  %wrqm r_await w_await aqu-sz rareq-sz wareq-sz  svctm  %util
nvme1n1       3705.00 12658.00    231.56    607.90     0.00     0.00   0.00   0.00    0.55    0.61   0.36    64.00    49.18   0.03  50.50
nvme0n1       5567.00    0.00    347.94      0.00     0.00     0.00   0.00   0.00    0.17    0.00   0.21    64.00     0.00   0.09  50.50

avg-cpu:  %user   %nice %system %iowait  %steal   %idle
           0.82    0.00    6.63    0.00    0.00   92.55

Device            r/s     w/s     rMB/s     wMB/s   rrqm/s   wrqm/s  %rrqm  %wrqm r_await w_await aqu-sz rareq-sz wareq-sz  svctm  %util
nvme1n1       19478.00 15443.00   1217.38    760.40     0.00     0.00   0.00   0.00    0.43    0.44   0.00    64.00    50.42   0.03 100.00
nvme0n1       2411.00    0.00    150.69      0.00     0.00     0.00   0.00   0.00    0.12    0.00   0.00    64.00     0.00   0.33  79.80

avg-cpu:  %user   %nice %system %iowait  %steal   %idle
           0.92    0.00    5.88    0.00    0.00   93.20

Device            r/s     w/s     rMB/s     wMB/s   rrqm/s   wrqm/s  %rrqm  %wrqm r_await w_await aqu-sz rareq-sz wareq-sz  svctm  %util
nvme1n1       22868.00 11377.00   1429.25    645.61     0.00     0.00   0.00   0.00    0.43    0.45   0.00    64.00    58.11   0.03 100.20
nvme0n1        198.00    0.00     12.38      0.00     0.00     0.00   0.00   0.00    0.12    0.00   0.00    64.00     0.00   0.93  18.50

avg-cpu:  %user   %nice %system %iowait  %steal   %idle
           0.85    0.00    5.84    0.00    0.00   93.31

Device            r/s     w/s     rMB/s     wMB/s   rrqm/s   wrqm/s  %rrqm  %wrqm r_await w_await aqu-sz rareq-sz wareq-sz  svctm  %util
nvme1n1       23527.00 10450.00   1470.44    634.08     0.00     0.00   0.00   0.00    0.44    0.45   0.00    64.00    62.13   0.03 100.00
nvme0n1          7.00    0.00      0.44      0.00     0.00     0.00   0.00   0.00    1.43    0.00   0.01    64.00     0.00   1.57   1.10

avg-cpu:  %user   %nice %system %iowait  %steal   %idle
           0.88    0.00    5.74    0.00    0.00   93.37

Device            r/s     w/s     rMB/s     wMB/s   rrqm/s   wrqm/s  %rrqm  %wrqm r_await w_await aqu-sz rareq-sz wareq-sz  svctm  %util
nvme1n1       23451.00 10189.00   1465.69    631.13     0.00     0.00   0.00   0.00    0.44    0.46   0.00    64.00    63.43   0.03 100.00
nvme0n1          1.00    0.00      0.06      0.00     0.00     0.00   0.00   0.00   14.00    0.00   0.01    64.00     0.00   2.00   0.20

avg-cpu:  %user   %nice %system %iowait  %steal   %idle
           0.85    0.00    5.71    0.00    0.00   93.44

Device            r/s     w/s     rMB/s     wMB/s   rrqm/s   wrqm/s  %rrqm  %wrqm r_await w_await aqu-sz rareq-sz wareq-sz  svctm  %util
nvme1n1       23506.00 10163.00   1469.12    633.96     0.00     0.00   0.00   0.00    0.44    0.46   0.00    64.00    63.88   0.03 100.00
nvme0n1          0.00    0.00      0.00      0.00     0.00     0.00   0.00   0.00    0.00    0.00   0.00     0.00     0.00   0.00   0.00

avg-cpu:  %user   %nice %system %iowait  %steal   %idle
           0.79    0.00    5.59    0.00    0.00   93.62

Device            r/s     w/s     rMB/s     wMB/s   rrqm/s   wrqm/s  %rrqm  %wrqm r_await w_await aqu-sz rareq-sz wareq-sz  svctm  %util
nvme1n1       23688.00 10042.00   1480.50    627.21     0.00     0.00   0.00   0.00    0.44    0.46   0.00    64.00    63.96   0.03 100.10
nvme0n1          0.00    0.00      0.00      0.00     0.00     0.00   0.00   0.00    0.00    0.00   0.00     0.00     0.00   0.00   0.00

avg-cpu:  %user   %nice %system %iowait  %steal   %idle
           0.88    0.00    5.70    0.00    0.00   93.42

Device            r/s     w/s     rMB/s     wMB/s   rrqm/s   wrqm/s  %rrqm  %wrqm r_await w_await aqu-sz rareq-sz wareq-sz  svctm  %util
nvme1n1       23295.00 10084.00   1455.94    630.07     0.00     0.00   0.00   0.00    0.45    0.46   0.00    64.00    63.98   0.03 100.00
nvme0n1          0.00    0.00      0.00      0.00     0.00     0.00   0.00   0.00    0.00    0.00   0.00     0.00     0.00   0.00   0.00

avg-cpu:  %user   %nice %system %iowait  %steal   %idle
           0.91    0.00    5.77    0.00    0.00   93.32

Device            r/s     w/s     rMB/s     wMB/s   rrqm/s   wrqm/s  %rrqm  %wrqm r_await w_await aqu-sz rareq-sz wareq-sz  svctm  %util
nvme1n1       23628.00 10094.00   1476.81    630.88     0.00     0.00   0.00   0.00    0.44    0.46   0.00    64.00    64.00   0.03  99.90
nvme0n1          0.00    0.00      0.00      0.00     0.00     0.00   0.00   0.00    0.00    0.00   0.00     0.00     0.00   0.00   0.00

avg-cpu:  %user   %nice %system %iowait  %steal   %idle
           0.82    0.00    5.77    0.00    0.00   93.41

Device            r/s     w/s     rMB/s     wMB/s   rrqm/s   wrqm/s  %rrqm  %wrqm r_await w_await aqu-sz rareq-sz wareq-sz  svctm  %util
nvme1n1       23547.00 10042.00   1471.62    627.62     0.00     0.00   0.00   0.00    0.44    0.46   0.00    64.00    64.00   0.03 100.10
nvme0n1          0.00    0.00      0.00      0.00     0.00     0.00   0.00   0.00    0.00    0.00   0.00     0.00     0.00   0.00   0.00

avg-cpu:  %user   %nice %system %iowait  %steal   %idle
           0.98    0.00    5.71    0.00    0.00   93.31

Device            r/s     w/s     rMB/s     wMB/s   rrqm/s   wrqm/s  %rrqm  %wrqm r_await w_await aqu-sz rareq-sz wareq-sz  svctm  %util
nvme1n1       23497.00 10055.00   1468.56    628.44     0.00     0.00   0.00   0.00    0.44    0.46   0.00    64.00    64.00   0.03 100.00
nvme0n1          0.00    0.00      0.00      0.00     0.00     0.00   0.00   0.00    0.00    0.00   0.00     0.00     0.00   0.00   0.00

avg-cpu:  %user   %nice %system %iowait  %steal   %idle
           0.91    0.00    5.89    0.00    0.00   93.19

Device            r/s     w/s     rMB/s     wMB/s   rrqm/s   wrqm/s  %rrqm  %wrqm r_await w_await aqu-sz rareq-sz wareq-sz  svctm  %util
nvme1n1       23783.00 10011.00   1486.44    625.69     0.00     0.00   0.00   0.00    0.44    0.45   0.00    64.00    64.00   0.03 100.00
nvme0n1          0.00    0.00      0.00      0.00     0.00     0.00   0.00   0.00    0.00    0.00   0.00     0.00     0.00   0.00   0.00

avg-cpu:  %user   %nice %system %iowait  %steal   %idle
           0.88    0.00    5.59    0.00    0.00   93.53

Device            r/s     w/s     rMB/s     wMB/s   rrqm/s   wrqm/s  %rrqm  %wrqm r_await w_await aqu-sz rareq-sz wareq-sz  svctm  %util
nvme1n1       23485.00 9965.00   1467.81    622.81     0.00     0.00   0.00   0.00    0.45    0.46   0.00    64.00    64.00   0.03 100.00
nvme0n1          0.00    0.00      0.00      0.00     0.00     0.00   0.00   0.00    0.00    0.00   0.00     0.00     0.00   0.00   0.00

avg-cpu:  %user   %nice %system %iowait  %steal   %idle
           0.76    0.00    5.84    0.00    0.00   93.40

Device            r/s     w/s     rMB/s     wMB/s   rrqm/s   wrqm/s  %rrqm  %wrqm r_await w_await aqu-sz rareq-sz wareq-sz  svctm  %util
nvme1n1       23465.00 10143.00   1466.56    633.94     0.00     0.00   0.00   0.00    0.44    0.46   0.00    64.00    64.00   0.03 100.00
nvme0n1          0.00    0.00      0.00      0.00     0.00     0.00   0.00   0.00    0.00    0.00   0.00     0.00     0.00   0.00   0.00

avg-cpu:  %user   %nice %system %iowait  %steal   %idle
           0.85    0.00    5.89    0.00    0.00   93.26

Device            r/s     w/s     rMB/s     wMB/s   rrqm/s   wrqm/s  %rrqm  %wrqm r_await w_await aqu-sz rareq-sz wareq-sz  svctm  %util
nvme1n1       23713.00 10037.00   1482.12    627.31     0.00     0.00   0.00   0.00    0.44    0.46   0.00    64.00    64.00   0.03 100.00
nvme0n1          0.00    0.00      0.00      0.00     0.00     0.00   0.00   0.00    0.00    0.00   0.00     0.00     0.00   0.00   0.00

avg-cpu:  %user   %nice %system %iowait  %steal   %idle
           0.85    0.00    5.93    0.00    0.00   93.22

Device            r/s     w/s     rMB/s     wMB/s   rrqm/s   wrqm/s  %rrqm  %wrqm r_await w_await aqu-sz rareq-sz wareq-sz  svctm  %util
nvme1n1       23539.00 10061.00   1471.12    628.81     0.00     0.00   0.00   0.00    0.44    0.46   0.00    64.00    64.00   0.03 100.00
nvme0n1          0.00    0.00      0.00      0.00     0.00     0.00   0.00   0.00    0.00    0.00   0.00     0.00     0.00   0.00   0.00

avg-cpu:  %user   %nice %system %iowait  %steal   %idle
           0.88    0.00    5.55    0.00    0.00   93.56

Device            r/s     w/s     rMB/s     wMB/s   rrqm/s   wrqm/s  %rrqm  %wrqm r_await w_await aqu-sz rareq-sz wareq-sz  svctm  %util
nvme1n1       23643.00 10084.00   1477.69    630.25     0.00     0.00   0.00   0.00    0.44    0.46   0.00    64.00    64.00   0.03 100.00
nvme0n1          0.00    0.00      0.00      0.00     0.00     0.00   0.00   0.00    0.00    0.00   0.00     0.00     0.00   0.00   0.00

avg-cpu:  %user   %nice %system %iowait  %steal   %idle
           0.98    0.00    5.70    0.00    0.00   93.32

Device            r/s     w/s     rMB/s     wMB/s   rrqm/s   wrqm/s  %rrqm  %wrqm r_await w_await aqu-sz rareq-sz wareq-sz  svctm  %util
nvme1n1       23655.00 9967.00   1478.44    622.94     0.00     0.00   0.00   0.00    0.44    0.46   0.00    64.00    64.00   0.03 100.00
nvme0n1          0.00    0.00      0.00      0.00     0.00     0.00   0.00   0.00    0.00    0.00   0.00     0.00     0.00   0.00   0.00

avg-cpu:  %user   %nice %system %iowait  %steal   %idle
           0.82    0.00    5.59    0.00    0.00   93.59

Device            r/s     w/s     rMB/s     wMB/s   rrqm/s   wrqm/s  %rrqm  %wrqm r_await w_await aqu-sz rareq-sz wareq-sz  svctm  %util
nvme1n1       23512.00 10080.00   1469.50    630.00     0.00     0.00   0.00   0.00    0.45    0.46   0.00    64.00    64.00   0.03 100.00
nvme0n1          0.00    0.00      0.00      0.00     0.00     0.00   0.00   0.00    0.00    0.00   0.00     0.00     0.00   0.00   0.00

avg-cpu:  %user   %nice %system %iowait  %steal   %idle
           0.91    0.00    5.74    0.00    0.00   93.35

Device            r/s     w/s     rMB/s     wMB/s   rrqm/s   wrqm/s  %rrqm  %wrqm r_await w_await aqu-sz rareq-sz wareq-sz  svctm  %util
nvme1n1       23552.00 10118.00   1472.00    632.38     0.00     0.00   0.00   0.00    0.44    0.46   0.00    64.00    64.00   0.03 100.00
nvme0n1          0.00    0.00      0.00      0.00     0.00     0.00   0.00   0.00    0.00    0.00   0.00     0.00     0.00   0.00   0.00

avg-cpu:  %user   %nice %system %iowait  %steal   %idle
           0.88    0.00    5.71    0.00    0.00   93.40

Device            r/s     w/s     rMB/s     wMB/s   rrqm/s   wrqm/s  %rrqm  %wrqm r_await w_await aqu-sz rareq-sz wareq-sz  svctm  %util
nvme1n1       23595.00 9895.00   1474.69    618.44     0.00     0.00   0.00   0.00    0.45    0.46   0.00    64.00    64.00   0.03 100.00
nvme0n1          0.00    0.00      0.00      0.00     0.00     0.00   0.00   0.00    0.00    0.00   0.00     0.00     0.00   0.00   0.00

avg-cpu:  %user   %nice %system %iowait  %steal   %idle
           0.82    0.00    5.72    0.00    0.00   93.46

Device            r/s     w/s     rMB/s     wMB/s   rrqm/s   wrqm/s  %rrqm  %wrqm r_await w_await aqu-sz rareq-sz wareq-sz  svctm  %util
nvme1n1       23594.00 10168.00   1474.62    635.50     0.00     0.00   0.00   0.00    0.44    0.45   0.00    64.00    64.00   0.03 100.00
nvme0n1          0.00    0.00      0.00      0.00     0.00     0.00   0.00   0.00    0.00    0.00   0.00     0.00     0.00   0.00   0.00

avg-cpu:  %user   %nice %system %iowait  %steal   %idle
           0.85    0.00    5.69    0.16    0.00   93.30

Device            r/s     w/s     rMB/s     wMB/s   rrqm/s   wrqm/s  %rrqm  %wrqm r_await w_await aqu-sz rareq-sz wareq-sz  svctm  %util
nvme1n1       23349.00 10133.00   1459.31    633.31     0.00     0.00   0.00   0.00    0.44    0.46   0.00    64.00    64.00   0.03 100.00
nvme0n1          0.00    0.00      0.00      0.00     0.00     0.00   0.00   0.00    0.00    0.00   0.00     0.00     0.00   0.00   0.00

avg-cpu:  %user   %nice %system %iowait  %steal   %idle
           0.92    0.00    5.65    0.00    0.00   93.44

Device            r/s     w/s     rMB/s     wMB/s   rrqm/s   wrqm/s  %rrqm  %wrqm r_await w_await aqu-sz rareq-sz wareq-sz  svctm  %util
nvme1n1       23389.00 10130.00   1461.81    633.12     0.00     0.00   0.00   0.00    0.45    0.46   0.00    64.00    64.00   0.03 100.10
nvme0n1          0.00    0.00      0.00      0.00     0.00     0.00   0.00   0.00    0.00    0.00   0.00     0.00     0.00   0.00   0.00

avg-cpu:  %user   %nice %system %iowait  %steal   %idle
           0.85    0.00    5.75    0.00    0.00   93.40

Device            r/s     w/s     rMB/s     wMB/s   rrqm/s   wrqm/s  %rrqm  %wrqm r_await w_await aqu-sz rareq-sz wareq-sz  svctm  %util
nvme1n1       23547.00 10164.00   1471.69    635.25     0.00     0.00   0.00   0.00    0.44    0.46   0.00    64.00    64.00   0.03  99.90
nvme0n1          0.00    0.00      0.00      0.00     0.00     0.00   0.00   0.00    0.00    0.00   0.00     0.00     0.00   0.00   0.00

avg-cpu:  %user   %nice %system %iowait  %steal   %idle
           0.79    0.00    5.87    0.00    0.00   93.35

Device            r/s     w/s     rMB/s     wMB/s   rrqm/s   wrqm/s  %rrqm  %wrqm r_await w_await aqu-sz rareq-sz wareq-sz  svctm  %util
nvme1n1       23554.00 9935.00   1472.12    620.94     0.00     0.00   0.00   0.00    0.44    0.46   0.00    64.00    64.00   0.03 100.00
nvme0n1          0.00    0.00      0.00      0.00     0.00     0.00   0.00   0.00    0.00    0.00   0.00     0.00     0.00   0.00   0.00

avg-cpu:  %user   %nice %system %iowait  %steal   %idle
           0.82    0.00    5.74    0.00    0.00   93.44

Device            r/s     w/s     rMB/s     wMB/s   rrqm/s   wrqm/s  %rrqm  %wrqm r_await w_await aqu-sz rareq-sz wareq-sz  svctm  %util
nvme1n1       23428.00 10188.00   1464.25    636.75     0.00     0.00   0.00   0.00    0.44    0.46   0.00    64.00    64.00   0.03 100.30
nvme0n1          0.00    0.00      0.00      0.00     0.00     0.00   0.00   0.00    0.00    0.00   0.00     0.00     0.00   0.00   0.00

avg-cpu:  %user   %nice %system %iowait  %steal   %idle
           0.88    0.00    5.63    0.09    0.00   93.39

Device            r/s     w/s     rMB/s     wMB/s   rrqm/s   wrqm/s  %rrqm  %wrqm r_await w_await aqu-sz rareq-sz wareq-sz  svctm  %util
nvme1n1       23653.00 9993.00   1478.31    624.56     0.00     0.00   0.00   0.00    0.44    0.46   0.00    64.00    64.00   0.03 100.00
nvme0n1          0.00    0.00      0.00      0.00     0.00     0.00   0.00   0.00    0.00    0.00   0.00     0.00     0.00   0.00   0.00

avg-cpu:  %user   %nice %system %iowait  %steal   %idle
           0.95    0.00    5.67    0.00    0.00   93.38

Device            r/s     w/s     rMB/s     wMB/s   rrqm/s   wrqm/s  %rrqm  %wrqm r_await w_await aqu-sz rareq-sz wareq-sz  svctm  %util
nvme1n1       23594.00 10032.00   1474.62    627.00     0.00     0.00   0.00   0.00    0.44    0.46   0.00    64.00    64.00   0.03 100.00
nvme0n1          0.00    0.00      0.00      0.00     0.00     0.00   0.00   0.00    0.00    0.00   0.00     0.00     0.00   0.00   0.00

avg-cpu:  %user   %nice %system %iowait  %steal   %idle
           0.88    0.00    5.77    0.00    0.00   93.34

Device            r/s     w/s     rMB/s     wMB/s   rrqm/s   wrqm/s  %rrqm  %wrqm r_await w_await aqu-sz rareq-sz wareq-sz  svctm  %util
nvme1n1       23515.00 10159.00   1469.69    634.94     0.00     0.00   0.00   0.00    0.44    0.46   0.00    64.00    64.00   0.03 100.20
nvme0n1          0.00    0.00      0.00      0.00     0.00     0.00   0.00   0.00    0.00    0.00   0.00     0.00     0.00   0.00   0.00

avg-cpu:  %user   %nice %system %iowait  %steal   %idle
           0.95    0.00    5.74    0.06    0.00   93.25

Device            r/s     w/s     rMB/s     wMB/s   rrqm/s   wrqm/s  %rrqm  %wrqm r_await w_await aqu-sz rareq-sz wareq-sz  svctm  %util
nvme1n1       23428.00 10227.00   1464.25    639.19     0.00     0.00   0.00   0.00    0.44    0.46   0.00    64.00    64.00   0.03 100.00
nvme0n1          0.00    0.00      0.00      0.00     0.00     0.00   0.00   0.00    0.00    0.00   0.00     0.00     0.00   0.00   0.00

avg-cpu:  %user   %nice %system %iowait  %steal   %idle
           0.92    0.00    5.68    0.00    0.00   93.40

Device            r/s     w/s     rMB/s     wMB/s   rrqm/s   wrqm/s  %rrqm  %wrqm r_await w_await aqu-sz rareq-sz wareq-sz  svctm  %util
nvme1n1       23550.00 10147.00   1471.88    634.19     0.00     0.00   0.00   0.00    0.44    0.46   0.00    64.00    64.00   0.03 100.00
nvme0n1          0.00    0.00      0.00      0.00     0.00     0.00   0.00   0.00    0.00    0.00   0.00     0.00     0.00   0.00   0.00

avg-cpu:  %user   %nice %system %iowait  %steal   %idle
           0.88    0.00    5.84    0.00    0.00   93.28

Device            r/s     w/s     rMB/s     wMB/s   rrqm/s   wrqm/s  %rrqm  %wrqm r_await w_await aqu-sz rareq-sz wareq-sz  svctm  %util
nvme1n1       23503.00 10125.00   1468.94    632.81     0.00     0.00   0.00   0.00    0.44    0.46   0.00    64.00    64.00   0.03 100.00
nvme0n1          0.00    0.00      0.00      0.00     0.00     0.00   0.00   0.00    0.00    0.00   0.00     0.00     0.00   0.00   0.00

avg-cpu:  %user   %nice %system %iowait  %steal   %idle
           0.91    0.00    5.65    0.00    0.00   93.44

Device            r/s     w/s     rMB/s     wMB/s   rrqm/s   wrqm/s  %rrqm  %wrqm r_await w_await aqu-sz rareq-sz wareq-sz  svctm  %util
nvme1n1       23493.00 10176.00   1468.31    636.00     0.00     0.00   0.00   0.00    0.44    0.46   0.00    64.00    64.00   0.03 100.00
nvme0n1          0.00    0.00      0.00      0.00     0.00     0.00   0.00   0.00    0.00    0.00   0.00     0.00     0.00   0.00   0.00

avg-cpu:  %user   %nice %system %iowait  %steal   %idle
           1.51    0.00    5.62    0.00    0.00   92.87

Device            r/s     w/s     rMB/s     wMB/s   rrqm/s   wrqm/s  %rrqm  %wrqm r_await w_await aqu-sz rareq-sz wareq-sz  svctm  %util
nvme1n1       23429.00 10216.00   1464.31    638.50     0.00     0.00   0.00   0.00    0.44    0.46   0.00    64.00    64.00   0.03 100.00
nvme0n1          0.00    0.00      0.00      0.00     0.00     0.00   0.00   0.00    0.00    0.00   0.00     0.00     0.00   0.00   0.00

avg-cpu:  %user   %nice %system %iowait  %steal   %idle
           0.91    0.00    5.61    0.06    0.00   93.41

Device            r/s     w/s     rMB/s     wMB/s   rrqm/s   wrqm/s  %rrqm  %wrqm r_await w_await aqu-sz rareq-sz wareq-sz  svctm  %util
nvme1n1       23728.00 10013.00   1483.00    625.81     0.00     0.00   0.00   0.00    0.44    0.46   0.00    64.00    64.00   0.03 100.00
nvme0n1          0.00    0.00      0.00      0.00     0.00     0.00   0.00   0.00    0.00    0.00   0.00     0.00     0.00   0.00   0.00

avg-cpu:  %user   %nice %system %iowait  %steal   %idle
           0.82    0.00    6.00    0.00    0.00   93.18

Device            r/s     w/s     rMB/s     wMB/s   rrqm/s   wrqm/s  %rrqm  %wrqm r_await w_await aqu-sz rareq-sz wareq-sz  svctm  %util
nvme1n1       23600.00 10101.00   1475.00    631.31     0.00     0.00   0.00   0.00    0.43    0.45   0.00    64.00    64.00   0.03 100.00
nvme0n1          0.00    0.00      0.00      0.00     0.00     0.00   0.00   0.00    0.00    0.00   0.00     0.00     0.00   0.00   0.00

avg-cpu:  %user   %nice %system %iowait  %steal   %idle
           0.88    0.00    5.81    0.00    0.00   93.31

Device            r/s     w/s     rMB/s     wMB/s   rrqm/s   wrqm/s  %rrqm  %wrqm r_await w_await aqu-sz rareq-sz wareq-sz  svctm  %util
nvme1n1       23701.00 10011.00   1481.31    625.69     0.00     0.00   0.00   0.00    0.44    0.45   0.00    64.00    64.00   0.03 100.00
nvme0n1          0.00    0.00      0.00      0.00     0.00     0.00   0.00   0.00    0.00    0.00   0.00     0.00     0.00   0.00   0.00

avg-cpu:  %user   %nice %system %iowait  %steal   %idle
           0.82    0.00    5.80    0.00    0.00   93.38

Device            r/s     w/s     rMB/s     wMB/s   rrqm/s   wrqm/s  %rrqm  %wrqm r_await w_await aqu-sz rareq-sz wareq-sz  svctm  %util
nvme1n1       23512.00 10105.00   1469.50    631.56     0.00     0.00   0.00   0.00    0.44    0.46   0.00    64.00    64.00   0.03 100.00
nvme0n1          0.00    0.00      0.00      0.00     0.00     0.00   0.00   0.00    0.00    0.00   0.00     0.00     0.00   0.00   0.00

avg-cpu:  %user   %nice %system %iowait  %steal   %idle
           0.95    0.00    5.65    0.00    0.00   93.40

Device            r/s     w/s     rMB/s     wMB/s   rrqm/s   wrqm/s  %rrqm  %wrqm r_await w_await aqu-sz rareq-sz wareq-sz  svctm  %util
nvme1n1       23663.00 10043.00   1478.94    627.69     0.00     0.00   0.00   0.00    0.44    0.46   0.00    64.00    64.00   0.03 100.20
nvme0n1          0.00    0.00      0.00      0.00     0.00     0.00   0.00   0.00    0.00    0.00   0.00     0.00     0.00   0.00   0.00

avg-cpu:  %user   %nice %system %iowait  %steal   %idle
           0.91    0.00    5.80    0.00    0.00   93.28

Device            r/s     w/s     rMB/s     wMB/s   rrqm/s   wrqm/s  %rrqm  %wrqm r_await w_await aqu-sz rareq-sz wareq-sz  svctm  %util
nvme1n1       23575.00 10140.00   1473.44    633.75     0.00     0.00   0.00   0.00    0.44    0.46   0.00    64.00    64.00   0.03 100.00
nvme0n1          0.00    0.00      0.00      0.00     0.00     0.00   0.00   0.00    0.00    0.00   0.00     0.00     0.00   0.00   0.00

avg-cpu:  %user   %nice %system %iowait  %steal   %idle
           0.88    0.00    5.65    0.00    0.00   93.47

Device            r/s     w/s     rMB/s     wMB/s   rrqm/s   wrqm/s  %rrqm  %wrqm r_await w_await aqu-sz rareq-sz wareq-sz  svctm  %util
nvme1n1       23199.01 10142.57   1449.94    633.91     0.00     0.00   0.00   0.00    0.44    0.46   0.00    64.00    64.00   0.03  99.01
nvme0n1          0.00    0.00      0.00      0.00     0.00     0.00   0.00   0.00    0.00    0.00   0.00     0.00     0.00   0.00   0.00

avg-cpu:  %user   %nice %system %iowait  %steal   %idle
           0.95    0.00    5.58    0.00    0.00   93.47

Device            r/s     w/s     rMB/s     wMB/s   rrqm/s   wrqm/s  %rrqm  %wrqm r_await w_await aqu-sz rareq-sz wareq-sz  svctm  %util
nvme1n1       23434.00 10209.00   1464.62    638.06     0.00     0.00   0.00   0.00    0.44    0.46   0.00    64.00    64.00   0.03 100.00
nvme0n1          0.00    0.00      0.00      0.00     0.00     0.00   0.00   0.00    0.00    0.00   0.00     0.00     0.00   0.00   0.00

avg-cpu:  %user   %nice %system %iowait  %steal   %idle
           0.85    0.00    5.80    0.00    0.00   93.35

Device            r/s     w/s     rMB/s     wMB/s   rrqm/s   wrqm/s  %rrqm  %wrqm r_await w_await aqu-sz rareq-sz wareq-sz  svctm  %util
nvme1n1       23409.00 10237.00   1463.06    639.81     0.00     0.00   0.00   0.00    0.44    0.46   0.00    64.00    64.00   0.03 100.00
nvme0n1          0.00    0.00      0.00      0.00     0.00     0.00   0.00   0.00    0.00    0.00   0.00     0.00     0.00   0.00   0.00

avg-cpu:  %user   %nice %system %iowait  %steal   %idle
           0.91    0.00    5.80    0.00    0.00   93.28

Device            r/s     w/s     rMB/s     wMB/s   rrqm/s   wrqm/s  %rrqm  %wrqm r_await w_await aqu-sz rareq-sz wareq-sz  svctm  %util
nvme1n1       23603.00 10091.00   1475.19    630.69     0.00     0.00   0.00   0.00    0.44    0.46   0.00    64.00    64.00   0.03 100.10
nvme0n1          0.00    0.00      0.00      0.00     0.00     0.00   0.00   0.00    0.00    0.00   0.00     0.00     0.00   0.00   0.00

avg-cpu:  %user   %nice %system %iowait  %steal   %idle
           0.76    0.00    6.05    0.00    0.00   93.19

Device            r/s     w/s     rMB/s     wMB/s   rrqm/s   wrqm/s  %rrqm  %wrqm r_await w_await aqu-sz rareq-sz wareq-sz  svctm  %util
nvme1n1       23563.00 10102.00   1472.69    631.38     0.00     0.00   0.00   0.00    0.44    0.46   0.00    64.00    64.00   0.03 100.00
nvme0n1          0.00    0.00      0.00      0.00     0.00     0.00   0.00   0.00    0.00    0.00   0.00     0.00     0.00   0.00   0.00

avg-cpu:  %user   %nice %system %iowait  %steal   %idle
           0.79    0.00    5.80    0.00    0.00   93.41

Device            r/s     w/s     rMB/s     wMB/s   rrqm/s   wrqm/s  %rrqm  %wrqm r_await w_await aqu-sz rareq-sz wareq-sz  svctm  %util
nvme1n1       23520.00 10116.00   1470.00    632.25     0.00     0.00   0.00   0.00    0.44    0.46   0.00    64.00    64.00   0.03 100.00
nvme0n1          0.00    0.00      0.00      0.00     0.00     0.00   0.00   0.00    0.00    0.00   0.00     0.00     0.00   0.00   0.00

avg-cpu:  %user   %nice %system %iowait  %steal   %idle
           0.85    0.00    5.86    0.00    0.00   93.28

Device            r/s     w/s     rMB/s     wMB/s   rrqm/s   wrqm/s  %rrqm  %wrqm r_await w_await aqu-sz rareq-sz wareq-sz  svctm  %util
nvme1n1       23626.00 10007.00   1476.62    625.44     0.00     0.00   0.00   0.00    0.44    0.46   0.00    64.00    64.00   0.03 100.00
nvme0n1          0.00    0.00      0.00      0.00     0.00     0.00   0.00   0.00    0.00    0.00   0.00     0.00     0.00   0.00   0.00

avg-cpu:  %user   %nice %system %iowait  %steal   %idle
           0.82    0.00    5.84    0.00    0.00   93.34

Device            r/s     w/s     rMB/s     wMB/s   rrqm/s   wrqm/s  %rrqm  %wrqm r_await w_await aqu-sz rareq-sz wareq-sz  svctm  %util
nvme1n1       23459.00 10110.00   1466.19    631.88     0.00     0.00   0.00   0.00    0.44    0.46   0.00    64.00    64.00   0.03 100.00
nvme0n1          0.00    0.00      0.00      0.00     0.00     0.00   0.00   0.00    0.00    0.00   0.00     0.00     0.00   0.00   0.00

avg-cpu:  %user   %nice %system %iowait  %steal   %idle
           0.79    0.00    5.90    0.00    0.00   93.32

Device            r/s     w/s     rMB/s     wMB/s   rrqm/s   wrqm/s  %rrqm  %wrqm r_await w_await aqu-sz rareq-sz wareq-sz  svctm  %util
nvme1n1       23546.00 9980.00   1471.62    623.75     0.00     0.00   0.00   0.00    0.44    0.46   0.00    64.00    64.00   0.03 100.00
nvme0n1          0.00    0.00      0.00      0.00     0.00     0.00   0.00   0.00    0.00    0.00   0.00     0.00     0.00   0.00   0.00

avg-cpu:  %user   %nice %system %iowait  %steal   %idle
           0.82    0.00    5.81    0.00    0.00   93.37

Device            r/s     w/s     rMB/s     wMB/s   rrqm/s   wrqm/s  %rrqm  %wrqm r_await w_await aqu-sz rareq-sz wareq-sz  svctm  %util
nvme1n1       23518.00 10112.00   1469.88    632.00     0.00     0.00   0.00   0.00    0.44    0.46   0.00    64.00    64.00   0.03 100.00
nvme0n1          0.00    0.00      0.00      0.00     0.00     0.00   0.00   0.00    0.00    0.00   0.00     0.00     0.00   0.00   0.00

avg-cpu:  %user   %nice %system %iowait  %steal   %idle
           0.85    0.00    5.95    0.00    0.00   93.19

Device            r/s     w/s     rMB/s     wMB/s   rrqm/s   wrqm/s  %rrqm  %wrqm r_await w_await aqu-sz rareq-sz wareq-sz  svctm  %util
nvme1n1       23546.00 10104.00   1471.62    631.50     0.00     0.00   0.00   0.00    0.44    0.46   0.00    64.00    64.00   0.03 100.00
nvme0n1          0.00    0.00      0.00      0.00     0.00     0.00   0.00   0.00    0.00    0.00   0.00     0.00     0.00   0.00   0.00

avg-cpu:  %user   %nice %system %iowait  %steal   %idle
           0.88    0.00    5.77    0.00    0.00   93.34

Device            r/s     w/s     rMB/s     wMB/s   rrqm/s   wrqm/s  %rrqm  %wrqm r_await w_await aqu-sz rareq-sz wareq-sz  svctm  %util
nvme1n1       23553.00 10005.00   1472.06    625.31     0.00     0.00   0.00   0.00    0.44    0.46   0.00    64.00    64.00   0.03 100.00
nvme0n1          0.00    0.00      0.00      0.00     0.00     0.00   0.00   0.00    0.00    0.00   0.00     0.00     0.00   0.00   0.00

avg-cpu:  %user   %nice %system %iowait  %steal   %idle
           0.82    0.00    5.80    0.00    0.00   93.38

Device            r/s     w/s     rMB/s     wMB/s   rrqm/s   wrqm/s  %rrqm  %wrqm r_await w_await aqu-sz rareq-sz wareq-sz  svctm  %util
nvme1n1       23620.00 10074.00   1476.25    629.62     0.00     0.00   0.00   0.00    0.44    0.46   0.00    64.00    64.00   0.03 100.00
nvme0n1          0.00    0.00      0.00      0.00     0.00     0.00   0.00   0.00    0.00    0.00   0.00     0.00     0.00   0.00   0.00

avg-cpu:  %user   %nice %system %iowait  %steal   %idle
           0.82    0.00    5.80    0.00    0.00   93.38

Device            r/s     w/s     rMB/s     wMB/s   rrqm/s   wrqm/s  %rrqm  %wrqm r_await w_await aqu-sz rareq-sz wareq-sz  svctm  %util
nvme1n1       23557.00 10097.00   1472.31    631.06     0.00     0.00   0.00   0.00    0.44    0.46   0.00    64.00    64.00   0.03 100.00
nvme0n1          0.00    0.00      0.00      0.00     0.00     0.00   0.00   0.00    0.00    0.00   0.00     0.00     0.00   0.00   0.00

avg-cpu:  %user   %nice %system %iowait  %steal   %idle
           0.85    0.00    5.77    0.00    0.00   93.38

Device            r/s     w/s     rMB/s     wMB/s   rrqm/s   wrqm/s  %rrqm  %wrqm r_await w_await aqu-sz rareq-sz wareq-sz  svctm  %util
nvme1n1       23630.00 10069.00   1476.88    629.31     0.00     0.00   0.00   0.00    0.44    0.46   0.00    64.00    64.00   0.03 100.00
nvme0n1          0.00    0.00      0.00      0.00     0.00     0.00   0.00   0.00    0.00    0.00   0.00     0.00     0.00   0.00   0.00

avg-cpu:  %user   %nice %system %iowait  %steal   %idle
           0.91    0.00    5.77    0.00    0.00   93.31

Device            r/s     w/s     rMB/s     wMB/s   rrqm/s   wrqm/s  %rrqm  %wrqm r_await w_await aqu-sz rareq-sz wareq-sz  svctm  %util
nvme1n1       23635.00 10019.00   1477.19    626.19     0.00     0.00   0.00   0.00    0.44    0.46   0.00    64.00    64.00   0.03 100.00
nvme0n1          0.00    0.00      0.00      0.00     0.00     0.00   0.00   0.00    0.00    0.00   0.00     0.00     0.00   0.00   0.00

avg-cpu:  %user   %nice %system %iowait  %steal   %idle
           0.82    0.00    6.02    0.00    0.00   93.16

Device            r/s     w/s     rMB/s     wMB/s   rrqm/s   wrqm/s  %rrqm  %wrqm r_await w_await aqu-sz rareq-sz wareq-sz  svctm  %util
nvme1n1       23488.00 10161.00   1468.00    635.06     0.00     0.00   0.00   0.00    0.44    0.45   0.00    64.00    64.00   0.03 100.00
nvme0n1          0.00    0.00      0.00      0.00     0.00     0.00   0.00   0.00    0.00    0.00   0.00     0.00     0.00   0.00   0.00

avg-cpu:  %user   %nice %system %iowait  %steal   %idle
           0.79    0.00    5.81    0.00    0.00   93.40

Device            r/s     w/s     rMB/s     wMB/s   rrqm/s   wrqm/s  %rrqm  %wrqm r_await w_await aqu-sz rareq-sz wareq-sz  svctm  %util
nvme1n1       23673.00 10052.00   1479.56    628.25     0.00     0.00   0.00   0.00    0.44    0.46   0.00    64.00    64.00   0.03 100.00
nvme0n1          0.00    0.00      0.00      0.00     0.00     0.00   0.00   0.00    0.00    0.00   0.00     0.00     0.00   0.00   0.00

avg-cpu:  %user   %nice %system %iowait  %steal   %idle
           0.85    0.00    5.70    0.00    0.00   93.44

Device            r/s     w/s     rMB/s     wMB/s   rrqm/s   wrqm/s  %rrqm  %wrqm r_await w_await aqu-sz rareq-sz wareq-sz  svctm  %util
nvme1n1       23538.00 10066.00   1471.12    629.12     0.00     0.00   0.00   0.00    0.44    0.46   0.00    64.00    64.00   0.03 100.00
nvme0n1          0.00    0.00      0.00      0.00     0.00     0.00   0.00   0.00    0.00    0.00   0.00     0.00     0.00   0.00   0.00

