Linux 5.4.1-050401-lowlatency (kanwu-Super-Server) 	09/11/2020 	_x86_64_	(32 CPU)

avg-cpu:  %user   %nice %system %iowait  %steal   %idle
           0.08    0.00    0.58    0.08    0.00   99.25

Device            r/s     w/s     rMB/s     wMB/s   rrqm/s   wrqm/s  %rrqm  %wrqm r_await w_await aqu-sz rareq-sz wareq-sz  svctm  %util
nvme1n1       1021.75  476.87     63.85     29.53     0.00     0.00   0.00   0.00    0.33    0.34   0.00    64.00    63.40   0.03   4.86
nvme0n1        219.40  232.53     13.71     14.53     0.00     0.00   0.00   0.00    0.26    0.05   0.01    63.99    63.99   0.06   2.66
cas1-1          11.57   11.56      0.72      0.72     0.00     0.00   0.00   0.00    0.17    0.39   0.00    63.99    64.00   0.03   0.06

avg-cpu:  %user   %nice %system %iowait  %steal   %idle
           0.09    0.00    1.06    1.03    0.00   97.81

Device            r/s     w/s     rMB/s     wMB/s   rrqm/s   wrqm/s  %rrqm  %wrqm r_await w_await aqu-sz rareq-sz wareq-sz  svctm  %util
nvme1n1          0.00 5000.00      0.00    312.50     0.00     0.00   0.00   0.00    0.00    0.50   0.32     0.00    64.00   0.05  23.40
nvme0n1          0.00    0.00      0.00      0.00     0.00     0.00   0.00   0.00    0.00    0.00   0.00     0.00     0.00   0.00   0.00
cas1-1           0.00    0.00      0.00      0.00     0.00     0.00   0.00   0.00    0.00    0.00   0.00     0.00     0.00   0.00   0.00

avg-cpu:  %user   %nice %system %iowait  %steal   %idle
           0.13    0.00    1.66    1.28    0.00   96.93

Device            r/s     w/s     rMB/s     wMB/s   rrqm/s   wrqm/s  %rrqm  %wrqm r_await w_await aqu-sz rareq-sz wareq-sz  svctm  %util
nvme1n1         96.00 7288.00      2.11    455.50     0.00     0.00   0.00   0.00    0.02    0.94   3.45    22.50    64.00   0.05  35.60
nvme0n1          0.00    0.00      0.00      0.00     0.00     0.00   0.00   0.00    0.00    0.00   0.00     0.00     0.00   0.00   0.00
cas1-1        18446744073708554240.00 18446744073708554240.00 9007199254678477.00 9007199254678505.00     0.00     0.00   0.00   0.00    0.00    0.00 4294893.02     0.50     0.50   0.00 429491686.20

avg-cpu:  %user   %nice %system %iowait  %steal   %idle
           0.50    0.00    0.09    1.50    0.00   97.90

Device            r/s     w/s     rMB/s     wMB/s   rrqm/s   wrqm/s  %rrqm  %wrqm r_await w_await aqu-sz rareq-sz wareq-sz  svctm  %util
nvme1n1          0.00    0.00      0.00      0.00     0.00     0.00   0.00   0.00    0.00    0.00   0.00     0.00     0.00   0.00   0.00
nvme0n1          0.00    0.00      0.00      0.00     0.00     0.00   0.00   0.00    0.00    0.00   0.00     0.00     0.00   0.00   0.00
cas1-1           0.00    0.00      0.00      0.00     0.00     0.00   0.00   0.00    0.00    0.00   0.00     0.00     0.00   0.00   0.00

avg-cpu:  %user   %nice %system %iowait  %steal   %idle
           0.25    0.00    8.17    1.85    0.00   89.73

Device            r/s     w/s     rMB/s     wMB/s   rrqm/s   wrqm/s  %rrqm  %wrqm r_await w_await aqu-sz rareq-sz wareq-sz  svctm  %util
nvme1n1       1774.00 1982.00    110.87    123.88     0.00     0.00   0.00   0.00    0.13    0.08   0.00    64.00    64.00   0.05  20.20
nvme0n1          0.00    0.00      0.00      0.00     0.00     0.00   0.00   0.00    0.00    0.00   0.00     0.00     0.00   0.00   0.00
cas1-1        2020.00 1990.00    126.25    124.37     0.00     0.00   0.00   0.00    0.27    0.81   0.65    64.00    64.00   0.05  20.20

avg-cpu:  %user   %nice %system %iowait  %steal   %idle
           0.85    0.00   32.76    5.42    0.00   60.97

Device            r/s     w/s     rMB/s     wMB/s   rrqm/s   wrqm/s  %rrqm  %wrqm r_await w_await aqu-sz rareq-sz wareq-sz  svctm  %util
nvme1n1       5180.00 15194.00    323.75    949.69     0.00     0.00   0.00   0.00    0.11    0.08   0.00    64.00    64.00   0.05  99.90
nvme0n1          0.00    0.00      0.00      0.00     0.00     0.00   0.00   0.00    0.00    0.00   0.00     0.00     0.00   0.00   0.00
cas1-1        15196.00 15193.00    949.75    949.56     0.00     0.00   0.00   0.00    0.19    0.54   1.80    64.00    64.00   0.03  99.90

avg-cpu:  %user   %nice %system %iowait  %steal   %idle
           0.97    0.00   30.29    4.46    0.00   64.28

Device            r/s     w/s     rMB/s     wMB/s   rrqm/s   wrqm/s  %rrqm  %wrqm r_await w_await aqu-sz rareq-sz wareq-sz  svctm  %util
nvme1n1       1034.00 19572.00     64.62   1223.19     0.00     0.00   0.00   0.00    0.10    0.07   0.00    64.00    64.00   0.05 100.00
nvme0n1          0.00    0.00      0.00      0.00     0.00     0.00   0.00   0.00    0.00    0.00   0.00     0.00     0.00   0.00   0.00
cas1-1        19789.00 19572.00   1236.81   1223.25     0.00     0.00   0.00   0.00    0.15    0.42   0.97    64.00    64.00   0.03 100.10

avg-cpu:  %user   %nice %system %iowait  %steal   %idle
           1.04    0.00   30.40    4.65    0.00   63.91

Device            r/s     w/s     rMB/s     wMB/s   rrqm/s   wrqm/s  %rrqm  %wrqm r_await w_await aqu-sz rareq-sz wareq-sz  svctm  %util
nvme1n1        259.00 20333.00     16.19   1270.81     0.00     0.00   0.00   0.00    0.08    0.07   0.00    64.00    64.00   0.05 100.00
nvme0n1          0.00    0.00      0.00      0.00     0.00     0.00   0.00   0.00    0.00    0.00   0.00     0.00     0.00   0.00   0.00
cas1-1        20281.00 20332.00   1267.56   1270.75     0.00     0.00   0.00   0.00    0.15    0.41   0.93    64.00    64.00   0.02  99.90

avg-cpu:  %user   %nice %system %iowait  %steal   %idle
           0.88    0.00   30.23    4.20    0.00   64.69

Device            r/s     w/s     rMB/s     wMB/s   rrqm/s   wrqm/s  %rrqm  %wrqm r_await w_await aqu-sz rareq-sz wareq-sz  svctm  %util
nvme1n1        154.00 20299.00      9.62   1268.75     0.00     0.00   0.00   0.00    0.09    0.07   0.00    64.00    64.00   0.05 100.00
nvme0n1          0.00    0.00      0.00      0.00     0.00     0.00   0.00   0.00    0.00    0.00   0.00     0.00     0.00   0.00   0.00
cas1-1        20578.00 20306.00   1286.12   1269.12     0.00     0.00   0.00   0.00    0.15    0.41   0.98    64.00    64.00   0.02 100.10

avg-cpu:  %user   %nice %system %iowait  %steal   %idle
           0.75    0.00   30.18    2.73    0.00   66.34

Device            r/s     w/s     rMB/s     wMB/s   rrqm/s   wrqm/s  %rrqm  %wrqm r_await w_await aqu-sz rareq-sz wareq-sz  svctm  %util
nvme1n1        111.00 20524.00      6.94   1282.69     0.00     0.00   0.00   0.00    0.08    0.07   0.00    64.00    64.00   0.05 100.00
nvme0n1          0.00    0.00      0.00      0.00     0.00     0.00   0.00   0.00    0.00    0.00   0.00     0.00     0.00   0.00   0.00
cas1-1        20809.00 20514.00   1300.56   1282.12     0.00     0.00   0.00   0.00    0.15    0.39   0.84    64.00    64.00   0.02  99.90

avg-cpu:  %user   %nice %system %iowait  %steal   %idle
           0.88    0.00   30.07    3.86    0.00   65.19

Device            r/s     w/s     rMB/s     wMB/s   rrqm/s   wrqm/s  %rrqm  %wrqm r_await w_await aqu-sz rareq-sz wareq-sz  svctm  %util
nvme1n1        154.00 20420.00      9.62   1276.25     0.00     0.00   0.00   0.00    0.08    0.07   0.00    64.00    64.00   0.05 100.00
nvme0n1          0.00    0.00      0.00      0.00     0.00     0.00   0.00   0.00    0.00    0.00   0.00     0.00     0.00   0.00   0.00
cas1-1        20596.00 20422.00   1287.25   1276.38     0.00     0.00   0.00   0.00    0.15    0.41   0.96    64.00    64.00   0.02 100.00

avg-cpu:  %user   %nice %system %iowait  %steal   %idle
           0.85    0.00   30.29    3.42    0.00   65.44

Device            r/s     w/s     rMB/s     wMB/s   rrqm/s   wrqm/s  %rrqm  %wrqm r_await w_await aqu-sz rareq-sz wareq-sz  svctm  %util
nvme1n1        123.00 20351.00      7.69   1272.00     0.00     0.00   0.00   0.00    0.08    0.07   0.00    64.00    64.00   0.05 100.20
nvme0n1          0.00    0.00      0.00      0.00     0.00     0.00   0.00   0.00    0.00    0.00   0.00     0.00     0.00   0.00   0.00
cas1-1        20645.00 20354.00   1290.31   1272.12     0.00     0.00   0.00   0.00    0.15    0.41   0.90    64.00    64.00   0.02 100.10

avg-cpu:  %user   %nice %system %iowait  %steal   %idle
           0.88    0.00   31.11    4.68    0.00   63.33

Device            r/s     w/s     rMB/s     wMB/s   rrqm/s   wrqm/s  %rrqm  %wrqm r_await w_await aqu-sz rareq-sz wareq-sz  svctm  %util
nvme1n1         89.00 20066.00      5.56   1254.06     0.00     0.00   0.00   0.00    0.09    0.07   0.00    64.00    64.00   0.05 100.00
nvme0n1          0.00    0.00      0.00      0.00     0.00     0.00   0.00   0.00    0.00    0.00   0.00     0.00     0.00   0.00   0.00
cas1-1        19934.00 20061.00   1245.88   1253.81     0.00     0.00   0.00   0.00    0.15    0.43   1.06    64.00    64.00   0.02  99.90

avg-cpu:  %user   %nice %system %iowait  %steal   %idle
           0.88    0.00   29.98    2.67    0.00   66.48

Device            r/s     w/s     rMB/s     wMB/s   rrqm/s   wrqm/s  %rrqm  %wrqm r_await w_await aqu-sz rareq-sz wareq-sz  svctm  %util
nvme1n1        292.00 20562.00     18.25   1285.12     0.00     0.00   0.00   0.00    0.08    0.07   0.00    64.00    64.00   0.05 100.00
nvme0n1          0.00    0.00      0.00      0.00     0.00     0.00   0.00   0.00    0.00    0.00   0.00     0.00     0.00   0.00   0.00
cas1-1        20686.00 20564.00   1292.88   1285.25     0.00     0.00   0.00   0.00    0.15    0.39   0.85    64.00    64.00   0.02 100.00

avg-cpu:  %user   %nice %system %iowait  %steal   %idle
           0.78    0.00   29.57    1.88    0.00   67.77

Device            r/s     w/s     rMB/s     wMB/s   rrqm/s   wrqm/s  %rrqm  %wrqm r_await w_await aqu-sz rareq-sz wareq-sz  svctm  %util
nvme1n1        648.00 20846.00     40.50   1302.88     0.00     0.00   0.00   0.00    0.08    0.07   0.00    64.00    64.00   0.05 100.00
nvme0n1          0.00    0.00      0.00      0.00     0.00     0.00   0.00   0.00    0.00    0.00   0.00     0.00     0.00   0.00   0.00
cas1-1        21163.00 20846.00   1322.69   1302.88     0.00     0.00   0.00   0.00    0.15    0.39   0.80    64.00    64.00   0.02 100.00

avg-cpu:  %user   %nice %system %iowait  %steal   %idle
           0.88    0.00   29.97    2.47    0.00   66.68

Device            r/s     w/s     rMB/s     wMB/s   rrqm/s   wrqm/s  %rrqm  %wrqm r_await w_await aqu-sz rareq-sz wareq-sz  svctm  %util
nvme1n1        768.00 20668.00     48.00   1291.75     0.00     0.00   0.00   0.00    0.09    0.07   0.00    64.00    64.00   0.05 100.00
nvme0n1          0.00    0.00      0.00      0.00     0.00     0.00   0.00   0.00    0.00    0.00   0.00     0.00     0.00   0.00   0.00
cas1-1        20859.00 20665.00   1303.69   1291.56     0.00     0.00   0.00   0.00    0.15    0.40   0.81    64.00    64.00   0.02 100.00

avg-cpu:  %user   %nice %system %iowait  %steal   %idle
           0.85    0.00   30.36    2.16    0.00   66.64

Device            r/s     w/s     rMB/s     wMB/s   rrqm/s   wrqm/s  %rrqm  %wrqm r_await w_await aqu-sz rareq-sz wareq-sz  svctm  %util
nvme1n1        753.00 20611.00     47.06   1288.19     0.00     0.00   0.00   0.00    0.09    0.07   0.00    64.00    64.00   0.05 100.00
nvme0n1          0.00    0.00      0.00      0.00     0.00     0.00   0.00   0.00    0.00    0.00   0.00     0.00     0.00   0.00   0.00
cas1-1        20563.00 20613.00   1285.19   1288.31     0.00     0.00   0.00   0.00    0.15    0.40   0.81    64.00    64.00   0.02 100.00

avg-cpu:  %user   %nice %system %iowait  %steal   %idle
           0.88    0.00   30.09    1.60    0.00   67.43

Device            r/s     w/s     rMB/s     wMB/s   rrqm/s   wrqm/s  %rrqm  %wrqm r_await w_await aqu-sz rareq-sz wareq-sz  svctm  %util
nvme1n1        812.00 20597.00     50.75   1287.31     0.00     0.00   0.00   0.00    0.09    0.07   0.00    64.00    64.00   0.05 100.10
nvme0n1          0.00    0.00      0.00      0.00     0.00     0.00   0.00   0.00    0.00    0.00   0.00     0.00     0.00   0.00   0.00
cas1-1        20441.00 20599.00   1277.56   1287.44     0.00     0.00   0.00   0.00    0.15    0.41   0.91    64.00    64.00   0.02 100.10

avg-cpu:  %user   %nice %system %iowait  %steal   %idle
           0.88    0.00   30.35    1.85    0.00   66.93

Device            r/s     w/s     rMB/s     wMB/s   rrqm/s   wrqm/s  %rrqm  %wrqm r_await w_await aqu-sz rareq-sz wareq-sz  svctm  %util
nvme1n1         87.00 20419.00      5.44   1276.19     0.00     0.00   0.00   0.00    0.09    0.07   0.00    64.00    64.00   0.05 100.00
nvme0n1          0.00    0.00      0.00      0.00     0.00     0.00   0.00   0.00    0.00    0.00   0.00     0.00     0.00   0.00   0.00
cas1-1        20258.00 20418.00   1266.12   1276.12     0.00     0.00   0.00   0.00    0.15    0.40   0.82    64.00    64.00   0.02 100.00

avg-cpu:  %user   %nice %system %iowait  %steal   %idle
           0.81    0.00   30.37    1.50    0.00   67.31

Device            r/s     w/s     rMB/s     wMB/s   rrqm/s   wrqm/s  %rrqm  %wrqm r_await w_await aqu-sz rareq-sz wareq-sz  svctm  %util
nvme1n1        110.00 20524.00      6.88   1282.75     0.00     0.00   0.00   0.00    0.08    0.07   0.00    64.00    64.00   0.05 100.00
nvme0n1          0.00    0.00      0.00      0.00     0.00     0.00   0.00   0.00    0.00    0.00   0.00     0.00     0.00   0.00   0.00
cas1-1        20355.00 20530.00   1272.19   1283.12     0.00     0.00   0.00   0.00    0.15    0.41   0.89    64.00    64.00   0.02 100.00

avg-cpu:  %user   %nice %system %iowait  %steal   %idle
           0.82    0.00   30.39    1.63    0.00   67.17

Device            r/s     w/s     rMB/s     wMB/s   rrqm/s   wrqm/s  %rrqm  %wrqm r_await w_await aqu-sz rareq-sz wareq-sz  svctm  %util
nvme1n1        797.00 20498.00     49.81   1281.12     0.00     0.00   0.00   0.00    0.09    0.07   0.00    64.00    64.00   0.05  99.90
nvme0n1          0.00    0.00      0.00      0.00     0.00     0.00   0.00   0.00    0.00    0.00   0.00     0.00     0.00   0.00   0.00
cas1-1        20384.00 20490.00   1274.00   1280.62     0.00     0.00   0.00   0.00    0.15    0.41   0.93    64.00    64.00   0.02 100.00

avg-cpu:  %user   %nice %system %iowait  %steal   %idle
           0.78    0.00   30.31    1.69    0.00   67.21

Device            r/s     w/s     rMB/s     wMB/s   rrqm/s   wrqm/s  %rrqm  %wrqm r_await w_await aqu-sz rareq-sz wareq-sz  svctm  %util
nvme1n1        712.00 20506.00     44.50   1281.62     0.00     0.00   0.00   0.00    0.09    0.07   0.00    64.00    64.00   0.05 100.00
nvme0n1          0.00    0.00      0.00      0.00     0.00     0.00   0.00   0.00    0.00    0.00   0.00     0.00     0.00   0.00   0.00
cas1-1        20542.00 20507.00   1283.88   1281.69     0.00     0.00   0.00   0.00    0.15    0.41   0.84    64.00    64.00   0.02 100.00

avg-cpu:  %user   %nice %system %iowait  %steal   %idle
           0.91    0.00   29.62    1.91    0.00   67.56

Device            r/s     w/s     rMB/s     wMB/s   rrqm/s   wrqm/s  %rrqm  %wrqm r_await w_await aqu-sz rareq-sz wareq-sz  svctm  %util
nvme1n1       1081.00 20762.00     67.56   1297.62     0.00     0.00   0.00   0.00    0.09    0.08   0.00    64.00    64.00   0.05 100.10
nvme0n1          0.00    0.00      0.00      0.00     0.00     0.00   0.00   0.00    0.00    0.00   0.00     0.00     0.00   0.00   0.00
cas1-1        20704.00 20764.00   1294.00   1297.75     0.00     0.00   0.00   0.00    0.15    0.40   0.84    64.00    64.00   0.02 100.00

avg-cpu:  %user   %nice %system %iowait  %steal   %idle
           0.82    0.00   29.74    2.10    0.00   67.35

Device            r/s     w/s     rMB/s     wMB/s   rrqm/s   wrqm/s  %rrqm  %wrqm r_await w_await aqu-sz rareq-sz wareq-sz  svctm  %util
nvme1n1       1637.00 20942.00    102.31   1308.88     0.00     0.00   0.00   0.00    0.09    0.08   0.00    64.00    64.00   0.04 100.00
nvme0n1          0.00    0.00      0.00      0.00     0.00     0.00   0.00   0.00    0.00    0.00   0.00     0.00     0.00   0.00   0.00
cas1-1        20857.00 20939.00   1303.56   1308.69     0.00     0.00   0.00   0.00    0.15    0.40   0.83    64.00    64.00   0.02 100.00

avg-cpu:  %user   %nice %system %iowait  %steal   %idle
           0.94    0.00   29.43    1.98    0.00   67.65

Device            r/s     w/s     rMB/s     wMB/s   rrqm/s   wrqm/s  %rrqm  %wrqm r_await w_await aqu-sz rareq-sz wareq-sz  svctm  %util
nvme1n1       1967.00 20983.00    122.94   1311.44     0.00     0.00   0.00   0.00    0.10    0.08   0.00    64.00    64.00   0.04 100.00
nvme0n1          0.00    0.00      0.00      0.00     0.00     0.00   0.00   0.00    0.00    0.00   0.00     0.00     0.00   0.00   0.00
cas1-1        21308.00 20985.00   1331.75   1311.56     0.00     0.00   0.00   0.00    0.14    0.39   0.71    64.00    64.00   0.02 100.00

avg-cpu:  %user   %nice %system %iowait  %steal   %idle
           0.91    0.00   29.80    1.54    0.00   67.76

Device            r/s     w/s     rMB/s     wMB/s   rrqm/s   wrqm/s  %rrqm  %wrqm r_await w_await aqu-sz rareq-sz wareq-sz  svctm  %util
nvme1n1       2198.00 20798.00    137.38   1299.88     0.00     0.00   0.00   0.00    0.10    0.08   0.00    64.00    64.00   0.04 100.00
nvme0n1          0.00    0.00      0.00      0.00     0.00     0.00   0.00   0.00    0.00    0.00   0.00     0.00     0.00   0.00   0.00
cas1-1        20641.00 20797.00   1290.06   1299.81     0.00     0.00   0.00   0.00    0.15    0.41   0.81    64.00    64.00   0.02 100.00

avg-cpu:  %user   %nice %system %iowait  %steal   %idle
           0.88    0.00   29.58    1.94    0.00   67.60

Device            r/s     w/s     rMB/s     wMB/s   rrqm/s   wrqm/s  %rrqm  %wrqm r_await w_await aqu-sz rareq-sz wareq-sz  svctm  %util
nvme1n1       2072.00 20934.00    129.50   1308.38     0.00     0.00   0.00   0.00    0.10    0.08   0.00    64.00    64.00   0.04 100.00
nvme0n1          0.00    0.00      0.00      0.00     0.00     0.00   0.00   0.00    0.00    0.00   0.00     0.00     0.00   0.00   0.00
cas1-1        21258.00 20939.00   1328.62   1308.69     0.00     0.00   0.00   0.00    0.14    0.40   0.72    64.00    64.00   0.02 100.10

avg-cpu:  %user   %nice %system %iowait  %steal   %idle
           0.82    0.00   30.47    2.13    0.00   66.58

Device            r/s     w/s     rMB/s     wMB/s   rrqm/s   wrqm/s  %rrqm  %wrqm r_await w_await aqu-sz rareq-sz wareq-sz  svctm  %util
nvme1n1       1606.00 20509.00    100.37   1281.81     0.00     0.00   0.00   0.00    0.09    0.08   0.00    64.00    64.00   0.05 100.00
nvme0n1          0.00    0.00      0.00      0.00     0.00     0.00   0.00   0.00    0.00    0.00   0.00     0.00     0.00   0.00   0.00
cas1-1        20844.00 20505.00   1302.75   1281.56     0.00     0.00   0.00   0.00    0.15    0.42   0.89    64.00    64.00   0.02  99.90

avg-cpu:  %user   %nice %system %iowait  %steal   %idle
           0.78    0.00   30.27    1.73    0.00   67.22

Device            r/s     w/s     rMB/s     wMB/s   rrqm/s   wrqm/s  %rrqm  %wrqm r_await w_await aqu-sz rareq-sz wareq-sz  svctm  %util
nvme1n1       1268.00 20515.00     79.25   1282.19     0.00     0.00   0.00   0.00    0.09    0.08   0.00    64.00    64.00   0.05 100.00
nvme0n1          0.00    0.00      0.00      0.00     0.00     0.00   0.00   0.00    0.00    0.00   0.00     0.00     0.00   0.00   0.00
cas1-1        20299.00 20514.00   1268.69   1282.12     0.00     0.00   0.00   0.00    0.15    0.42   0.89    64.00    64.00   0.02 100.00

avg-cpu:  %user   %nice %system %iowait  %steal   %idle
           0.75    0.00   30.14    2.13    0.00   66.97

Device            r/s     w/s     rMB/s     wMB/s   rrqm/s   wrqm/s  %rrqm  %wrqm r_await w_await aqu-sz rareq-sz wareq-sz  svctm  %util
nvme1n1       1150.00 20682.00     71.88   1292.62     0.00     0.00   0.00   0.00    0.09    0.08   0.00    64.00    64.00   0.05 100.00
nvme0n1          0.00    0.00      0.00      0.00     0.00     0.00   0.00   0.00    0.00    0.00   0.00     0.00     0.00   0.00   0.00
cas1-1        20429.00 20683.00   1276.81   1292.69     0.00     0.00   0.00   0.00    0.14    0.41   0.86    64.00    64.00   0.02 100.00

avg-cpu:  %user   %nice %system %iowait  %steal   %idle
           0.85    0.00   30.13    2.10    0.00   66.93

Device            r/s     w/s     rMB/s     wMB/s   rrqm/s   wrqm/s  %rrqm  %wrqm r_await w_await aqu-sz rareq-sz wareq-sz  svctm  %util
nvme1n1       1163.00 20746.00     72.69   1296.62     0.00     0.00   0.00   0.00    0.09    0.08   0.00    64.00    64.00   0.05 100.00
nvme0n1          0.00    0.00      0.00      0.00     0.00     0.00   0.00   0.00    0.00    0.00   0.00     0.00     0.00   0.00   0.00
cas1-1        20539.00 20746.00   1283.69   1296.62     0.00     0.00   0.00   0.00    0.15    0.40   0.86    64.00    64.00   0.02 100.00

avg-cpu:  %user   %nice %system %iowait  %steal   %idle
           0.94    0.00   29.85    1.66    0.00   67.55

Device            r/s     w/s     rMB/s     wMB/s   rrqm/s   wrqm/s  %rrqm  %wrqm r_await w_await aqu-sz rareq-sz wareq-sz  svctm  %util
nvme1n1       2026.00 20712.00    126.63   1294.50     0.00     0.00   0.00   0.00    0.09    0.08   0.00    64.00    64.00   0.04 100.00
nvme0n1          0.00    0.00      0.00      0.00     0.00     0.00   0.00   0.00    0.00    0.00   0.00     0.00     0.00   0.00   0.00
cas1-1        20889.00 20710.00   1305.56   1294.38     0.00     0.00   0.00   0.00    0.15    0.41   0.84    64.00    64.00   0.02 100.00

avg-cpu:  %user   %nice %system %iowait  %steal   %idle
           0.94    0.00   29.86    2.29    0.00   66.92

Device            r/s     w/s     rMB/s     wMB/s   rrqm/s   wrqm/s  %rrqm  %wrqm r_await w_await aqu-sz rareq-sz wareq-sz  svctm  %util
nvme1n1       1893.00 20737.00    118.31   1296.06     0.00     0.00   0.00   0.00    0.09    0.08   0.00    64.00    64.00   0.04 100.00
nvme0n1          0.00    0.00      0.00      0.00     0.00     0.00   0.00   0.00    0.00    0.00   0.00     0.00     0.00   0.00   0.00
cas1-1        20853.00 20737.00   1303.31   1296.06     0.00     0.00   0.00   0.00    0.15    0.41   0.87    64.00    64.00   0.02 100.00

avg-cpu:  %user   %nice %system %iowait  %steal   %idle
           0.88    0.00   29.79    1.69    0.00   67.64

Device            r/s     w/s     rMB/s     wMB/s   rrqm/s   wrqm/s  %rrqm  %wrqm r_await w_await aqu-sz rareq-sz wareq-sz  svctm  %util
nvme1n1       2040.00 20815.00    127.50   1301.00     0.00     0.00   0.00   0.00    0.09    0.08   0.00    64.00    64.00   0.04 100.00
nvme0n1          0.00    0.00      0.00      0.00     0.00     0.00   0.00   0.00    0.00    0.00   0.00     0.00     0.00   0.00   0.00
cas1-1        21153.00 20817.00   1322.06   1301.06     0.00     0.00   0.00   0.00    0.15    0.40   0.83    64.00    64.00   0.02 100.00

avg-cpu:  %user   %nice %system %iowait  %steal   %idle
           0.88    0.00   30.08    2.01    0.00   67.03

Device            r/s     w/s     rMB/s     wMB/s   rrqm/s   wrqm/s  %rrqm  %wrqm r_await w_await aqu-sz rareq-sz wareq-sz  svctm  %util
nvme1n1       1614.00 20610.00    100.88   1288.06     0.00     0.00   0.00   0.00    0.09    0.08   0.00    64.00    64.00   0.04 100.00
nvme0n1          0.00    0.00      0.00      0.00     0.00     0.00   0.00   0.00    0.00    0.00   0.00     0.00     0.00   0.00   0.00
cas1-1        20644.00 20609.00   1290.25   1288.06     0.00     0.00   0.00   0.00    0.15    0.41   0.88    64.00    64.00   0.02 100.00

avg-cpu:  %user   %nice %system %iowait  %steal   %idle
           0.88    0.00   29.44    1.25    0.00   68.43

Device            r/s     w/s     rMB/s     wMB/s   rrqm/s   wrqm/s  %rrqm  %wrqm r_await w_await aqu-sz rareq-sz wareq-sz  svctm  %util
nvme1n1       1483.00 20954.00     92.69   1309.62     0.00     0.00   0.00   0.00    0.09    0.08   0.00    64.00    64.00   0.04 100.00
nvme0n1          0.00    0.00      0.00      0.00     0.00     0.00   0.00   0.00    0.00    0.00   0.00     0.00     0.00   0.00   0.00
cas1-1        21196.00 20955.00   1324.75   1309.69     0.00     0.00   0.00   0.00    0.14    0.39   0.76    64.00    64.00   0.02 100.00

avg-cpu:  %user   %nice %system %iowait  %steal   %idle
           0.91    0.00   29.64    1.88    0.00   67.57

Device            r/s     w/s     rMB/s     wMB/s   rrqm/s   wrqm/s  %rrqm  %wrqm r_await w_await aqu-sz rareq-sz wareq-sz  svctm  %util
nvme1n1       1689.00 20860.00    105.56   1303.75     0.00     0.00   0.00   0.00    0.09    0.08   0.00    64.00    64.00   0.04 100.00
nvme0n1          0.00    0.00      0.00      0.00     0.00     0.00   0.00   0.00    0.00    0.00   0.00     0.00     0.00   0.00   0.00
cas1-1        20689.00 20860.00   1293.06   1303.75     0.00     0.00   0.00   0.00    0.14    0.40   0.74    64.00    64.00   0.02 100.00

avg-cpu:  %user   %nice %system %iowait  %steal   %idle
           0.88    0.00   29.22    1.85    0.00   68.05

Device            r/s     w/s     rMB/s     wMB/s   rrqm/s   wrqm/s  %rrqm  %wrqm r_await w_await aqu-sz rareq-sz wareq-sz  svctm  %util
nvme1n1       1244.00 20938.00     77.75   1308.62     0.00     0.00   0.00   0.00    0.09    0.08   0.00    64.00    64.00   0.05 100.00
nvme0n1          0.00    0.00      0.00      0.00     0.00     0.00   0.00   0.00    0.00    0.00   0.00     0.00     0.00   0.00   0.00
cas1-1        20874.00 20941.00   1304.62   1308.81     0.00     0.00   0.00   0.00    0.15    0.39   0.78    64.00    64.00   0.02 100.10

avg-cpu:  %user   %nice %system %iowait  %steal   %idle
           0.91    0.00   29.94    2.23    0.00   66.92

Device            r/s     w/s     rMB/s     wMB/s   rrqm/s   wrqm/s  %rrqm  %wrqm r_await w_await aqu-sz rareq-sz wareq-sz  svctm  %util
nvme1n1        981.00 20608.00     61.31   1288.00     0.00     0.00   0.00   0.00    0.09    0.07   0.00    64.00    64.00   0.05 100.10
nvme0n1          0.00    0.00      0.00      0.00     0.00     0.00   0.00   0.00    0.00    0.00   0.00     0.00     0.00   0.00   0.00
cas1-1        20458.00 20608.00   1278.62   1288.00     0.00     0.00   0.00   0.00    0.15    0.40   0.86    64.00    64.00   0.02 100.00

avg-cpu:  %user   %nice %system %iowait  %steal   %idle
           0.91    0.00   30.08    1.82    0.00   67.19

Device            r/s     w/s     rMB/s     wMB/s   rrqm/s   wrqm/s  %rrqm  %wrqm r_await w_await aqu-sz rareq-sz wareq-sz  svctm  %util
nvme1n1       1181.00 20532.00     73.81   1283.25     0.00     0.00   0.00   0.00    0.09    0.08   0.00    64.00    64.00   0.05  99.90
nvme0n1          0.00    0.00      0.00      0.00     0.00     0.00   0.00   0.00    0.00    0.00   0.00     0.00     0.00   0.00   0.00
cas1-1        20416.00 20528.00   1276.00   1283.00     0.00     0.00   0.00   0.00    0.15    0.41   0.87    64.00    64.00   0.02 100.00

avg-cpu:  %user   %nice %system %iowait  %steal   %idle
           0.78    0.00   30.14    1.97    0.00   67.11

Device            r/s     w/s     rMB/s     wMB/s   rrqm/s   wrqm/s  %rrqm  %wrqm r_await w_await aqu-sz rareq-sz wareq-sz  svctm  %util
nvme1n1        997.00 20657.00     62.31   1291.06     0.00     0.00   0.00   0.00    0.09    0.08   0.00    64.00    64.00   0.05 100.00
nvme0n1          0.00    0.00      0.00      0.00     0.00     0.00   0.00   0.00    0.00    0.00   0.00     0.00     0.00   0.00   0.00
cas1-1        20593.00 20658.00   1287.06   1291.12     0.00     0.00   0.00   0.00    0.15    0.40   0.83    64.00    64.00   0.02 100.00

avg-cpu:  %user   %nice %system %iowait  %steal   %idle
           0.88    0.00   30.23    1.72    0.00   67.17

Device            r/s     w/s     rMB/s     wMB/s   rrqm/s   wrqm/s  %rrqm  %wrqm r_await w_await aqu-sz rareq-sz wareq-sz  svctm  %util
nvme1n1        725.00 20536.00     45.31   1283.50     0.00     0.00   0.00   0.00    0.09    0.07   0.00    64.00    64.00   0.05 100.00
nvme0n1          0.00    0.00      0.00      0.00     0.00     0.00   0.00   0.00    0.00    0.00   0.00     0.00     0.00   0.00   0.00
cas1-1        20562.00 20538.00   1285.12   1283.62     0.00     0.00   0.00   0.00    0.15    0.41   0.91    64.00    64.00   0.02 100.00

avg-cpu:  %user   %nice %system %iowait  %steal   %idle
           0.97    0.00   29.65    1.79    0.00   67.60

Device            r/s     w/s     rMB/s     wMB/s   rrqm/s   wrqm/s  %rrqm  %wrqm r_await w_await aqu-sz rareq-sz wareq-sz  svctm  %util
nvme1n1       1513.00 20927.00     94.56   1307.94     0.00     0.00   0.00   0.00    0.09    0.08   0.00    64.00    64.00   0.04 100.00
nvme0n1          0.00    0.00      0.00      0.00     0.00     0.00   0.00   0.00    0.00    0.00   0.00     0.00     0.00   0.00   0.00
cas1-1        20969.00 20923.00   1310.56   1307.69     0.00     0.00   0.00   0.00    0.14    0.39   0.77    64.00    64.00   0.02 100.00

avg-cpu:  %user   %nice %system %iowait  %steal   %idle
           0.85    0.00   30.30    2.10    0.00   66.75

Device            r/s     w/s     rMB/s     wMB/s   rrqm/s   wrqm/s  %rrqm  %wrqm r_await w_await aqu-sz rareq-sz wareq-sz  svctm  %util
nvme1n1       1525.00 20542.00     95.31   1283.88     0.00     0.00   0.00   0.00    0.10    0.08   0.00    64.00    64.00   0.05 100.00
nvme0n1          0.00    0.00      0.00      0.00     0.00     0.00   0.00   0.00    0.00    0.00   0.00     0.00     0.00   0.00   0.00
cas1-1        20550.00 20545.00   1284.38   1284.06     0.00     0.00   0.00   0.00    0.15    0.42   0.91    64.00    64.00   0.02 100.00

avg-cpu:  %user   %nice %system %iowait  %steal   %idle
           0.78    0.00   30.64    2.04    0.00   66.53

Device            r/s     w/s     rMB/s     wMB/s   rrqm/s   wrqm/s  %rrqm  %wrqm r_await w_await aqu-sz rareq-sz wareq-sz  svctm  %util
nvme1n1        853.00 20339.00     53.31   1271.19     0.00     0.00   0.00   0.00    0.09    0.07   0.00    64.00    64.00   0.05 100.10
nvme0n1          0.00    0.00      0.00      0.00     0.00     0.00   0.00   0.00    0.00    0.00   0.00     0.00     0.00   0.00   0.00
cas1-1        20261.00 20344.00   1266.31   1271.50     0.00     0.00   0.00   0.00    0.15    0.42   0.96    64.00    64.00   0.02 100.00

avg-cpu:  %user   %nice %system %iowait  %steal   %idle
           0.91    0.00   30.47    2.23    0.00   66.39

Device            r/s     w/s     rMB/s     wMB/s   rrqm/s   wrqm/s  %rrqm  %wrqm r_await w_await aqu-sz rareq-sz wareq-sz  svctm  %util
nvme1n1        119.00 20235.00      7.44   1264.69     0.00     0.00   0.00   0.00    0.08    0.07   0.00    64.00    64.00   0.05 100.00
nvme0n1          0.00    0.00      0.00      0.00     0.00     0.00   0.00   0.00    0.00    0.00   0.00     0.00     0.00   0.00   0.00
cas1-1        20421.00 20228.00   1276.31   1264.25     0.00     0.00   0.00   0.00    0.15    0.42   0.95    64.00    64.00   0.02 100.00

avg-cpu:  %user   %nice %system %iowait  %steal   %idle
           0.85    0.00   30.13    1.82    0.00   67.20

Device            r/s     w/s     rMB/s     wMB/s   rrqm/s   wrqm/s  %rrqm  %wrqm r_await w_await aqu-sz rareq-sz wareq-sz  svctm  %util
nvme1n1        499.00 20394.00     31.19   1274.62     0.00     0.00   0.00   0.00    0.08    0.07   0.00    64.00    64.00   0.05 100.00
nvme0n1          0.00    0.00      0.00      0.00     0.00     0.00   0.00   0.00    0.00    0.00   0.00     0.00     0.00   0.00   0.00
cas1-1        20508.00 20399.00   1281.75   1274.94     0.00     0.00   0.00   0.00    0.15    0.41   0.92    64.00    64.00   0.02 100.00

avg-cpu:  %user   %nice %system %iowait  %steal   %idle
           0.85    0.00   30.14    1.66    0.00   67.35

Device            r/s     w/s     rMB/s     wMB/s   rrqm/s   wrqm/s  %rrqm  %wrqm r_await w_await aqu-sz rareq-sz wareq-sz  svctm  %util
nvme1n1        316.00 20636.00     19.75   1289.75     0.00     0.00   0.00   0.00    0.09    0.07   0.00    64.00    64.00   0.05 100.00
nvme0n1          0.00    0.00      0.00      0.00     0.00     0.00   0.00   0.00    0.00    0.00   0.00     0.00     0.00   0.00   0.00
cas1-1        20323.00 20633.00   1270.19   1289.56     0.00     0.00   0.00   0.00    0.15    0.40   0.83    64.00    64.00   0.02 100.00

avg-cpu:  %user   %nice %system %iowait  %steal   %idle
           0.88    0.00   30.76    1.75    0.00   66.60

Device            r/s     w/s     rMB/s     wMB/s   rrqm/s   wrqm/s  %rrqm  %wrqm r_await w_await aqu-sz rareq-sz wareq-sz  svctm  %util
nvme1n1       1186.00 20385.00     74.12   1274.06     0.00     0.00   0.00   0.00    0.09    0.08   0.00    64.00    64.00   0.05 100.00
nvme0n1          0.00    0.00      0.00      0.00     0.00     0.00   0.00   0.00    0.00    0.00   0.00     0.00     0.00   0.00   0.00
cas1-1        20266.00 20388.00   1266.62   1274.25     0.00     0.00   0.00   0.00    0.15    0.42   0.86    64.00    64.00   0.02 100.00

avg-cpu:  %user   %nice %system %iowait  %steal   %idle
           0.91    0.00   30.05    1.44    0.00   67.60

Device            r/s     w/s     rMB/s     wMB/s   rrqm/s   wrqm/s  %rrqm  %wrqm r_await w_await aqu-sz rareq-sz wareq-sz  svctm  %util
nvme1n1       1461.00 20564.00     91.31   1285.25     0.00     0.00   0.00   0.00    0.09    0.08   0.00    64.00    64.00   0.05 100.00
nvme0n1          0.00    0.00      0.00      0.00     0.00     0.00   0.00   0.00    0.00    0.00   0.00     0.00     0.00   0.00   0.00
cas1-1        20784.00 20561.00   1299.00   1285.06     0.00     0.00   0.00   0.00    0.15    0.41   0.88    64.00    64.00   0.02 100.00

avg-cpu:  %user   %nice %system %iowait  %steal   %idle
           0.88    0.00   29.40    1.72    0.00   67.99

Device            r/s     w/s     rMB/s     wMB/s   rrqm/s   wrqm/s  %rrqm  %wrqm r_await w_await aqu-sz rareq-sz wareq-sz  svctm  %util
nvme1n1       1729.00 21035.00    108.06   1314.69     0.00     0.00   0.00   0.00    0.09    0.08   0.00    64.00    64.00   0.04 100.00
nvme0n1          0.00    0.00      0.00      0.00     0.00     0.00   0.00   0.00    0.00    0.00   0.00     0.00     0.00   0.00   0.00
cas1-1        20967.00 21035.00   1310.44   1314.69     0.00     0.00   0.00   0.00    0.15    0.39   0.73    64.00    64.00   0.02 100.00

avg-cpu:  %user   %nice %system %iowait  %steal   %idle
           0.85    0.00   29.56    2.01    0.00   67.59

Device            r/s     w/s     rMB/s     wMB/s   rrqm/s   wrqm/s  %rrqm  %wrqm r_await w_await aqu-sz rareq-sz wareq-sz  svctm  %util
nvme1n1       1925.00 20900.00    120.31   1306.25     0.00     0.00   0.00   0.00    0.10    0.08   0.00    64.00    64.00   0.04 100.00
nvme0n1          0.00    0.00      0.00      0.00     0.00     0.00   0.00   0.00    0.00    0.00   0.00     0.00     0.00   0.00   0.00
cas1-1        21057.00 20899.00   1316.06   1306.19     0.00     0.00   0.00   0.00    0.14    0.39   0.75    64.00    64.00   0.02 100.00

avg-cpu:  %user   %nice %system %iowait  %steal   %idle
           0.88    0.00   29.78    2.04    0.00   67.30

Device            r/s     w/s     rMB/s     wMB/s   rrqm/s   wrqm/s  %rrqm  %wrqm r_await w_await aqu-sz rareq-sz wareq-sz  svctm  %util
nvme1n1       1528.00 20861.00     95.50   1303.81     0.00     0.00   0.00   0.00    0.09    0.08   0.00    64.00    64.00   0.04 100.00
nvme0n1          0.00    0.00      0.00      0.00     0.00     0.00   0.00   0.00    0.00    0.00   0.00     0.00     0.00   0.00   0.00
cas1-1        20825.00 20859.00   1301.56   1303.69     0.00     0.00   0.00   0.00    0.15    0.40   0.77    64.00    64.00   0.02 100.00

avg-cpu:  %user   %nice %system %iowait  %steal   %idle
           0.82    0.00   20.24    2.07    0.00   76.87

Device            r/s     w/s     rMB/s     wMB/s   rrqm/s   wrqm/s  %rrqm  %wrqm r_await w_await aqu-sz rareq-sz wareq-sz  svctm  %util
nvme1n1       1040.00 13737.00     64.72    858.56     0.00     0.00   0.00   0.00    0.09    0.08   0.00    63.72    64.00   0.05  67.00
nvme0n1          0.00    0.00      0.00      0.00     0.00     0.00   0.00   0.00    0.00    0.00   0.00     0.00     0.00   0.00   0.00
cas1-1        13499.00 13734.00    840.03    858.38     0.00     0.00   0.00   0.00    0.15    0.42   0.62    63.72    64.00   0.02  67.50

