Linux 5.4.1-050401-lowlatency (kanwu-Super-Server) 	09/10/2020 	_x86_64_	(32 CPU)

avg-cpu:  %user   %nice %system %iowait  %steal   %idle
           0.05    0.00    0.11    0.05    0.00   99.80

Device            r/s     w/s     rMB/s     wMB/s   rrqm/s   wrqm/s  %rrqm  %wrqm r_await w_await aqu-sz rareq-sz wareq-sz  svctm  %util
nvme1n1        553.19  111.37     34.57      6.78     0.00     0.00   0.00   0.00    0.27    0.35   0.00    64.00    62.38   0.03   1.89
nvme0n1        136.62   74.50      8.54      4.65     0.00     0.00   0.00   0.00    0.22    0.07   0.00    63.99    63.97   0.05   1.13
cas1-1          13.40   13.41      0.84      0.84     0.00     0.00   0.00   0.00    0.35    0.07   0.00    64.00    64.00   0.01   0.04

avg-cpu:  %user   %nice %system %iowait  %steal   %idle
           0.16    0.00    0.78    1.56    0.00   97.50

Device            r/s     w/s     rMB/s     wMB/s   rrqm/s   wrqm/s  %rrqm  %wrqm r_await w_await aqu-sz rareq-sz wareq-sz  svctm  %util
nvme1n1         35.00 1173.00      1.07    138.76     0.00     0.00   0.00   0.00    0.03    0.63   0.14    31.44   121.13   0.08  10.00
nvme0n1         44.00    0.00      1.04      0.00     0.00     0.00   0.00   0.00    0.14    0.00   0.00    24.18     0.00   0.43   1.90
cas1-1        18446744073708554240.00 18446744073708554240.00 9007199254678516.00 9007199254678467.00     0.00     0.00   0.00   0.00    0.00    0.00 4294963.56     0.50     0.50   0.00 429494055.20

avg-cpu:  %user   %nice %system %iowait  %steal   %idle
           0.41    0.00    0.12    0.44    0.00   99.03

Device            r/s     w/s     rMB/s     wMB/s   rrqm/s   wrqm/s  %rrqm  %wrqm r_await w_await aqu-sz rareq-sz wareq-sz  svctm  %util
nvme1n1          0.00    0.00      0.00      0.00     0.00     0.00   0.00   0.00    0.00    0.00   0.00     0.00     0.00   0.00   0.00
nvme0n1          0.00    0.00      0.00      0.00     0.00     0.00   0.00   0.00    0.00    0.00   0.00     0.00     0.00   0.00   0.00
cas1-1           0.00    0.00      0.00      0.00     0.00     0.00   0.00   0.00    0.00    0.00   0.00     0.00     0.00   0.00   0.00

avg-cpu:  %user   %nice %system %iowait  %steal   %idle
           0.38    0.00    2.58    3.40    0.00   93.63

Device            r/s     w/s     rMB/s     wMB/s   rrqm/s   wrqm/s  %rrqm  %wrqm r_await w_await aqu-sz rareq-sz wareq-sz  svctm  %util
nvme1n1       1026.00 11181.00     64.12    501.64     0.00     0.00   0.00   0.00    0.41    0.30   0.00    64.00    45.94   0.03  35.60
nvme0n1       3420.00    0.00    213.75      0.00     0.00     0.00   0.00   0.00    0.19    0.00   0.20    64.00     0.00   0.10  35.50
cas1-1        4450.00 4398.00    278.12    274.88     0.00     0.00   0.00   0.00    0.41    0.85   1.80    64.00    64.00   0.04  35.80

avg-cpu:  %user   %nice %system %iowait  %steal   %idle
           0.92    0.00    6.61    4.33    0.00   88.14

Device            r/s     w/s     rMB/s     wMB/s   rrqm/s   wrqm/s  %rrqm  %wrqm r_await w_await aqu-sz rareq-sz wareq-sz  svctm  %util
nvme1n1       10475.00 22352.00    654.69   1163.74     0.00     0.00   0.00   0.00    0.48    0.49   0.00    64.00    53.31   0.03 100.00
nvme0n1       3960.00    0.00    247.50      0.00     0.00     0.00   0.00   0.00    0.12    0.00   0.00    64.00     0.00   0.24  97.00
cas1-1        14433.00 14414.00    902.06    900.87     0.00     0.00   0.00   0.00    0.39    0.66   2.29    64.00    64.00   0.03 100.00

avg-cpu:  %user   %nice %system %iowait  %steal   %idle
           0.82    0.00    6.13    3.92    0.00   89.12

Device            r/s     w/s     rMB/s     wMB/s   rrqm/s   wrqm/s  %rrqm  %wrqm r_await w_await aqu-sz rareq-sz wareq-sz  svctm  %util
nvme1n1       14887.00 17042.00    930.50   1023.64     0.00     0.00   0.00   0.00    0.46    0.47   0.00    64.00    61.51   0.03 100.00
nvme0n1       1331.00    0.00     83.19      0.00     0.00     0.00   0.00   0.00    0.11    0.00   0.00    64.00     0.00   0.57  76.40
cas1-1        16223.00 16095.00   1013.94   1005.94     0.00     0.00   0.00   0.00    0.44    0.51   0.20    64.00    64.00   0.03 100.00

avg-cpu:  %user   %nice %system %iowait  %steal   %idle
           0.91    0.00    5.99    3.97    0.00   89.12

Device            r/s     w/s     rMB/s     wMB/s   rrqm/s   wrqm/s  %rrqm  %wrqm r_await w_await aqu-sz rareq-sz wareq-sz  svctm  %util
nvme1n1       15054.00 16423.00    940.81   1019.29     0.00     0.00   0.00   0.00    0.46    0.47   0.00    64.00    63.55   0.03 100.00
nvme0n1       1205.00    0.00     75.31      0.00     0.00     0.00   0.00   0.00    0.10    0.00   0.00    64.00     0.00   0.61  73.50
cas1-1        16258.00 16299.00   1016.13   1018.69     0.00     0.00   0.00   0.00    0.44    0.50   0.04    64.00    64.00   0.03 100.00

avg-cpu:  %user   %nice %system %iowait  %steal   %idle
           0.95    0.00    5.78    3.82    0.00   89.45

Device            r/s     w/s     rMB/s     wMB/s   rrqm/s   wrqm/s  %rrqm  %wrqm r_await w_await aqu-sz rareq-sz wareq-sz  svctm  %util
nvme1n1       15256.00 16408.00    953.50   1024.68     0.00     0.00   0.00   0.00    0.46    0.48   0.00    64.00    63.95   0.03 100.00
nvme0n1        871.00    0.00     54.44      0.00     0.00     0.00   0.00   0.00    0.11    0.00   0.00    64.00     0.00   0.69  60.30
cas1-1        16126.00 16016.00   1007.88   1001.00     0.00     0.00   0.00   0.00    0.45    0.50   0.01    64.00    64.00   0.03 100.00

avg-cpu:  %user   %nice %system %iowait  %steal   %idle
           0.88    0.00    5.78    4.32    0.00   89.02

Device            r/s     w/s     rMB/s     wMB/s   rrqm/s   wrqm/s  %rrqm  %wrqm r_await w_await aqu-sz rareq-sz wareq-sz  svctm  %util
nvme1n1       15455.00 16140.00    965.94   1008.63     0.00     0.00   0.00   0.00    0.47    0.48   0.00    64.00    63.99   0.03 100.10
nvme0n1        539.00    0.00     33.69      0.00     0.00     0.00   0.00   0.00    0.10    0.00   0.00    64.00     0.00   0.79  42.70
cas1-1        15996.00 16139.00    999.75   1008.69     0.00     0.00   0.00   0.00    0.47    0.50   0.00    64.00    64.00   0.03 100.00

avg-cpu:  %user   %nice %system %iowait  %steal   %idle
           0.91    0.00    6.05    3.88    0.00   89.16

Device            r/s     w/s     rMB/s     wMB/s   rrqm/s   wrqm/s  %rrqm  %wrqm r_await w_await aqu-sz rareq-sz wareq-sz  svctm  %util
nvme1n1       15239.00 16289.00    952.44   1018.06     0.00     0.00   0.00   0.00    0.46    0.47   0.00    64.00    64.00   0.03 100.00
nvme0n1       1093.00    0.00     68.31      0.00     0.00     0.00   0.00   0.00    0.10    0.00   0.00    64.00     0.00   0.63  68.60
cas1-1        16329.00 16289.00   1020.56   1018.06     0.00     0.00   0.00   0.00    0.45    0.50   0.00    64.00    64.00   0.03 100.00

avg-cpu:  %user   %nice %system %iowait  %steal   %idle
           0.85    0.00    5.99    2.18    0.00   90.98

Device            r/s     w/s     rMB/s     wMB/s   rrqm/s   wrqm/s  %rrqm  %wrqm r_await w_await aqu-sz rareq-sz wareq-sz  svctm  %util
nvme1n1       15323.00 16240.00    957.69   1015.00     0.00     0.00   0.00   0.00    0.46    0.48   0.00    64.00    64.00   0.03 100.00
nvme0n1        816.00    0.00     51.00      0.00     0.00     0.00   0.00   0.00    0.10    0.00   0.00    64.00     0.00   0.68  55.40
cas1-1        16138.00 16242.00   1008.62   1015.12     0.00     0.00   0.00   0.00    0.46    0.50   0.00    64.00    64.00   0.03 100.00

avg-cpu:  %user   %nice %system %iowait  %steal   %idle
           0.88    0.00    5.78    1.11    0.00   92.23

Device            r/s     w/s     rMB/s     wMB/s   rrqm/s   wrqm/s  %rrqm  %wrqm r_await w_await aqu-sz rareq-sz wareq-sz  svctm  %util
nvme1n1       15397.00 16035.00    962.31   1002.19     0.00     0.00   0.00   0.00    0.46    0.48   0.00    64.00    64.00   0.03 100.00
nvme0n1        554.00    0.00     34.62      0.00     0.00     0.00   0.00   0.00    0.10    0.00   0.00    64.00     0.00   0.79  43.70
cas1-1        15949.00 16034.00    996.81   1002.12     0.00     0.00   0.00   0.00    0.46    0.50   0.00    64.00    64.00   0.03 100.00

avg-cpu:  %user   %nice %system %iowait  %steal   %idle
           0.92    0.00    5.90    2.02    0.00   91.16

Device            r/s     w/s     rMB/s     wMB/s   rrqm/s   wrqm/s  %rrqm  %wrqm r_await w_await aqu-sz rareq-sz wareq-sz  svctm  %util
nvme1n1       15677.00 15954.00    979.81    997.12     0.00     0.00   0.00   0.00    0.46    0.47   0.00    64.00    64.00   0.03 100.20
nvme0n1        354.00    0.00     22.12      0.00     0.00     0.00   0.00   0.00    0.11    0.00   0.00    64.00     0.00   0.91  32.30
cas1-1        16032.00 15862.00   1002.00    991.38     0.00     0.00   0.00   0.00    0.46    0.50   0.00    64.00    64.00   0.03 100.00

avg-cpu:  %user   %nice %system %iowait  %steal   %idle
           0.91    0.00    5.93    2.08    0.00   91.08

Device            r/s     w/s     rMB/s     wMB/s   rrqm/s   wrqm/s  %rrqm  %wrqm r_await w_await aqu-sz rareq-sz wareq-sz  svctm  %util
nvme1n1       15684.00 15871.00    980.25    991.94     0.00     0.00   0.00   0.00    0.47    0.48   0.00    64.00    64.00   0.03 100.00
nvme0n1        165.00    0.00     10.31      0.00     0.00     0.00   0.00   0.00    0.11    0.00   0.00    64.00     0.00   0.98  16.20
cas1-1        15850.00 15818.00    990.62    988.62     0.00     0.00   0.00   0.00    0.48    0.50   0.00    64.00    64.00   0.03 100.20

avg-cpu:  %user   %nice %system %iowait  %steal   %idle
           0.95    0.00    5.68    1.83    0.00   91.54

Device            r/s     w/s     rMB/s     wMB/s   rrqm/s   wrqm/s  %rrqm  %wrqm r_await w_await aqu-sz rareq-sz wareq-sz  svctm  %util
nvme1n1       15676.00 15850.00    979.75    990.62     0.00     0.00   0.00   0.00    0.47    0.49   0.00    64.00    64.00   0.03 100.00
nvme0n1        173.00    0.00     10.81      0.00     0.00     0.00   0.00   0.00    0.12    0.00   0.00    64.00     0.00   0.92  16.00
cas1-1        15851.00 15826.00    990.69    989.12     0.00     0.00   0.00   0.00    0.48    0.51   0.00    64.00    64.00   0.03 100.00

avg-cpu:  %user   %nice %system %iowait  %steal   %idle
           0.85    0.00    5.99    1.86    0.00   91.29

Device            r/s     w/s     rMB/s     wMB/s   rrqm/s   wrqm/s  %rrqm  %wrqm r_await w_await aqu-sz rareq-sz wareq-sz  svctm  %util
nvme1n1       15456.00 16147.00    966.00   1009.19     0.00     0.00   0.00   0.00    0.46    0.48   0.00    64.00    64.00   0.03 100.00
nvme0n1        567.00    0.00     35.44      0.00     0.00     0.00   0.00   0.00    0.10    0.00   0.00    64.00     0.00   0.80  45.40
cas1-1        16025.00 16146.00   1001.56   1009.12     0.00     0.00   0.00   0.00    0.46    0.50   0.00    64.00    64.00   0.03 100.00

avg-cpu:  %user   %nice %system %iowait  %steal   %idle
           0.88    0.00    5.84    1.55    0.00   91.72

Device            r/s     w/s     rMB/s     wMB/s   rrqm/s   wrqm/s  %rrqm  %wrqm r_await w_await aqu-sz rareq-sz wareq-sz  svctm  %util
nvme1n1       15167.00 16360.00    947.94   1022.50     0.00     0.00   0.00   0.00    0.46    0.47   0.00    64.00    64.00   0.03 100.00
nvme0n1       1146.00    0.00     71.62      0.00     0.00     0.00   0.00   0.00    0.10    0.00   0.00    64.00     0.00   0.61  70.40
cas1-1        16312.00 16361.00   1019.50   1022.56     0.00     0.00   0.00   0.00    0.45    0.50   0.00    64.00    64.00   0.03 100.00

avg-cpu:  %user   %nice %system %iowait  %steal   %idle
           0.79    0.00    5.94    2.34    0.00   90.94

Device            r/s     w/s     rMB/s     wMB/s   rrqm/s   wrqm/s  %rrqm  %wrqm r_await w_await aqu-sz rareq-sz wareq-sz  svctm  %util
nvme1n1       14905.00 16499.00    931.56   1031.19     0.00     0.00   0.00   0.00    0.46    0.47   0.00    64.00    64.00   0.03 100.00
nvme0n1       1533.00    0.00     95.81      0.00     0.00     0.00   0.00   0.00    0.10    0.00   0.00    64.00     0.00   0.53  81.00
cas1-1        16436.00 16497.00   1027.25   1031.06     0.00     0.00   0.00   0.00    0.44    0.49   0.00    64.00    64.00   0.03 100.00

avg-cpu:  %user   %nice %system %iowait  %steal   %idle
           0.88    0.00    6.00    1.92    0.00   91.20

Device            r/s     w/s     rMB/s     wMB/s   rrqm/s   wrqm/s  %rrqm  %wrqm r_await w_await aqu-sz rareq-sz wareq-sz  svctm  %util
nvme1n1       14934.00 16486.00    933.38   1030.38     0.00     0.00   0.00   0.00    0.46    0.48   0.00    64.00    64.00   0.03 100.00
nvme0n1       1613.00    0.00    100.81      0.00     0.00     0.00   0.00   0.00    0.10    0.00   0.00    64.00     0.00   0.51  82.10
cas1-1        16549.00 16489.00   1034.31   1030.56     0.00     0.00   0.00   0.00    0.44    0.50   0.00    64.00    64.00   0.03 100.00

avg-cpu:  %user   %nice %system %iowait  %steal   %idle
           1.45    0.00    6.06    1.67    0.00   90.82

Device            r/s     w/s     rMB/s     wMB/s   rrqm/s   wrqm/s  %rrqm  %wrqm r_await w_await aqu-sz rareq-sz wareq-sz  svctm  %util
nvme1n1       14984.00 16369.00    936.50   1023.06     0.00     0.00   0.00   0.00    0.46    0.48   0.00    64.00    64.00   0.03 100.00
nvme0n1       1515.00    0.00     94.69      0.00     0.00     0.00   0.00   0.00    0.10    0.00   0.00    64.00     0.00   0.53  80.20
cas1-1        16497.00 16368.00   1031.06   1023.00     0.00     0.00   0.00   0.00    0.44    0.50   0.00    64.00    64.00   0.03 100.00

avg-cpu:  %user   %nice %system %iowait  %steal   %idle
           0.85    0.00    6.02    2.40    0.00   90.73

Device            r/s     w/s     rMB/s     wMB/s   rrqm/s   wrqm/s  %rrqm  %wrqm r_await w_await aqu-sz rareq-sz wareq-sz  svctm  %util
nvme1n1       14747.00 16647.00    921.69   1040.44     0.00     0.00   0.00   0.00    0.46    0.48   0.00    64.00    64.00   0.03 100.00
nvme0n1       1693.00    0.00    105.81      0.00     0.00     0.00   0.00   0.00    0.10    0.00   0.00    64.00     0.00   0.49  83.20
cas1-1        16441.00 16644.00   1027.56   1040.25     0.00     0.00   0.00   0.00    0.43    0.50   0.00    64.00    64.00   0.03 100.00

avg-cpu:  %user   %nice %system %iowait  %steal   %idle
           0.85    0.00    5.93    1.99    0.00   91.22

Device            r/s     w/s     rMB/s     wMB/s   rrqm/s   wrqm/s  %rrqm  %wrqm r_await w_await aqu-sz rareq-sz wareq-sz  svctm  %util
nvme1n1       14666.00 16558.00    916.62   1034.88     0.00     0.00   0.00   0.00    0.47    0.48   0.00    64.00    64.00   0.03 100.00
nvme0n1       1747.00    0.00    109.19      0.00     0.00     0.00   0.00   0.00    0.10    0.00   0.00    64.00     0.00   0.49  84.90
cas1-1        16410.00 16563.00   1025.62   1035.19     0.00     0.00   0.00   0.00    0.44    0.50   0.00    64.00    64.00   0.03 100.10

avg-cpu:  %user   %nice %system %iowait  %steal   %idle
           0.82    0.00    5.99    1.17    0.00   92.02

Device            r/s     w/s     rMB/s     wMB/s   rrqm/s   wrqm/s  %rrqm  %wrqm r_await w_await aqu-sz rareq-sz wareq-sz  svctm  %util
nvme1n1       14815.00 16510.00    925.94   1031.88     0.00     0.00   0.00   0.00    0.46    0.48   0.00    64.00    64.00   0.03 100.00
nvme0n1       1711.00    0.00    106.94      0.00     0.00     0.00   0.00   0.00    0.10    0.00   0.00    64.00     0.00   0.50  85.00
cas1-1        16530.00 16509.00   1033.12   1031.81     0.00     0.00   0.00   0.00    0.43    0.50   0.00    64.00    64.00   0.03 100.00

avg-cpu:  %user   %nice %system %iowait  %steal   %idle
           0.98    0.00    5.84    2.15    0.00   91.04

Device            r/s     w/s     rMB/s     wMB/s   rrqm/s   wrqm/s  %rrqm  %wrqm r_await w_await aqu-sz rareq-sz wareq-sz  svctm  %util
nvme1n1       14893.00 16578.00    930.81   1036.12     0.00     0.00   0.00   0.00    0.46    0.48   0.00    64.00    64.00   0.03 100.00
nvme0n1       1864.00    0.00    116.50      0.00     0.00     0.00   0.00   0.00    0.10    0.00   0.00    64.00     0.00   0.46  86.30
cas1-1        16755.00 16575.00   1047.19   1035.94     0.00     0.00   0.00   0.00    0.43    0.50   0.00    64.00    64.00   0.03  99.90

avg-cpu:  %user   %nice %system %iowait  %steal   %idle
           0.88    0.00    6.18    2.02    0.00   90.92

Device            r/s     w/s     rMB/s     wMB/s   rrqm/s   wrqm/s  %rrqm  %wrqm r_await w_await aqu-sz rareq-sz wareq-sz  svctm  %util
nvme1n1       14536.00 16789.00    908.50   1049.31     0.00     0.00   0.00   0.00    0.45    0.47   0.00    64.00    64.00   0.03 100.00
nvme0n1       2075.00    0.00    129.69      0.00     0.00     0.00   0.00   0.00    0.10    0.00   0.00    64.00     0.00   0.43  89.40
cas1-1        16610.00 16790.00   1038.12   1049.38     0.00     0.00   0.00   0.00    0.42    0.49   0.00    64.00    64.00   0.03 100.10

avg-cpu:  %user   %nice %system %iowait  %steal   %idle
           0.92    0.00    5.96    1.92    0.00   91.20

Device            r/s     w/s     rMB/s     wMB/s   rrqm/s   wrqm/s  %rrqm  %wrqm r_await w_await aqu-sz rareq-sz wareq-sz  svctm  %util
nvme1n1       14283.00 17057.00    892.69   1066.06     0.00     0.00   0.00   0.00    0.46    0.47   0.00    64.00    64.00   0.03 100.00
nvme0n1       2799.00    0.00    174.94      0.00     0.00     0.00   0.00   0.00    0.10    0.00   0.00    64.00     0.00   0.34  95.20
cas1-1        17085.00 17059.00   1067.81   1066.19     0.00     0.00   0.00   0.00    0.41    0.49   0.00    64.00    64.00   0.03 100.00

avg-cpu:  %user   %nice %system %iowait  %steal   %idle
           0.82    0.00    6.12    2.37    0.00   90.69

Device            r/s     w/s     rMB/s     wMB/s   rrqm/s   wrqm/s  %rrqm  %wrqm r_await w_await aqu-sz rareq-sz wareq-sz  svctm  %util
nvme1n1       14059.00 17185.00    878.69   1074.06     0.00     0.00   0.00   0.00    0.46    0.47   0.00    64.00    64.00   0.03 100.00
nvme0n1       2954.00    0.00    184.62      0.00     0.00     0.00   0.00   0.00    0.10    0.00   0.00    64.00     0.00   0.32  94.50
cas1-1        17015.00 17181.00   1063.44   1073.81     0.00     0.00   0.00   0.00    0.41    0.49   0.00    64.00    64.00   0.03 100.00

avg-cpu:  %user   %nice %system %iowait  %steal   %idle
           0.82    0.00    6.12    1.80    0.00   91.26

Device            r/s     w/s     rMB/s     wMB/s   rrqm/s   wrqm/s  %rrqm  %wrqm r_await w_await aqu-sz rareq-sz wareq-sz  svctm  %util
nvme1n1       13950.00 17267.00    871.88   1079.19     0.00     0.00   0.00   0.00    0.44    0.46   0.00    64.00    64.00   0.03 100.50
nvme0n1       3153.00    0.00    197.06      0.00     0.00     0.00   0.00   0.00    0.10    0.00   0.00    64.00     0.00   0.31  96.60
cas1-1        17100.00 17270.00   1068.75   1079.38     0.00     0.00   0.00   0.00    0.39    0.48   0.00    64.00    64.00   0.03 100.00

avg-cpu:  %user   %nice %system %iowait  %steal   %idle
           0.82    0.00    6.27    2.11    0.00   90.79

Device            r/s     w/s     rMB/s     wMB/s   rrqm/s   wrqm/s  %rrqm  %wrqm r_await w_await aqu-sz rareq-sz wareq-sz  svctm  %util
nvme1n1       13829.00 17322.00    864.31   1082.62     0.00     0.00   0.00   0.00    0.45    0.47   0.00    64.00    64.00   0.03 100.00
nvme0n1       3544.00    0.00    221.50      0.00     0.00     0.00   0.00   0.00    0.11    0.00   0.00    64.00     0.00   0.27  97.30
cas1-1        17375.00 17323.00   1085.94   1082.69     0.00     0.00   0.00   0.00    0.39    0.49   0.00    64.00    64.00   0.03 100.00

avg-cpu:  %user   %nice %system %iowait  %steal   %idle
           0.91    0.00    6.20    2.11    0.00   90.77

Device            r/s     w/s     rMB/s     wMB/s   rrqm/s   wrqm/s  %rrqm  %wrqm r_await w_await aqu-sz rareq-sz wareq-sz  svctm  %util
nvme1n1       13840.00 17325.00    865.00   1082.81     0.00     0.00   0.00   0.00    0.45    0.47   0.00    64.00    64.00   0.03 100.00
nvme0n1       3423.00    0.00    213.94      0.00     0.00     0.00   0.00   0.00    0.11    0.00   0.00    64.00     0.00   0.28  97.50
cas1-1        17259.00 17325.00   1078.69   1082.81     0.00     0.00   0.00   0.00    0.40    0.49   0.00    64.00    64.00   0.03 100.00

avg-cpu:  %user   %nice %system %iowait  %steal   %idle
           0.82    0.00    6.24    1.45    0.00   91.49

Device            r/s     w/s     rMB/s     wMB/s   rrqm/s   wrqm/s  %rrqm  %wrqm r_await w_await aqu-sz rareq-sz wareq-sz  svctm  %util
nvme1n1       13753.00 17328.00    859.56   1083.00     0.00     0.00   0.00   0.00    0.44    0.46   0.00    64.00    64.00   0.03 100.00
nvme0n1       3689.00    0.00    230.56      0.00     0.00     0.00   0.00   0.00    0.11    0.00   0.00    64.00     0.00   0.27  97.80
cas1-1        17443.00 17326.00   1090.19   1082.88     0.00     0.00   0.00   0.00    0.38    0.48   0.00    64.00    64.00   0.03 100.20

avg-cpu:  %user   %nice %system %iowait  %steal   %idle
           0.91    0.00    6.15    1.92    0.00   91.01

Device            r/s     w/s     rMB/s     wMB/s   rrqm/s   wrqm/s  %rrqm  %wrqm r_await w_await aqu-sz rareq-sz wareq-sz  svctm  %util
nvme1n1       13482.00 17584.00    842.62   1099.00     0.00     0.00   0.00   0.00    0.44    0.46   0.00    64.00    64.00   0.03 100.00
nvme0n1       4012.00    0.00    250.75      0.00     0.00     0.00   0.00   0.00    0.11    0.00   0.00    64.00     0.00   0.25  98.70
cas1-1        17496.00 17583.00   1093.50   1098.94     0.00     0.00   0.00   0.00    0.38    0.48   0.00    64.00    64.00   0.03 100.00

avg-cpu:  %user   %nice %system %iowait  %steal   %idle
           0.88    0.00    6.19    2.02    0.00   90.91

Device            r/s     w/s     rMB/s     wMB/s   rrqm/s   wrqm/s  %rrqm  %wrqm r_await w_await aqu-sz rareq-sz wareq-sz  svctm  %util
nvme1n1       13691.00 17473.00    855.69   1092.12     0.00     0.00   0.00   0.00    0.44    0.46   0.00    64.00    64.00   0.03 100.00
nvme0n1       4309.00    0.00    269.31      0.00     0.00     0.00   0.00   0.00    0.11    0.00   0.00    64.00     0.00   0.23  98.60
cas1-1        17998.00 17475.00   1124.88   1092.19     0.00     0.00   0.00   0.00    0.37    0.48   0.00    64.00    64.00   0.03 100.00

avg-cpu:  %user   %nice %system %iowait  %steal   %idle
           0.82    0.00    6.06    1.26    0.00   91.86

Device            r/s     w/s     rMB/s     wMB/s   rrqm/s   wrqm/s  %rrqm  %wrqm r_await w_await aqu-sz rareq-sz wareq-sz  svctm  %util
nvme1n1       13230.00 17787.00    826.88   1111.62     0.00     0.00   0.00   0.00    0.46    0.47   0.00    64.00    64.00   0.03 100.00
nvme0n1       4405.00    0.00    275.31      0.00     0.00     0.00   0.00   0.00    0.11    0.00   0.00    64.00     0.00   0.23  99.30
cas1-1        17633.00 17786.00   1102.06   1111.62     0.00     0.00   0.00   0.00    0.38    0.49   0.00    64.00    64.00   0.03 100.00

avg-cpu:  %user   %nice %system %iowait  %steal   %idle
           0.95    0.00    6.31    1.51    0.00   91.23

Device            r/s     w/s     rMB/s     wMB/s   rrqm/s   wrqm/s  %rrqm  %wrqm r_await w_await aqu-sz rareq-sz wareq-sz  svctm  %util
nvme1n1       13055.00 17929.00    815.94   1120.56     0.00     0.00   0.00   0.00    0.44    0.46   0.00    64.00    64.00   0.03 100.00
nvme0n1       4684.00    0.00    292.75      0.00     0.00     0.00   0.00   0.00    0.11    0.00   0.00    64.00     0.00   0.21  99.70
cas1-1        17741.00 17931.00   1108.81   1120.69     0.00     0.00   0.00   0.00    0.37    0.48   0.00    64.00    64.00   0.03 100.00

avg-cpu:  %user   %nice %system %iowait  %steal   %idle
           0.91    0.00    6.30    1.83    0.00   90.96

Device            r/s     w/s     rMB/s     wMB/s   rrqm/s   wrqm/s  %rrqm  %wrqm r_await w_await aqu-sz rareq-sz wareq-sz  svctm  %util
nvme1n1       13296.00 17712.00    831.00   1107.00     0.00     0.00   0.00   0.00    0.44    0.46   0.00    64.00    64.00   0.03 100.00
nvme0n1       4758.00    0.00    297.38      0.00     0.00     0.00   0.00   0.00    0.11    0.00   0.00    64.00     0.00   0.21  99.60
cas1-1        18053.00 17711.00   1128.31   1106.94     0.00     0.00   0.00   0.00    0.36    0.48   0.00    64.00    64.00   0.03 100.00

avg-cpu:  %user   %nice %system %iowait  %steal   %idle
           0.79    0.00    6.13    2.15    0.00   90.94

Device            r/s     w/s     rMB/s     wMB/s   rrqm/s   wrqm/s  %rrqm  %wrqm r_await w_await aqu-sz rareq-sz wareq-sz  svctm  %util
nvme1n1       12653.00 18245.00    790.81   1140.31     0.00     0.00   0.00   0.00    0.45    0.46   0.00    64.00    64.00   0.03 100.00
nvme0n1       5140.00    0.00    321.25      0.00     0.00     0.00   0.00   0.00    0.11    0.00   0.00    64.00     0.00   0.19  99.80
cas1-1        17802.00 18242.00   1112.62   1140.12     0.00     0.00   0.00   0.00    0.36    0.48   0.00    64.00    64.00   0.03 100.00

avg-cpu:  %user   %nice %system %iowait  %steal   %idle
           0.91    0.00    6.09    1.45    0.00   91.55

Device            r/s     w/s     rMB/s     wMB/s   rrqm/s   wrqm/s  %rrqm  %wrqm r_await w_await aqu-sz rareq-sz wareq-sz  svctm  %util
nvme1n1       12920.00 18045.00    807.50   1127.81     0.00     0.00   0.00   0.00    0.45    0.47   0.00    64.00    64.00   0.03 100.00
nvme0n1       4870.00    0.00    304.38      0.00     0.00     0.00   0.00   0.00    0.11    0.00   0.00    64.00     0.00   0.20  98.80
cas1-1        17780.00 18049.00   1111.25   1128.06     0.00     0.00   0.00   0.00    0.37    0.49   0.00    64.00    64.00   0.03 100.00

avg-cpu:  %user   %nice %system %iowait  %steal   %idle
           0.82    0.00    6.28    1.70    0.00   91.20

Device            r/s     w/s     rMB/s     wMB/s   rrqm/s   wrqm/s  %rrqm  %wrqm r_await w_await aqu-sz rareq-sz wareq-sz  svctm  %util
nvme1n1       12845.00 18016.00    802.81   1126.00     0.00     0.00   0.00   0.00    0.45    0.46   0.00    64.00    64.00   0.03 100.20
nvme0n1       5145.00    0.00    321.56      0.00     0.00     0.00   0.00   0.00    0.11    0.00   0.00    64.00     0.00   0.19  99.80
cas1-1        17989.00 18014.00   1124.31   1125.88     0.00     0.00   0.00   0.00    0.36    0.49   0.00    64.00    64.00   0.03 100.00

avg-cpu:  %user   %nice %system %iowait  %steal   %idle
           0.79    0.00    6.34    1.83    0.00   91.04

Device            r/s     w/s     rMB/s     wMB/s   rrqm/s   wrqm/s  %rrqm  %wrqm r_await w_await aqu-sz rareq-sz wareq-sz  svctm  %util
nvme1n1       12224.00 18555.00    764.00   1159.69     0.00     0.00   0.00   0.00    0.45    0.46   0.00    64.00    64.00   0.03 100.00
nvme0n1       6039.00    0.00    377.44      0.00     0.00     0.00   0.00   0.00    0.11    0.00   0.00    64.00     0.00   0.17  99.90
cas1-1        18263.00 18559.00   1141.44   1159.94     0.00     0.00   0.00   0.00    0.35    0.48   0.00    64.00    64.00   0.03 100.00

avg-cpu:  %user   %nice %system %iowait  %steal   %idle
           0.95    0.00    6.25    1.29    0.00   91.51

Device            r/s     w/s     rMB/s     wMB/s   rrqm/s   wrqm/s  %rrqm  %wrqm r_await w_await aqu-sz rareq-sz wareq-sz  svctm  %util
nvme1n1       11887.00 18747.00    742.94   1171.69     0.00     0.00   0.00   0.00    0.43    0.45   0.00    64.00    64.00   0.03 100.00
nvme0n1       6590.00    0.00    411.88      0.00     0.00     0.00   0.00   0.00    0.11    0.00   0.00    64.00     0.00   0.15  99.80
cas1-1        18483.00 18744.00   1155.19   1171.50     0.00     0.00   0.00   0.00    0.33    0.47   0.00    64.00    64.00   0.03 100.00

avg-cpu:  %user   %nice %system %iowait  %steal   %idle
           0.82    0.00    6.34    2.34    0.00   90.50

Device            r/s     w/s     rMB/s     wMB/s   rrqm/s   wrqm/s  %rrqm  %wrqm r_await w_await aqu-sz rareq-sz wareq-sz  svctm  %util
nvme1n1       11779.00 18850.00    736.19   1178.12     0.00     0.00   0.00   0.00    0.44    0.46   0.00    64.00    64.00   0.03 100.00
nvme0n1       7157.00    0.00    447.31      0.00     0.00     0.00   0.00   0.00    0.11    0.00   0.00    64.00     0.00   0.14 100.00
cas1-1        18935.00 18854.00   1183.44   1178.38     0.00     0.00   0.00   0.00    0.33    0.48   0.00    64.00    64.00   0.03 100.10

avg-cpu:  %user   %nice %system %iowait  %steal   %idle
           0.82    0.00    6.43    1.92    0.00   90.83

Device            r/s     w/s     rMB/s     wMB/s   rrqm/s   wrqm/s  %rrqm  %wrqm r_await w_await aqu-sz rareq-sz wareq-sz  svctm  %util
nvme1n1       11743.00 18944.00    733.94   1184.00     0.00     0.00   0.00   0.00    0.44    0.46   0.00    64.00    64.00   0.03 100.20
nvme0n1       7425.00    0.00    464.06      0.00     0.00     0.00   0.00   0.00    0.11    0.00   0.00    64.00     0.00   0.13 100.00
cas1-1        19170.00 18937.00   1198.12   1183.56     0.00     0.00   0.00   0.00    0.33    0.48   0.00    64.00    64.00   0.03  99.90

avg-cpu:  %user   %nice %system %iowait  %steal   %idle
           0.85    0.00    6.32    1.48    0.00   91.35

Device            r/s     w/s     rMB/s     wMB/s   rrqm/s   wrqm/s  %rrqm  %wrqm r_await w_await aqu-sz rareq-sz wareq-sz  svctm  %util
nvme1n1       11481.00 19157.00    717.56   1197.31     0.00     0.00   0.00   0.00    0.44    0.46   0.00    64.00    64.00   0.03 100.00
nvme0n1       7247.00    0.00    452.94      0.00     0.00     0.00   0.00   0.00    0.11    0.00   0.00    64.00     0.00   0.14 100.00
cas1-1        18726.00 19162.00   1170.38   1197.62     0.00     0.00   0.00   0.00    0.32    0.48   0.00    64.00    64.00   0.03 100.10

avg-cpu:  %user   %nice %system %iowait  %steal   %idle
           0.79    0.00    6.56    1.89    0.00   90.76

Device            r/s     w/s     rMB/s     wMB/s   rrqm/s   wrqm/s  %rrqm  %wrqm r_await w_await aqu-sz rareq-sz wareq-sz  svctm  %util
nvme1n1       11170.00 19201.00    698.12   1200.06     0.00     0.00   0.00   0.00    0.43    0.44   0.00    64.00    64.00   0.03 100.00
nvme0n1       8203.00    0.00    512.69      0.00     0.00     0.00   0.00   0.00    0.11    0.00   0.00    64.00     0.00   0.12 100.00
cas1-1        19376.00 19197.00   1211.00   1199.81     0.00     0.00   0.00   0.00    0.30    0.46   0.00    64.00    64.00   0.03  99.90

avg-cpu:  %user   %nice %system %iowait  %steal   %idle
           1.01    0.00    6.49    1.95    0.00   90.55

Device            r/s     w/s     rMB/s     wMB/s   rrqm/s   wrqm/s  %rrqm  %wrqm r_await w_await aqu-sz rareq-sz wareq-sz  svctm  %util
nvme1n1       10651.00 19705.00    665.69   1231.56     0.00     0.00   0.00   0.00    0.43    0.44   0.00    64.00    64.00   0.03 100.00
nvme0n1       8857.00    0.00    553.56      0.00     0.00     0.00   0.00   0.00    0.11    0.00   0.00    64.00     0.00   0.11 100.00
cas1-1        19506.00 19707.00   1219.12   1231.69     0.00     0.00   0.00   0.00    0.30    0.47   0.00    64.00    64.00   0.03 100.10

avg-cpu:  %user   %nice %system %iowait  %steal   %idle
           0.91    0.00    6.49    1.73    0.00   90.86

Device            r/s     w/s     rMB/s     wMB/s   rrqm/s   wrqm/s  %rrqm  %wrqm r_await w_await aqu-sz rareq-sz wareq-sz  svctm  %util
nvme1n1       10496.00 19711.00    656.00   1231.94     0.00     0.00   0.00   0.00    0.43    0.45   0.00    64.00    64.00   0.03 100.00
nvme0n1       9253.00    0.00    578.31      0.00     0.00     0.00   0.00   0.00    0.11    0.00   0.00    64.00     0.00   0.11 100.00
cas1-1        19745.00 19714.00   1234.06   1232.12     0.00     0.00   0.00   0.00    0.29    0.47   0.00    64.00    64.00   0.03 100.00

avg-cpu:  %user   %nice %system %iowait  %steal   %idle
           0.95    0.00    6.31    1.83    0.00   90.91

Device            r/s     w/s     rMB/s     wMB/s   rrqm/s   wrqm/s  %rrqm  %wrqm r_await w_await aqu-sz rareq-sz wareq-sz  svctm  %util
nvme1n1       10671.00 19753.00    666.94   1234.56     0.00     0.00   0.00   0.00    0.44    0.45   0.00    64.00    64.00   0.03 100.10
nvme0n1       9454.00    0.00    590.94      0.00     0.00     0.00   0.00   0.00    0.11    0.00   0.00    64.01     0.00   0.11 100.10
cas1-1        20126.00 19753.00   1257.88   1234.56     0.00     0.00   0.00   0.00    0.29    0.47   0.00    64.00    64.00   0.03 100.00

avg-cpu:  %user   %nice %system %iowait  %steal   %idle
           0.79    0.00    6.59    1.26    0.00   91.36

Device            r/s     w/s     rMB/s     wMB/s   rrqm/s   wrqm/s  %rrqm  %wrqm r_await w_await aqu-sz rareq-sz wareq-sz  svctm  %util
nvme1n1       9909.00 20296.00    619.31   1268.50     0.00     0.00   0.00   0.00    0.43    0.45   0.00    64.00    64.00   0.03 100.00
nvme0n1       10354.00    0.00    647.06      0.00     0.00     0.00   0.00   0.00    0.11    0.00   0.00    63.99     0.00   0.10 100.00
cas1-1        20263.00 20295.00   1266.44   1268.44     0.00     0.00   0.00   0.00    0.28    0.47   0.00    64.00    64.00   0.02 100.00

avg-cpu:  %user   %nice %system %iowait  %steal   %idle
           0.91    0.00    6.43    2.18    0.00   90.48

Device            r/s     w/s     rMB/s     wMB/s   rrqm/s   wrqm/s  %rrqm  %wrqm r_await w_await aqu-sz rareq-sz wareq-sz  svctm  %util
nvme1n1       9715.00 20444.00    607.19   1277.75     0.00     0.00   0.00   0.00    0.44    0.45   0.00    64.00    64.00   0.03 100.00
nvme0n1       10453.00    0.00    653.31      0.00     0.00     0.00   0.00   0.00    0.11    0.00   0.00    64.00     0.00   0.10 100.00
cas1-1        20167.00 20443.00   1260.44   1277.69     0.00     0.00   0.00   0.00    0.28    0.47   0.00    64.00    64.00   0.02 100.00

avg-cpu:  %user   %nice %system %iowait  %steal   %idle
           0.82    0.00    6.53    1.55    0.00   91.11

Device            r/s     w/s     rMB/s     wMB/s   rrqm/s   wrqm/s  %rrqm  %wrqm r_await w_await aqu-sz rareq-sz wareq-sz  svctm  %util
nvme1n1       9357.00 20667.00    584.81   1291.69     0.00     0.00   0.00   0.00    0.43    0.45   0.00    64.00    64.00   0.03 100.00
nvme0n1       11155.00    0.00    697.19      0.00     0.00     0.00   0.00   0.00    0.11    0.00   0.00    64.00     0.00   0.09 100.00
cas1-1        20522.00 20663.00   1282.62   1291.44     0.00     0.00   0.00   0.00    0.27    0.46   0.00    64.00    64.00   0.02 100.00

avg-cpu:  %user   %nice %system %iowait  %steal   %idle
           0.85    0.00    6.53    1.55    0.00   91.07

Device            r/s     w/s     rMB/s     wMB/s   rrqm/s   wrqm/s  %rrqm  %wrqm r_await w_await aqu-sz rareq-sz wareq-sz  svctm  %util
nvme1n1       9374.00 20576.00    585.88   1286.00     0.00     0.00   0.00   0.00    0.43    0.44   0.00    64.00    64.00   0.03 100.00
nvme0n1       10780.00    0.00    673.75      0.00     0.00     0.00   0.00   0.00    0.11    0.00   0.00    64.00     0.00   0.09 100.00
cas1-1        20146.00 20577.00   1259.12   1286.06     0.00     0.00   0.00   0.00    0.27    0.46   0.00    64.00    64.00   0.02 100.00

avg-cpu:  %user   %nice %system %iowait  %steal   %idle
           0.88    0.00    6.50    1.80    0.00   90.82

Device            r/s     w/s     rMB/s     wMB/s   rrqm/s   wrqm/s  %rrqm  %wrqm r_await w_await aqu-sz rareq-sz wareq-sz  svctm  %util
nvme1n1       9302.00 20703.00    581.38   1293.94     0.00     0.00   0.00   0.00    0.43    0.45   0.00    64.00    64.00   0.03 100.00
nvme0n1       11253.00    0.00    703.31      0.00     0.00     0.00   0.00   0.00    0.11    0.00   0.00    64.00     0.00   0.09 100.00
cas1-1        20557.00 20706.00   1284.81   1294.12     0.00     0.00   0.00   0.00    0.27    0.47   0.00    64.00    64.00   0.02 100.00

avg-cpu:  %user   %nice %system %iowait  %steal   %idle
           0.91    0.00    6.56    2.62    0.00   89.91

Device            r/s     w/s     rMB/s     wMB/s   rrqm/s   wrqm/s  %rrqm  %wrqm r_await w_await aqu-sz rareq-sz wareq-sz  svctm  %util
nvme1n1       8834.00 21037.00    552.12   1314.81     0.00     0.00   0.00   0.00    0.42    0.43   0.00    64.00    64.00   0.03 100.00
nvme0n1       12128.00    0.00    758.00      0.00     0.00     0.00   0.00   0.00    0.11    0.00   0.00    64.00     0.00   0.08 100.00
cas1-1        20962.00 21038.00   1310.12   1314.88     0.00     0.00   0.00   0.00    0.25    0.45   0.01    64.00    64.00   0.02 100.00

avg-cpu:  %user   %nice %system %iowait  %steal   %idle
           0.91    0.00    6.65    2.55    0.00   89.88

Device            r/s     w/s     rMB/s     wMB/s   rrqm/s   wrqm/s  %rrqm  %wrqm r_await w_await aqu-sz rareq-sz wareq-sz  svctm  %util
nvme1n1       8659.00 21176.00    541.19   1323.50     0.00     0.00   0.00   0.00    0.42    0.43   0.00    64.00    64.00   0.03 100.00
nvme0n1       12506.00    0.00    781.62      0.00     0.00     0.00   0.00   0.00    0.11    0.00   0.00    64.00     0.00   0.08 100.00
cas1-1        21164.00 21175.00   1322.75   1323.44     0.00     0.00   0.00   0.00    0.25    0.45   0.00    64.00    64.00   0.02 100.00

avg-cpu:  %user   %nice %system %iowait  %steal   %idle
           0.82    0.00    6.78    1.10    0.00   91.30

Device            r/s     w/s     rMB/s     wMB/s   rrqm/s   wrqm/s  %rrqm  %wrqm r_await w_await aqu-sz rareq-sz wareq-sz  svctm  %util
nvme1n1       8773.00 20961.00    548.31   1310.06     0.00     0.00   0.00   0.00    0.42    0.43   0.00    64.00    64.00   0.03 100.00
nvme0n1       12211.00    0.00    763.19      0.00     0.00     0.00   0.00   0.00    0.11    0.00   0.00    64.00     0.00   0.08 100.00
cas1-1        20978.00 20960.00   1311.12   1310.00     0.00     0.00   0.00   0.00    0.25    0.45   0.00    64.00    64.00   0.02 100.00

avg-cpu:  %user   %nice %system %iowait  %steal   %idle
           0.85    0.00    6.77    1.26    0.00   91.12

Device            r/s     w/s     rMB/s     wMB/s   rrqm/s   wrqm/s  %rrqm  %wrqm r_await w_await aqu-sz rareq-sz wareq-sz  svctm  %util
nvme1n1       8666.00 21162.00    541.62   1322.62     0.00     0.00   0.00   0.00    0.41    0.43   0.00    64.00    64.00   0.03 100.00
nvme0n1       12503.00    0.00    781.44      0.00     0.00     0.00   0.00   0.00    0.11    0.00   0.00    64.00     0.00   0.08 100.00
cas1-1        21173.00 21164.00   1323.38   1322.75     0.00     0.00   0.00   0.00    0.25    0.45   0.00    64.00    64.00   0.02 100.00

avg-cpu:  %user   %nice %system %iowait  %steal   %idle
           0.82    0.00    6.69    1.20    0.00   91.29

Device            r/s     w/s     rMB/s     wMB/s   rrqm/s   wrqm/s  %rrqm  %wrqm r_await w_await aqu-sz rareq-sz wareq-sz  svctm  %util
nvme1n1       8535.00 21374.00    533.44   1335.88     0.00     0.00   0.00   0.00    0.42    0.43   0.00    64.00    64.00   0.03 100.00
nvme0n1       12941.00    0.00    808.81      0.00     0.00     0.00   0.00   0.00    0.11    0.00   0.00    64.00     0.00   0.08 100.00
cas1-1        21473.00 21371.00   1342.00   1335.69     0.00     0.00   0.00   0.00    0.25    0.45   0.00    64.00    64.00   0.02 100.00

avg-cpu:  %user   %nice %system %iowait  %steal   %idle
           0.91    0.00    6.74    1.95    0.00   90.39

Device            r/s     w/s     rMB/s     wMB/s   rrqm/s   wrqm/s  %rrqm  %wrqm r_await w_await aqu-sz rareq-sz wareq-sz  svctm  %util
nvme1n1       8267.00 21588.00    516.69   1349.25     0.00     0.00   0.00   0.00    0.41    0.43   0.00    64.00    64.00   0.03 100.00
nvme0n1       13094.00    0.00    818.38      0.00     0.00     0.00   0.00   0.00    0.12    0.00   0.00    64.00     0.00   0.08 100.00
cas1-1        21366.00 21588.00   1335.38   1349.25     0.00     0.00   0.00   0.00    0.24    0.45   0.00    64.00    64.00   0.02 100.00

