Linux 5.4.1-050401-lowlatency (kanwu-Super-Server) 	09/11/2020 	_x86_64_	(32 CPU)

avg-cpu:  %user   %nice %system %iowait  %steal   %idle
           0.07    0.00    0.33    0.07    0.00   99.53

Device            r/s     w/s     rMB/s     wMB/s   rrqm/s   wrqm/s  %rrqm  %wrqm r_await w_await aqu-sz rareq-sz wareq-sz  svctm  %util
nvme1n1       1017.61  360.02     63.60     22.22     0.00     0.00   0.00   0.00    0.33    0.40   0.00    64.00    63.20   0.03   4.22
nvme0n1        222.16  235.45     13.88     14.71     0.00     0.00   0.00   0.00    0.26    0.05   0.01    63.99    63.99   0.06   2.69
cas1-1          16.40    7.03      1.02      0.44     0.00     0.00   0.00   0.00    0.13    0.19   0.00    64.00    64.00   0.02   0.04

avg-cpu:  %user   %nice %system %iowait  %steal   %idle
           0.09    0.00    1.06    1.00    0.00   97.84

Device            r/s     w/s     rMB/s     wMB/s   rrqm/s   wrqm/s  %rrqm  %wrqm r_await w_await aqu-sz rareq-sz wareq-sz  svctm  %util
nvme1n1          0.00 4736.00      0.00    296.00     0.00     0.00   0.00   0.00    0.00    0.47   0.20     0.00    64.00   0.05  22.60
nvme0n1          0.00    0.00      0.00      0.00     0.00     0.00   0.00   0.00    0.00    0.00   0.00     0.00     0.00   0.00   0.00
cas1-1           0.00    0.00      0.00      0.00     0.00     0.00   0.00   0.00    0.00    0.00   0.00     0.00     0.00   0.00   0.00

avg-cpu:  %user   %nice %system %iowait  %steal   %idle
           0.16    0.00    1.28    2.85    0.00   95.71

Device            r/s     w/s     rMB/s     wMB/s   rrqm/s   wrqm/s  %rrqm  %wrqm r_await w_await aqu-sz rareq-sz wareq-sz  svctm  %util
nvme1n1         96.00 4276.00      2.11    267.25     0.00     0.00   0.00   0.00    0.02    0.90   1.91    22.50    64.00   0.05  21.10
nvme0n1          0.00    0.00      0.00      0.00     0.00     0.00   0.00   0.00    0.00    0.00   0.00     0.00     0.00   0.00   0.00
cas1-1        18446744073708150784.00 18446744073708949504.00 9007199254653488.00 9007199254703494.00     0.00     0.00   0.00   0.00    0.00    0.00 4294954.34     0.50     0.50   0.00 429493325.50

avg-cpu:  %user   %nice %system %iowait  %steal   %idle
           0.50    0.00    0.09    2.31    0.00   97.09

Device            r/s     w/s     rMB/s     wMB/s   rrqm/s   wrqm/s  %rrqm  %wrqm r_await w_await aqu-sz rareq-sz wareq-sz  svctm  %util
nvme1n1          0.00    0.00      0.00      0.00     0.00     0.00   0.00   0.00    0.00    0.00   0.00     0.00     0.00   0.00   0.00
nvme0n1          0.00    0.00      0.00      0.00     0.00     0.00   0.00   0.00    0.00    0.00   0.00     0.00     0.00   0.00   0.00
cas1-1           0.00    0.00      0.00      0.00     0.00     0.00   0.00   0.00    0.00    0.00   0.00     0.00     0.00   0.00   0.00

avg-cpu:  %user   %nice %system %iowait  %steal   %idle
           0.16    0.00    2.60    1.63    0.00   95.61

Device            r/s     w/s     rMB/s     wMB/s   rrqm/s   wrqm/s  %rrqm  %wrqm r_await w_await aqu-sz rareq-sz wareq-sz  svctm  %util
nvme1n1        769.00  363.00     48.06     22.69     0.00     0.00   0.00   0.00    0.13    0.08   0.00    64.00    64.00   0.05   6.10
nvme0n1          0.00    0.00      0.00      0.00     0.00     0.00   0.00   0.00    0.00    0.00   0.00     0.00     0.00   0.00   0.00
cas1-1         818.00  365.00     51.12     22.81     0.00     0.00   0.00   0.00    0.30    0.88   0.20    64.00    64.00   0.05   6.10

avg-cpu:  %user   %nice %system %iowait  %steal   %idle
           0.91    0.00   30.40    4.54    0.00   64.15

Device            r/s     w/s     rMB/s     wMB/s   rrqm/s   wrqm/s  %rrqm  %wrqm r_await w_await aqu-sz rareq-sz wareq-sz  svctm  %util
nvme1n1       7451.00 12484.00    465.69    780.25     0.00     0.00   0.00   0.00    0.10    0.07   0.00    64.00    64.00   0.05 100.00
nvme0n1          0.00    0.00      0.00      0.00     0.00     0.00   0.00   0.00    0.00    0.00   0.00     0.00     0.00   0.00   0.00
cas1-1        28994.00 12486.00   1812.12    780.38     0.00     0.00   0.00   0.00    0.16    0.37   0.83    64.00    64.00   0.02 100.00

avg-cpu:  %user   %nice %system %iowait  %steal   %idle
           0.78    0.00   27.83    4.57    0.00   66.81

Device            r/s     w/s     rMB/s     wMB/s   rrqm/s   wrqm/s  %rrqm  %wrqm r_await w_await aqu-sz rareq-sz wareq-sz  svctm  %util
nvme1n1        382.00 17651.00     23.88   1103.19     0.00     0.00   0.00   0.00    0.07    0.06   0.00    64.00    64.00   0.06 100.00
nvme0n1          0.00    0.00      0.00      0.00     0.00     0.00   0.00   0.00    0.00    0.00   0.00     0.00     0.00   0.00   0.00
cas1-1        41764.00 17652.00   2610.25   1103.25     0.00     0.00   0.00   0.00    0.12    0.23   0.17    64.00    64.00   0.02 100.00

avg-cpu:  %user   %nice %system %iowait  %steal   %idle
           0.91    0.00   27.89    6.00    0.00   65.20

Device            r/s     w/s     rMB/s     wMB/s   rrqm/s   wrqm/s  %rrqm  %wrqm r_await w_await aqu-sz rareq-sz wareq-sz  svctm  %util
nvme1n1        153.00 17816.00      9.56   1113.50     0.00     0.00   0.00   0.00    0.07    0.06   0.00    64.00    64.00   0.06 100.00
nvme0n1          0.00    0.00      0.00      0.00     0.00     0.00   0.00   0.00    0.00    0.00   0.00     0.00     0.00   0.00   0.00
cas1-1        41618.00 17814.00   2601.12   1113.38     0.00     0.00   0.00   0.00    0.13    0.24   0.18    64.00    64.00   0.02 100.00

avg-cpu:  %user   %nice %system %iowait  %steal   %idle
           0.97    0.00   27.76    2.91    0.00   68.36

Device            r/s     w/s     rMB/s     wMB/s   rrqm/s   wrqm/s  %rrqm  %wrqm r_await w_await aqu-sz rareq-sz wareq-sz  svctm  %util
nvme1n1        729.00 17879.00     45.56   1117.44     0.00     0.00   0.00   0.00    0.07    0.06   0.00    64.00    64.00   0.05 100.00
nvme0n1          0.00    0.00      0.00      0.00     0.00     0.00   0.00   0.00    0.00    0.00   0.00     0.00     0.00   0.00   0.00
cas1-1        42268.00 17880.00   2641.75   1117.50     0.00     0.00   0.00   0.00    0.12    0.23   0.14    64.00    64.00   0.02 100.00

avg-cpu:  %user   %nice %system %iowait  %steal   %idle
           0.97    0.00   27.66    4.19    0.00   67.18

Device            r/s     w/s     rMB/s     wMB/s   rrqm/s   wrqm/s  %rrqm  %wrqm r_await w_await aqu-sz rareq-sz wareq-sz  svctm  %util
nvme1n1       1401.00 18021.00     87.56   1126.31     0.00     0.00   0.00   0.00    0.07    0.06   0.00    64.00    64.00   0.05 100.00
nvme0n1          0.00    0.00      0.00      0.00     0.00     0.00   0.00   0.00    0.00    0.00   0.00     0.00     0.00   0.00   0.00
cas1-1        42069.00 18019.00   2629.31   1126.19     0.00     0.00   0.00   0.00    0.12    0.24   0.11    64.00    64.00   0.02 100.00

avg-cpu:  %user   %nice %system %iowait  %steal   %idle
           0.81    0.00   27.82    4.23    0.00   67.14

Device            r/s     w/s     rMB/s     wMB/s   rrqm/s   wrqm/s  %rrqm  %wrqm r_await w_await aqu-sz rareq-sz wareq-sz  svctm  %util
nvme1n1       2220.00 18132.00    138.75   1133.25     0.00     0.00   0.00   0.00    0.07    0.06   0.00    64.00    64.00   0.05 100.00
nvme0n1          0.00    0.00      0.00      0.00     0.00     0.00   0.00   0.00    0.00    0.00   0.00     0.00     0.00   0.00   0.00
cas1-1        42482.00 18135.00   2655.12   1133.44     0.00     0.00   0.00   0.00    0.12    0.24   0.13    64.00    64.00   0.02 100.00

avg-cpu:  %user   %nice %system %iowait  %steal   %idle
           0.88    0.00   27.79    4.41    0.00   66.92

Device            r/s     w/s     rMB/s     wMB/s   rrqm/s   wrqm/s  %rrqm  %wrqm r_await w_await aqu-sz rareq-sz wareq-sz  svctm  %util
nvme1n1       1364.00 17966.00     85.25   1122.88     0.00     0.00   0.00   0.00    0.07    0.06   0.00    64.00    64.00   0.05 100.00
nvme0n1          0.00    0.00      0.00      0.00     0.00     0.00   0.00   0.00    0.00    0.00   0.00     0.00     0.00   0.00   0.00
cas1-1        42193.00 17966.00   2637.06   1122.88     0.00     0.00   0.00   0.00    0.12    0.24   0.16    64.00    64.00   0.02 100.00

avg-cpu:  %user   %nice %system %iowait  %steal   %idle
           0.88    0.00   27.76    3.35    0.00   68.01

Device            r/s     w/s     rMB/s     wMB/s   rrqm/s   wrqm/s  %rrqm  %wrqm r_await w_await aqu-sz rareq-sz wareq-sz  svctm  %util
nvme1n1       1731.00 18021.00    108.19   1126.31     0.00     0.00   0.00   0.00    0.07    0.06   0.00    64.00    64.00   0.05 100.00
nvme0n1          0.00    0.00      0.00      0.00     0.00     0.00   0.00   0.00    0.00    0.00   0.00     0.00     0.00   0.00   0.00
cas1-1        42281.00 18021.00   2642.56   1126.31     0.00     0.00   0.00   0.00    0.12    0.24   0.12    64.00    64.00   0.02 100.10

avg-cpu:  %user   %nice %system %iowait  %steal   %idle
           0.88    0.00   27.69    4.57    0.00   66.87

Device            r/s     w/s     rMB/s     wMB/s   rrqm/s   wrqm/s  %rrqm  %wrqm r_await w_await aqu-sz rareq-sz wareq-sz  svctm  %util
nvme1n1       2964.00 18231.00    185.25   1139.44     0.00     0.00   0.00   0.00    0.07    0.06   0.00    64.00    64.00   0.05 100.00
nvme0n1          0.00    0.00      0.00      0.00     0.00     0.00   0.00   0.00    0.00    0.00   0.00     0.00     0.00   0.00   0.00
cas1-1        42874.00 18235.00   2679.62   1139.69     0.00     0.00   0.00   0.00    0.12    0.24   0.10    64.00    64.00   0.02 100.00

avg-cpu:  %user   %nice %system %iowait  %steal   %idle
           0.85    0.00   27.80    3.22    0.00   68.13

Device            r/s     w/s     rMB/s     wMB/s   rrqm/s   wrqm/s  %rrqm  %wrqm r_await w_await aqu-sz rareq-sz wareq-sz  svctm  %util
nvme1n1       2954.00 18292.00    184.62   1143.25     0.00     0.00   0.00   0.00    0.07    0.07   0.00    64.00    64.00   0.05 100.20
nvme0n1          0.00    0.00      0.00      0.00     0.00     0.00   0.00   0.00    0.00    0.00   0.00     0.00     0.00   0.00   0.00
cas1-1        42498.00 18287.00   2656.12   1142.94     0.00     0.00   0.00   0.00    0.12    0.25   0.14    64.00    64.00   0.02 100.00

avg-cpu:  %user   %nice %system %iowait  %steal   %idle
           0.85    0.00   27.73    1.85    0.00   69.58

Device            r/s     w/s     rMB/s     wMB/s   rrqm/s   wrqm/s  %rrqm  %wrqm r_await w_await aqu-sz rareq-sz wareq-sz  svctm  %util
nvme1n1       3090.00 18275.00    193.12   1142.19     0.00     0.00   0.00   0.00    0.07    0.07   0.00    64.00    64.00   0.05 100.00
nvme0n1          0.00    0.00      0.00      0.00     0.00     0.00   0.00   0.00    0.00    0.00   0.00     0.00     0.00   0.00   0.00
cas1-1        42598.00 18278.00   2662.38   1142.38     0.00     0.00   0.00   0.00    0.12    0.24   0.10    64.00    64.00   0.02 100.00

avg-cpu:  %user   %nice %system %iowait  %steal   %idle
           0.84    0.00   27.88    0.53    0.00   70.74

Device            r/s     w/s     rMB/s     wMB/s   rrqm/s   wrqm/s  %rrqm  %wrqm r_await w_await aqu-sz rareq-sz wareq-sz  svctm  %util
nvme1n1       1662.00 18008.00    103.88   1125.50     0.00     0.00   0.00   0.00    0.07    0.06   0.00    64.00    64.00   0.05 100.00
nvme0n1          0.00    0.00      0.00      0.00     0.00     0.00   0.00   0.00    0.00    0.00   0.00     0.00     0.00   0.00   0.00
cas1-1        42341.00 18006.00   2646.31   1125.38     0.00     0.00   0.00   0.00    0.12    0.24   0.17    64.00    64.00   0.02 100.00

avg-cpu:  %user   %nice %system %iowait  %steal   %idle
           0.88    0.00   27.86    0.47    0.00   70.80

Device            r/s     w/s     rMB/s     wMB/s   rrqm/s   wrqm/s  %rrqm  %wrqm r_await w_await aqu-sz rareq-sz wareq-sz  svctm  %util
nvme1n1        597.00 17956.00     37.31   1122.25     0.00     0.00   0.00   0.00    0.07    0.06   0.00    64.00    64.00   0.05 100.10
nvme0n1          0.00    0.00      0.00      0.00     0.00     0.00   0.00   0.00    0.00    0.00   0.00     0.00     0.00   0.00   0.00
cas1-1        41588.00 17958.00   2599.25   1122.38     0.00     0.00   0.00   0.00    0.12    0.24   0.15    64.00    64.00   0.02 100.00

avg-cpu:  %user   %nice %system %iowait  %steal   %idle
           0.84    0.00   27.91    0.47    0.00   70.78

Device            r/s     w/s     rMB/s     wMB/s   rrqm/s   wrqm/s  %rrqm  %wrqm r_await w_await aqu-sz rareq-sz wareq-sz  svctm  %util
nvme1n1        195.00 17844.00     12.19   1115.25     0.00     0.00   0.00   0.00    0.07    0.06   0.00    64.00    64.00   0.06 100.00
nvme0n1          0.00    0.00      0.00      0.00     0.00     0.00   0.00   0.00    0.00    0.00   0.00     0.00     0.00   0.00   0.00
cas1-1        41642.00 17841.00   2602.62   1115.06     0.00     0.00   0.00   0.00    0.12    0.24   0.16    64.00    64.00   0.02 100.00

avg-cpu:  %user   %nice %system %iowait  %steal   %idle
           0.97    0.00   27.72    2.38    0.00   68.93

Device            r/s     w/s     rMB/s     wMB/s   rrqm/s   wrqm/s  %rrqm  %wrqm r_await w_await aqu-sz rareq-sz wareq-sz  svctm  %util
nvme1n1         77.00 17671.00      4.81   1104.44     0.00     0.00   0.00   0.00    0.06    0.06   0.00    64.00    64.00   0.06 100.00
nvme0n1          0.00    0.00      0.00      0.00     0.00     0.00   0.00   0.00    0.00    0.00   0.00     0.00     0.00   0.00   0.00
cas1-1        42302.00 17671.00   2643.88   1104.44     0.00     0.00   0.00   0.00    0.12    0.23   0.16    64.00    64.00   0.02 100.00

avg-cpu:  %user   %nice %system %iowait  %steal   %idle
           0.81    0.00   27.93    2.10    0.00   69.16

Device            r/s     w/s     rMB/s     wMB/s   rrqm/s   wrqm/s  %rrqm  %wrqm r_await w_await aqu-sz rareq-sz wareq-sz  svctm  %util
nvme1n1        384.00 17950.00     24.00   1121.88     0.00     0.00   0.00   0.00    0.07    0.06   0.00    64.00    64.00   0.05 100.00
nvme0n1          0.00    0.00      0.00      0.00     0.00     0.00   0.00   0.00    0.00    0.00   0.00     0.00     0.00   0.00   0.00
cas1-1        41260.00 17950.00   2578.75   1121.88     0.00     0.00   0.00   0.00    0.12    0.24   0.17    64.00    64.00   0.02 100.00

avg-cpu:  %user   %nice %system %iowait  %steal   %idle
           0.91    0.00   27.74    2.07    0.00   69.29

Device            r/s     w/s     rMB/s     wMB/s   rrqm/s   wrqm/s  %rrqm  %wrqm r_await w_await aqu-sz rareq-sz wareq-sz  svctm  %util
nvme1n1       1229.00 18050.00     76.81   1128.12     0.00     0.00   0.00   0.00    0.07    0.06   0.00    64.00    64.00   0.05 100.00
nvme0n1          0.00    0.00      0.00      0.00     0.00     0.00   0.00   0.00    0.00    0.00   0.00     0.00     0.00   0.00   0.00
cas1-1        41795.00 18053.00   2612.19   1128.31     0.00     0.00   0.00   0.00    0.12    0.24   0.14    64.00    64.00   0.02 100.00

avg-cpu:  %user   %nice %system %iowait  %steal   %idle
           0.78    0.00   27.93    2.22    0.00   69.06

Device            r/s     w/s     rMB/s     wMB/s   rrqm/s   wrqm/s  %rrqm  %wrqm r_await w_await aqu-sz rareq-sz wareq-sz  svctm  %util
nvme1n1       1232.00 17960.00     77.00   1122.50     0.00     0.00   0.00   0.00    0.07    0.06   0.00    64.00    64.00   0.05 100.00
nvme0n1          0.00    0.00      0.00      0.00     0.00     0.00   0.00   0.00    0.00    0.00   0.00     0.00     0.00   0.00   0.00
cas1-1        42087.00 17963.00   2630.44   1122.69     0.00     0.00   0.00   0.00    0.12    0.24   0.17    64.00    64.00   0.02 100.00

avg-cpu:  %user   %nice %system %iowait  %steal   %idle
           0.81    0.00   27.80    0.53    0.00   70.85

Device            r/s     w/s     rMB/s     wMB/s   rrqm/s   wrqm/s  %rrqm  %wrqm r_await w_await aqu-sz rareq-sz wareq-sz  svctm  %util
nvme1n1       1003.00 17982.00     62.69   1123.88     0.00     0.00   0.00   0.00    0.07    0.06   0.00    64.00    64.00   0.05 100.00
nvme0n1          0.00    0.00      0.00      0.00     0.00     0.00   0.00   0.00    0.00    0.00   0.00     0.00     0.00   0.00   0.00
cas1-1        41926.00 17980.00   2620.38   1123.75     0.00     0.00   0.00   0.00    0.12    0.24   0.15    64.00    64.00   0.02 100.00

avg-cpu:  %user   %nice %system %iowait  %steal   %idle
           0.91    0.00   27.78    1.85    0.00   69.46

Device            r/s     w/s     rMB/s     wMB/s   rrqm/s   wrqm/s  %rrqm  %wrqm r_await w_await aqu-sz rareq-sz wareq-sz  svctm  %util
nvme1n1        476.00 17873.00     29.75   1117.06     0.00     0.00   0.00   0.00    0.07    0.06   0.00    64.00    64.00   0.05 100.00
nvme0n1          0.00    0.00      0.00      0.00     0.00     0.00   0.00   0.00    0.00    0.00   0.00     0.00     0.00   0.00   0.00
cas1-1        41896.00 17869.00   2618.50   1116.81     0.00     0.00   0.00   0.00    0.12    0.24   0.14    64.00    64.00   0.02 100.00

avg-cpu:  %user   %nice %system %iowait  %steal   %idle
           0.84    0.00   27.78    2.16    0.00   69.21

Device            r/s     w/s     rMB/s     wMB/s   rrqm/s   wrqm/s  %rrqm  %wrqm r_await w_await aqu-sz rareq-sz wareq-sz  svctm  %util
nvme1n1        339.00 17903.00     21.19   1118.94     0.00     0.00   0.00   0.00    0.07    0.06   0.00    64.00    64.00   0.05 100.00
nvme0n1          0.00    0.00      0.00      0.00     0.00     0.00   0.00   0.00    0.00    0.00   0.00     0.00     0.00   0.00   0.00
cas1-1        41685.00 17902.00   2605.38   1118.88     0.00     0.00   0.00   0.00    0.12    0.23   0.12    64.00    64.00   0.02 100.00

avg-cpu:  %user   %nice %system %iowait  %steal   %idle
           0.81    0.00   27.92    0.47    0.00   70.79

Device            r/s     w/s     rMB/s     wMB/s   rrqm/s   wrqm/s  %rrqm  %wrqm r_await w_await aqu-sz rareq-sz wareq-sz  svctm  %util
nvme1n1         34.00 17897.00      2.12   1118.56     0.00     0.00   0.00   0.00    0.06    0.06   0.00    64.00    64.00   0.06 100.00
nvme0n1          0.00    0.00      0.00      0.00     0.00     0.00   0.00   0.00    0.00    0.00   0.00     0.00     0.00   0.00   0.00
cas1-1        41515.00 17902.00   2594.62   1118.88     0.00     0.00   0.00   0.00    0.12    0.23   0.16    64.00    64.00   0.02 100.00

avg-cpu:  %user   %nice %system %iowait  %steal   %idle
           0.88    0.00   27.82    0.72    0.00   70.58

Device            r/s     w/s     rMB/s     wMB/s   rrqm/s   wrqm/s  %rrqm  %wrqm r_await w_await aqu-sz rareq-sz wareq-sz  svctm  %util
nvme1n1        113.00 17966.00      7.06   1122.88     0.00     0.00   0.00   0.00    0.06    0.06   0.00    64.00    64.00   0.06 100.00
nvme0n1          0.00    0.00      0.00      0.00     0.00     0.00   0.00   0.00    0.00    0.00   0.00     0.00     0.00   0.00   0.00
cas1-1        41191.00 17963.00   2574.44   1122.69     0.00     0.00   0.00   0.00    0.13    0.24   0.17    64.00    64.00   0.02 100.00

avg-cpu:  %user   %nice %system %iowait  %steal   %idle
           0.88    0.00   27.84    2.41    0.00   68.87

Device            r/s     w/s     rMB/s     wMB/s   rrqm/s   wrqm/s  %rrqm  %wrqm r_await w_await aqu-sz rareq-sz wareq-sz  svctm  %util
nvme1n1        268.00 17934.00     16.75   1120.88     0.00     0.00   0.00   0.00    0.06    0.06   0.00    64.00    64.00   0.05 100.00
nvme0n1          0.00    0.00      0.00      0.00     0.00     0.00   0.00   0.00    0.00    0.00   0.00     0.00     0.00   0.00   0.00
cas1-1        41471.00 17934.00   2591.94   1120.88     0.00     0.00   0.00   0.00    0.12    0.24   0.16    64.00    64.00   0.02 100.00

avg-cpu:  %user   %nice %system %iowait  %steal   %idle
           0.85    0.00   27.84    1.41    0.00   69.90

Device            r/s     w/s     rMB/s     wMB/s   rrqm/s   wrqm/s  %rrqm  %wrqm r_await w_await aqu-sz rareq-sz wareq-sz  svctm  %util
nvme1n1        682.00 17901.00     42.62   1118.81     0.00     0.00   0.00   0.00    0.07    0.06   0.00    64.00    64.00   0.05 100.00
nvme0n1          0.00    0.00      0.00      0.00     0.00     0.00   0.00   0.00    0.00    0.00   0.00     0.00     0.00   0.00   0.00
cas1-1        41802.00 17898.00   2612.62   1118.62     0.00     0.00   0.00   0.00    0.12    0.24   0.17    64.00    64.00   0.02 100.20

avg-cpu:  %user   %nice %system %iowait  %steal   %idle
           0.81    0.00   27.84    0.44    0.00   70.91

Device            r/s     w/s     rMB/s     wMB/s   rrqm/s   wrqm/s  %rrqm  %wrqm r_await w_await aqu-sz rareq-sz wareq-sz  svctm  %util
nvme1n1        352.00 17845.00     22.00   1115.38     0.00     0.00   0.00   0.00    0.07    0.06   0.00    64.00    64.00   0.05 100.00
nvme0n1          0.00    0.00      0.00      0.00     0.00     0.00   0.00   0.00    0.00    0.00   0.00     0.00     0.00   0.00   0.00
cas1-1        41926.00 17846.00   2620.38   1115.38     0.00     0.00   0.00   0.00    0.12    0.23   0.17    64.00    64.00   0.02 100.00

avg-cpu:  %user   %nice %system %iowait  %steal   %idle
           0.85    0.00   27.86    1.16    0.00   70.14

Device            r/s     w/s     rMB/s     wMB/s   rrqm/s   wrqm/s  %rrqm  %wrqm r_await w_await aqu-sz rareq-sz wareq-sz  svctm  %util
nvme1n1        760.00 17853.00     47.50   1115.75     0.00     0.00   0.00   0.00    0.07    0.06   0.00    64.00    64.00   0.05 100.00
nvme0n1          0.00    0.00      0.00      0.00     0.00     0.00   0.00   0.00    0.00    0.00   0.00     0.00     0.00   0.00   0.00
cas1-1        42146.00 17856.00   2634.12   1116.00     0.00     0.00   0.00   0.00    0.12    0.24   0.16    64.00    64.00   0.02 100.00

avg-cpu:  %user   %nice %system %iowait  %steal   %idle
           0.85    0.00   27.86    0.41    0.00   70.89

Device            r/s     w/s     rMB/s     wMB/s   rrqm/s   wrqm/s  %rrqm  %wrqm r_await w_await aqu-sz rareq-sz wareq-sz  svctm  %util
nvme1n1        578.00 17957.00     36.12   1122.31     0.00     0.00   0.00   0.00    0.07    0.06   0.00    64.00    64.00   0.05 100.00
nvme0n1          0.00    0.00      0.00      0.00     0.00     0.00   0.00   0.00    0.00    0.00   0.00     0.00     0.00   0.00   0.00
cas1-1        41698.00 17955.00   2606.12   1122.19     0.00     0.00   0.00   0.00    0.12    0.24   0.18    64.00    64.00   0.02 100.00

avg-cpu:  %user   %nice %system %iowait  %steal   %idle
           0.94    0.00   27.70    1.69    0.00   69.67

Device            r/s     w/s     rMB/s     wMB/s   rrqm/s   wrqm/s  %rrqm  %wrqm r_await w_await aqu-sz rareq-sz wareq-sz  svctm  %util
nvme1n1        818.81 17676.24     51.18   1104.76     0.00     0.00   0.00   0.00    0.07    0.06   0.00    64.00    64.00   0.05  99.01
nvme0n1          0.00    0.00      0.00      0.00     0.00     0.00   0.00   0.00    0.00    0.00   0.00     0.00     0.00   0.00   0.00
cas1-1        41866.34 17675.25   2616.65   1104.70     0.00     0.00   0.00   0.00    0.12    0.23   0.14    64.00    64.00   0.02  99.01

avg-cpu:  %user   %nice %system %iowait  %steal   %idle
           0.88    0.00   27.65    1.44    0.00   70.04

Device            r/s     w/s     rMB/s     wMB/s   rrqm/s   wrqm/s  %rrqm  %wrqm r_await w_await aqu-sz rareq-sz wareq-sz  svctm  %util
nvme1n1       1719.00 18089.00    107.44   1130.56     0.00     0.00   0.00   0.00    0.07    0.06   0.00    64.00    64.00   0.05 100.00
nvme0n1          0.00    0.00      0.00      0.00     0.00     0.00   0.00   0.00    0.00    0.00   0.00     0.00     0.00   0.00   0.00
cas1-1        42209.00 18090.00   2638.06   1130.62     0.00     0.00   0.00   0.00    0.12    0.24   0.11    64.00    64.00   0.02 100.00

avg-cpu:  %user   %nice %system %iowait  %steal   %idle
           0.91    0.00   27.65    2.13    0.00   69.32

Device            r/s     w/s     rMB/s     wMB/s   rrqm/s   wrqm/s  %rrqm  %wrqm r_await w_await aqu-sz rareq-sz wareq-sz  svctm  %util
nvme1n1       2465.00 18221.00    154.06   1138.81     0.00     0.00   0.00   0.00    0.07    0.06   0.00    64.00    64.00   0.05 100.00
nvme0n1          0.00    0.00      0.00      0.00     0.00     0.00   0.00   0.00    0.00    0.00   0.00     0.00     0.00   0.00   0.00
cas1-1        42218.00 18224.00   2638.62   1139.00     0.00     0.00   0.00   0.00    0.12    0.24   0.11    64.00    64.00   0.02 100.10

avg-cpu:  %user   %nice %system %iowait  %steal   %idle
           0.91    0.00   27.69    1.32    0.00   70.09

Device            r/s     w/s     rMB/s     wMB/s   rrqm/s   wrqm/s  %rrqm  %wrqm r_await w_await aqu-sz rareq-sz wareq-sz  svctm  %util
nvme1n1       1361.00 18041.00     85.06   1127.56     0.00     0.00   0.00   0.00    0.07    0.06   0.00    64.00    64.00   0.05 100.00
nvme0n1          0.00    0.00      0.00      0.00     0.00     0.00   0.00   0.00    0.00    0.00   0.00     0.00     0.00   0.00   0.00
cas1-1        42158.00 18037.00   2634.88   1127.31     0.00     0.00   0.00   0.00    0.12    0.24   0.12    64.00    64.00   0.02 100.00

avg-cpu:  %user   %nice %system %iowait  %steal   %idle
           0.94    0.00   27.71    0.78    0.00   70.57

Device            r/s     w/s     rMB/s     wMB/s   rrqm/s   wrqm/s  %rrqm  %wrqm r_await w_await aqu-sz rareq-sz wareq-sz  svctm  %util
nvme1n1       1588.00 17958.00     99.25   1122.38     0.00     0.00   0.00   0.00    0.07    0.06   0.00    64.00    64.00   0.05 100.00
nvme0n1          0.00    0.00      0.00      0.00     0.00     0.00   0.00   0.00    0.00    0.00   0.00     0.00     0.00   0.00   0.00
cas1-1        42376.00 17961.00   2648.50   1122.56     0.00     0.00   0.00   0.00    0.12    0.24   0.14    64.00    64.00   0.02 100.00

avg-cpu:  %user   %nice %system %iowait  %steal   %idle
           0.84    0.00   17.74    2.38    0.00   79.04

Device            r/s     w/s     rMB/s     wMB/s   rrqm/s   wrqm/s  %rrqm  %wrqm r_await w_await aqu-sz rareq-sz wareq-sz  svctm  %util
nvme1n1        623.00 11332.00     38.77    708.25     0.00     0.00   0.00   0.00    0.07    0.06   0.00    63.73    64.00   0.05  63.60
nvme0n1          0.00    0.00      0.00      0.00     0.00     0.00   0.00   0.00    0.00    0.00   0.00     0.00     0.00   0.00   0.00
cas1-1        26943.00 11326.00   1680.28    707.88     0.00     0.00   0.00   0.00    0.12    0.23   0.07    63.86    64.00   0.02  64.30

