Linux 5.4.1-050401-lowlatency (kanwu-Super-Server) 	09/10/2020 	_x86_64_	(32 CPU)

avg-cpu:  %user   %nice %system %iowait  %steal   %idle
           0.05    0.00    0.10    0.05    0.00   99.80

Device            r/s     w/s     rMB/s     wMB/s   rrqm/s   wrqm/s  %rrqm  %wrqm r_await w_await aqu-sz rareq-sz wareq-sz  svctm  %util
nvme1n1        527.44  111.16     32.96      6.77     0.00     0.00   0.00   0.00    0.27    0.35   0.00    64.00    62.39   0.03   1.82
nvme0n1        136.09   47.63      8.50      2.97     0.00     0.00   0.00   0.00    0.22    0.05   0.00    63.99    63.96   0.06   1.06
cas1-1          18.78    8.05      1.17      0.50     0.00     0.00   0.00   0.00    0.45    0.49   0.00    64.00    64.00   0.03   0.08

avg-cpu:  %user   %nice %system %iowait  %steal   %idle
           0.09    0.00    0.66    1.00    0.00   98.25

Device            r/s     w/s     rMB/s     wMB/s   rrqm/s   wrqm/s  %rrqm  %wrqm r_await w_await aqu-sz rareq-sz wareq-sz  svctm  %util
nvme1n1       2816.00 1782.00    176.00      9.33     0.00     0.00   0.00   0.00    0.64    0.07   0.54    64.00     5.36   0.04  17.50
nvme0n1          0.00 2860.00      0.00    176.00     0.00     0.00   0.00   0.00    0.00    0.28   0.19     0.00    63.02   0.05  14.30
cas1-1           0.00    0.00      0.00      0.00     0.00     0.00   0.00   0.00    0.00    0.00   0.00     0.00     0.00   0.00   0.00

avg-cpu:  %user   %nice %system %iowait  %steal   %idle
           0.06    0.00    1.19    0.94    0.00   97.81

Device            r/s     w/s     rMB/s     wMB/s   rrqm/s   wrqm/s  %rrqm  %wrqm r_await w_await aqu-sz rareq-sz wareq-sz  svctm  %util
nvme1n1       5411.00 4743.00    337.07    157.17     0.00     0.00   0.00   0.00    0.67    0.76   3.85    63.79    33.93   0.04  42.60
nvme0n1         44.00 5460.00      1.04    336.00     0.00     0.00   0.00   0.00    0.11    0.50   0.17    24.18    63.02   0.06  30.30
cas1-1        18446744073708150784.00 18446744073708949504.00 9007199254653498.00 9007199254703484.00     0.00     0.00   0.00   0.00    0.00    0.00 4294963.44     0.50     0.50   0.00 429490763.30

avg-cpu:  %user   %nice %system %iowait  %steal   %idle
           0.41    0.00    0.13    0.16    0.00   99.31

Device            r/s     w/s     rMB/s     wMB/s   rrqm/s   wrqm/s  %rrqm  %wrqm r_await w_await aqu-sz rareq-sz wareq-sz  svctm  %util
nvme1n1          0.00    0.00      0.00      0.00     0.00     0.00   0.00   0.00    0.00    0.00   0.00     0.00     0.00   0.00   0.00
nvme0n1          0.00    0.00      0.00      0.00     0.00     0.00   0.00   0.00    0.00    0.00   0.00     0.00     0.00   0.00   0.00
cas1-1           0.00    0.00      0.00      0.00     0.00     0.00   0.00   0.00    0.00    0.00   0.00     0.00     0.00   0.00   0.00

avg-cpu:  %user   %nice %system %iowait  %steal   %idle
           0.44    0.00    2.54    1.51    0.00   95.51

Device            r/s     w/s     rMB/s     wMB/s   rrqm/s   wrqm/s  %rrqm  %wrqm r_await w_await aqu-sz rareq-sz wareq-sz  svctm  %util
nvme1n1       2959.00 5094.00    184.94    318.38     0.00     0.00   0.00   0.00    0.18    0.20   0.00    64.00    64.00   0.04  34.30
nvme0n1       5097.00 7965.00    318.56    497.81     0.00     0.00   0.00   0.00    0.69    0.06   1.10    64.00    64.00   0.03  34.60
cas1-1        8063.00 7972.00    503.94    498.31     0.00     0.00   0.00   0.00    0.53    0.08   1.22    64.00    64.01   0.02  34.50

avg-cpu:  %user   %nice %system %iowait  %steal   %idle
           0.91    0.00    7.02    3.49    0.00   88.58

Device            r/s     w/s     rMB/s     wMB/s   rrqm/s   wrqm/s  %rrqm  %wrqm r_await w_await aqu-sz rareq-sz wareq-sz  svctm  %util
nvme1n1       31659.00 3037.00   1978.69    189.81     0.00     0.00   0.00   0.00    0.26    0.20   0.00    64.00    64.00   0.03  99.40
nvme0n1       3034.00 34899.00    189.62   2181.19     0.00     0.00   0.00   0.00    1.24    0.06   2.22    64.00    64.00   0.03  99.50
cas1-1        34698.00 34905.00   2168.62   2181.50     0.00     0.00   0.00   0.00    0.35    0.07   2.27    64.00    64.00   0.01  99.60

avg-cpu:  %user   %nice %system %iowait  %steal   %idle
           0.98    0.00    6.15    1.95    0.00   90.92

Device            r/s     w/s     rMB/s     wMB/s   rrqm/s   wrqm/s  %rrqm  %wrqm r_await w_await aqu-sz rareq-sz wareq-sz  svctm  %util
nvme1n1       37653.00   31.00   2353.31      1.94     0.00     0.00   0.00   0.00    0.32    0.35   0.00    64.00    64.00   0.03 100.00
nvme0n1        264.00 37835.00     16.50   2364.69     0.00     0.00   0.00   0.00    1.59    0.07   0.29    64.00    64.00   0.03 100.10
cas1-1        37917.00 37835.00   2369.81   2364.69     0.00     0.00   0.00   0.00    0.33    0.07   0.29    64.00    64.00   0.01 100.00

avg-cpu:  %user   %nice %system %iowait  %steal   %idle
           0.85    0.00    5.80    1.14    0.00   92.21

Device            r/s     w/s     rMB/s     wMB/s   rrqm/s   wrqm/s  %rrqm  %wrqm r_await w_await aqu-sz rareq-sz wareq-sz  svctm  %util
nvme1n1       37255.00    0.00   2328.44      0.00     0.00     0.00   0.00   0.00    0.28    0.00   0.00    64.00     0.00   0.03 100.10
nvme0n1        726.00 38044.00     45.38   2377.75     0.00     0.00   0.00   0.00    1.64    0.09   0.84    64.00    64.00   0.03 100.00
cas1-1        37981.00 38037.00   2373.81   2377.31     0.00     0.00   0.00   0.00    0.31    0.09   0.84    64.00    64.00   0.01 100.00

avg-cpu:  %user   %nice %system %iowait  %steal   %idle
           0.85    0.00    5.77    0.47    0.00   92.90

Device            r/s     w/s     rMB/s     wMB/s   rrqm/s   wrqm/s  %rrqm  %wrqm r_await w_await aqu-sz rareq-sz wareq-sz  svctm  %util
nvme1n1       36805.00    0.00   2300.38      0.00     0.00     0.00   0.00   0.00    0.24    0.00   0.00    64.00     0.00   0.03 100.00
nvme0n1       1143.00 37672.00     71.44   2354.50     0.00     0.00   0.00   0.00    1.64    0.11   1.32    64.00    64.00   0.03 100.00
cas1-1        37949.00 37675.00   2371.81   2354.69     0.00     0.00   0.00   0.00    0.29    0.12   1.33    64.00    64.00   0.01 100.00

avg-cpu:  %user   %nice %system %iowait  %steal   %idle
           0.85    0.00    5.86    0.00    0.00   93.41

Device            r/s     w/s     rMB/s     wMB/s   rrqm/s   wrqm/s  %rrqm  %wrqm r_await w_await aqu-sz rareq-sz wareq-sz  svctm  %util
nvme1n1       36341.00    0.00   2271.25      0.00     0.00     0.00   0.00   0.00    0.22    0.00   0.00    64.00     0.00   0.03 100.00
nvme0n1       1305.00 37437.00     81.56   2339.81     0.00     0.00   0.00   0.00    1.64    0.13   1.52    64.00    64.00   0.03 100.00
cas1-1        37646.00 37441.00   2352.88   2340.06     0.00     0.00   0.00   0.00    0.27    0.14   1.52    64.00    64.00   0.01 100.00

avg-cpu:  %user   %nice %system %iowait  %steal   %idle
           0.85    0.00    5.90    0.88    0.00   92.37

Device            r/s     w/s     rMB/s     wMB/s   rrqm/s   wrqm/s  %rrqm  %wrqm r_await w_await aqu-sz rareq-sz wareq-sz  svctm  %util
nvme1n1       37303.00    0.00   2331.44      0.00     0.00     0.00   0.00   0.00    0.29    0.00   0.00    64.00     0.00   0.03 100.00
nvme0n1        609.00 37751.00     38.06   2359.44     0.00     0.00   0.00   0.00    1.67    0.09   0.72    64.00    64.00   0.03 100.00
cas1-1        37907.00 37751.00   2369.19   2359.44     0.00     0.00   0.00   0.00    0.32    0.09   0.72    64.00    64.00   0.01 100.00

avg-cpu:  %user   %nice %system %iowait  %steal   %idle
           0.82    0.00    6.09    0.91    0.00   92.18

Device            r/s     w/s     rMB/s     wMB/s   rrqm/s   wrqm/s  %rrqm  %wrqm r_await w_await aqu-sz rareq-sz wareq-sz  svctm  %util
nvme1n1       37140.00    0.00   2321.25      0.00     0.00     0.00   0.00   0.00    0.27    0.00   0.00    64.00     0.00   0.03 100.00
nvme0n1        747.00 37877.00     46.69   2367.31     0.00     0.00   0.00   0.00    1.66    0.10   0.89    64.00    64.00   0.03 100.00
cas1-1        37891.00 37870.00   2368.19   2366.88     0.00     0.00   0.00   0.00    0.30    0.11   0.89    64.00    64.00   0.01 100.00

avg-cpu:  %user   %nice %system %iowait  %steal   %idle
           0.82    0.00    5.77    0.16    0.00   93.26

Device            r/s     w/s     rMB/s     wMB/s   rrqm/s   wrqm/s  %rrqm  %wrqm r_await w_await aqu-sz rareq-sz wareq-sz  svctm  %util
nvme1n1       37390.00    0.00   2336.88      0.00     0.00     0.00   0.00   0.00    0.30    0.00   0.00    64.00     0.00   0.03 100.00
nvme0n1        720.00 37683.00     45.00   2355.19     0.00     0.00   0.00   0.00    1.56    0.08   0.76    64.00    64.00   0.03 100.00
cas1-1        38109.00 37686.00   2381.81   2355.38     0.00     0.00   0.00   0.00    0.33    0.08   0.76    64.00    64.00   0.01 100.00

avg-cpu:  %user   %nice %system %iowait  %steal   %idle
           0.82    0.00    5.86    0.19    0.00   93.13

Device            r/s     w/s     rMB/s     wMB/s   rrqm/s   wrqm/s  %rrqm  %wrqm r_await w_await aqu-sz rareq-sz wareq-sz  svctm  %util
nvme1n1       36751.00    0.00   2296.94      0.00     0.00     0.00   0.00   0.00    0.26    0.00   0.00    64.00     0.00   0.03 100.00
nvme0n1        815.00 37822.00     50.94   2363.88     0.00     0.00   0.00   0.00    1.68    0.11   0.98    64.00    64.00   0.03 100.00
cas1-1        37567.00 37823.00   2347.94   2363.94     0.00     0.00   0.00   0.00    0.29    0.12   0.98    64.00    64.00   0.01 100.00

avg-cpu:  %user   %nice %system %iowait  %steal   %idle
           0.95    0.00    5.64    0.35    0.00   93.07

Device            r/s     w/s     rMB/s     wMB/s   rrqm/s   wrqm/s  %rrqm  %wrqm r_await w_await aqu-sz rareq-sz wareq-sz  svctm  %util
nvme1n1       33725.00    0.00   2107.81      0.00     0.00     0.00   0.00   0.00    0.15    0.00   0.00    64.00     0.00   0.03 100.00
nvme0n1       2754.00 36097.00    172.12   2256.06     0.00     0.00   0.00   0.00    1.62    0.15   3.17    64.00    64.00   0.03 100.00
cas1-1        36473.00 36093.00   2279.56   2255.81     0.00     0.00   0.00   0.00    0.27    0.16   3.19    64.00    64.00   0.01 100.00

avg-cpu:  %user   %nice %system %iowait  %steal   %idle
           0.85    0.00    5.77    0.00    0.00   93.51

Device            r/s     w/s     rMB/s     wMB/s   rrqm/s   wrqm/s  %rrqm  %wrqm r_await w_await aqu-sz rareq-sz wareq-sz  svctm  %util
nvme1n1       33631.00    0.00   2101.94      0.00     0.00     0.00   0.00   0.00    0.15    0.00   0.00    64.00     0.00   0.03  99.90
nvme0n1       2446.00 36333.00    152.88   2270.81     0.00     0.00   0.00   0.00    1.66    0.16   2.93    64.00    64.00   0.03  99.90
cas1-1        36078.00 36333.00   2254.88   2270.81     0.00     0.00   0.00   0.00    0.26    0.17   2.94    64.00    64.00   0.01  99.90

avg-cpu:  %user   %nice %system %iowait  %steal   %idle
           0.91    0.00    5.67    0.25    0.00   93.17

Device            r/s     w/s     rMB/s     wMB/s   rrqm/s   wrqm/s  %rrqm  %wrqm r_await w_await aqu-sz rareq-sz wareq-sz  svctm  %util
nvme1n1       31997.00    0.00   1999.81      0.00     0.00     0.00   0.00   0.00    0.12    0.00   0.00    64.00     0.00   0.03  99.90
nvme0n1       3390.00 35417.00    211.88   2213.56     0.00     0.00   0.00   0.00    1.58    0.16   3.77    64.00    64.00   0.03  99.90
cas1-1        35388.00 35416.00   2211.75   2213.50     0.00     0.00   0.00   0.00    0.27    0.17   3.79    64.00    64.00   0.01 100.00

avg-cpu:  %user   %nice %system %iowait  %steal   %idle
           0.94    0.00    5.57    0.00    0.00   93.57

Device            r/s     w/s     rMB/s     wMB/s   rrqm/s   wrqm/s  %rrqm  %wrqm r_await w_await aqu-sz rareq-sz wareq-sz  svctm  %util
nvme1n1       32213.00    0.00   2013.31      0.00     0.00     0.00   0.00   0.00    0.12    0.00   0.00    64.00     0.00   0.03  99.90
nvme0n1       3362.00 35404.00    210.12   2212.75     0.00     0.00   0.00   0.00    1.63    0.16   3.90    64.00    64.00   0.03  99.90
cas1-1        35574.00 35405.00   2223.38   2212.81     0.00     0.00   0.00   0.00    0.27    0.17   3.92    64.00    64.00   0.01  99.80

avg-cpu:  %user   %nice %system %iowait  %steal   %idle
           0.82    0.00    5.83    0.19    0.00   93.17

Device            r/s     w/s     rMB/s     wMB/s   rrqm/s   wrqm/s  %rrqm  %wrqm r_await w_await aqu-sz rareq-sz wareq-sz  svctm  %util
nvme1n1       32810.00    0.00   2050.62      0.00     0.00     0.00   0.00   0.00    0.13    0.00   0.00    64.00     0.00   0.03  99.90
nvme0n1       2926.00 35905.00    182.88   2244.06     0.00     0.00   0.00   0.00    1.61    0.17   3.36    64.00    64.00   0.03  99.90
cas1-1        35742.00 35909.00   2233.88   2244.31     0.00     0.00   0.00   0.00    0.26    0.17   3.37    64.00    64.00   0.01 100.00

avg-cpu:  %user   %nice %system %iowait  %steal   %idle
           0.85    0.00    5.52    0.00    0.00   93.75

Device            r/s     w/s     rMB/s     wMB/s   rrqm/s   wrqm/s  %rrqm  %wrqm r_await w_await aqu-sz rareq-sz wareq-sz  svctm  %util
nvme1n1       35025.00    0.00   2189.06      0.00     0.00     0.00   0.00   0.00    0.19    0.00   0.00    64.00     0.00   0.03 100.00
nvme0n1       1889.00 36717.00    118.06   2294.88     0.00     0.00   0.00   0.00    1.62    0.15   2.17    64.00    64.00   0.03 100.10
cas1-1        36913.00 36719.00   2307.06   2294.94     0.00     0.00   0.00   0.00    0.26    0.16   2.17    64.00    64.00   0.01 100.00

avg-cpu:  %user   %nice %system %iowait  %steal   %idle
           0.91    0.00    5.67    0.00    0.00   93.41

Device            r/s     w/s     rMB/s     wMB/s   rrqm/s   wrqm/s  %rrqm  %wrqm r_await w_await aqu-sz rareq-sz wareq-sz  svctm  %util
nvme1n1       36651.00    0.00   2290.69      0.00     0.00     0.00   0.00   0.00    0.27    0.00   0.00    64.00     0.00   0.03 100.00
nvme0n1        982.00 37397.00     61.38   2337.25     0.00     0.00   0.00   0.00    1.55    0.10   1.06    64.00    64.00   0.03 100.00
cas1-1        37632.00 37392.00   2352.00   2337.00     0.00     0.00   0.00   0.00    0.31    0.11   1.07    64.00    64.00   0.01 100.00

avg-cpu:  %user   %nice %system %iowait  %steal   %idle
           0.88    0.00    5.86    0.00    0.00   93.32

Device            r/s     w/s     rMB/s     wMB/s   rrqm/s   wrqm/s  %rrqm  %wrqm r_await w_await aqu-sz rareq-sz wareq-sz  svctm  %util
nvme1n1       36652.00    0.00   2290.75      0.00     0.00     0.00   0.00   0.00    0.24    0.00   0.00    64.00     0.00   0.03 100.00
nvme0n1       1094.00 37884.00     68.38   2367.75     0.00     0.00   0.00   0.00    1.55    0.12   1.18    64.00    64.00   0.03  99.90
cas1-1        37743.00 37882.00   2358.94   2367.62     0.00     0.00   0.00   0.00    0.28    0.13   1.19    64.00    64.00   0.01 100.00

avg-cpu:  %user   %nice %system %iowait  %steal   %idle
           0.91    0.00    5.92    0.13    0.00   93.05

Device            r/s     w/s     rMB/s     wMB/s   rrqm/s   wrqm/s  %rrqm  %wrqm r_await w_await aqu-sz rareq-sz wareq-sz  svctm  %util
nvme1n1       37138.00    0.00   2321.12      0.00     0.00     0.00   0.00   0.00    0.27    0.00   0.00    64.00     0.00   0.03 100.10
nvme0n1        821.00 37864.00     51.31   2366.50     0.00     0.00   0.00   0.00    1.59    0.10   0.91    64.00    64.00   0.03 100.10
cas1-1        37960.00 37868.00   2372.50   2366.75     0.00     0.00   0.00   0.00    0.30    0.10   0.92    64.00    64.00   0.01 100.00

avg-cpu:  %user   %nice %system %iowait  %steal   %idle
           0.88    0.00    5.70    0.35    0.00   93.07

Device            r/s     w/s     rMB/s     wMB/s   rrqm/s   wrqm/s  %rrqm  %wrqm r_await w_await aqu-sz rareq-sz wareq-sz  svctm  %util
nvme1n1       36847.00    0.00   2302.94      0.00     0.00     0.00   0.00   0.00    0.26    0.00   0.00    64.00     0.00   0.03  99.90
nvme0n1        808.00 37956.00     50.50   2372.25     0.00     0.00   0.00   0.00    1.67    0.11   1.00    64.00    64.00   0.03 100.00
cas1-1        37656.00 37958.00   2353.50   2372.38     0.00     0.00   0.00   0.00    0.30    0.11   1.01    64.00    64.00   0.01  99.90

avg-cpu:  %user   %nice %system %iowait  %steal   %idle
           0.85    0.00    5.87    0.03    0.00   93.25

Device            r/s     w/s     rMB/s     wMB/s   rrqm/s   wrqm/s  %rrqm  %wrqm r_await w_await aqu-sz rareq-sz wareq-sz  svctm  %util
nvme1n1       37090.00    0.00   2318.12      0.00     0.00     0.00   0.00   0.00    0.27    0.00   0.00    64.00     0.00   0.03 100.00
nvme0n1        799.00 37894.00     49.94   2368.38     0.00     0.00   0.00   0.00    1.58    0.10   0.88    64.00    64.00   0.03 100.00
cas1-1        37892.00 37892.00   2368.25   2368.25     0.00     0.00   0.00   0.00    0.31    0.10   0.88    64.00    64.00   0.01 100.00

avg-cpu:  %user   %nice %system %iowait  %steal   %idle
           0.88    0.00    5.71    0.00    0.00   93.44

Device            r/s     w/s     rMB/s     wMB/s   rrqm/s   wrqm/s  %rrqm  %wrqm r_await w_await aqu-sz rareq-sz wareq-sz  svctm  %util
nvme1n1       36975.00    0.00   2310.94      0.00     0.00     0.00   0.00   0.00    0.26    0.00   0.00    64.00     0.00   0.03 100.00
nvme0n1        917.00 37623.00     57.31   2351.44     0.00     0.00   0.00   0.00    1.57    0.10   0.99    64.00    64.00   0.03 100.00
cas1-1        37888.00 37625.00   2368.00   2351.56     0.00     0.00   0.00   0.00    0.30    0.11   1.00    64.00    64.00   0.01 100.00

avg-cpu:  %user   %nice %system %iowait  %steal   %idle
           0.79    0.00    5.96    0.25    0.00   93.00

Device            r/s     w/s     rMB/s     wMB/s   rrqm/s   wrqm/s  %rrqm  %wrqm r_await w_await aqu-sz rareq-sz wareq-sz  svctm  %util
nvme1n1       37388.00   13.00   2336.75      0.81     0.00     0.00   0.00   0.00    0.31    0.31   0.00    64.00    64.00   0.03  99.90
nvme0n1        259.00 38264.00     16.19   2391.50     0.00     0.00   0.00   0.00    1.68    0.08   0.34    64.00    64.00   0.03  99.90
cas1-1        37643.00 38258.00   2352.69   2391.12     0.00     0.00   0.00   0.00    0.32    0.09   0.35    64.00    64.00   0.01  99.90

avg-cpu:  %user   %nice %system %iowait  %steal   %idle
           0.88    0.00    5.80    0.00    0.00   93.32

Device            r/s     w/s     rMB/s     wMB/s   rrqm/s   wrqm/s  %rrqm  %wrqm r_await w_await aqu-sz rareq-sz wareq-sz  svctm  %util
nvme1n1       37099.00    0.00   2318.69      0.00     0.00     0.00   0.00   0.00    0.28    0.00   0.00    64.00     0.00   0.03 100.20
nvme0n1        829.00 37245.00     51.81   2327.81     0.00     0.00   0.00   0.00    1.55    0.10   0.88    64.00    64.00   0.03 100.00
cas1-1        37933.00 37251.00   2370.81   2328.19     0.00     0.00   0.00   0.00    0.31    0.10   0.88    64.00    64.00   0.01 100.00

avg-cpu:  %user   %nice %system %iowait  %steal   %idle
           0.85    0.00    5.86    0.00    0.00   93.28

Device            r/s     w/s     rMB/s     wMB/s   rrqm/s   wrqm/s  %rrqm  %wrqm r_await w_await aqu-sz rareq-sz wareq-sz  svctm  %util
nvme1n1       35752.00    0.00   2234.50      0.00     0.00     0.00   0.00   0.00    0.21    0.00   0.00    64.00     0.00   0.03 100.20
nvme0n1       1399.00 37348.00     87.44   2334.25     0.00     0.00   0.00   0.00    1.69    0.14   1.70    64.00    64.00   0.03 100.00
cas1-1        37148.00 37342.00   2321.81   2333.88     0.00     0.00   0.00   0.00    0.27    0.14   1.71    64.00    64.00   0.01 100.00

avg-cpu:  %user   %nice %system %iowait  %steal   %idle
           0.91    0.00    5.64    0.16    0.00   93.29

Device            r/s     w/s     rMB/s     wMB/s   rrqm/s   wrqm/s  %rrqm  %wrqm r_await w_await aqu-sz rareq-sz wareq-sz  svctm  %util
nvme1n1       36682.00    0.00   2292.62      0.00     0.00     0.00   0.00   0.00    0.24    0.00   0.00    64.00     0.00   0.03  99.90
nvme0n1       1085.00 37736.00     67.81   2358.50     0.00     0.00   0.00   0.00    1.63    0.12   1.26    64.00    64.00   0.03 100.00
cas1-1        37765.00 37739.00   2360.25   2358.69     0.00     0.00   0.00   0.00    0.29    0.12   1.27    64.00    64.00   0.01 100.00

avg-cpu:  %user   %nice %system %iowait  %steal   %idle
           0.98    0.00    6.02    0.25    0.00   92.76

Device            r/s     w/s     rMB/s     wMB/s   rrqm/s   wrqm/s  %rrqm  %wrqm r_await w_await aqu-sz rareq-sz wareq-sz  svctm  %util
nvme1n1       37012.00    0.00   2313.25      0.00     0.00     0.00   0.00   0.00    0.26    0.00   0.00    64.00     0.00   0.03 100.00
nvme0n1        883.00 37826.00     55.19   2364.12     0.00     0.00   0.00   0.00    1.60    0.10   0.97    64.00    64.00   0.03 100.00
cas1-1        37900.00 37827.00   2368.75   2364.19     0.00     0.00   0.00   0.00    0.30    0.10   0.98    64.00    64.00   0.01 100.00

avg-cpu:  %user   %nice %system %iowait  %steal   %idle
           1.23    0.00    3.71    0.69    0.00   94.37

Device            r/s     w/s     rMB/s     wMB/s   rrqm/s   wrqm/s  %rrqm  %wrqm r_await w_await aqu-sz rareq-sz wareq-sz  svctm  %util
nvme1n1       23118.00    0.00   1442.85      0.00     0.00     0.00   0.00   0.00    0.29    0.00   0.00    63.91     0.00   0.03  62.30
nvme0n1        357.00 23633.00     22.31   1477.06     0.00     0.00   0.00   0.00    1.73    0.09   0.44    64.00    64.00   0.03  61.90
cas1-1        23460.00 23624.00   1464.54   1476.50     0.00     0.00   0.00   0.00    0.31    0.09   0.44    63.93    64.00   0.01  62.30

