Linux 5.4.1-050401-lowlatency (kanwu-Super-Server) 	09/10/2020 	_x86_64_	(32 CPU)

avg-cpu:  %user   %nice %system %iowait  %steal   %idle
           0.06    0.00    0.20    0.06    0.00   99.68

Device            r/s     w/s     rMB/s     wMB/s   rrqm/s   wrqm/s  %rrqm  %wrqm r_await w_await aqu-sz rareq-sz wareq-sz  svctm  %util
nvme1n1        924.50  261.11     57.78     16.01     0.00     0.00   0.00   0.00    0.32    0.40   0.00    64.00    62.78   0.03   3.45
nvme0n1        200.75  168.19     12.55     10.51     0.00     0.00   0.00   0.00    0.24    0.05   0.00    63.99    63.98   0.06   2.16
cas1-1          13.05   13.06      0.82      0.82     0.00     0.00   0.00   0.00    0.42    0.51   0.00    64.00    64.00   0.03   0.08

avg-cpu:  %user   %nice %system %iowait  %steal   %idle
           0.00    0.00    0.03    0.41    0.00   99.56

Device            r/s     w/s     rMB/s     wMB/s   rrqm/s   wrqm/s  %rrqm  %wrqm r_await w_await aqu-sz rareq-sz wareq-sz  svctm  %util
nvme1n1          0.00    0.00      0.00      0.00     0.00     0.00   0.00   0.00    0.00    0.00   0.00     0.00     0.00   0.00   0.00
nvme0n1          0.00    0.00      0.00      0.00     0.00     0.00   0.00   0.00    0.00    0.00   0.00     0.00     0.00   0.00   0.00
cas1-1           0.00    0.00      0.00      0.00     0.00     0.00   0.00   0.00    0.00    0.00   0.00     0.00     0.00   0.00   0.00

avg-cpu:  %user   %nice %system %iowait  %steal   %idle
           0.03    0.00    0.03    0.53    0.00   99.41

Device            r/s     w/s     rMB/s     wMB/s   rrqm/s   wrqm/s  %rrqm  %wrqm r_await w_await aqu-sz rareq-sz wareq-sz  svctm  %util
nvme1n1          0.00    0.00      0.00      0.00     0.00     0.00   0.00   0.00    0.00    0.00   0.00     0.00     0.00   0.00   0.00
nvme0n1          0.00    0.00      0.00      0.00     0.00     0.00   0.00   0.00    0.00    0.00   0.00     0.00     0.00   0.00   0.00
cas1-1           0.00    0.00      0.00      0.00     0.00     0.00   0.00   0.00    0.00    0.00   0.00     0.00     0.00   0.00   0.00

avg-cpu:  %user   %nice %system %iowait  %steal   %idle
           0.09    0.00    0.25    0.34    0.00   99.31

Device            r/s     w/s     rMB/s     wMB/s   rrqm/s   wrqm/s  %rrqm  %wrqm r_await w_await aqu-sz rareq-sz wareq-sz  svctm  %util
nvme1n1          0.00    0.00      0.00      0.00     0.00     0.00   0.00   0.00    0.00    0.00   0.00     0.00     0.00   0.00   0.00
nvme0n1          0.00    0.00      0.00      0.00     0.00     0.00   0.00   0.00    0.00    0.00   0.00     0.00     0.00   0.00   0.00
cas1-1           0.00    0.00      0.00      0.00     0.00     0.00   0.00   0.00    0.00    0.00   0.00     0.00     0.00   0.00   0.00

avg-cpu:  %user   %nice %system %iowait  %steal   %idle
           0.56    0.00    0.69    1.28    0.00   97.46

Device            r/s     w/s     rMB/s     wMB/s   rrqm/s   wrqm/s  %rrqm  %wrqm r_await w_await aqu-sz rareq-sz wareq-sz  svctm  %util
nvme1n1       4992.00 3224.00    312.00     17.03     0.00     0.00   0.00   0.00    0.66    0.10   1.01    64.00     5.41   0.04  29.60
nvme0n1          0.00 5070.00      0.00    312.00     0.00     0.00   0.00   0.00    0.00    0.39   0.27     0.00    63.02   0.05  26.40
cas1-1           0.00    0.00      0.00      0.00     0.00     0.00   0.00   0.00    0.00    0.00   0.00     0.00     0.00   0.00   0.00

avg-cpu:  %user   %nice %system %iowait  %steal   %idle
           0.09    0.00    0.91    1.16    0.00   97.84

Device            r/s     w/s     rMB/s     wMB/s   rrqm/s   wrqm/s  %rrqm  %wrqm r_await w_await aqu-sz rareq-sz wareq-sz  svctm  %util
nvme1n1       4055.00 3767.00    252.32    152.40     0.00     0.00   0.00   0.00    0.68    0.89   3.50    63.72    41.43   0.04  33.80
nvme0n1         44.00 4083.00      1.04    251.25     0.00     0.00   0.00   0.00    0.11    0.52   0.13    24.18    63.01   0.05  22.10
cas1-1        18446744073708554240.00 18446744073708550144.00 9007199254678533.00 9007199254678450.00     0.00     0.00   0.00   0.00    0.00    0.00 4294961.91     0.50     0.50   0.00 429490632.90

avg-cpu:  %user   %nice %system %iowait  %steal   %idle
           0.66    0.00    0.13    0.50    0.00   98.72

Device            r/s     w/s     rMB/s     wMB/s   rrqm/s   wrqm/s  %rrqm  %wrqm r_await w_await aqu-sz rareq-sz wareq-sz  svctm  %util
nvme1n1          0.00    0.00      0.00      0.00     0.00     0.00   0.00   0.00    0.00    0.00   0.00     0.00     0.00   0.00   0.00
nvme0n1          0.00    0.00      0.00      0.00     0.00     0.00   0.00   0.00    0.00    0.00   0.00     0.00     0.00   0.00   0.00
cas1-1           0.00    0.00      0.00      0.00     0.00     0.00   0.00   0.00    0.00    0.00   0.00     0.00     0.00   0.00   0.00

avg-cpu:  %user   %nice %system %iowait  %steal   %idle
           0.57    0.00    4.48    0.41    0.00   94.54

Device            r/s     w/s     rMB/s     wMB/s   rrqm/s   wrqm/s  %rrqm  %wrqm r_await w_await aqu-sz rareq-sz wareq-sz  svctm  %util
nvme1n1       2772.00 17274.00    173.25    785.48     0.00     0.00   0.00   0.00    0.51    0.54   0.06    64.00    46.56   0.03  62.50
nvme0n1       4884.00    0.00    305.25      0.00     0.00     0.00   0.00   0.00    0.17    0.00   0.20    64.00     0.00   0.13  62.40
cas1-1        7658.00 7371.00    478.62    460.69     0.00     0.00   0.00   0.00    0.32    0.95   4.04    64.00    64.00   0.04  62.50

avg-cpu:  %user   %nice %system %iowait  %steal   %idle
           0.82    0.00    6.22    0.00    0.00   92.95

Device            r/s     w/s     rMB/s     wMB/s   rrqm/s   wrqm/s  %rrqm  %wrqm r_await w_await aqu-sz rareq-sz wareq-sz  svctm  %util
nvme1n1       11639.00 20369.00    727.44   1084.86     0.00     0.00   0.00   0.00    0.48    0.50   0.00    64.00    54.54   0.03 100.00
nvme0n1       2657.00    0.00    166.06      0.00     0.00     0.00   0.00   0.00    0.12    0.00   0.00    64.00     0.00   0.34  90.80
cas1-1        14301.00 14504.00    893.81    906.50     0.00     0.00   0.00   0.00    0.43    0.63   1.84    64.00    64.00   0.03 100.00

avg-cpu:  %user   %nice %system %iowait  %steal   %idle
           0.85    0.00    5.96    0.00    0.00   93.19

Device            r/s     w/s     rMB/s     wMB/s   rrqm/s   wrqm/s  %rrqm  %wrqm r_await w_await aqu-sz rareq-sz wareq-sz  svctm  %util
nvme1n1       14457.00 16329.00    903.56    983.88     0.00     0.00   0.00   0.00    0.49    0.50   0.00    64.00    61.70   0.03 100.00
nvme0n1        506.00    0.00     31.62      0.00     0.00     0.00   0.00   0.00    0.11    0.00   0.00    64.00     0.00   0.86  43.70
cas1-1        14962.00 15194.00    935.12    949.62     0.00     0.00   0.00   0.00    0.48    0.54   0.40    64.00    64.00   0.03 100.00

avg-cpu:  %user   %nice %system %iowait  %steal   %idle
           0.85    0.00    5.92    0.00    0.00   93.23

Device            r/s     w/s     rMB/s     wMB/s   rrqm/s   wrqm/s  %rrqm  %wrqm r_await w_await aqu-sz rareq-sz wareq-sz  svctm  %util
nvme1n1       15448.00 15670.00    965.50    972.46     0.00     0.00   0.00   0.00    0.48    0.49   0.00    64.00    63.55   0.03 100.00
nvme0n1        103.00    0.00      6.44      0.00     0.00     0.00   0.00   0.00    0.12    0.00   0.00    64.00     0.00   1.02  10.50
cas1-1        15546.00 15452.00    971.62    965.75     0.00     0.00   0.00   0.00    0.49    0.52   0.06    64.00    64.00   0.03 100.00

avg-cpu:  %user   %nice %system %iowait  %steal   %idle
           0.79    0.00    5.77    0.00    0.00   93.44

Device            r/s     w/s     rMB/s     wMB/s   rrqm/s   wrqm/s  %rrqm  %wrqm r_await w_await aqu-sz rareq-sz wareq-sz  svctm  %util
nvme1n1       15331.00 15675.00    958.25    978.05     0.00     0.00   0.00   0.00    0.48    0.49   0.00    64.00    63.89   0.03 100.00
nvme0n1         12.00    0.00      0.75      0.00     0.00     0.00   0.00   0.00    1.08    0.00   0.01    64.00     0.00   1.50   1.80
cas1-1        15347.00 15634.00    959.19    977.12     0.00     0.00   0.00   0.00    0.49    0.51   0.02    64.00    64.00   0.03 100.00

avg-cpu:  %user   %nice %system %iowait  %steal   %idle
           0.85    0.00    5.65    0.00    0.00   93.50

Device            r/s     w/s     rMB/s     wMB/s   rrqm/s   wrqm/s  %rrqm  %wrqm r_await w_await aqu-sz rareq-sz wareq-sz  svctm  %util
nvme1n1       15358.00 15650.00    959.81    977.83     0.00     0.00   0.00   0.00    0.48    0.49   0.00    64.00    63.98   0.03 100.00
nvme0n1          3.00    0.00      0.19      0.00     0.00     0.00   0.00   0.00    2.67    0.00   0.01    64.00     0.00   2.00   0.60
cas1-1        15360.00 15643.00    960.00    977.69     0.00     0.00   0.00   0.00    0.49    0.51   0.01    64.00    64.00   0.03 100.00

avg-cpu:  %user   %nice %system %iowait  %steal   %idle
           0.85    0.00    5.71    0.00    0.00   93.44

Device            r/s     w/s     rMB/s     wMB/s   rrqm/s   wrqm/s  %rrqm  %wrqm r_await w_await aqu-sz rareq-sz wareq-sz  svctm  %util
nvme1n1       15353.00 15594.00    959.56    974.45     0.00     0.00   0.00   0.00    0.48    0.49   0.00    64.00    63.99   0.03 100.00
nvme0n1          0.00    0.00      0.00      0.00     0.00     0.00   0.00   0.00    0.00    0.00   0.00     0.00     0.00   0.00   0.00
cas1-1        15354.00 15589.00    959.62    974.31     0.00     0.00   0.00   0.00    0.49    0.51   0.00    64.00    64.00   0.03 100.00

avg-cpu:  %user   %nice %system %iowait  %steal   %idle
           0.91    0.00    5.71    0.00    0.00   93.38

Device            r/s     w/s     rMB/s     wMB/s   rrqm/s   wrqm/s  %rrqm  %wrqm r_await w_await aqu-sz rareq-sz wareq-sz  svctm  %util
nvme1n1       15501.00 15518.00    968.81    969.88     0.00     0.00   0.00   0.00    0.48    0.49   0.00    64.00    64.00   0.03 100.00
nvme0n1          0.00    0.00      0.00      0.00     0.00     0.00   0.00   0.00    0.00    0.00   0.00     0.00     0.00   0.00   0.00
cas1-1        15499.00 15519.00    968.69    969.94     0.00     0.00   0.00   0.00    0.49    0.51   0.00    64.00    64.00   0.03 100.00

avg-cpu:  %user   %nice %system %iowait  %steal   %idle
           0.79    0.00    5.89    0.00    0.00   93.32

Device            r/s     w/s     rMB/s     wMB/s   rrqm/s   wrqm/s  %rrqm  %wrqm r_await w_await aqu-sz rareq-sz wareq-sz  svctm  %util
nvme1n1       15577.00 15492.00    973.56    968.25     0.00     0.00   0.00   0.00    0.48    0.49   0.00    64.00    64.00   0.03 100.00
nvme0n1          0.00    0.00      0.00      0.00     0.00     0.00   0.00   0.00    0.00    0.00   0.00     0.00     0.00   0.00   0.00
cas1-1        15581.00 15489.00    973.81    968.06     0.00     0.00   0.00   0.00    0.49    0.51   0.00    64.00    64.00   0.03 100.00

avg-cpu:  %user   %nice %system %iowait  %steal   %idle
           0.79    0.00    5.74    0.00    0.00   93.48

Device            r/s     w/s     rMB/s     wMB/s   rrqm/s   wrqm/s  %rrqm  %wrqm r_await w_await aqu-sz rareq-sz wareq-sz  svctm  %util
nvme1n1       15396.00 15537.00    962.25    971.06     0.00     0.00   0.00   0.00    0.48    0.50   0.00    64.00    64.00   0.03 100.00
nvme0n1          0.00    0.00      0.00      0.00     0.00     0.00   0.00   0.00    0.00    0.00   0.00     0.00     0.00   0.00   0.00
cas1-1        15395.00 15541.00    962.19    971.31     0.00     0.00   0.00   0.00    0.49    0.52   0.00    64.00    64.00   0.03 100.10

avg-cpu:  %user   %nice %system %iowait  %steal   %idle
           0.91    0.00    5.73    0.00    0.00   93.35

Device            r/s     w/s     rMB/s     wMB/s   rrqm/s   wrqm/s  %rrqm  %wrqm r_await w_await aqu-sz rareq-sz wareq-sz  svctm  %util
nvme1n1       15502.00 15455.00    968.88    965.94     0.00     0.00   0.00   0.00    0.48    0.50   0.00    64.00    64.00   0.03 100.00
nvme0n1          0.00    0.00      0.00      0.00     0.00     0.00   0.00   0.00    0.00    0.00   0.00     0.00     0.00   0.00   0.00
cas1-1        15500.00 15456.00    968.75    966.00     0.00     0.00   0.00   0.00    0.49    0.52   0.00    64.00    64.00   0.03 100.00

avg-cpu:  %user   %nice %system %iowait  %steal   %idle
           0.82    0.00    5.89    0.00    0.00   93.29

Device            r/s     w/s     rMB/s     wMB/s   rrqm/s   wrqm/s  %rrqm  %wrqm r_await w_await aqu-sz rareq-sz wareq-sz  svctm  %util
nvme1n1       15470.00 15493.00    966.87    968.31     0.00     0.00   0.00   0.00    0.48    0.49   0.00    64.00    64.00   0.03 100.00
nvme0n1          0.00    0.00      0.00      0.00     0.00     0.00   0.00   0.00    0.00    0.00   0.00     0.00     0.00   0.00   0.00
cas1-1        15470.00 15491.00    966.87    968.19     0.00     0.00   0.00   0.00    0.49    0.51   0.00    64.00    64.00   0.03 100.00

avg-cpu:  %user   %nice %system %iowait  %steal   %idle
           0.85    0.00    5.76    0.00    0.00   93.39

Device            r/s     w/s     rMB/s     wMB/s   rrqm/s   wrqm/s  %rrqm  %wrqm r_await w_await aqu-sz rareq-sz wareq-sz  svctm  %util
nvme1n1       15469.00 15432.00    966.81    964.50     0.00     0.00   0.00   0.00    0.48    0.50   0.00    64.00    64.00   0.03 100.00
nvme0n1          0.00    0.00      0.00      0.00     0.00     0.00   0.00   0.00    0.00    0.00   0.00     0.00     0.00   0.00   0.00
cas1-1        15472.00 15433.00    967.00    964.56     0.00     0.00   0.00   0.00    0.49    0.52   0.00    64.00    64.00   0.03 100.00

avg-cpu:  %user   %nice %system %iowait  %steal   %idle
           0.82    0.00    5.65    0.00    0.00   93.53

Device            r/s     w/s     rMB/s     wMB/s   rrqm/s   wrqm/s  %rrqm  %wrqm r_await w_await aqu-sz rareq-sz wareq-sz  svctm  %util
nvme1n1       15532.00 15454.00    970.75    965.88     0.00     0.00   0.00   0.00    0.48    0.50   0.00    64.00    64.00   0.03 100.10
nvme0n1          0.00    0.00      0.00      0.00     0.00     0.00   0.00   0.00    0.00    0.00   0.00     0.00     0.00   0.00   0.00
cas1-1        15530.00 15453.00    970.63    965.81     0.00     0.00   0.00   0.00    0.49    0.52   0.00    64.00    64.00   0.03 100.00

avg-cpu:  %user   %nice %system %iowait  %steal   %idle
           0.82    0.00    5.89    0.00    0.00   93.29

Device            r/s     w/s     rMB/s     wMB/s   rrqm/s   wrqm/s  %rrqm  %wrqm r_await w_await aqu-sz rareq-sz wareq-sz  svctm  %util
nvme1n1       15693.00 15395.00    980.81    962.19     0.00     0.00   0.00   0.00    0.48    0.49   0.00    64.00    64.00   0.03  99.90
nvme0n1          0.00    0.00      0.00      0.00     0.00     0.00   0.00   0.00    0.00    0.00   0.00     0.00     0.00   0.00   0.00
cas1-1        15692.00 15393.00    980.75    962.06     0.00     0.00   0.00   0.00    0.49    0.51   0.00    64.00    64.00   0.03 100.00

avg-cpu:  %user   %nice %system %iowait  %steal   %idle
           0.88    0.00    5.65    0.00    0.00   93.47

Device            r/s     w/s     rMB/s     wMB/s   rrqm/s   wrqm/s  %rrqm  %wrqm r_await w_await aqu-sz rareq-sz wareq-sz  svctm  %util
nvme1n1       15472.00 15518.00    967.00    969.88     0.00     0.00   0.00   0.00    0.48    0.49   0.00    64.00    64.00   0.03 100.10
nvme0n1          0.00    0.00      0.00      0.00     0.00     0.00   0.00   0.00    0.00    0.00   0.00     0.00     0.00   0.00   0.00
cas1-1        15470.00 15522.00    966.87    970.12     0.00     0.00   0.00   0.00    0.49    0.51   0.00    64.00    64.00   0.03 100.00

avg-cpu:  %user   %nice %system %iowait  %steal   %idle
           0.85    0.00    5.70    0.00    0.00   93.45

Device            r/s     w/s     rMB/s     wMB/s   rrqm/s   wrqm/s  %rrqm  %wrqm r_await w_await aqu-sz rareq-sz wareq-sz  svctm  %util
nvme1n1       15601.00 15453.00    975.06    965.81     0.00     0.00   0.00   0.00    0.48    0.49   0.00    64.00    64.00   0.03 100.00
nvme0n1          0.00    0.00      0.00      0.00     0.00     0.00   0.00   0.00    0.00    0.00   0.00     0.00     0.00   0.00   0.00
cas1-1        15605.00 15450.00    975.31    965.62     0.00     0.00   0.00   0.00    0.49    0.51   0.00    64.00    64.00   0.03 100.00

avg-cpu:  %user   %nice %system %iowait  %steal   %idle
           0.76    0.00    5.80    0.00    0.00   93.44

Device            r/s     w/s     rMB/s     wMB/s   rrqm/s   wrqm/s  %rrqm  %wrqm r_await w_await aqu-sz rareq-sz wareq-sz  svctm  %util
nvme1n1       15458.00 15506.00    966.13    969.12     0.00     0.00   0.00   0.00    0.48    0.49   0.00    64.00    64.00   0.03 100.00
nvme0n1          0.00    0.00      0.00      0.00     0.00     0.00   0.00   0.00    0.00    0.00   0.00     0.00     0.00   0.00   0.00
cas1-1        15456.00 15508.00    966.00    969.25     0.00     0.00   0.00   0.00    0.49    0.51   0.00    64.00    64.00   0.03 100.00

avg-cpu:  %user   %nice %system %iowait  %steal   %idle
           0.85    0.00    5.70    0.00    0.00   93.44

Device            r/s     w/s     rMB/s     wMB/s   rrqm/s   wrqm/s  %rrqm  %wrqm r_await w_await aqu-sz rareq-sz wareq-sz  svctm  %util
nvme1n1       15488.00 15491.00    968.00    968.19     0.00     0.00   0.00   0.00    0.48    0.50   0.00    64.00    64.00   0.03 100.00
nvme0n1          0.00    0.00      0.00      0.00     0.00     0.00   0.00   0.00    0.00    0.00   0.00     0.00     0.00   0.00   0.00
cas1-1        15489.00 15491.00    968.06    968.19     0.00     0.00   0.00   0.00    0.49    0.52   0.00    64.00    64.00   0.03 100.00

avg-cpu:  %user   %nice %system %iowait  %steal   %idle
           0.82    0.00    5.62    0.00    0.00   93.56

Device            r/s     w/s     rMB/s     wMB/s   rrqm/s   wrqm/s  %rrqm  %wrqm r_await w_await aqu-sz rareq-sz wareq-sz  svctm  %util
nvme1n1       15421.00 15479.00    963.88    967.44     0.00     0.00   0.00   0.00    0.48    0.50   0.00    64.00    64.00   0.03 100.00
nvme0n1          0.00    0.00      0.00      0.00     0.00     0.00   0.00   0.00    0.00    0.00   0.00     0.00     0.00   0.00   0.00
cas1-1        15423.00 15478.00    963.94    967.38     0.00     0.00   0.00   0.00    0.49    0.52   0.00    64.00    64.00   0.03 100.00

avg-cpu:  %user   %nice %system %iowait  %steal   %idle
           0.82    0.00    5.83    0.00    0.00   93.35

Device            r/s     w/s     rMB/s     wMB/s   rrqm/s   wrqm/s  %rrqm  %wrqm r_await w_await aqu-sz rareq-sz wareq-sz  svctm  %util
nvme1n1       15550.00 15395.00    971.81    962.19     0.00     0.00   0.00   0.00    0.48    0.50   0.00    64.00    64.00   0.03 100.00
nvme0n1          0.00    0.00      0.00      0.00     0.00     0.00   0.00   0.00    0.00    0.00   0.00     0.00     0.00   0.00   0.00
cas1-1        15548.00 15396.00    971.75    962.25     0.00     0.00   0.00   0.00    0.49    0.52   0.00    64.00    64.00   0.03 100.00

avg-cpu:  %user   %nice %system %iowait  %steal   %idle
           0.88    0.00    5.65    0.00    0.00   93.47

Device            r/s     w/s     rMB/s     wMB/s   rrqm/s   wrqm/s  %rrqm  %wrqm r_await w_await aqu-sz rareq-sz wareq-sz  svctm  %util
nvme1n1       15570.00 15371.00    973.12    960.69     0.00     0.00   0.00   0.00    0.48    0.49   0.00    64.00    64.00   0.03 100.00
nvme0n1          0.00    0.00      0.00      0.00     0.00     0.00   0.00   0.00    0.00    0.00   0.00     0.00     0.00   0.00   0.00
cas1-1        15568.00 15368.00    973.00    960.50     0.00     0.00   0.00   0.00    0.49    0.51   0.00    64.00    64.00   0.03 100.00

avg-cpu:  %user   %nice %system %iowait  %steal   %idle
           0.85    0.00    5.65    0.00    0.00   93.50

Device            r/s     w/s     rMB/s     wMB/s   rrqm/s   wrqm/s  %rrqm  %wrqm r_await w_await aqu-sz rareq-sz wareq-sz  svctm  %util
nvme1n1       15487.00 15528.00    967.94    970.50     0.00     0.00   0.00   0.00    0.48    0.49   0.00    64.00    64.00   0.03 100.00
nvme0n1          0.00    0.00      0.00      0.00     0.00     0.00   0.00   0.00    0.00    0.00   0.00     0.00     0.00   0.00   0.00
cas1-1        15487.00 15530.00    967.94    970.63     0.00     0.00   0.00   0.00    0.49    0.51   0.00    64.00    64.00   0.03 100.00

avg-cpu:  %user   %nice %system %iowait  %steal   %idle
           0.82    0.00    5.56    0.00    0.00   93.62

Device            r/s     w/s     rMB/s     wMB/s   rrqm/s   wrqm/s  %rrqm  %wrqm r_await w_await aqu-sz rareq-sz wareq-sz  svctm  %util
nvme1n1       15586.00 15384.00    974.13    961.50     0.00     0.00   0.00   0.00    0.48    0.49   0.00    64.00    64.00   0.03 100.00
nvme0n1          0.00    0.00      0.00      0.00     0.00     0.00   0.00   0.00    0.00    0.00   0.00     0.00     0.00   0.00   0.00
cas1-1        15586.00 15385.00    974.13    961.56     0.00     0.00   0.00   0.00    0.49    0.51   0.00    64.00    64.00   0.03 100.20

avg-cpu:  %user   %nice %system %iowait  %steal   %idle
           0.88    0.00    5.71    0.00    0.00   93.41

Device            r/s     w/s     rMB/s     wMB/s   rrqm/s   wrqm/s  %rrqm  %wrqm r_await w_await aqu-sz rareq-sz wareq-sz  svctm  %util
nvme1n1       15430.00 15492.00    964.38    968.25     0.00     0.00   0.00   0.00    0.48    0.50   0.00    64.00    64.00   0.03 100.00
nvme0n1          0.00    0.00      0.00      0.00     0.00     0.00   0.00   0.00    0.00    0.00   0.00     0.00     0.00   0.00   0.00
cas1-1        15434.00 15489.00    964.62    968.06     0.00     0.00   0.00   0.00    0.49    0.52   0.00    64.00    64.00   0.03 100.00

avg-cpu:  %user   %nice %system %iowait  %steal   %idle
           0.73    0.00    5.74    0.00    0.00   93.53

Device            r/s     w/s     rMB/s     wMB/s   rrqm/s   wrqm/s  %rrqm  %wrqm r_await w_await aqu-sz rareq-sz wareq-sz  svctm  %util
nvme1n1       15740.00 15212.00    983.75    950.75     0.00     0.00   0.00   0.00    0.48    0.50   0.00    64.00    64.00   0.03 100.00
nvme0n1          0.00    0.00      0.00      0.00     0.00     0.00   0.00   0.00    0.00    0.00   0.00     0.00     0.00   0.00   0.00
cas1-1        15738.00 15216.00    983.62    951.00     0.00     0.00   0.00   0.00    0.49    0.52   0.00    64.00    64.00   0.03 100.10

avg-cpu:  %user   %nice %system %iowait  %steal   %idle
           0.79    0.00    5.59    0.00    0.00   93.62

Device            r/s     w/s     rMB/s     wMB/s   rrqm/s   wrqm/s  %rrqm  %wrqm r_await w_await aqu-sz rareq-sz wareq-sz  svctm  %util
nvme1n1       15533.00 15405.00    970.81    962.81     0.00     0.00   0.00   0.00    0.48    0.49   0.00    64.00    64.00   0.03 100.00
nvme0n1          0.00    0.00      0.00      0.00     0.00     0.00   0.00   0.00    0.00    0.00   0.00     0.00     0.00   0.00   0.00
cas1-1        15534.00 15402.00    970.88    962.63     0.00     0.00   0.00   0.00    0.49    0.52   0.00    64.00    64.00   0.03  99.90

avg-cpu:  %user   %nice %system %iowait  %steal   %idle
           0.95    0.00    5.55    0.03    0.00   93.47

Device            r/s     w/s     rMB/s     wMB/s   rrqm/s   wrqm/s  %rrqm  %wrqm r_await w_await aqu-sz rareq-sz wareq-sz  svctm  %util
nvme1n1       15378.00 15476.00    961.12    967.25     0.00     0.00   0.00   0.00    0.48    0.50   0.00    64.00    64.00   0.03 100.00
nvme0n1          0.00    0.00      0.00      0.00     0.00     0.00   0.00   0.00    0.00    0.00   0.00     0.00     0.00   0.00   0.00
cas1-1        15378.00 15474.00    961.12    967.12     0.00     0.00   0.00   0.00    0.49    0.52   0.00    64.00    64.00   0.03 100.00

avg-cpu:  %user   %nice %system %iowait  %steal   %idle
           0.76    0.00    5.68    0.00    0.00   93.56

Device            r/s     w/s     rMB/s     wMB/s   rrqm/s   wrqm/s  %rrqm  %wrqm r_await w_await aqu-sz rareq-sz wareq-sz  svctm  %util
nvme1n1       15517.00 15446.00    969.81    965.38     0.00     0.00   0.00   0.00    0.48    0.50   0.00    64.00    64.00   0.03 100.00
nvme0n1          0.00    0.00      0.00      0.00     0.00     0.00   0.00   0.00    0.00    0.00   0.00     0.00     0.00   0.00   0.00
cas1-1        15513.00 15452.00    969.56    965.75     0.00     0.00   0.00   0.00    0.49    0.52   0.00    64.00    64.00   0.03 100.10

avg-cpu:  %user   %nice %system %iowait  %steal   %idle
           0.88    0.00    5.47    0.00    0.00   93.65

Device            r/s     w/s     rMB/s     wMB/s   rrqm/s   wrqm/s  %rrqm  %wrqm r_await w_await aqu-sz rareq-sz wareq-sz  svctm  %util
nvme1n1       15337.00 15429.00    958.56    964.31     0.00     0.00   0.00   0.00    0.48    0.50   0.00    64.00    64.00   0.03 100.00
nvme0n1          0.00    0.00      0.00      0.00     0.00     0.00   0.00   0.00    0.00    0.00   0.00     0.00     0.00   0.00   0.00
cas1-1        15341.00 15425.00    958.81    964.06     0.00     0.00   0.00   0.00    0.49    0.52   0.00    64.00    64.00   0.03 100.20

avg-cpu:  %user   %nice %system %iowait  %steal   %idle
           0.82    0.00    5.68    0.00    0.00   93.50

Device            r/s     w/s     rMB/s     wMB/s   rrqm/s   wrqm/s  %rrqm  %wrqm r_await w_await aqu-sz rareq-sz wareq-sz  svctm  %util
nvme1n1       15370.00 15379.00    960.62    961.19     0.00     0.00   0.00   0.00    0.48    0.50   0.00    64.00    64.00   0.03 100.20
nvme0n1          0.00    0.00      0.00      0.00     0.00     0.00   0.00   0.00    0.00    0.00   0.00     0.00     0.00   0.00   0.00
cas1-1        15367.00 15380.00    960.44    961.25     0.00     0.00   0.00   0.00    0.49    0.52   0.00    64.00    64.00   0.03 100.00

avg-cpu:  %user   %nice %system %iowait  %steal   %idle
           0.76    0.00    5.74    0.00    0.00   93.50

Device            r/s     w/s     rMB/s     wMB/s   rrqm/s   wrqm/s  %rrqm  %wrqm r_await w_await aqu-sz rareq-sz wareq-sz  svctm  %util
nvme1n1       15470.00 15452.00    966.87    965.75     0.00     0.00   0.00   0.00    0.48    0.50   0.00    64.00    64.00   0.03 100.10
nvme0n1          0.00    0.00      0.00      0.00     0.00     0.00   0.00   0.00    0.00    0.00   0.00     0.00     0.00   0.00   0.00
cas1-1        15473.00 15451.00    967.06    965.69     0.00     0.00   0.00   0.00    0.49    0.52   0.00    64.00    64.00   0.03 100.00

avg-cpu:  %user   %nice %system %iowait  %steal   %idle
           0.88    0.00    5.67    0.00    0.00   93.44

Device            r/s     w/s     rMB/s     wMB/s   rrqm/s   wrqm/s  %rrqm  %wrqm r_await w_await aqu-sz rareq-sz wareq-sz  svctm  %util
nvme1n1       15182.00 15425.00    948.88    964.06     0.00     0.00   0.00   0.00    0.48    0.50   0.00    64.00    64.00   0.03 100.00
nvme0n1          0.00    0.00      0.00      0.00     0.00     0.00   0.00   0.00    0.00    0.00   0.00     0.00     0.00   0.00   0.00
cas1-1        15180.00 15427.00    948.75    964.19     0.00     0.00   0.00   0.00    0.50    0.52   0.00    64.00    64.00   0.03 100.00

avg-cpu:  %user   %nice %system %iowait  %steal   %idle
           0.92    0.00    5.59    0.00    0.00   93.50

Device            r/s     w/s     rMB/s     wMB/s   rrqm/s   wrqm/s  %rrqm  %wrqm r_await w_await aqu-sz rareq-sz wareq-sz  svctm  %util
nvme1n1       15500.00 15520.00    968.75    970.00     0.00     0.00   0.00   0.00    0.48    0.49   0.00    64.00    64.00   0.03 100.00
nvme0n1          0.00    0.00      0.00      0.00     0.00     0.00   0.00   0.00    0.00    0.00   0.00     0.00     0.00   0.00   0.00
cas1-1        15502.00 15518.00    968.88    969.88     0.00     0.00   0.00   0.00    0.49    0.51   0.00    64.00    64.00   0.03 100.00

avg-cpu:  %user   %nice %system %iowait  %steal   %idle
           0.79    0.00    5.73    0.00    0.00   93.48

Device            r/s     w/s     rMB/s     wMB/s   rrqm/s   wrqm/s  %rrqm  %wrqm r_await w_await aqu-sz rareq-sz wareq-sz  svctm  %util
nvme1n1       15424.00 15459.00    964.00    966.19     0.00     0.00   0.00   0.00    0.48    0.50   0.00    64.00    64.00   0.03 100.00
nvme0n1          0.00    0.00      0.00      0.00     0.00     0.00   0.00   0.00    0.00    0.00   0.00     0.00     0.00   0.00   0.00
cas1-1        15423.00 15461.00    963.94    966.31     0.00     0.00   0.00   0.00    0.49    0.52   0.00    64.00    64.00   0.03 100.00

avg-cpu:  %user   %nice %system %iowait  %steal   %idle
           0.76    0.00    5.71    0.00    0.00   93.53

Device            r/s     w/s     rMB/s     wMB/s   rrqm/s   wrqm/s  %rrqm  %wrqm r_await w_await aqu-sz rareq-sz wareq-sz  svctm  %util
nvme1n1       15548.00 15296.00    971.75    956.00     0.00     0.00   0.00   0.00    0.48    0.50   0.00    64.00    64.00   0.03 100.00
nvme0n1          0.00    0.00      0.00      0.00     0.00     0.00   0.00   0.00    0.00    0.00   0.00     0.00     0.00   0.00   0.00
cas1-1        15547.00 15297.00    971.69    956.06     0.00     0.00   0.00   0.00    0.49    0.52   0.00    64.00    64.00   0.03 100.00

avg-cpu:  %user   %nice %system %iowait  %steal   %idle
           0.85    0.00    5.64    0.00    0.00   93.50

Device            r/s     w/s     rMB/s     wMB/s   rrqm/s   wrqm/s  %rrqm  %wrqm r_await w_await aqu-sz rareq-sz wareq-sz  svctm  %util
nvme1n1       15557.00 15457.00    972.38    966.06     0.00     0.00   0.00   0.00    0.48    0.49   0.00    64.00    64.00   0.03 100.00
nvme0n1          0.00    0.00      0.00      0.00     0.00     0.00   0.00   0.00    0.00    0.00   0.00     0.00     0.00   0.00   0.00
cas1-1        15558.00 15456.00    972.38    966.00     0.00     0.00   0.00   0.00    0.49    0.51   0.00    64.00    64.00   0.03 100.00

avg-cpu:  %user   %nice %system %iowait  %steal   %idle
           0.79    0.00    5.77    0.00    0.00   93.44

Device            r/s     w/s     rMB/s     wMB/s   rrqm/s   wrqm/s  %rrqm  %wrqm r_await w_await aqu-sz rareq-sz wareq-sz  svctm  %util
nvme1n1       15550.00 15452.00    971.81    965.75     0.00     0.00   0.00   0.00    0.48    0.49   0.00    64.00    64.00   0.03 100.00
nvme0n1          0.00    0.00      0.00      0.00     0.00     0.00   0.00   0.00    0.00    0.00   0.00     0.00     0.00   0.00   0.00
cas1-1        15545.00 15452.00    971.56    965.75     0.00     0.00   0.00   0.00    0.49    0.51   0.00    64.00    64.00   0.03 100.00

avg-cpu:  %user   %nice %system %iowait  %steal   %idle
           0.79    0.00    5.68    0.00    0.00   93.53

Device            r/s     w/s     rMB/s     wMB/s   rrqm/s   wrqm/s  %rrqm  %wrqm r_await w_await aqu-sz rareq-sz wareq-sz  svctm  %util
nvme1n1       15715.00 15320.00    982.19    957.50     0.00     0.00   0.00   0.00    0.48    0.49   0.00    64.00    64.00   0.03 100.00
nvme0n1          0.00    0.00      0.00      0.00     0.00     0.00   0.00   0.00    0.00    0.00   0.00     0.00     0.00   0.00   0.00
cas1-1        15722.00 15320.00    982.62    957.50     0.00     0.00   0.00   0.00    0.49    0.51   0.00    64.00    64.00   0.03 100.00

avg-cpu:  %user   %nice %system %iowait  %steal   %idle
           0.91    0.00    5.74    0.00    0.00   93.35

Device            r/s     w/s     rMB/s     wMB/s   rrqm/s   wrqm/s  %rrqm  %wrqm r_await w_await aqu-sz rareq-sz wareq-sz  svctm  %util
nvme1n1       15381.00 15495.00    961.31    968.44     0.00     0.00   0.00   0.00    0.48    0.49   0.00    64.00    64.00   0.03 100.00
nvme0n1          0.00    0.00      0.00      0.00     0.00     0.00   0.00   0.00    0.00    0.00   0.00     0.00     0.00   0.00   0.00
cas1-1        15379.00 15493.00    961.19    968.31     0.00     0.00   0.00   0.00    0.49    0.52   0.00    64.00    64.00   0.03 100.00

avg-cpu:  %user   %nice %system %iowait  %steal   %idle
           0.85    0.00    5.68    0.00    0.00   93.47

Device            r/s     w/s     rMB/s     wMB/s   rrqm/s   wrqm/s  %rrqm  %wrqm r_await w_await aqu-sz rareq-sz wareq-sz  svctm  %util
nvme1n1       15397.00 15512.00    962.31    969.50     0.00     0.00   0.00   0.00    0.48    0.50   0.00    64.00    64.00   0.03 100.00
nvme0n1          0.00    0.00      0.00      0.00     0.00     0.00   0.00   0.00    0.00    0.00   0.00     0.00     0.00   0.00   0.00
cas1-1        15394.00 15513.00    962.12    969.56     0.00     0.00   0.00   0.00    0.49    0.52   0.00    64.00    64.00   0.03 100.00

avg-cpu:  %user   %nice %system %iowait  %steal   %idle
           0.82    0.00    5.80    0.00    0.00   93.38

Device            r/s     w/s     rMB/s     wMB/s   rrqm/s   wrqm/s  %rrqm  %wrqm r_await w_await aqu-sz rareq-sz wareq-sz  svctm  %util
nvme1n1       15332.00 15508.00    958.25    969.25     0.00     0.00   0.00   0.00    0.48    0.50   0.00    64.00    64.00   0.03 100.00
nvme0n1          0.00    0.00      0.00      0.00     0.00     0.00   0.00   0.00    0.00    0.00   0.00     0.00     0.00   0.00   0.00
cas1-1        15334.00 15507.00    958.38    969.19     0.00     0.00   0.00   0.00    0.49    0.52   0.00    64.00    64.00   0.03 100.00

avg-cpu:  %user   %nice %system %iowait  %steal   %idle
           0.85    0.00    5.74    0.00    0.00   93.40

Device            r/s     w/s     rMB/s     wMB/s   rrqm/s   wrqm/s  %rrqm  %wrqm r_await w_await aqu-sz rareq-sz wareq-sz  svctm  %util
nvme1n1       15319.80 15309.90    957.49    956.87     0.00     0.00   0.00   0.00    0.48    0.49   0.00    64.00    64.00   0.03  99.21
nvme0n1          0.00    0.00      0.00      0.00     0.00     0.00   0.00   0.00    0.00    0.00   0.00     0.00     0.00   0.00   0.00
cas1-1        15319.80 15311.88    957.49    956.99     0.00     0.00   0.00   0.00    0.49    0.52   0.00    64.00    64.00   0.03  99.11

avg-cpu:  %user   %nice %system %iowait  %steal   %idle
           0.82    0.00    5.77    0.00    0.00   93.41

Device            r/s     w/s     rMB/s     wMB/s   rrqm/s   wrqm/s  %rrqm  %wrqm r_await w_await aqu-sz rareq-sz wareq-sz  svctm  %util
nvme1n1       15405.00 15503.00    962.81    968.94     0.00     0.00   0.00   0.00    0.48    0.50   0.00    64.00    64.00   0.03 100.00
nvme0n1          0.00    0.00      0.00      0.00     0.00     0.00   0.00   0.00    0.00    0.00   0.00     0.00     0.00   0.00   0.00
cas1-1        15406.00 15502.00    962.88    968.88     0.00     0.00   0.00   0.00    0.49    0.52   0.00    64.00    64.00   0.03 100.00

avg-cpu:  %user   %nice %system %iowait  %steal   %idle
           0.82    0.00    5.56    0.00    0.00   93.62

Device            r/s     w/s     rMB/s     wMB/s   rrqm/s   wrqm/s  %rrqm  %wrqm r_await w_await aqu-sz rareq-sz wareq-sz  svctm  %util
nvme1n1       15572.00 15398.00    973.25    962.37     0.00     0.00   0.00   0.00    0.48    0.50   0.00    64.00    64.00   0.03 100.00
nvme0n1          0.00    0.00      0.00      0.00     0.00     0.00   0.00   0.00    0.00    0.00   0.00     0.00     0.00   0.00   0.00
cas1-1        15575.00 15397.00    973.44    962.31     0.00     0.00   0.00   0.00    0.49    0.52   0.00    64.00    64.00   0.03 100.00

avg-cpu:  %user   %nice %system %iowait  %steal   %idle
           0.85    0.00    5.71    0.00    0.00   93.44

Device            r/s     w/s     rMB/s     wMB/s   rrqm/s   wrqm/s  %rrqm  %wrqm r_await w_await aqu-sz rareq-sz wareq-sz  svctm  %util
nvme1n1       15345.00 15387.00    959.12    961.69     0.00     0.00   0.00   0.00    0.48    0.50   0.00    64.00    64.00   0.03 100.00
nvme0n1          0.00    0.00      0.00      0.00     0.00     0.00   0.00   0.00    0.00    0.00   0.00     0.00     0.00   0.00   0.00
cas1-1        15341.00 15388.00    958.81    961.75     0.00     0.00   0.00   0.00    0.49    0.52   0.00    64.00    64.00   0.03 100.00

avg-cpu:  %user   %nice %system %iowait  %steal   %idle
           0.85    0.00    5.68    0.00    0.00   93.47

Device            r/s     w/s     rMB/s     wMB/s   rrqm/s   wrqm/s  %rrqm  %wrqm r_await w_await aqu-sz rareq-sz wareq-sz  svctm  %util
nvme1n1       15387.00 15345.00    961.63    959.06     0.00     0.00   0.00   0.00    0.48    0.50   0.00    64.00    64.00   0.03 100.00
nvme0n1          0.00    0.00      0.00      0.00     0.00     0.00   0.00   0.00    0.00    0.00   0.00     0.00     0.00   0.00   0.00
cas1-1        15389.00 15345.00    961.81    959.06     0.00     0.00   0.00   0.00    0.49    0.52   0.00    64.00    64.00   0.03 100.00

avg-cpu:  %user   %nice %system %iowait  %steal   %idle
           0.88    0.00    5.77    0.00    0.00   93.35

Device            r/s     w/s     rMB/s     wMB/s   rrqm/s   wrqm/s  %rrqm  %wrqm r_await w_await aqu-sz rareq-sz wareq-sz  svctm  %util
nvme1n1       15271.00 15547.00    954.44    971.69     0.00     0.00   0.00   0.00    0.48    0.50   0.00    64.00    64.00   0.03 100.10
nvme0n1          0.00    0.00      0.00      0.00     0.00     0.00   0.00   0.00    0.00    0.00   0.00     0.00     0.00   0.00   0.00
cas1-1        15270.00 15548.00    954.37    971.75     0.00     0.00   0.00   0.00    0.49    0.52   0.00    64.00    64.00   0.03 100.00

avg-cpu:  %user   %nice %system %iowait  %steal   %idle
           0.76    0.00    5.62    0.00    0.00   93.62

Device            r/s     w/s     rMB/s     wMB/s   rrqm/s   wrqm/s  %rrqm  %wrqm r_await w_await aqu-sz rareq-sz wareq-sz  svctm  %util
nvme1n1       15439.00 15268.00    964.94    954.25     0.00     0.00   0.00   0.00    0.48    0.50   0.00    64.00    64.00   0.03 100.00
nvme0n1          0.00    0.00      0.00      0.00     0.00     0.00   0.00   0.00    0.00    0.00   0.00     0.00     0.00   0.00   0.00
cas1-1        15437.00 15269.00    964.81    954.31     0.00     0.00   0.00   0.00    0.49    0.52   0.00    64.00    64.00   0.03 100.00

avg-cpu:  %user   %nice %system %iowait  %steal   %idle
           0.88    0.00    5.59    0.00    0.00   93.53

Device            r/s     w/s     rMB/s     wMB/s   rrqm/s   wrqm/s  %rrqm  %wrqm r_await w_await aqu-sz rareq-sz wareq-sz  svctm  %util
nvme1n1       15366.00 15429.00    960.38    964.31     0.00     0.00   0.00   0.00    0.48    0.50   0.00    64.00    64.00   0.03 100.00
nvme0n1          0.00    0.00      0.00      0.00     0.00     0.00   0.00   0.00    0.00    0.00   0.00     0.00     0.00   0.00   0.00
cas1-1        15369.00 15427.00    960.56    964.19     0.00     0.00   0.00   0.00    0.49    0.52   0.00    64.00    64.00   0.03 100.00

avg-cpu:  %user   %nice %system %iowait  %steal   %idle
           0.82    0.00    5.74    0.00    0.00   93.44

Device            r/s     w/s     rMB/s     wMB/s   rrqm/s   wrqm/s  %rrqm  %wrqm r_await w_await aqu-sz rareq-sz wareq-sz  svctm  %util
nvme1n1       15393.00 15360.00    962.06    960.00     0.00     0.00   0.00   0.00    0.48    0.50   0.00    64.00    64.00   0.03 100.00
nvme0n1          0.00    0.00      0.00      0.00     0.00     0.00   0.00   0.00    0.00    0.00   0.00     0.00     0.00   0.00   0.00
cas1-1        15391.00 15360.00    961.94    960.00     0.00     0.00   0.00   0.00    0.49    0.52   0.00    64.00    64.00   0.03 100.00

avg-cpu:  %user   %nice %system %iowait  %steal   %idle
           0.85    0.00    5.64    0.00    0.00   93.50

Device            r/s     w/s     rMB/s     wMB/s   rrqm/s   wrqm/s  %rrqm  %wrqm r_await w_await aqu-sz rareq-sz wareq-sz  svctm  %util
nvme1n1       15517.00 15342.00    969.81    958.87     0.00     0.00   0.00   0.00    0.48    0.50   0.00    64.00    64.00   0.03 100.00
nvme0n1          0.00    0.00      0.00      0.00     0.00     0.00   0.00   0.00    0.00    0.00   0.00     0.00     0.00   0.00   0.00
cas1-1        15517.00 15341.00    969.81    958.81     0.00     0.00   0.00   0.00    0.49    0.52   0.00    64.00    64.00   0.03 100.00

avg-cpu:  %user   %nice %system %iowait  %steal   %idle
           0.82    0.00    5.65    0.00    0.00   93.53

Device            r/s     w/s     rMB/s     wMB/s   rrqm/s   wrqm/s  %rrqm  %wrqm r_await w_await aqu-sz rareq-sz wareq-sz  svctm  %util
nvme1n1       15493.00 15325.00    968.31    957.81     0.00     0.00   0.00   0.00    0.48    0.50   0.00    64.00    64.00   0.03 100.00
nvme0n1          0.00    0.00      0.00      0.00     0.00     0.00   0.00   0.00    0.00    0.00   0.00     0.00     0.00   0.00   0.00
cas1-1        15495.00 15326.00    968.44    957.88     0.00     0.00   0.00   0.00    0.49    0.52   0.00    64.00    64.00   0.03 100.00

avg-cpu:  %user   %nice %system %iowait  %steal   %idle
           0.92    0.00    5.65    0.00    0.00   93.44

Device            r/s     w/s     rMB/s     wMB/s   rrqm/s   wrqm/s  %rrqm  %wrqm r_await w_await aqu-sz rareq-sz wareq-sz  svctm  %util
nvme1n1       15522.00 15227.00    970.12    951.69     0.00     0.00   0.00   0.00    0.48    0.50   0.00    64.00    64.00   0.03 100.00
nvme0n1          0.00    0.00      0.00      0.00     0.00     0.00   0.00   0.00    0.00    0.00   0.00     0.00     0.00   0.00   0.00
cas1-1        15520.00 15226.00    970.00    951.62     0.00     0.00   0.00   0.00    0.49    0.52   0.00    64.00    64.00   0.03 100.00

avg-cpu:  %user   %nice %system %iowait  %steal   %idle
           0.82    0.00    5.56    0.00    0.00   93.62

Device            r/s     w/s     rMB/s     wMB/s   rrqm/s   wrqm/s  %rrqm  %wrqm r_await w_await aqu-sz rareq-sz wareq-sz  svctm  %util
nvme1n1       15421.00 15432.00    963.81    964.50     0.00     0.00   0.00   0.00    0.48    0.50   0.00    64.00    64.00   0.03 100.00
nvme0n1          0.00    0.00      0.00      0.00     0.00     0.00   0.00   0.00    0.00    0.00   0.00     0.00     0.00   0.00   0.00
cas1-1        15423.00 15433.00    963.94    964.56     0.00     0.00   0.00   0.00    0.49    0.52   0.00    64.00    64.00   0.03 100.00

avg-cpu:  %user   %nice %system %iowait  %steal   %idle
           0.88    0.00    5.71    0.00    0.00   93.40

Device            r/s     w/s     rMB/s     wMB/s   rrqm/s   wrqm/s  %rrqm  %wrqm r_await w_await aqu-sz rareq-sz wareq-sz  svctm  %util
nvme1n1       15359.00 15398.00    959.94    962.37     0.00     0.00   0.00   0.00    0.48    0.50   0.00    64.00    64.00   0.03 100.00
nvme0n1          0.00    0.00      0.00      0.00     0.00     0.00   0.00   0.00    0.00    0.00   0.00     0.00     0.00   0.00   0.00
cas1-1        15355.00 15397.00    959.69    962.31     0.00     0.00   0.00   0.00    0.49    0.52   0.00    64.00    64.00   0.03 100.00

avg-cpu:  %user   %nice %system %iowait  %steal   %idle
           0.79    0.00    5.87    0.00    0.00   93.35

Device            r/s     w/s     rMB/s     wMB/s   rrqm/s   wrqm/s  %rrqm  %wrqm r_await w_await aqu-sz rareq-sz wareq-sz  svctm  %util
nvme1n1       15356.00 15334.00    959.75    958.38     0.00     0.00   0.00   0.00    0.48    0.50   0.00    64.00    64.00   0.03 100.00
nvme0n1          0.00    0.00      0.00      0.00     0.00     0.00   0.00   0.00    0.00    0.00   0.00     0.00     0.00   0.00   0.00
cas1-1        15355.00 15335.00    959.69    958.44     0.00     0.00   0.00   0.00    0.49    0.52   0.00    64.00    64.00   0.03 100.00

avg-cpu:  %user   %nice %system %iowait  %steal   %idle
           1.42    0.00    5.65    0.00    0.00   92.93

Device            r/s     w/s     rMB/s     wMB/s   rrqm/s   wrqm/s  %rrqm  %wrqm r_await w_await aqu-sz rareq-sz wareq-sz  svctm  %util
nvme1n1       15423.00 15297.00    963.94    956.06     0.00     0.00   0.00   0.00    0.48    0.50   0.00    64.00    64.00   0.03 100.00
nvme0n1          0.00    0.00      0.00      0.00     0.00     0.00   0.00   0.00    0.00    0.00   0.00     0.00     0.00   0.00   0.00
cas1-1        15425.00 15296.00    964.06    956.00     0.00     0.00   0.00   0.00    0.49    0.52   0.00    64.00    64.00   0.03 100.00

avg-cpu:  %user   %nice %system %iowait  %steal   %idle
           0.82    0.00    5.74    0.00    0.00   93.44

Device            r/s     w/s     rMB/s     wMB/s   rrqm/s   wrqm/s  %rrqm  %wrqm r_await w_await aqu-sz rareq-sz wareq-sz  svctm  %util
nvme1n1       15202.00 15280.00    950.13    955.00     0.00     0.00   0.00   0.00    0.49    0.50   0.00    64.00    64.00   0.03 100.00
nvme0n1          0.00    0.00      0.00      0.00     0.00     0.00   0.00   0.00    0.00    0.00   0.00     0.00     0.00   0.00   0.00
cas1-1        15201.00 15282.00    950.06    955.12     0.00     0.00   0.00   0.00    0.50    0.52   0.00    64.00    64.00   0.03 100.00

avg-cpu:  %user   %nice %system %iowait  %steal   %idle
           0.85    0.00    5.58    0.00    0.00   93.57

Device            r/s     w/s     rMB/s     wMB/s   rrqm/s   wrqm/s  %rrqm  %wrqm r_await w_await aqu-sz rareq-sz wareq-sz  svctm  %util
nvme1n1       15072.00 15275.00    942.00    954.69     0.00     0.00   0.00   0.00    0.49    0.51   0.00    64.00    64.00   0.03 100.00
nvme0n1          0.00    0.00      0.00      0.00     0.00     0.00   0.00   0.00    0.00    0.00   0.00     0.00     0.00   0.00   0.00
cas1-1        15077.00 15274.00    942.31    954.62     0.00     0.00   0.00   0.00    0.50    0.53   0.00    64.00    64.00   0.03 100.10

avg-cpu:  %user   %nice %system %iowait  %steal   %idle
           0.88    0.00    5.77    0.00    0.00   93.35

Device            r/s     w/s     rMB/s     wMB/s   rrqm/s   wrqm/s  %rrqm  %wrqm r_await w_await aqu-sz rareq-sz wareq-sz  svctm  %util
nvme1n1       15360.00 15264.00    960.00    954.00     0.00     0.00   0.00   0.00    0.48    0.50   0.00    64.00    64.00   0.03 100.00
nvme0n1          0.00    0.00      0.00      0.00     0.00     0.00   0.00   0.00    0.00    0.00   0.00     0.00     0.00   0.00   0.00
cas1-1        15356.00 15265.00    959.75    954.06     0.00     0.00   0.00   0.00    0.49    0.52   0.00    64.00    64.00   0.03 100.00

avg-cpu:  %user   %nice %system %iowait  %steal   %idle
           0.82    0.00    5.68    0.00    0.00   93.50

Device            r/s     w/s     rMB/s     wMB/s   rrqm/s   wrqm/s  %rrqm  %wrqm r_await w_await aqu-sz rareq-sz wareq-sz  svctm  %util
nvme1n1       15439.00 15142.00    964.94    946.37     0.00     0.00   0.00   0.00    0.48    0.50   0.00    64.00    64.00   0.03 100.00
nvme0n1          0.00    0.00      0.00      0.00     0.00     0.00   0.00   0.00    0.00    0.00   0.00     0.00     0.00   0.00   0.00
cas1-1        15440.00 15144.00    965.00    946.50     0.00     0.00   0.00   0.00    0.50    0.52   0.00    64.00    64.00   0.03 100.00

avg-cpu:  %user   %nice %system %iowait  %steal   %idle
           0.85    0.00    5.64    0.00    0.00   93.50

Device            r/s     w/s     rMB/s     wMB/s   rrqm/s   wrqm/s  %rrqm  %wrqm r_await w_await aqu-sz rareq-sz wareq-sz  svctm  %util
nvme1n1       15461.00 15370.00    966.31    960.62     0.00     0.00   0.00   0.00    0.48    0.50   0.00    64.00    64.00   0.03 100.00
nvme0n1          0.00    0.00      0.00      0.00     0.00     0.00   0.00   0.00    0.00    0.00   0.00     0.00     0.00   0.00   0.00
cas1-1        15459.00 15368.00    966.19    960.50     0.00     0.00   0.00   0.00    0.49    0.52   0.00    64.00    64.00   0.03 100.00

avg-cpu:  %user   %nice %system %iowait  %steal   %idle
           0.82    0.00    5.61    0.00    0.00   93.57

Device            r/s     w/s     rMB/s     wMB/s   rrqm/s   wrqm/s  %rrqm  %wrqm r_await w_await aqu-sz rareq-sz wareq-sz  svctm  %util
nvme1n1       15403.00 14967.00    962.69    935.44     0.00     0.00   0.00   0.00    0.49    0.51   0.00    64.00    64.00   0.03 100.00
nvme0n1          0.00    0.00      0.00      0.00     0.00     0.00   0.00   0.00    0.00    0.00   0.00     0.00     0.00   0.00   0.00
cas1-1        15410.00 14965.00    963.12    935.31     0.00     0.00   0.00   0.00    0.50    0.53   0.00    64.00    64.00   0.03 100.00

avg-cpu:  %user   %nice %system %iowait  %steal   %idle
           0.82    0.00    5.68    0.00    0.00   93.50

Device            r/s     w/s     rMB/s     wMB/s   rrqm/s   wrqm/s  %rrqm  %wrqm r_await w_await aqu-sz rareq-sz wareq-sz  svctm  %util
nvme1n1       15371.00 15338.00    960.69    958.62     0.00     0.00   0.00   0.00    0.48    0.50   0.00    64.00    64.00   0.03 100.10
nvme0n1          0.00    0.00      0.00      0.00     0.00     0.00   0.00   0.00    0.00    0.00   0.00     0.00     0.00   0.00   0.00
cas1-1        15365.00 15342.00    960.31    958.87     0.00     0.00   0.00   0.00    0.49    0.52   0.00    64.00    64.00   0.03 100.00

