Linux 5.4.1-050401-lowlatency (kanwu-Super-Server) 	09/10/2020 	_x86_64_	(32 CPU)

avg-cpu:  %user   %nice %system %iowait  %steal   %idle
           0.07    0.00    0.23    0.07    0.00   99.63

Device            r/s     w/s     rMB/s     wMB/s   rrqm/s   wrqm/s  %rrqm  %wrqm r_await w_await aqu-sz rareq-sz wareq-sz  svctm  %util
nvme1n1       1058.78  332.20     66.17     20.45     0.00     0.00   0.00   0.00    0.33    0.41   0.00    64.00    63.04   0.03   4.09
nvme0n1        240.72  226.05     15.04     14.12     0.00     0.00   0.00   0.00    0.26    0.05   0.01    63.99    63.98   0.06   2.73
cas1-1          18.08    7.75      1.13      0.48     0.00     0.00   0.00   0.00    0.36    0.32   0.00    64.00    64.00   0.02   0.06

avg-cpu:  %user   %nice %system %iowait  %steal   %idle
           0.00    0.00    0.03    0.41    0.00   99.56

Device            r/s     w/s     rMB/s     wMB/s   rrqm/s   wrqm/s  %rrqm  %wrqm r_await w_await aqu-sz rareq-sz wareq-sz  svctm  %util
nvme1n1          0.00    0.00      0.00      0.00     0.00     0.00   0.00   0.00    0.00    0.00   0.00     0.00     0.00   0.00   0.00
nvme0n1          0.00    0.00      0.00      0.00     0.00     0.00   0.00   0.00    0.00    0.00   0.00     0.00     0.00   0.00   0.00
cas1-1           0.00    0.00      0.00      0.00     0.00     0.00   0.00   0.00    0.00    0.00   0.00     0.00     0.00   0.00   0.00

avg-cpu:  %user   %nice %system %iowait  %steal   %idle
           0.00    0.00    0.03    0.41    0.00   99.56

Device            r/s     w/s     rMB/s     wMB/s   rrqm/s   wrqm/s  %rrqm  %wrqm r_await w_await aqu-sz rareq-sz wareq-sz  svctm  %util
nvme1n1          0.00    0.00      0.00      0.00     0.00     0.00   0.00   0.00    0.00    0.00   0.00     0.00     0.00   0.00   0.00
nvme0n1          0.00    0.00      0.00      0.00     0.00     0.00   0.00   0.00    0.00    0.00   0.00     0.00     0.00   0.00   0.00
cas1-1           0.00    0.00      0.00      0.00     0.00     0.00   0.00   0.00    0.00    0.00   0.00     0.00     0.00   0.00   0.00

avg-cpu:  %user   %nice %system %iowait  %steal   %idle
           0.03    0.00    0.06    1.12    0.00   98.78

Device            r/s     w/s     rMB/s     wMB/s   rrqm/s   wrqm/s  %rrqm  %wrqm r_await w_await aqu-sz rareq-sz wareq-sz  svctm  %util
nvme1n1          0.00    0.00      0.00      0.00     0.00     0.00   0.00   0.00    0.00    0.00   0.00     0.00     0.00   0.00   0.00
nvme0n1          0.00    0.00      0.00      0.00     0.00     0.00   0.00   0.00    0.00    0.00   0.00     0.00     0.00   0.00   0.00
cas1-1           0.00    0.00      0.00      0.00     0.00     0.00   0.00   0.00    0.00    0.00   0.00     0.00     0.00   0.00   0.00

avg-cpu:  %user   %nice %system %iowait  %steal   %idle
           0.06    0.00    0.28    1.22    0.00   98.43

Device            r/s     w/s     rMB/s     wMB/s   rrqm/s   wrqm/s  %rrqm  %wrqm r_await w_await aqu-sz rareq-sz wareq-sz  svctm  %util
nvme1n1          0.00  295.00      0.00     35.82     0.00     0.00   0.00   0.00    0.00    0.42   0.01     0.00   124.33   0.08   2.40
nvme0n1          3.00    0.00      0.01      0.00     0.00     0.00   0.00   0.00    0.00    0.00   0.00     4.00     0.00   0.67   0.20

avg-cpu:  %user   %nice %system %iowait  %steal   %idle
           0.06    0.00    0.34    1.75    0.00   97.84

Device            r/s     w/s     rMB/s     wMB/s   rrqm/s   wrqm/s  %rrqm  %wrqm r_await w_await aqu-sz rareq-sz wareq-sz  svctm  %util
nvme1n1         35.00  743.00      1.07     86.42     0.00     0.00   0.00   0.00    0.03    0.23   0.01    31.44   119.10   0.08   6.60
nvme0n1         41.00    0.00      1.03      0.00     0.00     0.00   0.00   0.00    0.39    0.00   0.01    25.66     0.00   0.29   1.20

avg-cpu:  %user   %nice %system %iowait  %steal   %idle
           0.59    0.00    0.13    0.50    0.00   98.78

Device            r/s     w/s     rMB/s     wMB/s   rrqm/s   wrqm/s  %rrqm  %wrqm r_await w_await aqu-sz rareq-sz wareq-sz  svctm  %util
nvme1n1          0.00    0.00      0.00      0.00     0.00     0.00   0.00   0.00    0.00    0.00   0.00     0.00     0.00   0.00   0.00
nvme0n1          0.00    0.00      0.00      0.00     0.00     0.00   0.00   0.00    0.00    0.00   0.00     0.00     0.00   0.00   0.00

avg-cpu:  %user   %nice %system %iowait  %steal   %idle
           0.41    0.00    2.84    1.26    0.00   95.49

Device            r/s     w/s     rMB/s     wMB/s   rrqm/s   wrqm/s  %rrqm  %wrqm r_await w_await aqu-sz rareq-sz wareq-sz  svctm  %util
nvme1n1       2736.00 9158.00    171.00    572.38     0.00     0.00   0.00   0.00    0.60    0.47   0.13    64.00    64.00   0.04  44.10
nvme0n1       5574.00 3584.00    348.38    224.00     0.00     0.00   0.00   0.00    0.29    0.05   0.27    64.00    64.00   0.05  44.10

avg-cpu:  %user   %nice %system %iowait  %steal   %idle
           0.79    0.00    5.39    0.06    0.00   93.76

Device            r/s     w/s     rMB/s     wMB/s   rrqm/s   wrqm/s  %rrqm  %wrqm r_await w_await aqu-sz rareq-sz wareq-sz  svctm  %util
nvme1n1       18111.00 13088.00   1131.94    818.00     0.00     0.00   0.00   0.00    0.51    0.53   0.00    64.00    64.00   0.03 100.00
nvme0n1       3756.00 9341.00    234.75    583.81     0.00     0.00   0.00   0.00    0.28    0.03   0.17    64.00    64.00   0.08 100.10

avg-cpu:  %user   %nice %system %iowait  %steal   %idle
           0.79    0.00    4.84    0.00    0.00   94.37

Device            r/s     w/s     rMB/s     wMB/s   rrqm/s   wrqm/s  %rrqm  %wrqm r_await w_await aqu-sz rareq-sz wareq-sz  svctm  %util
nvme1n1       22448.00 10057.00   1403.00    628.56     0.00     0.00   0.00   0.00    0.47    0.49   0.00    64.00    64.00   0.03 100.00
nvme0n1        462.00 9590.00     28.88    599.38     0.00     0.00   0.00   0.00    0.25    0.03   0.02    64.00    64.00   0.10 100.00

avg-cpu:  %user   %nice %system %iowait  %steal   %idle
           0.85    0.00    4.62    0.00    0.00   94.53

Device            r/s     w/s     rMB/s     wMB/s   rrqm/s   wrqm/s  %rrqm  %wrqm r_await w_await aqu-sz rareq-sz wareq-sz  svctm  %util
nvme1n1       22923.00 9840.00   1432.69    615.00     0.00     0.00   0.00   0.00    0.47    0.49   0.00    64.00    64.00   0.03 100.00
nvme0n1         54.00 9788.00      3.38    611.75     0.00     0.00   0.00   0.00    0.31    0.03   0.01    64.00    64.00   0.10 100.00

avg-cpu:  %user   %nice %system %iowait  %steal   %idle
           0.85    0.00    4.44    0.00    0.00   94.71

Device            r/s     w/s     rMB/s     wMB/s   rrqm/s   wrqm/s  %rrqm  %wrqm r_await w_await aqu-sz rareq-sz wareq-sz  svctm  %util
nvme1n1       22834.00 9701.00   1427.12    606.31     0.00     0.00   0.00   0.00    0.47    0.49   0.00    64.00    64.00   0.03 100.00
nvme0n1          6.00 9692.00      0.38    605.75     0.00     0.00   0.00   0.00    0.17    0.03   0.00    64.00    64.00   0.10 100.00

avg-cpu:  %user   %nice %system %iowait  %steal   %idle
           0.88    0.00    4.68    0.00    0.00   94.44

Device            r/s     w/s     rMB/s     wMB/s   rrqm/s   wrqm/s  %rrqm  %wrqm r_await w_await aqu-sz rareq-sz wareq-sz  svctm  %util
nvme1n1       23217.00 9799.00   1451.06    612.44     0.00     0.00   0.00   0.00    0.46    0.48   0.00    64.00    64.00   0.03 100.00
nvme0n1          1.00 9800.00      0.06    612.50     0.00     0.00   0.00   0.00    1.00    0.03   0.00    64.00    64.00   0.10 100.00

avg-cpu:  %user   %nice %system %iowait  %steal   %idle
           0.79    0.00    4.56    0.00    0.00   94.65

Device            r/s     w/s     rMB/s     wMB/s   rrqm/s   wrqm/s  %rrqm  %wrqm r_await w_await aqu-sz rareq-sz wareq-sz  svctm  %util
nvme1n1       22800.00 9897.00   1425.00    618.56     0.00     0.00   0.00   0.00    0.47    0.49   0.00    64.00    64.00   0.03 100.00
nvme0n1          0.00 9896.00      0.00    618.50     0.00     0.00   0.00   0.00    0.00    0.03   0.00     0.00    64.00   0.10 100.00

avg-cpu:  %user   %nice %system %iowait  %steal   %idle
           0.76    0.00    4.53    0.00    0.00   94.71

Device            r/s     w/s     rMB/s     wMB/s   rrqm/s   wrqm/s  %rrqm  %wrqm r_await w_await aqu-sz rareq-sz wareq-sz  svctm  %util
nvme1n1       22994.00 9697.00   1437.12    606.06     0.00     0.00   0.00   0.00    0.47    0.49   0.00    64.00    64.00   0.03 100.00
nvme0n1          0.00 9703.00      0.00    606.44     0.00     0.00   0.00   0.00    0.00    0.03   0.00     0.00    64.00   0.10 100.00

avg-cpu:  %user   %nice %system %iowait  %steal   %idle
           0.82    0.00    4.47    0.00    0.00   94.71

Device            r/s     w/s     rMB/s     wMB/s   rrqm/s   wrqm/s  %rrqm  %wrqm r_await w_await aqu-sz rareq-sz wareq-sz  svctm  %util
nvme1n1       23291.00 9775.00   1455.69    610.94     0.00     0.00   0.00   0.00    0.46    0.48   0.00    64.00    64.00   0.03 100.00
nvme0n1          0.00 9771.00      0.00    610.69     0.00     0.00   0.00   0.00    0.00    0.03   0.00     0.00    64.00   0.10 100.00

avg-cpu:  %user   %nice %system %iowait  %steal   %idle
           0.82    0.00    4.56    0.00    0.00   94.62

Device            r/s     w/s     rMB/s     wMB/s   rrqm/s   wrqm/s  %rrqm  %wrqm r_await w_await aqu-sz rareq-sz wareq-sz  svctm  %util
nvme1n1       22877.00 9584.00   1429.81    599.00     0.00     0.00   0.00   0.00    0.47    0.49   0.00    64.00    64.00   0.03 100.00
nvme0n1          0.00 9580.00      0.00    598.75     0.00     0.00   0.00   0.00    0.00    0.03   0.00     0.00    64.00   0.10 100.00

avg-cpu:  %user   %nice %system %iowait  %steal   %idle
           0.66    0.00    4.60    0.00    0.00   94.74

Device            r/s     w/s     rMB/s     wMB/s   rrqm/s   wrqm/s  %rrqm  %wrqm r_await w_await aqu-sz rareq-sz wareq-sz  svctm  %util
nvme1n1       23055.00 9826.00   1440.94    614.12     0.00     0.00   0.00   0.00    0.46    0.48   0.00    64.00    64.00   0.03 100.30
nvme0n1          0.00 9828.00      0.00    614.25     0.00     0.00   0.00   0.00    0.00    0.03   0.00     0.00    64.00   0.10 100.10

avg-cpu:  %user   %nice %system %iowait  %steal   %idle
           0.72    0.00    4.62    0.00    0.00   94.65

Device            r/s     w/s     rMB/s     wMB/s   rrqm/s   wrqm/s  %rrqm  %wrqm r_await w_await aqu-sz rareq-sz wareq-sz  svctm  %util
nvme1n1       23097.00 9762.00   1443.56    610.12     0.00     0.00   0.00   0.00    0.46    0.49   0.00    64.00    64.00   0.03  99.90
nvme0n1          0.00 9766.00      0.00    610.38     0.00     0.00   0.00   0.00    0.00    0.03   0.00     0.00    64.00   0.10  99.90

avg-cpu:  %user   %nice %system %iowait  %steal   %idle
           1.32    0.00    4.41    0.00    0.00   94.27

Device            r/s     w/s     rMB/s     wMB/s   rrqm/s   wrqm/s  %rrqm  %wrqm r_await w_await aqu-sz rareq-sz wareq-sz  svctm  %util
nvme1n1       23114.00 9581.00   1444.62    598.81     0.00     0.00   0.00   0.00    0.47    0.49   0.00    64.00    64.00   0.03 100.10
nvme0n1          0.00 9576.00      0.00    598.50     0.00     0.00   0.00   0.00    0.00    0.03   0.00     0.00    64.00   0.10 100.10

avg-cpu:  %user   %nice %system %iowait  %steal   %idle
           0.76    0.00    4.56    0.00    0.00   94.68

Device            r/s     w/s     rMB/s     wMB/s   rrqm/s   wrqm/s  %rrqm  %wrqm r_await w_await aqu-sz rareq-sz wareq-sz  svctm  %util
nvme1n1       23008.00 10018.00   1438.00    626.12     0.00     0.00   0.00   0.00    0.46    0.48   0.00    64.00    64.00   0.03 100.00
nvme0n1          0.00 10021.00      0.00    626.31     0.00     0.00   0.00   0.00    0.00    0.03   0.00     0.00    64.00   0.10 100.00

avg-cpu:  %user   %nice %system %iowait  %steal   %idle
           0.75    0.00    4.65    0.00    0.00   94.60

Device            r/s     w/s     rMB/s     wMB/s   rrqm/s   wrqm/s  %rrqm  %wrqm r_await w_await aqu-sz rareq-sz wareq-sz  svctm  %util
nvme1n1       22834.00 9732.00   1427.12    608.25     0.00     0.00   0.00   0.00    0.47    0.49   0.00    64.00    64.00   0.03 100.00
nvme0n1          0.00 9732.00      0.00    608.25     0.00     0.00   0.00   0.00    0.00    0.03   0.00     0.00    64.00   0.10 100.00

avg-cpu:  %user   %nice %system %iowait  %steal   %idle
           0.79    0.00    4.56    0.00    0.00   94.65

Device            r/s     w/s     rMB/s     wMB/s   rrqm/s   wrqm/s  %rrqm  %wrqm r_await w_await aqu-sz rareq-sz wareq-sz  svctm  %util
nvme1n1       22886.00 9723.00   1430.38    607.69     0.00     0.00   0.00   0.00    0.47    0.49   0.00    64.00    64.00   0.03 100.00
nvme0n1          0.00 9722.00      0.00    607.62     0.00     0.00   0.00   0.00    0.00    0.03   0.00     0.00    64.00   0.10 100.00

avg-cpu:  %user   %nice %system %iowait  %steal   %idle
           0.76    0.00    4.38    0.00    0.00   94.86

Device            r/s     w/s     rMB/s     wMB/s   rrqm/s   wrqm/s  %rrqm  %wrqm r_await w_await aqu-sz rareq-sz wareq-sz  svctm  %util
nvme1n1       22864.00 9905.00   1429.00    619.06     0.00     0.00   0.00   0.00    0.47    0.49   0.00    64.00    64.00   0.03 100.00
nvme0n1          0.00 9903.00      0.00    618.94     0.00     0.00   0.00   0.00    0.00    0.03   0.00     0.00    64.00   0.10 100.00

avg-cpu:  %user   %nice %system %iowait  %steal   %idle
           0.72    0.00    4.71    0.00    0.00   94.57

Device            r/s     w/s     rMB/s     wMB/s   rrqm/s   wrqm/s  %rrqm  %wrqm r_await w_await aqu-sz rareq-sz wareq-sz  svctm  %util
nvme1n1       22546.00 9452.00   1409.12    590.75     0.00     0.00   0.00   0.00    0.48    0.50   0.00    64.00    64.00   0.03 100.00
nvme0n1          0.00 9454.00      0.00    590.88     0.00     0.00   0.00   0.00    0.00    0.03   0.00     0.00    64.00   0.11 100.00

avg-cpu:  %user   %nice %system %iowait  %steal   %idle
           0.82    0.00    4.53    0.00    0.00   94.65

Device            r/s     w/s     rMB/s     wMB/s   rrqm/s   wrqm/s  %rrqm  %wrqm r_await w_await aqu-sz rareq-sz wareq-sz  svctm  %util
nvme1n1       23150.00 9856.00   1446.88    616.00     0.00     0.00   0.00   0.00    0.46    0.48   0.00    64.00    64.00   0.03 100.00
nvme0n1          0.00 9857.00      0.00    616.06     0.00     0.00   0.00   0.00    0.00    0.03   0.00     0.00    64.00   0.10 100.00

avg-cpu:  %user   %nice %system %iowait  %steal   %idle
           0.72    0.00    4.47    0.00    0.00   94.81

Device            r/s     w/s     rMB/s     wMB/s   rrqm/s   wrqm/s  %rrqm  %wrqm r_await w_await aqu-sz rareq-sz wareq-sz  svctm  %util
nvme1n1       22524.00 9598.00   1407.81    599.88     0.00     0.00   0.00   0.00    0.48    0.50   0.00    64.00    64.00   0.03 100.00
nvme0n1          0.00 9594.00      0.00    599.62     0.00     0.00   0.00   0.00    0.00    0.03   0.00     0.00    64.00   0.10 100.00

avg-cpu:  %user   %nice %system %iowait  %steal   %idle
           0.88    0.00    4.41    0.00    0.00   94.71

Device            r/s     w/s     rMB/s     wMB/s   rrqm/s   wrqm/s  %rrqm  %wrqm r_await w_await aqu-sz rareq-sz wareq-sz  svctm  %util
nvme1n1       22036.00 9782.00   1377.19    611.38     0.00     0.00   0.00   0.00    0.48    0.50   0.00    64.00    64.00   0.03 100.00
nvme0n1          0.00 9783.00      0.00    611.44     0.00     0.00   0.00   0.00    0.00    0.03   0.00     0.00    64.00   0.10 100.00

avg-cpu:  %user   %nice %system %iowait  %steal   %idle
           0.82    0.00    4.65    0.00    0.00   94.53

Device            r/s     w/s     rMB/s     wMB/s   rrqm/s   wrqm/s  %rrqm  %wrqm r_await w_await aqu-sz rareq-sz wareq-sz  svctm  %util
nvme1n1       23126.00 9879.00   1445.38    617.44     0.00     0.00   0.00   0.00    0.46    0.48   0.00    64.00    64.00   0.03 100.00
nvme0n1          0.00 9884.00      0.00    617.75     0.00     0.00   0.00   0.00    0.00    0.03   0.00     0.00    64.00   0.10 100.00

avg-cpu:  %user   %nice %system %iowait  %steal   %idle
           0.79    0.00    4.53    0.00    0.00   94.69

Device            r/s     w/s     rMB/s     wMB/s   rrqm/s   wrqm/s  %rrqm  %wrqm r_await w_await aqu-sz rareq-sz wareq-sz  svctm  %util
nvme1n1       22520.00 9454.00   1407.50    590.88     0.00     0.00   0.00   0.00    0.48    0.50   0.00    64.00    64.00   0.03 100.00
nvme0n1          0.00 9451.00      0.00    590.69     0.00     0.00   0.00   0.00    0.00    0.03   0.00     0.00    64.00   0.11 100.00

avg-cpu:  %user   %nice %system %iowait  %steal   %idle
           0.82    0.00    4.47    0.00    0.00   94.71

Device            r/s     w/s     rMB/s     wMB/s   rrqm/s   wrqm/s  %rrqm  %wrqm r_await w_await aqu-sz rareq-sz wareq-sz  svctm  %util
nvme1n1       22787.00 9811.00   1424.19    613.19     0.00     0.00   0.00   0.00    0.47    0.49   0.00    64.00    64.00   0.03 100.00
nvme0n1          0.00 9812.00      0.00    613.25     0.00     0.00   0.00   0.00    0.00    0.03   0.00     0.00    64.00   0.10 100.00

avg-cpu:  %user   %nice %system %iowait  %steal   %idle
           0.85    0.00    4.56    0.00    0.00   94.59

Device            r/s     w/s     rMB/s     wMB/s   rrqm/s   wrqm/s  %rrqm  %wrqm r_await w_await aqu-sz rareq-sz wareq-sz  svctm  %util
nvme1n1       22648.00 9692.00   1415.50    605.75     0.00     0.00   0.00   0.00    0.47    0.49   0.00    64.00    64.00   0.03 100.00
nvme0n1          0.00 9691.00      0.00    605.69     0.00     0.00   0.00   0.00    0.00    0.03   0.00     0.00    64.00   0.10 100.00

avg-cpu:  %user   %nice %system %iowait  %steal   %idle
           0.88    0.00    4.40    0.00    0.00   94.72

Device            r/s     w/s     rMB/s     wMB/s   rrqm/s   wrqm/s  %rrqm  %wrqm r_await w_await aqu-sz rareq-sz wareq-sz  svctm  %util
nvme1n1       22149.00 9628.00   1384.31    601.75     0.00     0.00   0.00   0.00    0.48    0.50   0.00    64.00    64.00   0.03 100.00
nvme0n1          0.00 9630.00      0.00    601.88     0.00     0.00   0.00   0.00    0.00    0.03   0.00     0.00    64.00   0.10 100.00

avg-cpu:  %user   %nice %system %iowait  %steal   %idle
           0.75    0.00    4.62    0.13    0.00   94.50

Device            r/s     w/s     rMB/s     wMB/s   rrqm/s   wrqm/s  %rrqm  %wrqm r_await w_await aqu-sz rareq-sz wareq-sz  svctm  %util
nvme1n1       23177.00 9815.00   1448.56    613.50     0.00     0.00   0.00   0.00    0.46    0.48   0.00    64.00    64.01   0.03 100.10
nvme0n1          0.00 9814.00      0.00    613.38     0.00     0.00   0.00   0.00    0.00    0.03   0.00     0.00    64.00   0.10 100.10

avg-cpu:  %user   %nice %system %iowait  %steal   %idle
           0.76    0.00    4.50    0.00    0.00   94.74

Device            r/s     w/s     rMB/s     wMB/s   rrqm/s   wrqm/s  %rrqm  %wrqm r_await w_await aqu-sz rareq-sz wareq-sz  svctm  %util
nvme1n1       22727.00 9776.00   1420.44    610.94     0.00     0.00   0.00   0.00    0.47    0.49   0.00    64.00    63.99   0.03 100.00
nvme0n1          0.00 9778.00      0.00    611.12     0.00     0.00   0.00   0.00    0.00    0.03   0.00     0.00    64.00   0.10 100.00

avg-cpu:  %user   %nice %system %iowait  %steal   %idle
           0.82    0.00    4.53    0.00    0.00   94.65

Device            r/s     w/s     rMB/s     wMB/s   rrqm/s   wrqm/s  %rrqm  %wrqm r_await w_await aqu-sz rareq-sz wareq-sz  svctm  %util
nvme1n1       22737.00 9813.00   1421.06    613.31     0.00     0.00   0.00   0.00    0.47    0.49   0.00    64.00    64.00   0.03 100.00
nvme0n1          0.00 9813.00      0.00    613.31     0.00     0.00   0.00   0.00    0.00    0.03   0.00     0.00    64.00   0.10 100.00

avg-cpu:  %user   %nice %system %iowait  %steal   %idle
           0.85    0.00    4.53    0.00    0.00   94.62

Device            r/s     w/s     rMB/s     wMB/s   rrqm/s   wrqm/s  %rrqm  %wrqm r_await w_await aqu-sz rareq-sz wareq-sz  svctm  %util
nvme1n1       22742.00 10021.00   1421.38    626.31     0.00     0.00   0.00   0.00    0.47    0.49   0.00    64.00    64.00   0.03 100.00
nvme0n1          0.00 10017.00      0.00    626.06     0.00     0.00   0.00   0.00    0.00    0.03   0.00     0.00    64.00   0.10  99.90

avg-cpu:  %user   %nice %system %iowait  %steal   %idle
           0.75    0.00    4.59    0.00    0.00   94.66

Device            r/s     w/s     rMB/s     wMB/s   rrqm/s   wrqm/s  %rrqm  %wrqm r_await w_await aqu-sz rareq-sz wareq-sz  svctm  %util
nvme1n1       22238.00 9551.00   1389.88    596.94     0.00     0.00   0.00   0.00    0.48    0.50   0.00    64.00    64.00   0.03 100.00
nvme0n1          0.00 9554.00      0.00    597.06     0.00     0.00   0.00   0.00    0.00    0.03   0.00     0.00    63.99   0.10 100.10

avg-cpu:  %user   %nice %system %iowait  %steal   %idle
           0.79    0.00    4.50    0.00    0.00   94.71

Device            r/s     w/s     rMB/s     wMB/s   rrqm/s   wrqm/s  %rrqm  %wrqm r_await w_await aqu-sz rareq-sz wareq-sz  svctm  %util
nvme1n1       23084.00 9814.00   1442.75    613.38     0.00     0.00   0.00   0.00    0.46    0.48   0.00    64.00    64.00   0.03 100.00
nvme0n1          0.00 9810.00      0.00    613.19     0.00     0.00   0.00   0.00    0.00    0.03   0.00     0.00    64.01   0.10 100.00

avg-cpu:  %user   %nice %system %iowait  %steal   %idle
           0.79    0.00    4.62    0.00    0.00   94.59

Device            r/s     w/s     rMB/s     wMB/s   rrqm/s   wrqm/s  %rrqm  %wrqm r_await w_await aqu-sz rareq-sz wareq-sz  svctm  %util
nvme1n1       22748.00 9793.00   1421.75    612.06     0.00     0.00   0.00   0.00    0.47    0.49   0.00    64.00    64.00   0.03 100.00
nvme0n1          0.00 9794.00      0.00    612.12     0.00     0.00   0.00   0.00    0.00    0.03   0.00     0.00    64.00   0.10 100.00

avg-cpu:  %user   %nice %system %iowait  %steal   %idle
           0.79    0.00    4.50    0.00    0.00   94.71

Device            r/s     w/s     rMB/s     wMB/s   rrqm/s   wrqm/s  %rrqm  %wrqm r_await w_await aqu-sz rareq-sz wareq-sz  svctm  %util
nvme1n1       22607.00 9805.00   1412.94    612.81     0.00     0.00   0.00   0.00    0.47    0.49   0.00    64.00    64.00   0.03 100.20
nvme0n1          0.00 9804.00      0.00    612.75     0.00     0.00   0.00   0.00    0.00    0.03   0.00     0.00    64.00   0.10 100.00

avg-cpu:  %user   %nice %system %iowait  %steal   %idle
           0.82    0.00    4.47    0.00    0.00   94.71

Device            r/s     w/s     rMB/s     wMB/s   rrqm/s   wrqm/s  %rrqm  %wrqm r_await w_await aqu-sz rareq-sz wareq-sz  svctm  %util
nvme1n1       22969.00 9902.00   1435.56    618.88     0.00     0.00   0.00   0.00    0.46    0.49   0.00    64.00    64.00   0.03 100.00
nvme0n1          0.00 9904.00      0.00    619.00     0.00     0.00   0.00   0.00    0.00    0.03   0.00     0.00    64.00   0.10 100.00

avg-cpu:  %user   %nice %system %iowait  %steal   %idle
           0.82    0.00    4.41    0.00    0.00   94.78

Device            r/s     w/s     rMB/s     wMB/s   rrqm/s   wrqm/s  %rrqm  %wrqm r_await w_await aqu-sz rareq-sz wareq-sz  svctm  %util
nvme1n1       22434.00 9549.00   1402.12    596.81     0.00     0.00   0.00   0.00    0.48    0.50   0.00    64.00    64.00   0.03 100.00
nvme0n1          0.00 9548.00      0.00    596.75     0.00     0.00   0.00   0.00    0.00    0.03   0.00     0.00    64.00   0.10 100.00

avg-cpu:  %user   %nice %system %iowait  %steal   %idle
           0.72    0.00    4.63    0.00    0.00   94.65

Device            r/s     w/s     rMB/s     wMB/s   rrqm/s   wrqm/s  %rrqm  %wrqm r_await w_await aqu-sz rareq-sz wareq-sz  svctm  %util
nvme1n1       22724.00 10003.00   1420.25    625.19     0.00     0.00   0.00   0.00    0.47    0.49   0.00    64.00    64.00   0.03 100.00
nvme0n1          0.00 10006.00      0.00    625.38     0.00     0.00   0.00   0.00    0.00    0.03   0.00     0.00    64.00   0.10 100.00

avg-cpu:  %user   %nice %system %iowait  %steal   %idle
           0.82    0.00    4.53    0.00    0.00   94.66

Device            r/s     w/s     rMB/s     wMB/s   rrqm/s   wrqm/s  %rrqm  %wrqm r_await w_await aqu-sz rareq-sz wareq-sz  svctm  %util
nvme1n1       22567.00 9768.00   1410.44    610.50     0.00     0.00   0.00   0.00    0.47    0.49   0.00    64.00    64.00   0.03 100.00
nvme0n1          0.00 9769.00      0.00    610.56     0.00     0.00   0.00   0.00    0.00    0.03   0.00     0.00    64.00   0.10 100.00

avg-cpu:  %user   %nice %system %iowait  %steal   %idle
           0.85    0.00    4.37    0.00    0.00   94.78

Device            r/s     w/s     rMB/s     wMB/s   rrqm/s   wrqm/s  %rrqm  %wrqm r_await w_await aqu-sz rareq-sz wareq-sz  svctm  %util
nvme1n1       22392.00 9635.00   1399.50    602.19     0.00     0.00   0.00   0.00    0.48    0.50   0.00    64.00    64.00   0.03 100.00
nvme0n1          0.00 9634.00      0.00    602.12     0.00     0.00   0.00   0.00    0.00    0.03   0.00     0.00    64.00   0.10 100.00

avg-cpu:  %user   %nice %system %iowait  %steal   %idle
           0.79    0.00    4.50    0.00    0.00   94.71

Device            r/s     w/s     rMB/s     wMB/s   rrqm/s   wrqm/s  %rrqm  %wrqm r_await w_await aqu-sz rareq-sz wareq-sz  svctm  %util
nvme1n1       22966.00 9959.00   1435.38    622.44     0.00     0.00   0.00   0.00    0.46    0.48   0.00    64.00    64.00   0.03 100.00
nvme0n1          0.00 9957.00      0.00    622.31     0.00     0.00   0.00   0.00    0.00    0.03   0.00     0.00    64.00   0.10 100.00

avg-cpu:  %user   %nice %system %iowait  %steal   %idle
           0.82    0.00    4.53    0.00    0.00   94.65

Device            r/s     w/s     rMB/s     wMB/s   rrqm/s   wrqm/s  %rrqm  %wrqm r_await w_await aqu-sz rareq-sz wareq-sz  svctm  %util
nvme1n1       22679.00 9805.00   1417.44    612.81     0.00     0.00   0.00   0.00    0.47    0.49   0.00    64.00    64.00   0.03 100.00
nvme0n1          0.00 9804.00      0.00    612.75     0.00     0.00   0.00   0.00    0.00    0.03   0.00     0.00    64.00   0.10 100.00

avg-cpu:  %user   %nice %system %iowait  %steal   %idle
           0.79    0.00    4.44    0.00    0.00   94.77

Device            r/s     w/s     rMB/s     wMB/s   rrqm/s   wrqm/s  %rrqm  %wrqm r_await w_await aqu-sz rareq-sz wareq-sz  svctm  %util
nvme1n1       22849.00 9827.00   1428.06    614.19     0.00     0.00   0.00   0.00    0.47    0.49   0.00    64.00    64.00   0.03 100.00
nvme0n1          0.00 9828.00      0.00    614.25     0.00     0.00   0.00   0.00    0.00    0.03   0.00     0.00    64.00   0.10 100.00

avg-cpu:  %user   %nice %system %iowait  %steal   %idle
           0.76    0.00    4.53    0.00    0.00   94.71

Device            r/s     w/s     rMB/s     wMB/s   rrqm/s   wrqm/s  %rrqm  %wrqm r_await w_await aqu-sz rareq-sz wareq-sz  svctm  %util
nvme1n1       22918.00 9823.00   1432.38    613.94     0.00     0.00   0.00   0.00    0.47    0.49   0.00    64.00    64.00   0.03 100.00
nvme0n1          0.00 9822.00      0.00    613.88     0.00     0.00   0.00   0.00    0.00    0.03   0.00     0.00    64.00   0.10 100.00

avg-cpu:  %user   %nice %system %iowait  %steal   %idle
           0.69    0.00    4.63    0.00    0.00   94.68

Device            r/s     w/s     rMB/s     wMB/s   rrqm/s   wrqm/s  %rrqm  %wrqm r_await w_await aqu-sz rareq-sz wareq-sz  svctm  %util
nvme1n1       22755.00 9745.00   1422.19    609.06     0.00     0.00   0.00   0.00    0.47    0.49   0.00    64.00    64.00   0.03 100.00
nvme0n1          0.00 9750.00      0.00    609.38     0.00     0.00   0.00   0.00    0.00    0.03   0.00     0.00    64.00   0.10 100.10

avg-cpu:  %user   %nice %system %iowait  %steal   %idle
           0.82    0.00    4.65    0.00    0.00   94.53

Device            r/s     w/s     rMB/s     wMB/s   rrqm/s   wrqm/s  %rrqm  %wrqm r_await w_await aqu-sz rareq-sz wareq-sz  svctm  %util
nvme1n1       23197.00 9765.00   1449.81    610.31     0.00     0.00   0.00   0.00    0.46    0.48   0.00    64.00    64.00   0.03 100.10
nvme0n1          0.00 9760.00      0.00    610.00     0.00     0.00   0.00   0.00    0.00    0.03   0.00     0.00    64.00   0.10 100.00

avg-cpu:  %user   %nice %system %iowait  %steal   %idle
           0.79    0.00    4.44    0.00    0.00   94.77

Device            r/s     w/s     rMB/s     wMB/s   rrqm/s   wrqm/s  %rrqm  %wrqm r_await w_await aqu-sz rareq-sz wareq-sz  svctm  %util
nvme1n1       22955.00 9819.00   1434.69    613.69     0.00     0.00   0.00   0.00    0.47    0.49   0.00    64.00    64.00   0.03 100.00
nvme0n1          0.00 9819.00      0.00    613.69     0.00     0.00   0.00   0.00    0.00    0.03   0.00     0.00    64.00   0.10 100.00

avg-cpu:  %user   %nice %system %iowait  %steal   %idle
           0.72    0.00    4.59    0.00    0.00   94.68

Device            r/s     w/s     rMB/s     wMB/s   rrqm/s   wrqm/s  %rrqm  %wrqm r_await w_await aqu-sz rareq-sz wareq-sz  svctm  %util
nvme1n1       22847.00 9832.00   1427.94    614.50     0.00     0.00   0.00   0.00    0.47    0.49   0.00    64.00    64.00   0.03 100.00
nvme0n1          0.00 9831.00      0.00    614.44     0.00     0.00   0.00   0.00    0.00    0.03   0.00     0.00    64.00   0.10 100.00

avg-cpu:  %user   %nice %system %iowait  %steal   %idle
           0.79    0.00    4.53    0.00    0.00   94.68

Device            r/s     w/s     rMB/s     wMB/s   rrqm/s   wrqm/s  %rrqm  %wrqm r_await w_await aqu-sz rareq-sz wareq-sz  svctm  %util
nvme1n1       23058.00 9852.00   1441.12    615.75     0.00     0.00   0.00   0.00    0.46    0.48   0.00    64.00    64.00   0.03 100.00
nvme0n1          0.00 9852.00      0.00    615.75     0.00     0.00   0.00   0.00    0.00    0.03   0.00     0.00    64.00   0.10 100.00

avg-cpu:  %user   %nice %system %iowait  %steal   %idle
           0.75    0.00    4.66    0.00    0.00   94.59

Device            r/s     w/s     rMB/s     wMB/s   rrqm/s   wrqm/s  %rrqm  %wrqm r_await w_await aqu-sz rareq-sz wareq-sz  svctm  %util
nvme1n1       23052.00 9800.00   1440.75    612.50     0.00     0.00   0.00   0.00    0.46    0.49   0.00    64.00    64.00   0.03 100.00
nvme0n1          0.00 9802.00      0.00    612.62     0.00     0.00   0.00   0.00    0.00    0.03   0.00     0.00    64.00   0.10 100.00

avg-cpu:  %user   %nice %system %iowait  %steal   %idle
           0.69    0.00    4.62    0.00    0.00   94.68

Device            r/s     w/s     rMB/s     wMB/s   rrqm/s   wrqm/s  %rrqm  %wrqm r_await w_await aqu-sz rareq-sz wareq-sz  svctm  %util
nvme1n1       22907.00 9828.00   1431.69    614.25     0.00     0.00   0.00   0.00    0.47    0.49   0.00    64.00    64.00   0.03 100.00
nvme0n1          0.00 9827.00      0.00    614.19     0.00     0.00   0.00   0.00    0.00    0.03   0.00     0.00    64.00   0.10 100.00

avg-cpu:  %user   %nice %system %iowait  %steal   %idle
           0.79    0.00    4.47    0.00    0.00   94.74

Device            r/s     w/s     rMB/s     wMB/s   rrqm/s   wrqm/s  %rrqm  %wrqm r_await w_await aqu-sz rareq-sz wareq-sz  svctm  %util
nvme1n1       22972.00 9808.00   1435.75    613.00     0.00     0.00   0.00   0.00    0.47    0.49   0.00    64.00    64.00   0.03 100.00
nvme0n1          0.00 9809.00      0.00    613.06     0.00     0.00   0.00   0.00    0.00    0.03   0.00     0.00    64.00   0.10 100.00

avg-cpu:  %user   %nice %system %iowait  %steal   %idle
           0.79    0.00    4.56    0.00    0.00   94.65

Device            r/s     w/s     rMB/s     wMB/s   rrqm/s   wrqm/s  %rrqm  %wrqm r_await w_await aqu-sz rareq-sz wareq-sz  svctm  %util
nvme1n1       22997.00 9728.00   1437.31    608.00     0.00     0.00   0.00   0.00    0.47    0.49   0.00    64.00    64.00   0.03 100.00
nvme0n1          0.00 9730.00      0.00    608.12     0.00     0.00   0.00   0.00    0.00    0.03   0.00     0.00    64.00   0.10 100.00

avg-cpu:  %user   %nice %system %iowait  %steal   %idle
           0.72    0.00    4.75    0.00    0.00   94.53

Device            r/s     w/s     rMB/s     wMB/s   rrqm/s   wrqm/s  %rrqm  %wrqm r_await w_await aqu-sz rareq-sz wareq-sz  svctm  %util
nvme1n1       23012.00 9827.00   1438.25    614.19     0.00     0.00   0.00   0.00    0.46    0.49   0.00    64.00    64.00   0.03 100.00
nvme0n1          0.00 9825.00      0.00    614.06     0.00     0.00   0.00   0.00    0.00    0.03   0.00     0.00    64.00   0.10 100.00

avg-cpu:  %user   %nice %system %iowait  %steal   %idle
           0.88    0.00    4.50    0.00    0.00   94.62

Device            r/s     w/s     rMB/s     wMB/s   rrqm/s   wrqm/s  %rrqm  %wrqm r_await w_await aqu-sz rareq-sz wareq-sz  svctm  %util
nvme1n1       23052.00 9877.00   1440.75    617.31     0.00     0.00   0.00   0.00    0.46    0.48   0.00    64.00    64.00   0.03 100.00
nvme0n1          0.00 9878.00      0.00    617.38     0.00     0.00   0.00   0.00    0.00    0.03   0.00     0.00    64.00   0.10 100.00

avg-cpu:  %user   %nice %system %iowait  %steal   %idle
           0.72    0.00    4.62    0.00    0.00   94.65

Device            r/s     w/s     rMB/s     wMB/s   rrqm/s   wrqm/s  %rrqm  %wrqm r_await w_await aqu-sz rareq-sz wareq-sz  svctm  %util
nvme1n1       22761.00 9937.00   1422.56    621.06     0.00     0.00   0.00   0.00    0.47    0.49   0.00    64.00    64.00   0.03 100.00
nvme0n1          0.00 9936.00      0.00    621.00     0.00     0.00   0.00   0.00    0.00    0.03   0.00     0.00    64.00   0.10 100.00

avg-cpu:  %user   %nice %system %iowait  %steal   %idle
           0.75    0.00    4.56    0.00    0.00   94.69

Device            r/s     w/s     rMB/s     wMB/s   rrqm/s   wrqm/s  %rrqm  %wrqm r_await w_await aqu-sz rareq-sz wareq-sz  svctm  %util
nvme1n1       22928.00 9859.00   1433.00    616.19     0.00     0.00   0.00   0.00    0.47    0.49   0.00    64.00    64.00   0.03 100.00
nvme0n1          0.00 9859.00      0.00    616.19     0.00     0.00   0.00   0.00    0.00    0.03   0.00     0.00    64.00   0.10 100.00

avg-cpu:  %user   %nice %system %iowait  %steal   %idle
           0.79    0.00    4.50    0.00    0.00   94.71

Device            r/s     w/s     rMB/s     wMB/s   rrqm/s   wrqm/s  %rrqm  %wrqm r_await w_await aqu-sz rareq-sz wareq-sz  svctm  %util
nvme1n1       22888.00 9908.00   1430.50    619.25     0.00     0.00   0.00   0.00    0.47    0.49   0.00    64.00    64.00   0.03 100.00
nvme0n1          0.00 9907.00      0.00    619.19     0.00     0.00   0.00   0.00    0.00    0.03   0.00     0.00    64.00   0.10 100.00

avg-cpu:  %user   %nice %system %iowait  %steal   %idle
           0.82    0.00    4.44    0.00    0.00   94.75

Device            r/s     w/s     rMB/s     wMB/s   rrqm/s   wrqm/s  %rrqm  %wrqm r_await w_await aqu-sz rareq-sz wareq-sz  svctm  %util
nvme1n1       22856.00 9743.00   1428.50    608.94     0.00     0.00   0.00   0.00    0.47    0.49   0.00    64.00    64.00   0.03 100.00
nvme0n1          0.00 9745.00      0.00    609.06     0.00     0.00   0.00   0.00    0.00    0.03   0.00     0.00    64.00   0.10 100.00

avg-cpu:  %user   %nice %system %iowait  %steal   %idle
           0.79    0.00    4.53    0.00    0.00   94.68

Device            r/s     w/s     rMB/s     wMB/s   rrqm/s   wrqm/s  %rrqm  %wrqm r_await w_await aqu-sz rareq-sz wareq-sz  svctm  %util
nvme1n1       22914.00 9869.00   1432.12    616.81     0.00     0.00   0.00   0.00    0.47    0.49   0.00    64.00    64.00   0.03 100.00
nvme0n1          0.00 9868.00      0.00    616.75     0.00     0.00   0.00   0.00    0.00    0.03   0.00     0.00    64.00   0.10 100.00

avg-cpu:  %user   %nice %system %iowait  %steal   %idle
           0.79    0.00    4.38    0.00    0.00   94.83

Device            r/s     w/s     rMB/s     wMB/s   rrqm/s   wrqm/s  %rrqm  %wrqm r_await w_await aqu-sz rareq-sz wareq-sz  svctm  %util
nvme1n1       22546.00 9884.00   1409.12    617.75     0.00     0.00   0.00   0.00    0.47    0.49   0.00    64.00    64.00   0.03 100.00
nvme0n1          0.00 9881.00      0.00    617.56     0.00     0.00   0.00   0.00    0.00    0.03   0.00     0.00    64.00   0.10 100.00

avg-cpu:  %user   %nice %system %iowait  %steal   %idle
           0.82    0.00    4.47    0.00    0.00   94.71

Device            r/s     w/s     rMB/s     wMB/s   rrqm/s   wrqm/s  %rrqm  %wrqm r_await w_await aqu-sz rareq-sz wareq-sz  svctm  %util
nvme1n1       22914.00 9756.00   1432.12    609.75     0.00     0.00   0.00   0.00    0.47    0.49   0.00    64.00    64.00   0.03 100.10
nvme0n1          0.00 9760.00      0.00    610.00     0.00     0.00   0.00   0.00    0.00    0.03   0.00     0.00    64.00   0.10 100.10

avg-cpu:  %user   %nice %system %iowait  %steal   %idle
           0.82    0.00    4.56    0.00    0.00   94.63

Device            r/s     w/s     rMB/s     wMB/s   rrqm/s   wrqm/s  %rrqm  %wrqm r_await w_await aqu-sz rareq-sz wareq-sz  svctm  %util
nvme1n1       22830.00 9656.00   1425.64    603.50     0.00     0.00   0.00   0.00    0.47    0.49   0.00    63.94    64.00   0.03  99.60
nvme0n1          0.00 9650.00      0.00    603.12     0.00     0.00   0.00   0.00    0.00    0.03   0.00     0.00    64.00   0.10  99.40

