Linux 5.4.1-050401-lowlatency (kanwu-Super-Server) 	09/11/2020 	_x86_64_	(32 CPU)

avg-cpu:  %user   %nice %system %iowait  %steal   %idle
           0.07    0.00    0.31    0.07    0.00   99.55

Device            r/s     w/s     rMB/s     wMB/s   rrqm/s   wrqm/s  %rrqm  %wrqm r_await w_await aqu-sz rareq-sz wareq-sz  svctm  %util
nvme1n1       1015.89  360.29     63.49     22.24     0.00     0.00   0.00   0.00    0.33    0.40   0.00    64.00    63.20   0.03   4.19
nvme0n1        222.38  235.69     13.90     14.73     0.00     0.00   0.00   0.00    0.26    0.05   0.01    63.99    63.99   0.06   2.70
cas1-1          16.41    7.04      1.03      0.44     0.00     0.00   0.00   0.00    0.07    0.23   0.00    64.00    64.00   0.01   0.02

avg-cpu:  %user   %nice %system %iowait  %steal   %idle
           0.16    0.00    0.69    1.50    0.00   97.65

Device            r/s     w/s     rMB/s     wMB/s   rrqm/s   wrqm/s  %rrqm  %wrqm r_await w_await aqu-sz rareq-sz wareq-sz  svctm  %util
nvme1n1         51.00    0.00      1.07      0.00     0.00     0.00   0.00   0.00    0.02    0.00   0.00    21.41     0.00   0.10   0.50
nvme0n1          0.00    0.00      0.00      0.00     0.00     0.00   0.00   0.00    0.00    0.00   0.00     0.00     0.00   0.00   0.00

avg-cpu:  %user   %nice %system %iowait  %steal   %idle
           0.53    0.00    0.47    2.28    0.00   96.72

Device            r/s     w/s     rMB/s     wMB/s   rrqm/s   wrqm/s  %rrqm  %wrqm r_await w_await aqu-sz rareq-sz wareq-sz  svctm  %util
nvme1n1         45.00    0.00      1.04      0.00     0.00     0.00   0.00   0.00    0.04    0.00   0.00    23.73     0.00   0.18   0.80
nvme0n1          0.00    0.00      0.00      0.00     0.00     0.00   0.00   0.00    0.00    0.00   0.00     0.00     0.00   0.00   0.00

avg-cpu:  %user   %nice %system %iowait  %steal   %idle
           0.19    0.00    2.07    0.63    0.00   97.12

Device            r/s     w/s     rMB/s     wMB/s   rrqm/s   wrqm/s  %rrqm  %wrqm r_await w_await aqu-sz rareq-sz wareq-sz  svctm  %util
nvme1n1        643.00    0.00     40.19      0.00     0.00     0.00   0.00   0.00    0.12    0.00   0.00    64.00     0.00   0.08   5.10
nvme0n1          0.00    0.00      0.00      0.00     0.00     0.00   0.00   0.00    0.00    0.00   0.00     0.00     0.00   0.00   0.00

avg-cpu:  %user   %nice %system %iowait  %steal   %idle
           0.88    0.00   32.14    4.77    0.00   62.20

Device            r/s     w/s     rMB/s     wMB/s   rrqm/s   wrqm/s  %rrqm  %wrqm r_await w_await aqu-sz rareq-sz wareq-sz  svctm  %util
nvme1n1       7567.00    0.00    472.94      0.00     0.00     0.00   0.00   0.00    0.07    0.00   0.00    64.00     0.00   0.13  97.80
nvme0n1          0.00    0.00      0.00      0.00     0.00     0.00   0.00   0.00    0.00    0.00   0.00     0.00     0.00   0.00   0.00

avg-cpu:  %user   %nice %system %iowait  %steal   %idle
           0.94    0.00   28.05    4.01    0.00   67.00

Device            r/s     w/s     rMB/s     wMB/s   rrqm/s   wrqm/s  %rrqm  %wrqm r_await w_await aqu-sz rareq-sz wareq-sz  svctm  %util
nvme1n1        392.00    0.00     24.50      0.00     0.00     0.00   0.00   0.00    0.05    0.00   0.00    64.00     0.00   0.77  30.00
nvme0n1          0.00    0.00      0.00      0.00     0.00     0.00   0.00   0.00    0.00    0.00   0.00     0.00     0.00   0.00   0.00

avg-cpu:  %user   %nice %system %iowait  %steal   %idle
           0.88    0.00   28.27    2.91    0.00   67.94

Device            r/s     w/s     rMB/s     wMB/s   rrqm/s   wrqm/s  %rrqm  %wrqm r_await w_await aqu-sz rareq-sz wareq-sz  svctm  %util
nvme1n1        384.00    0.00     24.00      0.00     0.00     0.00   0.00   0.00    0.04    0.00   0.00    64.00     0.00   0.75  28.70
nvme0n1          0.00    0.00      0.00      0.00     0.00     0.00   0.00   0.00    0.00    0.00   0.00     0.00     0.00   0.00   0.00

avg-cpu:  %user   %nice %system %iowait  %steal   %idle
           0.94    0.00   27.85    2.75    0.00   68.46

Device            r/s     w/s     rMB/s     wMB/s   rrqm/s   wrqm/s  %rrqm  %wrqm r_await w_await aqu-sz rareq-sz wareq-sz  svctm  %util
nvme1n1       1462.00    0.00     91.38      0.00     0.00     0.00   0.00   0.00    0.04    0.00   0.00    64.00     0.00   0.53  77.90
nvme0n1          0.00    0.00      0.00      0.00     0.00     0.00   0.00   0.00    0.00    0.00   0.00     0.00     0.00   0.00   0.00

avg-cpu:  %user   %nice %system %iowait  %steal   %idle
           0.88    0.00   27.96    3.10    0.00   68.07

Device            r/s     w/s     rMB/s     wMB/s   rrqm/s   wrqm/s  %rrqm  %wrqm r_await w_await aqu-sz rareq-sz wareq-sz  svctm  %util
nvme1n1       1760.00    0.00    110.00      0.00     0.00     0.00   0.00   0.00    0.04    0.00   0.00    64.00     0.00   0.46  81.20
nvme0n1          0.00    0.00      0.00      0.00     0.00     0.00   0.00   0.00    0.00    0.00   0.00     0.00     0.00   0.00   0.00

avg-cpu:  %user   %nice %system %iowait  %steal   %idle
           0.88    0.00   27.85    3.47    0.00   67.80

Device            r/s     w/s     rMB/s     wMB/s   rrqm/s   wrqm/s  %rrqm  %wrqm r_await w_await aqu-sz rareq-sz wareq-sz  svctm  %util
nvme1n1       1747.00    0.00    109.19      0.00     0.00     0.00   0.00   0.00    0.04    0.00   0.00    64.00     0.00   0.46  80.00
nvme0n1          0.00    0.00      0.00      0.00     0.00     0.00   0.00   0.00    0.00    0.00   0.00     0.00     0.00   0.00   0.00

avg-cpu:  %user   %nice %system %iowait  %steal   %idle
           0.91    0.00   27.99    2.50    0.00   68.60

Device            r/s     w/s     rMB/s     wMB/s   rrqm/s   wrqm/s  %rrqm  %wrqm r_await w_await aqu-sz rareq-sz wareq-sz  svctm  %util
nvme1n1       2106.00    0.00    131.62      0.00     0.00     0.00   0.00   0.00    0.04    0.00   0.00    64.00     0.00   0.40  84.70
nvme0n1          0.00    0.00      0.00      0.00     0.00     0.00   0.00   0.00    0.00    0.00   0.00     0.00     0.00   0.00   0.00

avg-cpu:  %user   %nice %system %iowait  %steal   %idle
           0.88    0.00   27.96    3.91    0.00   67.25

Device            r/s     w/s     rMB/s     wMB/s   rrqm/s   wrqm/s  %rrqm  %wrqm r_await w_await aqu-sz rareq-sz wareq-sz  svctm  %util
nvme1n1       3553.00    0.00    222.06      0.00     0.00     0.00   0.00   0.00    0.04    0.00   0.00    64.00     0.00   0.27  96.60
nvme0n1          0.00    0.00      0.00      0.00     0.00     0.00   0.00   0.00    0.00    0.00   0.00     0.00     0.00   0.00   0.00

avg-cpu:  %user   %nice %system %iowait  %steal   %idle
           0.84    0.00   27.82    1.91    0.00   69.43

Device            r/s     w/s     rMB/s     wMB/s   rrqm/s   wrqm/s  %rrqm  %wrqm r_await w_await aqu-sz rareq-sz wareq-sz  svctm  %util
nvme1n1       5258.00    0.00    328.62      0.00     0.00     0.00   0.00   0.00    0.04    0.00   0.00    64.00     0.00   0.19  99.20
nvme0n1          0.00    0.00      0.00      0.00     0.00     0.00   0.00   0.00    0.00    0.00   0.00     0.00     0.00   0.00   0.00

avg-cpu:  %user   %nice %system %iowait  %steal   %idle
           1.44    0.00   27.79    1.79    0.00   68.98

Device            r/s     w/s     rMB/s     wMB/s   rrqm/s   wrqm/s  %rrqm  %wrqm r_await w_await aqu-sz rareq-sz wareq-sz  svctm  %util
nvme1n1       5772.00    0.00    360.75      0.00     0.00     0.00   0.00   0.00    0.04    0.00   0.00    64.00     0.00   0.17  99.50
nvme0n1          0.00    0.00      0.00      0.00     0.00     0.00   0.00   0.00    0.00    0.00   0.00     0.00     0.00   0.00   0.00

avg-cpu:  %user   %nice %system %iowait  %steal   %idle
           0.85    0.00   27.82    1.47    0.00   69.86

Device            r/s     w/s     rMB/s     wMB/s   rrqm/s   wrqm/s  %rrqm  %wrqm r_await w_await aqu-sz rareq-sz wareq-sz  svctm  %util
nvme1n1       4722.00    0.00    295.12      0.00     0.00     0.00   0.00   0.00    0.04    0.00   0.00    64.00     0.00   0.21  99.20
nvme0n1          0.00    0.00      0.00      0.00     0.00     0.00   0.00   0.00    0.00    0.00   0.00     0.00     0.00   0.00   0.00

avg-cpu:  %user   %nice %system %iowait  %steal   %idle
           0.91    0.00   27.80    1.44    0.00   69.85

Device            r/s     w/s     rMB/s     wMB/s   rrqm/s   wrqm/s  %rrqm  %wrqm r_await w_await aqu-sz rareq-sz wareq-sz  svctm  %util
nvme1n1       4540.00    0.00    283.75      0.00     0.00     0.00   0.00   0.00    0.04    0.00   0.00    64.00     0.00   0.22  98.50
nvme0n1          0.00    0.00      0.00      0.00     0.00     0.00   0.00   0.00    0.00    0.00   0.00     0.00     0.00   0.00   0.00

avg-cpu:  %user   %nice %system %iowait  %steal   %idle
           0.85    0.00   27.92    1.66    0.00   69.58

Device            r/s     w/s     rMB/s     wMB/s   rrqm/s   wrqm/s  %rrqm  %wrqm r_await w_await aqu-sz rareq-sz wareq-sz  svctm  %util
nvme1n1       4172.00    0.00    260.75      0.00     0.00     0.00   0.00   0.00    0.04    0.00   0.00    64.00     0.00   0.24  98.50
nvme0n1          0.00    0.00      0.00      0.00     0.00     0.00   0.00   0.00    0.00    0.00   0.00     0.00     0.00   0.00   0.00

avg-cpu:  %user   %nice %system %iowait  %steal   %idle
           0.85    0.00   27.93    1.82    0.00   69.41

Device            r/s     w/s     rMB/s     wMB/s   rrqm/s   wrqm/s  %rrqm  %wrqm r_await w_await aqu-sz rareq-sz wareq-sz  svctm  %util
nvme1n1       4419.00    0.00    276.19      0.00     0.00     0.00   0.00   0.00    0.04    0.00   0.00    64.00     0.00   0.22  97.50
nvme0n1          0.00    0.00      0.00      0.00     0.00     0.00   0.00   0.00    0.00    0.00   0.00     0.00     0.00   0.00   0.00

avg-cpu:  %user   %nice %system %iowait  %steal   %idle
           0.88    0.00   27.82    1.82    0.00   69.48

Device            r/s     w/s     rMB/s     wMB/s   rrqm/s   wrqm/s  %rrqm  %wrqm r_await w_await aqu-sz rareq-sz wareq-sz  svctm  %util
nvme1n1       5248.00    0.00    328.00      0.00     0.00     0.00   0.00   0.00    0.04    0.00   0.00    64.00     0.00   0.19  99.50
nvme0n1          0.00    0.00      0.00      0.00     0.00     0.00   0.00   0.00    0.00    0.00   0.00     0.00     0.00   0.00   0.00

avg-cpu:  %user   %nice %system %iowait  %steal   %idle
           0.81    0.00   27.86    1.22    0.00   70.11

Device            r/s     w/s     rMB/s     wMB/s   rrqm/s   wrqm/s  %rrqm  %wrqm r_await w_await aqu-sz rareq-sz wareq-sz  svctm  %util
nvme1n1       6130.00    0.00    383.12      0.00     0.00     0.00   0.00   0.00    0.04    0.00   0.00    64.00     0.00   0.16  99.50
nvme0n1          0.00    0.00      0.00      0.00     0.00     0.00   0.00   0.00    0.00    0.00   0.00     0.00     0.00   0.00   0.00

avg-cpu:  %user   %nice %system %iowait  %steal   %idle
           0.94    0.00   27.69    1.50    0.00   69.86

Device            r/s     w/s     rMB/s     wMB/s   rrqm/s   wrqm/s  %rrqm  %wrqm r_await w_await aqu-sz rareq-sz wareq-sz  svctm  %util
nvme1n1       7454.00    0.00    465.88      0.00     0.00     0.00   0.00   0.00    0.04    0.00   0.00    64.00     0.00   0.13  99.90
nvme0n1          0.00    0.00      0.00      0.00     0.00     0.00   0.00   0.00    0.00    0.00   0.00     0.00     0.00   0.00   0.00

avg-cpu:  %user   %nice %system %iowait  %steal   %idle
           0.88    0.00   27.82    1.66    0.00   69.64

Device            r/s     w/s     rMB/s     wMB/s   rrqm/s   wrqm/s  %rrqm  %wrqm r_await w_await aqu-sz rareq-sz wareq-sz  svctm  %util
nvme1n1       8203.00    0.00    512.69      0.00     0.00     0.00   0.00   0.00    0.04    0.00   0.00    64.00     0.00   0.12  99.90
nvme0n1          0.00    0.00      0.00      0.00     0.00     0.00   0.00   0.00    0.00    0.00   0.00     0.00     0.00   0.00   0.00

avg-cpu:  %user   %nice %system %iowait  %steal   %idle
           0.81    0.00   27.72    1.10    0.00   70.37

Device            r/s     w/s     rMB/s     wMB/s   rrqm/s   wrqm/s  %rrqm  %wrqm r_await w_await aqu-sz rareq-sz wareq-sz  svctm  %util
nvme1n1       9040.00    0.00    565.00      0.00     0.00     0.00   0.00   0.00    0.04    0.00   0.00    64.00     0.00   0.11 100.10
nvme0n1          0.00    0.00      0.00      0.00     0.00     0.00   0.00   0.00    0.00    0.00   0.00     0.00     0.00   0.00   0.00

avg-cpu:  %user   %nice %system %iowait  %steal   %idle
           0.81    0.00   28.00    0.47    0.00   70.71

Device            r/s     w/s     rMB/s     wMB/s   rrqm/s   wrqm/s  %rrqm  %wrqm r_await w_await aqu-sz rareq-sz wareq-sz  svctm  %util
nvme1n1       9241.00    0.00    577.56      0.00     0.00     0.00   0.00   0.00    0.04    0.00   0.00    64.00     0.00   0.11 100.00
nvme0n1          0.00    0.00      0.00      0.00     0.00     0.00   0.00   0.00    0.00    0.00   0.00     0.00     0.00   0.00   0.00

avg-cpu:  %user   %nice %system %iowait  %steal   %idle
           0.75    0.00   27.86    0.38    0.00   71.02

Device            r/s     w/s     rMB/s     wMB/s   rrqm/s   wrqm/s  %rrqm  %wrqm r_await w_await aqu-sz rareq-sz wareq-sz  svctm  %util
nvme1n1       9135.00    0.00    570.94      0.00     0.00     0.00   0.00   0.00    0.04    0.00   0.00    64.00     0.00   0.11  99.90
nvme0n1          0.00    0.00      0.00      0.00     0.00     0.00   0.00   0.00    0.00    0.00   0.00     0.00     0.00   0.00   0.00

avg-cpu:  %user   %nice %system %iowait  %steal   %idle
           0.81    0.00   27.83    0.81    0.00   70.54

Device            r/s     w/s     rMB/s     wMB/s   rrqm/s   wrqm/s  %rrqm  %wrqm r_await w_await aqu-sz rareq-sz wareq-sz  svctm  %util
nvme1n1       8453.00    0.00    528.31      0.00     0.00     0.00   0.00   0.00    0.04    0.00   0.00    64.00     0.00   0.12 100.00
nvme0n1          0.00    0.00      0.00      0.00     0.00     0.00   0.00   0.00    0.00    0.00   0.00     0.00     0.00   0.00   0.00

avg-cpu:  %user   %nice %system %iowait  %steal   %idle
           0.88    0.00   27.78    1.82    0.00   69.53

Device            r/s     w/s     rMB/s     wMB/s   rrqm/s   wrqm/s  %rrqm  %wrqm r_await w_await aqu-sz rareq-sz wareq-sz  svctm  %util
nvme1n1       8508.00    0.00    531.75      0.00     0.00     0.00   0.00   0.00    0.04    0.00   0.00    64.00     0.00   0.12 100.00
nvme0n1          0.00    0.00      0.00      0.00     0.00     0.00   0.00   0.00    0.00    0.00   0.00     0.00     0.00   0.00   0.00

avg-cpu:  %user   %nice %system %iowait  %steal   %idle
           0.91    0.00   27.61    1.63    0.00   69.85

Device            r/s     w/s     rMB/s     wMB/s   rrqm/s   wrqm/s  %rrqm  %wrqm r_await w_await aqu-sz rareq-sz wareq-sz  svctm  %util
nvme1n1       9666.00    0.00    604.12      0.00     0.00     0.00   0.00   0.00    0.04    0.00   0.00    64.00     0.00   0.10 100.00
nvme0n1          0.00    0.00      0.00      0.00     0.00     0.00   0.00   0.00    0.00    0.00   0.00     0.00     0.00   0.00   0.00

avg-cpu:  %user   %nice %system %iowait  %steal   %idle
           0.85    0.00   27.70    1.00    0.00   70.45

Device            r/s     w/s     rMB/s     wMB/s   rrqm/s   wrqm/s  %rrqm  %wrqm r_await w_await aqu-sz rareq-sz wareq-sz  svctm  %util
nvme1n1       10218.00    0.00    638.62      0.00     0.00     0.00   0.00   0.00    0.05    0.00   0.00    64.00     0.00   0.10 100.00
nvme0n1          0.00    0.00      0.00      0.00     0.00     0.00   0.00   0.00    0.00    0.00   0.00     0.00     0.00   0.00   0.00

avg-cpu:  %user   %nice %system %iowait  %steal   %idle
           0.91    0.00   27.65    0.28    0.00   71.16

Device            r/s     w/s     rMB/s     wMB/s   rrqm/s   wrqm/s  %rrqm  %wrqm r_await w_await aqu-sz rareq-sz wareq-sz  svctm  %util
nvme1n1       9908.00    0.00    619.25      0.00     0.00     0.00   0.00   0.00    0.04    0.00   0.00    64.00     0.00   0.10 100.00
nvme0n1          0.00    0.00      0.00      0.00     0.00     0.00   0.00   0.00    0.00    0.00   0.00     0.00     0.00   0.00   0.00

avg-cpu:  %user   %nice %system %iowait  %steal   %idle
           0.94    0.00   27.65    1.13    0.00   70.28

Device            r/s     w/s     rMB/s     wMB/s   rrqm/s   wrqm/s  %rrqm  %wrqm r_await w_await aqu-sz rareq-sz wareq-sz  svctm  %util
nvme1n1       10444.00    0.00    652.81      0.00     0.00     0.00   0.00   0.00    0.05    0.00   0.00    64.01     0.00   0.10 100.00
nvme0n1          0.00    0.00      0.00      0.00     0.00     0.00   0.00   0.00    0.00    0.00   0.00     0.00     0.00   0.00   0.00

avg-cpu:  %user   %nice %system %iowait  %steal   %idle
           0.91    0.00   27.63    0.84    0.00   70.62

Device            r/s     w/s     rMB/s     wMB/s   rrqm/s   wrqm/s  %rrqm  %wrqm r_await w_await aqu-sz rareq-sz wareq-sz  svctm  %util
nvme1n1       11441.00    0.00    715.00      0.00     0.00     0.00   0.00   0.00    0.05    0.00   0.00    63.99     0.00   0.09 100.10
nvme0n1          0.00    0.00      0.00      0.00     0.00     0.00   0.00   0.00    0.00    0.00   0.00     0.00     0.00   0.00   0.00

avg-cpu:  %user   %nice %system %iowait  %steal   %idle
           0.94    0.00   27.65    1.75    0.00   69.66

Device            r/s     w/s     rMB/s     wMB/s   rrqm/s   wrqm/s  %rrqm  %wrqm r_await w_await aqu-sz rareq-sz wareq-sz  svctm  %util
nvme1n1       12835.00    0.00    802.19      0.00     0.00     0.00   0.00   0.00    0.05    0.00   0.00    64.00     0.00   0.08  99.90
nvme0n1          0.00    0.00      0.00      0.00     0.00     0.00   0.00   0.00    0.00    0.00   0.00     0.00     0.00   0.00   0.00

avg-cpu:  %user   %nice %system %iowait  %steal   %idle
           0.85    0.00   27.65    1.60    0.00   69.90

Device            r/s     w/s     rMB/s     wMB/s   rrqm/s   wrqm/s  %rrqm  %wrqm r_await w_await aqu-sz rareq-sz wareq-sz  svctm  %util
nvme1n1       12671.00    0.00    791.94      0.00     0.00     0.00   0.00   0.00    0.05    0.00   0.00    64.00     0.00   0.08 100.00
nvme0n1          0.00    0.00      0.00      0.00     0.00     0.00   0.00   0.00    0.00    0.00   0.00     0.00     0.00   0.00   0.00

avg-cpu:  %user   %nice %system %iowait  %steal   %idle
           0.88    0.00   27.63    1.56    0.00   69.93

Device            r/s     w/s     rMB/s     wMB/s   rrqm/s   wrqm/s  %rrqm  %wrqm r_await w_await aqu-sz rareq-sz wareq-sz  svctm  %util
nvme1n1       12508.00    0.00    781.75      0.00     0.00     0.00   0.00   0.00    0.05    0.00   0.00    64.00     0.00   0.08 100.10
nvme0n1          0.00    0.00      0.00      0.00     0.00     0.00   0.00   0.00    0.00    0.00   0.00     0.00     0.00   0.00   0.00

avg-cpu:  %user   %nice %system %iowait  %steal   %idle
           0.81    0.00   27.69    1.50    0.00   69.99

Device            r/s     w/s     rMB/s     wMB/s   rrqm/s   wrqm/s  %rrqm  %wrqm r_await w_await aqu-sz rareq-sz wareq-sz  svctm  %util
nvme1n1       12915.00    0.00    807.19      0.00     0.00     0.00   0.00   0.00    0.05    0.00   0.00    64.00     0.00   0.08 100.00
nvme0n1          0.00    0.00      0.00      0.00     0.00     0.00   0.00   0.00    0.00    0.00   0.00     0.00     0.00   0.00   0.00

