Linux 5.4.1-050401-lowlatency (kanwu-Super-Server) 	09/11/2020 	_x86_64_	(32 CPU)

avg-cpu:  %user   %nice %system %iowait  %steal   %idle
           2.47    0.00    2.63    1.92    0.00   92.98

Device            r/s     w/s     rMB/s     wMB/s   rrqm/s   wrqm/s  %rrqm  %wrqm r_await w_await aqu-sz rareq-sz wareq-sz  svctm  %util
nvme1n1       13153.23 2734.37    822.04    169.07     0.00     0.00   0.00   0.00    0.34    0.34   0.08    64.00    63.31   0.03  50.43
nvme0n1       9889.41   19.05    618.06      1.17     0.00     0.00   0.00   0.00    0.22    0.30   0.00    64.00    63.00   0.03  31.88
cas1-1        5151.05  570.19    321.93     35.64     0.00     0.00   0.00   0.00    0.45    0.50   0.02    64.00    64.00   0.03  18.16

avg-cpu:  %user   %nice %system %iowait  %steal   %idle
           0.06    0.00    0.41    1.09    0.00   98.44

Device            r/s     w/s     rMB/s     wMB/s   rrqm/s   wrqm/s  %rrqm  %wrqm r_await w_await aqu-sz rareq-sz wareq-sz  svctm  %util
nvme1n1       3277.00 2436.00    204.81     46.97     0.00     0.00   0.00   0.00    0.84    0.25   1.55    64.00    19.75   0.04  21.40
nvme0n1          3.00 3329.00      0.01    204.81     0.00     0.00   0.00   0.00    0.00    0.30   0.25     4.00    63.00   0.05  17.30

avg-cpu:  %user   %nice %system %iowait  %steal   %idle
           0.25    0.00    0.19    1.56    0.00   98.00

Device            r/s     w/s     rMB/s     wMB/s   rrqm/s   wrqm/s  %rrqm  %wrqm r_await w_await aqu-sz rareq-sz wareq-sz  svctm  %util
nvme1n1         35.00  877.00      1.07    102.94     0.00     0.00   0.00   0.00    0.03    2.93   2.16    31.44   120.20   0.08   7.30
nvme0n1         41.00    0.00      1.03      0.00     0.00     0.00   0.00   0.00    0.12    0.00   0.00    25.66     0.00   0.27   1.10

avg-cpu:  %user   %nice %system %iowait  %steal   %idle
           0.19    0.00    1.00    1.22    0.00   97.59

Device            r/s     w/s     rMB/s     wMB/s   rrqm/s   wrqm/s  %rrqm  %wrqm r_await w_await aqu-sz rareq-sz wareq-sz  svctm  %util
nvme1n1        520.00 6100.00     32.50    306.43     0.00     0.00   0.00   0.00    0.85    0.91   2.27    64.00    51.44   0.03  22.70
nvme0n1       3202.00    0.00    200.19      0.00     0.00     0.00   0.00   0.00    0.20    0.00   0.21    64.02     0.00   0.07  22.70

avg-cpu:  %user   %nice %system %iowait  %steal   %idle
           0.85    0.00    3.97    3.43    0.00   91.75

Device            r/s     w/s     rMB/s     wMB/s   rrqm/s   wrqm/s  %rrqm  %wrqm r_await w_await aqu-sz rareq-sz wareq-sz  svctm  %util
nvme1n1       12127.00 18318.00    758.00   1037.94     0.00     0.00   0.00   0.00    0.63    0.68   0.87    64.01    58.02   0.03 100.00
nvme0n1       7853.00    0.00    490.75      0.00     0.00     0.00   0.00   0.00    0.12    0.00   0.00    63.99     0.00   0.13  99.90

avg-cpu:  %user   %nice %system %iowait  %steal   %idle
           0.91    0.00    3.86    2.70    0.00   92.53

Device            r/s     w/s     rMB/s     wMB/s   rrqm/s   wrqm/s  %rrqm  %wrqm r_await w_await aqu-sz rareq-sz wareq-sz  svctm  %util
nvme1n1       19253.00 11547.00   1203.25    711.90     0.00     0.00   0.00   0.00    0.53    0.55   0.00    64.00    63.13   0.03 100.00
nvme0n1       2263.00    0.00    141.44      0.00     0.00     0.00   0.00   0.00    0.11    0.00   0.00    64.00     0.00   0.39  88.90

avg-cpu:  %user   %nice %system %iowait  %steal   %idle
           0.75    0.00    3.87    2.45    0.00   92.93

Device            r/s     w/s     rMB/s     wMB/s   rrqm/s   wrqm/s  %rrqm  %wrqm r_await w_await aqu-sz rareq-sz wareq-sz  svctm  %util
nvme1n1       21804.00 10082.00   1362.75    629.66     0.00     0.00   0.00   0.00    0.49    0.51   0.00    64.00    63.95   0.03 100.00
nvme0n1        639.00    0.00     39.94      0.00     0.00     0.00   0.00   0.00    0.10    0.00   0.00    64.00     0.00   0.78  50.00

avg-cpu:  %user   %nice %system %iowait  %steal   %idle
           0.72    0.00    3.93    4.21    0.00   91.14

Device            r/s     w/s     rMB/s     wMB/s   rrqm/s   wrqm/s  %rrqm  %wrqm r_await w_await aqu-sz rareq-sz wareq-sz  svctm  %util
nvme1n1       21872.00 9876.00   1367.00    617.25     0.00     0.00   0.00   0.00    0.48    0.50   0.00    64.00    64.00   0.03 100.10
nvme0n1        601.00    0.00     37.56      0.00     0.00     0.00   0.00   0.00    0.10    0.00   0.00    64.00     0.00   0.80  47.90

avg-cpu:  %user   %nice %system %iowait  %steal   %idle
           0.75    0.00    3.80    3.71    0.00   91.73

Device            r/s     w/s     rMB/s     wMB/s   rrqm/s   wrqm/s  %rrqm  %wrqm r_await w_await aqu-sz rareq-sz wareq-sz  svctm  %util
nvme1n1       21764.00 10002.00   1360.25    625.12     0.00     0.00   0.00   0.00    0.48    0.50   0.00    64.00    64.00   0.03 100.00
nvme0n1        936.00    0.00     58.50      0.00     0.00     0.00   0.00   0.00    0.10    0.00   0.00    64.00     0.00   0.69  65.00

avg-cpu:  %user   %nice %system %iowait  %steal   %idle
           0.72    0.00    3.99    3.42    0.00   91.87

Device            r/s     w/s     rMB/s     wMB/s   rrqm/s   wrqm/s  %rrqm  %wrqm r_await w_await aqu-sz rareq-sz wareq-sz  svctm  %util
nvme1n1       22116.00 9776.00   1382.25    611.00     0.00     0.00   0.00   0.00    0.48    0.50   0.00    64.00    64.00   0.03 100.00
nvme0n1        607.00    0.00     37.94      0.00     0.00     0.00   0.00   0.00    0.10    0.00   0.00    64.00     0.00   0.78  47.30

avg-cpu:  %user   %nice %system %iowait  %steal   %idle
           0.82    0.00    3.80    3.24    0.00   92.14

Device            r/s     w/s     rMB/s     wMB/s   rrqm/s   wrqm/s  %rrqm  %wrqm r_await w_await aqu-sz rareq-sz wareq-sz  svctm  %util
nvme1n1       21975.00 9798.00   1373.44    612.38     0.00     0.00   0.00   0.00    0.48    0.50   0.00    64.00    64.00   0.03 100.00
nvme0n1        854.00    0.00     53.37      0.00     0.00     0.00   0.00   0.00    0.10    0.00   0.00    64.00     0.00   0.70  60.10

avg-cpu:  %user   %nice %system %iowait  %steal   %idle
           0.72    0.00    3.96    2.32    0.00   93.00

Device            r/s     w/s     rMB/s     wMB/s   rrqm/s   wrqm/s  %rrqm  %wrqm r_await w_await aqu-sz rareq-sz wareq-sz  svctm  %util
nvme1n1       21911.00 9941.00   1369.44    621.31     0.00     0.00   0.00   0.00    0.48    0.50   0.00    64.00    64.00   0.03 100.00
nvme0n1       1249.00    0.00     78.06      0.00     0.00     0.00   0.00   0.00    0.10    0.00   0.00    64.00     0.00   0.58  72.20

avg-cpu:  %user   %nice %system %iowait  %steal   %idle
           0.78    0.00    3.96    0.57    0.00   94.69

Device            r/s     w/s     rMB/s     wMB/s   rrqm/s   wrqm/s  %rrqm  %wrqm r_await w_await aqu-sz rareq-sz wareq-sz  svctm  %util
nvme1n1       21292.00 10381.00   1330.75    648.81     0.00     0.00   0.00   0.00    0.48    0.50   0.00    64.00    64.00   0.03 100.00
nvme0n1       2358.00    0.00    147.38      0.00     0.00     0.00   0.00   0.00    0.10    0.00   0.00    64.00     0.00   0.39  91.10

avg-cpu:  %user   %nice %system %iowait  %steal   %idle
           0.72    0.00    3.99    1.26    0.00   94.03

Device            r/s     w/s     rMB/s     wMB/s   rrqm/s   wrqm/s  %rrqm  %wrqm r_await w_await aqu-sz rareq-sz wareq-sz  svctm  %util
nvme1n1       21315.00 10384.00   1332.19    649.00     0.00     0.00   0.00   0.00    0.48    0.50   0.00    64.00    64.00   0.03 100.00
nvme0n1       2883.00    0.00    180.19      0.00     0.00     0.00   0.00   0.00    0.10    0.00   0.00    64.00     0.00   0.33  94.80

avg-cpu:  %user   %nice %system %iowait  %steal   %idle
           0.85    0.00    3.99    0.88    0.00   94.29

Device            r/s     w/s     rMB/s     wMB/s   rrqm/s   wrqm/s  %rrqm  %wrqm r_await w_await aqu-sz rareq-sz wareq-sz  svctm  %util
nvme1n1       21083.00 10593.00   1317.69    662.06     0.00     0.00   0.00   0.00    0.47    0.49   0.00    64.00    64.00   0.03 100.00
nvme0n1       3792.00    0.00    237.00      0.00     0.00     0.00   0.00   0.00    0.10    0.00   0.00    64.00     0.00   0.26  98.10

avg-cpu:  %user   %nice %system %iowait  %steal   %idle
           0.72    0.00    3.99    1.13    0.00   94.15

Device            r/s     w/s     rMB/s     wMB/s   rrqm/s   wrqm/s  %rrqm  %wrqm r_await w_await aqu-sz rareq-sz wareq-sz  svctm  %util
nvme1n1       21161.00 10532.00   1322.56    658.25     0.00     0.00   0.00   0.00    0.47    0.49   0.00    64.00    64.00   0.03 100.00
nvme0n1       4055.00    0.00    253.44      0.00     0.00     0.00   0.00   0.00    0.10    0.00   0.00    64.00     0.00   0.24  98.30

avg-cpu:  %user   %nice %system %iowait  %steal   %idle
           0.79    0.00    3.99    2.33    0.00   92.90

Device            r/s     w/s     rMB/s     wMB/s   rrqm/s   wrqm/s  %rrqm  %wrqm r_await w_await aqu-sz rareq-sz wareq-sz  svctm  %util
nvme1n1       20953.00 10713.00   1309.56    669.56     0.00     0.00   0.00   0.00    0.47    0.49   0.00    64.00    64.00   0.03 100.00
nvme0n1       3769.00    0.00    235.56      0.00     0.00     0.00   0.00   0.00    0.10    0.00   0.00    64.00     0.00   0.26  97.70

avg-cpu:  %user   %nice %system %iowait  %steal   %idle
           0.79    0.00    3.90    1.29    0.00   94.02

Device            r/s     w/s     rMB/s     wMB/s   rrqm/s   wrqm/s  %rrqm  %wrqm r_await w_await aqu-sz rareq-sz wareq-sz  svctm  %util
nvme1n1       20693.00 10879.00   1293.31    679.94     0.00     0.00   0.00   0.00    0.47    0.49   0.00    64.00    64.00   0.03 100.00
nvme0n1       4970.00    0.00    310.62      0.00     0.00     0.00   0.00   0.00    0.10    0.00   0.00    64.00     0.00   0.20  99.30

avg-cpu:  %user   %nice %system %iowait  %steal   %idle
           0.75    0.00    4.18    1.32    0.00   93.75

Device            r/s     w/s     rMB/s     wMB/s   rrqm/s   wrqm/s  %rrqm  %wrqm r_await w_await aqu-sz rareq-sz wareq-sz  svctm  %util
nvme1n1       20277.00 11142.00   1267.31    696.38     0.00     0.00   0.00   0.00    0.47    0.49   0.00    64.00    64.00   0.03 100.00
nvme0n1       5861.00    0.00    366.31      0.00     0.00     0.00   0.00   0.00    0.10    0.00   0.00    64.00     0.00   0.17 100.00

avg-cpu:  %user   %nice %system %iowait  %steal   %idle
           0.72    0.00    4.27    1.35    0.00   93.66

Device            r/s     w/s     rMB/s     wMB/s   rrqm/s   wrqm/s  %rrqm  %wrqm r_await w_await aqu-sz rareq-sz wareq-sz  svctm  %util
nvme1n1       19896.00 11452.00   1243.50    715.75     0.00     0.00   0.00   0.00    0.47    0.48   0.00    64.00    64.00   0.03 100.00
nvme0n1       6876.00    0.00    429.75      0.00     0.00     0.00   0.00   0.00    0.10    0.00   0.00    64.00     0.00   0.15  99.90

avg-cpu:  %user   %nice %system %iowait  %steal   %idle
           0.85    0.00    4.03    2.58    0.00   92.55

Device            r/s     w/s     rMB/s     wMB/s   rrqm/s   wrqm/s  %rrqm  %wrqm r_await w_await aqu-sz rareq-sz wareq-sz  svctm  %util
nvme1n1       19884.00 11499.00   1242.75    718.69     0.00     0.00   0.00   0.00    0.46    0.48   0.00    64.00    64.00   0.03 100.00
nvme0n1       7609.00    0.00    475.56      0.00     0.00     0.00   0.00   0.00    0.11    0.00   0.00    64.00     0.00   0.13 100.00

avg-cpu:  %user   %nice %system %iowait  %steal   %idle
           0.69    0.00    4.21    0.82    0.00   94.28

Device            r/s     w/s     rMB/s     wMB/s   rrqm/s   wrqm/s  %rrqm  %wrqm r_await w_await aqu-sz rareq-sz wareq-sz  svctm  %util
nvme1n1       19564.00 11707.00   1222.75    731.69     0.00     0.00   0.00   0.00    0.46    0.48   0.00    64.00    64.00   0.03 100.00
nvme0n1       7661.00    0.00    478.81      0.00     0.00     0.00   0.00   0.00    0.11    0.00   0.00    64.00     0.00   0.13 100.00

avg-cpu:  %user   %nice %system %iowait  %steal   %idle
           0.69    0.00    4.19    1.35    0.00   93.77

Device            r/s     w/s     rMB/s     wMB/s   rrqm/s   wrqm/s  %rrqm  %wrqm r_await w_await aqu-sz rareq-sz wareq-sz  svctm  %util
nvme1n1       19239.00 11980.00   1202.44    748.75     0.00     0.00   0.00   0.00    0.46    0.48   0.00    64.00    64.00   0.03 100.00
nvme0n1       8495.00    0.00    530.94      0.00     0.00     0.00   0.00   0.00    0.11    0.00   0.00    64.00     0.00   0.12 100.00

avg-cpu:  %user   %nice %system %iowait  %steal   %idle
           0.79    0.00    4.18    1.32    0.00   93.71

Device            r/s     w/s     rMB/s     wMB/s   rrqm/s   wrqm/s  %rrqm  %wrqm r_await w_await aqu-sz rareq-sz wareq-sz  svctm  %util
nvme1n1       19025.00 12146.00   1189.06    759.12     0.00     0.00   0.00   0.00    0.45    0.48   0.00    64.00    64.00   0.03 100.00
nvme0n1       9936.00    0.00    621.00      0.00     0.00     0.00   0.00   0.00    0.11    0.00   0.00    64.00     0.00   0.10 100.00

avg-cpu:  %user   %nice %system %iowait  %steal   %idle
           0.75    0.00    4.18    1.82    0.00   93.24

Device            r/s     w/s     rMB/s     wMB/s   rrqm/s   wrqm/s  %rrqm  %wrqm r_await w_await aqu-sz rareq-sz wareq-sz  svctm  %util
nvme1n1       18681.00 12344.00   1167.56    771.50     0.00     0.00   0.00   0.00    0.46    0.48   0.00    64.00    64.00   0.03 100.00
nvme0n1       9989.00    0.00    624.31      0.00     0.00     0.00   0.00   0.00    0.11    0.00   0.00    64.00     0.00   0.10 100.00

avg-cpu:  %user   %nice %system %iowait  %steal   %idle
           0.85    0.00    4.33    1.48    0.00   93.34

Device            r/s     w/s     rMB/s     wMB/s   rrqm/s   wrqm/s  %rrqm  %wrqm r_await w_await aqu-sz rareq-sz wareq-sz  svctm  %util
nvme1n1       18175.00 12780.00   1135.94    798.75     0.00     0.00   0.00   0.00    0.45    0.47   0.00    64.00    64.00   0.03 100.00
nvme0n1       11260.00    0.00    703.75      0.00     0.00     0.00   0.00   0.00    0.11    0.00   0.00    64.00     0.00   0.09 100.00

avg-cpu:  %user   %nice %system %iowait  %steal   %idle
           0.82    0.00    4.30    1.35    0.00   93.53

Device            r/s     w/s     rMB/s     wMB/s   rrqm/s   wrqm/s  %rrqm  %wrqm r_await w_await aqu-sz rareq-sz wareq-sz  svctm  %util
nvme1n1       17810.00 12961.00   1113.12    810.06     0.00     0.00   0.00   0.00    0.45    0.47   0.00    64.00    64.00   0.03 100.00
nvme0n1       11726.00    0.00    732.88      0.00     0.00     0.00   0.00   0.00    0.11    0.00   0.00    64.00     0.00   0.09 100.00

avg-cpu:  %user   %nice %system %iowait  %steal   %idle
           0.72    0.00    4.34    1.45    0.00   93.49

Device            r/s     w/s     rMB/s     wMB/s   rrqm/s   wrqm/s  %rrqm  %wrqm r_await w_await aqu-sz rareq-sz wareq-sz  svctm  %util
nvme1n1       18334.00 12631.00   1145.88    789.44     0.00     0.00   0.00   0.00    0.45    0.47   0.00    64.00    64.00   0.03 100.00
nvme0n1       11124.00    0.00    695.25      0.00     0.00     0.00   0.00   0.00    0.11    0.00   0.00    64.00     0.00   0.09 100.00

avg-cpu:  %user   %nice %system %iowait  %steal   %idle
           0.75    0.00    4.34    1.73    0.00   93.18

Device            r/s     w/s     rMB/s     wMB/s   rrqm/s   wrqm/s  %rrqm  %wrqm r_await w_await aqu-sz rareq-sz wareq-sz  svctm  %util
nvme1n1       17751.00 13071.00   1109.44    816.94     0.00     0.00   0.00   0.00    0.45    0.47   0.00    64.00    64.00   0.03 100.00
nvme0n1       12035.00    0.00    752.19      0.00     0.00     0.00   0.00   0.00    0.11    0.00   0.00    64.00     0.00   0.08 100.00

avg-cpu:  %user   %nice %system %iowait  %steal   %idle
           0.82    0.00    4.34    0.88    0.00   93.96

Device            r/s     w/s     rMB/s     wMB/s   rrqm/s   wrqm/s  %rrqm  %wrqm r_await w_await aqu-sz rareq-sz wareq-sz  svctm  %util
nvme1n1       17375.00 13225.00   1085.94    826.56     0.00     0.00   0.00   0.00    0.45    0.47   0.00    64.00    64.00   0.03 100.10
nvme0n1       13583.00    0.00    848.94      0.00     0.00     0.00   0.00   0.00    0.11    0.00   0.00    64.00     0.00   0.07 100.00

avg-cpu:  %user   %nice %system %iowait  %steal   %idle
           5.73    0.00    4.72    2.05    0.00   87.51

Device            r/s     w/s     rMB/s     wMB/s   rrqm/s   wrqm/s  %rrqm  %wrqm r_await w_await aqu-sz rareq-sz wareq-sz  svctm  %util
nvme1n1       15622.00 12641.00    976.38    790.06     0.00     0.00   0.00   0.00    0.43    0.45   0.00    64.00    64.00   0.04 100.00
nvme0n1       13393.00    0.00    837.06      0.00     0.00     0.00   0.00   0.00    0.12    0.00   0.00    64.00     0.00   0.07 100.10

avg-cpu:  %user   %nice %system %iowait  %steal   %idle
          23.38    0.00    5.60    1.10    0.00   69.92

Device            r/s     w/s     rMB/s     wMB/s   rrqm/s   wrqm/s  %rrqm  %wrqm r_await w_await aqu-sz rareq-sz wareq-sz  svctm  %util
nvme1n1       12989.00 10583.00    811.81    661.44     0.00     0.00   0.00   0.00    0.40    0.42   0.00    64.00    64.00   0.04 100.00
nvme0n1       11223.00    0.00    701.44      0.00     0.00     0.00   0.00   0.00    0.12    0.00   0.00    64.00     0.00   0.09  99.10

avg-cpu:  %user   %nice %system %iowait  %steal   %idle
           0.79    0.00    4.43    0.00    0.00   94.87

Device            r/s     w/s     rMB/s     wMB/s   rrqm/s   wrqm/s  %rrqm  %wrqm r_await w_await aqu-sz rareq-sz wareq-sz  svctm  %util
nvme1n1       17176.00 13407.00   1073.50    837.94     0.00     0.00   0.00   0.00    0.44    0.46   0.00    64.00    64.00   0.03 100.00
nvme0n1       13772.00    0.00    860.75      0.00     0.00     0.00   0.00   0.00    0.11    0.00   0.00    64.00     0.00   0.07 100.00

avg-cpu:  %user   %nice %system %iowait  %steal   %idle
           0.76    0.00    4.37    0.03    0.00   94.84

Device            r/s     w/s     rMB/s     wMB/s   rrqm/s   wrqm/s  %rrqm  %wrqm r_await w_await aqu-sz rareq-sz wareq-sz  svctm  %util
nvme1n1       17370.00 13335.00   1085.62    833.50     0.00     0.00   0.00   0.00    0.44    0.46   0.00    64.00    64.00   0.03 100.00
nvme0n1       14290.00    0.00    893.12      0.00     0.00     0.00   0.00   0.00    0.12    0.00   0.00    64.00     0.00   0.07 100.00

avg-cpu:  %user   %nice %system %iowait  %steal   %idle
           0.76    0.00    4.38    0.28    0.00   94.59

Device            r/s     w/s     rMB/s     wMB/s   rrqm/s   wrqm/s  %rrqm  %wrqm r_await w_await aqu-sz rareq-sz wareq-sz  svctm  %util
nvme1n1       16694.00 13856.00   1043.38    865.94     0.00     0.00   0.00   0.00    0.44    0.46   0.00    64.00    64.00   0.03 100.00
nvme0n1       15523.00    0.00    970.19      0.00     0.00     0.00   0.00   0.00    0.12    0.00   0.00    64.00     0.00   0.06 100.00

avg-cpu:  %user   %nice %system %iowait  %steal   %idle
           0.75    0.00    4.56    0.38    0.00   94.31

Device            r/s     w/s     rMB/s     wMB/s   rrqm/s   wrqm/s  %rrqm  %wrqm r_await w_await aqu-sz rareq-sz wareq-sz  svctm  %util
nvme1n1       16100.00 14332.00   1006.25    895.75     0.00     0.00   0.00   0.00    0.43    0.45   0.00    64.00    64.00   0.03 100.00
nvme0n1       17620.00    0.00   1101.25      0.00     0.00     0.00   0.00   0.00    0.12    0.00   0.00    64.00     0.00   0.06 100.00

avg-cpu:  %user   %nice %system %iowait  %steal   %idle
           0.79    0.00    4.54    0.00    0.00   94.77

Device            r/s     w/s     rMB/s     wMB/s   rrqm/s   wrqm/s  %rrqm  %wrqm r_await w_await aqu-sz rareq-sz wareq-sz  svctm  %util
nvme1n1       15078.00 15096.00    942.38    943.50     0.00     0.00   0.00   0.00    0.41    0.43   0.00    64.00    64.00   0.03 100.00
nvme0n1       20809.00    0.00   1300.56      0.00     0.00     0.00   0.00   0.00    0.13    0.00   0.00    64.00     0.00   0.05 100.00

avg-cpu:  %user   %nice %system %iowait  %steal   %idle
           0.88    0.00    4.47    0.38    0.00   94.27

Device            r/s     w/s     rMB/s     wMB/s   rrqm/s   wrqm/s  %rrqm  %wrqm r_await w_await aqu-sz rareq-sz wareq-sz  svctm  %util
nvme1n1       14449.00 15607.00    903.06    975.44     0.00     0.00   0.00   0.00    0.41    0.43   0.00    64.00    64.00   0.03 100.00
nvme0n1       21753.00    0.00   1359.56      0.00     0.00     0.00   0.00   0.00    0.13    0.00   0.00    64.00     0.00   0.05 100.00

avg-cpu:  %user   %nice %system %iowait  %steal   %idle
           0.79    0.00    4.78    0.16    0.00   94.27

Device            r/s     w/s     rMB/s     wMB/s   rrqm/s   wrqm/s  %rrqm  %wrqm r_await w_await aqu-sz rareq-sz wareq-sz  svctm  %util
nvme1n1       13712.00 16207.00    857.00   1012.94     0.00     0.00   0.00   0.00    0.39    0.41   0.00    64.00    64.00   0.03 100.00
nvme0n1       23747.00    0.00   1484.19      0.00     0.00     0.00   0.00   0.00    0.13    0.00   0.00    64.00     0.00   0.04 100.00

avg-cpu:  %user   %nice %system %iowait  %steal   %idle
           0.76    0.00    4.72    0.19    0.00   94.33

Device            r/s     w/s     rMB/s     wMB/s   rrqm/s   wrqm/s  %rrqm  %wrqm r_await w_await aqu-sz rareq-sz wareq-sz  svctm  %util
nvme1n1       13603.00 16295.00    850.19   1018.44     0.00     0.00   0.00   0.00    0.39    0.41   0.00    64.00    64.00   0.03 100.00
nvme0n1       24642.00    0.00   1540.12      0.00     0.00     0.00   0.00   0.00    0.14    0.00   0.00    64.00     0.00   0.04 100.00

avg-cpu:  %user   %nice %system %iowait  %steal   %idle
           0.82    0.00    4.78    0.28    0.00   94.11

Device            r/s     w/s     rMB/s     wMB/s   rrqm/s   wrqm/s  %rrqm  %wrqm r_await w_await aqu-sz rareq-sz wareq-sz  svctm  %util
nvme1n1       13004.00 16698.00    812.75   1043.62     0.00     0.00   0.00   0.00    0.38    0.40   0.00    64.00    64.00   0.03 100.00
nvme0n1       26232.00    0.00   1639.50      0.00     0.00     0.00   0.00   0.00    0.14    0.00   0.00    64.00     0.00   0.04 100.00

avg-cpu:  %user   %nice %system %iowait  %steal   %idle
           0.79    0.00    4.88    0.44    0.00   93.89

Device            r/s     w/s     rMB/s     wMB/s   rrqm/s   wrqm/s  %rrqm  %wrqm r_await w_await aqu-sz rareq-sz wareq-sz  svctm  %util
nvme1n1       12506.00 17075.00    781.62   1067.19     0.00     0.00   0.00   0.00    0.37    0.39   0.00    64.00    64.00   0.03 100.00
nvme0n1       27863.00    0.00   1741.44      0.00     0.00     0.00   0.00   0.00    0.15    0.00   0.00    64.00     0.00   0.04 100.00

avg-cpu:  %user   %nice %system %iowait  %steal   %idle
           0.72    0.00    4.95    0.00    0.00   94.39

Device            r/s     w/s     rMB/s     wMB/s   rrqm/s   wrqm/s  %rrqm  %wrqm r_await w_await aqu-sz rareq-sz wareq-sz  svctm  %util
nvme1n1       11543.00 17825.00    721.44   1114.06     0.00     0.00   0.00   0.00    0.35    0.37   0.00    64.00    64.00   0.03 100.00
nvme0n1       30139.00    0.00   1883.69      0.00     0.00     0.00   0.00   0.00    0.15    0.00   0.00    64.00     0.00   0.03 100.00

avg-cpu:  %user   %nice %system %iowait  %steal   %idle
           0.76    0.00    5.07    0.16    0.00   94.02

Device            r/s     w/s     rMB/s     wMB/s   rrqm/s   wrqm/s  %rrqm  %wrqm r_await w_await aqu-sz rareq-sz wareq-sz  svctm  %util
nvme1n1       10529.00 18513.00    658.06   1157.06     0.00     0.00   0.00   0.00    0.33    0.35   0.00    64.00    64.00   0.03 100.00
nvme0n1       32635.00    0.00   2039.69      0.00     0.00     0.00   0.00   0.00    0.16    0.00   0.00    64.00     0.00   0.03 100.00

avg-cpu:  %user   %nice %system %iowait  %steal   %idle
           0.85    0.00    5.10    0.03    0.00   94.02

Device            r/s     w/s     rMB/s     wMB/s   rrqm/s   wrqm/s  %rrqm  %wrqm r_await w_await aqu-sz rareq-sz wareq-sz  svctm  %util
nvme1n1       10223.00 18824.00    638.94   1176.50     0.00     0.00   0.00   0.00    0.32    0.34   0.00    64.00    64.00   0.03 100.00
nvme0n1       33007.00    0.00   2062.94      0.00     0.00     0.00   0.00   0.00    0.16    0.00   0.00    64.00     0.00   0.03 100.00

avg-cpu:  %user   %nice %system %iowait  %steal   %idle
           0.79    0.00    5.13    0.19    0.00   93.89

Device            r/s     w/s     rMB/s     wMB/s   rrqm/s   wrqm/s  %rrqm  %wrqm r_await w_await aqu-sz rareq-sz wareq-sz  svctm  %util
nvme1n1       10221.00 18710.00    638.81   1169.38     0.00     0.00   0.00   0.00    0.32    0.34   0.00    64.00    64.00   0.03 100.00
nvme0n1       33398.00    0.00   2087.38      0.00     0.00     0.00   0.00   0.00    0.16    0.00   0.00    64.00     0.00   0.03 100.00

avg-cpu:  %user   %nice %system %iowait  %steal   %idle
           0.88    0.00    5.09    0.09    0.00   93.93

Device            r/s     w/s     rMB/s     wMB/s   rrqm/s   wrqm/s  %rrqm  %wrqm r_await w_await aqu-sz rareq-sz wareq-sz  svctm  %util
nvme1n1       10413.00 18675.00    650.81   1167.19     0.00     0.00   0.00   0.00    0.32    0.34   0.00    64.00    64.00   0.03 100.00
nvme0n1       32981.00    0.00   2061.38      0.00     0.00     0.00   0.00   0.00    0.16    0.00   0.00    64.00     0.00   0.03 100.00

avg-cpu:  %user   %nice %system %iowait  %steal   %idle
           0.82    0.00    5.13    0.16    0.00   93.90

Device            r/s     w/s     rMB/s     wMB/s   rrqm/s   wrqm/s  %rrqm  %wrqm r_await w_await aqu-sz rareq-sz wareq-sz  svctm  %util
nvme1n1       10180.00 18776.00    636.25   1173.50     0.00     0.00   0.00   0.00    0.32    0.34   0.00    64.00    64.00   0.03 100.00
nvme0n1       33141.00    0.00   2071.25      0.00     0.00     0.00   0.00   0.00    0.16    0.00   0.00    64.00     0.00   0.03 100.00

avg-cpu:  %user   %nice %system %iowait  %steal   %idle
           0.79    0.00    5.10    0.19    0.00   93.92

Device            r/s     w/s     rMB/s     wMB/s   rrqm/s   wrqm/s  %rrqm  %wrqm r_await w_await aqu-sz rareq-sz wareq-sz  svctm  %util
nvme1n1       10102.00 18885.00    631.38   1180.31     0.00     0.00   0.00   0.00    0.31    0.33   0.00    64.00    64.00   0.03 100.10
nvme0n1       34028.00    0.00   2126.75      0.00     0.00     0.00   0.00   0.00    0.17    0.00   0.00    64.00     0.00   0.03 100.10

