Linux 5.4.1-050401-lowlatency (kanwu-Super-Server) 	09/11/2020 	_x86_64_	(32 CPU)

avg-cpu:  %user   %nice %system %iowait  %steal   %idle
           2.04    0.00    2.86    1.59    0.00   93.51

Device            r/s     w/s     rMB/s     wMB/s   rrqm/s   wrqm/s  %rrqm  %wrqm r_await w_await aqu-sz rareq-sz wareq-sz  svctm  %util
nvme1n1       14205.21 4615.44    887.79    286.08     0.00     0.00   0.00   0.00    0.39    0.42   0.09    64.00    63.47   0.03  59.95
nvme0n1       8611.79   27.97    538.20      1.72     0.00     0.00   0.00   0.00    0.20    0.30   0.00    64.00    63.00   0.04  33.05
cas1-1        2942.26 1259.17    183.88     78.70     0.00     0.00   0.00   0.00    0.49    0.52   0.01    64.00    64.00   0.03  13.23

avg-cpu:  %user   %nice %system %iowait  %steal   %idle
           0.06    0.00    0.38    1.06    0.00   98.50

Device            r/s     w/s     rMB/s     wMB/s   rrqm/s   wrqm/s  %rrqm  %wrqm r_await w_await aqu-sz rareq-sz wareq-sz  svctm  %util
nvme1n1       3277.00 2428.00    204.81     46.90     0.00     0.00   0.00   0.00    0.83    0.25   1.56    64.00    19.78   0.04  21.30
nvme0n1          3.00 3329.00      0.01    204.81     0.00     0.00   0.00   0.00    0.00    0.28   0.23     4.00    63.00   0.05  17.20

avg-cpu:  %user   %nice %system %iowait  %steal   %idle
           0.25    0.00    0.22    0.34    0.00   99.19

Device            r/s     w/s     rMB/s     wMB/s   rrqm/s   wrqm/s  %rrqm  %wrqm r_await w_await aqu-sz rareq-sz wareq-sz  svctm  %util
nvme1n1         35.00  877.00      1.07    102.94     0.00     0.00   0.00   0.00    0.03    2.91   2.12    31.44   120.20   0.08   7.20
nvme0n1         41.00    0.00      1.03      0.00     0.00     0.00   0.00   0.00    0.10    0.00   0.00    25.66     0.00   0.27   1.10

avg-cpu:  %user   %nice %system %iowait  %steal   %idle
           0.13    0.00    0.47    1.06    0.00   98.34

Device            r/s     w/s     rMB/s     wMB/s   rrqm/s   wrqm/s  %rrqm  %wrqm r_await w_await aqu-sz rareq-sz wareq-sz  svctm  %util
nvme1n1         83.00 3214.00      5.19    143.69     0.00     0.00   0.00   0.00    0.69    0.67   0.17    64.00    45.78   0.03  10.80
nvme0n1       1107.00    0.00     69.25      0.00     0.00     0.00   0.00   0.00    0.31    0.00   0.20    64.06     0.00   0.10  10.80

avg-cpu:  %user   %nice %system %iowait  %steal   %idle
           0.72    0.00    4.09    3.56    0.00   91.62

Device            r/s     w/s     rMB/s     wMB/s   rrqm/s   wrqm/s  %rrqm  %wrqm r_await w_await aqu-sz rareq-sz wareq-sz  svctm  %util
nvme1n1       6388.00 22915.00    399.25   1299.82     0.00     0.00   0.00   0.00    0.65    0.67   0.41    64.00    58.09   0.03 100.00
nvme0n1       7188.00    0.00    449.19      0.00     0.00     0.00   0.00   0.00    0.11    0.00   0.00    63.99     0.00   0.14  99.90

avg-cpu:  %user   %nice %system %iowait  %steal   %idle
           0.69    0.00    4.08    4.05    0.00   91.17

Device            r/s     w/s     rMB/s     wMB/s   rrqm/s   wrqm/s  %rrqm  %wrqm r_await w_await aqu-sz rareq-sz wareq-sz  svctm  %util
nvme1n1       11398.00 17801.00    712.38   1110.10     0.00     0.00   0.00   0.00    0.57    0.59   0.00    64.00    63.86   0.03 100.00
nvme0n1       3156.00    0.00    197.25      0.00     0.00     0.00   0.00   0.00    0.11    0.00   0.00    64.00     0.00   0.30  95.80

avg-cpu:  %user   %nice %system %iowait  %steal   %idle
           0.79    0.00    3.83    3.43    0.00   91.95

Device            r/s     w/s     rMB/s     wMB/s   rrqm/s   wrqm/s  %rrqm  %wrqm r_await w_await aqu-sz rareq-sz wareq-sz  svctm  %util
nvme1n1       13739.00 15983.00    858.69    998.94     0.00     0.00   0.00   0.00    0.52    0.54   0.00    64.00    64.00   0.03 100.00
nvme0n1       1430.00    0.00     89.38      0.00     0.00     0.00   0.00   0.00    0.10    0.00   0.00    64.00     0.00   0.55  79.30

avg-cpu:  %user   %nice %system %iowait  %steal   %idle
           0.75    0.00    4.02    2.76    0.00   92.47

Device            r/s     w/s     rMB/s     wMB/s   rrqm/s   wrqm/s  %rrqm  %wrqm r_await w_await aqu-sz rareq-sz wareq-sz  svctm  %util
nvme1n1       14045.00 15707.00    877.81    981.69     0.00     0.00   0.00   0.00    0.51    0.53   0.00    64.00    64.00   0.03 100.00
nvme0n1       1548.00    0.00     96.75      0.00     0.00     0.00   0.00   0.00    0.10    0.00   0.00    64.00     0.00   0.52  81.20

avg-cpu:  %user   %nice %system %iowait  %steal   %idle
           0.69    0.00    3.96    3.52    0.00   91.83

Device            r/s     w/s     rMB/s     wMB/s   rrqm/s   wrqm/s  %rrqm  %wrqm r_await w_await aqu-sz rareq-sz wareq-sz  svctm  %util
nvme1n1       14019.00 15717.00    876.19    982.31     0.00     0.00   0.00   0.00    0.51    0.53   0.00    64.00    64.00   0.03 100.00
nvme0n1       1456.00    0.00     91.00      0.00     0.00     0.00   0.00   0.00    0.10    0.00   0.00    64.00     0.00   0.54  79.30

avg-cpu:  %user   %nice %system %iowait  %steal   %idle
           0.72    0.00    3.87    3.84    0.00   91.57

Device            r/s     w/s     rMB/s     wMB/s   rrqm/s   wrqm/s  %rrqm  %wrqm r_await w_await aqu-sz rareq-sz wareq-sz  svctm  %util
nvme1n1       14217.00 15686.00    888.56    980.38     0.00     0.00   0.00   0.00    0.52    0.54   0.00    64.00    64.00   0.03 100.00
nvme0n1        711.00    0.00     44.44      0.00     0.00     0.00   0.00   0.00    0.11    0.00   0.00    64.00     0.00   0.75  53.20

avg-cpu:  %user   %nice %system %iowait  %steal   %idle
           0.75    0.00    3.95    3.92    0.00   91.37

Device            r/s     w/s     rMB/s     wMB/s   rrqm/s   wrqm/s  %rrqm  %wrqm r_await w_await aqu-sz rareq-sz wareq-sz  svctm  %util
nvme1n1       14689.00 15109.00    918.06    944.31     0.00     0.00   0.00   0.00    0.52    0.54   0.00    64.00    64.00   0.03 100.00
nvme0n1        347.00    0.00     21.69      0.00     0.00     0.00   0.00   0.00    0.10    0.00   0.00    64.00     0.00   0.89  30.90

avg-cpu:  %user   %nice %system %iowait  %steal   %idle
           0.75    0.00    4.01    1.72    0.00   93.51

Device            r/s     w/s     rMB/s     wMB/s   rrqm/s   wrqm/s  %rrqm  %wrqm r_await w_await aqu-sz rareq-sz wareq-sz  svctm  %util
nvme1n1       14913.00 15021.00    932.06    938.81     0.00     0.00   0.00   0.00    0.51    0.53   0.00    64.00    64.00   0.03 100.00
nvme0n1        277.00    0.00     17.31      0.00     0.00     0.00   0.00   0.00    0.10    0.00   0.00    64.00     0.00   0.91  25.20

avg-cpu:  %user   %nice %system %iowait  %steal   %idle
           0.75    0.00    3.80    0.94    0.00   94.50

Device            r/s     w/s     rMB/s     wMB/s   rrqm/s   wrqm/s  %rrqm  %wrqm r_await w_await aqu-sz rareq-sz wareq-sz  svctm  %util
nvme1n1       14981.00 15076.00    936.31    942.25     0.00     0.00   0.00   0.00    0.51    0.53   0.00    64.00    64.00   0.03 100.00
nvme0n1        139.00    0.00      8.69      0.00     0.00     0.00   0.00   0.00    0.10    0.00   0.00    64.00     0.00   1.04  14.40

avg-cpu:  %user   %nice %system %iowait  %steal   %idle
           0.75    0.00    3.83    1.35    0.00   94.07

Device            r/s     w/s     rMB/s     wMB/s   rrqm/s   wrqm/s  %rrqm  %wrqm r_await w_await aqu-sz rareq-sz wareq-sz  svctm  %util
nvme1n1       14862.00 15206.00    928.88    950.38     0.00     0.00   0.00   0.00    0.51    0.53   0.00    64.00    64.00   0.03 100.00
nvme0n1        341.00    0.00     21.31      0.00     0.00     0.00   0.00   0.00    0.10    0.00   0.00    64.00     0.00   0.89  30.40

avg-cpu:  %user   %nice %system %iowait  %steal   %idle
           0.75    0.00    3.89    0.94    0.00   94.41

Device            r/s     w/s     rMB/s     wMB/s   rrqm/s   wrqm/s  %rrqm  %wrqm r_await w_await aqu-sz rareq-sz wareq-sz  svctm  %util
nvme1n1       14591.00 15412.00    911.94    963.25     0.00     0.00   0.00   0.00    0.51    0.53   0.00    64.00    64.00   0.03 100.00
nvme0n1        508.00    0.00     31.75      0.00     0.00     0.00   0.00   0.00    0.10    0.00   0.00    64.00     0.00   0.83  42.10

avg-cpu:  %user   %nice %system %iowait  %steal   %idle
           0.75    0.00    3.89    0.85    0.00   94.51

Device            r/s     w/s     rMB/s     wMB/s   rrqm/s   wrqm/s  %rrqm  %wrqm r_await w_await aqu-sz rareq-sz wareq-sz  svctm  %util
nvme1n1       14671.00 15372.00    916.94    960.75     0.00     0.00   0.00   0.00    0.51    0.53   0.00    64.00    64.00   0.03 100.00
nvme0n1        784.00    0.00     49.00      0.00     0.00     0.00   0.00   0.00    0.10    0.00   0.00    64.00     0.00   0.70  54.50

avg-cpu:  %user   %nice %system %iowait  %steal   %idle
           0.85    0.00    3.86    0.53    0.00   94.76

Device            r/s     w/s     rMB/s     wMB/s   rrqm/s   wrqm/s  %rrqm  %wrqm r_await w_await aqu-sz rareq-sz wareq-sz  svctm  %util
nvme1n1       14181.00 15769.00    886.31    985.56     0.00     0.00   0.00   0.00    0.50    0.52   0.00    64.00    64.00   0.03 100.00
nvme0n1       1706.00    0.00    106.62      0.00     0.00     0.00   0.00   0.00    0.10    0.00   0.00    64.00     0.00   0.49  83.70

avg-cpu:  %user   %nice %system %iowait  %steal   %idle
           0.72    0.00    3.90    1.70    0.00   93.68

Device            r/s     w/s     rMB/s     wMB/s   rrqm/s   wrqm/s  %rrqm  %wrqm r_await w_await aqu-sz rareq-sz wareq-sz  svctm  %util
nvme1n1       13828.00 16001.00    864.25   1000.06     0.00     0.00   0.00   0.00    0.51    0.52   0.00    64.00    64.00   0.03 100.00
nvme0n1       1913.00    0.00    119.56      0.00     0.00     0.00   0.00   0.00    0.10    0.00   0.00    64.00     0.00   0.45  85.60

avg-cpu:  %user   %nice %system %iowait  %steal   %idle
           0.66    0.00    3.96    1.67    0.00   93.71

Device            r/s     w/s     rMB/s     wMB/s   rrqm/s   wrqm/s  %rrqm  %wrqm r_await w_await aqu-sz rareq-sz wareq-sz  svctm  %util
nvme1n1       14087.00 15767.00    880.44    985.44     0.00     0.00   0.00   0.00    0.51    0.53   0.00    64.00    64.00   0.03 100.00
nvme0n1       1686.00    0.00    105.38      0.00     0.00     0.00   0.00   0.00    0.10    0.00   0.00    64.00     0.00   0.48  81.40

avg-cpu:  %user   %nice %system %iowait  %steal   %idle
           0.75    0.00    3.86    1.67    0.00   93.72

Device            r/s     w/s     rMB/s     wMB/s   rrqm/s   wrqm/s  %rrqm  %wrqm r_await w_await aqu-sz rareq-sz wareq-sz  svctm  %util
nvme1n1       14408.00 15617.00    900.50    976.06     0.00     0.00   0.00   0.00    0.50    0.52   0.00    64.00    64.00   0.03 100.00
nvme0n1       1127.00    0.00     70.44      0.00     0.00     0.00   0.00   0.00    0.10    0.00   0.00    64.00     0.00   0.63  70.70

avg-cpu:  %user   %nice %system %iowait  %steal   %idle
           0.72    0.00    3.92    1.41    0.00   93.94

Device            r/s     w/s     rMB/s     wMB/s   rrqm/s   wrqm/s  %rrqm  %wrqm r_await w_await aqu-sz rareq-sz wareq-sz  svctm  %util
nvme1n1       14507.00 15401.00    906.69    962.56     0.00     0.00   0.00   0.00    0.51    0.53   0.00    64.00    64.00   0.03 100.00
nvme0n1       1160.00    0.00     72.50      0.00     0.00     0.00   0.00   0.00    0.10    0.00   0.00    64.00     0.00   0.60  69.60

avg-cpu:  %user   %nice %system %iowait  %steal   %idle
           0.85    0.00    3.80    0.69    0.00   94.66

Device            r/s     w/s     rMB/s     wMB/s   rrqm/s   wrqm/s  %rrqm  %wrqm r_await w_await aqu-sz rareq-sz wareq-sz  svctm  %util
nvme1n1       14498.00 15469.00    906.12    966.81     0.00     0.00   0.00   0.00    0.51    0.53   0.00    64.00    64.00   0.03 100.10
nvme0n1       1012.00    0.00     63.25      0.00     0.00     0.00   0.00   0.00    0.10    0.00   0.00    64.00     0.00   0.65  66.00

avg-cpu:  %user   %nice %system %iowait  %steal   %idle
           0.78    0.00    3.92    1.38    0.00   93.91

Device            r/s     w/s     rMB/s     wMB/s   rrqm/s   wrqm/s  %rrqm  %wrqm r_await w_await aqu-sz rareq-sz wareq-sz  svctm  %util
nvme1n1       14300.00 15654.00    893.75    978.38     0.00     0.00   0.00   0.00    0.51    0.53   0.00    64.00    64.00   0.03 100.00
nvme0n1       1200.00    0.00     75.00      0.00     0.00     0.00   0.00   0.00    0.10    0.00   0.00    64.00     0.00   0.60  71.60

avg-cpu:  %user   %nice %system %iowait  %steal   %idle
           0.66    0.00    3.96    1.23    0.00   94.15

Device            r/s     w/s     rMB/s     wMB/s   rrqm/s   wrqm/s  %rrqm  %wrqm r_await w_await aqu-sz rareq-sz wareq-sz  svctm  %util
nvme1n1       14197.00 15765.00    887.31    985.31     0.00     0.00   0.00   0.00    0.50    0.52   0.00    64.00    64.00   0.03 100.00
nvme0n1       1563.00    0.00     97.69      0.00     0.00     0.00   0.00   0.00    0.10    0.00   0.00    64.00     0.00   0.52  81.60

avg-cpu:  %user   %nice %system %iowait  %steal   %idle
           1.19    0.00    4.05    0.75    0.00   94.00

Device            r/s     w/s     rMB/s     wMB/s   rrqm/s   wrqm/s  %rrqm  %wrqm r_await w_await aqu-sz rareq-sz wareq-sz  svctm  %util
nvme1n1       14002.00 15810.00    875.13    988.12     0.00     0.00   0.00   0.00    0.50    0.52   0.00    64.00    64.00   0.03 100.00
nvme0n1       2107.00    0.00    131.69      0.00     0.00     0.00   0.00   0.00    0.10    0.00   0.00    64.00     0.00   0.42  88.80

avg-cpu:  %user   %nice %system %iowait  %steal   %idle
           0.75    0.00    3.93    1.88    0.00   93.44

Device            r/s     w/s     rMB/s     wMB/s   rrqm/s   wrqm/s  %rrqm  %wrqm r_await w_await aqu-sz rareq-sz wareq-sz  svctm  %util
nvme1n1       13726.00 16105.00    857.88   1006.56     0.00     0.00   0.00   0.00    0.50    0.52   0.00    64.00    64.00   0.03 100.00
nvme0n1       2256.00    0.00    141.00      0.00     0.00     0.00   0.00   0.00    0.10    0.00   0.00    64.00     0.00   0.40  90.80

avg-cpu:  %user   %nice %system %iowait  %steal   %idle
           0.75    0.00    3.93    1.07    0.00   94.25

Device            r/s     w/s     rMB/s     wMB/s   rrqm/s   wrqm/s  %rrqm  %wrqm r_await w_await aqu-sz rareq-sz wareq-sz  svctm  %util
nvme1n1       13707.00 16037.00    856.69   1002.31     0.00     0.00   0.00   0.00    0.50    0.52   0.00    64.00    64.00   0.03 100.00
nvme0n1       2355.00    0.00    147.19      0.00     0.00     0.00   0.00   0.00    0.10    0.00   0.00    64.00     0.00   0.39  92.50

avg-cpu:  %user   %nice %system %iowait  %steal   %idle
           0.75    0.00    3.87    1.38    0.00   93.99

Device            r/s     w/s     rMB/s     wMB/s   rrqm/s   wrqm/s  %rrqm  %wrqm r_await w_await aqu-sz rareq-sz wareq-sz  svctm  %util
nvme1n1       13814.00 15989.00    863.37    999.31     0.00     0.00   0.00   0.00    0.50    0.52   0.00    64.00    64.00   0.03 100.00
nvme0n1       2078.00    0.00    129.88      0.00     0.00     0.00   0.00   0.00    0.10    0.00   0.00    64.00     0.00   0.42  87.70

avg-cpu:  %user   %nice %system %iowait  %steal   %idle
           0.79    0.00    3.83    1.19    0.00   94.19

Device            r/s     w/s     rMB/s     wMB/s   rrqm/s   wrqm/s  %rrqm  %wrqm r_await w_await aqu-sz rareq-sz wareq-sz  svctm  %util
nvme1n1       13834.00 16019.00    864.62   1001.19     0.00     0.00   0.00   0.00    0.50    0.52   0.00    64.00    64.00   0.03 100.00
nvme0n1       2047.00    0.00    127.94      0.00     0.00     0.00   0.00   0.00    0.10    0.00   0.00    64.00     0.00   0.43  89.00

avg-cpu:  %user   %nice %system %iowait  %steal   %idle
           0.75    0.00    4.05    1.57    0.00   93.63

Device            r/s     w/s     rMB/s     wMB/s   rrqm/s   wrqm/s  %rrqm  %wrqm r_await w_await aqu-sz rareq-sz wareq-sz  svctm  %util
nvme1n1       13921.00 15837.00    870.06    989.81     0.00     0.00   0.00   0.00    0.51    0.53   0.00    64.00    64.00   0.03 100.00
nvme0n1       2090.00    0.00    130.62      0.00     0.00     0.00   0.00   0.00    0.10    0.00   0.00    64.00     0.00   0.43  88.90

avg-cpu:  %user   %nice %system %iowait  %steal   %idle
           0.79    0.00    3.83    1.38    0.00   94.00

Device            r/s     w/s     rMB/s     wMB/s   rrqm/s   wrqm/s  %rrqm  %wrqm r_await w_await aqu-sz rareq-sz wareq-sz  svctm  %util
nvme1n1       13867.00 15850.00    866.69    990.62     0.00     0.00   0.00   0.00    0.51    0.53   0.00    64.00    64.00   0.03 100.00
nvme0n1       1849.00    0.00    115.56      0.00     0.00     0.00   0.00   0.00    0.10    0.00   0.00    64.00     0.00   0.45  84.00

avg-cpu:  %user   %nice %system %iowait  %steal   %idle
           0.72    0.00    3.96    1.10    0.00   94.22

Device            r/s     w/s     rMB/s     wMB/s   rrqm/s   wrqm/s  %rrqm  %wrqm r_await w_await aqu-sz rareq-sz wareq-sz  svctm  %util
nvme1n1       13636.00 16100.00    852.31   1006.25     0.00     0.00   0.00   0.00    0.51    0.52   0.00    64.00    64.00   0.03 100.00
nvme0n1       2231.00    0.00    139.44      0.00     0.00     0.00   0.00   0.00    0.10    0.00   0.00    64.00     0.00   0.41  91.20

avg-cpu:  %user   %nice %system %iowait  %steal   %idle
           0.75    0.00    3.95    0.97    0.00   94.32

Device            r/s     w/s     rMB/s     wMB/s   rrqm/s   wrqm/s  %rrqm  %wrqm r_await w_await aqu-sz rareq-sz wareq-sz  svctm  %util
nvme1n1       13731.00 16038.00    858.13   1002.38     0.00     0.00   0.00   0.00    0.50    0.52   0.00    64.00    64.00   0.03 100.00
nvme0n1       2573.00    0.00    160.81      0.00     0.00     0.00   0.00   0.00    0.10    0.00   0.00    64.00     0.00   0.36  93.20

avg-cpu:  %user   %nice %system %iowait  %steal   %idle
           0.72    0.00    4.02    0.66    0.00   94.60

Device            r/s     w/s     rMB/s     wMB/s   rrqm/s   wrqm/s  %rrqm  %wrqm r_await w_await aqu-sz rareq-sz wareq-sz  svctm  %util
nvme1n1       13606.00 16013.00    850.38   1000.81     0.00     0.00   0.00   0.00    0.50    0.52   0.00    64.00    64.00   0.03 100.00
nvme0n1       2856.00    0.00    178.50      0.00     0.00     0.00   0.00   0.00    0.10    0.00   0.00    64.00     0.00   0.33  95.10

avg-cpu:  %user   %nice %system %iowait  %steal   %idle
           0.82    0.00    3.90    1.07    0.00   94.22

Device            r/s     w/s     rMB/s     wMB/s   rrqm/s   wrqm/s  %rrqm  %wrqm r_await w_await aqu-sz rareq-sz wareq-sz  svctm  %util
nvme1n1       13276.00 16329.00    829.75   1020.56     0.00     0.00   0.00   0.00    0.50    0.52   0.00    64.00    64.00   0.03 100.00
nvme0n1       2989.00    0.00    186.81      0.00     0.00     0.00   0.00   0.00    0.10    0.00   0.00    64.00     0.00   0.32  96.80

avg-cpu:  %user   %nice %system %iowait  %steal   %idle
           0.75    0.00    3.87    0.97    0.00   94.40

Device            r/s     w/s     rMB/s     wMB/s   rrqm/s   wrqm/s  %rrqm  %wrqm r_await w_await aqu-sz rareq-sz wareq-sz  svctm  %util
nvme1n1       13165.00 16424.00    822.81   1026.50     0.00     0.00   0.00   0.00    0.50    0.52   0.00    64.00    64.00   0.03 100.00
nvme0n1       3336.00    0.00    208.50      0.00     0.00     0.00   0.00   0.00    0.10    0.00   0.00    64.00     0.00   0.29  96.70

avg-cpu:  %user   %nice %system %iowait  %steal   %idle
           0.75    0.00    3.96    1.19    0.00   94.09

Device            r/s     w/s     rMB/s     wMB/s   rrqm/s   wrqm/s  %rrqm  %wrqm r_await w_await aqu-sz rareq-sz wareq-sz  svctm  %util
nvme1n1       13317.00 16274.00    832.31   1017.12     0.00     0.00   0.00   0.00    0.50    0.52   0.00    64.00    64.00   0.03 100.00
nvme0n1       3113.00    0.00    194.56      0.00     0.00     0.00   0.00   0.00    0.10    0.00   0.00    64.00     0.00   0.31  96.10

avg-cpu:  %user   %nice %system %iowait  %steal   %idle
           0.72    0.00    3.87    1.95    0.00   93.46

Device            r/s     w/s     rMB/s     wMB/s   rrqm/s   wrqm/s  %rrqm  %wrqm r_await w_await aqu-sz rareq-sz wareq-sz  svctm  %util
nvme1n1       13403.00 16294.00    837.69   1018.38     0.00     0.00   0.00   0.00    0.50    0.52   0.00    64.00    64.00   0.03 100.00
nvme0n1       2733.00    0.00    170.81      0.00     0.00     0.00   0.00   0.00    0.10    0.00   0.00    64.00     0.00   0.35  95.70

avg-cpu:  %user   %nice %system %iowait  %steal   %idle
           0.75    0.00    4.02    1.38    0.00   93.85

Device            r/s     w/s     rMB/s     wMB/s   rrqm/s   wrqm/s  %rrqm  %wrqm r_await w_await aqu-sz rareq-sz wareq-sz  svctm  %util
nvme1n1       13386.00 16169.00    836.63   1010.56     0.00     0.00   0.00   0.00    0.50    0.53   0.00    64.00    64.00   0.03 100.00
nvme0n1       2877.00    0.00    179.81      0.00     0.00     0.00   0.00   0.00    0.10    0.00   0.00    64.00     0.00   0.33  94.90

avg-cpu:  %user   %nice %system %iowait  %steal   %idle
           0.82    0.00    3.99    1.51    0.00   93.69

Device            r/s     w/s     rMB/s     wMB/s   rrqm/s   wrqm/s  %rrqm  %wrqm r_await w_await aqu-sz rareq-sz wareq-sz  svctm  %util
nvme1n1       13207.00 16345.00    825.44   1021.56     0.00     0.00   0.00   0.00    0.50    0.52   0.00    64.00    64.00   0.03 100.00
nvme0n1       3282.00    0.00    205.12      0.00     0.00     0.00   0.00   0.00    0.10    0.00   0.00    64.00     0.00   0.30  97.40

avg-cpu:  %user   %nice %system %iowait  %steal   %idle
           0.66    0.00    3.99    1.57    0.00   93.78

Device            r/s     w/s     rMB/s     wMB/s   rrqm/s   wrqm/s  %rrqm  %wrqm r_await w_await aqu-sz rareq-sz wareq-sz  svctm  %util
nvme1n1       13097.00 16455.00    818.56   1028.44     0.00     0.00   0.00   0.00    0.50    0.52   0.00    64.00    64.00   0.03 100.00
nvme0n1       3290.00    0.00    205.62      0.00     0.00     0.00   0.00   0.00    0.10    0.00   0.00    64.00     0.00   0.30  97.20

avg-cpu:  %user   %nice %system %iowait  %steal   %idle
           0.75    0.00    4.02    0.63    0.00   94.60

Device            r/s     w/s     rMB/s     wMB/s   rrqm/s   wrqm/s  %rrqm  %wrqm r_await w_await aqu-sz rareq-sz wareq-sz  svctm  %util
nvme1n1       12908.00 16495.00    806.75   1030.94     0.00     0.00   0.00   0.00    0.50    0.52   0.00    64.00    64.00   0.03 100.00
nvme0n1       3777.00    0.00    236.06      0.00     0.00     0.00   0.00   0.00    0.10    0.00   0.00    64.00     0.00   0.26  98.70

avg-cpu:  %user   %nice %system %iowait  %steal   %idle
           0.88    0.00    3.87    0.97    0.00   94.28

Device            r/s     w/s     rMB/s     wMB/s   rrqm/s   wrqm/s  %rrqm  %wrqm r_await w_await aqu-sz rareq-sz wareq-sz  svctm  %util
nvme1n1       12695.00 16774.00    793.44   1048.38     0.00     0.00   0.00   0.00    0.50    0.52   0.00    64.00    64.00   0.03 100.00
nvme0n1       4034.00    0.00    252.13      0.00     0.00     0.00   0.00   0.00    0.10    0.00   0.00    64.00     0.00   0.24  98.00

avg-cpu:  %user   %nice %system %iowait  %steal   %idle
           0.75    0.00    4.08    0.72    0.00   94.44

Device            r/s     w/s     rMB/s     wMB/s   rrqm/s   wrqm/s  %rrqm  %wrqm r_await w_await aqu-sz rareq-sz wareq-sz  svctm  %util
nvme1n1       12727.00 16787.00    795.44   1049.19     0.00     0.00   0.00   0.00    0.50    0.52   0.00    64.00    64.00   0.03 100.00
nvme0n1       4333.00    0.00    270.81      0.00     0.00     0.00   0.00   0.00    0.10    0.00   0.00    64.00     0.00   0.23  99.40

avg-cpu:  %user   %nice %system %iowait  %steal   %idle
           0.69    0.00    4.05    1.16    0.00   94.09

Device            r/s     w/s     rMB/s     wMB/s   rrqm/s   wrqm/s  %rrqm  %wrqm r_await w_await aqu-sz rareq-sz wareq-sz  svctm  %util
nvme1n1       12492.00 16934.00    780.75   1058.38     0.00     0.00   0.00   0.00    0.50    0.52   0.00    64.00    64.00   0.03 100.00
nvme0n1       4378.00    0.00    273.62      0.00     0.00     0.00   0.00   0.00    0.10    0.00   0.00    64.00     0.00   0.23  99.10

avg-cpu:  %user   %nice %system %iowait  %steal   %idle
           0.69    0.00    4.08    2.73    0.00   92.49

Device            r/s     w/s     rMB/s     wMB/s   rrqm/s   wrqm/s  %rrqm  %wrqm r_await w_await aqu-sz rareq-sz wareq-sz  svctm  %util
nvme1n1       12701.00 16820.00    793.81   1051.25     0.00     0.00   0.00   0.00    0.50    0.52   0.00    64.00    64.00   0.03 100.10
nvme0n1       4029.00    0.00    251.81      0.00     0.00     0.00   0.00   0.00    0.10    0.00   0.00    64.00     0.00   0.24  97.90

avg-cpu:  %user   %nice %system %iowait  %steal   %idle
           0.79    0.00    3.90    2.30    0.00   93.02

Device            r/s     w/s     rMB/s     wMB/s   rrqm/s   wrqm/s  %rrqm  %wrqm r_await w_await aqu-sz rareq-sz wareq-sz  svctm  %util
nvme1n1       12912.00 16670.00    807.00   1041.88     0.00     0.00   0.00   0.00    0.50    0.52   0.00    64.00    64.00   0.03 100.00
nvme0n1       3666.00    0.00    229.12      0.00     0.00     0.00   0.00   0.00    0.10    0.00   0.00    64.00     0.00   0.27  97.40

avg-cpu:  %user   %nice %system %iowait  %steal   %idle
           0.82    0.00    4.02    0.91    0.00   94.26

Device            r/s     w/s     rMB/s     wMB/s   rrqm/s   wrqm/s  %rrqm  %wrqm r_await w_await aqu-sz rareq-sz wareq-sz  svctm  %util
nvme1n1       12712.00 16764.00    794.50   1047.75     0.00     0.00   0.00   0.00    0.50    0.52   0.00    64.00    64.00   0.03 100.00
nvme0n1       4450.00    0.00    278.12      0.00     0.00     0.00   0.00   0.00    0.10    0.00   0.00    64.00     0.00   0.22  98.00

avg-cpu:  %user   %nice %system %iowait  %steal   %idle
           0.85    0.00    4.02    1.04    0.00   94.10

Device            r/s     w/s     rMB/s     wMB/s   rrqm/s   wrqm/s  %rrqm  %wrqm r_await w_await aqu-sz rareq-sz wareq-sz  svctm  %util
nvme1n1       12105.00 17251.00    756.56   1078.19     0.00     0.00   0.00   0.00    0.50    0.52   0.00    64.00    64.00   0.03 100.00
nvme0n1       5010.00    0.00    313.12      0.00     0.00     0.00   0.00   0.00    0.10    0.00   0.00    64.00     0.00   0.20  99.30

avg-cpu:  %user   %nice %system %iowait  %steal   %idle
           0.66    0.00    4.30    1.04    0.00   94.01

Device            r/s     w/s     rMB/s     wMB/s   rrqm/s   wrqm/s  %rrqm  %wrqm r_await w_await aqu-sz rareq-sz wareq-sz  svctm  %util
nvme1n1       11971.00 17339.00    748.19   1083.69     0.00     0.00   0.00   0.00    0.50    0.52   0.00    64.00    64.00   0.03 100.00
nvme0n1       5213.00    0.00    325.81      0.00     0.00     0.00   0.00   0.00    0.10    0.00   0.00    64.00     0.00   0.19  99.70

avg-cpu:  %user   %nice %system %iowait  %steal   %idle
           0.75    0.00    3.93    1.89    0.00   93.43

Device            r/s     w/s     rMB/s     wMB/s   rrqm/s   wrqm/s  %rrqm  %wrqm r_await w_await aqu-sz rareq-sz wareq-sz  svctm  %util
nvme1n1       12323.00 17110.00    770.19   1069.38     0.00     0.00   0.00   0.00    0.50    0.52   0.00    64.00    64.00   0.03 100.00
nvme0n1       4794.00    0.00    299.62      0.00     0.00     0.00   0.00   0.00    0.10    0.00   0.00    64.00     0.00   0.21  99.30

avg-cpu:  %user   %nice %system %iowait  %steal   %idle
           0.75    0.00    4.08    1.07    0.00   94.09

Device            r/s     w/s     rMB/s     wMB/s   rrqm/s   wrqm/s  %rrqm  %wrqm r_await w_await aqu-sz rareq-sz wareq-sz  svctm  %util
nvme1n1       12333.00 17007.00    770.81   1062.94     0.00     0.00   0.00   0.00    0.50    0.52   0.00    64.00    64.00   0.03 100.00
nvme0n1       4856.00    0.00    303.50      0.00     0.00     0.00   0.00   0.00    0.10    0.00   0.00    64.00     0.00   0.20  99.30

avg-cpu:  %user   %nice %system %iowait  %steal   %idle
           0.69    0.00    4.06    1.35    0.00   93.90

Device            r/s     w/s     rMB/s     wMB/s   rrqm/s   wrqm/s  %rrqm  %wrqm r_await w_await aqu-sz rareq-sz wareq-sz  svctm  %util
nvme1n1       12102.00 17187.00    756.38   1074.25     0.00     0.00   0.00   0.00    0.50    0.52   0.00    64.00    64.00   0.03 100.00
nvme0n1       4874.00    0.00    304.62      0.00     0.00     0.00   0.00   0.00    0.10    0.00   0.00    64.00     0.00   0.20  99.10

avg-cpu:  %user   %nice %system %iowait  %steal   %idle
           0.79    0.00    4.02    1.45    0.00   93.75

Device            r/s     w/s     rMB/s     wMB/s   rrqm/s   wrqm/s  %rrqm  %wrqm r_await w_await aqu-sz rareq-sz wareq-sz  svctm  %util
nvme1n1       12044.00 17270.00    752.75   1079.31     0.00     0.00   0.00   0.00    0.50    0.52   0.00    64.00    64.00   0.03 100.00
nvme0n1       5254.00    0.00    328.38      0.00     0.00     0.00   0.00   0.00    0.10    0.00   0.00    64.00     0.00   0.19  99.50

avg-cpu:  %user   %nice %system %iowait  %steal   %idle
           0.85    0.00    4.02    0.82    0.00   94.32

Device            r/s     w/s     rMB/s     wMB/s   rrqm/s   wrqm/s  %rrqm  %wrqm r_await w_await aqu-sz rareq-sz wareq-sz  svctm  %util
nvme1n1       11765.00 17450.00    735.31   1090.62     0.00     0.00   0.00   0.00    0.50    0.52   0.00    64.00    64.00   0.03 100.00
nvme0n1       5360.00    0.00    335.00      0.00     0.00     0.00   0.00   0.00    0.10    0.00   0.00    64.00     0.00   0.19  99.60

avg-cpu:  %user   %nice %system %iowait  %steal   %idle
           0.75    0.00    4.03    1.51    0.00   93.71

Device            r/s     w/s     rMB/s     wMB/s   rrqm/s   wrqm/s  %rrqm  %wrqm r_await w_await aqu-sz rareq-sz wareq-sz  svctm  %util
nvme1n1       11819.00 17369.00    738.69   1085.56     0.00     0.00   0.00   0.00    0.50    0.52   0.00    64.00    64.00   0.03 100.00
nvme0n1       5630.00    0.00    351.88      0.00     0.00     0.00   0.00   0.00    0.10    0.00   0.00    64.00     0.00   0.18  99.80

avg-cpu:  %user   %nice %system %iowait  %steal   %idle
           0.72    0.00    3.99    2.08    0.00   93.21

Device            r/s     w/s     rMB/s     wMB/s   rrqm/s   wrqm/s  %rrqm  %wrqm r_await w_await aqu-sz rareq-sz wareq-sz  svctm  %util
nvme1n1       11900.00 17317.00    743.75   1082.31     0.00     0.00   0.00   0.00    0.50    0.52   0.00    64.00    64.00   0.03 100.00
nvme0n1       5698.00    0.00    356.12      0.00     0.00     0.00   0.00   0.00    0.10    0.00   0.00    64.00     0.00   0.17  99.40

avg-cpu:  %user   %nice %system %iowait  %steal   %idle
           0.75    0.00    4.03    2.33    0.00   92.89

Device            r/s     w/s     rMB/s     wMB/s   rrqm/s   wrqm/s  %rrqm  %wrqm r_await w_await aqu-sz rareq-sz wareq-sz  svctm  %util
nvme1n1       11409.00 17639.00    713.06   1102.44     0.00     0.00   0.00   0.00    0.50    0.52   0.00    64.00    64.00   0.03 100.00
nvme0n1       6220.00    0.00    388.75      0.00     0.00     0.00   0.00   0.00    0.10    0.00   0.00    64.00     0.00   0.16  99.90

avg-cpu:  %user   %nice %system %iowait  %steal   %idle
           0.75    0.00    4.09    1.45    0.00   93.71

Device            r/s     w/s     rMB/s     wMB/s   rrqm/s   wrqm/s  %rrqm  %wrqm r_await w_await aqu-sz rareq-sz wareq-sz  svctm  %util
nvme1n1       11295.00 17836.00    706.00   1114.75     0.00     0.00   0.00   0.00    0.50    0.52   0.00    64.01    64.00   0.03 100.00
nvme0n1       6796.00    0.00    424.75      0.00     0.00     0.00   0.00   0.00    0.10    0.00   0.00    64.00     0.00   0.15  99.90

avg-cpu:  %user   %nice %system %iowait  %steal   %idle
           0.79    0.00    4.18    1.26    0.00   93.78

Device            r/s     w/s     rMB/s     wMB/s   rrqm/s   wrqm/s  %rrqm  %wrqm r_await w_await aqu-sz rareq-sz wareq-sz  svctm  %util
nvme1n1       10724.00 18223.00    670.19   1138.94     0.00     0.00   0.00   0.00    0.50    0.52   0.00    63.99    64.00   0.03 100.00
nvme0n1       7296.00    0.00    456.00      0.00     0.00     0.00   0.00   0.00    0.11    0.00   0.00    64.00     0.00   0.14 100.00

avg-cpu:  %user   %nice %system %iowait  %steal   %idle
           0.75    0.00    4.15    1.07    0.00   94.03

Device            r/s     w/s     rMB/s     wMB/s   rrqm/s   wrqm/s  %rrqm  %wrqm r_await w_await aqu-sz rareq-sz wareq-sz  svctm  %util
nvme1n1       10755.00 18170.00    672.19   1135.62     0.00     0.00   0.00   0.00    0.50    0.52   0.00    64.00    64.00   0.03 100.00
nvme0n1       7369.00    0.00    460.56      0.00     0.00     0.00   0.00   0.00    0.11    0.00   0.00    64.00     0.00   0.14 100.00

avg-cpu:  %user   %nice %system %iowait  %steal   %idle
           0.75    0.00    4.09    1.63    0.00   93.53

Device            r/s     w/s     rMB/s     wMB/s   rrqm/s   wrqm/s  %rrqm  %wrqm r_await w_await aqu-sz rareq-sz wareq-sz  svctm  %util
nvme1n1       11210.00 17828.00    700.62   1114.25     0.00     0.00   0.00   0.00    0.50    0.52   0.00    64.00    64.00   0.03 100.00
nvme0n1       6554.00    0.00    409.63      0.00     0.00     0.00   0.00   0.00    0.10    0.00   0.00    64.00     0.00   0.15  99.80

avg-cpu:  %user   %nice %system %iowait  %steal   %idle
           0.72    0.00    4.18    2.61    0.00   92.49

Device            r/s     w/s     rMB/s     wMB/s   rrqm/s   wrqm/s  %rrqm  %wrqm r_await w_await aqu-sz rareq-sz wareq-sz  svctm  %util
nvme1n1       10975.00 17968.00    685.94   1123.00     0.00     0.00   0.00   0.00    0.50    0.52   0.00    64.00    64.00   0.03 100.00
nvme0n1       6773.00    0.00    423.31      0.00     0.00     0.00   0.00   0.00    0.10    0.00   0.00    64.00     0.00   0.15  99.90

avg-cpu:  %user   %nice %system %iowait  %steal   %idle
           0.82    0.00    4.21    1.00    0.00   93.97

Device            r/s     w/s     rMB/s     wMB/s   rrqm/s   wrqm/s  %rrqm  %wrqm r_await w_await aqu-sz rareq-sz wareq-sz  svctm  %util
nvme1n1       10790.00 18201.00    674.38   1137.56     0.00     0.00   0.00   0.00    0.50    0.52   0.00    64.00    64.00   0.03 100.00
nvme0n1       7205.00    0.00    450.31      0.00     0.00     0.00   0.00   0.00    0.10    0.00   0.00    64.00     0.00   0.14 100.00

avg-cpu:  %user   %nice %system %iowait  %steal   %idle
           0.75    0.00    4.09    0.79    0.00   94.37

Device            r/s     w/s     rMB/s     wMB/s   rrqm/s   wrqm/s  %rrqm  %wrqm r_await w_await aqu-sz rareq-sz wareq-sz  svctm  %util
nvme1n1       10776.00 18093.00    673.50   1130.81     0.00     0.00   0.00   0.00    0.50    0.52   0.00    64.00    64.00   0.03 100.00
nvme0n1       7494.00    0.00    468.38      0.00     0.00     0.00   0.00   0.00    0.11    0.00   0.00    64.00     0.00   0.13  99.90

